2025-12-23 16:03:07,042 - __main__ - INFO - 🌐 API Server Logging Initialized
2025-12-23 16:03:07,044 - __main__ - INFO - 📝 Logs saved to: logs/dq_api_20251223_160307.log
2025-12-23 16:03:07,219 - __main__ - INFO - APP_SETTINGS loaded. Audit enabled: True
2025-12-23 16:03:07,220 - __main__ - INFO - ✅ All DQ modules loaded successfully
2025-12-23 16:03:07,222 - dq_error_log - INFO - ErrorLogger initialized with database: dq_checks
2025-12-23 16:03:07,223 - dq_audit - INFO - Audit class initialized with database: dq_checks
2025-12-23 16:03:07,223 - __main__ - INFO - ✅ ErrorLogger and DataQualityAudit initialized
2025-12-23 16:03:07,228 - __main__ - INFO - 🚀 Starting Data Quality Framework API
2025-12-23 16:03:07,229 - __main__ - INFO - 📊 Modules available: True
2025-12-23 16:03:07,230 - __main__ - INFO - 🔧 Config file mode: False
2025-12-23 16:03:07,231 - __main__ - INFO - 📋 Available endpoints:
2025-12-23 16:03:07,232 - __main__ - INFO -   GET  /              - API status
2025-12-23 16:03:07,233 - __main__ - INFO -   GET  /api/health    - Health check
2025-12-23 16:03:07,233 - __main__ - INFO -   POST /api/check-single - Single source analysis
2025-12-23 16:03:07,234 - __main__ - INFO -   POST /api/compare   - Source-target comparison
2025-12-23 16:03:07,234 - __main__ - INFO -   POST /api/upload    - File upload
2025-12-23 16:03:07,236 - __main__ - INFO -   GET  /api/sessions  - List sessions
2025-12-23 16:03:07,238 - __main__ - INFO -   GET  /api/sessions/<id> - Get session data
2025-12-23 16:03:07,238 - __main__ - INFO -   GET  /api/debug-db  - Database debug
2025-12-23 16:03:07,239 - __main__ - INFO - 🌍 Server starting on 0.0.0.0:5000 (debug=False)
2025-12-23 16:03:12,345 - __main__ - INFO - GET /api/advanced - Request started
2025-12-23 16:03:12,345 - __main__ - WARNING - Method Not Allowed: 405 Method Not Allowed: The method is not allowed for the requested URL.
2025-12-23 16:03:12,348 - __main__ - INFO - Completed with status 405 in 0.002s
2025-12-23 16:04:00,747 - __main__ - INFO - GET /api/advanced/ADV_20251223_155659 - Request started
2025-12-23 16:04:00,862 - dq_audit - INFO - Retrieved 1 audit logs for session ADV_20251223_155659
2025-12-23 16:04:00,873 - dq_error_log - INFO - Retrieved 5 error logs for session ADV_20251223_155659
2025-12-23 16:04:00,884 - dq_error_log - INFO - Retrieved summary: 5 total errors for session ADV_20251223_155659
2025-12-23 16:04:00,886 - __main__ - INFO - Retrieved advanced session data for ADV_20251223_155659
2025-12-23 16:04:00,887 - __main__ - INFO - Completed with status 200 in 0.140s
2025-12-23 16:04:26,046 - __main__ - INFO - GET /api/compare/CMP_20251223_150017 - Request started
2025-12-23 16:04:26,047 - __main__ - WARNING - Not Found: 404 Not Found: The requested URL was not found on the server. If you entered the URL manually please check your spelling and try again.
2025-12-23 16:04:26,048 - __main__ - INFO - Completed with status 404 in 0.002s
2025-12-23 16:08:25,042 - __main__ - INFO - GET /api/compare/CMP_20251223_150017 - Request started
2025-12-23 16:08:25,043 - __main__ - WARNING - Not Found: 404 Not Found: The requested URL was not found on the server. If you entered the URL manually please check your spelling and try again.
2025-12-23 16:08:25,048 - __main__ - INFO - Completed with status 404 in 0.007s
