2026-01-18 15:28:16,170 - __main__ - INFO - 🌐 API Server Logging Initialized
2026-01-18 15:28:16,172 - __main__ - INFO - 📝 Logs saved to: logs/dq_api_20260118_152816.log
2026-01-18 15:28:16,259 - dq_rules - WARNING - Could not load config from database: name 'get_db_connection' is not defined
2026-01-18 15:28:16,265 - __main__ - INFO - APP_SETTINGS loaded. Audit enabled: True
2026-01-18 15:28:16,266 - __main__ - INFO - ✅ All DQ modules loaded successfully
2026-01-18 15:28:16,268 - dq_error_log - INFO - ErrorLogger initialized with database: dq_checks
2026-01-18 15:28:16,270 - dq_audit - INFO - Audit class initialized with database: dq_checks
2026-01-18 15:28:16,271 - __main__ - INFO - ✅ ErrorLogger and DataQualityAudit initialized
2026-01-18 15:28:16,292 - __main__ - INFO - 🚀 Starting Data Quality Framework API
2026-01-18 15:28:16,294 - __main__ - INFO - 📊 Modules available: True
2026-01-18 15:28:16,296 - __main__ - INFO - 🔧 Config file mode: False
2026-01-18 15:28:16,298 - __main__ - INFO - 📋 Available endpoints:
2026-01-18 15:28:16,299 - __main__ - INFO -   GET  /              - API status
2026-01-18 15:28:16,300 - __main__ - INFO -   GET  /api/health    - Health check
2026-01-18 15:28:16,301 - __main__ - INFO -   POST /api/check-single - Single source analysis
2026-01-18 15:28:16,302 - __main__ - INFO -   POST /api/compare   - Source-target comparison
2026-01-18 15:28:16,304 - __main__ - INFO -   GET  /api/compare/{id} - Get comparison results
2026-01-18 15:28:16,305 - __main__ - INFO -   GET  /api/compare/{id}/mismatches - Paginated mismatches
2026-01-18 15:28:16,306 - __main__ - INFO -   GET  /api/compare/{id}/rows/source_only - Source-only rows
2026-01-18 15:28:16,308 - __main__ - INFO -   GET  /api/compare/{id}/rows/target_only - Target-only rows
2026-01-18 15:28:16,311 - __main__ - INFO -   GET  /api/compare/{id}/rows/count - Row counts
2026-01-18 15:28:16,313 - __main__ - INFO -   POST /api/upload    - File upload
2026-01-18 15:28:16,315 - __main__ - INFO -   GET  /api/sessions  - List sessions
2026-01-18 15:28:16,316 - __main__ - INFO -   GET  /api/sessions/<id> - Get session data
2026-01-18 15:28:16,317 - __main__ - INFO -   GET  /api/debug-db  - Database debug
2026-01-18 15:28:16,318 - __main__ - INFO - 🌍 Server starting on 0.0.0.0:5000 (debug=False)
2026-01-18 15:29:16,204 - __main__ - INFO - POST /api/database-hierarchy - Request started
2026-01-18 15:29:16,207 - __main__ - INFO - Getting database hierarchy for postgresql
2026-01-18 15:29:16,210 - __main__ - INFO - Database: Not provided
2026-01-18 15:29:16,211 - __main__ - INFO - Schema: Not provided
2026-01-18 15:29:16,213 - database_navigator - INFO - DatabaseNavigator initialized
2026-01-18 15:29:16,215 - __main__ - INFO - Connecting with config: {'host': 'localhost', 'port': 5432, 'user': 'postgres', 'password': 'postgres'}
2026-01-18 15:29:16,216 - database_navigator - INFO - Connecting to POSTGRESQL...
2026-01-18 15:29:16,217 - database_navigator - INFO - Connecting to PostgreSQL...
2026-01-18 15:29:16,220 - database_navigator - INFO - Connecting to PostgreSQL: host=localhost, port=5432, database=postgres, user=postgres
2026-01-18 15:29:16,531 - database_navigator - INFO - Connection object created: <connection object at 0x00000253C3F1F230; dsn: 'user=postgres password=xxx dbname=postgres host=localhost port=5432', closed: 0>
2026-01-18 15:29:16,534 - database_navigator - INFO - ✅ PostgreSQL connection successful to database: postgres
2026-01-18 15:29:16,536 - __main__ - INFO - Getting databases list...
2026-01-18 15:29:16,538 - database_navigator - INFO - get_databases() called. db_type: postgresql, connection exists: True
2026-01-18 15:29:16,578 - database_navigator - INFO - Raw rows: [('dq_checks',), ('finewise-testdb',), ('postgres',)]
2026-01-18 15:29:16,580 - database_navigator - INFO - Found 3 databases
2026-01-18 15:29:16,582 - __main__ - INFO - Found 3 databases
2026-01-18 15:29:16,585 - __main__ - INFO - Completed with status 200 in 0.381s
2026-01-18 15:29:19,147 - __main__ - INFO - POST /api/database-hierarchy - Request started
2026-01-18 15:29:19,149 - __main__ - INFO - Getting database hierarchy for postgresql
2026-01-18 15:29:19,151 - __main__ - INFO - Database: dq_checks
2026-01-18 15:29:19,154 - __main__ - INFO - Schema: Not provided
2026-01-18 15:29:19,157 - database_navigator - INFO - DatabaseNavigator initialized
2026-01-18 15:29:19,160 - __main__ - INFO - Connecting with config: {'host': 'localhost', 'port': 5432, 'user': 'postgres', 'password': 'postgres'}
2026-01-18 15:29:19,162 - database_navigator - INFO - Connecting to POSTGRESQL...
2026-01-18 15:29:19,164 - database_navigator - INFO - Connecting to PostgreSQL...
2026-01-18 15:29:19,166 - database_navigator - INFO - Connecting to PostgreSQL: host=localhost, port=5432, database=postgres, user=postgres
2026-01-18 15:29:19,348 - database_navigator - INFO - Connection object created: <connection object at 0x00000253C3F1E8A0; dsn: 'user=postgres password=xxx dbname=postgres host=localhost port=5432', closed: 0>
2026-01-18 15:29:19,351 - database_navigator - INFO - ✅ PostgreSQL connection successful to database: postgres
2026-01-18 15:29:19,354 - __main__ - INFO - Getting schemas for database: dq_checks
2026-01-18 15:29:19,367 - database_navigator - INFO - Reconnecting to PostgreSQL database: dq_checks
2026-01-18 15:29:19,375 - database_navigator - INFO - Connecting to POSTGRESQL...
2026-01-18 15:29:19,378 - database_navigator - INFO - Connecting to PostgreSQL...
2026-01-18 15:29:19,381 - database_navigator - INFO - Connecting to PostgreSQL: host=localhost, port=5432, database=dq_checks, user=postgres
2026-01-18 15:29:19,582 - database_navigator - INFO - Connection object created: <connection object at 0x00000253C3F1F120; dsn: 'user=postgres password=xxx dbname=dq_checks host=localhost port=5432', closed: 0>
2026-01-18 15:29:19,583 - database_navigator - INFO - ✅ PostgreSQL connection successful to database: dq_checks
2026-01-18 15:29:19,640 - database_navigator - INFO - Found 4 schemas
2026-01-18 15:29:19,641 - __main__ - INFO - Found 4 schemas
2026-01-18 15:29:19,645 - __main__ - INFO - Completed with status 200 in 0.497s
2026-01-18 15:29:20,965 - __main__ - INFO - POST /api/database-hierarchy - Request started
2026-01-18 15:29:20,967 - __main__ - INFO - Getting database hierarchy for postgresql
2026-01-18 15:29:20,971 - __main__ - INFO - Database: dq_checks
2026-01-18 15:29:20,980 - __main__ - INFO - Schema: public
2026-01-18 15:29:20,984 - database_navigator - INFO - DatabaseNavigator initialized
2026-01-18 15:29:20,987 - __main__ - INFO - Connecting with config: {'host': 'localhost', 'port': 5432, 'user': 'postgres', 'password': 'postgres'}
2026-01-18 15:29:20,990 - database_navigator - INFO - Connecting to POSTGRESQL...
2026-01-18 15:29:20,992 - database_navigator - INFO - Connecting to PostgreSQL...
2026-01-18 15:29:20,995 - database_navigator - INFO - Connecting to PostgreSQL: host=localhost, port=5432, database=postgres, user=postgres
2026-01-18 15:29:21,162 - database_navigator - INFO - Connection object created: <connection object at 0x00000253C3F1F120; dsn: 'user=postgres password=xxx dbname=postgres host=localhost port=5432', closed: 0>
2026-01-18 15:29:21,164 - database_navigator - INFO - ✅ PostgreSQL connection successful to database: postgres
2026-01-18 15:29:21,166 - __main__ - INFO - Getting tables for database: dq_checks, schema: public
2026-01-18 15:29:21,170 - database_navigator - INFO - Ensuring connection to database: dq_checks for table list
2026-01-18 15:29:21,172 - database_navigator - INFO - Reconnecting to PostgreSQL database: dq_checks
2026-01-18 15:29:21,174 - database_navigator - INFO - Connecting to POSTGRESQL...
2026-01-18 15:29:21,176 - database_navigator - INFO - Connecting to PostgreSQL...
2026-01-18 15:29:21,177 - database_navigator - INFO - Connecting to PostgreSQL: host=localhost, port=5432, database=dq_checks, user=postgres
2026-01-18 15:29:21,484 - database_navigator - INFO - Connection object created: <connection object at 0x00000253C3F1F340; dsn: 'user=postgres password=xxx dbname=dq_checks host=localhost port=5432', closed: 0>
2026-01-18 15:29:21,487 - database_navigator - INFO - ✅ PostgreSQL connection successful to database: dq_checks
2026-01-18 15:29:21,490 - database_navigator - INFO - Connected to database: dq_checks, schema: public
2026-01-18 15:29:21,600 - database_navigator - INFO - Found 5 tables in dq_checks.public: ['comparison_small_target13', 'customers', 'customers_bkp', 'employee', 'stg_transactions']
2026-01-18 15:29:21,602 - database_navigator - INFO - Found 5 tables in schema 'public'
2026-01-18 15:29:21,604 - __main__ - INFO - Found 5 tables
2026-01-18 15:29:21,608 - __main__ - INFO - Completed with status 200 in 0.642s
2026-01-18 15:30:01,122 - __main__ - INFO - POST /api/upload - Request started
2026-01-18 15:30:01,669 - __main__ - INFO - File uploaded: 20260118_153001_Target_data_100k.xlsx (excel)
2026-01-18 15:30:01,672 - __main__ - INFO - Completed with status 200 in 0.550s
2026-01-18 15:30:01,691 - __main__ - INFO - POST /api/compare - Request started
2026-01-18 15:30:01,692 - __main__ - INFO - Comparison request - Source: database, Target: excel
2026-01-18 15:30:01,696 - __main__ - INFO - Comparison analysis request received
2026-01-18 15:30:01,697 - __main__ - INFO - DEBUG source_data from flat: {'source_type': 'database', 'dbType': 'PostgreSQL', 'host': 'localhost', 'port': '5432', 'database': 'dq_checks', 'schema': 'public', 'table': 'employee', 'user': 'postgres', 'password': 'postgres', 'serviceName': '', 'db_type': 'postgresql', 'target_source_type': 'excel', 'target_file_path': 'uploads\\20260118_153001_Target_data_100k.xlsx', 'target_sheet_name': 'Sheet1', 'selected_columns': 'all'}
2026-01-18 15:30:01,700 - __main__ - INFO - Starting comparison for session CMP_20260118_153001
2026-01-18 15:30:01,706 - dq_comparison - INFO - Starting comparison analysis in UI mode
2026-01-18 15:30:01,708 - dq_comparison - INFO - LOADING SOURCE AND TARGET DATA
2026-01-18 15:30:01,710 - dq_comparison - INFO - 
==================================================
2026-01-18 15:30:01,711 - dq_comparison - INFO - 🔗 SOURCE DATA CONFIGURATION
2026-01-18 15:30:01,713 - dq_comparison - INFO - ==================================================
2026-01-18 15:30:01,713 - dq_comparison - INFO - 
🗄️ SOURCE DATABASE CONFIGURATION
2026-01-18 15:30:01,715 - dq_comparison - INFO - ----------------------------------------
2026-01-18 15:30:01,717 - dq_comparison - INFO - UI mode: Using provided database configuration for SOURCE
2026-01-18 15:30:01,719 - dq_unified - INFO - Loading data from DATABASE
2026-01-18 15:30:01,720 - dq_unified - INFO - Loading large database table: employee
2026-01-18 15:30:01,722 - dq_unified - INFO - Normalized DB config with schema: public
2026-01-18 15:30:01,921 - dq_unified - INFO - PostgreSQL table public.employee has 89,999 rows
2026-01-18 15:30:01,923 - dq_unified - INFO - Loading 89,999 rows from PostgreSQL...
2026-01-18 15:30:02,422 - dq_unified - INFO - Loaded 89,999 rows from PostgreSQL
2026-01-18 15:30:03,712 - dq_unified - INFO - Memory optimization: 60.9MB -> 25.8MB (Saved: 35.1MB)
2026-01-18 15:30:03,992 - dq_unified - INFO - Loaded 89,999 rows, 12 columns. Memory: 190.1MB total, 25.8MB for dataframe
2026-01-18 15:30:03,993 - dq_comparison - INFO - SOURCE database loaded: 89,999 rows, 12 columns
2026-01-18 15:30:03,995 - dq_comparison - INFO - 
==================================================
2026-01-18 15:30:03,997 - dq_comparison - INFO - 🔗 TARGET DATA CONFIGURATION
2026-01-18 15:30:03,997 - dq_comparison - INFO - ==================================================
2026-01-18 15:30:03,999 - dq_comparison - INFO - DEBUG load_excel_source called for TARGET
2026-01-18 15:30:04,000 - dq_comparison - INFO - DEBUG ui_data: {'source_type': 'excel', 'file_path': 'uploads\\20260118_153001_Target_data_100k.xlsx', 'sheet_name': 'Sheet1', 'target_file_path': 'uploads\\20260118_153001_Target_data_100k.xlsx'}
2026-01-18 15:30:04,001 - dq_comparison - INFO - DEBUG ui_data type: <class 'dict'>
2026-01-18 15:30:04,001 - dq_comparison - INFO - DEBUG Found file_path in ui_data: uploads\20260118_153001_Target_data_100k.xlsx
2026-01-18 15:30:09,696 - dq_comparison - ERROR - Error loading TARGET Excel: Worksheet named 'Sheet1' not found
2026-01-18 15:30:09,723 - dq_comparison - ERROR - Traceback (most recent call last):
  File "C:\Users\003160\OneDrive - wisseninfotech.com\Documents\DQ-Checks-Shashi\Data_Quality_Framework\dq_comparison.py", line 374, in load_excel_source
    df = pd.read_excel(file_path, sheet_name=sheet_name)
         ^^^^^^^^^^^^^^^^^^^^^^^^^^^^^^^^^^^^^^^^^^^^^^^
  File "C:\Users\003160\AppData\Local\Programs\Python\Python312\Lib\site-packages\pandas\io\excel\_base.py", line 508, in read_excel
    data = io.parse(
           ^^^^^^^^^
  File "C:\Users\003160\AppData\Local\Programs\Python\Python312\Lib\site-packages\pandas\io\excel\_base.py", line 1616, in parse
    return self._reader.parse(
           ^^^^^^^^^^^^^^^^^^^
  File "C:\Users\003160\AppData\Local\Programs\Python\Python312\Lib\site-packages\pandas\io\excel\_base.py", line 773, in parse
    sheet = self.get_sheet_by_name(asheetname)
            ^^^^^^^^^^^^^^^^^^^^^^^^^^^^^^^^^^
  File "C:\Users\003160\AppData\Local\Programs\Python\Python312\Lib\site-packages\pandas\io\excel\_openpyxl.py", line 582, in get_sheet_by_name
    self.raise_if_bad_sheet_by_name(name)
  File "C:\Users\003160\AppData\Local\Programs\Python\Python312\Lib\site-packages\pandas\io\excel\_base.py", line 624, in raise_if_bad_sheet_by_name
    raise ValueError(f"Worksheet named '{name}' not found")
ValueError: Worksheet named 'Sheet1' not found

2026-01-18 15:30:09,724 - dq_comparison - ERROR - Failed to load source or target data
2026-01-18 15:30:09,752 - __main__ - WARNING - Comparison completed with errors: Failed to load source or target data
2026-01-18 15:30:09,754 - __main__ - INFO - Completed with status 200 in 8.062s
2026-01-18 15:30:56,405 - __main__ - INFO - POST /api/compare - Request started
2026-01-18 15:30:56,407 - __main__ - INFO - Comparison request - Source: database, Target: excel
2026-01-18 15:30:56,409 - __main__ - INFO - Comparison analysis request received
2026-01-18 15:30:56,411 - __main__ - INFO - DEBUG source_data from nested: {'source_type': 'database', 'db_type': 'postgresql', 'host': 'localhost', 'port': 5432, 'database': 'dq_checks', 'table': 'employee', 'user': 'postgres', 'password': 'postgres'}
2026-01-18 15:30:56,413 - __main__ - INFO - Starting comparison for session CMP_20260118_153056
2026-01-18 15:30:56,414 - dq_comparison - INFO - Starting comparison analysis in UI mode
2026-01-18 15:30:56,417 - dq_comparison - INFO - LOADING SOURCE AND TARGET DATA
2026-01-18 15:30:56,418 - dq_comparison - INFO - 
==================================================
2026-01-18 15:30:56,420 - dq_comparison - INFO - 🔗 SOURCE DATA CONFIGURATION
2026-01-18 15:30:56,422 - dq_comparison - INFO - ==================================================
2026-01-18 15:30:56,424 - dq_comparison - INFO - 
🗄️ SOURCE DATABASE CONFIGURATION
2026-01-18 15:30:56,427 - dq_comparison - INFO - ----------------------------------------
2026-01-18 15:30:56,428 - dq_comparison - INFO - UI mode: Using provided database configuration for SOURCE
2026-01-18 15:30:56,430 - dq_unified - INFO - Loading data from DATABASE
2026-01-18 15:30:56,431 - dq_unified - INFO - Loading large database table: employee
2026-01-18 15:30:56,433 - dq_unified - INFO - Normalized DB config with schema: public
2026-01-18 15:30:56,664 - dq_unified - INFO - PostgreSQL table public.employee has 89,999 rows
2026-01-18 15:30:56,666 - dq_unified - INFO - Loading 89,999 rows from PostgreSQL...
2026-01-18 15:30:57,118 - dq_unified - INFO - Loaded 89,999 rows from PostgreSQL
2026-01-18 15:30:58,620 - dq_unified - INFO - Memory optimization: 60.9MB -> 25.8MB (Saved: 35.1MB)
2026-01-18 15:30:58,967 - dq_unified - INFO - Loaded 89,999 rows, 12 columns. Memory: 248.1MB total, 25.8MB for dataframe
2026-01-18 15:30:58,969 - dq_comparison - INFO - SOURCE database loaded: 89,999 rows, 12 columns
2026-01-18 15:30:58,970 - dq_comparison - INFO - 
==================================================
2026-01-18 15:30:58,972 - dq_comparison - INFO - 🔗 TARGET DATA CONFIGURATION
2026-01-18 15:30:58,974 - dq_comparison - INFO - ==================================================
2026-01-18 15:30:58,976 - dq_comparison - INFO - DEBUG load_excel_source called for TARGET
2026-01-18 15:30:58,978 - dq_comparison - INFO - DEBUG ui_data: {'source_type': 'excel', 'target_file_path': 'C:\\\\Users\\\\003160\\\\OneDrive - wisseninfotech.com\\\\Documents\\\\DQ-Checks-Shashi\\\\Test_data\\\\Target_data_100k.xlsx'}
2026-01-18 15:30:58,979 - dq_comparison - INFO - DEBUG ui_data type: <class 'dict'>
2026-01-18 15:30:58,980 - dq_comparison - INFO - DEBUG Found target_file_path in ui_data: C:\\Users\\003160\\OneDrive - wisseninfotech.com\\Documents\\DQ-Checks-Shashi\\Test_data\\Target_data_100k.xlsx
2026-01-18 15:31:28,380 - dq_comparison - INFO - TARGET Excel loaded: 100,500 rows, 12 columns
2026-01-18 15:31:28,381 - dq_comparison - INFO - Source data loaded: 89999 rows, 12 columns
2026-01-18 15:31:28,383 - dq_comparison - INFO - Target data loaded: 100500 rows, 12 columns
2026-01-18 15:31:28,384 - dq_comparison - INFO - SELECTING COLUMNS FOR COMPARISON
2026-01-18 15:31:28,386 - dq_comparison - INFO - Source columns (original): ['id', 'customer_id', 'transaction_id', 'customer_name', 'email', 'phone', 'transaction_date', 'amount', 'quantity', 'age', 'status', 'description']
2026-01-18 15:31:28,386 - dq_comparison - INFO - Target columns (original): ['id', 'customer_id', 'transaction_id', 'customer_name', 'email', 'phone', 'transaction_date', 'amount', 'quantity', 'age', 'status', 'description']
2026-01-18 15:31:28,387 - dq_comparison - INFO - Common columns lowercased: ['id', 'email', 'quantity', 'amount', 'status', 'description', 'phone', 'transaction_id', 'customer_id', 'age', 'customer_name', 'transaction_date']
2026-01-18 15:31:28,388 - dq_comparison - INFO - Found 12 common columns between source and target (case-insensitive)
2026-01-18 15:31:28,389 - dq_comparison - INFO - User column selection input: all
2026-01-18 15:31:28,390 - dq_comparison - INFO - User selected ALL common columns for comparison
2026-01-18 15:31:28,391 - dq_comparison - INFO - Selected 12 columns for comparison: ['id', 'email', 'quantity', 'amount', 'status']...
2026-01-18 15:31:28,392 - dq_comparison - INFO - GENERATING COMPREHENSIVE COMPARISON REPORT
2026-01-18 15:31:28,392 - dq_comparison - INFO - Report details - Source: Database: postgresql - dq_checks.employee, Target: Excel: Target_data_100k.xlsx (Target_data_100k), Selected columns: 12
2026-01-18 15:31:28,393 - dq_comparison - INFO - Initializing Error Logger...
2026-01-18 15:31:28,394 - dq_error_log - INFO - ErrorLogger initialized with database: dq_checks
2026-01-18 15:31:28,999 - dq_error_log - INFO - Database connection successful
2026-01-18 15:31:29,000 - dq_comparison - INFO - Session ID: CMP_20260118_153129
2026-01-18 15:31:29,001 - dq_comparison - WARNING - ❌ Row count mismatch: Source=89,999, Target=100,500, Difference=10,501
2026-01-18 15:31:29,002 - dq_comparison - WARNING -    Extra in target: 10,501 rows
2026-01-18 15:31:29,003 - dq_comparison - INFO - Comparing column structures...
2026-01-18 15:31:29,004 - dq_comparison - WARNING - Found 12 incompatible data type mismatches
2026-01-18 15:31:29,005 - dq_comparison - INFO - Column structure comparison complete. Match: False
2026-01-18 15:31:29,006 - dq_comparison - INFO - Validating primary key/unique fields...
2026-01-18 15:31:29,007 - dq_comparison - INFO - Checking key fields: ['id', 'customer_id']
2026-01-18 15:31:29,042 - dq_comparison - WARNING - Field 'id' has duplicates in source: 406 rows
2026-01-18 15:31:29,043 - dq_comparison - WARNING - Field 'id' has duplicates in target: 500 rows
2026-01-18 15:31:29,094 - dq_comparison - WARNING - Field 'customer_id' has duplicates in source: 804 rows
2026-01-18 15:31:29,095 - dq_comparison - WARNING - Field 'customer_id' has duplicates in target: 1000 rows
2026-01-18 15:31:29,096 - dq_comparison - INFO - Primary key validation complete. Passed: False
2026-01-18 15:31:29,159 - dq_comparison - INFO - Comparing table-level metadata...
2026-01-18 15:31:30,608 - dq_comparison - INFO - Table metadata comparison complete. Match: False
2026-01-18 15:31:30,645 - dq_comparison - INFO - SECOND CHECK: HASH-BASED COMPARISON WITH PERFECT NORMALIZATION
2026-01-18 15:31:30,702 - dq_comparison - INFO - === DEBUG: DATA TYPE CHECK ===
2026-01-18 15:31:30,702 - dq_comparison - INFO - Column: id
2026-01-18 15:31:30,703 - dq_comparison - INFO -   Source type: <class 'str'>, value: 78303
2026-01-18 15:31:30,704 - dq_comparison - INFO -   Target type: <class 'numpy.int64'>, value: 78303
2026-01-18 15:31:30,705 - dq_comparison - INFO -   Normalized: '78303' vs '78303'
2026-01-18 15:31:30,707 - dq_comparison - INFO -   Match: True
2026-01-18 15:31:30,708 - dq_comparison - INFO - Column: email
2026-01-18 15:31:30,709 - dq_comparison - INFO -   Source type: <class 'str'>, value: david.jones@company.com
2026-01-18 15:31:30,710 - dq_comparison - INFO -   Target type: <class 'str'>, value: david.jones@company.com
2026-01-18 15:31:30,711 - dq_comparison - INFO -   Normalized: 'david.jones@company.com' vs 'david.jones@company.com'
2026-01-18 15:31:30,712 - dq_comparison - INFO -   Match: True
2026-01-18 15:31:30,713 - dq_comparison - INFO - Column: quantity
2026-01-18 15:31:30,713 - dq_comparison - INFO -   Source type: <class 'str'>, value: 41
2026-01-18 15:31:30,714 - dq_comparison - INFO -   Target type: <class 'numpy.int64'>, value: 41
2026-01-18 15:31:30,715 - dq_comparison - INFO -   Normalized: '41' vs '41'
2026-01-18 15:31:30,716 - dq_comparison - INFO -   Match: True
2026-01-18 15:31:30,718 - dq_comparison - INFO - Source DF columns: ['id', 'customer_id', 'transaction_id', 'customer_name', 'email', 'phone', 'transaction_date', 'amount', 'quantity', 'age', 'status', 'description']
2026-01-18 15:31:30,720 - dq_comparison - INFO - Target DF columns: ['id', 'customer_id', 'transaction_id', 'customer_name', 'email', 'phone', 'transaction_date', 'amount', 'quantity', 'age', 'status', 'description']
2026-01-18 15:31:30,720 - dq_comparison - INFO - Selected columns for comparison: ['id', 'email', 'quantity', 'amount', 'status', 'description', 'phone', 'transaction_id', 'customer_id', 'age', 'customer_name', 'transaction_date']
2026-01-18 15:31:30,721 - dq_comparison - INFO - Using 12 common columns for hash comparison
2026-01-18 15:31:30,722 - dq_comparison - INFO - Source columns: ['id', 'email', 'quantity', 'amount', 'status', 'description', 'phone', 'transaction_id', 'customer_id', 'age', 'customer_name', 'transaction_date']
2026-01-18 15:31:30,723 - dq_comparison - INFO - Target columns: ['id', 'email', 'quantity', 'amount', 'status', 'description', 'phone', 'transaction_id', 'customer_id', 'age', 'customer_name', 'transaction_date']
2026-01-18 15:31:30,724 - dq_comparison - INFO - Generating hashes for source data (89999 rows)...
2026-01-18 15:32:05,655 - dq_comparison - INFO - === DEBUG: SAMPLE HASHES ===
2026-01-18 15:32:05,659 - dq_comparison - INFO - Hash 1: af2706313049d65e... (sample row 0)
2026-01-18 15:32:05,661 - dq_comparison - INFO - Hash 2: 2dcba82fe7e79796... (sample row 1)
2026-01-18 15:32:05,662 - dq_comparison - INFO - Hash 3: 13d769bf50c7f82e... (sample row 2)
2026-01-18 15:32:05,664 - dq_comparison - INFO - Generating hashes for target data (100500 rows)...
2026-01-18 15:32:48,232 - dq_comparison - INFO - 
======================================================================
2026-01-18 15:32:48,233 - dq_comparison - INFO - 🔍 DEBUG: ANALYZING WHY HASHES DON'T MATCH
2026-01-18 15:32:48,234 - dq_comparison - INFO - ======================================================================
2026-01-18 15:32:48,236 - dq_comparison - INFO - 
--- Analyzing Row 0 ---
2026-01-18 15:32:48,238 - dq_comparison - INFO - Column 'id' → 'id':
2026-01-18 15:32:48,239 - dq_comparison - INFO -   Source: '78303' (type: str) → '78303'
2026-01-18 15:32:48,241 - dq_comparison - INFO -   Target: '78303' (type: int64) → '78303'
2026-01-18 15:32:48,243 - dq_comparison - INFO -   Match after normalization: ✅ YES
2026-01-18 15:32:48,244 - dq_comparison - INFO - Column 'email' → 'email':
2026-01-18 15:32:48,245 - dq_comparison - INFO -   Source: 'david.jones@company.com' (type: str) → 'david.jones@company.com'
2026-01-18 15:32:48,247 - dq_comparison - INFO -   Target: 'david.jones@company.com' (type: str) → 'david.jones@company.com'
2026-01-18 15:32:48,248 - dq_comparison - INFO -   Match after normalization: ✅ YES
2026-01-18 15:32:48,250 - dq_comparison - INFO - Column 'quantity' → 'quantity':
2026-01-18 15:32:48,251 - dq_comparison - INFO -   Source: '41' (type: str) → '41'
2026-01-18 15:32:48,253 - dq_comparison - INFO -   Target: '41' (type: int64) → '41'
2026-01-18 15:32:48,253 - dq_comparison - INFO -   Match after normalization: ✅ YES
2026-01-18 15:32:48,256 - dq_comparison - INFO - Column 'amount' → 'amount':
2026-01-18 15:32:48,256 - dq_comparison - INFO -   Source: '8653.56' (type: str) → '8653.56'
2026-01-18 15:32:48,257 - dq_comparison - INFO -   Target: '8653.56' (type: float64) → '8653.56'
2026-01-18 15:32:48,258 - dq_comparison - INFO -   Match after normalization: ✅ YES
2026-01-18 15:32:48,260 - dq_comparison - INFO - Column 'status' → 'status':
2026-01-18 15:32:48,262 - dq_comparison - INFO -   Source: 'PENDING' (type: str) → 'pending'
2026-01-18 15:32:48,264 - dq_comparison - INFO -   Target: 'PENDING' (type: str) → 'pending'
2026-01-18 15:32:48,265 - dq_comparison - INFO -   Match after normalization: ✅ YES
2026-01-18 15:32:48,268 - dq_comparison - INFO - 
Hash components for Row 0:
2026-01-18 15:32:48,270 - dq_comparison - INFO - Source hash string start: 78303|david.jones@company.com|41...
2026-01-18 15:32:48,272 - dq_comparison - INFO - Target hash string start: 78303|david.jones@company.com|41...
2026-01-18 15:32:48,275 - dq_comparison - INFO - Same? ✅ YES
2026-01-18 15:32:48,276 - dq_comparison - INFO - 
--- Analyzing Row 1 ---
2026-01-18 15:32:48,279 - dq_comparison - INFO - Column 'id' → 'id':
2026-01-18 15:32:48,282 - dq_comparison - INFO -   Source: '66465' (type: str) → '66465'
2026-01-18 15:32:48,283 - dq_comparison - INFO -   Target: '66465' (type: int64) → '66465'
2026-01-18 15:32:48,284 - dq_comparison - INFO -   Match after normalization: ✅ YES
2026-01-18 15:32:48,286 - dq_comparison - INFO - Column 'email' → 'email':
2026-01-18 15:32:48,287 - dq_comparison - INFO -   Source: 'jennifer.williams@gmail.com' (type: str) → 'jennifer.williams@gmail.com'
2026-01-18 15:32:48,289 - dq_comparison - INFO -   Target: 'jennifer.williams@gmail.com' (type: str) → 'jennifer.williams@gmail.com'
2026-01-18 15:32:48,291 - dq_comparison - INFO -   Match after normalization: ✅ YES
2026-01-18 15:32:48,293 - dq_comparison - INFO - Column 'quantity' → 'quantity':
2026-01-18 15:32:48,295 - dq_comparison - INFO -   Source: '73' (type: str) → '73'
2026-01-18 15:32:48,296 - dq_comparison - INFO -   Target: '73' (type: int64) → '73'
2026-01-18 15:32:48,297 - dq_comparison - INFO -   Match after normalization: ✅ YES
2026-01-18 15:32:48,300 - dq_comparison - INFO - Column 'amount' → 'amount':
2026-01-18 15:32:48,301 - dq_comparison - INFO -   Source: '1948.44' (type: str) → '1948.44'
2026-01-18 15:32:48,303 - dq_comparison - INFO -   Target: '1948.44' (type: float64) → '1948.44'
2026-01-18 15:32:48,304 - dq_comparison - INFO -   Match after normalization: ✅ YES
2026-01-18 15:32:48,306 - dq_comparison - INFO - Column 'status' → 'status':
2026-01-18 15:32:48,307 - dq_comparison - INFO -   Source: 'ACTIVE' (type: str) → 'active'
2026-01-18 15:32:48,309 - dq_comparison - INFO -   Target: 'ACTIVE' (type: str) → 'active'
2026-01-18 15:32:48,311 - dq_comparison - INFO -   Match after normalization: ✅ YES
2026-01-18 15:32:48,313 - dq_comparison - INFO - 
Hash components for Row 1:
2026-01-18 15:32:48,314 - dq_comparison - INFO - Source hash string start: 66465|jennifer.williams@gmail.com|73...
2026-01-18 15:32:48,316 - dq_comparison - INFO - Target hash string start: 66465|jennifer.williams@gmail.com|73...
2026-01-18 15:32:48,318 - dq_comparison - INFO - Same? ✅ YES
2026-01-18 15:32:48,320 - dq_comparison - INFO - 
--- Analyzing Row 2 ---
2026-01-18 15:32:48,324 - dq_comparison - INFO - Column 'id' → 'id':
2026-01-18 15:32:48,325 - dq_comparison - INFO -   Source: '93228' (type: str) → '93228'
2026-01-18 15:32:48,326 - dq_comparison - INFO -   Target: '93228' (type: int64) → '93228'
2026-01-18 15:32:48,327 - dq_comparison - INFO -   Match after normalization: ✅ YES
2026-01-18 15:32:48,330 - dq_comparison - INFO - Column 'email' → 'email':
2026-01-18 15:32:48,332 - dq_comparison - INFO -   Source: 'james.davis@hotmail.com' (type: str) → 'james.davis@hotmail.com'
2026-01-18 15:32:48,332 - dq_comparison - INFO -   Target: 'james.davis@hotmail.com' (type: str) → 'james.davis@hotmail.com'
2026-01-18 15:32:48,334 - dq_comparison - INFO -   Match after normalization: ✅ YES
2026-01-18 15:32:48,335 - dq_comparison - INFO - Column 'quantity' → 'quantity':
2026-01-18 15:32:48,338 - dq_comparison - INFO -   Source: '17' (type: str) → '17'
2026-01-18 15:32:48,340 - dq_comparison - INFO -   Target: '17' (type: int64) → '17'
2026-01-18 15:32:48,341 - dq_comparison - INFO -   Match after normalization: ✅ YES
2026-01-18 15:32:48,343 - dq_comparison - INFO - Column 'amount' → 'amount':
2026-01-18 15:32:48,346 - dq_comparison - INFO -   Source: '237.49' (type: str) → '237.49'
2026-01-18 15:32:48,348 - dq_comparison - INFO -   Target: '237.49' (type: float64) → '237.49'
2026-01-18 15:32:48,349 - dq_comparison - INFO -   Match after normalization: ✅ YES
2026-01-18 15:32:48,350 - dq_comparison - INFO - Column 'status' → 'status':
2026-01-18 15:32:48,351 - dq_comparison - INFO -   Source: 'CANCELLED' (type: str) → 'cancelled'
2026-01-18 15:32:48,352 - dq_comparison - INFO -   Target: 'CANCELLED' (type: str) → 'cancelled'
2026-01-18 15:32:48,354 - dq_comparison - INFO -   Match after normalization: ✅ YES
2026-01-18 15:32:48,355 - dq_comparison - INFO - 
Hash components for Row 2:
2026-01-18 15:32:48,357 - dq_comparison - INFO - Source hash string start: 93228|james.davis@hotmail.com|17...
2026-01-18 15:32:48,358 - dq_comparison - INFO - Target hash string start: 93228|james.davis@hotmail.com|17...
2026-01-18 15:32:48,360 - dq_comparison - INFO - Same? ✅ YES
2026-01-18 15:32:48,361 - dq_comparison - INFO - 
--- Column Data Types Analysis ---
2026-01-18 15:32:48,363 - dq_comparison - INFO - Column 1: 'id' (object) ↔ 'id' (int64)
2026-01-18 15:32:48,364 - dq_comparison - INFO -   Sample: Source='78303', Target='78303'
2026-01-18 15:32:48,366 - dq_comparison - INFO - Column 2: 'email' (category) ↔ 'email' (object)
2026-01-18 15:32:48,367 - dq_comparison - INFO -   Sample: Source='david.jones@company.com', Target='david.jones@company.com'
2026-01-18 15:32:48,368 - dq_comparison - INFO - Column 3: 'quantity' (category) ↔ 'quantity' (int64)
2026-01-18 15:32:48,370 - dq_comparison - INFO -   Sample: Source='41', Target='41'
2026-01-18 15:32:48,372 - dq_comparison - INFO - Column 4: 'amount' (object) ↔ 'amount' (float64)
2026-01-18 15:32:48,372 - dq_comparison - INFO -   Sample: Source='8653.56', Target='8653.56'
2026-01-18 15:32:48,374 - dq_comparison - INFO - Column 5: 'status' (category) ↔ 'status' (object)
2026-01-18 15:32:48,375 - dq_comparison - INFO -   Sample: Source='PENDING', Target='PENDING'
2026-01-18 15:32:48,376 - dq_comparison - INFO - PERFORMING DETAILED ROW-LEVEL COMPARISON WITH PAGINATION...
2026-01-18 15:32:48,439 - dq_comparison - INFO - Found 10,463 total mismatches
2026-01-18 15:32:48,441 - dq_comparison - INFO - Will process detailed comparisons for first 5,000 rows
2026-01-18 15:33:00,289 - dq_comparison - INFO - Progress: 500/5,000 rows (11.9s)
2026-01-18 15:33:11,280 - dq_comparison - INFO - Progress: 1,000/5,000 rows (22.9s)
2026-01-18 15:33:22,761 - dq_comparison - INFO - Progress: 1,500/5,000 rows (34.4s)
2026-01-18 15:33:34,049 - dq_comparison - INFO - Progress: 2,000/5,000 rows (45.7s)
2026-01-18 15:33:44,920 - dq_comparison - INFO - Progress: 2,500/5,000 rows (56.5s)
2026-01-18 15:33:55,667 - dq_comparison - INFO - Progress: 3,000/5,000 rows (67.3s)
2026-01-18 15:34:06,420 - dq_comparison - INFO - Progress: 3,500/5,000 rows (78.0s)
2026-01-18 15:34:17,191 - dq_comparison - INFO - Progress: 4,000/5,000 rows (88.8s)
2026-01-18 15:34:27,999 - dq_comparison - INFO - Progress: 4,500/5,000 rows (99.6s)
2026-01-18 15:34:38,897 - dq_comparison - INFO - Progress: 5,000/5,000 rows (110.5s)
2026-01-18 15:34:38,926 - dq_comparison - INFO - 
================================================================================
2026-01-18 15:34:38,927 - dq_comparison - INFO - DETAILED MISMATCH SUMMARY:
2026-01-18 15:34:38,929 - dq_comparison - INFO -   Total mismatches found: 4997
2026-01-18 15:34:38,930 - dq_comparison - INFO -   Detailed comparisons logged: 4997
2026-01-18 15:34:38,931 - dq_comparison - INFO -   First 10 rows displayed above
2026-01-18 15:34:38,933 - dq_comparison - INFO -   All mismatches stored in database with complete data
2026-01-18 15:34:38,934 - dq_comparison - INFO -   Use API to retrieve all 4997 mismatches
2026-01-18 15:34:38,936 - dq_comparison - INFO - ================================================================================
2026-01-18 15:34:39,079 - dq_comparison - INFO - Hash-based Comparison Results (with duplicate handling):
2026-01-18 15:34:39,080 - dq_comparison - INFO -   • Unique source hashes: 89796
2026-01-18 15:34:39,082 - dq_comparison - INFO -   • Unique target hashes: 100250
2026-01-18 15:34:39,084 - dq_comparison - INFO -   • Common hashes: 89793
2026-01-18 15:34:39,085 - dq_comparison - INFO -   • Common rows (counting duplicates): 89,996
2026-01-18 15:34:39,087 - dq_comparison - INFO -   • Rows only in source (counting duplicates): 3
2026-01-18 15:34:39,088 - dq_comparison - INFO -   • Rows only in target (counting duplicates): 10,504
2026-01-18 15:34:39,220 - dq_comparison - INFO - HASH-ONLY COMPARISON COMPLETED
2026-01-18 15:34:39,221 - dq_comparison - INFO - Returning counts for simple scoring:
2026-01-18 15:34:39,222 - dq_comparison - INFO -   Common rows: 89,996
2026-01-18 15:34:39,225 - dq_comparison - INFO -   Unique to source: 3
2026-01-18 15:34:39,226 - dq_comparison - INFO -   Unique to target: 10,504
2026-01-18 15:34:39,227 - dq_comparison - INFO -   Value mismatches: 126084
2026-01-18 15:34:39,228 - dq_comparison - INFO -   Missing rows: 3
2026-01-18 15:34:39,230 - dq_comparison - INFO -   Extra rows: 10,504
2026-01-18 15:34:39,234 - dq_comparison - INFO - 
========================================================================================================================
COMPARISON: Postgresql Database vs Excel (Target_data_100k.xlsx (Target_data_100k))
========================================================================================================================
Row   | Diff Count | Source (Sample)                          | Target (Sample)                         
------------------------------------------------------------------------------------------------------------------------
39    | 1          | id: 21398                                | id: 21398                               
24898 | 1          | id: 95971                                | id: 95971                               
61471 | 1          | id: 26240                                | id: 26240                               
90001 | 12         | id: NULL                                 | id: 16106                               
90002 | 12         | id: NULL                                 | id: 47177                               
90003 | 12         | id: NULL                                 | id: 46301                               
90004 | 12         | id: NULL                                 | id: 32536                               
90005 | 12         | id: NULL                                 | id: 19798                               
90006 | 12         | id: NULL                                 | id: 56922                               
90007 | 12         | id: NULL                                 | id: 90135                               
------------------------------------------------------------------------------------------------------------------------
Showing 1-10 of 4997 mismatched rows. Use API for complete data.
========================================================================================================================
2026-01-18 15:34:39,235 - dq_comparison - INFO - Returning enhanced mismatch structure with 4997 detailed mismatches
2026-01-18 15:34:39,341 - dq_comparison - INFO - New structure: 100 detailed mismatches
2026-01-18 15:34:39,343 - dq_comparison - INFO - Analyzing data quality metrics...
2026-01-18 15:35:05,712 - dq_comparison - INFO - Null values - Source: 0 (0.00%), Target: 8315 (0.69%)
2026-01-18 15:35:06,257 - dq_comparison - INFO - Duplicate rows (normalized) - Source: 203, Target: 250
2026-01-18 15:35:06,504 - dq_comparison - INFO - Source duplicate samples: ['Row 169', 'Row 383', 'Row 639']
2026-01-18 15:35:06,852 - dq_comparison - INFO - Target duplicate samples: ['Row 169', 'Row 383', 'Row 639']
2026-01-18 15:35:07,063 - dq_error_log - INFO - Retrieved 100 error logs for session CMP_20260118_153129
2026-01-18 15:35:07,065 - dq_comparison - INFO - 
📊 SIMPLE SCORING CALCULATION:
2026-01-18 15:35:07,066 - dq_comparison - INFO -   Source rows: 89999
2026-01-18 15:35:07,068 - dq_comparison - INFO -   Common rows (matched): 89996
2026-01-18 15:35:07,069 - dq_comparison - INFO -   Calculation: (89996 / 89999) * 100 = 100.00%
2026-01-18 15:35:07,070 - dq_comparison - INFO -   Explanation: 89996 matched rows out of 89999 total source rows
2026-01-18 15:35:07,072 - dq_comparison - INFO - 
=== AUDIT LOGGING SECTION ===
2026-01-18 15:35:07,074 - dq_comparison - INFO - 🔍 Audit logging is ENABLED in APP_SETTINGS
2026-01-18 15:35:07,075 - dq_audit - INFO - Audit class initialized with database: dq_checks
2026-01-18 15:35:07,076 - dq_comparison - INFO - Attempting to log audit record for session: CMP_20260118_153129
2026-01-18 15:35:07,077 - dq_audit - INFO - Starting database insertion for comparison...
2026-01-18 15:35:07,106 - dq_audit - INFO - Inserted comparison record with ID: 786
2026-01-18 15:35:07,108 - dq_comparison - INFO - ✅ Audit record logged successfully (ID: 786)
2026-01-18 15:35:07,269 - dq_error_log - INFO - Retrieved 100 error logs for session CMP_20260118_153129
2026-01-18 15:35:07,325 - dq_error_log - INFO - Retrieved summary: 5004 total errors for session CMP_20260118_153129
2026-01-18 15:35:07,328 - dq_audit - INFO - Audit class initialized with database: dq_checks
2026-01-18 15:35:07,352 - dq_audit - INFO - Retrieved 1 audit logs for session CMP_20260118_153129
2026-01-18 15:35:07,354 - dq_comparison - INFO - 
🔍 Final results verification:
2026-01-18 15:35:07,356 - dq_comparison - INFO -    Session ID: CMP_20260118_153129
2026-01-18 15:35:07,358 - dq_comparison - INFO -    DQ Score (Simple %): 100.00%
2026-01-18 15:35:07,360 - dq_comparison - INFO -    Source rows: 89999
2026-01-18 15:35:07,361 - dq_comparison - INFO -    Matched rows: 89996
2026-01-18 15:35:07,362 - dq_comparison - INFO -    Calculation: (89996 / 89999) * 100
2026-01-18 15:35:07,363 - dq_comparison - INFO - Comparison analysis completed successfully
2026-01-18 15:35:07,445 - dq_audit - INFO - Retrieved 1 audit logs for session CMP_20260118_153129
2026-01-18 15:35:07,607 - dq_error_log - INFO - Retrieved 200 error logs for session CMP_20260118_153129
2026-01-18 15:35:07,692 - dq_error_log - INFO - Retrieved summary: 5004 total errors for session CMP_20260118_153129
2026-01-18 15:35:07,694 - __main__ - INFO - Comparison completed for session CMP_20260118_153056
2026-01-18 15:35:07,755 - __main__ - INFO - Completed with status 200 in 251.349s
