2026-01-17 09:39:14,171 - __main__ - INFO - 🌐 API Server Logging Initialized
2026-01-17 09:39:14,173 - __main__ - INFO - 📝 Logs saved to: logs/dq_api_20260117_093914.log
2026-01-17 09:39:14,594 - dq_rules - WARNING - Could not load config from database: name 'get_db_connection' is not defined
2026-01-17 09:39:14,603 - __main__ - INFO - APP_SETTINGS loaded. Audit enabled: True
2026-01-17 09:39:14,610 - __main__ - INFO - ✅ All DQ modules loaded successfully
2026-01-17 09:39:14,624 - dq_error_log - INFO - ErrorLogger initialized with database: dq_checks
2026-01-17 09:39:14,625 - dq_audit - INFO - Audit class initialized with database: dq_checks
2026-01-17 09:39:14,634 - __main__ - INFO - ✅ ErrorLogger and DataQualityAudit initialized
2026-01-17 09:39:14,751 - __main__ - INFO - 🚀 Starting Data Quality Framework API
2026-01-17 09:39:14,753 - __main__ - INFO - 📊 Modules available: True
2026-01-17 09:39:14,757 - __main__ - INFO - 🔧 Config file mode: False
2026-01-17 09:39:14,758 - __main__ - INFO - 📋 Available endpoints:
2026-01-17 09:39:14,760 - __main__ - INFO -   GET  /              - API status
2026-01-17 09:39:14,767 - __main__ - INFO -   GET  /api/health    - Health check
2026-01-17 09:39:14,771 - __main__ - INFO -   POST /api/check-single - Single source analysis
2026-01-17 09:39:14,773 - __main__ - INFO -   POST /api/compare   - Source-target comparison
2026-01-17 09:39:14,782 - __main__ - INFO -   GET  /api/compare/{id} - Get comparison results
2026-01-17 09:39:14,794 - __main__ - INFO -   GET  /api/compare/{id}/mismatches - Paginated mismatches
2026-01-17 09:39:14,795 - __main__ - INFO -   GET  /api/compare/{id}/rows/source_only - Source-only rows
2026-01-17 09:39:14,801 - __main__ - INFO -   GET  /api/compare/{id}/rows/target_only - Target-only rows
2026-01-17 09:39:14,803 - __main__ - INFO -   GET  /api/compare/{id}/rows/count - Row counts
2026-01-17 09:39:14,808 - __main__ - INFO -   POST /api/upload    - File upload
2026-01-17 09:39:14,810 - __main__ - INFO -   GET  /api/sessions  - List sessions
2026-01-17 09:39:14,815 - __main__ - INFO -   GET  /api/sessions/<id> - Get session data
2026-01-17 09:39:14,817 - __main__ - INFO -   GET  /api/debug-db  - Database debug
2026-01-17 09:39:14,819 - __main__ - INFO - 🌍 Server starting on 0.0.0.0:5000 (debug=False)
2026-01-17 09:40:09,450 - __main__ - INFO - POST /api/upload - Request started
2026-01-17 09:40:09,467 - __main__ - INFO - File uploaded: 20260117_094009_sample_data.csv (csv)
2026-01-17 09:40:09,469 - __main__ - INFO - Completed with status 200 in 0.019s
2026-01-17 09:40:09,674 - __main__ - INFO - POST /api/check-single - Request started
2026-01-17 09:40:09,676 - __main__ - INFO - Single source analysis request received
2026-01-17 09:40:09,677 - __main__ - INFO - Starting analysis for session SINGLE_20260117_094009_95ce2d66
2026-01-17 09:40:09,680 - __main__ - INFO - UI Data being passed to dq_unified:
2026-01-17 09:40:09,681 - __main__ - INFO -   source_type: csv
2026-01-17 09:40:09,683 - __main__ - INFO -   file_path: uploads\20260117_094009_sample_data.csv
2026-01-17 09:40:09,683 - __main__ - INFO -   sheet_name: None
2026-01-17 09:40:09,684 - __main__ - INFO -   mandatory_fields: all
2026-01-17 09:40:09,686 - dq_unified - INFO - ==================================================
2026-01-17 09:40:09,688 - dq_unified - INFO - RUN_SINGLE_SOURCE_ANALYSIS_UI - START
2026-01-17 09:40:09,689 - dq_unified - INFO - Prompting user for data source type
2026-01-17 09:40:09,690 - dq_unified - INFO - UI Data source_type: csv
2026-01-17 09:40:09,692 - dq_unified - INFO - Using source_type from UI data: csv
2026-01-17 09:40:09,694 - dq_unified - INFO - Loading data from CSV...
2026-01-17 09:40:09,695 - dq_unified - INFO - Loading data from CSV
2026-01-17 09:40:09,697 - dq_unified - INFO - Loading large CSV: uploads\20260117_094009_sample_data.csv
2026-01-17 09:40:09,700 - dq_unified - INFO - CSV file has 15 rows
2026-01-17 09:40:09,701 - dq_unified - INFO - Loading 15 rows from CSV...
2026-01-17 09:40:09,726 - dq_unified - INFO - Loaded 15 rows from CSV
2026-01-17 09:40:09,743 - dq_unified - INFO - Memory optimization: 0.0MB -> 0.0MB (Saved: 0.0MB)
2026-01-17 09:40:09,744 - dq_unified - INFO - Standardizing data types...
2026-01-17 09:40:09,754 - dq_unified - INFO - Data type standardization complete
2026-01-17 09:40:09,758 - dq_unified - INFO - Loaded 15 rows, 10 columns. Memory: 106.9MB total, 0.0MB for dataframe
2026-01-17 09:40:09,760 - dq_unified - INFO - Data loaded: 15 rows, 10 columns
2026-01-17 09:40:09,761 - dq_error_log - INFO - ErrorLogger initialized with database: dq_checks
2026-01-17 09:40:09,763 - dq_unified - INFO - Session ID: SINGLE_20260117_094009
2026-01-17 09:40:09,764 - dq_unified - INFO - ==================================================
2026-01-17 09:40:09,766 - dq_unified - INFO - Starting quality checks...
2026-01-17 09:40:09,767 - dq_unified - INFO - ==================================================
2026-01-17 09:40:09,768 - dq_unified - INFO - 1. Checking for null/empty values...
2026-01-17 09:40:09,770 - dq_unified - INFO - Checking for null/empty values
2026-01-17 09:40:09,771 - dq_unified - INFO - DataFrame shape: (15, 10)
2026-01-17 09:40:09,772 - dq_unified - INFO - Columns: ['CustomerName', 'Email', 'Phone', 'Salary', 'Department', 'JoinDate', 'PostalCode', 'City', 'Country', 'State']
2026-01-17 09:40:09,774 - dq_unified - INFO - Data source: CSV: 20260117_094009_sample_data.csv
2026-01-17 09:40:09,776 - dq_unified - INFO - DataFrame dtypes: {'CustomerName': dtype('O'), 'Email': dtype('O'), 'Phone': dtype('int64'), 'Salary': dtype('float32'), 'Department': CategoricalDtype(categories=['           Marketing', '       HR', 'Finance', 'HR', 'IT',
                  'IT             ', 'Sales'],
, ordered=False, categories_dtype=object), 'JoinDate': dtype('O'), 'PostalCode': dtype('float64'), 'City': dtype('O'), 'Country': CategoricalDtype(categories=['USA'], ordered=False, categories_dtype=object), 'State': dtype('O')}
2026-01-17 09:40:09,777 - dq_unified - INFO - First 2 rows (first 3 columns only):
2026-01-17 09:40:09,781 - dq_unified - INFO -   Row 0: {'CustomerName': "'   John Doe'", 'Email': "'john@email.com'", 'Phone': 'np.int64(1234567890)'}
2026-01-17 09:40:09,783 - dq_unified - INFO -   Row 1: {'CustomerName': "'Jane      Smith'", 'Email': "'jane@email.com'", 'Phone': 'np.int64(9876543210)'}
2026-01-17 09:40:09,813 - dq_unified - INFO -   Missing samples: ['nan']
2026-01-17 09:40:09,815 - dq_unified - INFO -   Not missing samples: ["'   John Doe'", "'Jane      Smith'", "'Bob        Johnson'"]
2026-01-17 09:40:09,816 - dq_unified - WARNING - Column 'CustomerName': 1 missing cells (6.7%)
2026-01-17 09:40:09,817 - dq_unified - WARNING - Column 'CustomerName': 1 missing cells (6.7%)
2026-01-17 09:40:09,821 - dq_error_log - INFO - Starting batch logging for 1 errors, session: SINGLE_20260117_094009
2026-01-17 09:40:10,037 - dq_error_log - INFO - Batch 1: Successfully logged 1 errors
2026-01-17 09:40:10,040 - dq_error_log - INFO - Progress: 1/1 errors processed
2026-01-17 09:40:10,042 - dq_error_log - INFO - COMPLETE: Logged 1/1 errors for session SINGLE_20260117_094009
2026-01-17 09:40:10,065 - dq_unified - INFO -   Missing samples: ['nan']
2026-01-17 09:40:10,066 - dq_unified - INFO -   Not missing samples: ["'john@email.com'", "'jane@email.com'", "'alice@email.com'"]
2026-01-17 09:40:10,067 - dq_unified - WARNING - Column 'Email': 1 missing cells (6.7%)
2026-01-17 09:40:10,069 - dq_unified - WARNING - Column 'Email': 1 missing cells (6.7%)
2026-01-17 09:40:10,072 - dq_error_log - INFO - Starting batch logging for 1 errors, session: SINGLE_20260117_094009
2026-01-17 09:40:10,099 - dq_error_log - INFO - Batch 1: Successfully logged 1 errors
2026-01-17 09:40:10,102 - dq_error_log - INFO - Progress: 1/1 errors processed
2026-01-17 09:40:10,103 - dq_error_log - INFO - COMPLETE: Logged 1/1 errors for session SINGLE_20260117_094009
2026-01-17 09:40:10,132 - dq_unified - INFO - Column 'Phone': No missing cells
2026-01-17 09:40:10,165 - dq_unified - INFO -   Missing samples: ['nan', 'nan']
2026-01-17 09:40:10,166 - dq_unified - INFO -   Not missing samples: ['50000.0', '60000.0', '55000.0']
2026-01-17 09:40:10,168 - dq_unified - WARNING - Column 'Salary': 2 missing cells (13.3%)
2026-01-17 09:40:10,169 - dq_unified - WARNING - Column 'Salary': 2 missing cells (13.3%)
2026-01-17 09:40:10,172 - dq_error_log - INFO - Starting batch logging for 2 errors, session: SINGLE_20260117_094009
2026-01-17 09:40:10,200 - dq_error_log - INFO - Batch 1: Successfully logged 2 errors
2026-01-17 09:40:10,201 - dq_error_log - INFO - Progress: 2/2 errors processed
2026-01-17 09:40:10,203 - dq_error_log - INFO - COMPLETE: Logged 2/2 errors for session SINGLE_20260117_094009
2026-01-17 09:40:10,232 - dq_unified - INFO -   Missing samples: ['nan']
2026-01-17 09:40:10,234 - dq_unified - INFO -   Not missing samples: ["'IT             '", "'       HR'", "'Finance'"]
2026-01-17 09:40:10,235 - dq_unified - WARNING - Column 'Department': 1 missing cells (6.7%)
2026-01-17 09:40:10,236 - dq_unified - WARNING - Column 'Department': 1 missing cells (6.7%)
2026-01-17 09:40:10,238 - dq_error_log - INFO - Starting batch logging for 1 errors, session: SINGLE_20260117_094009
2026-01-17 09:40:10,263 - dq_error_log - INFO - Batch 1: Successfully logged 1 errors
2026-01-17 09:40:10,266 - dq_error_log - INFO - Progress: 1/1 errors processed
2026-01-17 09:40:10,267 - dq_error_log - INFO - COMPLETE: Logged 1/1 errors for session SINGLE_20260117_094009
2026-01-17 09:40:10,298 - dq_unified - INFO - Column 'JoinDate': No missing cells
2026-01-17 09:40:10,351 - dq_unified - INFO -   Missing samples: ['nan', 'nan']
2026-01-17 09:40:10,352 - dq_unified - INFO -   Not missing samples: ['10002.0', '10003.0', '10004.0']
2026-01-17 09:40:10,353 - dq_unified - WARNING - Column 'PostalCode': 2 missing cells (13.3%)
2026-01-17 09:40:10,357 - dq_unified - WARNING - Column 'PostalCode': 2 missing cells (13.3%)
2026-01-17 09:40:10,360 - dq_error_log - INFO - Starting batch logging for 2 errors, session: SINGLE_20260117_094009
2026-01-17 09:40:10,426 - dq_error_log - INFO - Batch 1: Successfully logged 2 errors
2026-01-17 09:40:10,439 - dq_error_log - INFO - Progress: 2/2 errors processed
2026-01-17 09:40:10,443 - dq_error_log - INFO - COMPLETE: Logged 2/2 errors for session SINGLE_20260117_094009
2026-01-17 09:40:10,497 - dq_unified - INFO - Column 'City': No missing cells
2026-01-17 09:40:10,541 - dq_unified - INFO - Column 'Country': No missing cells
2026-01-17 09:40:10,604 - dq_unified - INFO -   Missing samples: ['nan']
2026-01-17 09:40:10,605 - dq_unified - INFO -   Not missing samples: ["'TS'", "'AP'", "'KL'"]
2026-01-17 09:40:10,607 - dq_unified - WARNING - Column 'State': 1 missing cells (6.7%)
2026-01-17 09:40:10,609 - dq_unified - WARNING - Column 'State': 1 missing cells (6.7%)
2026-01-17 09:40:10,612 - dq_error_log - INFO - Starting batch logging for 1 errors, session: SINGLE_20260117_094009
2026-01-17 09:40:10,648 - dq_error_log - INFO - Batch 1: Successfully logged 1 errors
2026-01-17 09:40:10,649 - dq_error_log - INFO - Progress: 1/1 errors processed
2026-01-17 09:40:10,651 - dq_error_log - INFO - COMPLETE: Logged 1/1 errors for session SINGLE_20260117_094009
2026-01-17 09:40:10,652 - dq_unified - INFO - Total missing cells found: 8
2026-01-17 09:40:10,655 - dq_unified - INFO - ============================================================
2026-01-17 09:40:10,656 - dq_unified - INFO - MISSING VALUE SUMMARY
2026-01-17 09:40:10,657 - dq_unified - INFO - ============================================================
2026-01-17 09:40:10,658 - dq_unified - INFO - CustomerName: 1 missing (6.7%)
2026-01-17 09:40:10,660 - dq_unified - INFO - Email: 1 missing (6.7%)
2026-01-17 09:40:10,662 - dq_unified - INFO - Salary: 2 missing (13.3%)
2026-01-17 09:40:10,664 - dq_unified - INFO - Department: 1 missing (6.7%)
2026-01-17 09:40:10,666 - dq_unified - INFO - PostalCode: 2 missing (13.3%)
2026-01-17 09:40:10,667 - dq_unified - INFO - State: 1 missing (6.7%)
2026-01-17 09:40:10,668 - dq_unified - INFO - ============================================================
2026-01-17 09:40:10,670 - dq_unified - INFO -    Found 8 empty cells
2026-01-17 09:40:10,672 - dq_unified - INFO - 2. Checking for duplicate rows...
2026-01-17 09:40:10,673 - dq_unified - INFO - Checking for duplicate rows
2026-01-17 09:40:10,674 - dq_unified - INFO - Cleaning data (removing whitespace)...
2026-01-17 09:40:10,676 - dq_unified - INFO - Columns after cleaning: ['CustomerName', 'Email', 'Phone', 'Salary', 'Department', 'JoinDate', 'PostalCode', 'City', 'Country', 'State']
2026-01-17 09:40:10,710 - dq_unified - INFO - Sample of first column after cleaning: 'John Doe'
2026-01-17 09:40:10,711 - dq_unified - INFO - Sample of row 6 first column: 'John Doe'
2026-01-17 09:40:10,717 - dq_unified - INFO - Total rows to check: 15
2026-01-17 09:40:10,720 - dq_unified - INFO - Checking first column 'CustomerName' for serial numbers
2026-01-17 09:40:10,722 - dq_unified - INFO - First 5 values: ['John Doe', 'Jane Smith', 'Bob Johnson', 'Alice Brown', 'Charlie Wilson']
2026-01-17 09:40:10,724 - dq_unified - INFO -   Row 1: 'John Doe' → Not numeric
2026-01-17 09:40:10,726 - dq_unified - INFO -   Row 2: 'Jane Smith' → Not numeric
2026-01-17 09:40:10,728 - dq_unified - INFO -   Row 3: 'Bob Johnson' → Not numeric
2026-01-17 09:40:10,730 - dq_unified - INFO - Not enough numeric values to be serial: []
2026-01-17 09:40:10,731 - dq_unified - INFO - Checking duplicates on ALL columns
2026-01-17 09:40:10,737 - dq_unified - INFO - First few rows for comparison:
2026-01-17 09:40:10,738 - dq_unified - INFO -   Row 0: {'CustomerName': 'John Doe', 'Email': 'john@email.com', 'Phone': '1234567890'}
2026-01-17 09:40:10,742 - dq_unified - INFO -   Row 1: {'CustomerName': 'Jane Smith', 'Email': 'jane@email.com', 'Phone': '9876543210'}
2026-01-17 09:40:10,743 - dq_unified - INFO -   Row 2: {'CustomerName': 'Bob Johnson', 'Email': 'nan', 'Phone': '5551234567'}
2026-01-17 09:40:10,747 - dq_unified - INFO - Duplicate mask found 0 rows
2026-01-17 09:40:10,750 - dq_unified - INFO - No duplicate rows found
2026-01-17 09:40:10,751 - dq_unified - INFO - FINAL RESULT: Found 0 duplicate groups
2026-01-17 09:40:10,752 - dq_unified - INFO -    Found 0 duplicate rows
2026-01-17 09:40:10,753 - dq_unified - INFO - 3. Checking data formats...
2026-01-17 09:40:10,755 - dq_unified - INFO - Checking data formats
2026-01-17 09:40:10,768 - dq_unified - INFO - Detected Email as email type
2026-01-17 09:40:10,771 - dq_unified - WARNING -   Row 9: 'invalid-email...' doesn't match Valid email format (user@domain.com)
2026-01-17 09:40:10,774 - dq_unified - INFO - Detected Phone as phone type
2026-01-17 09:40:10,777 - dq_unified - WARNING -   Row 14: '1112222...' doesn't match Valid phone number format
2026-01-17 09:40:10,783 - dq_unified - INFO - Detected Salary as numeric type
2026-01-17 09:40:10,793 - dq_unified - INFO - Detected JoinDate as date type
2026-01-17 09:40:10,794 - dq_unified - INFO -   Date format check for JoinDate: Consistent=True, Format=DD-MM-YYYY or MM-DD-YYYY
2026-01-17 09:40:10,798 - dq_unified - INFO - Detected PostalCode as numeric type
2026-01-17 09:40:10,824 - dq_unified - INFO - Total format issues found: 2
2026-01-17 09:40:10,826 - dq_error_log - INFO - Starting batch logging for 2 errors, session: SINGLE_20260117_094009
2026-01-17 09:40:10,860 - dq_error_log - INFO - Batch 1: Successfully logged 2 errors
2026-01-17 09:40:10,862 - dq_error_log - INFO - Progress: 2/2 errors processed
2026-01-17 09:40:10,864 - dq_error_log - INFO - COMPLETE: Logged 2/2 errors for session SINGLE_20260117_094009
2026-01-17 09:40:10,866 - dq_unified - INFO -    Found 2 format issues
2026-01-17 09:40:10,868 - dq_unified - INFO - 4. Checking mandatory fields...
2026-01-17 09:40:10,870 - dq_unified - INFO - Checking mandatory fields
2026-01-17 09:40:10,872 - dq_unified - INFO - Available columns: ['CustomerName', 'Email', 'Phone', 'Salary', 'Department', 'JoinDate', 'PostalCode', 'City', 'Country', 'State']
2026-01-17 09:40:10,874 - dq_unified - INFO - Checking ALL columns as mandatory: ['CustomerName', 'Email', 'Phone', 'Salary', 'Department', 'JoinDate', 'PostalCode', 'City', 'Country', 'State']
2026-01-17 09:40:10,905 - dq_unified - WARNING - Mandatory field 'CustomerName': 1 missing values (93.3% filled)
2026-01-17 09:40:10,946 - dq_unified - WARNING - Mandatory field 'Email': 1 missing values (93.3% filled)
2026-01-17 09:40:10,984 - dq_unified - INFO - Mandatory field 'Phone': 100.0% filled
2026-01-17 09:40:11,031 - dq_unified - WARNING - Mandatory field 'Salary': 2 missing values (86.7% filled)
2026-01-17 09:40:11,063 - dq_unified - WARNING - Mandatory field 'Department': 1 missing values (93.3% filled)
2026-01-17 09:40:11,100 - dq_unified - INFO - Mandatory field 'JoinDate': 100.0% filled
2026-01-17 09:40:11,133 - dq_unified - WARNING - Mandatory field 'PostalCode': 2 missing values (86.7% filled)
2026-01-17 09:40:11,163 - dq_unified - INFO - Mandatory field 'City': 100.0% filled
2026-01-17 09:40:11,197 - dq_unified - INFO - Mandatory field 'Country': 100.0% filled
2026-01-17 09:40:11,230 - dq_unified - WARNING - Mandatory field 'State': 1 missing values (93.3% filled)
2026-01-17 09:40:11,581 - dq_error_log - INFO - Starting batch logging for 8 errors, session: SINGLE_20260117_094009
2026-01-17 09:40:11,612 - dq_error_log - INFO - Batch 1: Successfully logged 8 errors
2026-01-17 09:40:11,614 - dq_error_log - INFO - Progress: 8/8 errors processed
2026-01-17 09:40:11,617 - dq_error_log - INFO - COMPLETE: Logged 8/8 errors for session SINGLE_20260117_094009
2026-01-17 09:40:11,618 - dq_unified - INFO - All columns mandatory: 7 unique rows with missing values
2026-01-17 09:40:11,620 - dq_unified - INFO -    Found 7 missing mandatory values
2026-01-17 09:40:11,622 - dq_unified - INFO - 5. Calculating quality score...
2026-01-17 09:40:11,623 - dq_unified - INFO - Calculating quality score
2026-01-17 09:40:11,625 - dq_unified - INFO - Quality Score Calculation:
2026-01-17 09:40:11,626 - dq_unified - INFO -   Total rows: 15
2026-01-17 09:40:11,627 - dq_unified - INFO -   Bad Rows: 7
2026-01-17 09:40:11,629 - dq_unified - INFO -   Good rows (no issues): 8
2026-01-17 09:40:11,630 - dq_unified - INFO -   Quality Score: 53.33%
2026-01-17 09:40:11,654 - dq_error_log - INFO - Retrieved 18 error logs for session SINGLE_20260117_094009
2026-01-17 09:40:11,679 - dq_error_log - INFO - Retrieved summary: 18 total errors for session SINGLE_20260117_094009
2026-01-17 09:40:11,681 - dq_unified - INFO - Added 18 error logs to results
2026-01-17 09:40:11,683 - dq_audit - INFO - Audit class initialized with database: dq_checks
2026-01-17 09:40:11,685 - dq_audit - INFO - Starting database insertion for single_source...
2026-01-17 09:40:11,718 - dq_audit - INFO - Inserted single_source record with ID: 745
2026-01-17 09:40:11,751 - dq_audit - INFO - Retrieved 1 audit logs for session SINGLE_20260117_094009
2026-01-17 09:40:11,754 - dq_unified - INFO - Added 1 audit logs to results
2026-01-17 09:40:11,756 - dq_unified - INFO - Analysis completed successfully for CSV: 20260117_094009_sample_data.csv
2026-01-17 09:40:11,758 - dq_unified - INFO - Final quality score: 53.33%
2026-01-17 09:40:11,781 - dq_error_log - INFO - Retrieved 18 error logs for session SINGLE_20260117_094009
2026-01-17 09:40:11,804 - dq_error_log - INFO - Retrieved summary: 18 total errors for session SINGLE_20260117_094009
2026-01-17 09:40:11,835 - dq_audit - INFO - Retrieved 1 audit logs for session SINGLE_20260117_094009
2026-01-17 09:40:11,836 - __main__ - INFO - Analysis completed for session SINGLE_20260117_094009
2026-01-17 09:40:11,842 - __main__ - INFO - Completed with status 200 in 2.168s
