2026-01-06 10:38:51,866 - __main__ - INFO - 🌐 API Server Logging Initialized
2026-01-06 10:38:51,867 - __main__ - INFO - 📝 Logs saved to: logs/dq_api_20260106_103851.log
2026-01-06 10:38:51,917 - __main__ - INFO - APP_SETTINGS loaded. Audit enabled: True
2026-01-06 10:38:51,917 - __main__ - INFO - ✅ All DQ modules loaded successfully
2026-01-06 10:38:51,920 - dq_error_log - INFO - ErrorLogger initialized with database: dq_checks
2026-01-06 10:38:51,921 - dq_audit - INFO - Audit class initialized with database: dq_checks
2026-01-06 10:38:51,922 - __main__ - INFO - ✅ ErrorLogger and DataQualityAudit initialized
2026-01-06 10:38:51,928 - __main__ - INFO - 🚀 Starting Data Quality Framework API
2026-01-06 10:38:51,928 - __main__ - INFO - 📊 Modules available: True
2026-01-06 10:38:51,929 - __main__ - INFO - 🔧 Config file mode: False
2026-01-06 10:38:51,930 - __main__ - INFO - 📋 Available endpoints:
2026-01-06 10:38:51,930 - __main__ - INFO -   GET  /              - API status
2026-01-06 10:38:51,931 - __main__ - INFO -   GET  /api/health    - Health check
2026-01-06 10:38:51,932 - __main__ - INFO -   POST /api/check-single - Single source analysis
2026-01-06 10:38:51,932 - __main__ - INFO -   POST /api/compare   - Source-target comparison
2026-01-06 10:38:51,933 - __main__ - INFO -   POST /api/upload    - File upload
2026-01-06 10:38:51,933 - __main__ - INFO -   GET  /api/sessions  - List sessions
2026-01-06 10:38:51,934 - __main__ - INFO -   GET  /api/sessions/<id> - Get session data
2026-01-06 10:38:51,934 - __main__ - INFO -   GET  /api/debug-db  - Database debug
2026-01-06 10:38:51,935 - __main__ - INFO - 🌍 Server starting on 0.0.0.0:5000 (debug=False)
2026-01-06 10:39:17,984 - __main__ - INFO - POST /api/database-hierarchy - Request started
2026-01-06 10:39:17,985 - __main__ - INFO - Getting database hierarchy for postgresql
2026-01-06 10:39:17,986 - __main__ - INFO - Database: Not provided
2026-01-06 10:39:17,987 - __main__ - INFO - Schema: Not provided
2026-01-06 10:39:17,987 - database_navigator - INFO - DatabaseNavigator initialized
2026-01-06 10:39:17,987 - __main__ - INFO - Connecting with config: {'host': 'localhost', 'port': 5432, 'user': 'postgres', 'password': 'postgres'}
2026-01-06 10:39:17,989 - database_navigator - INFO - Connecting to POSTGRESQL...
2026-01-06 10:39:17,990 - database_navigator - INFO - Connecting to PostgreSQL...
2026-01-06 10:39:17,992 - database_navigator - INFO - Connecting to PostgreSQL: host=localhost, port=5432, database=postgres, user=postgres
2026-01-06 10:39:18,219 - database_navigator - INFO - Connection object created: <connection object at 0x0000021A55E90260; dsn: 'user=postgres password=xxx dbname=postgres host=localhost port=5432', closed: 0>
2026-01-06 10:39:18,221 - database_navigator - INFO - ✅ PostgreSQL connection successful to database: postgres
2026-01-06 10:39:18,223 - __main__ - INFO - Getting databases list...
2026-01-06 10:39:18,224 - database_navigator - INFO - get_databases() called. db_type: postgresql, connection exists: True
2026-01-06 10:39:18,224 - database_navigator - INFO - DEBUG: Checking connection - self.connection = <connection object at 0x0000021A55E90260; dsn: 'user=postgres password=xxx dbname=postgres host=localhost port=5432', closed: 0>
2026-01-06 10:39:18,225 - database_navigator - INFO - Found 0 databases
2026-01-06 10:39:18,226 - __main__ - INFO - Found 0 databases
2026-01-06 10:39:18,228 - __main__ - INFO - Completed with status 200 in 0.244s
2026-01-06 10:40:39,222 - __main__ - INFO - POST /api/database-hierarchy - Request started
2026-01-06 10:40:39,223 - __main__ - INFO - Getting database hierarchy for postgresql
2026-01-06 10:40:39,225 - __main__ - INFO - Database: Not provided
2026-01-06 10:40:39,225 - __main__ - INFO - Schema: Not provided
2026-01-06 10:40:39,227 - database_navigator - INFO - DatabaseNavigator initialized
2026-01-06 10:40:39,228 - __main__ - INFO - Connecting with config: {'host': 'localhost', 'port': 5432, 'database': 'dq_checks', 'user': 'postgres', 'password': 'postgres'}
2026-01-06 10:40:39,229 - database_navigator - INFO - Connecting to POSTGRESQL...
2026-01-06 10:40:39,229 - database_navigator - INFO - Connecting to PostgreSQL...
2026-01-06 10:40:39,231 - database_navigator - INFO - Connecting to PostgreSQL: host=localhost, port=5432, database=postgres, user=postgres
2026-01-06 10:40:39,337 - database_navigator - INFO - Connection object created: <connection object at 0x0000021A55E43890; dsn: 'user=postgres password=xxx dbname=postgres host=localhost port=5432', closed: 0>
2026-01-06 10:40:39,338 - database_navigator - INFO - ✅ PostgreSQL connection successful to database: postgres
2026-01-06 10:40:39,339 - __main__ - INFO - Getting databases list...
2026-01-06 10:40:39,341 - database_navigator - INFO - get_databases() called. db_type: postgresql, connection exists: True
2026-01-06 10:40:39,342 - database_navigator - INFO - DEBUG: Checking connection - self.connection = <connection object at 0x0000021A55E43890; dsn: 'user=postgres password=xxx dbname=postgres host=localhost port=5432', closed: 0>
2026-01-06 10:40:39,342 - database_navigator - INFO - Found 0 databases
2026-01-06 10:40:39,343 - __main__ - INFO - Found 0 databases
2026-01-06 10:40:39,344 - __main__ - INFO - Completed with status 200 in 0.122s
