2026-01-08 14:38:35,512 - __main__ - INFO - 🌐 API Server Logging Initialized
2026-01-08 14:38:35,513 - __main__ - INFO - 📝 Logs saved to: logs/dq_api_20260108_143835.log
2026-01-08 14:38:35,576 - __main__ - INFO - APP_SETTINGS loaded. Audit enabled: True
2026-01-08 14:38:35,576 - __main__ - INFO - ✅ All DQ modules loaded successfully
2026-01-08 14:38:35,580 - dq_error_log - INFO - ErrorLogger initialized with database: dq_checks
2026-01-08 14:38:35,581 - dq_audit - INFO - Audit class initialized with database: dq_checks
2026-01-08 14:38:35,581 - __main__ - INFO - ✅ ErrorLogger and DataQualityAudit initialized
2026-01-08 14:38:35,592 - __main__ - INFO - 🚀 Starting Data Quality Framework API
2026-01-08 14:38:35,593 - __main__ - INFO - 📊 Modules available: True
2026-01-08 14:38:35,594 - __main__ - INFO - 🔧 Config file mode: False
2026-01-08 14:38:35,595 - __main__ - INFO - 📋 Available endpoints:
2026-01-08 14:38:35,595 - __main__ - INFO -   GET  /              - API status
2026-01-08 14:38:35,597 - __main__ - INFO -   GET  /api/health    - Health check
2026-01-08 14:38:35,597 - __main__ - INFO -   POST /api/check-single - Single source analysis
2026-01-08 14:38:35,598 - __main__ - INFO -   POST /api/compare   - Source-target comparison
2026-01-08 14:38:35,599 - __main__ - INFO -   POST /api/upload    - File upload
2026-01-08 14:38:35,599 - __main__ - INFO -   GET  /api/sessions  - List sessions
2026-01-08 14:38:35,602 - __main__ - INFO -   GET  /api/sessions/<id> - Get session data
2026-01-08 14:38:35,603 - __main__ - INFO -   GET  /api/debug-db  - Database debug
2026-01-08 14:38:35,604 - __main__ - INFO - 🌍 Server starting on 0.0.0.0:5000 (debug=False)
2026-01-08 14:38:52,324 - __main__ - INFO - POST /api/compare - Request started
2026-01-08 14:38:52,326 - __main__ - INFO - DEBUG: Received data: {'source_type': 'csv', 'source_file_path': 'test_target.csv', 'target_source_type': 'csv', 'target_file_path': 'test_target.csv', 'selected_columns': 'all'}
2026-01-08 14:38:52,328 - __main__ - INFO - DEBUG: source_type: csv
2026-01-08 14:38:52,329 - __main__ - INFO - DEBUG: source_file_path type: <class 'str'>
2026-01-08 14:38:52,331 - __main__ - INFO - DEBUG: source_file_path value: test_target.csv
2026-01-08 14:38:52,331 - __main__ - INFO - Comparison analysis request received
2026-01-08 14:38:52,334 - __main__ - INFO - DEBUG source_data from flat: {'source_type': 'csv', 'source_file_path': 'test_target.csv', 'target_source_type': 'csv', 'target_file_path': 'test_target.csv', 'selected_columns': 'all'}
2026-01-08 14:38:52,337 - __main__ - INFO - Starting comparison for session CMP_20260108_143852
2026-01-08 14:38:52,339 - dq_comparison - INFO - Starting comparison analysis in UI mode
2026-01-08 14:38:52,341 - dq_comparison - INFO - LOADING SOURCE AND TARGET DATA
2026-01-08 14:38:52,342 - dq_comparison - INFO - 
==================================================
2026-01-08 14:38:52,345 - dq_comparison - INFO - 🔗 SOURCE DATA CONFIGURATION
2026-01-08 14:38:52,347 - dq_comparison - INFO - ==================================================
2026-01-08 14:38:52,350 - dq_comparison - ERROR - CSV file not found: test_target.csv
2026-01-08 14:38:52,351 - dq_comparison - INFO - 
==================================================
2026-01-08 14:38:52,353 - dq_comparison - INFO - 🔗 TARGET DATA CONFIGURATION
2026-01-08 14:38:52,354 - dq_comparison - INFO - ==================================================
2026-01-08 14:38:52,357 - dq_comparison - ERROR - CSV file not found: test_target.csv
2026-01-08 14:38:52,358 - dq_comparison - ERROR - Failed to load source or target data
2026-01-08 14:38:52,359 - dq_comparison - ERROR - Failed to load source or target data
2026-01-08 14:38:52,361 - __main__ - WARNING - Comparison completed with errors: Failed to load source or target data
2026-01-08 14:38:52,364 - __main__ - INFO - Completed with status 200 in 0.040s
2026-01-08 14:44:10,292 - __main__ - INFO - POST /api/compare - Request started
2026-01-08 14:44:10,294 - __main__ - INFO - DEBUG: Received data: {'source_type': 'csv', 'source_file_path': 'test_target.csv', 'target_source_type': 'csv', 'target_file_path': 'test_target.csv', 'selected_columns': 'all'}
2026-01-08 14:44:10,296 - __main__ - INFO - DEBUG: source_type: csv
2026-01-08 14:44:10,297 - __main__ - INFO - DEBUG: source_file_path type: <class 'str'>
2026-01-08 14:44:10,299 - __main__ - INFO - DEBUG: source_file_path value: test_target.csv
2026-01-08 14:44:10,300 - __main__ - INFO - Comparison analysis request received
2026-01-08 14:44:10,301 - __main__ - INFO - DEBUG source_data from flat: {'source_type': 'csv', 'source_file_path': 'test_target.csv', 'target_source_type': 'csv', 'target_file_path': 'test_target.csv', 'selected_columns': 'all'}
2026-01-08 14:44:10,303 - __main__ - INFO - Starting comparison for session CMP_20260108_144410
2026-01-08 14:44:10,304 - dq_comparison - INFO - Starting comparison analysis in UI mode
2026-01-08 14:44:10,305 - dq_comparison - INFO - LOADING SOURCE AND TARGET DATA
2026-01-08 14:44:10,307 - dq_comparison - INFO - 
==================================================
2026-01-08 14:44:10,309 - dq_comparison - INFO - 🔗 SOURCE DATA CONFIGURATION
2026-01-08 14:44:10,313 - dq_comparison - INFO - ==================================================
2026-01-08 14:44:10,315 - dq_comparison - ERROR - CSV file not found: test_target.csv
2026-01-08 14:44:10,317 - dq_comparison - INFO - 
==================================================
2026-01-08 14:44:10,319 - dq_comparison - INFO - 🔗 TARGET DATA CONFIGURATION
2026-01-08 14:44:10,319 - dq_comparison - INFO - ==================================================
2026-01-08 14:44:10,321 - dq_comparison - ERROR - CSV file not found: test_target.csv
2026-01-08 14:44:10,324 - dq_comparison - ERROR - Failed to load source or target data
2026-01-08 14:44:10,327 - dq_comparison - ERROR - Failed to load source or target data
2026-01-08 14:44:10,329 - __main__ - WARNING - Comparison completed with errors: Failed to load source or target data
2026-01-08 14:44:10,332 - __main__ - INFO - Completed with status 200 in 0.040s
2026-01-08 14:50:54,322 - __main__ - INFO - POST /api/compare - Request started
2026-01-08 14:50:54,324 - __main__ - INFO - DEBUG: Received data: {'source_type': 'csv', 'source_file_path': 'C:/Users/003160/OneDrive - wisseninfotech.com/Documents/DQ-Checks-Shashi/API_Test_Scrips/sorce-target/test_target.csv', 'target_source_type': 'csv', 'target_file_path': 'C:/Users/003160/OneDrive - wisseninfotech.com/Documents/DQ-Checks-Shashi/API_Test_Scrips/sorce-target/test_target.csv', 'selected_columns': 'all'}
2026-01-08 14:50:54,326 - __main__ - INFO - DEBUG: source_type: csv
2026-01-08 14:50:54,329 - __main__ - INFO - DEBUG: source_file_path type: <class 'str'>
2026-01-08 14:50:54,330 - __main__ - INFO - DEBUG: source_file_path value: C:/Users/003160/OneDrive - wisseninfotech.com/Documents/DQ-Checks-Shashi/API_Test_Scrips/sorce-target/test_target.csv
2026-01-08 14:50:54,332 - __main__ - INFO - Comparison analysis request received
2026-01-08 14:50:54,334 - __main__ - INFO - DEBUG source_data from flat: {'source_type': 'csv', 'source_file_path': 'C:/Users/003160/OneDrive - wisseninfotech.com/Documents/DQ-Checks-Shashi/API_Test_Scrips/sorce-target/test_target.csv', 'target_source_type': 'csv', 'target_file_path': 'C:/Users/003160/OneDrive - wisseninfotech.com/Documents/DQ-Checks-Shashi/API_Test_Scrips/sorce-target/test_target.csv', 'selected_columns': 'all'}
2026-01-08 14:50:54,337 - __main__ - INFO - Starting comparison for session CMP_20260108_145054
2026-01-08 14:50:54,340 - dq_comparison - INFO - Starting comparison analysis in UI mode
2026-01-08 14:50:54,342 - dq_comparison - INFO - LOADING SOURCE AND TARGET DATA
2026-01-08 14:50:54,344 - dq_comparison - INFO - 
==================================================
2026-01-08 14:50:54,346 - dq_comparison - INFO - 🔗 SOURCE DATA CONFIGURATION
2026-01-08 14:50:54,346 - dq_comparison - INFO - ==================================================
2026-01-08 14:50:54,358 - dq_comparison - ERROR - Error loading SOURCE CSV: isinstance() arg 2 must be a type, a tuple of types, or a union
2026-01-08 14:50:54,359 - dq_comparison - INFO - 
==================================================
2026-01-08 14:50:54,360 - dq_comparison - INFO - 🔗 TARGET DATA CONFIGURATION
2026-01-08 14:50:54,361 - dq_comparison - INFO - ==================================================
2026-01-08 14:50:54,367 - dq_comparison - ERROR - Error loading TARGET CSV: isinstance() arg 2 must be a type, a tuple of types, or a union
2026-01-08 14:50:54,367 - dq_comparison - ERROR - Failed to load source or target data
2026-01-08 14:50:54,368 - dq_comparison - ERROR - Failed to load source or target data
2026-01-08 14:50:54,369 - __main__ - WARNING - Comparison completed with errors: Failed to load source or target data
2026-01-08 14:50:54,370 - __main__ - INFO - Completed with status 200 in 0.048s
