2026-01-05 23:16:10,349 - __main__ - INFO - 🌐 API Server Logging Initialized
2026-01-05 23:16:10,350 - __main__ - INFO - 📝 Logs saved to: logs/dq_api_20260105_231610.log
2026-01-05 23:16:10,448 - __main__ - INFO - APP_SETTINGS loaded. Audit enabled: True
2026-01-05 23:16:10,449 - __main__ - INFO - ✅ All DQ modules loaded successfully
2026-01-05 23:16:10,455 - dq_error_log - INFO - ErrorLogger initialized with database: dq_checks
2026-01-05 23:16:10,456 - dq_audit - INFO - Audit class initialized with database: dq_checks
2026-01-05 23:16:10,457 - __main__ - INFO - ✅ ErrorLogger and DataQualityAudit initialized
2026-01-05 23:16:10,467 - __main__ - INFO - 🚀 Starting Data Quality Framework API
2026-01-05 23:16:10,468 - __main__ - INFO - 📊 Modules available: True
2026-01-05 23:16:10,469 - __main__ - INFO - 🔧 Config file mode: False
2026-01-05 23:16:10,470 - __main__ - INFO - 📋 Available endpoints:
2026-01-05 23:16:10,472 - __main__ - INFO -   GET  /              - API status
2026-01-05 23:16:10,473 - __main__ - INFO -   GET  /api/health    - Health check
2026-01-05 23:16:10,474 - __main__ - INFO -   POST /api/check-single - Single source analysis
2026-01-05 23:16:10,474 - __main__ - INFO -   POST /api/compare   - Source-target comparison
2026-01-05 23:16:10,475 - __main__ - INFO -   POST /api/upload    - File upload
2026-01-05 23:16:10,476 - __main__ - INFO -   GET  /api/sessions  - List sessions
2026-01-05 23:16:10,477 - __main__ - INFO -   GET  /api/sessions/<id> - Get session data
2026-01-05 23:16:10,477 - __main__ - INFO -   GET  /api/debug-db  - Database debug
2026-01-05 23:16:10,478 - __main__ - INFO - 🌍 Server starting on 0.0.0.0:5000 (debug=False)
2026-01-05 23:16:14,663 - __main__ - INFO - POST /api/database-hierarchy - Request started
2026-01-05 23:16:14,665 - __main__ - INFO - Getting database hierarchy for postgresql
2026-01-05 23:16:14,666 - __main__ - INFO - Database: Not provided
2026-01-05 23:16:14,668 - __main__ - INFO - Schema: Not provided
2026-01-05 23:16:14,670 - database_navigator - INFO - DatabaseNavigator initialized
2026-01-05 23:16:14,671 - __main__ - INFO - Connecting with config: {'host': 'localhost', 'port': 5432, 'user': 'postgres', 'password': 'postgres'}
2026-01-05 23:16:14,673 - database_navigator - INFO - Connecting to POSTGRESQL...
2026-01-05 23:16:14,674 - database_navigator - INFO - Connecting to PostgreSQL...
2026-01-05 23:16:14,676 - database_navigator - INFO - Connecting to PostgreSQL: host=localhost, port=5432, database=postgres, user=postgres
2026-01-05 23:16:14,988 - database_navigator - INFO - Connection object created: <connection object at 0x0000021201C20150; dsn: 'user=postgres password=xxx dbname=postgres host=localhost port=5432', closed: 0>
2026-01-05 23:16:14,990 - database_navigator - INFO - ✅ PostgreSQL connection successful to database: postgres
2026-01-05 23:16:14,992 - __main__ - INFO - Getting databases list...
2026-01-05 23:16:14,993 - database_navigator - INFO - get_databases() called. db_type: postgresql, connection exists: True
2026-01-05 23:16:14,996 - database_navigator - INFO - DEBUG: Checking connection - self.connection = <connection object at 0x0000021201C20150; dsn: 'user=postgres password=xxx dbname=postgres host=localhost port=5432', closed: 0>
2026-01-05 23:16:14,996 - database_navigator - INFO - Found 0 databases
2026-01-05 23:16:14,998 - __main__ - INFO - Found 0 databases
2026-01-05 23:16:15,000 - __main__ - INFO - Completed with status 200 in 0.337s
