2026-02-14 17:15:40,027 - __main__ - INFO - 🌐 API Server Logging Initialized
2026-02-14 17:15:40,029 - __main__ - INFO - 📝 Logs saved to: logs/dq_api_20260214_171540.log
2026-02-14 17:15:40,136 - __main__ - INFO - APP_SETTINGS loaded. Audit enabled: True
2026-02-14 17:15:40,137 - __main__ - INFO - ✅ All DQ modules loaded successfully
2026-02-14 17:15:40,140 - dq_error_log - INFO - ErrorLogger initialized with database: dq_checks
2026-02-14 17:15:40,141 - dq_audit - INFO - Audit class initialized with database: dq_checks
2026-02-14 17:15:40,142 - __main__ - INFO - ✅ ErrorLogger and DataQualityAudit initialized
2026-02-14 17:15:40,155 - __main__ - INFO - 🚀 Starting Data Quality Framework API
2026-02-14 17:15:40,156 - __main__ - INFO - 📊 Modules available: True
2026-02-14 17:15:40,157 - __main__ - INFO - 🔧 Config file mode: False
2026-02-14 17:15:40,158 - __main__ - INFO - 📋 Available endpoints:
2026-02-14 17:15:40,159 - __main__ - INFO -   GET  /              - API status
2026-02-14 17:15:40,161 - __main__ - INFO -   GET  /api/health    - Health check
2026-02-14 17:15:40,162 - __main__ - INFO -   POST /api/check-single - Single source analysis
2026-02-14 17:15:40,163 - __main__ - INFO -   POST /api/compare   - Source-target comparison
2026-02-14 17:15:40,164 - __main__ - INFO -   GET  /api/compare/{id} - Get comparison results
2026-02-14 17:15:40,165 - __main__ - INFO -   GET  /api/compare/{id}/mismatches - Paginated mismatches
2026-02-14 17:15:40,166 - __main__ - INFO -   GET  /api/compare/{id}/rows/count - Row counts
2026-02-14 17:15:40,167 - __main__ - INFO -   POST /api/upload    - File upload
2026-02-14 17:15:40,168 - __main__ - INFO -   GET  /api/sessions  - List sessions
2026-02-14 17:15:40,169 - __main__ - INFO -   GET  /api/sessions/<id> - Get session data
2026-02-14 17:15:40,170 - __main__ - INFO -   GET  /api/debug-db  - Database debug
2026-02-14 17:15:40,171 - __main__ - INFO - 🌍 Server starting on 0.0.0.0:5000 (debug=False)
2026-02-14 17:16:39,567 - __main__ - INFO - POST /api/upload - Request started
2026-02-14 17:16:39,591 - __main__ - INFO - File uploaded: 20260214_171639_Advance15.csv (csv)
2026-02-14 17:16:39,594 - __main__ - INFO - Completed with status 200 in 0.027s
2026-02-14 17:16:39,943 - __main__ - INFO - POST /api/advanced - Request started
2026-02-14 17:16:39,944 - __main__ - INFO - Advanced checks request received
2026-02-14 17:16:39,946 - __main__ - INFO - DEBUG: Received columns_input: [] (type: <class 'list'>)
2026-02-14 17:16:39,947 - __main__ - INFO - DEBUG: Using as-is: []
2026-02-14 17:16:39,948 - __main__ - INFO - Starting advanced checks for session ADV_20260214_171639_5690427d
2026-02-14 17:16:39,949 - dq_advanced - INFO - Starting advanced checks in UI/API mode
2026-02-14 17:16:39,952 - dq_advanced - INFO - LOADING DATA FOR ADVANCED CHECKS
2026-02-14 17:16:39,953 - dq_unified - INFO - Prompting user for data source type
2026-02-14 17:16:39,953 - dq_unified - INFO - UI Data source_type: csv
2026-02-14 17:16:39,954 - dq_unified - INFO - Using source_type from UI data: csv
2026-02-14 17:16:39,955 - dq_unified - INFO - Loading data from CSV
2026-02-14 17:16:39,956 - dq_unified - INFO - Loading large CSV: C:/Users/006398/Desktop/Accilerator/BACKEND/Data_Quality_Framework/uploads/20260214_171639_Advance15.csv
2026-02-14 17:16:39,960 - dq_unified - INFO - CSV file has 15 rows
2026-02-14 17:16:39,961 - dq_unified - INFO - Loading 15 rows from CSV...
2026-02-14 17:16:39,973 - dq_unified - INFO - Loaded 15 rows from CSV
2026-02-14 17:16:39,982 - dq_unified - INFO - Memory optimization: 0.0MB -> 0.0MB (Saved: 0.0MB)
2026-02-14 17:16:39,983 - dq_unified - INFO - Loaded 15 rows, 10 columns. Memory: 103.7MB total, 0.0MB for dataframe
2026-02-14 17:16:39,984 - dq_advanced - INFO - Data loaded: 15 rows, 10 columns from CSV: 20260214_171639_Advance15.csv
2026-02-14 17:16:39,984 - dq_error_log - INFO - ErrorLogger initialized with database: dq_checks
2026-02-14 17:16:40,247 - mysql.connector - INFO - package: mysql.connector.plugins
2026-02-14 17:16:40,248 - mysql.connector - INFO - plugin_name: caching_sha2_password
2026-02-14 17:16:40,250 - mysql.connector - INFO - AUTHENTICATION_PLUGIN_CLASS: MySQLCachingSHA2PasswordAuthPlugin
2026-02-14 17:16:40,257 - mysql.connector - INFO - package: mysql.connector.plugins
2026-02-14 17:16:40,258 - mysql.connector - INFO - plugin_name: mysql_native_password
2026-02-14 17:16:40,264 - mysql.connector - INFO - AUTHENTICATION_PLUGIN_CLASS: MySQLNativePasswordAuthPlugin
2026-02-14 17:16:40,286 - dq_error_log - INFO - Database connection successful
2026-02-14 17:16:40,289 - dq_advanced - INFO - Session ID: ADV_20260214_171640_9295
2026-02-14 17:16:40,290 - dq_advanced - INFO - Starting comprehensive validations on 15 rows, 10 columns
2026-02-14 17:16:40,304 - dq_advanced - INFO - Memory: 2309MB available, 0.0003MB/row, Optimal batch: 50000 rows
2026-02-14 17:16:40,306 - dq_advanced - INFO - Auto-calculated batch size: 50000 rows
2026-02-14 17:16:40,307 - dq_advanced - INFO - Analyzing 10 columns...
2026-02-14 17:16:40,310 - dq_advanced - INFO - Analyzed column 'transaction_id': numeric with 1 patterns
2026-02-14 17:16:40,314 - dq_advanced - INFO - Analyzed column 'account_number': numeric with 3 patterns
2026-02-14 17:16:40,316 - dq_advanced - INFO - Analyzed column 'customer_name': text with 0 patterns
2026-02-14 17:16:40,318 - dq_advanced - INFO - Analyzed column 'email': text with 1 patterns
2026-02-14 17:16:40,323 - dq_advanced - INFO - Analyzed column 'transaction_date': date with 2 patterns
2026-02-14 17:16:40,325 - dq_advanced - INFO - Analyzed column 'amount': numeric with 0 patterns
2026-02-14 17:16:40,328 - dq_advanced - INFO - Analyzed column 'currency': text with 1 patterns
2026-02-14 17:16:40,331 - dq_advanced - INFO - Analyzed column 'balance': numeric with 0 patterns
2026-02-14 17:16:40,334 - dq_advanced - INFO - Analyzed column 'status': text with 0 patterns
2026-02-14 17:16:40,336 - dq_advanced - INFO - Analyzed column 'remarks': text with 0 patterns
2026-02-14 17:16:40,352 - dq_error_log - INFO - Starting batch logging for 29 errors, session: ADV_20260214_171640_9295
2026-02-14 17:16:40,478 - dq_error_log - INFO - Batch 1: Successfully logged 29 errors
2026-02-14 17:16:40,481 - dq_error_log - INFO - Progress: 29/29 errors processed
2026-02-14 17:16:40,482 - dq_error_log - INFO - COMPLETE: Logged 29/29 errors for session ADV_20260214_171640_9295
2026-02-14 17:16:40,484 - dq_audit - INFO - Audit class initialized with database: dq_checks
2026-02-14 17:16:40,486 - dq_audit - INFO - Starting database insertion for advanced...
2026-02-14 17:16:40,615 - dq_audit - INFO - Inserted advanced record with ID: 589
2026-02-14 17:16:40,618 - dq_advanced - INFO - Audit record logged with ID: 589
2026-02-14 17:16:40,730 - dq_error_log - INFO - Retrieved 29 error logs for session ADV_20260214_171640_9295
2026-02-14 17:16:40,832 - dq_error_log - INFO - Retrieved summary: 29 total errors for session ADV_20260214_171640_9295
2026-02-14 17:16:40,834 - dq_audit - INFO - Audit class initialized with database: dq_checks
2026-02-14 17:16:40,949 - dq_audit - INFO - Retrieved 1 audit logs for session ADV_20260214_171640_9295
2026-02-14 17:16:40,951 - dq_advanced - INFO - Advanced checks completed for session ADV_20260214_171640_9295
2026-02-14 17:16:41,064 - dq_error_log - INFO - Retrieved 29 error logs for session ADV_20260214_171640_9295
2026-02-14 17:16:41,172 - dq_error_log - INFO - Retrieved summary: 29 total errors for session ADV_20260214_171640_9295
2026-02-14 17:16:41,295 - dq_audit - INFO - Retrieved 1 audit logs for session ADV_20260214_171640_9295
2026-02-14 17:16:41,297 - __main__ - INFO - Advanced checks completed for session ADV_20260214_171640_9295
2026-02-14 17:16:41,300 - __main__ - INFO - Completed with status 200 in 1.358s
2026-02-14 17:16:41,360 - __main__ - INFO - GET /api/advanced/ADV_20260214_171639_5690427d - Request started
2026-02-14 17:16:41,530 - dq_error_log - INFO - Retrieved 0 error logs for session ADV_20260214_171639_5690427d
2026-02-14 17:16:41,534 - __main__ - INFO - Completed with status 200 in 0.174s
2026-02-14 17:16:41,860 - __main__ - INFO - GET /api/advanced/ADV_20260214_171639_5690427d - Request started
2026-02-14 17:16:41,983 - dq_error_log - INFO - Retrieved 0 error logs for session ADV_20260214_171639_5690427d
2026-02-14 17:16:41,985 - __main__ - INFO - Completed with status 200 in 0.125s
2026-02-14 17:17:05,249 - __main__ - INFO - POST /api/upload - Request started
2026-02-14 17:17:05,282 - __main__ - INFO - File uploaded: 20260214_171705_finance100.csv (csv)
2026-02-14 17:17:05,285 - __main__ - INFO - Completed with status 200 in 0.036s
2026-02-14 17:17:05,312 - __main__ - INFO - POST /api/advanced - Request started
2026-02-14 17:17:05,313 - __main__ - INFO - Advanced checks request received
2026-02-14 17:17:05,316 - __main__ - INFO - DEBUG: Received columns_input: [] (type: <class 'list'>)
2026-02-14 17:17:05,317 - __main__ - INFO - DEBUG: Using as-is: []
2026-02-14 17:17:05,319 - __main__ - INFO - Starting advanced checks for session ADV_20260214_171705_5534ca77
2026-02-14 17:17:05,321 - dq_advanced - INFO - Starting advanced checks in UI/API mode
2026-02-14 17:17:05,325 - dq_advanced - INFO - LOADING DATA FOR ADVANCED CHECKS
2026-02-14 17:17:05,327 - dq_unified - INFO - Prompting user for data source type
2026-02-14 17:17:05,328 - dq_unified - INFO - UI Data source_type: csv
2026-02-14 17:17:05,330 - dq_unified - INFO - Using source_type from UI data: csv
2026-02-14 17:17:05,333 - dq_unified - INFO - Loading data from CSV
2026-02-14 17:17:05,334 - dq_unified - INFO - Loading large CSV: C:/Users/006398/Desktop/Accilerator/BACKEND/Data_Quality_Framework/uploads/20260214_171705_finance100.csv
2026-02-14 17:17:05,340 - dq_unified - INFO - CSV file has 100 rows
2026-02-14 17:17:05,342 - dq_unified - INFO - Loading 100 rows from CSV...
2026-02-14 17:17:05,351 - dq_unified - INFO - Loaded 100 rows from CSV
2026-02-14 17:17:05,361 - dq_unified - INFO - Memory optimization: 0.0MB -> 0.0MB (Saved: 0.0MB)
2026-02-14 17:17:05,364 - dq_unified - INFO - Loaded 100 rows, 10 columns. Memory: 111.9MB total, 0.0MB for dataframe
2026-02-14 17:17:05,365 - dq_advanced - INFO - Data loaded: 100 rows, 10 columns from CSV: 20260214_171705_finance100.csv
2026-02-14 17:17:05,367 - dq_error_log - INFO - ErrorLogger initialized with database: dq_checks
2026-02-14 17:17:05,535 - dq_error_log - INFO - Database connection successful
2026-02-14 17:17:05,538 - dq_advanced - INFO - Session ID: ADV_20260214_171705_8112
2026-02-14 17:17:05,539 - dq_advanced - INFO - Starting comprehensive validations on 100 rows, 10 columns
2026-02-14 17:17:05,575 - dq_advanced - INFO - Memory: 2192MB available, 0.0002MB/row, Optimal batch: 50000 rows
2026-02-14 17:17:05,576 - dq_advanced - INFO - Auto-calculated batch size: 50000 rows
2026-02-14 17:17:05,577 - dq_advanced - INFO - Analyzing 10 columns...
2026-02-14 17:17:05,583 - dq_advanced - INFO - Analyzed column 'transaction_id': numeric with 1 patterns
2026-02-14 17:17:05,588 - dq_advanced - INFO - Analyzed column 'account_number': numeric with 3 patterns
2026-02-14 17:17:05,592 - dq_advanced - INFO - Analyzed column 'customer_name': text with 0 patterns
2026-02-14 17:17:05,597 - dq_advanced - INFO - Analyzed column 'email': text with 1 patterns
2026-02-14 17:17:05,602 - dq_advanced - INFO - Analyzed column 'transaction_date': date with 2 patterns
2026-02-14 17:17:05,607 - dq_advanced - INFO - Analyzed column 'amount': numeric with 0 patterns
2026-02-14 17:17:05,611 - dq_advanced - INFO - Analyzed column 'currency': text with 1 patterns
2026-02-14 17:17:05,616 - dq_advanced - INFO - Analyzed column 'balance': numeric with 0 patterns
2026-02-14 17:17:05,622 - dq_advanced - INFO - Analyzed column 'status': text with 0 patterns
2026-02-14 17:17:05,627 - dq_advanced - INFO - Analyzed column 'remarks': text with 0 patterns
2026-02-14 17:17:05,704 - dq_error_log - INFO - Starting batch logging for 158 errors, session: ADV_20260214_171705_8112
2026-02-14 17:17:05,940 - dq_error_log - INFO - Batch 1: Successfully logged 158 errors
2026-02-14 17:17:05,942 - dq_error_log - INFO - Progress: 158/158 errors processed
2026-02-14 17:17:05,943 - dq_error_log - INFO - COMPLETE: Logged 158/158 errors for session ADV_20260214_171705_8112
2026-02-14 17:17:05,946 - dq_audit - INFO - Audit class initialized with database: dq_checks
2026-02-14 17:17:05,946 - dq_audit - INFO - Starting database insertion for advanced...
2026-02-14 17:17:06,072 - dq_audit - INFO - Inserted advanced record with ID: 590
2026-02-14 17:17:06,075 - dq_advanced - INFO - Audit record logged with ID: 590
2026-02-14 17:17:06,236 - dq_error_log - INFO - Retrieved 100 error logs for session ADV_20260214_171705_8112
2026-02-14 17:17:06,396 - dq_error_log - INFO - Retrieved summary: 158 total errors for session ADV_20260214_171705_8112
2026-02-14 17:17:06,400 - dq_audit - INFO - Audit class initialized with database: dq_checks
2026-02-14 17:17:06,543 - dq_audit - INFO - Retrieved 1 audit logs for session ADV_20260214_171705_8112
2026-02-14 17:17:06,546 - dq_advanced - INFO - Advanced checks completed for session ADV_20260214_171705_8112
2026-02-14 17:17:06,708 - dq_error_log - INFO - Retrieved 100 error logs for session ADV_20260214_171705_8112
2026-02-14 17:17:06,851 - dq_error_log - INFO - Retrieved summary: 158 total errors for session ADV_20260214_171705_8112
2026-02-14 17:17:06,988 - dq_audit - INFO - Retrieved 1 audit logs for session ADV_20260214_171705_8112
2026-02-14 17:17:06,991 - __main__ - INFO - Advanced checks completed for session ADV_20260214_171705_8112
2026-02-14 17:17:06,999 - __main__ - INFO - Completed with status 200 in 1.687s
2026-02-14 17:17:07,027 - __main__ - INFO - GET /api/advanced/ADV_20260214_171705_5534ca77 - Request started
2026-02-14 17:17:07,203 - dq_error_log - INFO - Retrieved 0 error logs for session ADV_20260214_171705_5534ca77
2026-02-14 17:17:07,208 - __main__ - INFO - Completed with status 200 in 0.181s
2026-02-14 17:17:07,225 - __main__ - INFO - GET /api/advanced/ADV_20260214_171705_5534ca77 - Request started
2026-02-14 17:17:07,402 - dq_error_log - INFO - Retrieved 0 error logs for session ADV_20260214_171705_5534ca77
2026-02-14 17:17:07,407 - __main__ - INFO - Completed with status 200 in 0.182s
2026-02-14 17:30:46,519 - __main__ - INFO - GET /api/advanced/ADV_20260214_171705_8112 - Request started
2026-02-14 17:30:46,522 - __main__ - INFO - Completed with status 404 in 0.003s
