2025-12-26 20:11:22,388 - __main__ - INFO - 🌐 API Server Logging Initialized
2025-12-26 20:11:22,390 - __main__ - INFO - 📝 Logs saved to: logs/dq_api_20251226_201122.log
2025-12-26 20:11:22,609 - __main__ - INFO - APP_SETTINGS loaded. Audit enabled: True
2025-12-26 20:11:22,610 - __main__ - INFO - ✅ All DQ modules loaded successfully
2025-12-26 20:11:22,612 - dq_error_log - INFO - ErrorLogger initialized with database: dq_checks
2025-12-26 20:11:22,613 - dq_audit - INFO - Audit class initialized with database: dq_checks
2025-12-26 20:11:22,613 - __main__ - INFO - ✅ ErrorLogger and DataQualityAudit initialized
2025-12-26 20:11:22,619 - __main__ - INFO - 🚀 Starting Data Quality Framework API
2025-12-26 20:11:22,619 - __main__ - INFO - 📊 Modules available: True
2025-12-26 20:11:22,620 - __main__ - INFO - 🔧 Config file mode: False
2025-12-26 20:11:22,621 - __main__ - INFO - 📋 Available endpoints:
2025-12-26 20:11:22,622 - __main__ - INFO -   GET  /              - API status
2025-12-26 20:11:22,623 - __main__ - INFO -   GET  /api/health    - Health check
2025-12-26 20:11:22,624 - __main__ - INFO -   POST /api/check-single - Single source analysis
2025-12-26 20:11:22,624 - __main__ - INFO -   POST /api/compare   - Source-target comparison
2025-12-26 20:11:22,625 - __main__ - INFO -   POST /api/upload    - File upload
2025-12-26 20:11:22,626 - __main__ - INFO -   GET  /api/sessions  - List sessions
2025-12-26 20:11:22,627 - __main__ - INFO -   GET  /api/sessions/<id> - Get session data
2025-12-26 20:11:22,628 - __main__ - INFO -   GET  /api/debug-db  - Database debug
2025-12-26 20:11:22,628 - __main__ - INFO - 🌍 Server starting on 0.0.0.0:5000 (debug=False)
2025-12-26 20:11:31,400 - __main__ - INFO - GET /api/health - Request started
2025-12-26 20:11:31,401 - __main__ - INFO - Completed with status 200 in 0.001s
2025-12-26 20:11:33,451 - __main__ - INFO - POST /api/check-single - Request started
2025-12-26 20:11:33,451 - __main__ - INFO - Single source analysis request received
2025-12-26 20:11:33,453 - __main__ - INFO - Starting analysis for session SINGLE_20251226_201133_1d98c46b
2025-12-26 20:11:33,454 - __main__ - INFO - UI Data being passed to dq_unified:
2025-12-26 20:11:33,454 - __main__ - INFO -   source_type: csv
2025-12-26 20:11:33,455 - __main__ - INFO -   file_path: C:/Users/003160/OneDrive - wisseninfotech.com/Documents/DQ-Checks-Shashi/Test_data/sample_data.csv
2025-12-26 20:11:33,456 - __main__ - INFO -   sheet_name: None
2025-12-26 20:11:33,456 - __main__ - INFO -   mandatory_fields: all
2025-12-26 20:11:33,456 - dq_unified - INFO - ==================================================
2025-12-26 20:11:33,458 - dq_unified - INFO - RUN_SINGLE_SOURCE_ANALYSIS_UI - START
2025-12-26 20:11:33,458 - dq_unified - INFO - UI Data received: {'analysis_type': 'single', 'source_type': 'csv', 'mandatory_fields': 'all', 'file_path': 'C:/Users/003160/OneDrive - wisseninfotech.com/Documents/DQ-Checks-Shashi/Test_data/sample_data.csv'}
2025-12-26 20:11:33,458 - dq_unified - INFO - UI Data keys: ['analysis_type', 'source_type', 'mandatory_fields', 'file_path']
2025-12-26 20:11:33,460 - dq_unified - INFO - Prompting user for data source type
2025-12-26 20:11:33,460 - dq_unified - INFO - UI Data source_type: csv
2025-12-26 20:11:33,461 - dq_unified - INFO - Using source_type from UI data: csv
2025-12-26 20:11:33,462 - dq_unified - INFO - Loading data from CSV
2025-12-26 20:11:33,463 - dq_unified - INFO - Loading data from CSV
2025-12-26 20:11:33,463 - dq_unified - INFO - Loading large CSV: C:/Users/003160/OneDrive - wisseninfotech.com/Documents/DQ-Checks-Shashi/Test_data/sample_data.csv
2025-12-26 20:11:33,466 - dq_unified - INFO - CSV file has 15 rows
2025-12-26 20:11:33,466 - dq_unified - INFO - Loading 15 rows from CSV...
2025-12-26 20:11:33,478 - dq_unified - INFO - Loaded 15 rows from CSV
2025-12-26 20:11:33,483 - dq_unified - INFO - Memory optimization: 0.0MB -> 0.0MB (Saved: 0.0MB)
2025-12-26 20:11:33,485 - dq_unified - INFO - Loaded 15 rows, 10 columns. Memory: 99.8MB total, 0.0MB for dataframe
2025-12-26 20:11:33,486 - dq_error_log - INFO - ErrorLogger initialized with database: dq_checks
2025-12-26 20:11:33,487 - dq_unified - INFO - API Mode: Created ErrorLogger for session SINGLE_20251226_201133
2025-12-26 20:11:33,487 - dq_unified - INFO - Checking for null cells (not empty strings)
2025-12-26 20:11:33,488 - dq_unified - WARNING - Column 'CustomerName': 1 null cells (6.7%)
2025-12-26 20:11:33,585 - dq_error_log - INFO - Batch logged 1 errors for session SINGLE_20251226_201133
2025-12-26 20:11:33,587 - dq_unified - WARNING - Column 'Email': 1 null cells (6.7%)
2025-12-26 20:11:33,602 - dq_error_log - INFO - Batch logged 1 errors for session SINGLE_20251226_201133
2025-12-26 20:11:33,604 - dq_unified - INFO - Column 'Phone': No null cells
2025-12-26 20:11:33,604 - dq_unified - WARNING - Column 'Salary': 2 null cells (13.3%)
2025-12-26 20:11:33,620 - dq_error_log - INFO - Batch logged 2 errors for session SINGLE_20251226_201133
2025-12-26 20:11:33,621 - dq_unified - WARNING - Column 'Department': 1 null cells (6.7%)
2025-12-26 20:11:33,633 - dq_error_log - INFO - Batch logged 1 errors for session SINGLE_20251226_201133
2025-12-26 20:11:33,635 - dq_unified - INFO - Column 'JoinDate': No null cells
2025-12-26 20:11:33,636 - dq_unified - INFO - Column 'PostalCode': No null cells
2025-12-26 20:11:33,637 - dq_unified - INFO - Column 'City': No null cells
2025-12-26 20:11:33,638 - dq_unified - INFO - Column 'Country': No null cells
2025-12-26 20:11:33,638 - dq_unified - WARNING - Column 'State': 1 null cells (6.7%)
2025-12-26 20:11:33,651 - dq_error_log - INFO - Batch logged 1 errors for session SINGLE_20251226_201133
2025-12-26 20:11:33,653 - dq_unified - INFO - Total null cells found: 6
2025-12-26 20:11:33,655 - dq_unified - INFO - Checking for duplicate rows
2025-12-26 20:11:33,655 - dq_unified - INFO - Processing 15 rows for duplicates
2025-12-26 20:11:33,661 - dq_unified - INFO - Full row duplicates (entire rows): 0
2025-12-26 20:11:33,661 - dq_unified - INFO - DEBUG: check_duplicates() returned: 0, 0, 0, 0
2025-12-26 20:11:33,662 - dq_unified - INFO - DEBUG: This should be 203: 0
2025-12-26 20:11:33,663 - dq_unified - INFO - Automatically detecting key field duplicates
2025-12-26 20:11:33,666 - dq_unified - INFO - Detected potential key fields: ['CustomerName', 'Email', 'PostalCode']
2025-12-26 20:11:33,667 - dq_unified - WARNING - Found 1 duplicate values in field 'Email'
2025-12-26 20:11:33,669 - dq_unified - WARNING - Found 1 duplicate values in field 'PostalCode'
2025-12-26 20:11:33,670 - dq_unified - INFO - Checking data formats with intelligent, adaptive detection
2025-12-26 20:11:33,672 - dq_unified - INFO - Analyzing column 'CustomerName' with 14 non-null values
2025-12-26 20:11:33,674 - dq_unified - INFO - Analyzing column 'Email' with 14 non-null values
2025-12-26 20:11:33,675 - dq_unified - INFO -   ✓ Column 'Email' matches 'email' pattern with 92.9% confidence
2025-12-26 20:11:33,676 - dq_unified - WARNING -     Row 3: EMPTY value doesn't match Valid email format (user@domain.com)
2025-12-26 20:11:33,677 - dq_unified - WARNING -     Row 9: 'invalid-email...' doesn't match Valid email format (user@domain.com)
2025-12-26 20:11:33,677 - dq_unified - INFO -     Found 2 format issues in column 'Email'
2025-12-26 20:11:33,679 - dq_unified - INFO - Analyzing column 'Phone' with 15 non-null values
2025-12-26 20:11:33,680 - dq_unified - INFO -   ✓ Column 'Phone' matches 'numeric' pattern with 100.0% confidence
2025-12-26 20:11:33,682 - dq_unified - INFO - Analyzing column 'Salary' with 13 non-null values
2025-12-26 20:11:33,683 - dq_unified - INFO -   ✓ Column 'Salary' matches 'numeric' pattern with 100.0% confidence
2025-12-26 20:11:33,683 - dq_unified - WARNING -     Row 7: EMPTY value doesn't match Valid numeric value (integers or decimals)
2025-12-26 20:11:33,684 - dq_unified - WARNING -     Row 14: EMPTY value doesn't match Valid numeric value (integers or decimals)
2025-12-26 20:11:33,684 - dq_unified - INFO -     Found 2 format issues in column 'Salary'
2025-12-26 20:11:33,687 - dq_unified - INFO - Analyzing column 'Department' with 14 non-null values
2025-12-26 20:11:33,689 - dq_unified - INFO -   ✓ Column 'Department' matches 'code_id' pattern with 100.0% confidence
2025-12-26 20:11:33,691 - dq_unified - INFO - Analyzing column 'JoinDate' with 15 non-null values
2025-12-26 20:11:33,692 - dq_unified - INFO -   ✓ Column 'JoinDate' matches 'code_id' pattern with 100.0% confidence
2025-12-26 20:11:33,694 - dq_unified - INFO - Analyzing column 'PostalCode' with 15 non-null values
2025-12-26 20:11:33,694 - dq_unified - INFO -   ✓ Column 'PostalCode' matches 'code_id' pattern with 100.0% confidence
2025-12-26 20:11:33,696 - dq_unified - INFO - Analyzing column 'City' with 15 non-null values
2025-12-26 20:11:33,698 - dq_unified - INFO - Analyzing column 'Country' with 15 non-null values
2025-12-26 20:11:33,698 - dq_unified - INFO -   ✓ Column 'Country' matches 'code_id' pattern with 100.0% confidence
2025-12-26 20:11:33,700 - dq_unified - INFO - Analyzing column 'State' with 14 non-null values
2025-12-26 20:11:33,701 - dq_unified - INFO -   ✓ Column 'State' matches 'code_id' pattern with 100.0% confidence
2025-12-26 20:11:33,702 - dq_unified - INFO - Total format issues found: 4
2025-12-26 20:11:33,715 - dq_error_log - INFO - Batch logged 4 errors for session SINGLE_20251226_201133
2025-12-26 20:11:33,716 - dq_unified - INFO - Logged 4 format issues to error database
2025-12-26 20:11:33,717 - dq_unified - INFO - Checking mandatory fields
2025-12-26 20:11:33,718 - dq_unified - INFO - DEBUG: UI data for mandatory fields: {'analysis_type': 'single', 'source_type': 'csv', 'mandatory_fields': 'all', 'file_path': 'C:/Users/003160/OneDrive - wisseninfotech.com/Documents/DQ-Checks-Shashi/Test_data/sample_data.csv'}
2025-12-26 20:11:33,718 - dq_unified - INFO - Available columns: ['CustomerName', 'Email', 'Phone', 'Salary', 'Department', 'JoinDate', 'PostalCode', 'City', 'Country', 'State']
2025-12-26 20:11:33,719 - dq_unified - INFO - Checking ALL columns as mandatory: ['CustomerName', 'Email', 'Phone', 'Salary', 'Department', 'JoinDate', 'PostalCode', 'City', 'Country', 'State']
2025-12-26 20:11:33,721 - dq_unified - WARNING - Mandatory field 'CustomerName': 1 missing values (93.3% filled)
2025-12-26 20:11:33,723 - dq_unified - WARNING - Mandatory field 'Email': 1 missing values (93.3% filled)
2025-12-26 20:11:33,724 - dq_unified - INFO - Mandatory field 'Phone': 100.0% filled
2025-12-26 20:11:33,726 - dq_unified - WARNING - Mandatory field 'Salary': 2 missing values (86.7% filled)
2025-12-26 20:11:33,728 - dq_unified - WARNING - Mandatory field 'Department': 1 missing values (93.3% filled)
2025-12-26 20:11:33,730 - dq_unified - INFO - Mandatory field 'JoinDate': 100.0% filled
2025-12-26 20:11:33,732 - dq_unified - INFO - Mandatory field 'PostalCode': 100.0% filled
2025-12-26 20:11:33,733 - dq_unified - INFO - Mandatory field 'City': 100.0% filled
2025-12-26 20:11:33,734 - dq_unified - INFO - Mandatory field 'Country': 100.0% filled
2025-12-26 20:11:33,736 - dq_unified - WARNING - Mandatory field 'State': 1 missing values (93.3% filled)
2025-12-26 20:11:33,738 - dq_unified - INFO - Mandatory field check completed: 5 columns with issues, 6 total missing values
2025-12-26 20:11:33,803 - dq_unified - INFO - Calculating overall quality score
2025-12-26 20:11:33,804 - dq_unified - INFO - Quality Score Calculation:
2025-12-26 20:11:33,805 - dq_unified - INFO -   Total rows: 15
2025-12-26 20:11:33,806 - dq_unified - INFO -   Rows with issues: 6
2025-12-26 20:11:33,807 - dq_unified - INFO -   Good rows: 9
2025-12-26 20:11:33,807 - dq_unified - INFO -   Quality Score: 60.0%
2025-12-26 20:11:33,808 - dq_unified - INFO - Generating detailed data quality report
2025-12-26 20:11:33,827 - dq_error_log - INFO - Retrieved 16 error logs for session SINGLE_20251226_201133
2025-12-26 20:11:33,838 - dq_error_log - INFO - Retrieved summary: 16 total errors for session SINGLE_20251226_201133
2025-12-26 20:11:33,839 - dq_unified - INFO - Added 16 error logs to API response
2025-12-26 20:11:33,840 - dq_unified - INFO - Returning JSON report for API, Session: SINGLE_20251226_201133
2025-12-26 20:11:33,840 - dq_unified - INFO - Starting audit logging for session: SINGLE_20251226_201133
2025-12-26 20:11:33,842 - dq_unified - INFO - Quality score: 60.0
2025-12-26 20:11:33,843 - dq_unified - INFO - APP_SETTINGS['audit_enabled'] = True
2025-12-26 20:11:33,843 - dq_audit - INFO - Audit class initialized with database: dq_checks
2025-12-26 20:11:33,843 - dq_unified - INFO - Audit logger created
2025-12-26 20:11:33,844 - dq_unified - INFO - Audit data prepared
2025-12-26 20:11:33,845 - dq_unified - INFO -    Session: SINGLE_20251226_201133
2025-12-26 20:11:33,846 - dq_unified - INFO -    Check Type: single_source
2025-12-26 20:11:33,847 - dq_unified - INFO -    Score: 60.0%
2025-12-26 20:11:33,848 - dq_unified - INFO - Audit enabled, calling log_audit_record...
2025-12-26 20:11:33,849 - dq_audit - INFO - Starting database insertion for single_source...
2025-12-26 20:11:33,863 - dq_audit - INFO - Inserted single_source record with ID: 380
2025-12-26 20:11:33,863 - dq_unified - INFO - Audit record logged with ID: DQ_20251226_201133
2025-12-26 20:11:33,875 - dq_audit - INFO - Retrieved 1 audit logs for session SINGLE_20251226_201133
2025-12-26 20:11:33,876 - dq_unified - INFO - Added 1 audit logs to results
2025-12-26 20:11:33,877 - dq_unified - INFO - Analysis completed successfully for CSV: sample_data.csv
2025-12-26 20:11:33,887 - dq_error_log - INFO - Retrieved 16 error logs for session SINGLE_20251226_201133
2025-12-26 20:11:33,900 - dq_error_log - INFO - Retrieved summary: 16 total errors for session SINGLE_20251226_201133
2025-12-26 20:11:33,911 - dq_audit - INFO - Retrieved 1 audit logs for session SINGLE_20251226_201133
2025-12-26 20:11:33,911 - __main__ - INFO - Analysis completed for session SINGLE_20251226_201133
2025-12-26 20:11:33,914 - __main__ - INFO - Completed with status 200 in 0.463s
2025-12-26 20:14:30,267 - __main__ - INFO - GET /api/health - Request started
2025-12-26 20:14:30,267 - __main__ - INFO - Completed with status 200 in 0.000s
2025-12-26 20:14:32,343 - __main__ - INFO - POST /api/check-single - Request started
2025-12-26 20:14:32,344 - __main__ - INFO - Single source analysis request received
2025-12-26 20:14:32,346 - __main__ - INFO - Starting analysis for session SINGLE_20251226_201432_f7c1b0f5
2025-12-26 20:14:32,347 - __main__ - INFO - UI Data being passed to dq_unified:
2025-12-26 20:14:32,348 - __main__ - INFO -   source_type: csv
2025-12-26 20:14:32,348 - __main__ - INFO -   file_path: C:/Users/003160/OneDrive - wisseninfotech.com/Documents/DQ-Checks-Shashi/Test_data/sample_data.csv
2025-12-26 20:14:32,349 - __main__ - INFO -   sheet_name: None
2025-12-26 20:14:32,350 - __main__ - INFO -   mandatory_fields: all
2025-12-26 20:14:32,351 - dq_unified - INFO - ==================================================
2025-12-26 20:14:32,351 - dq_unified - INFO - RUN_SINGLE_SOURCE_ANALYSIS_UI - START
2025-12-26 20:14:32,352 - dq_unified - INFO - UI Data received: {'analysis_type': 'single', 'source_type': 'csv', 'mandatory_fields': 'all', 'file_path': 'C:/Users/003160/OneDrive - wisseninfotech.com/Documents/DQ-Checks-Shashi/Test_data/sample_data.csv'}
2025-12-26 20:14:32,353 - dq_unified - INFO - UI Data keys: ['analysis_type', 'source_type', 'mandatory_fields', 'file_path']
2025-12-26 20:14:32,353 - dq_unified - INFO - Prompting user for data source type
2025-12-26 20:14:32,354 - dq_unified - INFO - UI Data source_type: csv
2025-12-26 20:14:32,354 - dq_unified - INFO - Using source_type from UI data: csv
2025-12-26 20:14:32,355 - dq_unified - INFO - Loading data from CSV
2025-12-26 20:14:32,356 - dq_unified - INFO - Loading data from CSV
2025-12-26 20:14:32,356 - dq_unified - INFO - Loading large CSV: C:/Users/003160/OneDrive - wisseninfotech.com/Documents/DQ-Checks-Shashi/Test_data/sample_data.csv
2025-12-26 20:14:32,361 - dq_unified - INFO - CSV file has 15 rows
2025-12-26 20:14:32,361 - dq_unified - INFO - Loading 15 rows from CSV...
2025-12-26 20:14:32,365 - dq_unified - INFO - Loaded 15 rows from CSV
2025-12-26 20:14:32,369 - dq_unified - INFO - Memory optimization: 0.0MB -> 0.0MB (Saved: 0.0MB)
2025-12-26 20:14:32,371 - dq_unified - INFO - Loaded 15 rows, 10 columns. Memory: 106.9MB total, 0.0MB for dataframe
2025-12-26 20:14:32,371 - dq_error_log - INFO - ErrorLogger initialized with database: dq_checks
2025-12-26 20:14:32,372 - dq_unified - INFO - API Mode: Created ErrorLogger for session SINGLE_20251226_201432
2025-12-26 20:14:32,372 - dq_unified - INFO - Checking for null cells (not empty strings)
2025-12-26 20:14:32,374 - dq_unified - WARNING - Column 'CustomerName': 1 null cells (6.7%)
2025-12-26 20:14:32,389 - dq_error_log - INFO - Batch logged 1 errors for session SINGLE_20251226_201432
2025-12-26 20:14:32,391 - dq_unified - WARNING - Column 'Email': 1 null cells (6.7%)
2025-12-26 20:14:32,403 - dq_error_log - INFO - Batch logged 1 errors for session SINGLE_20251226_201432
2025-12-26 20:14:32,404 - dq_unified - INFO - Column 'Phone': No null cells
2025-12-26 20:14:32,405 - dq_unified - WARNING - Column 'Salary': 2 null cells (13.3%)
2025-12-26 20:14:32,417 - dq_error_log - INFO - Batch logged 2 errors for session SINGLE_20251226_201432
2025-12-26 20:14:32,418 - dq_unified - WARNING - Column 'Department': 1 null cells (6.7%)
2025-12-26 20:14:32,431 - dq_error_log - INFO - Batch logged 1 errors for session SINGLE_20251226_201432
2025-12-26 20:14:32,432 - dq_unified - INFO - Column 'JoinDate': No null cells
2025-12-26 20:14:32,433 - dq_unified - INFO - Column 'PostalCode': No null cells
2025-12-26 20:14:32,434 - dq_unified - INFO - Column 'City': No null cells
2025-12-26 20:14:32,435 - dq_unified - INFO - Column 'Country': No null cells
2025-12-26 20:14:32,436 - dq_unified - WARNING - Column 'State': 1 null cells (6.7%)
2025-12-26 20:14:32,449 - dq_error_log - INFO - Batch logged 1 errors for session SINGLE_20251226_201432
2025-12-26 20:14:32,450 - dq_unified - INFO - Total null cells found: 6
2025-12-26 20:14:32,451 - dq_unified - INFO - Checking for duplicate rows
2025-12-26 20:14:32,451 - dq_unified - INFO - Processing 15 rows for duplicates
2025-12-26 20:14:32,456 - dq_unified - INFO - Full row duplicates (entire rows): 0
2025-12-26 20:14:32,457 - dq_unified - INFO - DEBUG: check_duplicates() returned: 0, 0, 0, 0
2025-12-26 20:14:32,457 - dq_unified - INFO - DEBUG: This should be 203: 0
2025-12-26 20:14:32,458 - dq_unified - INFO - Automatically detecting key field duplicates
2025-12-26 20:14:32,459 - dq_unified - INFO - Detected potential key fields: ['CustomerName', 'Email', 'PostalCode']
2025-12-26 20:14:32,460 - dq_unified - WARNING - Found 1 duplicate values in field 'Email'
2025-12-26 20:14:32,462 - dq_unified - WARNING - Found 1 duplicate values in field 'PostalCode'
2025-12-26 20:14:32,463 - dq_unified - INFO - Checking data formats with intelligent, adaptive detection
2025-12-26 20:14:32,464 - dq_unified - INFO - Analyzing column 'CustomerName' with 14 non-null values
2025-12-26 20:14:32,465 - dq_unified - INFO - Analyzing column 'Email' with 14 non-null values
2025-12-26 20:14:32,466 - dq_unified - INFO -   ✓ Column 'Email' matches 'email' pattern with 92.9% confidence
2025-12-26 20:14:32,467 - dq_unified - WARNING -     Row 3: EMPTY value doesn't match Valid email format (user@domain.com)
2025-12-26 20:14:32,467 - dq_unified - WARNING -     Row 9: 'invalid-email...' doesn't match Valid email format (user@domain.com)
2025-12-26 20:14:32,468 - dq_unified - INFO -     Found 2 format issues in column 'Email'
2025-12-26 20:14:32,470 - dq_unified - INFO - Analyzing column 'Phone' with 15 non-null values
2025-12-26 20:14:32,472 - dq_unified - INFO -   ✓ Column 'Phone' matches 'numeric' pattern with 100.0% confidence
2025-12-26 20:14:32,474 - dq_unified - INFO - Analyzing column 'Salary' with 13 non-null values
2025-12-26 20:14:32,474 - dq_unified - INFO -   ✓ Column 'Salary' matches 'numeric' pattern with 100.0% confidence
2025-12-26 20:14:32,475 - dq_unified - WARNING -     Row 7: EMPTY value doesn't match Valid numeric value (integers or decimals)
2025-12-26 20:14:32,476 - dq_unified - WARNING -     Row 14: EMPTY value doesn't match Valid numeric value (integers or decimals)
2025-12-26 20:14:32,476 - dq_unified - INFO -     Found 2 format issues in column 'Salary'
2025-12-26 20:14:32,478 - dq_unified - INFO - Analyzing column 'Department' with 14 non-null values
2025-12-26 20:14:32,479 - dq_unified - INFO -   ✓ Column 'Department' matches 'code_id' pattern with 100.0% confidence
2025-12-26 20:14:32,481 - dq_unified - INFO - Analyzing column 'JoinDate' with 15 non-null values
2025-12-26 20:14:32,482 - dq_unified - INFO -   ✓ Column 'JoinDate' matches 'code_id' pattern with 100.0% confidence
2025-12-26 20:14:32,483 - dq_unified - INFO - Analyzing column 'PostalCode' with 15 non-null values
2025-12-26 20:14:32,484 - dq_unified - INFO -   ✓ Column 'PostalCode' matches 'code_id' pattern with 100.0% confidence
2025-12-26 20:14:32,486 - dq_unified - INFO - Analyzing column 'City' with 15 non-null values
2025-12-26 20:14:32,487 - dq_unified - INFO - Analyzing column 'Country' with 15 non-null values
2025-12-26 20:14:32,487 - dq_unified - INFO -   ✓ Column 'Country' matches 'code_id' pattern with 100.0% confidence
2025-12-26 20:14:32,489 - dq_unified - INFO - Analyzing column 'State' with 14 non-null values
2025-12-26 20:14:32,490 - dq_unified - INFO -   ✓ Column 'State' matches 'code_id' pattern with 100.0% confidence
2025-12-26 20:14:32,491 - dq_unified - INFO - Total format issues found: 4
2025-12-26 20:14:32,507 - dq_error_log - INFO - Batch logged 4 errors for session SINGLE_20251226_201432
2025-12-26 20:14:32,508 - dq_unified - INFO - Logged 4 format issues to error database
2025-12-26 20:14:32,509 - dq_unified - INFO - Checking mandatory fields
2025-12-26 20:14:32,510 - dq_unified - INFO - DEBUG: UI data for mandatory fields: {'analysis_type': 'single', 'source_type': 'csv', 'mandatory_fields': 'all', 'file_path': 'C:/Users/003160/OneDrive - wisseninfotech.com/Documents/DQ-Checks-Shashi/Test_data/sample_data.csv'}
2025-12-26 20:14:32,511 - dq_unified - INFO - Available columns: ['CustomerName', 'Email', 'Phone', 'Salary', 'Department', 'JoinDate', 'PostalCode', 'City', 'Country', 'State']
2025-12-26 20:14:32,512 - dq_unified - INFO - Checking ALL columns as mandatory: ['CustomerName', 'Email', 'Phone', 'Salary', 'Department', 'JoinDate', 'PostalCode', 'City', 'Country', 'State']
2025-12-26 20:14:32,513 - dq_unified - WARNING - Mandatory field 'CustomerName': 1 missing values (93.3% filled)
2025-12-26 20:14:32,518 - dq_unified - WARNING - Mandatory field 'Email': 1 missing values (93.3% filled)
2025-12-26 20:14:32,520 - dq_unified - INFO - Mandatory field 'Phone': 100.0% filled
2025-12-26 20:14:32,521 - dq_unified - WARNING - Mandatory field 'Salary': 2 missing values (86.7% filled)
2025-12-26 20:14:32,522 - dq_unified - WARNING - Mandatory field 'Department': 1 missing values (93.3% filled)
2025-12-26 20:14:32,524 - dq_unified - INFO - Mandatory field 'JoinDate': 100.0% filled
2025-12-26 20:14:32,525 - dq_unified - INFO - Mandatory field 'PostalCode': 100.0% filled
2025-12-26 20:14:32,527 - dq_unified - INFO - Mandatory field 'City': 100.0% filled
2025-12-26 20:14:32,528 - dq_unified - INFO - Mandatory field 'Country': 100.0% filled
2025-12-26 20:14:32,530 - dq_unified - WARNING - Mandatory field 'State': 1 missing values (93.3% filled)
2025-12-26 20:14:32,532 - dq_unified - INFO - Mandatory field check completed: 5 columns with issues, 6 total missing values
2025-12-26 20:14:32,602 - dq_unified - INFO - Calculating overall quality score
2025-12-26 20:14:32,603 - dq_unified - INFO - Quality Score Calculation:
2025-12-26 20:14:32,604 - dq_unified - INFO -   Total rows: 15
2025-12-26 20:14:32,604 - dq_unified - INFO -   Rows with issues: 6
2025-12-26 20:14:32,605 - dq_unified - INFO -   Good rows: 9
2025-12-26 20:14:32,606 - dq_unified - INFO -   Quality Score: 60.0%
2025-12-26 20:14:32,607 - dq_unified - INFO - Generating detailed data quality report
2025-12-26 20:14:32,621 - dq_error_log - INFO - Retrieved 16 error logs for session SINGLE_20251226_201432
2025-12-26 20:14:32,631 - dq_error_log - INFO - Retrieved summary: 16 total errors for session SINGLE_20251226_201432
2025-12-26 20:14:32,632 - dq_unified - INFO - Added 16 error logs to API response
2025-12-26 20:14:32,633 - dq_unified - INFO - Returning JSON report for API, Session: SINGLE_20251226_201432
2025-12-26 20:14:32,634 - dq_unified - INFO - Starting audit logging for session: SINGLE_20251226_201432
2025-12-26 20:14:32,634 - dq_unified - INFO - Quality score: 60.0
2025-12-26 20:14:32,635 - dq_unified - INFO - APP_SETTINGS['audit_enabled'] = True
2025-12-26 20:14:32,636 - dq_audit - INFO - Audit class initialized with database: dq_checks
2025-12-26 20:14:32,636 - dq_unified - INFO - Audit logger created
2025-12-26 20:14:32,638 - dq_unified - INFO - Audit data prepared
2025-12-26 20:14:32,639 - dq_unified - INFO -    Session: SINGLE_20251226_201432
2025-12-26 20:14:32,639 - dq_unified - INFO -    Check Type: single_source
2025-12-26 20:14:32,640 - dq_unified - INFO -    Score: 60.0%
2025-12-26 20:14:32,640 - dq_unified - INFO - Audit enabled, calling log_audit_record...
2025-12-26 20:14:32,641 - dq_audit - INFO - Starting database insertion for single_source...
2025-12-26 20:14:32,654 - dq_audit - INFO - Inserted single_source record with ID: 383
2025-12-26 20:14:32,655 - dq_unified - INFO - Audit record logged with ID: DQ_20251226_201432
2025-12-26 20:14:32,668 - dq_audit - INFO - Retrieved 1 audit logs for session SINGLE_20251226_201432
2025-12-26 20:14:32,670 - dq_unified - INFO - Added 1 audit logs to results
2025-12-26 20:14:32,670 - dq_unified - INFO - Analysis completed successfully for CSV: sample_data.csv
2025-12-26 20:14:32,682 - dq_error_log - INFO - Retrieved 16 error logs for session SINGLE_20251226_201432
2025-12-26 20:14:32,696 - dq_error_log - INFO - Retrieved summary: 16 total errors for session SINGLE_20251226_201432
2025-12-26 20:14:32,710 - dq_audit - INFO - Retrieved 1 audit logs for session SINGLE_20251226_201432
2025-12-26 20:14:32,711 - __main__ - INFO - Analysis completed for session SINGLE_20251226_201432
2025-12-26 20:14:32,713 - __main__ - INFO - Completed with status 200 in 0.371s
2025-12-26 20:15:19,847 - __main__ - INFO - GET /api/health - Request started
2025-12-26 20:15:19,847 - __main__ - INFO - Completed with status 200 in 0.001s
2025-12-26 20:15:21,911 - __main__ - INFO - POST /api/check-single - Request started
2025-12-26 20:15:21,912 - __main__ - INFO - Single source analysis request received
2025-12-26 20:15:21,913 - __main__ - INFO - Starting analysis for session SINGLE_20251226_201521_95952c75
2025-12-26 20:15:21,914 - __main__ - INFO - UI Data being passed to dq_unified:
2025-12-26 20:15:21,915 - __main__ - INFO -   source_type: csv
2025-12-26 20:15:21,916 - __main__ - INFO -   file_path: C:/Users/003160/OneDrive - wisseninfotech.com/Documents/DQ-Checks-Shashi/Test_data/source_data_90k.csv
2025-12-26 20:15:21,916 - __main__ - INFO -   sheet_name: None
2025-12-26 20:15:21,916 - __main__ - INFO -   mandatory_fields: all
2025-12-26 20:15:21,918 - dq_unified - INFO - ==================================================
2025-12-26 20:15:21,918 - dq_unified - INFO - RUN_SINGLE_SOURCE_ANALYSIS_UI - START
2025-12-26 20:15:21,918 - dq_unified - INFO - UI Data received: {'analysis_type': 'single', 'source_type': 'csv', 'mandatory_fields': 'all', 'file_path': 'C:/Users/003160/OneDrive - wisseninfotech.com/Documents/DQ-Checks-Shashi/Test_data/source_data_90k.csv'}
2025-12-26 20:15:21,920 - dq_unified - INFO - UI Data keys: ['analysis_type', 'source_type', 'mandatory_fields', 'file_path']
2025-12-26 20:15:21,921 - dq_unified - INFO - Prompting user for data source type
2025-12-26 20:15:21,921 - dq_unified - INFO - UI Data source_type: csv
2025-12-26 20:15:21,922 - dq_unified - INFO - Using source_type from UI data: csv
2025-12-26 20:15:21,923 - dq_unified - INFO - Loading data from CSV
2025-12-26 20:15:21,923 - dq_unified - INFO - Loading data from CSV
2025-12-26 20:15:21,925 - dq_unified - INFO - Loading large CSV: C:/Users/003160/OneDrive - wisseninfotech.com/Documents/DQ-Checks-Shashi/Test_data/source_data_90k.csv
2025-12-26 20:15:21,966 - dq_unified - INFO - CSV file has 92,875 rows
2025-12-26 20:15:21,966 - dq_unified - INFO - Loading 92,875 rows from CSV...
2025-12-26 20:15:22,214 - dq_unified - INFO - Loaded 89,999 rows from CSV
2025-12-26 20:15:22,537 - dq_unified - INFO - Memory optimization: 45.4MB -> 17.1MB (Saved: 28.3MB)
2025-12-26 20:15:22,585 - dq_unified - INFO - Loaded 89,999 rows, 12 columns. Memory: 130.6MB total, 17.1MB for dataframe
2025-12-26 20:15:22,586 - dq_error_log - INFO - ErrorLogger initialized with database: dq_checks
2025-12-26 20:15:22,587 - dq_unified - INFO - API Mode: Created ErrorLogger for session SINGLE_20251226_201522
2025-12-26 20:15:22,587 - dq_unified - INFO - Checking for null cells (not empty strings)
2025-12-26 20:15:22,589 - dq_unified - INFO - Column 'id': No null cells
2025-12-26 20:15:22,593 - dq_unified - INFO - Column 'customer_id': No null cells
2025-12-26 20:15:22,597 - dq_unified - INFO - Column 'transaction_id': No null cells
2025-12-26 20:15:22,598 - dq_unified - WARNING - Column 'customer_name': 3510 null cells (3.9%)
2025-12-26 20:15:22,743 - dq_error_log - INFO - Batch logged 1000 errors for session SINGLE_20251226_201522
2025-12-26 20:15:22,744 - dq_unified - WARNING - Column 'email': 1516 null cells (1.7%)
2025-12-26 20:15:22,841 - dq_error_log - INFO - Batch logged 1000 errors for session SINGLE_20251226_201522
2025-12-26 20:15:22,845 - dq_unified - WARNING - Column 'phone': 1280 null cells (1.4%)
2025-12-26 20:15:22,938 - dq_error_log - INFO - Batch logged 1000 errors for session SINGLE_20251226_201522
2025-12-26 20:15:22,939 - dq_unified - INFO - Column 'transaction_date': No null cells
2025-12-26 20:15:22,941 - dq_unified - WARNING - Column 'amount': 1133 null cells (1.3%)
2025-12-26 20:15:23,027 - dq_error_log - INFO - Batch logged 1000 errors for session SINGLE_20251226_201522
2025-12-26 20:15:23,029 - dq_unified - INFO - Column 'quantity': No null cells
2025-12-26 20:15:23,031 - dq_unified - INFO - Column 'age': No null cells
2025-12-26 20:15:23,031 - dq_unified - INFO - Column 'status': No null cells
2025-12-26 20:15:23,033 - dq_unified - INFO - Column 'description': No null cells
2025-12-26 20:15:23,034 - dq_unified - INFO - Total null cells found: 7,439
2025-12-26 20:15:23,034 - dq_unified - INFO - Checking for duplicate rows
2025-12-26 20:15:23,035 - dq_unified - INFO - Processing 89,999 rows for duplicates
2025-12-26 20:15:23,170 - dq_unified - INFO - Full row duplicates (entire rows): 203
2025-12-26 20:15:23,249 - dq_unified - INFO - DEBUG: check_duplicates() returned: 203, 50, 0, 0
2025-12-26 20:15:23,250 - dq_unified - INFO - DEBUG: This should be 203: 203
2025-12-26 20:15:23,250 - dq_unified - INFO - Automatically detecting key field duplicates
2025-12-26 20:15:23,283 - dq_unified - INFO - Detected potential key fields: ['id', 'customer_id', 'transaction_id', 'customer_name', 'email', 'transaction_date']
2025-12-26 20:15:23,287 - dq_unified - WARNING - Found 203 duplicate values in field 'id'
2025-12-26 20:15:23,306 - dq_unified - WARNING - Found 402 duplicate values in field 'customer_id'
2025-12-26 20:15:23,326 - dq_unified - WARNING - Found 402 duplicate values in field 'transaction_id'
2025-12-26 20:15:23,330 - dq_unified - WARNING - Found 89,799 duplicate values in field 'customer_name'
2025-12-26 20:15:23,340 - dq_unified - WARNING - Found 89,318 duplicate values in field 'email'
2025-12-26 20:15:23,352 - dq_unified - WARNING - Found 89,412 duplicate values in field 'transaction_date'
2025-12-26 20:15:23,369 - dq_unified - INFO - Checking data formats with intelligent, adaptive detection
2025-12-26 20:15:23,371 - dq_unified - INFO - Analyzing column 'id' with 89999 non-null values
2025-12-26 20:15:23,371 - dq_unified - INFO -   ✓ Column 'id' matches 'numeric' pattern with 100.0% confidence
2025-12-26 20:15:23,490 - dq_unified - INFO - Analyzing column 'customer_id' with 89999 non-null values
2025-12-26 20:15:23,491 - dq_unified - INFO -   ✓ Column 'customer_id' matches 'code_id' pattern with 100.0% confidence
2025-12-26 20:15:23,623 - dq_unified - INFO - Analyzing column 'transaction_id' with 89999 non-null values
2025-12-26 20:15:23,624 - dq_unified - INFO -   ✓ Column 'transaction_id' matches 'code_id' pattern with 100.0% confidence
2025-12-26 20:15:23,743 - dq_unified - INFO - Analyzing column 'customer_name' with 86489 non-null values
2025-12-26 20:15:23,747 - dq_unified - INFO - Analyzing column 'email' with 88483 non-null values
2025-12-26 20:15:23,748 - dq_unified - INFO -   ✓ Column 'email' matches 'email' pattern with 100.0% confidence
2025-12-26 20:15:23,751 - dq_unified - WARNING -     Row 38: 'lisa.miller_outlook.com...' doesn't match Valid email format (user@domain.com)
2025-12-26 20:15:23,752 - dq_unified - WARNING -     Row 41: EMPTY value doesn't match Valid email format (user@domain.com)
2025-12-26 20:15:23,753 - dq_unified - WARNING -     Row 223: 'richard.miller.company.com...' doesn't match Valid email format (user@domain.com)
2025-12-26 20:15:23,985 - dq_unified - INFO -     Found 2242 format issues in column 'email'
2025-12-26 20:15:23,991 - dq_unified - INFO - Analyzing column 'phone' with 88719 non-null values
2025-12-26 20:15:23,993 - dq_unified - INFO -   ✓ Column 'phone' matches 'phone' pattern with 90.0% confidence
2025-12-26 20:15:23,993 - dq_unified - WARNING -     Row 19: '1-212-661-4003...' doesn't match Valid phone number (10-15 digits, optional country code)
2025-12-26 20:15:23,994 - dq_unified - WARNING -     Row 20: '1-212-914-1864...' doesn't match Valid phone number (10-15 digits, optional country code)
2025-12-26 20:15:23,994 - dq_unified - WARNING -     Row 23: '1-212-668-8253...' doesn't match Valid phone number (10-15 digits, optional country code)
2025-12-26 20:15:24,557 - dq_unified - INFO -     Found 19032 format issues in column 'phone'
2025-12-26 20:15:24,560 - dq_unified - INFO - Analyzing column 'transaction_date' with 89999 non-null values
2025-12-26 20:15:24,561 - dq_unified - INFO -   ✓ Column 'transaction_date' matches 'code_id' pattern with 100.0% confidence
2025-12-26 20:15:24,564 - dq_unified - WARNING -     Row 27: '10/18/2023...' doesn't match Alphanumeric code or ID
2025-12-26 20:15:24,564 - dq_unified - WARNING -     Row 28: '04/22/2023...' doesn't match Alphanumeric code or ID
2025-12-26 20:15:24,566 - dq_unified - WARNING -     Row 31: '05/15/2023...' doesn't match Alphanumeric code or ID
2025-12-26 20:15:24,958 - dq_unified - INFO -     Found 10847 format issues in column 'transaction_date'
2025-12-26 20:15:24,960 - dq_unified - INFO - Analyzing column 'amount' with 88866 non-null values
2025-12-26 20:15:24,961 - dq_unified - INFO -   ✓ Column 'amount' matches 'numeric' pattern with 100.0% confidence
2025-12-26 20:15:24,962 - dq_unified - WARNING -     Row 268: EMPTY value doesn't match Valid numeric value (integers or decimals)
2025-12-26 20:15:24,962 - dq_unified - WARNING -     Row 311: EMPTY value doesn't match Valid numeric value (integers or decimals)
2025-12-26 20:15:24,964 - dq_unified - WARNING -     Row 317: EMPTY value doesn't match Valid numeric value (integers or decimals)
2025-12-26 20:15:25,172 - dq_unified - INFO -     Found 1133 format issues in column 'amount'
2025-12-26 20:15:25,174 - dq_unified - INFO - Analyzing column 'quantity' with 89999 non-null values
2025-12-26 20:15:25,174 - dq_unified - INFO -   ✓ Column 'quantity' matches 'numeric' pattern with 100.0% confidence
2025-12-26 20:15:25,290 - dq_unified - INFO - Analyzing column 'age' with 89999 non-null values
2025-12-26 20:15:25,291 - dq_unified - INFO -   ✓ Column 'age' matches 'numeric' pattern with 100.0% confidence
2025-12-26 20:15:25,398 - dq_unified - INFO - Analyzing column 'status' with 89999 non-null values
2025-12-26 20:15:25,399 - dq_unified - INFO -   ✓ Column 'status' matches 'code_id' pattern with 100.0% confidence
2025-12-26 20:15:25,525 - dq_unified - INFO - Analyzing column 'description' with 89999 non-null values
2025-12-26 20:15:25,526 - dq_unified - INFO - Total format issues found: 33,254
2025-12-26 20:15:25,546 - dq_error_log - INFO - Batch logged 100 errors for session SINGLE_20251226_201522
2025-12-26 20:15:25,547 - dq_unified - INFO - Logged 100 format issues to error database
2025-12-26 20:15:25,547 - dq_unified - INFO - Checking mandatory fields
2025-12-26 20:15:25,548 - dq_unified - INFO - DEBUG: UI data for mandatory fields: {'analysis_type': 'single', 'source_type': 'csv', 'mandatory_fields': 'all', 'file_path': 'C:/Users/003160/OneDrive - wisseninfotech.com/Documents/DQ-Checks-Shashi/Test_data/source_data_90k.csv'}
2025-12-26 20:15:25,550 - dq_unified - INFO - Available columns: ['id', 'customer_id', 'transaction_id', 'customer_name', 'email', 'phone', 'transaction_date', 'amount', 'quantity', 'age', 'status', 'description']
2025-12-26 20:15:25,550 - dq_unified - INFO - Checking ALL columns as mandatory: ['id', 'customer_id', 'transaction_id', 'customer_name', 'email', 'phone', 'transaction_date', 'amount', 'quantity', 'age', 'status', 'description']
2025-12-26 20:15:25,551 - dq_unified - INFO - Mandatory field 'id': 100.0% filled
2025-12-26 20:15:25,574 - dq_unified - INFO - Mandatory field 'customer_id': 100.0% filled
2025-12-26 20:15:25,596 - dq_unified - INFO - Mandatory field 'transaction_id': 100.0% filled
2025-12-26 20:15:25,598 - dq_unified - WARNING - Mandatory field 'customer_name': 3,510 missing values (96.1% filled)
2025-12-26 20:15:25,661 - dq_unified - WARNING - Mandatory field 'email': 1,516 missing values (98.3% filled)
2025-12-26 20:15:25,708 - dq_unified - WARNING - Mandatory field 'phone': 1,280 missing values (98.6% filled)
2025-12-26 20:15:25,744 - dq_unified - INFO - Mandatory field 'transaction_date': 100.0% filled
2025-12-26 20:15:25,745 - dq_unified - WARNING - Mandatory field 'amount': 1,133 missing values (98.7% filled)
2025-12-26 20:15:25,760 - dq_unified - INFO - Mandatory field 'quantity': 100.0% filled
2025-12-26 20:15:25,761 - dq_unified - INFO - Mandatory field 'age': 100.0% filled
2025-12-26 20:15:25,762 - dq_unified - INFO - Mandatory field 'status': 100.0% filled
2025-12-26 20:15:25,763 - dq_unified - INFO - Mandatory field 'description': 100.0% filled
2025-12-26 20:15:25,763 - dq_unified - INFO - Mandatory field check completed: 4 columns with issues, 7439 total missing values
2025-12-26 20:15:26,226 - dq_unified - INFO - Calculating overall quality score
2025-12-26 20:15:26,232 - dq_unified - INFO - Quality Score Calculation:
2025-12-26 20:15:26,233 - dq_unified - INFO -   Total rows: 89,999
2025-12-26 20:15:26,234 - dq_unified - INFO -   Rows with issues: 31,603
2025-12-26 20:15:26,235 - dq_unified - INFO -   Good rows: 58,396
2025-12-26 20:15:26,236 - dq_unified - INFO -   Quality Score: 64.89%
2025-12-26 20:15:26,237 - dq_unified - INFO - Generating detailed data quality report
2025-12-26 20:15:26,292 - dq_error_log - INFO - Retrieved 200 error logs for session SINGLE_20251226_201522
2025-12-26 20:15:26,346 - dq_error_log - INFO - Retrieved summary: 4140 total errors for session SINGLE_20251226_201522
2025-12-26 20:15:26,347 - dq_unified - INFO - Added 200 error logs to API response
2025-12-26 20:15:26,348 - dq_unified - INFO - Returning JSON report for API, Session: SINGLE_20251226_201522
2025-12-26 20:15:26,349 - dq_unified - INFO - Starting audit logging for session: SINGLE_20251226_201522
2025-12-26 20:15:26,350 - dq_unified - INFO - Quality score: 64.89
2025-12-26 20:15:26,350 - dq_unified - INFO - APP_SETTINGS['audit_enabled'] = True
2025-12-26 20:15:26,351 - dq_audit - INFO - Audit class initialized with database: dq_checks
2025-12-26 20:15:26,352 - dq_unified - INFO - Audit logger created
2025-12-26 20:15:26,353 - dq_unified - INFO - Audit data prepared
2025-12-26 20:15:26,354 - dq_unified - INFO -    Session: SINGLE_20251226_201522
2025-12-26 20:15:26,355 - dq_unified - INFO -    Check Type: single_source
2025-12-26 20:15:26,356 - dq_unified - INFO -    Score: 64.89%
2025-12-26 20:15:26,357 - dq_unified - INFO - Audit enabled, calling log_audit_record...
2025-12-26 20:15:26,357 - dq_audit - INFO - Starting database insertion for single_source...
2025-12-26 20:15:26,375 - dq_audit - INFO - Inserted single_source record with ID: 384
2025-12-26 20:15:26,376 - dq_unified - INFO - Audit record logged with ID: DQ_20251226_201526
2025-12-26 20:15:26,391 - dq_audit - INFO - Retrieved 1 audit logs for session SINGLE_20251226_201522
2025-12-26 20:15:26,392 - dq_unified - INFO - Added 1 audit logs to results
2025-12-26 20:15:26,393 - dq_unified - INFO - Analysis completed successfully for CSV: source_data_90k.csv
2025-12-26 20:15:26,463 - dq_error_log - INFO - Retrieved 200 error logs for session SINGLE_20251226_201522
2025-12-26 20:15:26,499 - dq_error_log - INFO - Retrieved summary: 4140 total errors for session SINGLE_20251226_201522
2025-12-26 20:15:26,516 - dq_audit - INFO - Retrieved 1 audit logs for session SINGLE_20251226_201522
2025-12-26 20:15:26,517 - __main__ - INFO - Analysis completed for session SINGLE_20251226_201522
2025-12-26 20:15:26,604 - __main__ - INFO - Completed with status 200 in 4.693s
