2026-01-09 17:42:11,145 - __main__ - INFO - 🌐 API Server Logging Initialized
2026-01-09 17:42:11,146 - __main__ - INFO - 📝 Logs saved to: logs/dq_api_20260109_174211.log
2026-01-09 17:42:11,276 - __main__ - INFO - APP_SETTINGS loaded. Audit enabled: True
2026-01-09 17:42:11,277 - __main__ - INFO - ✅ All DQ modules loaded successfully
2026-01-09 17:42:11,280 - dq_error_log - INFO - ErrorLogger initialized with database: dq_checks
2026-01-09 17:42:11,282 - dq_audit - INFO - Audit class initialized with database: dq_checks
2026-01-09 17:42:11,282 - __main__ - INFO - ✅ ErrorLogger and DataQualityAudit initialized
2026-01-09 17:42:11,292 - __main__ - INFO - 🚀 Starting Data Quality Framework API
2026-01-09 17:42:11,293 - __main__ - INFO - 📊 Modules available: True
2026-01-09 17:42:11,293 - __main__ - INFO - 🔧 Config file mode: False
2026-01-09 17:42:11,294 - __main__ - INFO - 📋 Available endpoints:
2026-01-09 17:42:11,295 - __main__ - INFO -   GET  /              - API status
2026-01-09 17:42:11,295 - __main__ - INFO -   GET  /api/health    - Health check
2026-01-09 17:42:11,297 - __main__ - INFO -   POST /api/check-single - Single source analysis
2026-01-09 17:42:11,298 - __main__ - INFO -   POST /api/compare   - Source-target comparison
2026-01-09 17:42:11,299 - __main__ - INFO -   POST /api/upload    - File upload
2026-01-09 17:42:11,300 - __main__ - INFO -   GET  /api/sessions  - List sessions
2026-01-09 17:42:11,301 - __main__ - INFO -   GET  /api/sessions/<id> - Get session data
2026-01-09 17:42:11,301 - __main__ - INFO -   GET  /api/debug-db  - Database debug
2026-01-09 17:42:11,303 - __main__ - INFO - 🌍 Server starting on 0.0.0.0:5000 (debug=False)
2026-01-09 17:42:18,530 - __main__ - INFO - POST /api/compare - Request started
2026-01-09 17:42:18,532 - __main__ - INFO - Comparison request - Source: csv, Target: None
2026-01-09 17:42:18,533 - __main__ - INFO - Comparison analysis request received
2026-01-09 17:42:18,536 - __main__ - INFO - DEBUG source_data from nested: {'source_type': 'csv', 'source_file_path': 'C:\\\\Users\\\\003160\\\\OneDrive - wisseninfotech.com\\\\Documents\\\\DQ-Checks-Shashi\\\\API_Test_Scrips\\\\sorce-target\\\\test_target.csv'}
2026-01-09 17:42:18,537 - __main__ - INFO - Starting comparison for session CMP_20260109_174218
2026-01-09 17:42:18,538 - dq_comparison - INFO - Starting comparison analysis in UI mode
2026-01-09 17:42:18,540 - dq_comparison - INFO - LOADING SOURCE AND TARGET DATA
2026-01-09 17:42:18,542 - dq_comparison - INFO - 
==================================================
2026-01-09 17:42:18,543 - dq_comparison - INFO - 🔗 SOURCE DATA CONFIGURATION
2026-01-09 17:42:18,544 - dq_comparison - INFO - ==================================================
2026-01-09 17:42:18,546 - dq_comparison - INFO - DEBUG load_csv_source called for SOURCE
2026-01-09 17:42:18,546 - dq_comparison - INFO - DEBUG: Using file_path from 'file_path': C:\\Users\\003160\\OneDrive - wisseninfotech.com\\Documents\\DQ-Checks-Shashi\\API_Test_Scrips\\sorce-target\\test_target.csv
2026-01-09 17:42:18,569 - dq_comparison - INFO - SOURCE CSV loaded: 50 rows, 8 columns
2026-01-09 17:42:18,570 - dq_comparison - INFO - 
==================================================
2026-01-09 17:42:18,571 - dq_comparison - INFO - 🔗 TARGET DATA CONFIGURATION
2026-01-09 17:42:18,573 - dq_comparison - INFO - ==================================================
2026-01-09 17:42:18,574 - dq_comparison - INFO - DEBUG load_csv_source called for TARGET
2026-01-09 17:42:18,576 - dq_comparison - INFO - DEBUG: Using file_path from 'target_file_path': C:\\Users\\003160\\OneDrive - wisseninfotech.com\\Documents\\DQ-Checks-Shashi\\API_Test_Scrips\\sorce-target\\test_source.xlsx
2026-01-09 17:42:18,583 - dq_comparison - ERROR - Error loading TARGET CSV: 'utf-8' codec can't decode byte 0xc1 in position 16: invalid start byte
2026-01-09 17:42:18,584 - dq_comparison - ERROR - Failed to load source or target data
2026-01-09 17:42:18,585 - __main__ - WARNING - Comparison completed with errors: Failed to load source or target data
2026-01-09 17:42:18,587 - __main__ - INFO - Completed with status 200 in 0.057s
