2025-12-25 15:08:38,509 - __main__ - INFO - 🌐 API Server Logging Initialized
2025-12-25 15:08:38,511 - __main__ - INFO - 📝 Logs saved to: logs/dq_api_20251225_150838.log
2025-12-25 15:08:38,635 - __main__ - INFO - APP_SETTINGS loaded. Audit enabled: True
2025-12-25 15:08:38,636 - __main__ - INFO - ✅ All DQ modules loaded successfully
2025-12-25 15:08:38,637 - dq_error_log - INFO - ErrorLogger initialized with database: dq_checks
2025-12-25 15:08:38,638 - dq_audit - INFO - Audit class initialized with database: dq_checks
2025-12-25 15:08:38,638 - __main__ - INFO - ✅ ErrorLogger and DataQualityAudit initialized
2025-12-25 15:08:38,644 - __main__ - INFO - 🚀 Starting Data Quality Framework API
2025-12-25 15:08:38,645 - __main__ - INFO - 📊 Modules available: True
2025-12-25 15:08:38,646 - __main__ - INFO - 🔧 Config file mode: False
2025-12-25 15:08:38,646 - __main__ - INFO - 📋 Available endpoints:
2025-12-25 15:08:38,647 - __main__ - INFO -   GET  /              - API status
2025-12-25 15:08:38,648 - __main__ - INFO -   GET  /api/health    - Health check
2025-12-25 15:08:38,648 - __main__ - INFO -   POST /api/check-single - Single source analysis
2025-12-25 15:08:38,650 - __main__ - INFO -   POST /api/compare   - Source-target comparison
2025-12-25 15:08:38,650 - __main__ - INFO -   POST /api/upload    - File upload
2025-12-25 15:08:38,650 - __main__ - INFO -   GET  /api/sessions  - List sessions
2025-12-25 15:08:38,652 - __main__ - INFO -   GET  /api/sessions/<id> - Get session data
2025-12-25 15:08:38,653 - __main__ - INFO -   GET  /api/debug-db  - Database debug
2025-12-25 15:08:38,653 - __main__ - INFO - 🌍 Server starting on 0.0.0.0:5000 (debug=False)
2025-12-25 15:09:11,943 - __main__ - INFO - POST /api/check-single - Request started
2025-12-25 15:09:11,944 - __main__ - INFO - Single source analysis request received
2025-12-25 15:09:11,945 - __main__ - INFO - Starting analysis for session SINGLE_20251225_150911_896ff7ec
2025-12-25 15:09:11,946 - __main__ - INFO - UI Data being passed to dq_unified:
2025-12-25 15:09:11,947 - __main__ - INFO -   source_type: excel
2025-12-25 15:09:11,947 - __main__ - INFO -   file_path: None
2025-12-25 15:09:11,948 - __main__ - INFO -   sheet_name: None
2025-12-25 15:09:11,949 - __main__ - INFO -   mandatory_fields: None
2025-12-25 15:09:11,950 - __main__ - ERROR - ERROR: file_path is missing in ui_data!
2025-12-25 15:09:11,950 - __main__ - ERROR - Full ui_data: {'analysis_type': 'single', 'source_type': 'excel'}
2025-12-25 15:09:11,951 - __main__ - INFO - Completed with status 400 in 0.009s
2025-12-25 15:17:57,608 - __main__ - INFO - POST /api/check-single - Request started
2025-12-25 15:17:57,610 - __main__ - INFO - Single source analysis request received
2025-12-25 15:17:57,610 - __main__ - INFO - Starting analysis for session SINGLE_20251225_151757_c81bf5ea
2025-12-25 15:17:57,611 - __main__ - INFO - UI Data being passed to dq_unified:
2025-12-25 15:17:57,613 - __main__ - INFO -   source_type: excel
2025-12-25 15:17:57,613 - __main__ - INFO -   file_path: None
2025-12-25 15:17:57,613 - __main__ - INFO -   sheet_name: None
2025-12-25 15:17:57,614 - __main__ - INFO -   mandatory_fields: None
2025-12-25 15:17:57,615 - __main__ - ERROR - ERROR: file_path is missing in ui_data!
2025-12-25 15:17:57,616 - __main__ - ERROR - Full ui_data: {'analysis_type': 'single', 'source_type': 'excel'}
2025-12-25 15:17:57,617 - __main__ - INFO - Completed with status 400 in 0.009s
