2026-02-11 16:38:10,383 - run_api - INFO - 🌐 API Server Logging Initialized
2026-02-11 16:38:10,385 - run_api - INFO - 📝 Logs saved to: logs/dq_api_20260211_163810.log
2026-02-11 16:38:10,387 - run_api - INFO - APP_SETTINGS loaded. Audit enabled: True
2026-02-11 16:38:10,388 - run_api - INFO - ✅ All DQ modules loaded successfully
2026-02-11 16:38:10,391 - dq_error_log - INFO - ErrorLogger initialized with database: dq_checks
2026-02-11 16:38:10,393 - dq_audit - INFO - Audit class initialized with database: dq_checks
2026-02-11 16:38:10,396 - run_api - INFO - ✅ ErrorLogger and DataQualityAudit initialized
2026-02-11 16:38:10,427 - dq_audit - INFO - Audit class initialized with database: dq_checks
2026-02-11 16:38:10,430 - dq_audit - INFO - Starting database insertion for advanced...
2026-02-11 16:38:10,454 - dq_audit - INFO - Inserted advanced record with ID: 924
2026-02-11 16:38:10,456 - dq_advanced - INFO - Audit record logged with ID: 924
2026-02-11 16:38:11,208 - dq_error_log - INFO - Retrieved 100 error logs for session ADV_20260211_163746_4826
2026-02-11 16:38:12,412 - dq_error_log - INFO - Retrieved summary: 69252 total errors for session ADV_20260211_163746_4826
2026-02-11 16:38:12,415 - dq_audit - INFO - Audit class initialized with database: dq_checks
2026-02-11 16:38:12,438 - dq_audit - INFO - Retrieved 1 audit logs for session ADV_20260211_163746_4826
2026-02-11 16:38:12,442 - dq_advanced - INFO - Advanced checks completed for session ADV_20260211_163746_4826
2026-02-11 16:38:13,090 - dq_error_log - INFO - Retrieved 100 error logs for session ADV_20260211_163746_4826
2026-02-11 16:38:13,970 - dq_error_log - INFO - Retrieved summary: 69252 total errors for session ADV_20260211_163746_4826
2026-02-11 16:38:13,994 - dq_audit - INFO - Retrieved 1 audit logs for session ADV_20260211_163746_4826
2026-02-11 16:38:13,997 - __main__ - INFO - Advanced checks completed for session ADV_20260211_163746_4826
2026-02-11 16:38:14,006 - __main__ - INFO - Completed with status 200 in 28.760s
