2025-12-25 15:27:37,821 - __main__ - INFO - 🌐 API Server Logging Initialized
2025-12-25 15:27:37,823 - __main__ - INFO - 📝 Logs saved to: logs/dq_api_20251225_152737.log
2025-12-25 15:27:38,043 - __main__ - INFO - APP_SETTINGS loaded. Audit enabled: True
2025-12-25 15:27:38,044 - __main__ - INFO - ✅ All DQ modules loaded successfully
2025-12-25 15:27:38,046 - dq_error_log - INFO - ErrorLogger initialized with database: dq_checks
2025-12-25 15:27:38,047 - dq_audit - INFO - Audit class initialized with database: dq_checks
2025-12-25 15:27:38,047 - __main__ - INFO - ✅ ErrorLogger and DataQualityAudit initialized
2025-12-25 15:27:38,054 - __main__ - INFO - 🚀 Starting Data Quality Framework API
2025-12-25 15:27:38,055 - __main__ - INFO - 📊 Modules available: True
2025-12-25 15:27:38,057 - __main__ - INFO - 🔧 Config file mode: False
2025-12-25 15:27:38,057 - __main__ - INFO - 📋 Available endpoints:
2025-12-25 15:27:38,058 - __main__ - INFO -   GET  /              - API status
2025-12-25 15:27:38,059 - __main__ - INFO -   GET  /api/health    - Health check
2025-12-25 15:27:38,060 - __main__ - INFO -   POST /api/check-single - Single source analysis
2025-12-25 15:27:38,061 - __main__ - INFO -   POST /api/compare   - Source-target comparison
2025-12-25 15:27:38,061 - __main__ - INFO -   POST /api/upload    - File upload
2025-12-25 15:27:38,062 - __main__ - INFO -   GET  /api/sessions  - List sessions
2025-12-25 15:27:38,063 - __main__ - INFO -   GET  /api/sessions/<id> - Get session data
2025-12-25 15:27:38,064 - __main__ - INFO -   GET  /api/debug-db  - Database debug
2025-12-25 15:27:38,064 - __main__ - INFO - 🌍 Server starting on 0.0.0.0:5000 (debug=False)
2025-12-25 15:27:46,932 - __main__ - INFO - POST /api/check-single - Request started
2025-12-25 15:27:46,933 - __main__ - INFO - Single source analysis request received
2025-12-25 15:27:46,934 - __main__ - INFO - Starting analysis for session SINGLE_20251225_152746_d38fecf3
2025-12-25 15:27:46,936 - __main__ - INFO - UI Data being passed to dq_unified:
2025-12-25 15:27:46,937 - __main__ - INFO -   source_type: excel
2025-12-25 15:27:46,937 - __main__ - INFO -   file_path: C:/Users/003160/OneDrive - wisseninfotech.com/Documents/DQ-Checks-Shashi/Test_data/sample_data.xlsx
2025-12-25 15:27:46,938 - __main__ - INFO -   sheet_name: sample_data
2025-12-25 15:27:46,938 - __main__ - INFO -   mandatory_fields: CustomerName,Email
2025-12-25 15:27:46,939 - dq_unified - INFO - ==================================================
2025-12-25 15:27:46,940 - dq_unified - INFO - RUN_SINGLE_SOURCE_ANALYSIS_UI - START
2025-12-25 15:27:46,941 - dq_unified - INFO - UI Data received: {'analysis_type': 'single', 'source_type': 'excel', 'file_path': 'C:/Users/003160/OneDrive - wisseninfotech.com/Documents/DQ-Checks-Shashi/Test_data/sample_data.xlsx', 'sheet_name': 'sample_data', 'mandatory_fields': 'CustomerName,Email'}
2025-12-25 15:27:46,941 - dq_unified - INFO - UI Data keys: ['analysis_type', 'source_type', 'file_path', 'sheet_name', 'mandatory_fields']
2025-12-25 15:27:46,942 - dq_unified - INFO - Prompting user for data source type
2025-12-25 15:27:46,943 - dq_unified - INFO - UI Data source_type: excel
2025-12-25 15:27:46,943 - dq_unified - INFO - Using source_type from UI data: excel
2025-12-25 15:27:46,944 - dq_unified - INFO - Loading data from EXCEL
2025-12-25 15:27:46,944 - dq_unified - INFO - Loading data from EXCEL
2025-12-25 15:27:46,945 - dq_unified - INFO - Loading large Excel: C:/Users/003160/OneDrive - wisseninfotech.com/Documents/DQ-Checks-Shashi/Test_data/sample_data.xlsx
2025-12-25 15:27:47,615 - dq_unified - INFO - Loading Excel file...
2025-12-25 15:27:47,637 - dq_unified - INFO - Loaded 15 rows from Excel
2025-12-25 15:27:47,642 - dq_unified - INFO - Memory optimization: 0.0MB -> 0.0MB (Saved: 0.0MB)
2025-12-25 15:27:47,645 - dq_unified - INFO - Loaded 15 rows, 10 columns. Memory: 112.5MB total, 0.0MB for dataframe
2025-12-25 15:27:47,645 - dq_error_log - INFO - ErrorLogger initialized with database: dq_checks
2025-12-25 15:27:47,645 - dq_unified - INFO - API Mode: Created ErrorLogger for session SINGLE_20251225_152747
2025-12-25 15:27:47,646 - dq_unified - INFO - Checking for empty cells
2025-12-25 15:27:47,647 - dq_unified - WARNING - Column 'CustomerName': 1 empty cells (6.7%)
2025-12-25 15:27:47,831 - dq_error_log - INFO - Batch logged 1 errors for session SINGLE_20251225_152747
2025-12-25 15:27:47,833 - dq_unified - WARNING - Column 'Email': 1 empty cells (6.7%)
2025-12-25 15:27:47,845 - dq_error_log - INFO - Batch logged 1 errors for session SINGLE_20251225_152747
2025-12-25 15:27:47,846 - dq_unified - INFO - Column 'Phone': No empty cells
2025-12-25 15:27:47,847 - dq_unified - WARNING - Column 'Salary': 2 empty cells (13.3%)
2025-12-25 15:27:47,860 - dq_error_log - INFO - Batch logged 2 errors for session SINGLE_20251225_152747
2025-12-25 15:27:47,861 - dq_unified - WARNING - Column 'Department': 1 empty cells (6.7%)
2025-12-25 15:27:47,875 - dq_error_log - INFO - Batch logged 1 errors for session SINGLE_20251225_152747
2025-12-25 15:27:47,876 - dq_unified - INFO - Column 'JoinDate': No empty cells
2025-12-25 15:27:47,878 - dq_unified - INFO - Column 'PostalCode': No empty cells
2025-12-25 15:27:47,879 - dq_unified - INFO - Column 'City': No empty cells
2025-12-25 15:27:47,880 - dq_unified - INFO - Column 'Country': No empty cells
2025-12-25 15:27:47,881 - dq_unified - WARNING - Column 'State': 1 empty cells (6.7%)
2025-12-25 15:27:47,896 - dq_error_log - INFO - Batch logged 1 errors for session SINGLE_20251225_152747
2025-12-25 15:27:47,897 - dq_unified - INFO - Total empty cells found: 6
2025-12-25 15:27:47,897 - dq_unified - INFO - Checking for duplicate rows
2025-12-25 15:27:47,905 - dq_unified - WARNING - Found 1 strict duplicate rows (6.7%)
2025-12-25 15:27:47,907 - dq_unified - INFO - All 1 duplicates are strict duplicates
2025-12-25 15:27:47,908 - dq_unified - INFO - Automatically detecting key field duplicates
2025-12-25 15:27:47,912 - dq_unified - INFO - Detected potential key fields: ['CustomerName', 'Email', 'PostalCode']
2025-12-25 15:27:47,913 - dq_unified - WARNING - Found 1 duplicate values in field 'CustomerName'
2025-12-25 15:27:47,914 - dq_unified - WARNING - Found 1 duplicate values in field 'Email'
2025-12-25 15:27:47,915 - dq_unified - WARNING - Found 1 duplicate values in field 'PostalCode'
2025-12-25 15:27:47,995 - dq_unified - INFO - Skipping automatic format checking (disabled)
2025-12-25 15:27:47,996 - dq_unified - INFO - Checking mandatory fields
2025-12-25 15:27:47,996 - dq_unified - INFO - Available columns: ['CustomerName', 'Email', 'Phone', 'Salary', 'Department', 'JoinDate', 'PostalCode', 'City', 'Country', 'State']
2025-12-25 15:27:47,997 - dq_unified - WARNING - Mandatory field 'CustomerName': 1 missing values (93.3% filled)
2025-12-25 15:27:48,000 - dq_unified - WARNING - Mandatory field 'Email': 1 missing values (93.3% filled)
2025-12-25 15:27:48,003 - dq_unified - INFO - Mandatory field check completed: 2 columns with issues, 2 total missing values
2025-12-25 15:27:48,031 - dq_unified - INFO - Calculating overall quality score - SIMPLE PERCENTAGE
2025-12-25 15:27:48,032 - dq_unified - INFO - SIMPLE SCORE CALCULATION (like school marks):
2025-12-25 15:27:48,032 - dq_unified - INFO -   Total cells: 150
2025-12-25 15:27:48,033 - dq_unified - INFO -   Total issues: 14
2025-12-25 15:27:48,034 - dq_unified - INFO -   Calculation: (150 - 14) / 150 * 100
2025-12-25 15:27:48,034 - dq_unified - INFO -   DQ Score: 90.67%
2025-12-25 15:27:48,034 - dq_unified - INFO - Generating detailed data quality report
2025-12-25 15:27:48,040 - dq_unified - INFO - Returning JSON report for API, Session: SINGLE_20251225_152747
2025-12-25 15:27:48,040 - dq_unified - INFO - Starting audit logging for session: SINGLE_20251225_152747
2025-12-25 15:27:48,040 - dq_unified - INFO - Quality score: 90.67
2025-12-25 15:27:48,042 - dq_unified - INFO - APP_SETTINGS['audit_enabled'] = True
2025-12-25 15:27:48,042 - dq_audit - INFO - Audit class initialized with database: dq_checks
2025-12-25 15:27:48,043 - dq_unified - INFO - Audit logger created
2025-12-25 15:27:48,044 - dq_unified - INFO - Audit data prepared
2025-12-25 15:27:48,044 - dq_unified - INFO -    Session: SINGLE_20251225_152747
2025-12-25 15:27:48,045 - dq_unified - INFO -    Check Type: single_source
2025-12-25 15:27:48,046 - dq_unified - INFO -    Score: 90.67%
2025-12-25 15:27:48,047 - dq_unified - INFO - Audit enabled, calling log_audit_record...
2025-12-25 15:27:48,048 - dq_audit - INFO - Starting database insertion for single_source...
2025-12-25 15:27:48,078 - dq_audit - INFO - Inserted single_source record with ID: 286
2025-12-25 15:27:48,079 - dq_unified - INFO - Audit record logged with ID: DQ_20251225_152748
2025-12-25 15:27:48,080 - dq_unified - INFO - Analysis completed successfully for EXCEL: sample_data.xlsx
2025-12-25 15:27:48,092 - dq_error_log - INFO - Retrieved 14 error logs for session SINGLE_20251225_152747
2025-12-25 15:27:48,105 - dq_error_log - INFO - Retrieved summary: 14 total errors for session SINGLE_20251225_152747
2025-12-25 15:27:48,126 - dq_audit - INFO - Retrieved 1 audit logs for session SINGLE_20251225_152747
2025-12-25 15:27:48,126 - __main__ - INFO - Analysis completed for session SINGLE_20251225_152747
2025-12-25 15:27:48,130 - __main__ - INFO - Completed with status 200 in 1.198s
2025-12-25 15:30:09,304 - __main__ - INFO - POST /api/check-single - Request started
2025-12-25 15:30:09,305 - __main__ - INFO - Single source analysis request received
2025-12-25 15:30:09,306 - __main__ - INFO - Starting analysis for session SINGLE_20251225_153009_55c025c3
2025-12-25 15:30:09,307 - __main__ - INFO - UI Data being passed to dq_unified:
2025-12-25 15:30:09,308 - __main__ - INFO -   source_type: database
2025-12-25 15:30:09,308 - __main__ - INFO -   file_path: None
2025-12-25 15:30:09,308 - __main__ - INFO -   sheet_name: None
2025-12-25 15:30:09,310 - __main__ - INFO -   mandatory_fields: None
2025-12-25 15:30:09,310 - __main__ - ERROR - ERROR: file_path is missing in ui_data!
2025-12-25 15:30:09,311 - __main__ - ERROR - Full ui_data: {'analysis_type': 'single', 'source_type': 'database', 'db_config': {'type': 'mysql', 'host': 'localhost', 'port': 3306, 'database': 'dq_checks', 'user': 'root', 'password': 'root', 'table': 'dq_audit_logs'}}
2025-12-25 15:30:09,311 - __main__ - INFO - Completed with status 400 in 0.007s
2025-12-25 15:31:07,572 - __main__ - INFO - POST /api/check-single - Request started
2025-12-25 15:31:07,573 - __main__ - INFO - Single source analysis request received
2025-12-25 15:31:07,574 - __main__ - INFO - Starting analysis for session SINGLE_20251225_153107_7aaa15b6
2025-12-25 15:31:07,576 - __main__ - INFO - UI Data being passed to dq_unified:
2025-12-25 15:31:07,577 - __main__ - INFO -   source_type: database
2025-12-25 15:31:07,577 - __main__ - INFO -   file_path: None
2025-12-25 15:31:07,578 - __main__ - INFO -   sheet_name: None
2025-12-25 15:31:07,579 - __main__ - INFO -   mandatory_fields: None
2025-12-25 15:31:07,580 - __main__ - ERROR - ERROR: file_path is missing in ui_data!
2025-12-25 15:31:07,581 - __main__ - ERROR - Full ui_data: {'analysis_type': 'single', 'source_type': 'database', 'db_config': {'type': 'mysql', 'host': 'localhost', 'port': 3306, 'database': 'dq_checks', 'user': 'root', 'password': 'root', 'table': 'customers'}}
2025-12-25 15:31:07,582 - __main__ - INFO - Completed with status 400 in 0.010s
