2025-12-22 14:35:26,392 - root - INFO - 🌐 API Server Logging Initialized
2025-12-22 14:35:26,590 - dq_error_log - INFO - ErrorLogger initialized with database: dq_checks
2025-12-22 14:35:26,590 - dq_audit - INFO - Audit class initialized with database: dq_checks
2025-12-22 14:35:26,598 - root - INFO - Starting Data Quality API on 0.0.0.0:5000 (debug=False)
2025-12-22 14:35:26,598 - root - INFO - DQ modules available: True
2025-12-22 14:35:26,598 - root - INFO - Config file mode: False
2025-12-22 14:35:26,598 - root - INFO - Database config: localhost/dq_checks
2025-12-22 14:35:27,531 - werkzeug - INFO - [31m[1mWARNING: This is a development server. Do not use it in a production deployment. Use a production WSGI server instead.[0m
 * Running on all addresses (0.0.0.0)
 * Running on http://127.0.0.1:5000
 * Running on http://10.1.185.54:5000
2025-12-22 14:35:27,531 - werkzeug - INFO - [33mPress CTRL+C to quit[0m
2025-12-22 14:36:07,651 - werkzeug - INFO - 127.0.0.1 - - [22/Dec/2025 14:36:07] "GET /api/health HTTP/1.1" 200 -
2025-12-22 14:36:34,856 - root - INFO - Comparison analysis request received: dict_keys(['source_type', 'source_file_path', 'target_source_type', 'target_db_type', 'target_host', 'target_port', 'target_database', 'target_user', 'target_password', 'target_table', 'selected_columns'])
2025-12-22 14:36:34,858 - root - INFO - Starting comparison for session CMP_20251222_143634
2025-12-22 14:36:34,858 - dq_comparison - INFO - LOADING SOURCE AND TARGET DATA
2025-12-22 14:36:34,876 - dq_unified - INFO - LOADING DATA FROM DATABASE
2025-12-22 14:36:34,877 - dq_unified - INFO - Loading large database table: customers
2025-12-22 14:36:34,974 - dq_unified - INFO - MySQL table has 15 rows
2025-12-22 14:36:34,975 - dq_unified - INFO - Loading 15 rows from MySQL...
2025-12-22 14:36:36,131 - dq_unified - INFO - Loaded 15 rows from MySQL
2025-12-22 14:36:36,138 - dq_unified - INFO - Memory optimization: 0.0MB -> 0.0MB (Saved: 0.0MB)
2025-12-22 14:36:36,139 - dq_unified - INFO - Loaded 15 rows, 11 columns. Memory: 118.4MB total, 0.0MB for dataframe
2025-12-22 14:36:36,141 - dq_comparison - INFO - SELECTING COLUMNS FOR COMPARISON
2025-12-22 14:36:36,141 - dq_comparison - INFO - Found 10 common columns between source and target (case-insensitive)
2025-12-22 14:36:36,141 - dq_comparison - INFO - User column selection input: all
2025-12-22 14:36:36,141 - dq_comparison - INFO - User selected ALL common columns for comparison
2025-12-22 14:36:36,141 - dq_comparison - INFO - GENERATING COMPREHENSIVE COMPARISON REPORT
2025-12-22 14:36:36,141 - dq_comparison - INFO - Report details - Source: CSV: sample_data.csv, Target: Database: mysql - dq_checks.customers, Selected columns: 10
2025-12-22 14:36:36,141 - dq_comparison - INFO - Initializing Error Logger...
2025-12-22 14:36:36,141 - dq_error_log - INFO - ErrorLogger initialized with database: dq_checks
2025-12-22 14:36:36,154 - dq_error_log - INFO - Database connection successful
2025-12-22 14:36:36,154 - dq_comparison - INFO - Session ID: CMP_20251222_143636
2025-12-22 14:36:36,156 - dq_comparison - INFO - FIRST CHECK: ROW COUNT COMPARISON
2025-12-22 14:36:36,156 - dq_comparison - INFO - Source rows: 15, Target rows: 15
2025-12-22 14:36:36,156 - dq_comparison - INFO - ✅ Row counts match perfectly
2025-12-22 14:36:36,156 - dq_comparison - INFO - SECOND CHECK: HASH-BASED COMPARISON WITH PERFECT NORMALIZATION
2025-12-22 14:36:36,156 - dq_comparison - INFO - Using 10 common columns for hash comparison
2025-12-22 14:36:36,156 - dq_comparison - INFO - Source columns: ['PostalCode', 'JoinDate', 'State', 'Phone', 'City', 'Country', 'Salary', 'Department', 'Email', 'CustomerName']
2025-12-22 14:36:36,156 - dq_comparison - INFO - Target columns: ['PostalCode', 'JoinDate', 'State', 'Phone', 'City', 'Country', 'Salary', 'Department', 'Email', 'CustomerName']
2025-12-22 14:36:36,157 - dq_comparison - INFO - Generating hashes for source data...
2025-12-22 14:36:36,163 - dq_comparison - INFO - Generating hashes for target data...
2025-12-22 14:36:36,168 - dq_comparison - INFO - Hash-based Comparison Results:
2025-12-22 14:36:36,168 - dq_comparison - INFO -   • Common rows: 14
2025-12-22 14:36:36,169 - dq_comparison - INFO -   • Rows only in source: 0
2025-12-22 14:36:36,169 - dq_comparison - INFO -   • Rows only in target: 0
2025-12-22 14:36:36,169 - dq_comparison - INFO - ℹ️  No row-level errors to log (all rows matched by hash)
2025-12-22 14:36:36,169 - dq_comparison - INFO - PERFORMING DETAILED COLUMN-BY-COLUMN COMPARISON...
2025-12-22 14:36:36,169 - dq_comparison - INFO - Will compare 15 rows (min of source:15 and target:15)
2025-12-22 14:36:36,178 - dq_comparison - INFO - Found 0 column value mismatches across all rows
2025-12-22 14:36:36,182 - dq_comparison - INFO - Analyzing data quality metrics...
2025-12-22 14:36:36,199 - dq_comparison - INFO - Null values - Source: 6 (4.00%), Target: 6 (4.00%)
2025-12-22 14:36:36,202 - dq_comparison - INFO - Duplicate rows (normalized) - Source: 1, Target: 1
2025-12-22 14:36:36,204 - dq_comparison - INFO - Source duplicate samples: ['Row 2', 'Row 7']
2025-12-22 14:36:36,205 - dq_comparison - INFO - Target duplicate samples: ['Row 2', 'Row 7']
2025-12-22 14:36:36,220 - dq_error_log - INFO - Retrieved 0 errors for session CMP_20251222_143636
2025-12-22 14:36:36,225 - dq_audit - INFO - Audit class initialized with database: dq_checks
2025-12-22 14:36:36,263 - dq_audit - INFO - Starting database insertion for comparison...
2025-12-22 14:36:36,282 - dq_audit - INFO - Inserted comparison record with ID: 201
2025-12-22 14:36:36,282 - dq_audit - INFO - Inserted comparison record with ID: 201
2025-12-22 14:36:36,314 - dq_audit - INFO - Audit class initialized with database: dq_checks
2025-12-22 14:36:36,348 - dq_comparison - INFO - Comparison analysis completed successfully
2025-12-22 14:36:36,348 - dq_audit - INFO - Audit class initialized with database: dq_checks
2025-12-22 14:36:36,404 - root - INFO - Completed comparison for session CMP_20251222_143634
2025-12-22 14:36:36,406 - werkzeug - INFO - 127.0.0.1 - - [22/Dec/2025 14:36:36] "POST /api/compare HTTP/1.1" 200 -
2025-12-22 14:36:38,471 - root - INFO - Comparison analysis request received: dict_keys(['source_type', 'db_type', 'host', 'port', 'database', 'user', 'password', 'table', 'target_source_type', 'target_file_path', 'selected_columns'])
2025-12-22 14:36:38,479 - root - INFO - Starting comparison for session CMP_20251222_143638
2025-12-22 14:36:38,479 - dq_comparison - INFO - LOADING SOURCE AND TARGET DATA
2025-12-22 14:36:38,481 - dq_unified - INFO - LOADING DATA FROM DATABASE
2025-12-22 14:36:38,482 - dq_unified - INFO - Loading large database table: customers
2025-12-22 14:36:38,496 - dq_unified - INFO - MySQL table has 15 rows
2025-12-22 14:36:38,497 - dq_unified - INFO - Loading 15 rows from MySQL...
2025-12-22 14:36:38,501 - dq_unified - INFO - Loaded 15 rows from MySQL
2025-12-22 14:36:38,506 - dq_unified - INFO - Memory optimization: 0.0MB -> 0.0MB (Saved: 0.0MB)
2025-12-22 14:36:38,506 - dq_unified - INFO - Loaded 15 rows, 11 columns. Memory: 119.9MB total, 0.0MB for dataframe
2025-12-22 14:36:38,513 - dq_comparison - INFO - SELECTING COLUMNS FOR COMPARISON
2025-12-22 14:36:38,513 - dq_comparison - INFO - Found 10 common columns between source and target (case-insensitive)
2025-12-22 14:36:38,513 - dq_comparison - INFO - User column selection input: all
2025-12-22 14:36:38,513 - dq_comparison - INFO - User selected ALL common columns for comparison
2025-12-22 14:36:38,513 - dq_comparison - INFO - GENERATING COMPREHENSIVE COMPARISON REPORT
2025-12-22 14:36:38,513 - dq_comparison - INFO - Report details - Source: Database: mysql - dq_checks.customers, Target: CSV: sample_data.csv, Selected columns: 10
2025-12-22 14:36:38,513 - dq_comparison - INFO - Initializing Error Logger...
2025-12-22 14:36:38,513 - dq_error_log - INFO - ErrorLogger initialized with database: dq_checks
2025-12-22 14:36:38,524 - dq_error_log - INFO - Database connection successful
2025-12-22 14:36:38,525 - dq_comparison - INFO - Session ID: CMP_20251222_143638
2025-12-22 14:36:38,526 - dq_comparison - INFO - FIRST CHECK: ROW COUNT COMPARISON
2025-12-22 14:36:38,527 - dq_comparison - INFO - Source rows: 15, Target rows: 15
2025-12-22 14:36:38,527 - dq_comparison - INFO - ✅ Row counts match perfectly
2025-12-22 14:36:38,527 - dq_comparison - INFO - SECOND CHECK: HASH-BASED COMPARISON WITH PERFECT NORMALIZATION
2025-12-22 14:36:38,527 - dq_comparison - INFO - Using 10 common columns for hash comparison
2025-12-22 14:36:38,527 - dq_comparison - INFO - Source columns: ['PostalCode', 'JoinDate', 'State', 'Phone', 'City', 'Country', 'Salary', 'Department', 'Email', 'CustomerName']
2025-12-22 14:36:38,527 - dq_comparison - INFO - Target columns: ['PostalCode', 'JoinDate', 'State', 'Phone', 'City', 'Country', 'Salary', 'Department', 'Email', 'CustomerName']
2025-12-22 14:36:38,527 - dq_comparison - INFO - Generating hashes for source data...
2025-12-22 14:36:38,530 - dq_comparison - INFO - Generating hashes for target data...
2025-12-22 14:36:38,533 - dq_comparison - INFO - Hash-based Comparison Results:
2025-12-22 14:36:38,533 - dq_comparison - INFO -   • Common rows: 14
2025-12-22 14:36:38,533 - dq_comparison - INFO -   • Rows only in source: 0
2025-12-22 14:36:38,533 - dq_comparison - INFO -   • Rows only in target: 0
2025-12-22 14:36:38,533 - dq_comparison - INFO - ℹ️  No row-level errors to log (all rows matched by hash)
2025-12-22 14:36:38,533 - dq_comparison - INFO - PERFORMING DETAILED COLUMN-BY-COLUMN COMPARISON...
2025-12-22 14:36:38,533 - dq_comparison - INFO - Will compare 15 rows (min of source:15 and target:15)
2025-12-22 14:36:38,540 - dq_comparison - INFO - Found 0 column value mismatches across all rows
2025-12-22 14:36:38,544 - dq_comparison - INFO - Analyzing data quality metrics...
2025-12-22 14:36:38,557 - dq_comparison - INFO - Null values - Source: 6 (4.00%), Target: 6 (4.00%)
2025-12-22 14:36:38,559 - dq_comparison - INFO - Duplicate rows (normalized) - Source: 1, Target: 1
2025-12-22 14:36:38,560 - dq_comparison - INFO - Source duplicate samples: ['Row 2', 'Row 7']
2025-12-22 14:36:38,561 - dq_comparison - INFO - Target duplicate samples: ['Row 2', 'Row 7']
2025-12-22 14:36:38,575 - dq_error_log - INFO - Retrieved 0 errors for session CMP_20251222_143638
2025-12-22 14:36:38,580 - dq_audit - INFO - Audit class initialized with database: dq_checks
2025-12-22 14:36:38,589 - dq_audit - INFO - Starting database insertion for comparison...
2025-12-22 14:36:38,602 - dq_audit - INFO - Inserted comparison record with ID: 202
2025-12-22 14:36:38,602 - dq_audit - INFO - Inserted comparison record with ID: 202
2025-12-22 14:36:38,629 - dq_audit - INFO - Audit class initialized with database: dq_checks
2025-12-22 14:36:38,661 - dq_comparison - INFO - Comparison analysis completed successfully
2025-12-22 14:36:38,661 - dq_audit - INFO - Audit class initialized with database: dq_checks
2025-12-22 14:36:38,719 - root - INFO - Completed comparison for session CMP_20251222_143638
2025-12-22 14:36:38,722 - werkzeug - INFO - 127.0.0.1 - - [22/Dec/2025 14:36:38] "POST /api/compare HTTP/1.1" 200 -
2025-12-22 14:36:40,798 - root - INFO - Comparison analysis request received: dict_keys(['source_type', 'db_type', 'host', 'port', 'database', 'user', 'password', 'table', 'target_source_type', 'target_db_type', 'target_host', 'target_port', 'target_database', 'target_user', 'target_password', 'target_table', 'selected_columns'])
2025-12-22 14:36:40,805 - root - INFO - Starting comparison for session CMP_20251222_143640
2025-12-22 14:36:40,805 - dq_comparison - INFO - LOADING SOURCE AND TARGET DATA
2025-12-22 14:36:40,807 - dq_unified - INFO - LOADING DATA FROM DATABASE
2025-12-22 14:36:40,808 - dq_unified - INFO - Loading large database table: customers
2025-12-22 14:36:40,818 - dq_unified - INFO - MySQL table has 15 rows
2025-12-22 14:36:40,818 - dq_unified - INFO - Loading 15 rows from MySQL...
2025-12-22 14:36:40,823 - dq_unified - INFO - Loaded 15 rows from MySQL
2025-12-22 14:36:40,827 - dq_unified - INFO - Memory optimization: 0.0MB -> 0.0MB (Saved: 0.0MB)
2025-12-22 14:36:40,827 - dq_unified - INFO - Loaded 15 rows, 11 columns. Memory: 120.3MB total, 0.0MB for dataframe
2025-12-22 14:36:40,834 - dq_unified - INFO - LOADING DATA FROM DATABASE
2025-12-22 14:36:40,834 - dq_unified - INFO - Loading large database table: customers
2025-12-22 14:36:40,848 - dq_unified - INFO - MySQL table has 15 rows
2025-12-22 14:36:40,849 - dq_unified - INFO - Loading 15 rows from MySQL...
2025-12-22 14:36:40,854 - dq_unified - INFO - Loaded 15 rows from MySQL
2025-12-22 14:36:40,858 - dq_unified - INFO - Memory optimization: 0.0MB -> 0.0MB (Saved: 0.0MB)
2025-12-22 14:36:40,859 - dq_unified - INFO - Loaded 15 rows, 11 columns. Memory: 120.3MB total, 0.0MB for dataframe
2025-12-22 14:36:40,862 - dq_comparison - INFO - SELECTING COLUMNS FOR COMPARISON
2025-12-22 14:36:40,862 - dq_comparison - INFO - Found 11 common columns between source and target (case-insensitive)
2025-12-22 14:36:40,862 - dq_comparison - INFO - User column selection input: all
2025-12-22 14:36:40,862 - dq_comparison - INFO - User selected ALL common columns for comparison
2025-12-22 14:36:40,862 - dq_comparison - INFO - GENERATING COMPREHENSIVE COMPARISON REPORT
2025-12-22 14:36:40,862 - dq_comparison - INFO - Report details - Source: Database: mysql - dq_checks.customers, Target: Database: mysql - dq_checks.customers, Selected columns: 11
2025-12-22 14:36:40,862 - dq_comparison - INFO - Initializing Error Logger...
2025-12-22 14:36:40,862 - dq_error_log - INFO - ErrorLogger initialized with database: dq_checks
2025-12-22 14:36:40,874 - dq_error_log - INFO - Database connection successful
2025-12-22 14:36:40,876 - dq_comparison - INFO - Session ID: CMP_20251222_143640
2025-12-22 14:36:40,878 - dq_comparison - INFO - FIRST CHECK: ROW COUNT COMPARISON
2025-12-22 14:36:40,878 - dq_comparison - INFO - Source rows: 15, Target rows: 15
2025-12-22 14:36:40,878 - dq_comparison - INFO - ✅ Row counts match perfectly
2025-12-22 14:36:40,878 - dq_comparison - INFO - SECOND CHECK: HASH-BASED COMPARISON WITH PERFECT NORMALIZATION
2025-12-22 14:36:40,878 - dq_comparison - INFO - Using 11 common columns for hash comparison
2025-12-22 14:36:40,878 - dq_comparison - INFO - Source columns: ['CustomerID', 'PostalCode', 'JoinDate', 'State', 'Phone', 'City', 'Country', 'Salary', 'Department', 'Email', 'CustomerName']
2025-12-22 14:36:40,878 - dq_comparison - INFO - Target columns: ['CustomerID', 'PostalCode', 'JoinDate', 'State', 'Phone', 'City', 'Country', 'Salary', 'Department', 'Email', 'CustomerName']
2025-12-22 14:36:40,878 - dq_comparison - INFO - Generating hashes for source data...
2025-12-22 14:36:40,881 - dq_comparison - INFO - Generating hashes for target data...
2025-12-22 14:36:40,885 - dq_comparison - INFO - Hash-based Comparison Results:
2025-12-22 14:36:40,885 - dq_comparison - INFO -   • Common rows: 15
2025-12-22 14:36:40,885 - dq_comparison - INFO -   • Rows only in source: 0
2025-12-22 14:36:40,885 - dq_comparison - INFO -   • Rows only in target: 0
2025-12-22 14:36:40,886 - dq_comparison - INFO - ℹ️  No row-level errors to log (all rows matched by hash)
2025-12-22 14:36:40,886 - dq_comparison - INFO - PERFORMING DETAILED COLUMN-BY-COLUMN COMPARISON...
2025-12-22 14:36:40,886 - dq_comparison - INFO - Will compare 15 rows (min of source:15 and target:15)
2025-12-22 14:36:40,892 - dq_comparison - INFO - Found 0 column value mismatches across all rows
2025-12-22 14:36:40,896 - dq_comparison - INFO - Analyzing data quality metrics...
2025-12-22 14:36:40,914 - dq_comparison - INFO - Null values - Source: 6 (3.64%), Target: 6 (3.64%)
2025-12-22 14:36:40,917 - dq_comparison - INFO - Duplicate rows (normalized) - Source: 0, Target: 0
2025-12-22 14:36:40,928 - dq_error_log - INFO - Retrieved 0 errors for session CMP_20251222_143640
2025-12-22 14:36:40,933 - dq_audit - INFO - Audit class initialized with database: dq_checks
2025-12-22 14:36:40,944 - dq_audit - INFO - Starting database insertion for comparison...
2025-12-22 14:36:40,958 - dq_audit - INFO - Inserted comparison record with ID: 203
2025-12-22 14:36:40,959 - dq_audit - INFO - Inserted comparison record with ID: 203
2025-12-22 14:36:40,989 - dq_audit - INFO - Audit class initialized with database: dq_checks
2025-12-22 14:36:41,026 - dq_comparison - INFO - Comparison analysis completed successfully
2025-12-22 14:36:41,026 - dq_audit - INFO - Audit class initialized with database: dq_checks
2025-12-22 14:36:41,086 - root - INFO - Completed comparison for session CMP_20251222_143640
2025-12-22 14:36:41,087 - werkzeug - INFO - 127.0.0.1 - - [22/Dec/2025 14:36:41] "POST /api/compare HTTP/1.1" 200 -
2025-12-22 14:41:47,267 - root - INFO - Comparison analysis request received: dict_keys(['source_type', 'source_file_path', 'target_source_type', 'target_db_type', 'target_host', 'target_port', 'target_database', 'target_user', 'target_password', 'target_table', 'selected_columns'])
2025-12-22 14:41:47,277 - root - INFO - Starting comparison for session CMP_20251222_144147
2025-12-22 14:41:47,277 - dq_comparison - INFO - LOADING SOURCE AND TARGET DATA
2025-12-22 14:41:47,288 - dq_unified - INFO - LOADING DATA FROM DATABASE
2025-12-22 14:41:47,289 - dq_unified - INFO - Loading large database table: customers
2025-12-22 14:41:47,301 - dq_unified - INFO - MySQL table has 15 rows
2025-12-22 14:41:47,301 - dq_unified - INFO - Loading 15 rows from MySQL...
2025-12-22 14:41:47,306 - dq_unified - INFO - Loaded 15 rows from MySQL
2025-12-22 14:41:47,313 - dq_unified - INFO - Memory optimization: 0.0MB -> 0.0MB (Saved: 0.0MB)
2025-12-22 14:41:47,315 - dq_unified - INFO - Loaded 15 rows, 11 columns. Memory: 120.4MB total, 0.0MB for dataframe
2025-12-22 14:41:47,317 - dq_comparison - INFO - SELECTING COLUMNS FOR COMPARISON
2025-12-22 14:41:47,317 - dq_comparison - INFO - Found 10 common columns between source and target (case-insensitive)
2025-12-22 14:41:47,317 - dq_comparison - INFO - User column selection input: all
2025-12-22 14:41:47,318 - dq_comparison - INFO - User selected ALL common columns for comparison
2025-12-22 14:41:47,318 - dq_comparison - INFO - GENERATING COMPREHENSIVE COMPARISON REPORT
2025-12-22 14:41:47,318 - dq_comparison - INFO - Report details - Source: CSV: sample_data.csv, Target: Database: mysql - dq_checks.customers, Selected columns: 10
2025-12-22 14:41:47,318 - dq_comparison - INFO - Initializing Error Logger...
2025-12-22 14:41:47,318 - dq_error_log - INFO - ErrorLogger initialized with database: dq_checks
2025-12-22 14:41:47,330 - dq_error_log - INFO - Database connection successful
2025-12-22 14:41:47,330 - dq_comparison - INFO - Session ID: CMP_20251222_144147
2025-12-22 14:41:47,333 - dq_comparison - INFO - FIRST CHECK: ROW COUNT COMPARISON
2025-12-22 14:41:47,333 - dq_comparison - INFO - Source rows: 15, Target rows: 15
2025-12-22 14:41:47,333 - dq_comparison - INFO - ✅ Row counts match perfectly
2025-12-22 14:41:47,333 - dq_comparison - INFO - SECOND CHECK: HASH-BASED COMPARISON WITH PERFECT NORMALIZATION
2025-12-22 14:41:47,333 - dq_comparison - INFO - Using 10 common columns for hash comparison
2025-12-22 14:41:47,333 - dq_comparison - INFO - Source columns: ['PostalCode', 'JoinDate', 'State', 'Phone', 'City', 'Country', 'Salary', 'Department', 'Email', 'CustomerName']
2025-12-22 14:41:47,333 - dq_comparison - INFO - Target columns: ['PostalCode', 'JoinDate', 'State', 'Phone', 'City', 'Country', 'Salary', 'Department', 'Email', 'CustomerName']
2025-12-22 14:41:47,333 - dq_comparison - INFO - Generating hashes for source data...
2025-12-22 14:41:47,339 - dq_comparison - INFO - Generating hashes for target data...
2025-12-22 14:41:47,345 - dq_comparison - INFO - Hash-based Comparison Results:
2025-12-22 14:41:47,346 - dq_comparison - INFO -   • Common rows: 13
2025-12-22 14:41:47,346 - dq_comparison - INFO -   • Rows only in source: 1
2025-12-22 14:41:47,346 - dq_comparison - INFO -   • Rows only in target: 2
2025-12-22 14:41:47,346 - dq_comparison - INFO - 🔍 DEBUG: Analyzing mismatches...
2025-12-22 14:41:47,346 - dq_comparison - INFO - 
Source row 4 not found in target:
2025-12-22 14:41:47,346 - dq_comparison - INFO -   PostalCode: '10003' → '10003'
2025-12-22 14:41:47,347 - dq_comparison - INFO -   JoinDate: '10-03-2023' → '2023-03-10'
2025-12-22 14:41:47,347 - dq_comparison - INFO -   State: 'KL' → 'kl'
2025-12-22 14:41:47,347 - dq_comparison - INFO - 
Target row 2 not found in source:
2025-12-22 14:41:47,347 - dq_comparison - INFO -   PostalCode: '10001' → '10001'
2025-12-22 14:41:47,347 - dq_comparison - INFO -   JoinDate: '2023-01-15' → '2023-01-15'
2025-12-22 14:41:47,347 - dq_comparison - INFO -   State: 'TS' → 'ts'
2025-12-22 14:41:47,347 - dq_comparison - INFO - 
Target row 4 not found in source:
2025-12-22 14:41:47,348 - dq_comparison - INFO -   PostalCode: '10003' → '10003'
2025-12-22 14:41:47,348 - dq_comparison - INFO -   JoinDate: '2023-03-10' → '2023-03-10'
2025-12-22 14:41:47,348 - dq_comparison - INFO -   State: 'KL' → 'kl'
2025-12-22 14:41:47,348 - dq_comparison - INFO - Logging 1 rows missing in target...
2025-12-22 14:41:47,348 - dq_comparison - INFO - Logging 2 rows extra in target...
2025-12-22 14:41:47,365 - dq_error_log - INFO - Batch logged 3 errors for session CMP_20251222_144147
2025-12-22 14:41:47,365 - dq_comparison - INFO - ✅ Logged 3 row-level errors to database
2025-12-22 14:41:47,369 - dq_comparison - INFO - PERFORMING DETAILED COLUMN-BY-COLUMN COMPARISON...
2025-12-22 14:41:47,369 - dq_comparison - INFO - Will compare 15 rows (min of source:15 and target:15)
2025-12-22 14:41:47,407 - dq_comparison - INFO - Found 2 column value mismatches across all rows
2025-12-22 14:41:47,412 - dq_comparison - INFO - Analyzing data quality metrics...
2025-12-22 14:41:47,427 - dq_comparison - INFO - Null values - Source: 6 (4.00%), Target: 5 (3.33%)
2025-12-22 14:41:47,446 - dq_comparison - INFO - Duplicate rows (normalized) - Source: 1, Target: 0
2025-12-22 14:41:47,448 - dq_comparison - INFO - Source duplicate samples: ['Row 2', 'Row 7']
2025-12-22 14:41:47,471 - dq_error_log - INFO - Retrieved 7 errors for session CMP_20251222_144147
2025-12-22 14:41:47,476 - dq_audit - INFO - Audit class initialized with database: dq_checks
2025-12-22 14:41:47,491 - dq_audit - INFO - Starting database insertion for comparison...
2025-12-22 14:41:47,507 - dq_audit - INFO - Inserted comparison record with ID: 204
2025-12-22 14:41:47,507 - dq_audit - INFO - Inserted comparison record with ID: 204
2025-12-22 14:41:47,535 - dq_audit - INFO - Audit class initialized with database: dq_checks
2025-12-22 14:41:47,568 - dq_comparison - INFO - Comparison analysis completed successfully
2025-12-22 14:41:47,568 - dq_audit - INFO - Audit class initialized with database: dq_checks
2025-12-22 14:41:47,630 - root - INFO - Completed comparison for session CMP_20251222_144147
2025-12-22 14:41:47,632 - werkzeug - INFO - 127.0.0.1 - - [22/Dec/2025 14:41:47] "POST /api/compare HTTP/1.1" 200 -
