2025-12-31 15:07:29,669 - __main__ - INFO - 🌐 API Server Logging Initialized
2025-12-31 15:07:29,672 - __main__ - INFO - 📝 Logs saved to: logs/dq_api_20251231_150729.log
2025-12-31 15:07:29,803 - __main__ - INFO - APP_SETTINGS loaded. Audit enabled: True
2025-12-31 15:07:29,806 - __main__ - INFO - ✅ All DQ modules loaded successfully
2025-12-31 15:07:29,818 - dq_error_log - INFO - ErrorLogger initialized with database: dq_checks
2025-12-31 15:07:29,821 - dq_audit - INFO - Audit class initialized with database: dq_checks
2025-12-31 15:07:29,823 - __main__ - INFO - ✅ ErrorLogger and DataQualityAudit initialized
2025-12-31 15:07:29,842 - __main__ - INFO - 🚀 Starting Data Quality Framework API
2025-12-31 15:07:29,845 - __main__ - INFO - 📊 Modules available: True
2025-12-31 15:07:29,851 - __main__ - INFO - 🔧 Config file mode: False
2025-12-31 15:07:29,854 - __main__ - INFO - 📋 Available endpoints:
2025-12-31 15:07:29,855 - __main__ - INFO -   GET  /              - API status
2025-12-31 15:07:29,857 - __main__ - INFO -   GET  /api/health    - Health check
2025-12-31 15:07:29,859 - __main__ - INFO -   POST /api/check-single - Single source analysis
2025-12-31 15:07:29,864 - __main__ - INFO -   POST /api/compare   - Source-target comparison
2025-12-31 15:07:29,877 - __main__ - INFO -   POST /api/upload    - File upload
2025-12-31 15:07:29,880 - __main__ - INFO -   GET  /api/sessions  - List sessions
2025-12-31 15:07:29,882 - __main__ - INFO -   GET  /api/sessions/<id> - Get session data
2025-12-31 15:07:29,884 - __main__ - INFO -   GET  /api/debug-db  - Database debug
2025-12-31 15:07:29,886 - __main__ - INFO - 🌍 Server starting on 0.0.0.0:5000 (debug=False)
2025-12-31 15:08:11,269 - __main__ - INFO - POST /api/database-hierarchy - Request started
2025-12-31 15:08:11,271 - __main__ - INFO - Getting database hierarchy for oracle
2025-12-31 15:08:11,272 - __main__ - INFO - Database: Not provided
2025-12-31 15:08:11,273 - __main__ - INFO - Schema: Not provided
2025-12-31 15:08:11,274 - database_navigator - INFO - DatabaseNavigator initialized
2025-12-31 15:08:11,275 - __main__ - INFO - Connecting with config: {'host': 'localhost', 'port': 1521, 'user': 'system', 'password': 'manager'}
2025-12-31 15:08:11,276 - database_navigator - INFO - Connecting to ORACLE...
2025-12-31 15:08:11,276 - database_navigator - ERROR - Connection failed: 'service_name'
2025-12-31 15:08:11,277 - __main__ - INFO - Completed with status 500 in 0.008s
2025-12-31 15:09:02,432 - __main__ - INFO - POST /api/database-hierarchy - Request started
2025-12-31 15:09:02,442 - __main__ - INFO - Getting database hierarchy for mysql
2025-12-31 15:09:02,444 - __main__ - INFO - Database: Not provided
2025-12-31 15:09:02,447 - __main__ - INFO - Schema: Not provided
2025-12-31 15:09:02,449 - database_navigator - INFO - DatabaseNavigator initialized
2025-12-31 15:09:02,451 - __main__ - INFO - Connecting with config: {'host': 'localhost', 'port': 3306, 'user': 'root', 'password': 'root'}
2025-12-31 15:09:02,454 - database_navigator - INFO - Connecting to MYSQL...
2025-12-31 15:09:02,738 - database_navigator - INFO - Successfully connected to MYSQL!
2025-12-31 15:09:02,740 - __main__ - INFO - Getting databases list...
2025-12-31 15:09:02,744 - database_navigator - INFO - Found 13 databases
2025-12-31 15:09:02,746 - __main__ - INFO - Found 13 databases
2025-12-31 15:09:02,749 - __main__ - INFO - Completed with status 200 in 0.317s
2025-12-31 15:09:07,677 - __main__ - INFO - POST /api/database-hierarchy - Request started
2025-12-31 15:09:07,681 - __main__ - INFO - Getting database hierarchy for mysql
2025-12-31 15:09:07,688 - __main__ - INFO - Database: dq_checks
2025-12-31 15:09:07,704 - __main__ - INFO - Schema: Not provided
2025-12-31 15:09:07,715 - database_navigator - INFO - DatabaseNavigator initialized
2025-12-31 15:09:07,720 - __main__ - INFO - Connecting with config: {'host': 'localhost', 'port': 3306, 'user': 'root', 'password': 'root'}
2025-12-31 15:09:07,726 - database_navigator - INFO - Connecting to MYSQL...
2025-12-31 15:09:07,749 - database_navigator - INFO - Successfully connected to MYSQL!
2025-12-31 15:09:07,773 - __main__ - INFO - Getting schemas for database: dq_checks
2025-12-31 15:09:07,781 - database_navigator - INFO - Found 1 schemas
2025-12-31 15:09:07,795 - __main__ - INFO - Found 1 schemas
2025-12-31 15:09:07,798 - __main__ - INFO - Completed with status 200 in 0.121s
2025-12-31 15:09:09,493 - __main__ - INFO - POST /api/database-hierarchy - Request started
2025-12-31 15:09:09,495 - __main__ - INFO - Getting database hierarchy for mysql
2025-12-31 15:09:09,498 - __main__ - INFO - Database: dq_checks
2025-12-31 15:09:09,499 - __main__ - INFO - Schema: dq_checks
2025-12-31 15:09:09,501 - database_navigator - INFO - DatabaseNavigator initialized
2025-12-31 15:09:09,502 - __main__ - INFO - Connecting with config: {'host': 'localhost', 'port': 3306, 'user': 'root', 'password': 'root'}
2025-12-31 15:09:09,503 - database_navigator - INFO - Connecting to MYSQL...
2025-12-31 15:09:09,520 - database_navigator - INFO - Successfully connected to MYSQL!
2025-12-31 15:09:09,521 - __main__ - INFO - Getting tables for database: dq_checks, schema: dq_checks
2025-12-31 15:09:09,527 - database_navigator - INFO - Found 6 tables in schema 'dq_checks'
2025-12-31 15:09:09,528 - __main__ - INFO - Found 6 tables
2025-12-31 15:09:09,531 - __main__ - INFO - Completed with status 200 in 0.038s
2025-12-31 15:09:15,084 - __main__ - INFO - POST /api/check-single - Request started
2025-12-31 15:09:15,086 - __main__ - INFO - Single source analysis request received
2025-12-31 15:09:15,092 - __main__ - INFO - Starting analysis for session SINGLE_20251231_150915_1a2d7d1d
2025-12-31 15:09:15,097 - __main__ - INFO - UI Data being passed to dq_unified:
2025-12-31 15:09:15,099 - __main__ - INFO -   source_type: database
2025-12-31 15:09:15,101 - __main__ - INFO -   db_config: {'type': 'mysql', 'host': 'localhost', 'port': 3306, 'database': 'dq_checks', 'schema': 'dq_checks', 'table': 'customers', 'user': 'root', 'password': 'root'}
2025-12-31 15:09:15,102 - __main__ - INFO -   mandatory_fields: None
2025-12-31 15:09:15,104 - dq_unified - INFO - ==================================================
2025-12-31 15:09:15,105 - dq_unified - INFO - RUN_SINGLE_SOURCE_ANALYSIS_UI - START
2025-12-31 15:09:15,107 - dq_unified - INFO - Prompting user for data source type
2025-12-31 15:09:15,108 - dq_unified - INFO - UI Data source_type: database
2025-12-31 15:09:15,110 - dq_unified - INFO - Using source_type from UI data: database
2025-12-31 15:09:15,111 - dq_unified - INFO - Loading data from DATABASE...
2025-12-31 15:09:15,113 - dq_unified - INFO - Loading data from DATABASE
2025-12-31 15:09:15,115 - dq_unified - INFO - Loading large database table: customers
2025-12-31 15:09:15,117 - dq_unified - INFO - Normalized DB config with schema: dq_checks
2025-12-31 15:09:15,147 - dq_unified - INFO - MySQL table customers has 15 rows
2025-12-31 15:09:15,148 - dq_unified - INFO - Loading 15 rows from MySQL...
2025-12-31 15:09:16,455 - dq_unified - INFO - Loaded 15 rows from MySQL
2025-12-31 15:09:16,482 - dq_unified - INFO - Memory optimization: 0.0MB -> 0.0MB (Saved: 0.0MB)
2025-12-31 15:09:16,484 - dq_unified - INFO - Standardizing data types...
2025-12-31 15:09:16,492 - dq_unified - INFO - Data type standardization complete
2025-12-31 15:09:16,496 - dq_unified - INFO - Loaded 15 rows, 10 columns. Memory: 121.3MB total, 0.0MB for dataframe
2025-12-31 15:09:16,497 - dq_unified - INFO - Data loaded: 15 rows, 10 columns
2025-12-31 15:09:16,498 - dq_error_log - INFO - ErrorLogger initialized with database: dq_checks
2025-12-31 15:09:16,499 - dq_unified - INFO - Session ID: SINGLE_20251231_150916
2025-12-31 15:09:16,500 - dq_unified - INFO - ==================================================
2025-12-31 15:09:16,500 - dq_unified - INFO - Starting quality checks...
2025-12-31 15:09:16,501 - dq_unified - INFO - ==================================================
2025-12-31 15:09:16,503 - dq_unified - INFO - 1. Checking for null/empty values...
2025-12-31 15:09:16,504 - dq_unified - INFO - Checking for null/empty values
2025-12-31 15:09:16,505 - dq_unified - INFO - DataFrame shape: (15, 10)
2025-12-31 15:09:16,506 - dq_unified - INFO - Columns: ['CustomerName', 'Email', 'Phone', 'Salary', 'Department', 'JoinDate', 'PostalCode', 'City', 'Country', 'State']
2025-12-31 15:09:16,507 - dq_unified - INFO - Data source: Database: mysql - Table: customers
2025-12-31 15:09:16,509 - dq_unified - INFO - DataFrame dtypes: {'CustomerName': dtype('O'), 'Email': dtype('O'), 'Phone': dtype('int64'), 'Salary': dtype('float32'), 'Department': CategoricalDtype(categories=['Finance', 'HR', 'IT', 'Marketing', 'Sales'], ordered=False, categories_dtype=object), 'JoinDate': dtype('int64'), 'PostalCode': dtype('float64'), 'City': dtype('O'), 'Country': CategoricalDtype(categories=['USA'], ordered=False, categories_dtype=object), 'State': dtype('O')}
2025-12-31 15:09:16,510 - dq_unified - INFO - First 2 rows (first 3 columns only):
2025-12-31 15:09:16,514 - dq_unified - INFO -   Row 0: {'CustomerName': "'John Doe'", 'Email': "'john@email.com'", 'Phone': 'np.int64(1234567890)'}
2025-12-31 15:09:16,515 - dq_unified - INFO -   Row 1: {'CustomerName': "'Jane Smith'", 'Email': "'jane@email.com'", 'Phone': 'np.int64(9876543210)'}
2025-12-31 15:09:16,543 - dq_unified - INFO -   Missing samples: ['None']
2025-12-31 15:09:16,544 - dq_unified - INFO -   Not missing samples: ["'John Doe'", "'Jane Smith'", "'Bob Johnson'"]
2025-12-31 15:09:16,545 - dq_unified - WARNING - Column 'CustomerName': 1 missing cells (6.7%)
2025-12-31 15:09:16,546 - dq_unified - WARNING - Column 'CustomerName': 1 missing cells (6.7%)
2025-12-31 15:09:16,551 - dq_error_log - INFO - Starting batch logging for 1 errors, session: SINGLE_20251231_150916
2025-12-31 15:09:16,570 - dq_error_log - INFO - Batch 1: Successfully logged 1 errors
2025-12-31 15:09:16,571 - dq_error_log - INFO - Progress: 1/1 errors processed
2025-12-31 15:09:16,573 - dq_error_log - INFO - COMPLETE: Logged 1/1 errors for session SINGLE_20251231_150916
2025-12-31 15:09:16,587 - dq_unified - INFO -   Missing samples: ["''"]
2025-12-31 15:09:16,589 - dq_unified - INFO -   Not missing samples: ["'john@email.com'", "'jane@email.com'", "'alice@email.com'"]
2025-12-31 15:09:16,590 - dq_unified - WARNING - Column 'Email': 1 missing cells (6.7%)
2025-12-31 15:09:16,591 - dq_unified - WARNING - Column 'Email': 1 missing cells (6.7%)
2025-12-31 15:09:16,591 - dq_error_log - INFO - Starting batch logging for 1 errors, session: SINGLE_20251231_150916
2025-12-31 15:09:16,609 - dq_error_log - INFO - Batch 1: Successfully logged 1 errors
2025-12-31 15:09:16,611 - dq_error_log - INFO - Progress: 1/1 errors processed
2025-12-31 15:09:16,612 - dq_error_log - INFO - COMPLETE: Logged 1/1 errors for session SINGLE_20251231_150916
2025-12-31 15:09:16,630 - dq_unified - INFO - Column 'Phone': No missing cells
2025-12-31 15:09:16,647 - dq_unified - INFO -   Missing samples: ['nan', 'nan']
2025-12-31 15:09:16,649 - dq_unified - INFO -   Not missing samples: ['50000.0', '60000.0', '55000.0']
2025-12-31 15:09:16,651 - dq_unified - WARNING - Column 'Salary': 2 missing cells (13.3%)
2025-12-31 15:09:16,651 - dq_unified - WARNING - Column 'Salary': 2 missing cells (13.3%)
2025-12-31 15:09:16,653 - dq_error_log - INFO - Starting batch logging for 2 errors, session: SINGLE_20251231_150916
2025-12-31 15:09:16,670 - dq_error_log - INFO - Batch 1: Successfully logged 2 errors
2025-12-31 15:09:16,671 - dq_error_log - INFO - Progress: 2/2 errors processed
2025-12-31 15:09:16,672 - dq_error_log - INFO - COMPLETE: Logged 2/2 errors for session SINGLE_20251231_150916
2025-12-31 15:09:16,689 - dq_unified - INFO -   Missing samples: ['nan']
2025-12-31 15:09:16,690 - dq_unified - INFO -   Not missing samples: ["'IT'", "'HR'", "'Finance'"]
2025-12-31 15:09:16,692 - dq_unified - WARNING - Column 'Department': 1 missing cells (6.7%)
2025-12-31 15:09:16,693 - dq_unified - WARNING - Column 'Department': 1 missing cells (6.7%)
2025-12-31 15:09:16,695 - dq_error_log - INFO - Starting batch logging for 1 errors, session: SINGLE_20251231_150916
2025-12-31 15:09:16,711 - dq_error_log - INFO - Batch 1: Successfully logged 1 errors
2025-12-31 15:09:16,713 - dq_error_log - INFO - Progress: 1/1 errors processed
2025-12-31 15:09:16,714 - dq_error_log - INFO - COMPLETE: Logged 1/1 errors for session SINGLE_20251231_150916
2025-12-31 15:09:16,732 - dq_unified - INFO - Column 'JoinDate': No missing cells
2025-12-31 15:09:16,749 - dq_unified - INFO -   Missing samples: ['nan']
2025-12-31 15:09:16,751 - dq_unified - INFO -   Not missing samples: ['10001.0', '10002.0', '10003.0']
2025-12-31 15:09:16,753 - dq_unified - WARNING - Column 'PostalCode': 1 missing cells (6.7%)
2025-12-31 15:09:16,754 - dq_unified - WARNING - Column 'PostalCode': 1 missing cells (6.7%)
2025-12-31 15:09:16,756 - dq_error_log - INFO - Starting batch logging for 1 errors, session: SINGLE_20251231_150916
2025-12-31 15:09:16,775 - dq_error_log - INFO - Batch 1: Successfully logged 1 errors
2025-12-31 15:09:16,776 - dq_error_log - INFO - Progress: 1/1 errors processed
2025-12-31 15:09:16,778 - dq_error_log - INFO - COMPLETE: Logged 1/1 errors for session SINGLE_20251231_150916
2025-12-31 15:09:16,793 - dq_unified - INFO - Column 'City': No missing cells
2025-12-31 15:09:16,811 - dq_unified - INFO - Column 'Country': No missing cells
2025-12-31 15:09:16,825 - dq_unified - INFO -   Missing samples: ['None']
2025-12-31 15:09:16,828 - dq_unified - INFO -   Not missing samples: ["'TS'", "'AP'", "'KL'"]
2025-12-31 15:09:16,829 - dq_unified - WARNING - Column 'State': 1 missing cells (6.7%)
2025-12-31 15:09:16,830 - dq_unified - WARNING - Column 'State': 1 missing cells (6.7%)
2025-12-31 15:09:16,832 - dq_error_log - INFO - Starting batch logging for 1 errors, session: SINGLE_20251231_150916
2025-12-31 15:09:16,852 - dq_error_log - INFO - Batch 1: Successfully logged 1 errors
2025-12-31 15:09:16,852 - dq_error_log - INFO - Progress: 1/1 errors processed
2025-12-31 15:09:16,854 - dq_error_log - INFO - COMPLETE: Logged 1/1 errors for session SINGLE_20251231_150916
2025-12-31 15:09:16,856 - dq_unified - INFO - Total missing cells found: 7
2025-12-31 15:09:16,856 - dq_unified - INFO - === Analyzing MySQL database ===
2025-12-31 15:09:16,859 - dq_unified - INFO - First column 'CustomerName' samples: ["'John Doe'", "'Jane Smith'", "'Bob Johnson'"]
2025-12-31 15:09:16,860 - dq_unified - INFO - ============================================================
2025-12-31 15:09:16,861 - dq_unified - INFO - MISSING VALUE SUMMARY
2025-12-31 15:09:16,862 - dq_unified - INFO - ============================================================
2025-12-31 15:09:16,863 - dq_unified - INFO - CustomerName: 1 missing (6.7%)
2025-12-31 15:09:16,865 - dq_unified - INFO - Email: 1 missing (6.7%)
2025-12-31 15:09:16,866 - dq_unified - INFO - Salary: 2 missing (13.3%)
2025-12-31 15:09:16,868 - dq_unified - INFO - Department: 1 missing (6.7%)
2025-12-31 15:09:16,869 - dq_unified - INFO - PostalCode: 1 missing (6.7%)
2025-12-31 15:09:16,870 - dq_unified - INFO - State: 1 missing (6.7%)
2025-12-31 15:09:16,870 - dq_unified - INFO - ============================================================
2025-12-31 15:09:16,871 - dq_unified - INFO -    Found 7 empty cells
2025-12-31 15:09:16,872 - dq_unified - INFO - 2. Checking for duplicate rows...
2025-12-31 15:09:16,872 - dq_unified - INFO - Checking for duplicate rows
2025-12-31 15:09:16,873 - dq_unified - INFO - Cleaning data (removing whitespace)...
2025-12-31 15:09:16,875 - dq_unified - INFO - Columns after cleaning: ['CustomerName', 'Email', 'Phone', 'Salary', 'Department', 'JoinDate', 'PostalCode', 'City', 'Country', 'State']
2025-12-31 15:09:16,888 - dq_unified - INFO - Sample of first column after cleaning: 'John Doe'
2025-12-31 15:09:16,890 - dq_unified - INFO - Sample of row 6 first column: 'John Doe'
2025-12-31 15:09:16,891 - dq_unified - INFO - Total rows to check: 15
2025-12-31 15:09:16,893 - dq_unified - INFO - Checking first column 'CustomerName' for serial numbers
2025-12-31 15:09:16,894 - dq_unified - INFO - First 5 values: ['John Doe', 'Jane Smith', 'Bob Johnson', 'Alice Brown', 'Charlie Wilson']
2025-12-31 15:09:16,895 - dq_unified - INFO -   Row 1: 'John Doe' → Not numeric
2025-12-31 15:09:16,896 - dq_unified - INFO -   Row 2: 'Jane Smith' → Not numeric
2025-12-31 15:09:16,898 - dq_unified - INFO -   Row 3: 'Bob Johnson' → Not numeric
2025-12-31 15:09:16,898 - dq_unified - INFO - Not enough numeric values to be serial: []
2025-12-31 15:09:16,900 - dq_unified - INFO - Checking duplicates on ALL columns
2025-12-31 15:09:16,901 - dq_unified - INFO - First few rows for comparison:
2025-12-31 15:09:16,903 - dq_unified - INFO -   Row 0: {'CustomerName': 'John Doe', 'Email': 'john@email.com', 'Phone': '1234567890'}
2025-12-31 15:09:16,904 - dq_unified - INFO -   Row 1: {'CustomerName': 'Jane Smith', 'Email': 'jane@email.com', 'Phone': '9876543210'}
2025-12-31 15:09:16,906 - dq_unified - INFO -   Row 2: {'CustomerName': 'Bob Johnson', 'Email': '', 'Phone': '5551234567'}
2025-12-31 15:09:16,912 - dq_unified - INFO - Duplicate mask found 2 rows
2025-12-31 15:09:16,912 - dq_unified - INFO - Found 2 potential duplicate rows
2025-12-31 15:09:16,916 - dq_unified - INFO - Unique duplicate groups: 1
2025-12-31 15:09:16,917 - dq_unified - INFO - Duplicate groups found:
2025-12-31 15:09:16,919 - dq_unified - INFO -   Group sample: Pandas(Index=0, CustomerName='John Doe', Email='john@email.com', Phone='1234567890', Salary='50000.0', Department='IT', JoinDate='1673740800000000000', PostalCode='10001.0', City='New York', Country='USA', State='TS')
2025-12-31 15:09:16,921 - dq_unified - INFO - Processing 2 duplicate indices
2025-12-31 15:09:16,923 - dq_unified - INFO - FINAL RESULT: Found 2 duplicate groups
2025-12-31 15:09:16,925 - dq_error_log - INFO - Starting batch logging for 2 errors, session: SINGLE_20251231_150916
2025-12-31 15:09:16,942 - dq_error_log - INFO - Batch 1: Successfully logged 2 errors
2025-12-31 15:09:16,944 - dq_error_log - INFO - Progress: 2/2 errors processed
2025-12-31 15:09:16,945 - dq_error_log - INFO - COMPLETE: Logged 2/2 errors for session SINGLE_20251231_150916
2025-12-31 15:09:16,947 - dq_unified - INFO -    Found 2 duplicate rows
2025-12-31 15:09:16,948 - dq_unified - INFO - 3. Checking data formats...
2025-12-31 15:09:16,949 - dq_unified - INFO - Checking data formats
2025-12-31 15:09:16,959 - dq_unified - INFO - Detected Email as email type
2025-12-31 15:09:16,960 - dq_unified - WARNING -   Row 9: 'invalid-email...' doesn't match Valid email format (user@domain.com)
2025-12-31 15:09:16,964 - dq_unified - INFO - Detected Phone as phone type
2025-12-31 15:09:16,965 - dq_unified - WARNING -   Row 14: '1112222...' doesn't match Valid phone number format
2025-12-31 15:09:16,967 - dq_unified - INFO - Detected Salary as numeric type
2025-12-31 15:09:16,974 - dq_unified - INFO - Detected JoinDate as numeric type
2025-12-31 15:09:16,978 - dq_unified - INFO - Detected PostalCode as numeric type
2025-12-31 15:09:16,988 - dq_unified - INFO - Total format issues found: 2
2025-12-31 15:09:16,990 - dq_error_log - INFO - Starting batch logging for 2 errors, session: SINGLE_20251231_150916
2025-12-31 15:09:17,009 - dq_error_log - INFO - Batch 1: Successfully logged 2 errors
2025-12-31 15:09:17,011 - dq_error_log - INFO - Progress: 2/2 errors processed
2025-12-31 15:09:17,012 - dq_error_log - INFO - COMPLETE: Logged 2/2 errors for session SINGLE_20251231_150916
2025-12-31 15:09:17,013 - dq_unified - INFO -    Found 2 format issues
2025-12-31 15:09:17,014 - dq_unified - INFO - 4. Checking mandatory fields...
2025-12-31 15:09:17,016 - dq_unified - INFO - Checking mandatory fields
2025-12-31 15:09:17,016 - dq_unified - INFO - Available columns: ['CustomerName', 'Email', 'Phone', 'Salary', 'Department', 'JoinDate', 'PostalCode', 'City', 'Country', 'State']
2025-12-31 15:09:17,017 - dq_unified - INFO - Mandatory field check completed: 0 columns with issues, 0 total missing values
2025-12-31 15:09:17,018 - dq_unified - INFO -    Found 0 missing mandatory values
2025-12-31 15:09:17,020 - dq_unified - INFO - 5. Calculating quality score...
2025-12-31 15:09:17,021 - dq_unified - INFO - Calculating quality score
2025-12-31 15:09:17,022 - dq_unified - INFO - Quality Score Calculation:
2025-12-31 15:09:17,024 - dq_unified - INFO -   Total rows: 15
2025-12-31 15:09:17,025 - dq_unified - INFO -   Bad Rows: 8
2025-12-31 15:09:17,026 - dq_unified - INFO -   Good rows (no issues): 7
2025-12-31 15:09:17,028 - dq_unified - INFO -   Quality Score: 46.67%
2025-12-31 15:09:17,052 - dq_error_log - INFO - Retrieved 11 error logs for session SINGLE_20251231_150916
2025-12-31 15:09:17,074 - dq_error_log - INFO - Retrieved summary: 11 total errors for session SINGLE_20251231_150916
2025-12-31 15:09:17,075 - dq_unified - INFO - Added 11 error logs to results
2025-12-31 15:09:17,076 - dq_audit - INFO - Audit class initialized with database: dq_checks
2025-12-31 15:09:17,078 - dq_audit - INFO - Starting database insertion for single_source...
2025-12-31 15:09:17,099 - dq_audit - INFO - Inserted single_source record with ID: 499
2025-12-31 15:09:17,121 - dq_audit - INFO - Retrieved 1 audit logs for session SINGLE_20251231_150916
2025-12-31 15:09:17,123 - dq_unified - INFO - Added 1 audit logs to results
2025-12-31 15:09:17,124 - dq_unified - INFO - Analysis completed successfully for Database: mysql - Table: customers
2025-12-31 15:09:17,126 - dq_unified - INFO - Final quality score: 46.67%
2025-12-31 15:09:17,141 - dq_error_log - INFO - Retrieved 11 error logs for session SINGLE_20251231_150916
2025-12-31 15:09:17,159 - dq_error_log - INFO - Retrieved summary: 11 total errors for session SINGLE_20251231_150916
2025-12-31 15:09:17,175 - dq_audit - INFO - Retrieved 1 audit logs for session SINGLE_20251231_150916
2025-12-31 15:09:17,176 - __main__ - INFO - Analysis completed for session SINGLE_20251231_150916
2025-12-31 15:09:17,179 - __main__ - INFO - Completed with status 200 in 2.095s
2025-12-31 15:10:14,148 - __main__ - INFO - POST /api/database-hierarchy - Request started
2025-12-31 15:10:14,150 - __main__ - INFO - Getting database hierarchy for postgresql
2025-12-31 15:10:14,152 - __main__ - INFO - Database: Not provided
2025-12-31 15:10:14,154 - __main__ - INFO - Schema: Not provided
2025-12-31 15:10:14,155 - database_navigator - INFO - DatabaseNavigator initialized
2025-12-31 15:10:14,156 - __main__ - INFO - Connecting with config: {'host': 'localhost', 'port': 5432, 'user': 'postgres', 'password': 'postgres'}
2025-12-31 15:10:14,158 - database_navigator - INFO - Connecting to POSTGRESQL...
2025-12-31 15:10:14,159 - database_navigator - INFO - Successfully connected to POSTGRESQL!
2025-12-31 15:10:14,160 - __main__ - INFO - Getting databases list...
2025-12-31 15:10:14,162 - database_navigator - ERROR - No database connection
2025-12-31 15:10:14,163 - __main__ - INFO - Found 0 databases
2025-12-31 15:10:14,165 - __main__ - INFO - Completed with status 200 in 0.017s
