2026-01-05 17:15:07,079 - __main__ - INFO - 🌐 API Server Logging Initialized
2026-01-05 17:15:07,080 - __main__ - INFO - 📝 Logs saved to: logs/dq_api_20260105_171507.log
2026-01-05 17:15:07,130 - __main__ - INFO - APP_SETTINGS loaded. Audit enabled: True
2026-01-05 17:15:07,131 - __main__ - INFO - ✅ All DQ modules loaded successfully
2026-01-05 17:15:07,134 - dq_error_log - INFO - ErrorLogger initialized with database: dq_checks
2026-01-05 17:15:07,135 - dq_audit - INFO - Audit class initialized with database: dq_checks
2026-01-05 17:15:07,136 - __main__ - INFO - ✅ ErrorLogger and DataQualityAudit initialized
2026-01-05 17:15:07,142 - __main__ - INFO - 🚀 Starting Data Quality Framework API
2026-01-05 17:15:07,143 - __main__ - INFO - 📊 Modules available: True
2026-01-05 17:15:07,144 - __main__ - INFO - 🔧 Config file mode: False
2026-01-05 17:15:07,144 - __main__ - INFO - 📋 Available endpoints:
2026-01-05 17:15:07,145 - __main__ - INFO -   GET  /              - API status
2026-01-05 17:15:07,145 - __main__ - INFO -   GET  /api/health    - Health check
2026-01-05 17:15:07,146 - __main__ - INFO -   POST /api/check-single - Single source analysis
2026-01-05 17:15:07,147 - __main__ - INFO -   POST /api/compare   - Source-target comparison
2026-01-05 17:15:07,147 - __main__ - INFO -   POST /api/upload    - File upload
2026-01-05 17:15:07,149 - __main__ - INFO -   GET  /api/sessions  - List sessions
2026-01-05 17:15:07,151 - __main__ - INFO -   GET  /api/sessions/<id> - Get session data
2026-01-05 17:15:07,152 - __main__ - INFO -   GET  /api/debug-db  - Database debug
2026-01-05 17:15:07,152 - __main__ - INFO - 🌍 Server starting on 0.0.0.0:5000 (debug=False)
2026-01-05 17:15:21,130 - __main__ - INFO - POST /api/database-hierarchy - Request started
2026-01-05 17:15:21,131 - __main__ - INFO - Getting database hierarchy for postgresql
2026-01-05 17:15:21,132 - __main__ - INFO - Database: Not provided
2026-01-05 17:15:21,133 - __main__ - INFO - Schema: Not provided
2026-01-05 17:15:21,134 - database_navigator - INFO - DatabaseNavigator initialized
2026-01-05 17:15:21,135 - __main__ - INFO - Connecting with config: {'host': 'localhost', 'port': 5432, 'database': 'dq_checks', 'user': 'postgres', 'password': 'postgres'}
2026-01-05 17:15:21,135 - database_navigator - INFO - Connecting to POSTGRESQL...
2026-01-05 17:15:21,136 - database_navigator - INFO - Successfully connected to POSTGRESQL!
2026-01-05 17:15:21,137 - __main__ - INFO - Getting databases list...
2026-01-05 17:15:21,138 - database_navigator - INFO - DEBUG: Checking connection - self.connection = None
2026-01-05 17:15:21,138 - database_navigator - ERROR - No database connection
2026-01-05 17:15:21,139 - __main__ - INFO - Found 0 databases
2026-01-05 17:15:21,140 - __main__ - INFO - Completed with status 200 in 0.010s
