2026-01-15 19:48:06,219 - __main__ - INFO - 🌐 API Server Logging Initialized
2026-01-15 19:48:06,220 - __main__ - INFO - 📝 Logs saved to: logs/dq_api_20260115_194806.log
2026-01-15 19:48:06,301 - dq_rules - WARNING - Could not load config from database: name 'get_db_connection' is not defined
2026-01-15 19:48:06,304 - __main__ - INFO - APP_SETTINGS loaded. Audit enabled: True
2026-01-15 19:48:06,304 - __main__ - INFO - ✅ All DQ modules loaded successfully
2026-01-15 19:48:06,306 - dq_error_log - INFO - ErrorLogger initialized with database: dq_checks
2026-01-15 19:48:06,307 - dq_audit - INFO - Audit class initialized with database: dq_checks
2026-01-15 19:48:06,307 - __main__ - INFO - ✅ ErrorLogger and DataQualityAudit initialized
2026-01-15 19:48:06,321 - __main__ - INFO - 🚀 Starting Data Quality Framework API
2026-01-15 19:48:06,322 - __main__ - INFO - 📊 Modules available: True
2026-01-15 19:48:06,322 - __main__ - INFO - 🔧 Config file mode: False
2026-01-15 19:48:06,323 - __main__ - INFO - 📋 Available endpoints:
2026-01-15 19:48:06,323 - __main__ - INFO -   GET  /              - API status
2026-01-15 19:48:06,324 - __main__ - INFO -   GET  /api/health    - Health check
2026-01-15 19:48:06,324 - __main__ - INFO -   POST /api/check-single - Single source analysis
2026-01-15 19:48:06,325 - __main__ - INFO -   POST /api/compare   - Source-target comparison
2026-01-15 19:48:06,326 - __main__ - INFO -   POST /api/upload    - File upload
2026-01-15 19:48:06,326 - __main__ - INFO -   GET  /api/sessions  - List sessions
2026-01-15 19:48:06,327 - __main__ - INFO -   GET  /api/sessions/<id> - Get session data
2026-01-15 19:48:06,327 - __main__ - INFO -   GET  /api/debug-db  - Database debug
2026-01-15 19:48:06,327 - __main__ - INFO - 🌍 Server starting on 0.0.0.0:5000 (debug=False)
2026-01-15 19:48:56,798 - __main__ - INFO - GET /api/compare/CMP_20260115_192339 - Request started
2026-01-15 19:48:56,925 - dq_audit - INFO - Retrieved 1 audit logs for session CMP_20260115_192339
2026-01-15 19:48:57,002 - dq_error_log - INFO - Retrieved 200 error logs for session CMP_20260115_192339
2026-01-15 19:48:57,034 - dq_error_log - INFO - Retrieved summary: 5006 total errors for session CMP_20260115_192339
2026-01-15 19:48:57,044 - __main__ - INFO - Retrieved comparison session data for CMP_20260115_192339
2026-01-15 19:48:57,048 - __main__ - INFO - Completed with status 200 in 0.250s
2026-01-15 19:49:15,411 - __main__ - INFO - GET /api/compare/CMP_20260115_192339/rows/source_only - Request started
2026-01-15 19:49:15,412 - __main__ - INFO - Completed with status 404 in 0.001s
2026-01-15 19:50:21,478 - __main__ - INFO - GET /api/compare/CMP_20260115_192339/rows/count - Request started
2026-01-15 19:50:21,479 - __main__ - INFO - Completed with status 404 in 0.001s
