2026-01-08 15:36:20,444 - __main__ - INFO - 🌐 API Server Logging Initialized
2026-01-08 15:36:20,445 - __main__ - INFO - 📝 Logs saved to: logs/dq_api_20260108_153620.log
2026-01-08 15:36:20,642 - __main__ - INFO - APP_SETTINGS loaded. Audit enabled: True
2026-01-08 15:36:20,643 - __main__ - INFO - ✅ All DQ modules loaded successfully
2026-01-08 15:36:20,646 - dq_error_log - INFO - ErrorLogger initialized with database: dq_checks
2026-01-08 15:36:20,647 - dq_audit - INFO - Audit class initialized with database: dq_checks
2026-01-08 15:36:20,648 - __main__ - INFO - ✅ ErrorLogger and DataQualityAudit initialized
2026-01-08 15:36:20,655 - __main__ - INFO - 🚀 Starting Data Quality Framework API
2026-01-08 15:36:20,656 - __main__ - INFO - 📊 Modules available: True
2026-01-08 15:36:20,657 - __main__ - INFO - 🔧 Config file mode: False
2026-01-08 15:36:20,658 - __main__ - INFO - 📋 Available endpoints:
2026-01-08 15:36:20,659 - __main__ - INFO -   GET  /              - API status
2026-01-08 15:36:20,661 - __main__ - INFO -   GET  /api/health    - Health check
2026-01-08 15:36:20,662 - __main__ - INFO -   POST /api/check-single - Single source analysis
2026-01-08 15:36:20,663 - __main__ - INFO -   POST /api/compare   - Source-target comparison
2026-01-08 15:36:20,664 - __main__ - INFO -   POST /api/upload    - File upload
2026-01-08 15:36:20,664 - __main__ - INFO -   GET  /api/sessions  - List sessions
2026-01-08 15:36:20,665 - __main__ - INFO -   GET  /api/sessions/<id> - Get session data
2026-01-08 15:36:20,666 - __main__ - INFO -   GET  /api/debug-db  - Database debug
2026-01-08 15:36:20,667 - __main__ - INFO - 🌍 Server starting on 0.0.0.0:5000 (debug=False)
2026-01-08 15:36:26,172 - __main__ - INFO - POST /api/compare - Request started
2026-01-08 15:36:26,172 - __main__ - INFO - DEBUG: Received data: {'source_type': 'csv', 'source_file_path': 'C:/Users/003160/OneDrive - wisseninfotech.com/Documents/DQ-Checks-Shashi/API_Test_Scrips/sorce-target/test_target.csv', 'target_source_type': 'csv', 'target_file_path': 'C:/Users/003160/OneDrive - wisseninfotech.com/Documents/DQ-Checks-Shashi/API_Test_Scrips/sorce-target/test_target.csv', 'selected_columns': 'all'}
2026-01-08 15:36:26,173 - __main__ - INFO - DEBUG: source_type: csv
2026-01-08 15:36:26,174 - __main__ - INFO - DEBUG: source_file_path type: <class 'str'>
2026-01-08 15:36:26,175 - __main__ - INFO - DEBUG: source_file_path value: C:/Users/003160/OneDrive - wisseninfotech.com/Documents/DQ-Checks-Shashi/API_Test_Scrips/sorce-target/test_target.csv
2026-01-08 15:36:26,176 - __main__ - INFO - Comparison analysis request received
2026-01-08 15:36:26,176 - __main__ - INFO - DEBUG source_data from flat: {'source_type': 'csv', 'source_file_path': 'C:/Users/003160/OneDrive - wisseninfotech.com/Documents/DQ-Checks-Shashi/API_Test_Scrips/sorce-target/test_target.csv', 'target_source_type': 'csv', 'target_file_path': 'C:/Users/003160/OneDrive - wisseninfotech.com/Documents/DQ-Checks-Shashi/API_Test_Scrips/sorce-target/test_target.csv', 'selected_columns': 'all'}
2026-01-08 15:36:26,177 - __main__ - INFO - Starting comparison for session CMP_20260108_153626
2026-01-08 15:36:26,178 - dq_comparison - INFO - Starting comparison analysis in UI mode
2026-01-08 15:36:26,179 - dq_comparison - INFO - LOADING SOURCE AND TARGET DATA
2026-01-08 15:36:26,179 - dq_comparison - INFO - 
==================================================
2026-01-08 15:36:26,180 - dq_comparison - INFO - 🔗 SOURCE DATA CONFIGURATION
2026-01-08 15:36:26,181 - dq_comparison - INFO - ==================================================
2026-01-08 15:36:26,182 - dq_comparison - INFO - DEBUG load_csv_source called for SOURCE
2026-01-08 15:36:26,182 - dq_comparison - INFO - DEBUG ui_data type: <class 'dict'>
2026-01-08 15:36:26,183 - dq_comparison - INFO - DEBUG ui_data: {'source_type': 'csv', 'file_path': 'C:/Users/003160/OneDrive - wisseninfotech.com/Documents/DQ-Checks-Shashi/API_Test_Scrips/sorce-target/test_target.csv', 'source_file_path': 'C:/Users/003160/OneDrive - wisseninfotech.com/Documents/DQ-Checks-Shashi/API_Test_Scrips/sorce-target/test_target.csv'}
2026-01-08 15:36:26,185 - dq_comparison - INFO - DEBUG: Got file_path from ui_data['file_path']: C:/Users/003160/OneDrive - wisseninfotech.com/Documents/DQ-Checks-Shashi/API_Test_Scrips/sorce-target/test_target.csv
2026-01-08 15:36:26,198 - dq_comparison - INFO - SOURCE CSV loaded: 50 rows, 8 columns
2026-01-08 15:36:26,198 - dq_comparison - INFO - 
==================================================
2026-01-08 15:36:26,199 - dq_comparison - INFO - 🔗 TARGET DATA CONFIGURATION
2026-01-08 15:36:26,200 - dq_comparison - INFO - ==================================================
2026-01-08 15:36:26,200 - dq_comparison - INFO - DEBUG load_csv_source called for TARGET
2026-01-08 15:36:26,200 - dq_comparison - INFO - DEBUG ui_data type: <class 'dict'>
2026-01-08 15:36:26,202 - dq_comparison - INFO - DEBUG ui_data: {'source_type': 'csv', 'file_path': 'C:/Users/003160/OneDrive - wisseninfotech.com/Documents/DQ-Checks-Shashi/API_Test_Scrips/sorce-target/test_target.csv', 'target_file_path': 'C:/Users/003160/OneDrive - wisseninfotech.com/Documents/DQ-Checks-Shashi/API_Test_Scrips/sorce-target/test_target.csv'}
2026-01-08 15:36:26,202 - dq_comparison - INFO - DEBUG: Got file_path from ui_data['file_path']: C:/Users/003160/OneDrive - wisseninfotech.com/Documents/DQ-Checks-Shashi/API_Test_Scrips/sorce-target/test_target.csv
2026-01-08 15:36:26,206 - dq_comparison - INFO - TARGET CSV loaded: 50 rows, 8 columns
2026-01-08 15:36:26,206 - dq_comparison - INFO - Source data loaded: 50 rows, 8 columns
2026-01-08 15:36:26,207 - dq_comparison - INFO - Target data loaded: 50 rows, 8 columns
2026-01-08 15:36:26,208 - dq_comparison - INFO - SELECTING COLUMNS FOR COMPARISON
2026-01-08 15:36:26,208 - dq_comparison - INFO - Source columns (original): ['CustomerID', 'FirstName', 'LastName', 'PhoneNumber', 'Email', 'Salary', 'JoinDate', 'Address']
2026-01-08 15:36:26,209 - dq_comparison - INFO - Target columns (original): ['CustomerID', 'FirstName', 'LastName', 'PhoneNumber', 'Email', 'Salary', 'JoinDate', 'Address']
2026-01-08 15:36:26,210 - dq_comparison - INFO - Common columns lowercased: ['joindate', 'email', 'salary', 'customerid', 'lastname', 'address', 'phonenumber', 'firstname']
2026-01-08 15:36:26,211 - dq_comparison - INFO - Found 8 common columns between source and target (case-insensitive)
2026-01-08 15:36:26,211 - dq_comparison - INFO - User column selection input: all
2026-01-08 15:36:26,212 - dq_comparison - INFO - User selected ALL common columns for comparison
2026-01-08 15:36:26,213 - dq_comparison - INFO - Selected 8 columns for comparison: ['JoinDate', 'Email', 'Salary', 'CustomerID', 'LastName']...
2026-01-08 15:36:26,214 - dq_comparison - INFO - GENERATING COMPREHENSIVE COMPARISON REPORT
2026-01-08 15:36:26,216 - dq_comparison - INFO - Report details - Source: CSV: test_target.csv, Target: CSV: test_target.csv, Selected columns: 8
2026-01-08 15:36:26,216 - dq_comparison - INFO - Initializing Error Logger...
2026-01-08 15:36:26,216 - dq_error_log - INFO - ErrorLogger initialized with database: dq_checks
2026-01-08 15:36:26,392 - dq_error_log - INFO - Database connection successful
2026-01-08 15:36:26,393 - dq_comparison - INFO - Session ID: CMP_20260108_153626
2026-01-08 15:36:26,394 - dq_comparison - INFO - ✅ Row counts match: 50 rows
2026-01-08 15:36:26,395 - dq_comparison - INFO - Comparing column structures...
2026-01-08 15:36:26,396 - dq_comparison - INFO - Column structure comparison complete. Match: True
2026-01-08 15:36:26,397 - dq_comparison - INFO - Validating primary key/unique fields...
2026-01-08 15:36:26,398 - dq_comparison - INFO - Checking key fields: ['CustomerID', 'CustomerID']
2026-01-08 15:36:26,400 - dq_comparison - INFO - Primary key validation complete. Passed: True
2026-01-08 15:36:26,401 - dq_comparison - INFO - Comparing table-level metadata...
2026-01-08 15:36:26,410 - dq_comparison - INFO - Table metadata comparison complete. Match: True
2026-01-08 15:36:26,410 - dq_comparison - INFO - SECOND CHECK: HASH-BASED COMPARISON WITH PERFECT NORMALIZATION
2026-01-08 15:36:26,453 - dq_comparison - INFO - Source DF columns: ['CustomerID', 'FirstName', 'LastName', 'PhoneNumber', 'Email', 'Salary', 'JoinDate', 'Address']
2026-01-08 15:36:26,453 - dq_comparison - INFO - Target DF columns: ['CustomerID', 'FirstName', 'LastName', 'PhoneNumber', 'Email', 'Salary', 'JoinDate', 'Address']
2026-01-08 15:36:26,454 - dq_comparison - INFO - Selected columns for comparison: ['JoinDate', 'Email', 'Salary', 'CustomerID', 'LastName', 'Address', 'PhoneNumber', 'FirstName']
2026-01-08 15:36:26,455 - dq_comparison - INFO - Using 8 common columns for hash comparison
2026-01-08 15:36:26,456 - dq_comparison - INFO - Source columns: ['JoinDate', 'Email', 'Salary', 'CustomerID', 'LastName', 'Address', 'PhoneNumber', 'FirstName']
2026-01-08 15:36:26,456 - dq_comparison - INFO - Target columns: ['JoinDate', 'Email', 'Salary', 'CustomerID', 'LastName', 'Address', 'PhoneNumber', 'FirstName']
2026-01-08 15:36:26,457 - dq_comparison - INFO - Generating hashes for source data (50 rows)...
2026-01-08 15:36:26,464 - dq_comparison - INFO - Generating hashes for target data (50 rows)...
2026-01-08 15:36:26,470 - dq_comparison - INFO - Hash-based Comparison Results (with duplicate handling):
2026-01-08 15:36:26,471 - dq_comparison - INFO -   • Unique source hashes: 50
2026-01-08 15:36:26,472 - dq_comparison - INFO -   • Unique target hashes: 50
2026-01-08 15:36:26,473 - dq_comparison - INFO -   • Common hashes: 50
2026-01-08 15:36:26,473 - dq_comparison - INFO -   • Common rows (counting duplicates): 50
2026-01-08 15:36:26,474 - dq_comparison - INFO -   • Rows only in source (counting duplicates): 0
2026-01-08 15:36:26,475 - dq_comparison - INFO -   • Rows only in target (counting duplicates): 0
2026-01-08 15:36:26,476 - dq_comparison - INFO - PERFORMING DETAILED COLUMN-BY-COLUMN COMPARISON...
2026-01-08 15:36:26,476 - dq_comparison - INFO - Will compare 50 rows (min of source:50 and target:50)
2026-01-08 15:36:26,488 - dq_comparison - INFO - Found 0 column value mismatches across all rows
2026-01-08 15:36:26,488 - dq_comparison - INFO - Returning counts for simple scoring:
2026-01-08 15:36:26,489 - dq_comparison - INFO -   Common rows: 50
2026-01-08 15:36:26,489 - dq_comparison - INFO -   Unique to source: 0
2026-01-08 15:36:26,490 - dq_comparison - INFO -   Unique to target: 0
2026-01-08 15:36:26,491 - dq_comparison - INFO -   Value mismatches: 0
2026-01-08 15:36:26,492 - dq_comparison - INFO - Analyzing data quality metrics...
2026-01-08 15:36:26,506 - dq_comparison - INFO - Null values - Source: 5 (1.25%), Target: 5 (1.25%)
2026-01-08 15:36:26,509 - dq_comparison - INFO - Duplicate rows (normalized) - Source: 0, Target: 0
2026-01-08 15:36:26,523 - dq_error_log - INFO - Retrieved 0 error logs for session CMP_20260108_153626
2026-01-08 15:36:26,524 - dq_comparison - INFO - 
📊 SIMPLE SCORING CALCULATION:
2026-01-08 15:36:26,524 - dq_comparison - INFO -   Source rows: 50
2026-01-08 15:36:26,526 - dq_comparison - INFO -   Common rows (matched): 50
2026-01-08 15:36:26,526 - dq_comparison - INFO -   Calculation: (50 / 50) * 100 = 100.00%
2026-01-08 15:36:26,526 - dq_comparison - INFO -   Explanation: 50 matched rows out of 50 total source rows
2026-01-08 15:36:26,527 - dq_comparison - INFO - 
=== AUDIT LOGGING SECTION ===
2026-01-08 15:36:26,528 - dq_comparison - INFO - 🔍 Audit logging is ENABLED in APP_SETTINGS
2026-01-08 15:36:26,528 - dq_audit - INFO - Audit class initialized with database: dq_checks
2026-01-08 15:36:26,529 - dq_comparison - INFO - Attempting to log audit record for session: CMP_20260108_153626
2026-01-08 15:36:26,531 - dq_audit - INFO - Starting database insertion for comparison...
2026-01-08 15:36:26,547 - dq_audit - INFO - Inserted comparison record with ID: 546
2026-01-08 15:36:26,548 - dq_comparison - INFO - ✅ Audit record logged successfully (ID: 546)
2026-01-08 15:36:26,560 - dq_error_log - INFO - Retrieved 0 error logs for session CMP_20260108_153626
2026-01-08 15:36:26,573 - dq_error_log - INFO - Retrieved summary: 0 total errors for session CMP_20260108_153626
2026-01-08 15:36:26,574 - dq_audit - INFO - Audit class initialized with database: dq_checks
2026-01-08 15:36:26,588 - dq_audit - INFO - Retrieved 1 audit logs for session CMP_20260108_153626
2026-01-08 15:36:26,589 - dq_comparison - INFO - 
🔍 Final results verification:
2026-01-08 15:36:26,590 - dq_comparison - INFO -    Session ID: CMP_20260108_153626
2026-01-08 15:36:26,591 - dq_comparison - INFO -    DQ Score (Simple %): 100.00%
2026-01-08 15:36:26,591 - dq_comparison - INFO -    Source rows: 50
2026-01-08 15:36:26,592 - dq_comparison - INFO -    Matched rows: 50
2026-01-08 15:36:26,593 - dq_comparison - INFO -    Calculation: (50 / 50) * 100
2026-01-08 15:36:26,594 - dq_comparison - INFO - Comparison analysis completed successfully
2026-01-08 15:36:26,610 - dq_audit - INFO - Retrieved 1 audit logs for session CMP_20260108_153626
2026-01-08 15:36:26,621 - dq_error_log - INFO - Retrieved 0 error logs for session CMP_20260108_153626
2026-01-08 15:36:26,633 - dq_error_log - INFO - Retrieved summary: 0 total errors for session CMP_20260108_153626
2026-01-08 15:36:26,633 - __main__ - INFO - Comparison completed for session CMP_20260108_153626
2026-01-08 15:36:26,634 - __main__ - ERROR - Error in comparison: The truth value of an array with more than one element is ambiguous. Use a.any() or a.all()
2026-01-08 15:36:26,634 - __main__ - ERROR - Error in comparison endpoint: The truth value of an array with more than one element is ambiguous. Use a.any() or a.all()
2026-01-08 15:36:26,636 - __main__ - ERROR - Full traceback:
Traceback (most recent call last):
  File "C:\Users\003160\OneDrive - wisseninfotech.com\Documents\DQ-Checks-Shashi\Data_Quality_Framework\run_api.py", line 1249, in source_target_comparison
    'data': convert_numpy_types(results)
            ^^^^^^^^^^^^^^^^^^^^^^^^^^^^
  File "C:\Users\003160\OneDrive - wisseninfotech.com\Documents\DQ-Checks-Shashi\Data_Quality_Framework\run_api.py", line 276, in convert_numpy_types
    return {k: convert_numpy_types(v) for k, v in obj.items()}
               ^^^^^^^^^^^^^^^^^^^^^^
  File "C:\Users\003160\OneDrive - wisseninfotech.com\Documents\DQ-Checks-Shashi\Data_Quality_Framework\run_api.py", line 276, in convert_numpy_types
    return {k: convert_numpy_types(v) for k, v in obj.items()}
               ^^^^^^^^^^^^^^^^^^^^^^
  File "C:\Users\003160\OneDrive - wisseninfotech.com\Documents\DQ-Checks-Shashi\Data_Quality_Framework\run_api.py", line 268, in convert_numpy_types
    if pd.isna(obj):
      ^^^^^^^^^^^^
ValueError: The truth value of an array with more than one element is ambiguous. Use a.any() or a.all()

2026-01-08 15:36:26,637 - __main__ - INFO - Completed with status 500 in 0.466s
