2026-01-13 10:45:23,245 - __main__ - INFO - 🌐 API Server Logging Initialized
2026-01-13 10:45:23,247 - __main__ - INFO - 📝 Logs saved to: logs/dq_api_20260113_104523.log
2026-01-13 10:45:23,389 - dq_rules - WARNING - Could not load config from database: name 'get_db_connection' is not defined
2026-01-13 10:45:23,394 - __main__ - INFO - APP_SETTINGS loaded. Audit enabled: True
2026-01-13 10:45:23,396 - __main__ - INFO - ✅ All DQ modules loaded successfully
2026-01-13 10:45:23,399 - dq_error_log - INFO - ErrorLogger initialized with database: dq_checks
2026-01-13 10:45:23,400 - dq_audit - INFO - Audit class initialized with database: dq_checks
2026-01-13 10:45:23,401 - __main__ - INFO - ✅ ErrorLogger and DataQualityAudit initialized
2026-01-13 10:45:23,413 - __main__ - INFO - 🚀 Starting Data Quality Framework API
2026-01-13 10:45:23,414 - __main__ - INFO - 📊 Modules available: True
2026-01-13 10:45:23,415 - __main__ - INFO - 🔧 Config file mode: False
2026-01-13 10:45:23,416 - __main__ - INFO - 📋 Available endpoints:
2026-01-13 10:45:23,417 - __main__ - INFO -   GET  /              - API status
2026-01-13 10:45:23,419 - __main__ - INFO -   GET  /api/health    - Health check
2026-01-13 10:45:23,420 - __main__ - INFO -   POST /api/check-single - Single source analysis
2026-01-13 10:45:23,421 - __main__ - INFO -   POST /api/compare   - Source-target comparison
2026-01-13 10:45:23,422 - __main__ - INFO -   POST /api/upload    - File upload
2026-01-13 10:45:23,422 - __main__ - INFO -   GET  /api/sessions  - List sessions
2026-01-13 10:45:23,424 - __main__ - INFO -   GET  /api/sessions/<id> - Get session data
2026-01-13 10:45:23,425 - __main__ - INFO -   GET  /api/debug-db  - Database debug
2026-01-13 10:45:23,426 - __main__ - INFO - 🌍 Server starting on 0.0.0.0:5000 (debug=False)
2026-01-13 10:45:28,102 - __main__ - INFO - POST /api/advanced - Request started
2026-01-13 10:45:28,130 - __main__ - INFO - Advanced checks request received
2026-01-13 10:45:28,132 - __main__ - INFO - DEBUG: Received columns_input: [] (type: <class 'list'>)
2026-01-13 10:45:28,136 - __main__ - INFO - DEBUG: Using as-is: []
2026-01-13 10:45:28,145 - __main__ - INFO - Starting advanced checks for session ADV_20260113_104528_fd04a0fc
2026-01-13 10:45:28,147 - dq_advanced - INFO - Starting advanced checks in UI/API mode
2026-01-13 10:45:28,148 - dq_advanced - INFO - LOADING DATA FOR ADVANCED CHECKS
2026-01-13 10:45:28,149 - dq_unified - INFO - Prompting user for data source type
2026-01-13 10:45:28,152 - dq_unified - INFO - UI Data source_type: csv
2026-01-13 10:45:28,153 - dq_unified - INFO - Using source_type from UI data: csv
2026-01-13 10:45:28,153 - dq_unified - INFO - Loading data from CSV
2026-01-13 10:45:28,154 - dq_unified - INFO - Loading large CSV: C:/Users/003160/OneDrive - wisseninfotech.com/Documents/DQ-Checks-Shashi/Test_data/sample_data.csv
2026-01-13 10:45:28,159 - dq_unified - INFO - CSV file has 15 rows
2026-01-13 10:45:28,160 - dq_unified - INFO - Loading 15 rows from CSV...
2026-01-13 10:45:28,189 - dq_unified - INFO - Loaded 15 rows from CSV
2026-01-13 10:45:28,205 - dq_unified - INFO - Memory optimization: 0.0MB -> 0.0MB (Saved: 0.0MB)
2026-01-13 10:45:28,207 - dq_unified - INFO - Standardizing data types...
2026-01-13 10:45:28,218 - dq_unified - INFO - Data type standardization complete
2026-01-13 10:45:28,222 - dq_unified - INFO - Loaded 15 rows, 10 columns. Memory: 103.4MB total, 0.0MB for dataframe
2026-01-13 10:45:28,224 - dq_advanced - INFO - Data loaded: 15 rows, 10 columns from CSV: sample_data.csv
2026-01-13 10:45:28,225 - dq_error_log - INFO - ErrorLogger initialized with database: dq_checks
2026-01-13 10:45:28,850 - dq_error_log - INFO - Database connection successful
2026-01-13 10:45:28,852 - dq_advanced - INFO - Session ID: ADV_20260113_104528_1197
2026-01-13 10:45:28,854 - dq_advanced - INFO - Starting comprehensive validations on 15 rows, 10 columns
2026-01-13 10:45:28,855 - dq_advanced - INFO - Analyzing 10 columns...
2026-01-13 10:45:28,862 - dq_advanced - INFO - Analyzed column 'CustomerName': text with 0 patterns
2026-01-13 10:45:28,867 - dq_advanced - INFO - Analyzed column 'Email': text with 1 patterns
2026-01-13 10:45:28,873 - dq_advanced - INFO - Analyzed column 'Phone': numeric with 2 patterns
2026-01-13 10:45:28,879 - dq_advanced - INFO - Analyzed column 'Salary': numeric with 1 patterns
2026-01-13 10:45:28,886 - dq_advanced - INFO - Analyzed column 'Department': text with 0 patterns
2026-01-13 10:45:28,890 - dq_advanced - INFO - Analyzed column 'JoinDate': text with 1 patterns
2026-01-13 10:45:28,896 - dq_advanced - INFO - Analyzed column 'PostalCode': numeric with 1 patterns
2026-01-13 10:45:28,900 - dq_advanced - INFO - Analyzed column 'City': text with 0 patterns
2026-01-13 10:45:28,906 - dq_advanced - INFO - Analyzed column 'Country': text with 1 patterns
2026-01-13 10:45:28,911 - dq_advanced - INFO - Analyzed column 'State': text with 1 patterns
2026-01-13 10:45:28,916 - dq_error_log - INFO - Starting batch logging for 11 errors, session: ADV_20260113_104528_1197
2026-01-13 10:45:28,944 - dq_error_log - INFO - Batch 1: Successfully logged 11 errors
2026-01-13 10:45:28,947 - dq_error_log - INFO - Progress: 11/11 errors processed
2026-01-13 10:45:28,948 - dq_error_log - INFO - COMPLETE: Logged 11/11 errors for session ADV_20260113_104528_1197
2026-01-13 10:45:28,949 - dq_audit - INFO - Audit class initialized with database: dq_checks
2026-01-13 10:45:28,951 - dq_audit - INFO - Starting database insertion for advanced...
2026-01-13 10:45:28,977 - dq_audit - INFO - Inserted advanced record with ID: 647
2026-01-13 10:45:28,978 - dq_advanced - INFO - Audit record logged with ID: 647
2026-01-13 10:45:29,000 - dq_error_log - INFO - Retrieved 11 error logs for session ADV_20260113_104528_1197
2026-01-13 10:45:29,024 - dq_error_log - INFO - Retrieved summary: 11 total errors for session ADV_20260113_104528_1197
2026-01-13 10:45:29,027 - dq_audit - INFO - Audit class initialized with database: dq_checks
2026-01-13 10:45:29,055 - dq_audit - INFO - Retrieved 1 audit logs for session ADV_20260113_104528_1197
2026-01-13 10:45:29,057 - dq_advanced - INFO - Advanced checks completed for session ADV_20260113_104528_1197
2026-01-13 10:45:29,079 - dq_error_log - INFO - Retrieved 11 error logs for session ADV_20260113_104528_1197
2026-01-13 10:45:29,103 - dq_error_log - INFO - Retrieved summary: 11 total errors for session ADV_20260113_104528_1197
2026-01-13 10:45:29,128 - dq_audit - INFO - Retrieved 1 audit logs for session ADV_20260113_104528_1197
2026-01-13 10:45:29,130 - __main__ - INFO - Advanced checks completed for session ADV_20260113_104528_1197
2026-01-13 10:45:29,143 - __main__ - INFO - Completed with status 200 in 1.041s
2026-01-13 10:46:00,008 - __main__ - INFO - POST /api/advanced - Request started
2026-01-13 10:46:00,009 - __main__ - INFO - Advanced checks request received
2026-01-13 10:46:00,011 - __main__ - INFO - DEBUG: Received columns_input: [] (type: <class 'list'>)
2026-01-13 10:46:00,013 - __main__ - INFO - DEBUG: Using as-is: []
2026-01-13 10:46:00,014 - __main__ - INFO - Starting advanced checks for session ADV_20260113_104600_86bd6b4d
2026-01-13 10:46:00,016 - dq_advanced - INFO - Starting advanced checks in UI/API mode
2026-01-13 10:46:00,016 - dq_advanced - INFO - LOADING DATA FOR ADVANCED CHECKS
2026-01-13 10:46:00,017 - dq_unified - INFO - Prompting user for data source type
2026-01-13 10:46:00,018 - dq_unified - INFO - UI Data source_type: csv
2026-01-13 10:46:00,019 - dq_unified - INFO - Using source_type from UI data: csv
2026-01-13 10:46:00,020 - dq_unified - INFO - Loading data from CSV
2026-01-13 10:46:00,021 - dq_unified - INFO - Loading large CSV: C:/Users/003160/OneDrive - wisseninfotech.com/Documents/DQ-Checks-Shashi/Test_data/sample_data.csv
2026-01-13 10:46:00,025 - dq_unified - INFO - CSV file has 15 rows
2026-01-13 10:46:00,025 - dq_unified - INFO - Loading 15 rows from CSV...
2026-01-13 10:46:00,031 - dq_unified - INFO - Loaded 15 rows from CSV
2026-01-13 10:46:00,038 - dq_unified - INFO - Memory optimization: 0.0MB -> 0.0MB (Saved: 0.0MB)
2026-01-13 10:46:00,039 - dq_unified - INFO - Standardizing data types...
2026-01-13 10:46:00,044 - dq_unified - INFO - Data type standardization complete
2026-01-13 10:46:00,045 - dq_unified - INFO - Loaded 15 rows, 10 columns. Memory: 111.1MB total, 0.0MB for dataframe
2026-01-13 10:46:00,046 - dq_advanced - INFO - Data loaded: 15 rows, 10 columns from CSV: sample_data.csv
2026-01-13 10:46:00,047 - dq_error_log - INFO - ErrorLogger initialized with database: dq_checks
2026-01-13 10:46:00,068 - dq_error_log - INFO - Database connection successful
2026-01-13 10:46:00,069 - dq_advanced - INFO - Session ID: ADV_20260113_104600_3413
2026-01-13 10:46:00,070 - dq_advanced - INFO - Starting comprehensive validations on 15 rows, 10 columns
2026-01-13 10:46:00,072 - dq_advanced - INFO - Analyzing 10 columns...
2026-01-13 10:46:00,074 - dq_advanced - INFO - Analyzed column 'CustomerName': text with 0 patterns
2026-01-13 10:46:00,076 - dq_advanced - INFO - Analyzed column 'Email': text with 1 patterns
2026-01-13 10:46:00,078 - dq_advanced - INFO - Analyzed column 'Phone': numeric with 2 patterns
2026-01-13 10:46:00,081 - dq_advanced - INFO - Analyzed column 'Salary': numeric with 1 patterns
2026-01-13 10:46:00,083 - dq_advanced - INFO - Analyzed column 'Department': text with 0 patterns
2026-01-13 10:46:00,086 - dq_advanced - INFO - Analyzed column 'JoinDate': text with 1 patterns
2026-01-13 10:46:00,088 - dq_advanced - INFO - Analyzed column 'PostalCode': numeric with 1 patterns
2026-01-13 10:46:00,091 - dq_advanced - INFO - Analyzed column 'City': text with 0 patterns
2026-01-13 10:46:00,093 - dq_advanced - INFO - Analyzed column 'Country': text with 1 patterns
2026-01-13 10:46:00,095 - dq_advanced - INFO - Analyzed column 'State': text with 1 patterns
2026-01-13 10:46:00,097 - dq_error_log - INFO - Starting batch logging for 11 errors, session: ADV_20260113_104600_3413
2026-01-13 10:46:00,116 - dq_error_log - INFO - Batch 1: Successfully logged 11 errors
2026-01-13 10:46:00,117 - dq_error_log - INFO - Progress: 11/11 errors processed
2026-01-13 10:46:00,117 - dq_error_log - INFO - COMPLETE: Logged 11/11 errors for session ADV_20260113_104600_3413
2026-01-13 10:46:00,118 - dq_audit - INFO - Audit class initialized with database: dq_checks
2026-01-13 10:46:00,118 - dq_audit - INFO - Starting database insertion for advanced...
2026-01-13 10:46:00,139 - dq_audit - INFO - Inserted advanced record with ID: 648
2026-01-13 10:46:00,139 - dq_advanced - INFO - Audit record logged with ID: 648
2026-01-13 10:46:00,154 - dq_error_log - INFO - Retrieved 11 error logs for session ADV_20260113_104600_3413
2026-01-13 10:46:00,171 - dq_error_log - INFO - Retrieved summary: 11 total errors for session ADV_20260113_104600_3413
2026-01-13 10:46:00,172 - dq_audit - INFO - Audit class initialized with database: dq_checks
2026-01-13 10:46:00,193 - dq_audit - INFO - Retrieved 1 audit logs for session ADV_20260113_104600_3413
2026-01-13 10:46:00,194 - dq_advanced - INFO - Advanced checks completed for session ADV_20260113_104600_3413
2026-01-13 10:46:00,210 - dq_error_log - INFO - Retrieved 11 error logs for session ADV_20260113_104600_3413
2026-01-13 10:46:00,226 - dq_error_log - INFO - Retrieved summary: 11 total errors for session ADV_20260113_104600_3413
2026-01-13 10:46:00,246 - dq_audit - INFO - Retrieved 1 audit logs for session ADV_20260113_104600_3413
2026-01-13 10:46:00,247 - __main__ - INFO - Advanced checks completed for session ADV_20260113_104600_3413
2026-01-13 10:46:00,253 - __main__ - INFO - Completed with status 200 in 0.246s
2026-01-13 10:46:11,606 - __main__ - INFO - POST /api/advanced - Request started
2026-01-13 10:46:11,607 - __main__ - INFO - Advanced checks request received
2026-01-13 10:46:11,608 - __main__ - INFO - DEBUG: Received columns_input: [] (type: <class 'list'>)
2026-01-13 10:46:11,609 - __main__ - INFO - DEBUG: Using as-is: []
2026-01-13 10:46:11,610 - __main__ - INFO - Starting advanced checks for session ADV_20260113_104611_b9a02085
2026-01-13 10:46:11,613 - dq_advanced - INFO - Starting advanced checks in UI/API mode
2026-01-13 10:46:11,614 - dq_advanced - INFO - LOADING DATA FOR ADVANCED CHECKS
2026-01-13 10:46:11,614 - dq_unified - INFO - Prompting user for data source type
2026-01-13 10:46:11,614 - dq_unified - INFO - UI Data source_type: database
2026-01-13 10:46:11,615 - dq_unified - INFO - Using source_type from UI data: database
2026-01-13 10:46:11,617 - dq_unified - INFO - Loading data from DATABASE
2026-01-13 10:46:11,618 - dq_unified - INFO - Loading large database table: customers
2026-01-13 10:46:11,619 - dq_unified - INFO - Normalized DB config with schema: dq_checks
2026-01-13 10:46:11,638 - dq_unified - INFO - MySQL table customers has 15 rows
2026-01-13 10:46:11,639 - dq_unified - INFO - Loading 15 rows from MySQL...
2026-01-13 10:46:12,905 - dq_unified - INFO - Loaded 15 rows from MySQL
2026-01-13 10:46:12,909 - dq_unified - INFO - Memory optimization: 0.0MB -> 0.0MB (Saved: 0.0MB)
2026-01-13 10:46:12,910 - dq_unified - INFO - Standardizing data types...
2026-01-13 10:46:12,915 - dq_unified - INFO - Data type standardization complete
2026-01-13 10:46:12,916 - dq_unified - INFO - Loaded 15 rows, 10 columns. Memory: 123.8MB total, 0.0MB for dataframe
2026-01-13 10:46:12,917 - dq_advanced - INFO - Data loaded: 15 rows, 10 columns from Database: mysql - Table: customers
2026-01-13 10:46:12,918 - dq_error_log - INFO - ErrorLogger initialized with database: dq_checks
2026-01-13 10:46:12,935 - dq_error_log - INFO - Database connection successful
2026-01-13 10:46:12,936 - dq_advanced - INFO - Session ID: ADV_20260113_104612_1000
2026-01-13 10:46:12,937 - dq_advanced - INFO - Starting comprehensive validations on 15 rows, 10 columns
2026-01-13 10:46:12,937 - dq_advanced - INFO - Analyzing 10 columns...
2026-01-13 10:46:12,940 - dq_advanced - INFO - Analyzed column 'CustomerName': text with 0 patterns
2026-01-13 10:46:12,942 - dq_advanced - INFO - Analyzed column 'Email': text with 1 patterns
2026-01-13 10:46:12,945 - dq_advanced - INFO - Analyzed column 'Phone': numeric with 2 patterns
2026-01-13 10:46:12,946 - dq_advanced - INFO - Analyzed column 'Salary': numeric with 1 patterns
2026-01-13 10:46:12,949 - dq_advanced - INFO - Analyzed column 'Department': text with 0 patterns
2026-01-13 10:46:12,951 - dq_advanced - INFO - Analyzed column 'JoinDate': numeric with 1 patterns
2026-01-13 10:46:12,953 - dq_advanced - INFO - Analyzed column 'PostalCode': numeric with 1 patterns
2026-01-13 10:46:12,955 - dq_advanced - INFO - Analyzed column 'City': text with 0 patterns
2026-01-13 10:46:12,958 - dq_advanced - INFO - Analyzed column 'Country': text with 1 patterns
2026-01-13 10:46:12,960 - dq_advanced - INFO - Analyzed column 'State': text with 1 patterns
2026-01-13 10:46:12,962 - dq_error_log - INFO - Starting batch logging for 1 errors, session: ADV_20260113_104612_1000
2026-01-13 10:46:12,976 - dq_error_log - INFO - Batch 1: Successfully logged 1 errors
2026-01-13 10:46:12,977 - dq_error_log - INFO - Progress: 1/1 errors processed
2026-01-13 10:46:12,977 - dq_error_log - INFO - COMPLETE: Logged 1/1 errors for session ADV_20260113_104612_1000
2026-01-13 10:46:12,978 - dq_audit - INFO - Audit class initialized with database: dq_checks
2026-01-13 10:46:12,979 - dq_audit - INFO - Starting database insertion for advanced...
2026-01-13 10:46:12,995 - dq_audit - INFO - Inserted advanced record with ID: 649
2026-01-13 10:46:12,996 - dq_advanced - INFO - Audit record logged with ID: 649
2026-01-13 10:46:13,008 - dq_error_log - INFO - Retrieved 1 error logs for session ADV_20260113_104612_1000
2026-01-13 10:46:13,021 - dq_error_log - INFO - Retrieved summary: 1 total errors for session ADV_20260113_104612_1000
2026-01-13 10:46:13,022 - dq_audit - INFO - Audit class initialized with database: dq_checks
2026-01-13 10:46:13,036 - dq_audit - INFO - Retrieved 1 audit logs for session ADV_20260113_104612_1000
2026-01-13 10:46:13,037 - dq_advanced - INFO - Advanced checks completed for session ADV_20260113_104612_1000
2026-01-13 10:46:13,052 - dq_error_log - INFO - Retrieved 1 error logs for session ADV_20260113_104612_1000
2026-01-13 10:46:13,065 - dq_error_log - INFO - Retrieved summary: 1 total errors for session ADV_20260113_104612_1000
2026-01-13 10:46:13,083 - dq_audit - INFO - Retrieved 1 audit logs for session ADV_20260113_104612_1000
2026-01-13 10:46:13,084 - __main__ - INFO - Advanced checks completed for session ADV_20260113_104612_1000
2026-01-13 10:46:13,088 - __main__ - INFO - Completed with status 200 in 1.482s
