2026-01-27 16:19:40,900 - __main__ - INFO - 🌐 API Server Logging Initialized
2026-01-27 16:19:40,903 - __main__ - INFO - 📝 Logs saved to: logs/dq_api_20260127_161940.log
2026-01-27 16:19:41,012 - __main__ - INFO - APP_SETTINGS loaded. Audit enabled: True
2026-01-27 16:19:41,013 - __main__ - INFO - ✅ All DQ modules loaded successfully
2026-01-27 16:19:41,018 - dq_error_log - INFO - ErrorLogger initialized with database: dq_checks
2026-01-27 16:19:41,020 - dq_audit - INFO - Audit class initialized with database: dq_checks
2026-01-27 16:19:41,021 - __main__ - INFO - ✅ ErrorLogger and DataQualityAudit initialized
2026-01-27 16:19:41,067 - __main__ - INFO - 🚀 Starting Data Quality Framework API
2026-01-27 16:19:41,068 - __main__ - INFO - 📊 Modules available: True
2026-01-27 16:19:41,070 - __main__ - INFO - 🔧 Config file mode: False
2026-01-27 16:19:41,071 - __main__ - INFO - 📋 Available endpoints:
2026-01-27 16:19:41,072 - __main__ - INFO -   GET  /              - API status
2026-01-27 16:19:41,074 - __main__ - INFO -   GET  /api/health    - Health check
2026-01-27 16:19:41,076 - __main__ - INFO -   POST /api/check-single - Single source analysis
2026-01-27 16:19:41,078 - __main__ - INFO -   POST /api/compare   - Source-target comparison
2026-01-27 16:19:41,079 - __main__ - INFO -   GET  /api/compare/{id} - Get comparison results
2026-01-27 16:19:41,081 - __main__ - INFO -   GET  /api/compare/{id}/mismatches - Paginated mismatches
2026-01-27 16:19:41,082 - __main__ - INFO -   GET  /api/compare/{id}/rows/source_only - Source-only rows
2026-01-27 16:19:41,084 - __main__ - INFO -   GET  /api/compare/{id}/rows/target_only - Target-only rows
2026-01-27 16:19:41,085 - __main__ - INFO -   GET  /api/compare/{id}/rows/count - Row counts
2026-01-27 16:19:41,087 - __main__ - INFO -   POST /api/upload    - File upload
2026-01-27 16:19:41,088 - __main__ - INFO -   GET  /api/sessions  - List sessions
2026-01-27 16:19:41,090 - __main__ - INFO -   GET  /api/sessions/<id> - Get session data
2026-01-27 16:19:41,091 - __main__ - INFO -   GET  /api/debug-db  - Database debug
2026-01-27 16:19:41,094 - __main__ - INFO - 🌍 Server starting on 0.0.0.0:5000 (debug=False)
2026-01-27 16:19:53,813 - __main__ - INFO - POST /api/advanced - Request started
2026-01-27 16:19:53,817 - __main__ - INFO - Advanced checks request received
2026-01-27 16:19:53,818 - __main__ - INFO - DEBUG: Received columns_input: [] (type: <class 'list'>)
2026-01-27 16:19:53,819 - __main__ - INFO - DEBUG: Using as-is: []
2026-01-27 16:19:53,821 - __main__ - INFO - Starting advanced checks for session ADV_20260127_161953_5572f71c
2026-01-27 16:19:53,823 - dq_advanced - INFO - Starting advanced checks in UI/API mode
2026-01-27 16:19:53,824 - dq_advanced - INFO - LOADING DATA FOR ADVANCED CHECKS
2026-01-27 16:19:53,826 - dq_unified - INFO - Prompting user for data source type
2026-01-27 16:19:53,828 - dq_unified - INFO - UI Data source_type: csv
2026-01-27 16:19:53,829 - dq_unified - INFO - Using source_type from UI data: csv
2026-01-27 16:19:53,830 - dq_unified - INFO - Loading data from CSV
2026-01-27 16:19:53,832 - dq_unified - INFO - Loading large CSV: C:/Users/003160/OneDrive - wisseninfotech.com/Documents/DQ-Checks-Shashi/Test_data/sample_data.csv
2026-01-27 16:19:53,838 - dq_unified - INFO - CSV file has 15 rows
2026-01-27 16:19:53,839 - dq_unified - INFO - Loading 15 rows from CSV...
2026-01-27 16:19:53,865 - dq_unified - INFO - Loaded 15 rows from CSV
2026-01-27 16:19:53,883 - dq_unified - INFO - Memory optimization: 0.0MB -> 0.0MB (Saved: 0.0MB)
2026-01-27 16:19:53,887 - dq_unified - INFO - Loaded 15 rows, 10 columns. Memory: 103.6MB total, 0.0MB for dataframe
2026-01-27 16:19:53,889 - dq_advanced - INFO - Data loaded: 15 rows, 10 columns from CSV: sample_data.csv
2026-01-27 16:19:53,890 - dq_error_log - INFO - ErrorLogger initialized with database: dq_checks
2026-01-27 16:19:54,197 - dq_error_log - INFO - Database connection successful
2026-01-27 16:19:54,199 - dq_advanced - INFO - Session ID: ADV_20260127_161954_9810
2026-01-27 16:19:54,202 - dq_advanced - INFO - Starting comprehensive validations on 15 rows, 10 columns
2026-01-27 16:19:54,219 - dq_advanced - INFO - Memory: 2853MB available, 0.0004MB/row, Optimal batch: 50000 rows
2026-01-27 16:19:54,221 - dq_advanced - INFO - Auto-calculated batch size: 50000 rows
2026-01-27 16:19:54,223 - dq_advanced - INFO - Analyzing 10 columns...
2026-01-27 16:19:54,230 - dq_advanced - INFO - Analyzed column 'CustomerName': text with 0 patterns
2026-01-27 16:19:54,235 - dq_advanced - INFO - Analyzed column 'Email': text with 1 patterns
2026-01-27 16:19:54,240 - dq_advanced - INFO - Analyzed column 'Phone': numeric with 2 patterns
2026-01-27 16:19:54,245 - dq_advanced - INFO - Analyzed column 'Salary': numeric with 1 patterns
2026-01-27 16:19:54,252 - dq_advanced - INFO - Analyzed column 'Department': text with 0 patterns
2026-01-27 16:19:54,257 - dq_advanced - INFO - Analyzed column 'JoinDate': text with 1 patterns
2026-01-27 16:19:54,263 - dq_advanced - INFO - Analyzed column 'PostalCode': numeric with 2 patterns
2026-01-27 16:19:54,267 - dq_advanced - INFO - Analyzed column 'City': text with 0 patterns
2026-01-27 16:19:54,272 - dq_advanced - INFO - Analyzed column 'Country': text with 1 patterns
2026-01-27 16:19:54,276 - dq_advanced - INFO - Analyzed column 'State': text with 1 patterns
2026-01-27 16:19:54,282 - dq_error_log - INFO - Starting batch logging for 19 errors, session: ADV_20260127_161954_9810
2026-01-27 16:19:54,344 - dq_error_log - INFO - Batch 1: Successfully logged 19 errors
2026-01-27 16:19:54,347 - dq_error_log - INFO - Progress: 19/19 errors processed
2026-01-27 16:19:54,348 - dq_error_log - INFO - COMPLETE: Logged 19/19 errors for session ADV_20260127_161954_9810
2026-01-27 16:19:54,350 - dq_audit - INFO - Audit class initialized with database: dq_checks
2026-01-27 16:19:54,351 - dq_audit - INFO - Starting database insertion for advanced...
2026-01-27 16:19:54,384 - dq_audit - INFO - Inserted advanced record with ID: 819
2026-01-27 16:19:54,385 - dq_advanced - INFO - Audit record logged with ID: 819
2026-01-27 16:19:54,408 - dq_error_log - INFO - Retrieved 19 error logs for session ADV_20260127_161954_9810
2026-01-27 16:19:54,444 - dq_error_log - INFO - Retrieved summary: 19 total errors for session ADV_20260127_161954_9810
2026-01-27 16:19:54,446 - dq_audit - INFO - Audit class initialized with database: dq_checks
2026-01-27 16:19:54,491 - dq_audit - INFO - Retrieved 1 audit logs for session ADV_20260127_161954_9810
2026-01-27 16:19:54,492 - dq_advanced - INFO - Advanced checks completed for session ADV_20260127_161954_9810
2026-01-27 16:19:54,521 - dq_error_log - INFO - Retrieved 19 error logs for session ADV_20260127_161954_9810
2026-01-27 16:19:54,547 - dq_error_log - INFO - Retrieved summary: 19 total errors for session ADV_20260127_161954_9810
2026-01-27 16:19:54,578 - dq_audit - INFO - Retrieved 1 audit logs for session ADV_20260127_161954_9810
2026-01-27 16:19:54,580 - __main__ - INFO - Advanced checks completed for session ADV_20260127_161954_9810
2026-01-27 16:19:54,587 - __main__ - INFO - Completed with status 200 in 0.774s
