2026-01-06 10:54:05,516 - __main__ - INFO - 🌐 API Server Logging Initialized
2026-01-06 10:54:05,518 - __main__ - INFO - 📝 Logs saved to: logs/dq_api_20260106_105405.log
2026-01-06 10:54:05,584 - __main__ - INFO - APP_SETTINGS loaded. Audit enabled: True
2026-01-06 10:54:05,585 - __main__ - INFO - ✅ All DQ modules loaded successfully
2026-01-06 10:54:05,589 - dq_error_log - INFO - ErrorLogger initialized with database: dq_checks
2026-01-06 10:54:05,590 - dq_audit - INFO - Audit class initialized with database: dq_checks
2026-01-06 10:54:05,590 - __main__ - INFO - ✅ ErrorLogger and DataQualityAudit initialized
2026-01-06 10:54:05,600 - __main__ - INFO - 🚀 Starting Data Quality Framework API
2026-01-06 10:54:05,601 - __main__ - INFO - 📊 Modules available: True
2026-01-06 10:54:05,601 - __main__ - INFO - 🔧 Config file mode: False
2026-01-06 10:54:05,602 - __main__ - INFO - 📋 Available endpoints:
2026-01-06 10:54:05,603 - __main__ - INFO -   GET  /              - API status
2026-01-06 10:54:05,604 - __main__ - INFO -   GET  /api/health    - Health check
2026-01-06 10:54:05,604 - __main__ - INFO -   POST /api/check-single - Single source analysis
2026-01-06 10:54:05,605 - __main__ - INFO -   POST /api/compare   - Source-target comparison
2026-01-06 10:54:05,606 - __main__ - INFO -   POST /api/upload    - File upload
2026-01-06 10:54:05,607 - __main__ - INFO -   GET  /api/sessions  - List sessions
2026-01-06 10:54:05,608 - __main__ - INFO -   GET  /api/sessions/<id> - Get session data
2026-01-06 10:54:05,609 - __main__ - INFO -   GET  /api/debug-db  - Database debug
2026-01-06 10:54:05,610 - __main__ - INFO - 🌍 Server starting on 0.0.0.0:5000 (debug=False)
2026-01-06 10:54:24,821 - __main__ - INFO - POST /api/database-hierarchy - Request started
2026-01-06 10:54:24,822 - __main__ - INFO - Getting database hierarchy for postgresql
2026-01-06 10:54:24,823 - __main__ - INFO - Database: Not provided
2026-01-06 10:54:24,825 - __main__ - INFO - Schema: Not provided
2026-01-06 10:54:24,825 - database_navigator - INFO - DatabaseNavigator initialized
2026-01-06 10:54:24,827 - __main__ - INFO - Connecting with config: {'host': 'localhost', 'port': 5432, 'database': 'postgres', 'user': 'postgres', 'password': 'postgres'}
2026-01-06 10:54:24,828 - database_navigator - INFO - Connecting to POSTGRESQL...
2026-01-06 10:54:24,828 - database_navigator - INFO - Connecting to PostgreSQL...
2026-01-06 10:54:24,831 - database_navigator - INFO - Connecting to PostgreSQL: host=localhost, port=5432, database=postgres, user=postgres
2026-01-06 10:54:24,936 - database_navigator - INFO - Connection object created: <connection object at 0x000002616B45C260; dsn: 'user=postgres password=xxx dbname=postgres host=localhost port=5432', closed: 0>
2026-01-06 10:54:24,937 - database_navigator - INFO - ✅ PostgreSQL connection successful to database: postgres
2026-01-06 10:54:24,937 - __main__ - INFO - Getting databases list...
2026-01-06 10:54:24,939 - database_navigator - INFO - get_databases() called. db_type: postgresql, connection exists: True
2026-01-06 10:54:24,940 - database_navigator - INFO - DEBUG: Checking connection - self.connection = <connection object at 0x000002616B45C260; dsn: 'user=postgres password=xxx dbname=postgres host=localhost port=5432', closed: 0>
2026-01-06 10:54:24,941 - database_navigator - INFO - Found 0 databases
2026-01-06 10:54:24,942 - __main__ - INFO - Found 0 databases
2026-01-06 10:54:24,943 - __main__ - INFO - Completed with status 200 in 0.122s
