2026-01-16 22:50:35,878 - __main__ - INFO - 🌐 API Server Logging Initialized
2026-01-16 22:50:35,881 - __main__ - INFO - 📝 Logs saved to: logs/dq_api_20260116_225035.log
2026-01-16 22:50:36,012 - dq_rules - WARNING - Could not load config from database: name 'get_db_connection' is not defined
2026-01-16 22:50:36,018 - __main__ - INFO - APP_SETTINGS loaded. Audit enabled: True
2026-01-16 22:50:36,019 - __main__ - INFO - ✅ All DQ modules loaded successfully
2026-01-16 22:50:36,022 - dq_error_log - INFO - ErrorLogger initialized with database: dq_checks
2026-01-16 22:50:36,023 - dq_audit - INFO - Audit class initialized with database: dq_checks
2026-01-16 22:50:36,024 - __main__ - INFO - ✅ ErrorLogger and DataQualityAudit initialized
2026-01-16 22:50:36,047 - __main__ - INFO - 🚀 Starting Data Quality Framework API
2026-01-16 22:50:36,048 - __main__ - INFO - 📊 Modules available: True
2026-01-16 22:50:36,050 - __main__ - INFO - 🔧 Config file mode: False
2026-01-16 22:50:36,051 - __main__ - INFO - 📋 Available endpoints:
2026-01-16 22:50:36,052 - __main__ - INFO -   GET  /              - API status
2026-01-16 22:50:36,053 - __main__ - INFO -   GET  /api/health    - Health check
2026-01-16 22:50:36,054 - __main__ - INFO -   POST /api/check-single - Single source analysis
2026-01-16 22:50:36,056 - __main__ - INFO -   POST /api/compare   - Source-target comparison
2026-01-16 22:50:36,057 - __main__ - INFO -   GET  /api/compare/{id} - Get comparison results
2026-01-16 22:50:36,058 - __main__ - INFO -   GET  /api/compare/{id}/mismatches - Paginated mismatches
2026-01-16 22:50:36,059 - __main__ - INFO -   GET  /api/compare/{id}/rows/source_only - Source-only rows
2026-01-16 22:50:36,061 - __main__ - INFO -   GET  /api/compare/{id}/rows/target_only - Target-only rows
2026-01-16 22:50:36,063 - __main__ - INFO -   GET  /api/compare/{id}/rows/count - Row counts
2026-01-16 22:50:36,065 - __main__ - INFO -   POST /api/upload    - File upload
2026-01-16 22:50:36,068 - __main__ - INFO -   GET  /api/sessions  - List sessions
2026-01-16 22:50:36,069 - __main__ - INFO -   GET  /api/sessions/<id> - Get session data
2026-01-16 22:50:36,071 - __main__ - INFO -   GET  /api/debug-db  - Database debug
2026-01-16 22:50:36,072 - __main__ - INFO - 🌍 Server starting on 0.0.0.0:5000 (debug=False)
2026-01-16 22:50:40,467 - __main__ - INFO - POST /api/advanced - Request started
2026-01-16 22:50:40,469 - __main__ - INFO - Advanced checks request received
2026-01-16 22:50:40,471 - __main__ - INFO - DEBUG: Received columns_input: [] (type: <class 'list'>)
2026-01-16 22:50:40,472 - __main__ - INFO - DEBUG: Using as-is: []
2026-01-16 22:50:40,474 - __main__ - INFO - Starting advanced checks for session ADV_20260116_225040_302d1e70
2026-01-16 22:50:40,475 - dq_advanced - INFO - Starting advanced checks in UI/API mode
2026-01-16 22:50:40,479 - dq_advanced - INFO - LOADING DATA FOR ADVANCED CHECKS
2026-01-16 22:50:40,480 - dq_unified - INFO - Prompting user for data source type
2026-01-16 22:50:40,482 - dq_unified - INFO - UI Data source_type: database
2026-01-16 22:50:40,483 - dq_unified - INFO - Using source_type from UI data: database
2026-01-16 22:50:40,485 - dq_unified - INFO - Loading data from DATABASE
2026-01-16 22:50:40,486 - dq_unified - INFO - Loading large database table: customers
2026-01-16 22:50:40,488 - dq_unified - INFO - Normalized DB config with schema: dq_checks
2026-01-16 22:50:40,715 - dq_unified - INFO - MySQL table customers has 15 rows
2026-01-16 22:50:40,716 - dq_unified - INFO - Loading 15 rows from MySQL...
2026-01-16 22:50:41,571 - dq_unified - INFO - Loaded 15 rows from MySQL
2026-01-16 22:50:41,589 - dq_unified - INFO - Memory optimization: 0.0MB -> 0.0MB (Saved: 0.0MB)
2026-01-16 22:50:41,591 - dq_unified - INFO - Standardizing data types...
2026-01-16 22:50:41,598 - dq_unified - INFO - Data type standardization complete
2026-01-16 22:50:41,601 - dq_unified - INFO - Loaded 15 rows, 10 columns. Memory: 125.4MB total, 0.0MB for dataframe
2026-01-16 22:50:41,604 - dq_advanced - INFO - Data loaded: 15 rows, 10 columns from Database: mysql - Table: customers
2026-01-16 22:50:41,606 - dq_error_log - INFO - ErrorLogger initialized with database: dq_checks
2026-01-16 22:50:41,629 - dq_error_log - INFO - Database connection successful
2026-01-16 22:50:41,631 - dq_advanced - INFO - Session ID: ADV_20260116_225041_5984
2026-01-16 22:50:41,633 - dq_advanced - INFO - Starting comprehensive validations on 15 rows, 10 columns
2026-01-16 22:50:41,634 - dq_advanced - INFO - Analyzing 10 columns...
2026-01-16 22:50:41,643 - dq_advanced - INFO - Analyzed column 'CustomerName': text with 0 patterns
2026-01-16 22:50:41,649 - dq_advanced - INFO - Analyzed column 'Email': text with 1 patterns
2026-01-16 22:50:41,654 - dq_advanced - INFO - Analyzed column 'Phone': numeric with 2 patterns
2026-01-16 22:50:41,659 - dq_advanced - INFO - Analyzed column 'Salary': numeric with 1 patterns
2026-01-16 22:50:41,664 - dq_advanced - INFO - Analyzed column 'Department': text with 0 patterns
2026-01-16 22:50:41,671 - dq_advanced - INFO - Analyzed column 'JoinDate': numeric with 1 patterns
2026-01-16 22:50:41,675 - dq_advanced - INFO - Analyzed column 'PostalCode': numeric with 1 patterns
2026-01-16 22:50:41,683 - dq_advanced - INFO - Analyzed column 'City': text with 0 patterns
2026-01-16 22:50:41,689 - dq_advanced - INFO - Analyzed column 'Country': text with 1 patterns
2026-01-16 22:50:41,694 - dq_advanced - INFO - Analyzed column 'State': text with 1 patterns
2026-01-16 22:50:41,698 - dq_error_log - INFO - Starting batch logging for 1 errors, session: ADV_20260116_225041_5984
2026-01-16 22:50:41,721 - dq_error_log - INFO - Batch 1: Successfully logged 1 errors
2026-01-16 22:50:41,722 - dq_error_log - INFO - Progress: 1/1 errors processed
2026-01-16 22:50:41,724 - dq_error_log - INFO - COMPLETE: Logged 1/1 errors for session ADV_20260116_225041_5984
2026-01-16 22:50:41,726 - dq_audit - INFO - Audit class initialized with database: dq_checks
2026-01-16 22:50:41,727 - dq_audit - INFO - Starting database insertion for advanced...
2026-01-16 22:50:41,750 - dq_audit - INFO - Inserted advanced record with ID: 742
2026-01-16 22:50:41,752 - dq_advanced - INFO - Audit record logged with ID: 742
2026-01-16 22:50:41,772 - dq_error_log - INFO - Retrieved 1 error logs for session ADV_20260116_225041_5984
2026-01-16 22:50:41,794 - dq_error_log - INFO - Retrieved summary: 1 total errors for session ADV_20260116_225041_5984
2026-01-16 22:50:41,796 - dq_audit - INFO - Audit class initialized with database: dq_checks
2026-01-16 22:50:41,824 - dq_audit - INFO - Retrieved 1 audit logs for session ADV_20260116_225041_5984
2026-01-16 22:50:41,825 - dq_advanced - INFO - Advanced checks completed for session ADV_20260116_225041_5984
2026-01-16 22:50:41,843 - dq_error_log - INFO - Retrieved 1 error logs for session ADV_20260116_225041_5984
2026-01-16 22:50:41,866 - dq_error_log - INFO - Retrieved summary: 1 total errors for session ADV_20260116_225041_5984
2026-01-16 22:50:41,890 - dq_audit - INFO - Retrieved 1 audit logs for session ADV_20260116_225041_5984
2026-01-16 22:50:41,893 - __main__ - INFO - Advanced checks completed for session ADV_20260116_225041_5984
2026-01-16 22:50:41,907 - __main__ - INFO - Completed with status 200 in 1.440s
2026-01-16 22:56:12,111 - __main__ - INFO - POST /api/advanced - Request started
2026-01-16 22:56:12,112 - __main__ - INFO - Advanced checks request received
2026-01-16 22:56:12,113 - __main__ - INFO - DEBUG: Received columns_input: [] (type: <class 'list'>)
2026-01-16 22:56:12,114 - __main__ - INFO - DEBUG: Using as-is: []
2026-01-16 22:56:12,115 - __main__ - INFO - Starting advanced checks for session ADV_20260116_225612_9f3c6941
2026-01-16 22:56:12,116 - dq_advanced - INFO - Starting advanced checks in UI/API mode
2026-01-16 22:56:12,116 - dq_advanced - INFO - LOADING DATA FOR ADVANCED CHECKS
2026-01-16 22:56:12,117 - dq_unified - INFO - Prompting user for data source type
2026-01-16 22:56:12,117 - dq_unified - INFO - UI Data source_type: csv
2026-01-16 22:56:12,118 - dq_unified - INFO - Using source_type from UI data: csv
2026-01-16 22:56:12,118 - dq_unified - INFO - Loading data from CSV
2026-01-16 22:56:12,119 - dq_unified - INFO - Loading large CSV: C:/Users/003160/OneDrive - wisseninfotech.com/Documents/DQ-Checks-Shashi/Test_data/sample_data.csv
2026-01-16 22:56:12,121 - dq_unified - INFO - CSV file has 15 rows
2026-01-16 22:56:12,121 - dq_unified - INFO - Loading 15 rows from CSV...
2026-01-16 22:56:12,130 - dq_unified - INFO - Loaded 15 rows from CSV
2026-01-16 22:56:12,133 - dq_unified - INFO - Memory optimization: 0.0MB -> 0.0MB (Saved: 0.0MB)
2026-01-16 22:56:12,134 - dq_unified - INFO - Standardizing data types...
2026-01-16 22:56:12,138 - dq_unified - INFO - Data type standardization complete
2026-01-16 22:56:12,139 - dq_unified - INFO - Loaded 15 rows, 10 columns. Memory: 126.1MB total, 0.0MB for dataframe
2026-01-16 22:56:12,140 - dq_advanced - INFO - Data loaded: 15 rows, 10 columns from CSV: sample_data.csv
2026-01-16 22:56:12,140 - dq_error_log - INFO - ErrorLogger initialized with database: dq_checks
2026-01-16 22:56:12,154 - dq_error_log - INFO - Database connection successful
2026-01-16 22:56:12,156 - dq_advanced - INFO - Session ID: ADV_20260116_225612_7990
2026-01-16 22:56:12,156 - dq_advanced - INFO - Starting comprehensive validations on 15 rows, 10 columns
2026-01-16 22:56:12,157 - dq_advanced - INFO - Analyzing 10 columns...
2026-01-16 22:56:12,159 - dq_advanced - INFO - Analyzed column 'CustomerName': text with 0 patterns
2026-01-16 22:56:12,162 - dq_advanced - INFO - Analyzed column 'Email': text with 1 patterns
2026-01-16 22:56:12,163 - dq_advanced - INFO - Analyzed column 'Phone': numeric with 2 patterns
2026-01-16 22:56:12,165 - dq_advanced - INFO - Analyzed column 'Salary': numeric with 1 patterns
2026-01-16 22:56:12,167 - dq_advanced - INFO - Analyzed column 'Department': text with 0 patterns
2026-01-16 22:56:12,168 - dq_advanced - INFO - Analyzed column 'JoinDate': text with 1 patterns
2026-01-16 22:56:12,173 - dq_advanced - INFO - Analyzed column 'PostalCode': numeric with 1 patterns
2026-01-16 22:56:12,174 - dq_advanced - INFO - Analyzed column 'City': text with 0 patterns
2026-01-16 22:56:12,176 - dq_advanced - INFO - Analyzed column 'Country': text with 1 patterns
2026-01-16 22:56:12,178 - dq_advanced - INFO - Analyzed column 'State': text with 1 patterns
2026-01-16 22:56:12,180 - dq_error_log - INFO - Starting batch logging for 11 errors, session: ADV_20260116_225612_7990
2026-01-16 22:56:12,197 - dq_error_log - INFO - Batch 1: Successfully logged 11 errors
2026-01-16 22:56:12,199 - dq_error_log - INFO - Progress: 11/11 errors processed
2026-01-16 22:56:12,199 - dq_error_log - INFO - COMPLETE: Logged 11/11 errors for session ADV_20260116_225612_7990
2026-01-16 22:56:12,200 - dq_audit - INFO - Audit class initialized with database: dq_checks
2026-01-16 22:56:12,201 - dq_audit - INFO - Starting database insertion for advanced...
2026-01-16 22:56:12,218 - dq_audit - INFO - Inserted advanced record with ID: 743
2026-01-16 22:56:12,219 - dq_advanced - INFO - Audit record logged with ID: 743
2026-01-16 22:56:12,230 - dq_error_log - INFO - Retrieved 11 error logs for session ADV_20260116_225612_7990
2026-01-16 22:56:12,242 - dq_error_log - INFO - Retrieved summary: 11 total errors for session ADV_20260116_225612_7990
2026-01-16 22:56:12,243 - dq_audit - INFO - Audit class initialized with database: dq_checks
2026-01-16 22:56:12,260 - dq_audit - INFO - Retrieved 1 audit logs for session ADV_20260116_225612_7990
2026-01-16 22:56:12,260 - dq_advanced - INFO - Advanced checks completed for session ADV_20260116_225612_7990
2026-01-16 22:56:12,270 - dq_error_log - INFO - Retrieved 11 error logs for session ADV_20260116_225612_7990
2026-01-16 22:56:12,282 - dq_error_log - INFO - Retrieved summary: 11 total errors for session ADV_20260116_225612_7990
2026-01-16 22:56:12,295 - dq_audit - INFO - Retrieved 1 audit logs for session ADV_20260116_225612_7990
2026-01-16 22:56:12,296 - __main__ - INFO - Advanced checks completed for session ADV_20260116_225612_7990
2026-01-16 22:56:12,300 - __main__ - INFO - Completed with status 200 in 0.189s
2026-01-16 23:03:37,687 - __main__ - INFO - POST /api/advanced - Request started
2026-01-16 23:03:37,688 - __main__ - INFO - Advanced checks request received
2026-01-16 23:03:37,689 - __main__ - INFO - DEBUG: Received columns_input: [] (type: <class 'list'>)
2026-01-16 23:03:37,689 - __main__ - INFO - DEBUG: Using as-is: []
2026-01-16 23:03:37,691 - __main__ - INFO - Starting advanced checks for session ADV_20260116_230337_29e600fd
2026-01-16 23:03:37,692 - dq_advanced - INFO - Starting advanced checks in UI/API mode
2026-01-16 23:03:37,693 - dq_advanced - INFO - LOADING DATA FOR ADVANCED CHECKS
2026-01-16 23:03:37,694 - dq_unified - INFO - Prompting user for data source type
2026-01-16 23:03:37,695 - dq_unified - INFO - UI Data source_type: csv
2026-01-16 23:03:37,696 - dq_unified - INFO - Using source_type from UI data: csv
2026-01-16 23:03:37,696 - dq_unified - INFO - Loading data from CSV
2026-01-16 23:03:37,697 - dq_unified - INFO - Loading large CSV: C:/Users/003160/OneDrive - wisseninfotech.com/Documents/DQ-Checks-Shashi/Test_data/sample_data.csv
2026-01-16 23:03:37,699 - dq_unified - INFO - CSV file has 15 rows
2026-01-16 23:03:37,700 - dq_unified - INFO - Loading 15 rows from CSV...
2026-01-16 23:03:37,703 - dq_unified - INFO - Loaded 15 rows from CSV
2026-01-16 23:03:37,708 - dq_unified - INFO - Memory optimization: 0.0MB -> 0.0MB (Saved: 0.0MB)
2026-01-16 23:03:37,708 - dq_unified - INFO - Standardizing data types...
2026-01-16 23:03:37,711 - dq_unified - INFO - Data type standardization complete
2026-01-16 23:03:37,712 - dq_unified - INFO - Loaded 15 rows, 10 columns. Memory: 126.2MB total, 0.0MB for dataframe
2026-01-16 23:03:37,712 - dq_advanced - INFO - Data loaded: 15 rows, 10 columns from CSV: sample_data.csv
2026-01-16 23:03:37,713 - dq_error_log - INFO - ErrorLogger initialized with database: dq_checks
2026-01-16 23:03:37,730 - dq_error_log - INFO - Database connection successful
2026-01-16 23:03:37,732 - dq_advanced - INFO - Session ID: ADV_20260116_230337_8351
2026-01-16 23:03:37,732 - dq_advanced - INFO - Starting comprehensive validations on 15 rows, 10 columns
2026-01-16 23:03:37,734 - dq_advanced - INFO - Analyzing 10 columns...
2026-01-16 23:03:37,736 - dq_advanced - INFO - Analyzed column 'CustomerName': text with 0 patterns
2026-01-16 23:03:37,737 - dq_advanced - INFO - Analyzed column 'Email': text with 1 patterns
2026-01-16 23:03:37,739 - dq_advanced - INFO - Analyzed column 'Phone': numeric with 2 patterns
2026-01-16 23:03:37,741 - dq_advanced - INFO - Analyzed column 'Salary': numeric with 1 patterns
2026-01-16 23:03:37,742 - dq_advanced - INFO - Analyzed column 'Department': text with 0 patterns
2026-01-16 23:03:37,744 - dq_advanced - INFO - Analyzed column 'JoinDate': text with 1 patterns
2026-01-16 23:03:37,746 - dq_advanced - INFO - Analyzed column 'PostalCode': numeric with 1 patterns
2026-01-16 23:03:37,748 - dq_advanced - INFO - Analyzed column 'City': text with 0 patterns
2026-01-16 23:03:37,751 - dq_advanced - INFO - Analyzed column 'Country': text with 1 patterns
2026-01-16 23:03:37,753 - dq_advanced - INFO - Analyzed column 'State': text with 1 patterns
2026-01-16 23:03:37,754 - dq_error_log - INFO - Starting batch logging for 11 errors, session: ADV_20260116_230337_8351
2026-01-16 23:03:37,773 - dq_error_log - INFO - Batch 1: Successfully logged 11 errors
2026-01-16 23:03:37,774 - dq_error_log - INFO - Progress: 11/11 errors processed
2026-01-16 23:03:37,776 - dq_error_log - INFO - COMPLETE: Logged 11/11 errors for session ADV_20260116_230337_8351
2026-01-16 23:03:37,776 - dq_audit - INFO - Audit class initialized with database: dq_checks
2026-01-16 23:03:37,777 - dq_audit - INFO - Starting database insertion for advanced...
2026-01-16 23:03:37,794 - dq_audit - INFO - Inserted advanced record with ID: 744
2026-01-16 23:03:37,795 - dq_advanced - INFO - Audit record logged with ID: 744
2026-01-16 23:03:37,808 - dq_error_log - INFO - Retrieved 11 error logs for session ADV_20260116_230337_8351
2026-01-16 23:03:37,822 - dq_error_log - INFO - Retrieved summary: 11 total errors for session ADV_20260116_230337_8351
2026-01-16 23:03:37,823 - dq_audit - INFO - Audit class initialized with database: dq_checks
2026-01-16 23:03:37,838 - dq_audit - INFO - Retrieved 1 audit logs for session ADV_20260116_230337_8351
2026-01-16 23:03:37,839 - dq_advanced - INFO - Advanced checks completed for session ADV_20260116_230337_8351
2026-01-16 23:03:37,850 - dq_error_log - INFO - Retrieved 11 error logs for session ADV_20260116_230337_8351
2026-01-16 23:03:37,859 - dq_error_log - INFO - Retrieved summary: 11 total errors for session ADV_20260116_230337_8351
2026-01-16 23:03:37,869 - dq_audit - INFO - Retrieved 1 audit logs for session ADV_20260116_230337_8351
2026-01-16 23:03:37,869 - __main__ - INFO - Advanced checks completed for session ADV_20260116_230337_8351
2026-01-16 23:03:37,875 - __main__ - INFO - Completed with status 200 in 0.188s
