2026-01-13 11:55:15,440 - __main__ - INFO - 🌐 API Server Logging Initialized
2026-01-13 11:55:15,441 - __main__ - INFO - 📝 Logs saved to: logs/dq_api_20260113_115515.log
2026-01-13 11:55:15,789 - dq_rules - WARNING - Could not load config from database: name 'get_db_connection' is not defined
2026-01-13 11:55:15,793 - __main__ - INFO - APP_SETTINGS loaded. Audit enabled: True
2026-01-13 11:55:15,794 - __main__ - INFO - ✅ All DQ modules loaded successfully
2026-01-13 11:55:15,796 - dq_error_log - INFO - ErrorLogger initialized with database: dq_checks
2026-01-13 11:55:15,796 - dq_audit - INFO - Audit class initialized with database: dq_checks
2026-01-13 11:55:15,797 - __main__ - INFO - ✅ ErrorLogger and DataQualityAudit initialized
2026-01-13 11:55:15,811 - __main__ - INFO - 🚀 Starting Data Quality Framework API
2026-01-13 11:55:15,812 - __main__ - INFO - 📊 Modules available: True
2026-01-13 11:55:15,812 - __main__ - INFO - 🔧 Config file mode: False
2026-01-13 11:55:15,813 - __main__ - INFO - 📋 Available endpoints:
2026-01-13 11:55:15,813 - __main__ - INFO -   GET  /              - API status
2026-01-13 11:55:15,816 - __main__ - INFO -   GET  /api/health    - Health check
2026-01-13 11:55:15,816 - __main__ - INFO -   POST /api/check-single - Single source analysis
2026-01-13 11:55:15,817 - __main__ - INFO -   POST /api/compare   - Source-target comparison
2026-01-13 11:55:15,817 - __main__ - INFO -   POST /api/upload    - File upload
2026-01-13 11:55:15,818 - __main__ - INFO -   GET  /api/sessions  - List sessions
2026-01-13 11:55:15,819 - __main__ - INFO -   GET  /api/sessions/<id> - Get session data
2026-01-13 11:55:15,820 - __main__ - INFO -   GET  /api/debug-db  - Database debug
2026-01-13 11:55:15,821 - __main__ - INFO - 🌍 Server starting on 0.0.0.0:5000 (debug=False)
2026-01-13 11:56:16,285 - __main__ - INFO - POST /api/rules/manage - Request started
2026-01-13 11:56:16,437 - dq_rules - INFO - Created new rule with ID 1 in metadata
2026-01-13 11:56:16,439 - __main__ - INFO - Created new rule: Test Email Rule (ID: 1)
2026-01-13 11:56:16,441 - __main__ - INFO - Completed with status 201 in 0.155s
2026-01-13 11:56:18,484 - __main__ - INFO - GET /api/rules/manage/list - Request started
2026-01-13 11:56:18,494 - dq_rules - INFO - Loaded 1 rules (page 1, total 1)
2026-01-13 11:56:18,495 - __main__ - INFO - Completed with status 200 in 0.011s
