2026-01-08 15:02:26,868 - __main__ - INFO - 🌐 API Server Logging Initialized
2026-01-08 15:02:26,869 - __main__ - INFO - 📝 Logs saved to: logs/dq_api_20260108_150226.log
2026-01-08 15:02:27,018 - __main__ - INFO - APP_SETTINGS loaded. Audit enabled: True
2026-01-08 15:02:27,019 - __main__ - INFO - ✅ All DQ modules loaded successfully
2026-01-08 15:02:27,022 - dq_error_log - INFO - ErrorLogger initialized with database: dq_checks
2026-01-08 15:02:27,022 - dq_audit - INFO - Audit class initialized with database: dq_checks
2026-01-08 15:02:27,023 - __main__ - INFO - ✅ ErrorLogger and DataQualityAudit initialized
2026-01-08 15:02:27,029 - __main__ - INFO - 🚀 Starting Data Quality Framework API
2026-01-08 15:02:27,030 - __main__ - INFO - 📊 Modules available: True
2026-01-08 15:02:27,031 - __main__ - INFO - 🔧 Config file mode: False
2026-01-08 15:02:27,031 - __main__ - INFO - 📋 Available endpoints:
2026-01-08 15:02:27,032 - __main__ - INFO -   GET  /              - API status
2026-01-08 15:02:27,032 - __main__ - INFO -   GET  /api/health    - Health check
2026-01-08 15:02:27,033 - __main__ - INFO -   POST /api/check-single - Single source analysis
2026-01-08 15:02:27,033 - __main__ - INFO -   POST /api/compare   - Source-target comparison
2026-01-08 15:02:27,033 - __main__ - INFO -   POST /api/upload    - File upload
2026-01-08 15:02:27,034 - __main__ - INFO -   GET  /api/sessions  - List sessions
2026-01-08 15:02:27,034 - __main__ - INFO -   GET  /api/sessions/<id> - Get session data
2026-01-08 15:02:27,035 - __main__ - INFO -   GET  /api/debug-db  - Database debug
2026-01-08 15:02:27,035 - __main__ - INFO - 🌍 Server starting on 0.0.0.0:5000 (debug=False)
2026-01-08 15:02:55,707 - __main__ - INFO - POST /api/compare - Request started
2026-01-08 15:02:55,707 - __main__ - INFO - DEBUG: Received data: {'source_type': 'csv', 'source_file_path': 'C:/Users/003160/OneDrive - wisseninfotech.com/Documents/DQ-Checks-Shashi/API_Test_Scrips/sorce-target/test_target.csv', 'target_source_type': 'csv', 'target_file_path': 'C:/Users/003160/OneDrive - wisseninfotech.com/Documents/DQ-Checks-Shashi/API_Test_Scrips/sorce-target/test_target.csv', 'selected_columns': 'all'}
2026-01-08 15:02:55,709 - __main__ - INFO - DEBUG: source_type: csv
2026-01-08 15:02:55,710 - __main__ - INFO - DEBUG: source_file_path type: <class 'str'>
2026-01-08 15:02:55,710 - __main__ - INFO - DEBUG: source_file_path value: C:/Users/003160/OneDrive - wisseninfotech.com/Documents/DQ-Checks-Shashi/API_Test_Scrips/sorce-target/test_target.csv
2026-01-08 15:02:55,711 - __main__ - INFO - Comparison analysis request received
2026-01-08 15:02:55,712 - __main__ - INFO - DEBUG source_data from flat: {'source_type': 'csv', 'source_file_path': 'C:/Users/003160/OneDrive - wisseninfotech.com/Documents/DQ-Checks-Shashi/API_Test_Scrips/sorce-target/test_target.csv', 'target_source_type': 'csv', 'target_file_path': 'C:/Users/003160/OneDrive - wisseninfotech.com/Documents/DQ-Checks-Shashi/API_Test_Scrips/sorce-target/test_target.csv', 'selected_columns': 'all'}
2026-01-08 15:02:55,713 - __main__ - INFO - Starting comparison for session CMP_20260108_150255
2026-01-08 15:02:55,713 - dq_comparison - INFO - Starting comparison analysis in UI mode
2026-01-08 15:02:55,714 - dq_comparison - INFO - LOADING SOURCE AND TARGET DATA
2026-01-08 15:02:55,715 - dq_comparison - INFO - 
==================================================
2026-01-08 15:02:55,715 - dq_comparison - INFO - 🔗 SOURCE DATA CONFIGURATION
2026-01-08 15:02:55,716 - dq_comparison - INFO - ==================================================
2026-01-08 15:02:55,716 - dq_comparison - INFO - DEBUG load_csv_source called for SOURCE
2026-01-08 15:02:55,717 - dq_comparison - INFO - DEBUG ui_data type: <class 'dict'>
2026-01-08 15:02:55,717 - dq_comparison - INFO - DEBUG ui_data: {'source_type': 'csv', 'file_path': 'C:/Users/003160/OneDrive - wisseninfotech.com/Documents/DQ-Checks-Shashi/API_Test_Scrips/sorce-target/test_target.csv', 'source_file_path': 'C:/Users/003160/OneDrive - wisseninfotech.com/Documents/DQ-Checks-Shashi/API_Test_Scrips/sorce-target/test_target.csv'}
2026-01-08 15:02:55,718 - dq_comparison - INFO - DEBUG: Got file_path from ui_data['file_path']: C:/Users/003160/OneDrive - wisseninfotech.com/Documents/DQ-Checks-Shashi/API_Test_Scrips/sorce-target/test_target.csv
2026-01-08 15:02:55,724 - dq_comparison - INFO - SOURCE CSV loaded: 50 rows, 8 columns
2026-01-08 15:02:55,724 - dq_comparison - INFO - 
==================================================
2026-01-08 15:02:55,725 - dq_comparison - INFO - 🔗 TARGET DATA CONFIGURATION
2026-01-08 15:02:55,725 - dq_comparison - INFO - ==================================================
2026-01-08 15:02:55,726 - dq_comparison - INFO - DEBUG load_csv_source called for TARGET
2026-01-08 15:02:55,727 - dq_comparison - INFO - DEBUG ui_data type: <class 'dict'>
2026-01-08 15:02:55,727 - dq_comparison - INFO - DEBUG ui_data: {'source_type': 'csv', 'file_path': 'C:/Users/003160/OneDrive - wisseninfotech.com/Documents/DQ-Checks-Shashi/API_Test_Scrips/sorce-target/test_target.csv', 'target_file_path': 'C:/Users/003160/OneDrive - wisseninfotech.com/Documents/DQ-Checks-Shashi/API_Test_Scrips/sorce-target/test_target.csv'}
2026-01-08 15:02:55,727 - dq_comparison - INFO - DEBUG: Got file_path from ui_data['file_path']: C:/Users/003160/OneDrive - wisseninfotech.com/Documents/DQ-Checks-Shashi/API_Test_Scrips/sorce-target/test_target.csv
2026-01-08 15:02:55,730 - dq_comparison - INFO - TARGET CSV loaded: 50 rows, 8 columns
2026-01-08 15:02:55,731 - dq_comparison - INFO - Source data loaded: 50 rows, 8 columns
2026-01-08 15:02:55,731 - dq_comparison - INFO - Target data loaded: 50 rows, 8 columns
2026-01-08 15:02:55,732 - dq_comparison - INFO - SELECTING COLUMNS FOR COMPARISON
2026-01-08 15:02:55,733 - dq_comparison - INFO - Source columns (original): ['CustomerID', 'FirstName', 'LastName', 'PhoneNumber', 'Email', 'Salary', 'JoinDate', 'Address']
2026-01-08 15:02:55,733 - dq_comparison - INFO - Target columns (original): ['CustomerID', 'FirstName', 'LastName', 'PhoneNumber', 'Email', 'Salary', 'JoinDate', 'Address']
2026-01-08 15:02:55,734 - dq_comparison - INFO - Common columns lowercased: ['phonenumber', 'joindate', 'firstname', 'email', 'customerid', 'salary', 'lastname', 'address']
2026-01-08 15:02:55,734 - dq_comparison - INFO - Found 8 common columns between source and target (case-insensitive)
2026-01-08 15:02:55,734 - dq_comparison - INFO - User column selection input: all
2026-01-08 15:02:55,735 - dq_comparison - INFO - User selected ALL common columns for comparison
2026-01-08 15:02:55,735 - dq_comparison - INFO - Selected 8 columns for comparison: ['PhoneNumber', 'JoinDate', 'FirstName', 'Email', 'CustomerID']...
2026-01-08 15:02:55,736 - dq_comparison - INFO - GENERATING COMPREHENSIVE COMPARISON REPORT
2026-01-08 15:02:55,736 - dq_comparison - INFO - Report details - Source: CSV: test_target.csv, Target: CSV: test_target.csv, Selected columns: 8
2026-01-08 15:02:55,737 - dq_comparison - INFO - Initializing Error Logger...
2026-01-08 15:02:55,737 - dq_error_log - INFO - ErrorLogger initialized with database: dq_checks
2026-01-08 15:02:55,865 - dq_error_log - INFO - Database connection successful
2026-01-08 15:02:55,867 - dq_comparison - INFO - Session ID: CMP_20260108_150255
2026-01-08 15:02:55,867 - dq_comparison - INFO - ✅ Row counts match: 50 rows
2026-01-08 15:02:55,868 - dq_comparison - INFO - Comparing column structures...
2026-01-08 15:02:55,869 - dq_comparison - INFO - Column structure comparison complete. Match: True
2026-01-08 15:02:55,870 - dq_comparison - INFO - Validating primary key/unique fields...
2026-01-08 15:02:55,871 - dq_comparison - INFO - Checking key fields: ['CustomerID', 'CustomerID']
2026-01-08 15:02:55,874 - dq_comparison - INFO - Primary key validation complete. Passed: True
2026-01-08 15:02:55,875 - dq_comparison - INFO - Comparing table-level metadata...
2026-01-08 15:02:55,892 - dq_comparison - INFO - Table metadata comparison complete. Match: True
2026-01-08 15:02:55,892 - dq_comparison - INFO - SECOND CHECK: HASH-BASED COMPARISON WITH PERFECT NORMALIZATION
2026-01-08 15:02:55,935 - dq_comparison - INFO - Source DF columns: ['CustomerID', 'FirstName', 'LastName', 'PhoneNumber', 'Email', 'Salary', 'JoinDate', 'Address']
2026-01-08 15:02:55,936 - dq_comparison - INFO - Target DF columns: ['CustomerID', 'FirstName', 'LastName', 'PhoneNumber', 'Email', 'Salary', 'JoinDate', 'Address']
2026-01-08 15:02:55,936 - dq_comparison - INFO - Selected columns for comparison: ['PhoneNumber', 'JoinDate', 'FirstName', 'Email', 'CustomerID', 'Salary', 'LastName', 'Address']
2026-01-08 15:02:55,936 - dq_comparison - INFO - Using 8 common columns for hash comparison
2026-01-08 15:02:55,937 - dq_comparison - INFO - Source columns: ['PhoneNumber', 'JoinDate', 'FirstName', 'Email', 'CustomerID', 'Salary', 'LastName', 'Address']
2026-01-08 15:02:55,938 - dq_comparison - INFO - Target columns: ['PhoneNumber', 'JoinDate', 'FirstName', 'Email', 'CustomerID', 'Salary', 'LastName', 'Address']
2026-01-08 15:02:55,938 - dq_comparison - INFO - Generating hashes for source data (50 rows)...
2026-01-08 15:02:55,947 - dq_comparison - INFO - Generating hashes for target data (50 rows)...
2026-01-08 15:02:55,954 - dq_comparison - INFO - Hash-based Comparison Results (with duplicate handling):
2026-01-08 15:02:55,955 - dq_comparison - INFO -   • Unique source hashes: 50
2026-01-08 15:02:55,955 - dq_comparison - INFO -   • Unique target hashes: 50
2026-01-08 15:02:55,956 - dq_comparison - INFO -   • Common hashes: 50
2026-01-08 15:02:55,957 - dq_comparison - INFO -   • Common rows (counting duplicates): 50
2026-01-08 15:02:55,957 - dq_comparison - INFO -   • Rows only in source (counting duplicates): 0
2026-01-08 15:02:55,958 - dq_comparison - INFO -   • Rows only in target (counting duplicates): 0
2026-01-08 15:02:55,960 - dq_comparison - INFO - PERFORMING DETAILED COLUMN-BY-COLUMN COMPARISON...
2026-01-08 15:02:55,960 - dq_comparison - INFO - Will compare 50 rows (min of source:50 and target:50)
2026-01-08 15:02:55,972 - dq_comparison - INFO - Found 0 column value mismatches across all rows
2026-01-08 15:02:55,973 - dq_comparison - INFO - Returning counts for simple scoring:
2026-01-08 15:02:55,973 - dq_comparison - INFO -   Common rows: 50
2026-01-08 15:02:55,974 - dq_comparison - INFO -   Unique to source: 0
2026-01-08 15:02:55,975 - dq_comparison - INFO -   Unique to target: 0
2026-01-08 15:02:55,976 - dq_comparison - INFO -   Value mismatches: 0
2026-01-08 15:02:55,976 - dq_comparison - INFO - Analyzing data quality metrics...
2026-01-08 15:02:55,994 - dq_comparison - INFO - Null values - Source: 5 (1.25%), Target: 5 (1.25%)
2026-01-08 15:02:55,995 - dq_comparison - INFO - Duplicate rows (normalized) - Source: 0, Target: 0
2026-01-08 15:02:56,008 - dq_error_log - INFO - Retrieved 0 error logs for session CMP_20260108_150255
2026-01-08 15:02:56,008 - dq_comparison - INFO - 
📊 SIMPLE SCORING CALCULATION:
2026-01-08 15:02:56,009 - dq_comparison - INFO -   Source rows: 50
2026-01-08 15:02:56,009 - dq_comparison - INFO -   Common rows (matched): 50
2026-01-08 15:02:56,010 - dq_comparison - INFO -   Calculation: (50 / 50) * 100 = 100.00%
2026-01-08 15:02:56,010 - dq_comparison - INFO -   Explanation: 50 matched rows out of 50 total source rows
2026-01-08 15:02:56,012 - dq_comparison - INFO - 
=== AUDIT LOGGING SECTION ===
2026-01-08 15:02:56,012 - dq_comparison - INFO - 🔍 Audit logging is ENABLED in APP_SETTINGS
2026-01-08 15:02:56,013 - dq_audit - INFO - Audit class initialized with database: dq_checks
2026-01-08 15:02:56,014 - dq_comparison - INFO - Attempting to log audit record for session: CMP_20260108_150255
2026-01-08 15:02:56,015 - dq_audit - INFO - Starting database insertion for comparison...
2026-01-08 15:02:56,035 - dq_audit - INFO - Inserted comparison record with ID: 543
2026-01-08 15:02:56,036 - dq_comparison - INFO - ✅ Audit record logged successfully (ID: 543)
2026-01-08 15:02:56,048 - dq_error_log - INFO - Retrieved 0 error logs for session CMP_20260108_150255
2026-01-08 15:02:56,061 - dq_error_log - INFO - Retrieved summary: 0 total errors for session CMP_20260108_150255
2026-01-08 15:02:56,063 - dq_audit - INFO - Audit class initialized with database: dq_checks
2026-01-08 15:02:56,078 - dq_audit - INFO - Retrieved 1 audit logs for session CMP_20260108_150255
2026-01-08 15:02:56,079 - dq_comparison - INFO - 
🔍 Final results verification:
2026-01-08 15:02:56,079 - dq_comparison - INFO -    Session ID: CMP_20260108_150255
2026-01-08 15:02:56,080 - dq_comparison - INFO -    DQ Score (Simple %): 100.00%
2026-01-08 15:02:56,080 - dq_comparison - INFO -    Source rows: 50
2026-01-08 15:02:56,081 - dq_comparison - INFO -    Matched rows: 50
2026-01-08 15:02:56,082 - dq_comparison - INFO -    Calculation: (50 / 50) * 100
2026-01-08 15:02:56,082 - dq_comparison - INFO - Comparison analysis completed successfully
2026-01-08 15:02:56,096 - dq_audit - INFO - Retrieved 1 audit logs for session CMP_20260108_150255
2026-01-08 15:02:56,103 - dq_error_log - INFO - Retrieved 0 error logs for session CMP_20260108_150255
2026-01-08 15:02:56,115 - dq_error_log - INFO - Retrieved summary: 0 total errors for session CMP_20260108_150255
2026-01-08 15:02:56,116 - __main__ - INFO - Comparison completed for session CMP_20260108_150255
2026-01-08 15:02:56,117 - __main__ - ERROR - Error in comparison: The truth value of an array with more than one element is ambiguous. Use a.any() or a.all()
2026-01-08 15:02:56,117 - __main__ - INFO - Completed with status 500 in 0.410s
