2026-01-29 13:07:49,463 - __main__ - INFO - 🌐 API Server Logging Initialized
2026-01-29 13:07:49,465 - __main__ - INFO - 📝 Logs saved to: logs/dq_api_20260129_130749.log
2026-01-29 13:07:49,544 - __main__ - INFO - APP_SETTINGS loaded. Audit enabled: True
2026-01-29 13:07:49,545 - __main__ - INFO - ✅ All DQ modules loaded successfully
2026-01-29 13:07:49,549 - dq_error_log - INFO - ErrorLogger initialized with database: dq_checks
2026-01-29 13:07:49,549 - dq_audit - INFO - Audit class initialized with database: dq_checks
2026-01-29 13:07:49,550 - __main__ - INFO - ✅ ErrorLogger and DataQualityAudit initialized
2026-01-29 13:07:49,568 - __main__ - INFO - 🚀 Starting Data Quality Framework API
2026-01-29 13:07:49,570 - __main__ - INFO - 📊 Modules available: True
2026-01-29 13:07:49,571 - __main__ - INFO - 🔧 Config file mode: False
2026-01-29 13:07:49,572 - __main__ - INFO - 📋 Available endpoints:
2026-01-29 13:07:49,573 - __main__ - INFO -   GET  /              - API status
2026-01-29 13:07:49,574 - __main__ - INFO -   GET  /api/health    - Health check
2026-01-29 13:07:49,575 - __main__ - INFO -   POST /api/check-single - Single source analysis
2026-01-29 13:07:49,575 - __main__ - INFO -   POST /api/compare   - Source-target comparison
2026-01-29 13:07:49,577 - __main__ - INFO -   GET  /api/compare/{id} - Get comparison results
2026-01-29 13:07:49,578 - __main__ - INFO -   GET  /api/compare/{id}/mismatches - Paginated mismatches
2026-01-29 13:07:49,579 - __main__ - INFO -   GET  /api/compare/{id}/rows/source_only - Source-only rows
2026-01-29 13:07:49,580 - __main__ - INFO -   GET  /api/compare/{id}/rows/target_only - Target-only rows
2026-01-29 13:07:49,581 - __main__ - INFO -   GET  /api/compare/{id}/rows/count - Row counts
2026-01-29 13:07:49,582 - __main__ - INFO -   POST /api/upload    - File upload
2026-01-29 13:07:49,585 - __main__ - INFO -   GET  /api/sessions  - List sessions
2026-01-29 13:07:49,586 - __main__ - INFO -   GET  /api/sessions/<id> - Get session data
2026-01-29 13:07:49,587 - __main__ - INFO -   GET  /api/debug-db  - Database debug
2026-01-29 13:07:49,589 - __main__ - INFO - 🌍 Server starting on 0.0.0.0:5000 (debug=False)
2026-01-29 13:07:52,732 - __main__ - INFO - GET /api/compare/CMP_20260129_130310/mismatches/summary - Request started
2026-01-29 13:07:53,118 - __main__ - INFO - Completed with status 200 in 0.387s
2026-01-29 13:09:13,595 - __main__ - INFO - GET /api/compare/CMP_20260129_130310/mismatches - Request started
2026-01-29 13:09:13,645 - __main__ - INFO - Using database pagination for 4,998 mismatches
2026-01-29 13:09:13,781 - __main__ - INFO - Completed with status 200 in 0.186s
2026-01-29 13:09:41,557 - __main__ - INFO - GET /api/compare/CMP_20260129_130310/mismatches - Request started
2026-01-29 13:09:41,589 - __main__ - INFO - Using database pagination for 4,998 mismatches
2026-01-29 13:09:41,712 - __main__ - INFO - Completed with status 200 in 0.156s
2026-01-29 13:10:27,906 - __main__ - INFO - GET /api/compare/CMP_20260129_130310/rows/source_only - Request started
2026-01-29 13:10:27,908 - __main__ - INFO - Completed with status 404 in 0.001s
2026-01-29 13:12:09,392 - __main__ - INFO - GET /api/compare/CMP_20260129_130251/rows/source_only - Request started
2026-01-29 13:12:09,394 - __main__ - INFO - Completed with status 404 in 0.002s
2026-01-29 13:12:16,719 - __main__ - INFO - GET /api/compare/CMP_20260129_130310/rows/source_only - Request started
2026-01-29 13:12:16,721 - __main__ - INFO - Completed with status 404 in 0.003s
2026-01-29 13:17:19,716 - __main__ - INFO - GET /api/compare/CMP_20260129_130310/rows/source_only - Request started
2026-01-29 13:17:19,717 - __main__ - INFO - Completed with status 404 in 0.001s
2026-01-29 13:18:01,544 - __main__ - INFO - GET /api/compare/CMP_20260129_130310/mismatches - Request started
2026-01-29 13:18:01,577 - __main__ - INFO - Using database pagination for 4,998 mismatches
2026-01-29 13:18:01,671 - __main__ - INFO - Completed with status 200 in 0.127s
2026-01-29 13:18:24,301 - __main__ - INFO - GET /api/compare/CMP_20260129_130310/mismatches - Request started
2026-01-29 13:18:24,330 - __main__ - INFO - Using database pagination for 4,998 mismatches
2026-01-29 13:18:24,434 - __main__ - INFO - Completed with status 200 in 0.133s
