2025-12-25 18:02:39,768 - __main__ - INFO - 🌐 API Server Logging Initialized
2025-12-25 18:02:39,769 - __main__ - INFO - 📝 Logs saved to: logs/dq_api_20251225_180239.log
2025-12-25 18:02:39,895 - __main__ - INFO - APP_SETTINGS loaded. Audit enabled: True
2025-12-25 18:02:39,895 - __main__ - INFO - ✅ All DQ modules loaded successfully
2025-12-25 18:02:39,897 - dq_error_log - INFO - ErrorLogger initialized with database: dq_checks
2025-12-25 18:02:39,897 - dq_audit - INFO - Audit class initialized with database: dq_checks
2025-12-25 18:02:39,898 - __main__ - INFO - ✅ ErrorLogger and DataQualityAudit initialized
2025-12-25 18:02:39,904 - __main__ - INFO - 🚀 Starting Data Quality Framework API
2025-12-25 18:02:39,904 - __main__ - INFO - 📊 Modules available: True
2025-12-25 18:02:39,905 - __main__ - INFO - 🔧 Config file mode: False
2025-12-25 18:02:39,906 - __main__ - INFO - 📋 Available endpoints:
2025-12-25 18:02:39,907 - __main__ - INFO -   GET  /              - API status
2025-12-25 18:02:39,907 - __main__ - INFO -   GET  /api/health    - Health check
2025-12-25 18:02:39,908 - __main__ - INFO -   POST /api/check-single - Single source analysis
2025-12-25 18:02:39,909 - __main__ - INFO -   POST /api/compare   - Source-target comparison
2025-12-25 18:02:39,909 - __main__ - INFO -   POST /api/upload    - File upload
2025-12-25 18:02:39,910 - __main__ - INFO -   GET  /api/sessions  - List sessions
2025-12-25 18:02:39,910 - __main__ - INFO -   GET  /api/sessions/<id> - Get session data
2025-12-25 18:02:39,911 - __main__ - INFO -   GET  /api/debug-db  - Database debug
2025-12-25 18:02:39,911 - __main__ - INFO - 🌍 Server starting on 0.0.0.0:5000 (debug=False)
2025-12-25 18:02:52,603 - __main__ - INFO - GET /api/health - Request started
2025-12-25 18:02:52,605 - __main__ - INFO - Completed with status 200 in 0.002s
2025-12-25 18:02:55,905 - __main__ - INFO - POST /api/check-single - Request started
2025-12-25 18:02:55,905 - __main__ - INFO - Single source analysis request received
2025-12-25 18:02:55,907 - __main__ - INFO - Starting analysis for session SINGLE_20251225_180255_9fdc669e
2025-12-25 18:02:55,907 - __main__ - INFO - UI Data being passed to dq_unified:
2025-12-25 18:02:55,908 - __main__ - INFO -   source_type: excel
2025-12-25 18:02:55,909 - __main__ - INFO -   file_path: C:/Users/003160/OneDrive - wisseninfotech.com/Documents/DQ-Checks-Shashi/Test_data/sample_data.xlsx
2025-12-25 18:02:55,910 - __main__ - INFO -   sheet_name: sample_data
2025-12-25 18:02:55,910 - __main__ - INFO -   mandatory_fields: CustomerName,Email,Phone
2025-12-25 18:02:55,911 - dq_unified - INFO - ==================================================
2025-12-25 18:02:55,911 - dq_unified - INFO - RUN_SINGLE_SOURCE_ANALYSIS_UI - START
2025-12-25 18:02:55,912 - dq_unified - INFO - UI Data received: {'analysis_type': 'single', 'source_type': 'excel', 'mandatory_fields': 'CustomerName,Email,Phone', 'file_path': 'C:/Users/003160/OneDrive - wisseninfotech.com/Documents/DQ-Checks-Shashi/Test_data/sample_data.xlsx', 'sheet_name': 'sample_data'}
2025-12-25 18:02:55,912 - dq_unified - INFO - UI Data keys: ['analysis_type', 'source_type', 'mandatory_fields', 'file_path', 'sheet_name']
2025-12-25 18:02:55,913 - dq_unified - INFO - Prompting user for data source type
2025-12-25 18:02:55,913 - dq_unified - INFO - UI Data source_type: excel
2025-12-25 18:02:55,913 - dq_unified - INFO - Using source_type from UI data: excel
2025-12-25 18:02:55,913 - dq_unified - INFO - Loading data from EXCEL
2025-12-25 18:02:55,914 - dq_unified - INFO - Loading data from EXCEL
2025-12-25 18:02:55,915 - dq_unified - INFO - Loading large Excel: C:/Users/003160/OneDrive - wisseninfotech.com/Documents/DQ-Checks-Shashi/Test_data/sample_data.xlsx
2025-12-25 18:02:56,400 - dq_unified - INFO - Loading Excel file...
2025-12-25 18:02:56,418 - dq_unified - INFO - Loaded 15 rows from Excel
2025-12-25 18:02:56,421 - dq_unified - INFO - Memory optimization: 0.0MB -> 0.0MB (Saved: 0.0MB)
2025-12-25 18:02:56,422 - dq_unified - INFO - Loaded 15 rows, 10 columns. Memory: 112.7MB total, 0.0MB for dataframe
2025-12-25 18:02:56,423 - dq_error_log - INFO - ErrorLogger initialized with database: dq_checks
2025-12-25 18:02:56,423 - dq_unified - INFO - API Mode: Created ErrorLogger for session SINGLE_20251225_180256
2025-12-25 18:02:56,424 - dq_unified - INFO - Checking for empty cells
2025-12-25 18:02:56,424 - dq_unified - INFO - DEBUG: Checking for 'nan' strings in Email column:
2025-12-25 18:02:56,426 - dq_unified - WARNING - Column 'CustomerName': 2 empty cells (13.3%)
2025-12-25 18:02:56,501 - dq_error_log - INFO - Batch logged 1 errors for session SINGLE_20251225_180256
2025-12-25 18:02:56,502 - dq_unified - WARNING - Column 'Email': 2 empty cells (13.3%)
2025-12-25 18:02:56,514 - dq_error_log - INFO - Batch logged 1 errors for session SINGLE_20251225_180256
2025-12-25 18:02:56,515 - dq_unified - INFO - Column 'Phone': No empty cells
2025-12-25 18:02:56,515 - dq_unified - WARNING - Column 'Salary': 2 empty cells (13.3%)
2025-12-25 18:02:56,527 - dq_error_log - INFO - Batch logged 2 errors for session SINGLE_20251225_180256
2025-12-25 18:02:56,528 - dq_unified - WARNING - Column 'Department': 2 empty cells (13.3%)
2025-12-25 18:02:56,538 - dq_error_log - INFO - Batch logged 1 errors for session SINGLE_20251225_180256
2025-12-25 18:02:56,539 - dq_unified - INFO - Column 'JoinDate': No empty cells
2025-12-25 18:02:56,540 - dq_unified - INFO - Column 'PostalCode': No empty cells
2025-12-25 18:02:56,541 - dq_unified - INFO - Column 'City': No empty cells
2025-12-25 18:02:56,542 - dq_unified - INFO - Column 'Country': No empty cells
2025-12-25 18:02:56,544 - dq_unified - WARNING - Column 'State': 2 empty cells (13.3%)
2025-12-25 18:02:56,556 - dq_error_log - INFO - Batch logged 1 errors for session SINGLE_20251225_180256
2025-12-25 18:02:56,558 - dq_unified - INFO - Total empty cells found: 10
2025-12-25 18:02:56,558 - dq_unified - INFO - Checking for duplicate rows
2025-12-25 18:02:56,559 - dq_unified - INFO - DEBUG: Data shape: (15, 10)
2025-12-25 18:02:56,560 - dq_unified - INFO - DEBUG: Checking duplicates on 15 rows
2025-12-25 18:02:56,560 - dq_unified - INFO - DEBUG: Checking CustomerName values with repr to see whitespace:
2025-12-25 18:02:56,561 - dq_unified - INFO - DEBUG: Row 0 CustomerName: 'John Doe'
2025-12-25 18:02:56,561 - dq_unified - INFO - DEBUG: Row 5 CustomerName: 'John Doe'
2025-12-25 18:02:56,563 - dq_unified - INFO - DEBUG: Simple duplicate count: 1
2025-12-25 18:02:56,569 - dq_unified - INFO - DEBUG: All data for duplicate check:
                   CustomerName              Email       Phone   Salary        Department   JoinDate PostalCode       City Country  State
0                      John Doe     john@email.com  1234567890  50000.0                IT 2023-01-15      10001   New York     USA     TS
1                    Jane Smith     jane@email.com  9876543210  60000.0                HR 2023-02-20      10002    Chicago     USA     AP
2                   Bob Johnson                NaN  5551234567  55000.0    Finance        2023-03-10      10003     Boston     USA     KL
3                   Alice Brown    alice@email.com  4445556666  70000.0                IT 2023-01-15      10004    Seattle     USA     MP
4                Charlie Wilson  charlie@email.com  3334445555  48000.0                HR 2023-04-05      10005      Miami     USA     KA
5                      John Doe     john@email.com  1234567890  50000.0                IT 2023-01-15      10001   New York     USA     TS
6                     David Lee    david@email.com  2223334444      NaN           Finance 2023-05-12      10006    Atlanta     USA    NaN
7                  Sarah Chen      sarah@email.com  1112223333  52000.0                IT 2023-06-18      10007     Denver     USA     DL
8                    Mike Davis      invalid-email  9998887777  58000.0                HR 2023-07-22     ABC123    Phoenix     USA     JK
9                     Lisa Wang     lisa@email.com  6667778888  62000.0               NaN 2023-08-30      10008     Austin     USA     GJ
10                   Tom Wilson      tom@email.com  7778889999  45000.0  Sales            2023-09-10      10009   Portland     USA     MB
11                          NaN    empty@email.com  8889990000  53000.0         Marketing 2023-10-15      10010    Detroit     USA     AR
12  Robert Brown                  robert@email.com  9990001111  67000.0                IT 2023-11-20      10011  Las Vegas     USA     AS
13                  Nancy Davis    nancy@email.com     1112222      NaN         HR        2023-12-05      10012    Orlando     USA     BR
14                    Kevin Lee    kevin@email.com  1112223333  49000.0             Sales 2024-01-10      10013  San Diego     USA     GA
2025-12-25 18:02:56,571 - dq_unified - INFO - DEBUG: Duplicate rows found:
2025-12-25 18:02:56,571 - dq_unified - INFO - DEBUG: Row 0: {'CustomerName': 'John Doe', 'Email': 'john@email.com', 'Phone': 1234567890, 'Salary': 50000.0, 'Department': 'IT', 'JoinDate': Timestamp('2023-01-15 00:00:00'), 'PostalCode': 10001, 'City': 'New York', 'Country': 'USA', 'State': 'TS'}
2025-12-25 18:02:56,572 - dq_unified - INFO - DEBUG: Row 5: {'CustomerName': 'John Doe', 'Email': 'john@email.com', 'Phone': 1234567890, 'Salary': 50000.0, 'Department': 'IT', 'JoinDate': Timestamp('2023-01-15 00:00:00'), 'PostalCode': 10001, 'City': 'New York', 'Country': 'USA', 'State': 'TS'}
2025-12-25 18:02:56,578 - dq_unified - INFO - Business duplicate count after proper trimming: 1
2025-12-25 18:02:56,579 - dq_unified - INFO - DEBUG: After trimming, Row 0 vs Row 5 comparison:
2025-12-25 18:02:56,580 - dq_unified - INFO -   CustomerName: Row0='John Doe', Row5='John Doe', Same? True
2025-12-25 18:02:56,580 - dq_unified - INFO -   Email: Row0='john@email.com', Row5='john@email.com', Same? True
2025-12-25 18:02:56,582 - dq_unified - INFO -   Department: Row0='IT', Row5='IT', Same? True
2025-12-25 18:02:56,583 - dq_unified - INFO - DEBUG: Checking ALL columns between Row 0 and Row 5:
2025-12-25 18:02:56,583 - dq_unified - INFO -   ✅ CustomerName: Same
2025-12-25 18:02:56,585 - dq_unified - INFO -   ✅ Email: Same
2025-12-25 18:02:56,585 - dq_unified - INFO -   ✅ Phone: Same
2025-12-25 18:02:56,586 - dq_unified - INFO -   ✅ Salary: Same
2025-12-25 18:02:56,587 - dq_unified - INFO -   ✅ Department: Same
2025-12-25 18:02:56,588 - dq_unified - INFO -   ✅ JoinDate: Same
2025-12-25 18:02:56,588 - dq_unified - INFO -   ✅ PostalCode: Same
2025-12-25 18:02:56,589 - dq_unified - INFO -   ✅ City: Same
2025-12-25 18:02:56,589 - dq_unified - INFO -   ✅ Country: Same
2025-12-25 18:02:56,590 - dq_unified - INFO -   ✅ State: Same
2025-12-25 18:02:56,591 - dq_unified - WARNING - Found 1 strict duplicate rows (6.7%)
2025-12-25 18:02:56,592 - dq_unified - INFO - All 1 duplicates are strict duplicates
2025-12-25 18:02:56,592 - dq_unified - INFO - Automatically detecting key field duplicates
2025-12-25 18:02:56,594 - dq_unified - INFO - Detected potential key fields: ['CustomerName', 'Email', 'PostalCode']
2025-12-25 18:02:56,595 - dq_unified - WARNING - Found 1 duplicate values in field 'CustomerName'
2025-12-25 18:02:56,596 - dq_unified - WARNING - Found 1 duplicate values in field 'Email'
2025-12-25 18:02:56,597 - dq_unified - WARNING - Found 1 duplicate values in field 'PostalCode'
2025-12-25 18:02:56,654 - dq_unified - INFO - Checking data formats with intelligent, adaptive detection
2025-12-25 18:02:56,655 - dq_unified - INFO - Analyzing column 'CustomerName' with 14 non-null values
2025-12-25 18:02:56,658 - dq_unified - INFO - Analyzing column 'Email' with 14 non-null values
2025-12-25 18:02:56,658 - dq_unified - INFO -   ✓ Column 'Email' matches 'email' pattern with 92.9% confidence
2025-12-25 18:02:56,659 - dq_unified - WARNING -     Row 3: EMPTY value doesn't match Valid email format (user@domain.com)
2025-12-25 18:02:56,659 - dq_unified - WARNING -     Row 9: 'invalid-email...' doesn't match Valid email format (user@domain.com)
2025-12-25 18:02:56,659 - dq_unified - INFO -     Found 2 format issues in column 'Email'
2025-12-25 18:02:56,660 - dq_unified - INFO - Analyzing column 'Phone' with 15 non-null values
2025-12-25 18:02:56,661 - dq_unified - INFO -   ✓ Column 'Phone' matches 'numeric' pattern with 100.0% confidence
2025-12-25 18:02:56,662 - dq_unified - INFO - Analyzing column 'Salary' with 13 non-null values
2025-12-25 18:02:56,662 - dq_unified - INFO -   ✓ Column 'Salary' matches 'numeric' pattern with 100.0% confidence
2025-12-25 18:02:56,663 - dq_unified - WARNING -     Row 7: EMPTY value doesn't match Valid numeric value (integers or decimals)
2025-12-25 18:02:56,663 - dq_unified - WARNING -     Row 14: EMPTY value doesn't match Valid numeric value (integers or decimals)
2025-12-25 18:02:56,663 - dq_unified - INFO -     Found 2 format issues in column 'Salary'
2025-12-25 18:02:56,664 - dq_unified - INFO - Analyzing column 'Department' with 14 non-null values
2025-12-25 18:02:56,665 - dq_unified - INFO -   ✓ Column 'Department' matches 'code_id' pattern with 100.0% confidence
2025-12-25 18:02:56,666 - dq_unified - INFO - Analyzing column 'JoinDate' with 15 non-null values
2025-12-25 18:02:56,667 - dq_unified - INFO -   ✓ Column 'JoinDate' matches 'phone' pattern with 100.0% confidence
2025-12-25 18:02:56,667 - dq_unified - WARNING -     Row 1: '2023-01-15 00:00:00...' doesn't match Valid phone number (8-20 digits, may include +, spaces, dashes, parentheses)
2025-12-25 18:02:56,668 - dq_unified - WARNING -     Row 2: '2023-02-20 00:00:00...' doesn't match Valid phone number (8-20 digits, may include +, spaces, dashes, parentheses)
2025-12-25 18:02:56,668 - dq_unified - WARNING -     Row 3: '2023-03-10 00:00:00...' doesn't match Valid phone number (8-20 digits, may include +, spaces, dashes, parentheses)
2025-12-25 18:02:56,669 - dq_unified - INFO -     Found 15 format issues in column 'JoinDate'
2025-12-25 18:02:56,669 - dq_unified - INFO - Analyzing column 'PostalCode' with 15 non-null values
2025-12-25 18:02:56,670 - dq_unified - INFO -   ✓ Column 'PostalCode' matches 'code_id' pattern with 100.0% confidence
2025-12-25 18:02:56,670 - dq_unified - INFO - Analyzing column 'City' with 15 non-null values
2025-12-25 18:02:56,671 - dq_unified - INFO - Analyzing column 'Country' with 15 non-null values
2025-12-25 18:02:56,672 - dq_unified - INFO -   ✓ Column 'Country' matches 'code_id' pattern with 100.0% confidence
2025-12-25 18:02:56,673 - dq_unified - INFO - Analyzing column 'State' with 14 non-null values
2025-12-25 18:02:56,673 - dq_unified - INFO -   ✓ Column 'State' matches 'code_id' pattern with 100.0% confidence
2025-12-25 18:02:56,673 - dq_unified - INFO - Total format issues found: 19
2025-12-25 18:02:56,685 - dq_error_log - INFO - Batch logged 19 errors for session SINGLE_20251225_180256
2025-12-25 18:02:56,685 - dq_unified - INFO - Logged 19 format issues to error database
2025-12-25 18:02:56,686 - dq_unified - INFO - Checking mandatory fields
2025-12-25 18:02:56,686 - dq_unified - INFO - DEBUG: UI data for mandatory fields: {'analysis_type': 'single', 'source_type': 'excel', 'mandatory_fields': 'CustomerName,Email,Phone', 'file_path': 'C:/Users/003160/OneDrive - wisseninfotech.com/Documents/DQ-Checks-Shashi/Test_data/sample_data.xlsx', 'sheet_name': 'sample_data'}
2025-12-25 18:02:56,687 - dq_unified - INFO - Available columns: ['CustomerName', 'Email', 'Phone', 'Salary', 'Department', 'JoinDate', 'PostalCode', 'City', 'Country', 'State']
2025-12-25 18:02:56,688 - dq_unified - WARNING - Mandatory field 'CustomerName': 1 missing values (93.3% filled)
2025-12-25 18:02:56,689 - dq_unified - WARNING - Mandatory field 'Email': 1 missing values (93.3% filled)
2025-12-25 18:02:56,690 - dq_unified - INFO - Mandatory field 'Phone': 100.0% filled
2025-12-25 18:02:56,691 - dq_unified - INFO - Mandatory field check completed: 2 columns with issues, 2 total missing values
2025-12-25 18:02:56,710 - dq_unified - INFO - Calculating overall quality score - SIMPLE PERCENTAGE
2025-12-25 18:02:56,711 - dq_unified - INFO - SIMPLE SCORE CALCULATION (like school marks):
2025-12-25 18:02:56,711 - dq_unified - INFO -   Total cells: 150
2025-12-25 18:02:56,712 - dq_unified - INFO -   Total issues: 37
2025-12-25 18:02:56,712 - dq_unified - INFO -     - Nulls: 10
2025-12-25 18:02:56,713 - dq_unified - INFO -     - Duplicates: 3
2025-12-25 18:02:56,713 - dq_unified - INFO -     - Format issues: 19
2025-12-25 18:02:56,713 - dq_unified - INFO -     - Mandatory missing: 2
2025-12-25 18:02:56,714 - dq_unified - INFO -     - Key duplicates: 3
2025-12-25 18:02:56,714 - dq_unified - INFO -   Calculation: (150 - 37) / 150 * 100
2025-12-25 18:02:56,715 - dq_unified - INFO -   DQ Score: 75.33%
2025-12-25 18:02:56,715 - dq_unified - INFO - Generating detailed data quality report
2025-12-25 18:02:56,718 - dq_unified - INFO - Returning JSON report for API, Session: SINGLE_20251225_180256
2025-12-25 18:02:56,719 - dq_unified - INFO - Starting audit logging for session: SINGLE_20251225_180256
2025-12-25 18:02:56,720 - dq_unified - INFO - Quality score: 75.33
2025-12-25 18:02:56,720 - dq_unified - INFO - APP_SETTINGS['audit_enabled'] = True
2025-12-25 18:02:56,721 - dq_audit - INFO - Audit class initialized with database: dq_checks
2025-12-25 18:02:56,721 - dq_unified - INFO - Audit logger created
2025-12-25 18:02:56,722 - dq_unified - INFO - Audit data prepared
2025-12-25 18:02:56,722 - dq_unified - INFO -    Session: SINGLE_20251225_180256
2025-12-25 18:02:56,722 - dq_unified - INFO -    Check Type: single_source
2025-12-25 18:02:56,723 - dq_unified - INFO -    Score: 75.33%
2025-12-25 18:02:56,723 - dq_unified - INFO - Audit enabled, calling log_audit_record...
2025-12-25 18:02:56,724 - dq_audit - INFO - Starting database insertion for single_source...
2025-12-25 18:02:56,735 - dq_audit - INFO - Inserted single_source record with ID: 307
2025-12-25 18:02:56,736 - dq_unified - INFO - Audit record logged with ID: DQ_20251225_180256
2025-12-25 18:02:56,736 - dq_unified - INFO - Analysis completed successfully for EXCEL: sample_data.xlsx
2025-12-25 18:02:56,745 - dq_error_log - INFO - Retrieved 33 error logs for session SINGLE_20251225_180256
2025-12-25 18:02:56,755 - dq_error_log - INFO - Retrieved summary: 33 total errors for session SINGLE_20251225_180256
2025-12-25 18:02:56,764 - dq_audit - INFO - Retrieved 1 audit logs for session SINGLE_20251225_180256
2025-12-25 18:02:56,765 - __main__ - INFO - Analysis completed for session SINGLE_20251225_180256
2025-12-25 18:02:56,767 - __main__ - INFO - Completed with status 200 in 0.862s
