2025-12-31 22:52:17,890 - __main__ - INFO - 🌐 API Server Logging Initialized
2025-12-31 22:52:17,895 - __main__ - INFO - 📝 Logs saved to: logs/dq_api_20251231_225217.log
2025-12-31 22:52:18,308 - __main__ - INFO - APP_SETTINGS loaded. Audit enabled: True
2025-12-31 22:52:18,308 - __main__ - INFO - ✅ All DQ modules loaded successfully
2025-12-31 22:52:18,313 - dq_error_log - INFO - ErrorLogger initialized with database: dq_checks
2025-12-31 22:52:18,314 - dq_audit - INFO - Audit class initialized with database: dq_checks
2025-12-31 22:52:18,315 - __main__ - INFO - ✅ ErrorLogger and DataQualityAudit initialized
2025-12-31 22:52:18,334 - __main__ - INFO - 🚀 Starting Data Quality Framework API
2025-12-31 22:52:18,335 - __main__ - INFO - 📊 Modules available: True
2025-12-31 22:52:18,338 - __main__ - INFO - 🔧 Config file mode: False
2025-12-31 22:52:18,339 - __main__ - INFO - 📋 Available endpoints:
2025-12-31 22:52:18,339 - __main__ - INFO -   GET  /              - API status
2025-12-31 22:52:18,342 - __main__ - INFO -   GET  /api/health    - Health check
2025-12-31 22:52:18,345 - __main__ - INFO -   POST /api/check-single - Single source analysis
2025-12-31 22:52:18,345 - __main__ - INFO -   POST /api/compare   - Source-target comparison
2025-12-31 22:52:18,348 - __main__ - INFO -   POST /api/upload    - File upload
2025-12-31 22:52:18,349 - __main__ - INFO -   GET  /api/sessions  - List sessions
2025-12-31 22:52:18,350 - __main__ - INFO -   GET  /api/sessions/<id> - Get session data
2025-12-31 22:52:18,351 - __main__ - INFO -   GET  /api/debug-db  - Database debug
2025-12-31 22:52:18,353 - __main__ - INFO - 🌍 Server starting on 0.0.0.0:5000 (debug=False)
2025-12-31 22:58:29,147 - __main__ - INFO - POST /api/upload - Request started
2025-12-31 22:58:29,297 - __main__ - INFO - File uploaded: 20251231_225829_source_data_90k.csv (csv)
2025-12-31 22:58:29,299 - __main__ - INFO - Completed with status 200 in 0.153s
2025-12-31 22:58:29,397 - __main__ - INFO - POST /api/check-single - Request started
2025-12-31 22:58:29,397 - __main__ - INFO - Single source analysis request received
2025-12-31 22:58:29,398 - __main__ - INFO - Starting analysis for session SINGLE_20251231_225829_e5fda1ed
2025-12-31 22:58:29,399 - __main__ - INFO - UI Data being passed to dq_unified:
2025-12-31 22:58:29,399 - __main__ - INFO -   source_type: csv
2025-12-31 22:58:29,400 - __main__ - INFO -   file_path: uploads\20251231_225829_source_data_90k.csv
2025-12-31 22:58:29,400 - __main__ - INFO -   sheet_name: None
2025-12-31 22:58:29,400 - __main__ - INFO -   mandatory_fields: all
2025-12-31 22:58:29,401 - dq_unified - INFO - ==================================================
2025-12-31 22:58:29,401 - dq_unified - INFO - RUN_SINGLE_SOURCE_ANALYSIS_UI - START
2025-12-31 22:58:29,403 - dq_unified - INFO - Prompting user for data source type
2025-12-31 22:58:29,403 - dq_unified - INFO - UI Data source_type: csv
2025-12-31 22:58:29,403 - dq_unified - INFO - Using source_type from UI data: csv
2025-12-31 22:58:29,403 - dq_unified - INFO - Loading data from CSV...
2025-12-31 22:58:29,404 - dq_unified - INFO - Loading data from CSV
2025-12-31 22:58:29,404 - dq_unified - INFO - Loading large CSV: uploads\20251231_225829_source_data_90k.csv
2025-12-31 22:58:29,438 - dq_unified - INFO - CSV file has 92,875 rows
2025-12-31 22:58:29,439 - dq_unified - INFO - Loading 92,875 rows from CSV...
2025-12-31 22:58:29,667 - dq_unified - INFO - Loaded 89,999 rows from CSV
2025-12-31 22:58:29,938 - dq_unified - INFO - Memory optimization: 45.4MB -> 17.1MB (Saved: 28.3MB)
2025-12-31 22:58:29,938 - dq_unified - INFO - Standardizing data types...
2025-12-31 22:58:30,526 - dq_unified - INFO - Data type standardization complete
2025-12-31 22:58:30,578 - dq_unified - INFO - Loaded 89,999 rows, 12 columns. Memory: 124.0MB total, 17.1MB for dataframe
2025-12-31 22:58:30,580 - dq_unified - INFO - Data loaded: 89,999 rows, 12 columns
2025-12-31 22:58:30,580 - dq_error_log - INFO - ErrorLogger initialized with database: dq_checks
2025-12-31 22:58:30,581 - dq_unified - INFO - Session ID: SINGLE_20251231_225830
2025-12-31 22:58:30,582 - dq_unified - INFO - ==================================================
2025-12-31 22:58:30,583 - dq_unified - INFO - Starting quality checks...
2025-12-31 22:58:30,583 - dq_unified - INFO - ==================================================
2025-12-31 22:58:30,584 - dq_unified - INFO - 1. Checking for null/empty values...
2025-12-31 22:58:30,585 - dq_unified - INFO - Checking for null/empty values
2025-12-31 22:58:30,585 - dq_unified - INFO - DataFrame shape: (89999, 12)
2025-12-31 22:58:30,586 - dq_unified - INFO - Columns: ['id', 'customer_id', 'transaction_id', 'customer_name', 'email', 'phone', 'transaction_date', 'amount', 'quantity', 'age', 'status', 'description']
2025-12-31 22:58:30,586 - dq_unified - INFO - Data source: CSV: 20251231_225829_source_data_90k.csv
2025-12-31 22:58:30,588 - dq_unified - INFO - DataFrame dtypes: {'id': dtype('uint32'), 'customer_id': dtype('O'), 'transaction_id': dtype('O'), 'customer_name': CategoricalDtype(categories=['                     Michael Smith', '      Susan Miller',
                  'David Brown', 'David Brown  ', 'David Davis',
                  'David Davis  ', 'David Johnson', 'David Johnson  ',
                  'David Jones', 'David Jones  ',
                  ...
                  'William Johnson', 'William Johnson  ', 'William Jones',
                  'William Jones  ', 'William Miller', 'William Miller  ',
                  'William Smith', 'William Smith  ', 'William Williams',
                  'William Williams  '],
, ordered=False, categories_dtype=object), 'email': CategoricalDtype(categories=['                             robert.johnson@outlook.com',
                  'david.brown.company.com', 'david.brown@company.com',
                  'david.brown@gmail.com', 'david.brown@hotmail.com',
                  'david.brown@invalid', 'david.brown@outlook.com',
                  'david.brown@yahoo.com', 'david.davis.company.com',
                  'david.davis@company.com',
                  ...
                  'william.smith@invalid', 'william.smith@outlook.com',
                  'william.smith@yahoo.com', 'william.williams.company.com',
                  'william.williams@company.com', 'william.williams@gmail.com',
                  'william.williams@hotmail.com', 'william.williams@invalid',
                  'william.williams@outlook.com',
                  'william.williams@yahoo.com'],
, ordered=False, categories_dtype=object), 'phone': dtype('O'), 'transaction_date': CategoricalDtype(categories=['01-01-2023', '01-01-2024', '01-02-2023', '01-03-2023',
                  '01-04-2023', '01-05-2023', '01-06-2023', '01-07-2023',
                  '01-08-2023', '01-09-2023',
                  ...
                  '30-10-2023', '30-11-2023', '30-12-2023', '31-01-2023',
                  '31-03-2023', '31-05-2023', '31-07-2023', '31-08-2023',
                  '31-10-2023', '31-12-2023'],
, ordered=False, categories_dtype=object), 'amount': dtype('float32'), 'quantity': dtype('int8'), 'age': dtype('int16'), 'status': CategoricalDtype(categories=['ACTIVE', 'CANCELLED', 'COMPLETED', 'INACTIVE', 'PENDING'], ordered=False, categories_dtype=object), 'description': CategoricalDtype(categories=['  Text with leading spaces', 'Normal text without issues',
                  'Text with\ttabs', 'Text with\nnewlines',
                  'Text with  multiple   spaces', 'Text with - dashes',
                  'Text with mixed CAPITAL and lowercase',
                  'Text with trailing spaces  ', 'Text with! exclamations',
                  'Text with"quotes"', 'Text with#hashtags',
                  'Text with$dollar signs',
                  'Text with$dollar signs                       ',
                  'Text with%percent signs', 'Text with& ampersands',
                  'Text with'apostrophes', 'Text with(parentheses)',
                  'Text with*asterisks', 'Text with, commas',
                  'Text with. periods', 'Text with/slashes',
                  'Text with; semicolons', 'Text with<angle brackets>',
                  'Text with? questions', 'Text with@at signs',
                  'Text with[brackets]', 'Text with\backslashes',
                  'Text with_underscores', 'Text with`backticks',
                  'Text with{braces}', 'Text with|pipes', 'Text with~tildes'],
, ordered=False, categories_dtype=object)}
2025-12-31 22:58:30,589 - dq_unified - INFO - First 2 rows (first 3 columns only):
2025-12-31 22:58:30,592 - dq_unified - INFO -   Row 0: {'id': 'np.uint32(78303)', 'customer_id': "'CUST078303'", 'transaction_id': "'TX00078303'"}
2025-12-31 22:58:30,593 - dq_unified - INFO -   Row 1: {'id': 'np.uint32(66465)', 'customer_id': "'CUST066465'", 'transaction_id': "'TX00066465'"}
2025-12-31 22:58:30,926 - dq_unified - INFO - Column 'id': No missing cells
2025-12-31 22:58:31,248 - dq_unified - INFO - Column 'customer_id': No missing cells
2025-12-31 22:58:31,572 - dq_unified - INFO - Column 'transaction_id': No missing cells
2025-12-31 22:58:31,890 - dq_unified - INFO -   Missing samples: ['nan', 'nan', 'nan']
2025-12-31 22:58:31,891 - dq_unified - INFO -   Not missing samples: ["'Michael Davis'", "'Susan Brown'", "'Sarah Davis'"]
2025-12-31 22:58:31,891 - dq_unified - WARNING - Column 'customer_name': 3,510 missing cells (3.9%)
2025-12-31 22:58:31,892 - dq_unified - WARNING - Column 'customer_name': 3,510 missing cells (3.9%)
2025-12-31 22:58:52,845 - dq_error_log - INFO - Starting batch logging for 3510 errors, session: SINGLE_20251231_225830
2025-12-31 22:58:53,147 - dq_error_log - INFO - Batch 1: Successfully logged 500 errors
2025-12-31 22:58:53,258 - dq_error_log - INFO - Batch 2: Successfully logged 500 errors
2025-12-31 22:58:53,364 - dq_error_log - INFO - Batch 3: Successfully logged 500 errors
2025-12-31 22:58:53,465 - dq_error_log - INFO - Batch 4: Successfully logged 500 errors
2025-12-31 22:58:53,572 - dq_error_log - INFO - Batch 5: Successfully logged 500 errors
2025-12-31 22:58:53,686 - dq_error_log - INFO - Batch 6: Successfully logged 500 errors
2025-12-31 22:58:53,781 - dq_error_log - INFO - Batch 7: Successfully logged 500 errors
2025-12-31 22:58:53,796 - dq_error_log - INFO - Batch 8: Successfully logged 10 errors
2025-12-31 22:58:53,798 - dq_error_log - INFO - Progress: 3510/3510 errors processed
2025-12-31 22:58:53,799 - dq_error_log - INFO - COMPLETE: Logged 3510/3510 errors for session SINGLE_20251231_225830
2025-12-31 22:58:54,141 - dq_unified - INFO -   Missing samples: ['nan', 'nan', 'nan']
2025-12-31 22:58:54,141 - dq_unified - INFO -   Not missing samples: ["'david.jones@company.com'", "'jennifer.williams@gmail.com'", "'james.davis@hotmail.com'"]
2025-12-31 22:58:54,142 - dq_unified - WARNING - Column 'email': 1,516 missing cells (1.7%)
2025-12-31 22:58:54,142 - dq_unified - WARNING - Column 'email': 1,516 missing cells (1.7%)
2025-12-31 22:59:03,919 - dq_error_log - INFO - Starting batch logging for 1516 errors, session: SINGLE_20251231_225830
2025-12-31 22:59:04,005 - dq_error_log - INFO - Batch 1: Successfully logged 500 errors
2025-12-31 22:59:04,101 - dq_error_log - INFO - Batch 2: Successfully logged 500 errors
2025-12-31 22:59:04,190 - dq_error_log - INFO - Batch 3: Successfully logged 500 errors
2025-12-31 22:59:04,206 - dq_error_log - INFO - Batch 4: Successfully logged 16 errors
2025-12-31 22:59:04,206 - dq_error_log - INFO - Progress: 1516/1516 errors processed
2025-12-31 22:59:04,207 - dq_error_log - INFO - COMPLETE: Logged 1516/1516 errors for session SINGLE_20251231_225830
2025-12-31 22:59:04,551 - dq_unified - INFO -   Missing samples: ['nan', 'nan', 'nan']
2025-12-31 22:59:04,551 - dq_unified - INFO -   Not missing samples: ["'212-127-8383'", "'(212) 706-7216'", "'12123928735'"]
2025-12-31 22:59:04,551 - dq_unified - WARNING - Column 'phone': 1,280 missing cells (1.4%)
2025-12-31 22:59:04,552 - dq_unified - WARNING - Column 'phone': 1,280 missing cells (1.4%)
2025-12-31 22:59:13,087 - dq_error_log - INFO - Starting batch logging for 1280 errors, session: SINGLE_20251231_225830
2025-12-31 22:59:13,190 - dq_error_log - INFO - Batch 1: Successfully logged 500 errors
2025-12-31 22:59:13,288 - dq_error_log - INFO - Batch 2: Successfully logged 500 errors
2025-12-31 22:59:13,396 - dq_error_log - INFO - Batch 3: Successfully logged 280 errors
2025-12-31 22:59:13,398 - dq_error_log - INFO - Progress: 1280/1280 errors processed
2025-12-31 22:59:13,399 - dq_error_log - INFO - COMPLETE: Logged 1280/1280 errors for session SINGLE_20251231_225830
2025-12-31 22:59:13,838 - dq_unified - INFO - Column 'transaction_date': No missing cells
2025-12-31 22:59:14,443 - dq_unified - INFO -   Missing samples: ['nan', 'nan', 'nan']
2025-12-31 22:59:14,444 - dq_unified - INFO -   Not missing samples: ['8653.5595703125', '1948.43994140625', '237.49000549316406']
2025-12-31 22:59:14,445 - dq_unified - WARNING - Column 'amount': 1,133 missing cells (1.3%)
2025-12-31 22:59:14,446 - dq_unified - WARNING - Column 'amount': 1,133 missing cells (1.3%)
2025-12-31 22:59:23,358 - dq_error_log - INFO - Starting batch logging for 1133 errors, session: SINGLE_20251231_225830
2025-12-31 22:59:23,457 - dq_error_log - INFO - Batch 1: Successfully logged 500 errors
2025-12-31 22:59:23,559 - dq_error_log - INFO - Batch 2: Successfully logged 500 errors
2025-12-31 22:59:23,580 - dq_error_log - INFO - Batch 3: Successfully logged 133 errors
2025-12-31 22:59:23,581 - dq_error_log - INFO - Progress: 1133/1133 errors processed
2025-12-31 22:59:23,582 - dq_error_log - INFO - COMPLETE: Logged 1133/1133 errors for session SINGLE_20251231_225830
2025-12-31 22:59:23,964 - dq_unified - INFO - Column 'quantity': No missing cells
2025-12-31 22:59:24,323 - dq_unified - INFO - Column 'age': No missing cells
2025-12-31 22:59:24,700 - dq_unified - INFO - Column 'status': No missing cells
2025-12-31 22:59:25,075 - dq_unified - INFO - Column 'description': No missing cells
2025-12-31 22:59:25,076 - dq_unified - INFO - Total missing cells found: 7,439
2025-12-31 22:59:25,077 - dq_unified - INFO - ============================================================
2025-12-31 22:59:25,077 - dq_unified - INFO - MISSING VALUE SUMMARY
2025-12-31 22:59:25,078 - dq_unified - INFO - ============================================================
2025-12-31 22:59:25,078 - dq_unified - INFO - customer_name: 3,510 missing (3.9%)
2025-12-31 22:59:25,079 - dq_unified - INFO - email: 1,516 missing (1.7%)
2025-12-31 22:59:25,081 - dq_unified - INFO - phone: 1,280 missing (1.4%)
2025-12-31 22:59:25,081 - dq_unified - INFO - amount: 1,133 missing (1.3%)
2025-12-31 22:59:25,082 - dq_unified - INFO - ============================================================
2025-12-31 22:59:25,083 - dq_unified - INFO -    Found 7,439 empty cells
2025-12-31 22:59:25,083 - dq_unified - INFO - 2. Checking for duplicate rows...
2025-12-31 22:59:25,084 - dq_unified - INFO - Checking for duplicate rows
2025-12-31 22:59:25,084 - dq_unified - INFO - Cleaning data (removing whitespace)...
2025-12-31 22:59:25,088 - dq_unified - INFO - Columns after cleaning: ['id', 'customer_id', 'transaction_id', 'customer_name', 'email', 'phone', 'transaction_date', 'amount', 'quantity', 'age', 'status', 'description']
2025-12-31 22:59:36,027 - dq_unified - INFO - Sample of first column after cleaning: '78303'
2025-12-31 22:59:36,028 - dq_unified - INFO - Sample of row 6 first column: '19261'
2025-12-31 22:59:36,030 - dq_unified - INFO - Total rows to check: 89999
2025-12-31 22:59:36,031 - dq_unified - INFO - Checking first column 'id' for serial numbers
2025-12-31 22:59:36,032 - dq_unified - INFO - First 5 values: ['78303', '66465', '93228', '1748', '80005']
2025-12-31 22:59:36,033 - dq_unified - INFO -   Row 1: '78303' → 78303.0 (numeric)
2025-12-31 22:59:36,034 - dq_unified - INFO -   Row 2: '66465' → 66465.0 (numeric)
2025-12-31 22:59:36,034 - dq_unified - INFO -   Row 3: '93228' → 93228.0 (numeric)
2025-12-31 22:59:36,036 - dq_unified - INFO - First column values not sequential: [78303.0, 66465.0, 93228.0]
2025-12-31 22:59:36,036 - dq_unified - INFO - Checking duplicates on ALL columns
2025-12-31 22:59:36,037 - dq_unified - INFO - First few rows for comparison:
2025-12-31 22:59:36,038 - dq_unified - INFO -   Row 0: {'id': '78303', 'customer_id': 'CUST078303', 'transaction_id': 'TX00078303'}
2025-12-31 22:59:36,039 - dq_unified - INFO -   Row 1: {'id': '66465', 'customer_id': 'CUST066465', 'transaction_id': 'TX00066465'}
2025-12-31 22:59:36,040 - dq_unified - INFO -   Row 2: {'id': '93228', 'customer_id': 'CUST093228', 'transaction_id': 'TX00093228'}
2025-12-31 22:59:36,197 - dq_unified - INFO - Duplicate mask found 406 rows
2025-12-31 22:59:36,198 - dq_unified - INFO - Found 406 potential duplicate rows
2025-12-31 22:59:36,224 - dq_unified - INFO - Unique duplicate groups: 203
2025-12-31 22:59:36,225 - dq_unified - INFO - Duplicate groups found:
2025-12-31 22:59:36,226 - dq_unified - INFO -   Group sample: Pandas(Index=167, id='42732', customer_id='CUST042732', transaction_id='TX00042732', customer_name='William Davis', email='james.miller@gmail.com', phone='12127948623', transaction_date='20-01-2023', amount='7954.53', quantity='60', age='64', status='PENDING', description='Text with trailing spaces')
2025-12-31 22:59:36,228 - dq_unified - INFO -   Group sample: Pandas(Index=381, id='34440', customer_id='CUST034440', transaction_id='TX00034440', customer_name='William Miller', email='nan', phone='nan', transaction_date='05-09-2023', amount='1954.43', quantity='64', age='75', status='CANCELLED', description='Text with. periods')
2025-12-31 22:59:36,229 - dq_unified - INFO -   Group sample: Pandas(Index=637, id='58427', customer_id='CUST058427', transaction_id='TX00058427', customer_name='Richard Brown', email='jennifer.johnson@gmail.com', phone='2124608202', transaction_date='29-09-2023', amount='9156.7', quantity='69', age='45', status='PENDING', description='Text with multiple spaces')
2025-12-31 22:59:36,230 - dq_unified - INFO - Processing 406 duplicate indices
2025-12-31 22:59:36,251 - dq_unified - INFO - FINAL RESULT: Found 406 duplicate groups
2025-12-31 22:59:36,252 - dq_error_log - INFO - Starting batch logging for 406 errors, session: SINGLE_20251231_225830
2025-12-31 22:59:36,346 - dq_error_log - INFO - Batch 1: Successfully logged 406 errors
2025-12-31 22:59:36,347 - dq_error_log - INFO - Progress: 406/406 errors processed
2025-12-31 22:59:36,347 - dq_error_log - INFO - COMPLETE: Logged 406/406 errors for session SINGLE_20251231_225830
2025-12-31 22:59:36,358 - dq_unified - INFO -    Found 406 duplicate rows
2025-12-31 22:59:36,359 - dq_unified - INFO - 3. Checking data formats...
2025-12-31 22:59:36,360 - dq_unified - INFO - Checking data formats
2025-12-31 22:59:36,374 - dq_unified - INFO - Detected id as numeric type
2025-12-31 22:59:36,658 - dq_unified - INFO - Detected email as email type
2025-12-31 22:59:36,661 - dq_unified - WARNING -   Row 38: 'lisa.miller_outlook.com...' doesn't match Valid email format (user@domain.com)
2025-12-31 22:59:36,664 - dq_unified - WARNING -   Row 223: 'richard.miller.company.com...' doesn't match Valid email format (user@domain.com)
2025-12-31 22:59:36,666 - dq_unified - WARNING -   Row 311: 'james.miller@invalid...' doesn't match Valid email format (user@domain.com)
2025-12-31 22:59:36,667 - dq_unified - WARNING -   Row 355: 'richard.williams@invalid...' doesn't match Valid email format (user@domain.com)
2025-12-31 22:59:36,668 - dq_unified - WARNING -   Row 416: 'susan.brown.company.com...' doesn't match Valid email format (user@domain.com)
2025-12-31 22:59:37,634 - dq_unified - INFO - Detected phone as phone type
2025-12-31 22:59:38,611 - dq_unified - INFO - Detected transaction_date as date type
2025-12-31 22:59:42,762 - dq_unified - INFO -   Date format check for transaction_date: Consistent=False, Format=['DD-MM-YYYY or MM-DD-YYYY', 'MM/DD/YYYY']
2025-12-31 22:59:42,762 - dq_unified - WARNING -   transaction_date: Inconsistent date formats: ['DD-MM-YYYY or MM-DD-YYYY', 'MM/DD/YYYY']
2025-12-31 22:59:46,132 - dq_unified - INFO - Detected amount as numeric type
2025-12-31 22:59:46,390 - dq_unified - INFO - Detected quantity as numeric type
2025-12-31 22:59:46,617 - dq_unified - INFO - Detected age as numeric type
2025-12-31 22:59:51,342 - dq_unified - INFO - Total format issues found: 727
2025-12-31 22:59:51,344 - dq_error_log - INFO - Starting batch logging for 727 errors, session: SINGLE_20251231_225830
2025-12-31 22:59:51,467 - dq_error_log - INFO - Batch 1: Successfully logged 500 errors
2025-12-31 22:59:51,525 - dq_error_log - INFO - Batch 2: Successfully logged 227 errors
2025-12-31 22:59:51,527 - dq_error_log - INFO - Progress: 727/727 errors processed
2025-12-31 22:59:51,527 - dq_error_log - INFO - COMPLETE: Logged 727/727 errors for session SINGLE_20251231_225830
2025-12-31 22:59:51,529 - dq_unified - INFO -    Found 727 format issues
2025-12-31 22:59:51,530 - dq_unified - INFO - 4. Checking mandatory fields...
2025-12-31 22:59:51,530 - dq_unified - INFO - Checking mandatory fields
2025-12-31 22:59:51,530 - dq_unified - INFO - Available columns: ['id', 'customer_id', 'transaction_id', 'customer_name', 'email', 'phone', 'transaction_date', 'amount', 'quantity', 'age', 'status', 'description']
2025-12-31 22:59:51,532 - dq_unified - INFO - Checking ALL columns as mandatory: ['id', 'customer_id', 'transaction_id', 'customer_name', 'email', 'phone', 'transaction_date', 'amount', 'quantity', 'age', 'status', 'description']
2025-12-31 22:59:51,947 - dq_unified - INFO - Mandatory field 'id': 100.0% filled
2025-12-31 22:59:52,368 - dq_unified - INFO - Mandatory field 'customer_id': 100.0% filled
2025-12-31 22:59:52,745 - dq_unified - INFO - Mandatory field 'transaction_id': 100.0% filled
2025-12-31 22:59:53,087 - dq_unified - WARNING - Mandatory field 'customer_name': 3,510 missing values (96.1% filled)
2025-12-31 22:59:53,461 - dq_unified - WARNING - Mandatory field 'email': 1,516 missing values (98.3% filled)
2025-12-31 22:59:53,789 - dq_unified - WARNING - Mandatory field 'phone': 1,280 missing values (98.6% filled)
2025-12-31 22:59:54,130 - dq_unified - INFO - Mandatory field 'transaction_date': 100.0% filled
2025-12-31 22:59:54,568 - dq_unified - WARNING - Mandatory field 'amount': 1,133 missing values (98.7% filled)
2025-12-31 22:59:54,905 - dq_unified - INFO - Mandatory field 'quantity': 100.0% filled
2025-12-31 22:59:55,222 - dq_unified - INFO - Mandatory field 'age': 100.0% filled
2025-12-31 22:59:55,565 - dq_unified - INFO - Mandatory field 'status': 100.0% filled
2025-12-31 22:59:55,956 - dq_unified - INFO - Mandatory field 'description': 100.0% filled
2025-12-31 23:00:00,410 - dq_error_log - INFO - Starting batch logging for 7439 errors, session: SINGLE_20251231_225830
2025-12-31 23:00:00,509 - dq_error_log - INFO - Batch 1: Successfully logged 500 errors
2025-12-31 23:00:00,608 - dq_error_log - INFO - Batch 2: Successfully logged 500 errors
2025-12-31 23:00:00,702 - dq_error_log - INFO - Batch 3: Successfully logged 500 errors
2025-12-31 23:00:00,803 - dq_error_log - INFO - Batch 4: Successfully logged 500 errors
2025-12-31 23:00:00,896 - dq_error_log - INFO - Batch 5: Successfully logged 500 errors
2025-12-31 23:00:00,998 - dq_error_log - INFO - Batch 6: Successfully logged 500 errors
2025-12-31 23:00:01,097 - dq_error_log - INFO - Batch 7: Successfully logged 500 errors
2025-12-31 23:00:01,194 - dq_error_log - INFO - Batch 8: Successfully logged 500 errors
2025-12-31 23:00:01,298 - dq_error_log - INFO - Batch 9: Successfully logged 500 errors
2025-12-31 23:00:01,398 - dq_error_log - INFO - Batch 10: Successfully logged 500 errors
2025-12-31 23:00:01,400 - dq_error_log - INFO - Progress: 5000/7439 errors processed
2025-12-31 23:00:01,531 - dq_error_log - INFO - Batch 11: Successfully logged 500 errors
2025-12-31 23:00:01,644 - dq_error_log - INFO - Batch 12: Successfully logged 500 errors
2025-12-31 23:00:01,758 - dq_error_log - INFO - Batch 13: Successfully logged 500 errors
2025-12-31 23:00:01,911 - dq_error_log - INFO - Batch 14: Successfully logged 500 errors
2025-12-31 23:00:02,001 - dq_error_log - INFO - Batch 15: Successfully logged 439 errors
2025-12-31 23:00:02,002 - dq_error_log - INFO - Progress: 7439/7439 errors processed
2025-12-31 23:00:02,002 - dq_error_log - INFO - COMPLETE: Logged 7439/7439 errors for session SINGLE_20251231_225830
2025-12-31 23:00:02,003 - dq_unified - INFO - All columns mandatory: 6012 unique rows with missing values
2025-12-31 23:00:02,005 - dq_unified - INFO -    Found 6,012 missing mandatory values
2025-12-31 23:00:02,006 - dq_unified - INFO - 5. Calculating quality score...
2025-12-31 23:00:02,007 - dq_unified - INFO - Calculating quality score
2025-12-31 23:00:02,010 - dq_unified - INFO - Quality Score Calculation:
2025-12-31 23:00:02,010 - dq_unified - INFO -   Total rows: 89,999
2025-12-31 23:00:02,011 - dq_unified - INFO -   Bad Rows: 6,784
2025-12-31 23:00:02,012 - dq_unified - INFO -   Good rows (no issues): 83,215
2025-12-31 23:00:02,012 - dq_unified - INFO -   Quality Score: 92.46%
2025-12-31 23:00:02,184 - dq_error_log - INFO - Retrieved 200 error logs for session SINGLE_20251231_225830
2025-12-31 23:00:02,340 - dq_error_log - INFO - Retrieved summary: 16011 total errors for session SINGLE_20251231_225830
2025-12-31 23:00:02,341 - dq_unified - INFO - Added 200 error logs to results
2025-12-31 23:00:02,342 - dq_audit - INFO - Audit class initialized with database: dq_checks
2025-12-31 23:00:02,343 - dq_audit - INFO - Starting database insertion for single_source...
2025-12-31 23:00:02,366 - dq_audit - INFO - Inserted single_source record with ID: 501
2025-12-31 23:00:02,393 - dq_audit - INFO - Retrieved 1 audit logs for session SINGLE_20251231_225830
2025-12-31 23:00:02,395 - dq_unified - INFO - Added 1 audit logs to results
2025-12-31 23:00:02,395 - dq_unified - INFO - Analysis completed successfully for CSV: 20251231_225829_source_data_90k.csv
2025-12-31 23:00:02,396 - dq_unified - INFO - Final quality score: 92.46%
2025-12-31 23:00:02,547 - dq_error_log - INFO - Retrieved 200 error logs for session SINGLE_20251231_225830
2025-12-31 23:00:02,719 - dq_error_log - INFO - Retrieved summary: 16011 total errors for session SINGLE_20251231_225830
2025-12-31 23:00:02,733 - dq_audit - INFO - Retrieved 1 audit logs for session SINGLE_20251231_225830
2025-12-31 23:00:02,734 - __main__ - INFO - Analysis completed for session SINGLE_20251231_225830
2025-12-31 23:00:02,855 - __main__ - INFO - Completed with status 200 in 93.458s
2025-12-31 23:02:14,734 - __main__ - INFO - POST /api/database-hierarchy - Request started
2025-12-31 23:02:14,735 - __main__ - INFO - Getting database hierarchy for mysql
2025-12-31 23:02:14,736 - __main__ - INFO - Database: Not provided
2025-12-31 23:02:14,737 - __main__ - INFO - Schema: Not provided
2025-12-31 23:02:14,738 - database_navigator - INFO - DatabaseNavigator initialized
2025-12-31 23:02:14,738 - __main__ - INFO - Connecting with config: {'host': 'localhost', 'port': 3306, 'user': 'root', 'password': 'root'}
2025-12-31 23:02:14,740 - database_navigator - INFO - Connecting to MYSQL...
2025-12-31 23:02:14,753 - database_navigator - INFO - Successfully connected to MYSQL!
2025-12-31 23:02:14,754 - __main__ - INFO - Getting databases list...
2025-12-31 23:02:14,759 - database_navigator - INFO - Found 13 databases
2025-12-31 23:02:14,759 - __main__ - INFO - Found 13 databases
2025-12-31 23:02:14,760 - __main__ - INFO - Completed with status 200 in 0.026s
2025-12-31 23:02:17,993 - __main__ - INFO - POST /api/database-hierarchy - Request started
2025-12-31 23:02:17,994 - __main__ - INFO - Getting database hierarchy for mysql
2025-12-31 23:02:17,996 - __main__ - INFO - Database: dq_checks
2025-12-31 23:02:17,998 - __main__ - INFO - Schema: Not provided
2025-12-31 23:02:17,999 - database_navigator - INFO - DatabaseNavigator initialized
2025-12-31 23:02:18,000 - __main__ - INFO - Connecting with config: {'host': 'localhost', 'port': 3306, 'user': 'root', 'password': 'root'}
2025-12-31 23:02:18,001 - database_navigator - INFO - Connecting to MYSQL...
2025-12-31 23:02:18,013 - database_navigator - INFO - Successfully connected to MYSQL!
2025-12-31 23:02:18,014 - __main__ - INFO - Getting schemas for database: dq_checks
2025-12-31 23:02:18,015 - database_navigator - INFO - Found 1 schemas
2025-12-31 23:02:18,016 - __main__ - INFO - Found 1 schemas
2025-12-31 23:02:18,017 - __main__ - INFO - Completed with status 200 in 0.025s
2025-12-31 23:02:19,681 - __main__ - INFO - POST /api/database-hierarchy - Request started
2025-12-31 23:02:19,683 - __main__ - INFO - Getting database hierarchy for mysql
2025-12-31 23:02:19,685 - __main__ - INFO - Database: dq_checks
2025-12-31 23:02:19,685 - __main__ - INFO - Schema: dq_checks
2025-12-31 23:02:19,687 - database_navigator - INFO - DatabaseNavigator initialized
2025-12-31 23:02:19,689 - __main__ - INFO - Connecting with config: {'host': 'localhost', 'port': 3306, 'user': 'root', 'password': 'root'}
2025-12-31 23:02:19,691 - database_navigator - INFO - Connecting to MYSQL...
2025-12-31 23:02:19,703 - database_navigator - INFO - Successfully connected to MYSQL!
2025-12-31 23:02:19,704 - __main__ - INFO - Getting tables for database: dq_checks, schema: dq_checks
2025-12-31 23:02:19,709 - database_navigator - INFO - Found 6 tables in schema 'dq_checks'
2025-12-31 23:02:19,710 - __main__ - INFO - Found 6 tables
2025-12-31 23:02:19,712 - __main__ - INFO - Completed with status 200 in 0.030s
2025-12-31 23:02:24,725 - __main__ - INFO - POST /api/check-single - Request started
2025-12-31 23:02:24,727 - __main__ - INFO - Single source analysis request received
2025-12-31 23:02:24,728 - __main__ - INFO - Starting analysis for session SINGLE_20251231_230224_588195cb
2025-12-31 23:02:24,730 - __main__ - INFO - UI Data being passed to dq_unified:
2025-12-31 23:02:24,730 - __main__ - INFO -   source_type: database
2025-12-31 23:02:24,731 - __main__ - INFO -   db_config: {'type': 'mysql', 'host': 'localhost', 'port': 3306, 'database': 'dq_checks', 'schema': 'dq_checks', 'table': 'employee', 'user': 'root', 'password': 'root'}
2025-12-31 23:02:24,732 - __main__ - INFO -   mandatory_fields: None
2025-12-31 23:02:24,732 - dq_unified - INFO - ==================================================
2025-12-31 23:02:24,733 - dq_unified - INFO - RUN_SINGLE_SOURCE_ANALYSIS_UI - START
2025-12-31 23:02:24,733 - dq_unified - INFO - Prompting user for data source type
2025-12-31 23:02:24,734 - dq_unified - INFO - UI Data source_type: database
2025-12-31 23:02:24,734 - dq_unified - INFO - Using source_type from UI data: database
2025-12-31 23:02:24,735 - dq_unified - INFO - Loading data from DATABASE...
2025-12-31 23:02:24,735 - dq_unified - INFO - Loading data from DATABASE
2025-12-31 23:02:24,736 - dq_unified - INFO - Loading large database table: employee
2025-12-31 23:02:24,736 - dq_unified - INFO - Normalized DB config with schema: dq_checks
2025-12-31 23:02:24,816 - dq_unified - INFO - MySQL table employee has 89,999 rows
2025-12-31 23:02:24,816 - dq_unified - INFO - Loading 89,999 rows from MySQL...
2025-12-31 23:02:26,339 - dq_unified - INFO - Loaded 89,999 rows from MySQL
2025-12-31 23:02:27,391 - dq_unified - INFO - Memory optimization: 60.7MB -> 25.7MB (Saved: 35.0MB)
2025-12-31 23:02:27,391 - dq_unified - INFO - Standardizing data types...
2025-12-31 23:02:28,621 - dq_unified - INFO - Data type standardization complete
2025-12-31 23:02:28,728 - dq_unified - INFO - Loaded 89,999 rows, 12 columns. Memory: 206.6MB total, 18.9MB for dataframe
2025-12-31 23:02:28,729 - dq_unified - INFO - Data loaded: 89,999 rows, 12 columns
2025-12-31 23:02:28,730 - dq_error_log - INFO - ErrorLogger initialized with database: dq_checks
2025-12-31 23:02:28,731 - dq_unified - INFO - Session ID: SINGLE_20251231_230228
2025-12-31 23:02:28,732 - dq_unified - INFO - ==================================================
2025-12-31 23:02:28,733 - dq_unified - INFO - Starting quality checks...
2025-12-31 23:02:28,734 - dq_unified - INFO - ==================================================
2025-12-31 23:02:28,734 - dq_unified - INFO - 1. Checking for null/empty values...
2025-12-31 23:02:28,735 - dq_unified - INFO - Checking for null/empty values
2025-12-31 23:02:28,736 - dq_unified - INFO - DataFrame shape: (89999, 12)
2025-12-31 23:02:28,737 - dq_unified - INFO - Columns: ['id', 'customer_id', 'transaction_id', 'customer_name', 'email', 'phone', 'transaction_date', 'amount', 'quantity', 'age', 'status', 'description']
2025-12-31 23:02:28,738 - dq_unified - INFO - Data source: Database: mysql - Table: employee
2025-12-31 23:02:28,741 - dq_unified - INFO - DataFrame dtypes: {'id': dtype('int64'), 'customer_id': dtype('O'), 'transaction_id': dtype('O'), 'customer_name': CategoricalDtype(categories=['                     Michael Smith', '      Susan Miller',
                  '  Michael Davis  ', 'David Brown', 'David Brown  ',
                  'David Davis', 'David Davis  ', 'David Johnson',
                  'David Johnson  ', 'David Jones',
                  ...
                  'William Johnson', 'William Johnson  ', 'William Jones',
                  'William Jones  ', 'William Miller', 'William Miller  ',
                  'William Smith', 'William Smith  ', 'William Williams',
                  'William Williams  '],
, ordered=False, categories_dtype=object), 'email': CategoricalDtype(categories=['                             robert.johnson@outlook.com',
                  'Jennifer.johnson@hotmail', 'david.brown.company.com',
                  'david.brown@company.com', 'david.brown@gmail.com',
                  'david.brown@hotmail.com', 'david.brown@invalid',
                  'david.brown@outlook.com', 'david.brown@yahoo.com',
                  'david.davis.company.com',
                  ...
                  'william.smith@invalid', 'william.smith@outlook.com',
                  'william.smith@yahoo.com', 'william.williams.company.com',
                  'william.williams@company.com', 'william.williams@gmail.com',
                  'william.williams@hotmail.com', 'william.williams@invalid',
                  'william.williams@outlook.com',
                  'william.williams@yahoo.com'],
, ordered=False, categories_dtype=object), 'phone': dtype('O'), 'transaction_date': CategoricalDtype(categories=['01-01-2023', '01-01-2024', '01-02-2023', '01-03-2023',
                  '01-04-2023', '01-05-2023', '01-06-2023', '01-07-2023',
                  '01-08-2023', '01-09-2023',
                  ...
                  '30-11-2023', '30-12-2023', '31-01-2023', '31-03-2023',
                  '31-05-2023', '31-07-2023', '31-08-2023', '31-10-2023',
                  '31-12-2023', 'July 5th, 2023'],
, ordered=False, categories_dtype=object), 'amount': dtype('float64'), 'quantity': dtype('int64'), 'age': dtype('int64'), 'status': CategoricalDtype(categories=['ACTIVE', 'CANCELLED', 'COMPLETED', 'INACTIVE', 'PENDING'], ordered=False, categories_dtype=object), 'description': CategoricalDtype(categories=['  Text with leading spaces', 'Normal text without issues',
                  'Text with\ttabs', 'Text with\nnewlines',
                  'Text with  multiple   spaces', 'Text with - dashes',
                  'Text with mixed CAPITAL and lowercase',
                  'Text with trailing spaces  ', 'Text with! exclamations',
                  'Text with"quotes"', 'Text with#hashtags',
                  'Text with$dollar signs',
                  'Text with$dollar signs                       ',
                  'Text with%percent signs', 'Text with& ampersands',
                  'Text with'apostrophes', 'Text with(parentheses)',
                  'Text with*asterisks', 'Text with, commas',
                  'Text with. periods', 'Text with/slashes',
                  'Text with; semicolons', 'Text with<angle brackets>',
                  'Text with? questions', 'Text with@at signs',
                  'Text with[brackets]', 'Text with\backslashes',
                  'Text with_underscores', 'Text with`backticks',
                  'Text with{braces}', 'Text with|pipes', 'Text with~tildes'],
, ordered=False, categories_dtype=object)}
2025-12-31 23:02:28,742 - dq_unified - INFO - First 2 rows (first 3 columns only):
2025-12-31 23:02:28,744 - dq_unified - INFO -   Row 0: {'id': 'np.int64(78303)', 'customer_id': "'CUST078303'", 'transaction_id': "'TX00078303'"}
2025-12-31 23:02:28,747 - dq_unified - INFO -   Row 1: {'id': 'np.int64(66465)', 'customer_id': "'CUST066465'", 'transaction_id': "'TX00066465'"}
2025-12-31 23:02:29,384 - dq_unified - INFO - Column 'id': No missing cells
2025-12-31 23:02:30,116 - dq_unified - INFO - Column 'customer_id': No missing cells
2025-12-31 23:02:30,909 - dq_unified - INFO - Column 'transaction_id': No missing cells
2025-12-31 23:02:31,429 - dq_unified - INFO -   Missing samples: ['nan', 'nan', 'nan']
2025-12-31 23:02:31,430 - dq_unified - INFO -   Not missing samples: ["'  Michael Davis  '", "'Susan Brown'", "'Sarah Davis'"]
2025-12-31 23:02:31,431 - dq_unified - WARNING - Column 'customer_name': 3,510 missing cells (3.9%)
2025-12-31 23:02:31,432 - dq_unified - WARNING - Column 'customer_name': 3,510 missing cells (3.9%)
2025-12-31 23:02:54,315 - dq_error_log - INFO - Starting batch logging for 3510 errors, session: SINGLE_20251231_230228
2025-12-31 23:02:54,366 - dq_error_log - INFO - Batch 1: Successfully logged 500 errors
2025-12-31 23:02:54,412 - dq_error_log - INFO - Batch 2: Successfully logged 500 errors
2025-12-31 23:02:54,459 - dq_error_log - INFO - Batch 3: Successfully logged 500 errors
2025-12-31 23:02:54,502 - dq_error_log - INFO - Batch 4: Successfully logged 500 errors
2025-12-31 23:02:54,545 - dq_error_log - INFO - Batch 5: Successfully logged 500 errors
2025-12-31 23:02:54,589 - dq_error_log - INFO - Batch 6: Successfully logged 500 errors
2025-12-31 23:02:54,625 - dq_error_log - INFO - Batch 7: Successfully logged 500 errors
2025-12-31 23:02:54,637 - dq_error_log - INFO - Batch 8: Successfully logged 10 errors
2025-12-31 23:02:54,637 - dq_error_log - INFO - Progress: 3510/3510 errors processed
2025-12-31 23:02:54,638 - dq_error_log - INFO - COMPLETE: Logged 3510/3510 errors for session SINGLE_20251231_230228
2025-12-31 23:02:55,130 - dq_unified - INFO -   Missing samples: ['nan', 'nan', 'nan']
2025-12-31 23:02:55,130 - dq_unified - INFO -   Not missing samples: ["'david.jones@company'", "'duplicate.email@gmail.com'", "'Jennifer.johnson@hotmail'"]
2025-12-31 23:02:55,131 - dq_unified - WARNING - Column 'email': 1,517 missing cells (1.7%)
2025-12-31 23:02:55,132 - dq_unified - WARNING - Column 'email': 1,517 missing cells (1.7%)
2025-12-31 23:03:06,795 - dq_error_log - INFO - Starting batch logging for 1517 errors, session: SINGLE_20251231_230228
2025-12-31 23:03:06,834 - dq_error_log - INFO - Batch 1: Successfully logged 500 errors
2025-12-31 23:03:06,873 - dq_error_log - INFO - Batch 2: Successfully logged 500 errors
2025-12-31 23:03:06,909 - dq_error_log - INFO - Batch 3: Successfully logged 500 errors
2025-12-31 23:03:06,923 - dq_error_log - INFO - Batch 4: Successfully logged 17 errors
2025-12-31 23:03:06,923 - dq_error_log - INFO - Progress: 1517/1517 errors processed
2025-12-31 23:03:06,924 - dq_error_log - INFO - COMPLETE: Logged 1517/1517 errors for session SINGLE_20251231_230228
2025-12-31 23:03:07,452 - dq_unified - INFO -   Missing samples: ['None', 'None', 'None']
2025-12-31 23:03:07,453 - dq_unified - INFO -   Not missing samples: ["'212-127-8383'", "'1212392873A'", "'2125-982-408'"]
2025-12-31 23:03:07,453 - dq_unified - WARNING - Column 'phone': 1,282 missing cells (1.4%)
2025-12-31 23:03:07,454 - dq_unified - WARNING - Column 'phone': 1,282 missing cells (1.4%)
2025-12-31 23:03:14,127 - dq_error_log - INFO - Starting batch logging for 1282 errors, session: SINGLE_20251231_230228
2025-12-31 23:03:14,174 - dq_error_log - INFO - Batch 1: Successfully logged 500 errors
2025-12-31 23:03:14,212 - dq_error_log - INFO - Batch 2: Successfully logged 500 errors
2025-12-31 23:03:14,240 - dq_error_log - INFO - Batch 3: Successfully logged 282 errors
2025-12-31 23:03:14,241 - dq_error_log - INFO - Progress: 1282/1282 errors processed
2025-12-31 23:03:14,243 - dq_error_log - INFO - COMPLETE: Logged 1282/1282 errors for session SINGLE_20251231_230228
2025-12-31 23:03:14,667 - dq_unified - INFO - Column 'transaction_date': No missing cells
2025-12-31 23:03:15,115 - dq_unified - INFO -   Missing samples: ['nan', 'nan', 'nan']
2025-12-31 23:03:15,115 - dq_unified - INFO -   Not missing samples: ['9999999.99', '1948.44', '237.49']
2025-12-31 23:03:15,116 - dq_unified - WARNING - Column 'amount': 1,134 missing cells (1.3%)
2025-12-31 23:03:15,116 - dq_unified - WARNING - Column 'amount': 1,134 missing cells (1.3%)
2025-12-31 23:03:20,820 - dq_error_log - INFO - Starting batch logging for 1134 errors, session: SINGLE_20251231_230228
2025-12-31 23:03:20,857 - dq_error_log - INFO - Batch 1: Successfully logged 500 errors
2025-12-31 23:03:20,900 - dq_error_log - INFO - Batch 2: Successfully logged 500 errors
2025-12-31 23:03:20,926 - dq_error_log - INFO - Batch 3: Successfully logged 134 errors
2025-12-31 23:03:20,927 - dq_error_log - INFO - Progress: 1134/1134 errors processed
2025-12-31 23:03:20,927 - dq_error_log - INFO - COMPLETE: Logged 1134/1134 errors for session SINGLE_20251231_230228
2025-12-31 23:03:21,322 - dq_unified - INFO - Column 'quantity': No missing cells
2025-12-31 23:03:21,680 - dq_unified - INFO - Column 'age': No missing cells
2025-12-31 23:03:22,116 - dq_unified - INFO - Column 'status': No missing cells
2025-12-31 23:03:22,579 - dq_unified - INFO - Column 'description': No missing cells
2025-12-31 23:03:22,580 - dq_unified - INFO - Total missing cells found: 7,443
2025-12-31 23:03:22,580 - dq_unified - INFO - === Analyzing MySQL database ===
2025-12-31 23:03:22,581 - dq_unified - INFO - First column 'id' samples: ['78303', '66465', '93228']
2025-12-31 23:03:22,582 - dq_unified - INFO - ============================================================
2025-12-31 23:03:22,582 - dq_unified - INFO - MISSING VALUE SUMMARY
2025-12-31 23:03:22,583 - dq_unified - INFO - ============================================================
2025-12-31 23:03:22,584 - dq_unified - INFO - customer_name: 3,510 missing (3.9%)
2025-12-31 23:03:22,585 - dq_unified - INFO - email: 1,517 missing (1.7%)
2025-12-31 23:03:22,586 - dq_unified - INFO - phone: 1,282 missing (1.4%)
2025-12-31 23:03:22,586 - dq_unified - INFO - amount: 1,134 missing (1.3%)
2025-12-31 23:03:22,587 - dq_unified - INFO - ============================================================
2025-12-31 23:03:22,588 - dq_unified - INFO -    Found 7,443 empty cells
2025-12-31 23:03:22,589 - dq_unified - INFO - 2. Checking for duplicate rows...
2025-12-31 23:03:22,590 - dq_unified - INFO - Checking for duplicate rows
2025-12-31 23:03:22,590 - dq_unified - INFO - Cleaning data (removing whitespace)...
2025-12-31 23:03:22,599 - dq_unified - INFO - Columns after cleaning: ['id', 'customer_id', 'transaction_id', 'customer_name', 'email', 'phone', 'transaction_date', 'amount', 'quantity', 'age', 'status', 'description']
2025-12-31 23:03:23,906 - dq_unified - INFO - Sample of first column after cleaning: '78303'
2025-12-31 23:03:23,907 - dq_unified - INFO - Sample of row 6 first column: '19261'
2025-12-31 23:03:23,907 - dq_unified - INFO - Total rows to check: 89999
2025-12-31 23:03:23,908 - dq_unified - INFO - Checking first column 'id' for serial numbers
2025-12-31 23:03:23,909 - dq_unified - INFO - First 5 values: ['78303', '66465', '93228', '1748', '80005']
2025-12-31 23:03:23,909 - dq_unified - INFO -   Row 1: '78303' → 78303.0 (numeric)
2025-12-31 23:03:23,909 - dq_unified - INFO -   Row 2: '66465' → 66465.0 (numeric)
2025-12-31 23:03:23,911 - dq_unified - INFO -   Row 3: '93228' → 93228.0 (numeric)
2025-12-31 23:03:23,912 - dq_unified - INFO - First column values not sequential: [78303.0, 66465.0, 93228.0]
2025-12-31 23:03:23,913 - dq_unified - INFO - Checking duplicates on ALL columns
2025-12-31 23:03:23,914 - dq_unified - INFO - First few rows for comparison:
2025-12-31 23:03:23,915 - dq_unified - INFO -   Row 0: {'id': '78303', 'customer_id': 'CUST078303', 'transaction_id': 'TX00078303'}
2025-12-31 23:03:23,916 - dq_unified - INFO -   Row 1: {'id': '66465', 'customer_id': 'CUST066465', 'transaction_id': 'TX00066465'}
2025-12-31 23:03:23,916 - dq_unified - INFO -   Row 2: {'id': '93228', 'customer_id': 'CUST078303', 'transaction_id': 'TX00093228'}
2025-12-31 23:03:24,059 - dq_unified - INFO - Duplicate mask found 406 rows
2025-12-31 23:03:24,060 - dq_unified - INFO - Found 406 potential duplicate rows
2025-12-31 23:03:24,103 - dq_unified - INFO - Unique duplicate groups: 203
2025-12-31 23:03:24,103 - dq_unified - INFO - Duplicate groups found:
2025-12-31 23:03:24,105 - dq_unified - INFO -   Group sample: Pandas(Index=167, id='42732', customer_id='CUST042732', transaction_id='TX00042732', customer_name='William Davis', email='james.miller@gmail.com', phone='12127948623', transaction_date='20-01-2023', amount='7954.53', quantity='60', age='64', status='PENDING', description='Text with trailing spaces')
2025-12-31 23:03:24,105 - dq_unified - INFO -   Group sample: Pandas(Index=381, id='34440', customer_id='CUST034440', transaction_id='TX00034440', customer_name='William Miller', email='nan', phone='None', transaction_date='05-09-2023', amount='1954.43', quantity='64', age='75', status='CANCELLED', description='Text with. periods')
2025-12-31 23:03:24,107 - dq_unified - INFO -   Group sample: Pandas(Index=637, id='58427', customer_id='CUST058427', transaction_id='TX00058427', customer_name='Richard Brown', email='jennifer.johnson@gmail.com', phone='2124608202', transaction_date='29-09-2023', amount='9156.7', quantity='69', age='45', status='PENDING', description='Text with multiple spaces')
2025-12-31 23:03:24,107 - dq_unified - INFO - Processing 406 duplicate indices
2025-12-31 23:03:24,131 - dq_unified - INFO - FINAL RESULT: Found 406 duplicate groups
2025-12-31 23:03:24,132 - dq_error_log - INFO - Starting batch logging for 406 errors, session: SINGLE_20251231_230228
2025-12-31 23:03:24,169 - dq_error_log - INFO - Batch 1: Successfully logged 406 errors
2025-12-31 23:03:24,169 - dq_error_log - INFO - Progress: 406/406 errors processed
2025-12-31 23:03:24,170 - dq_error_log - INFO - COMPLETE: Logged 406/406 errors for session SINGLE_20251231_230228
2025-12-31 23:03:24,184 - dq_unified - INFO -    Found 406 duplicate rows
2025-12-31 23:03:24,185 - dq_unified - INFO - 3. Checking data formats...
2025-12-31 23:03:24,185 - dq_unified - INFO - Checking data formats
2025-12-31 23:03:24,188 - dq_unified - INFO - Detected id as numeric type
2025-12-31 23:03:24,414 - dq_unified - INFO - Detected email as email type
2025-12-31 23:03:24,417 - dq_unified - WARNING -   Row 1: 'david.jones@company...' doesn't match Valid email format (user@domain.com)
2025-12-31 23:03:24,417 - dq_unified - WARNING -   Row 4: 'Jennifer.johnson@hotmail...' doesn't match Valid email format (user@domain.com)
2025-12-31 23:03:24,418 - dq_unified - WARNING -   Row 38: 'lisa.miller_outlook.com...' doesn't match Valid email format (user@domain.com)
2025-12-31 23:03:24,419 - dq_unified - WARNING -   Row 223: 'richard.miller.company.com...' doesn't match Valid email format (user@domain.com)
2025-12-31 23:03:24,421 - dq_unified - WARNING -   Row 311: 'james.miller@invalid...' doesn't match Valid email format (user@domain.com)
2025-12-31 23:03:24,654 - dq_unified - INFO - Detected phone as phone type
2025-12-31 23:03:24,867 - dq_unified - INFO - Detected transaction_date as date type
2025-12-31 23:03:25,212 - dq_unified - INFO -   Date format check for transaction_date: Consistent=False, Format=['DD-MM-YYYY or MM-DD-YYYY', 'invalid_date', 'MM/DD/YYYY', 'YYYY-MM-DD']
2025-12-31 23:03:25,212 - dq_unified - WARNING -   transaction_date: Inconsistent date formats: ['DD-MM-YYYY or MM-DD-YYYY', 'invalid_date', 'MM/DD/YYYY', 'YYYY-MM-DD']
2025-12-31 23:03:25,214 - dq_unified - WARNING -     Invalid date format: July 5th, 2023
2025-12-31 23:03:25,569 - dq_unified - INFO - Detected amount as numeric type
2025-12-31 23:03:25,763 - dq_unified - INFO - Detected quantity as numeric type
2025-12-31 23:03:25,955 - dq_unified - INFO - Detected age as numeric type
2025-12-31 23:03:26,693 - dq_unified - INFO - Total format issues found: 733
2025-12-31 23:03:26,695 - dq_error_log - INFO - Starting batch logging for 733 errors, session: SINGLE_20251231_230228
2025-12-31 23:03:26,743 - dq_error_log - INFO - Batch 1: Successfully logged 500 errors
2025-12-31 23:03:26,775 - dq_error_log - INFO - Batch 2: Successfully logged 233 errors
2025-12-31 23:03:26,776 - dq_error_log - INFO - Progress: 733/733 errors processed
2025-12-31 23:03:26,777 - dq_error_log - INFO - COMPLETE: Logged 733/733 errors for session SINGLE_20251231_230228
2025-12-31 23:03:26,778 - dq_unified - INFO -    Found 733 format issues
2025-12-31 23:03:26,779 - dq_unified - INFO - 4. Checking mandatory fields...
2025-12-31 23:03:26,780 - dq_unified - INFO - Checking mandatory fields
2025-12-31 23:03:26,780 - dq_unified - INFO - Available columns: ['id', 'customer_id', 'transaction_id', 'customer_name', 'email', 'phone', 'transaction_date', 'amount', 'quantity', 'age', 'status', 'description']
2025-12-31 23:03:26,782 - dq_unified - INFO - Mandatory field check completed: 0 columns with issues, 0 total missing values
2025-12-31 23:03:26,782 - dq_unified - INFO -    Found 0 missing mandatory values
2025-12-31 23:03:26,783 - dq_unified - INFO - 5. Calculating quality score...
2025-12-31 23:03:26,783 - dq_unified - INFO - Calculating quality score
2025-12-31 23:03:26,787 - dq_unified - INFO - Quality Score Calculation:
2025-12-31 23:03:26,787 - dq_unified - INFO -   Total rows: 89,999
2025-12-31 23:03:26,788 - dq_unified - INFO -   Bad Rows: 6,788
2025-12-31 23:03:26,789 - dq_unified - INFO -   Good rows (no issues): 83,211
2025-12-31 23:03:26,789 - dq_unified - INFO -   Quality Score: 92.46%
2025-12-31 23:03:26,856 - dq_error_log - INFO - Retrieved 200 error logs for session SINGLE_20251231_230228
2025-12-31 23:03:26,906 - dq_error_log - INFO - Retrieved summary: 8582 total errors for session SINGLE_20251231_230228
2025-12-31 23:03:26,907 - dq_unified - INFO - Added 200 error logs to results
2025-12-31 23:03:26,908 - dq_audit - INFO - Audit class initialized with database: dq_checks
2025-12-31 23:03:26,908 - dq_audit - INFO - Starting database insertion for single_source...
2025-12-31 23:03:26,922 - dq_audit - INFO - Inserted single_source record with ID: 502
2025-12-31 23:03:26,934 - dq_audit - INFO - Retrieved 1 audit logs for session SINGLE_20251231_230228
2025-12-31 23:03:26,935 - dq_unified - INFO - Added 1 audit logs to results
2025-12-31 23:03:26,935 - dq_unified - INFO - Analysis completed successfully for Database: mysql - Table: employee
2025-12-31 23:03:26,936 - dq_unified - INFO - Final quality score: 92.46%
2025-12-31 23:03:27,019 - dq_error_log - INFO - Retrieved 200 error logs for session SINGLE_20251231_230228
2025-12-31 23:03:27,068 - dq_error_log - INFO - Retrieved summary: 8582 total errors for session SINGLE_20251231_230228
2025-12-31 23:03:27,081 - dq_audit - INFO - Retrieved 1 audit logs for session SINGLE_20251231_230228
2025-12-31 23:03:27,082 - __main__ - INFO - Analysis completed for session SINGLE_20251231_230228
2025-12-31 23:03:27,173 - __main__ - INFO - Completed with status 200 in 62.448s
2025-12-31 23:04:40,872 - __main__ - INFO - POST /api/database-hierarchy - Request started
2025-12-31 23:04:40,874 - __main__ - INFO - Getting database hierarchy for oracle
2025-12-31 23:04:40,876 - __main__ - INFO - Database: Not provided
2025-12-31 23:04:40,878 - __main__ - INFO - Schema: Not provided
2025-12-31 23:04:40,879 - database_navigator - INFO - DatabaseNavigator initialized
2025-12-31 23:04:40,879 - __main__ - INFO - Connecting with config: {'host': 'localhost`', 'port': 1521, 'user': 'system', 'password': 'manager'}
2025-12-31 23:04:40,881 - database_navigator - INFO - Connecting to ORACLE...
2025-12-31 23:04:40,882 - database_navigator - ERROR - Connection failed: 'service_name'
2025-12-31 23:04:40,883 - __main__ - INFO - Completed with status 500 in 0.010s
