2025-12-23 15:21:42,907 - __main__ - INFO - 🌐 API Server Logging Initialized
2025-12-23 15:21:42,908 - __main__ - INFO - 📝 Logs saved to: logs/dq_api_20251223_152142.log
2025-12-23 15:21:43,125 - __main__ - INFO - APP_SETTINGS loaded. Audit enabled: True
2025-12-23 15:21:43,126 - __main__ - INFO - ✅ All DQ modules loaded successfully
2025-12-23 15:21:43,129 - dq_error_log - INFO - ErrorLogger initialized with database: dq_checks
2025-12-23 15:21:43,130 - dq_audit - INFO - Audit class initialized with database: dq_checks
2025-12-23 15:21:43,132 - __main__ - INFO - ✅ ErrorLogger and DataQualityAudit initialized
2025-12-23 15:21:43,140 - __main__ - INFO - 🚀 Starting Data Quality Framework API
2025-12-23 15:21:43,141 - __main__ - INFO - 📊 Modules available: True
2025-12-23 15:21:43,142 - __main__ - INFO - 🔧 Config file mode: False
2025-12-23 15:21:43,144 - __main__ - INFO - 📋 Available endpoints:
2025-12-23 15:21:43,145 - __main__ - INFO -   GET  /              - API status
2025-12-23 15:21:43,146 - __main__ - INFO -   GET  /api/health    - Health check
2025-12-23 15:21:43,148 - __main__ - INFO -   POST /api/check-single - Single source analysis
2025-12-23 15:21:43,149 - __main__ - INFO -   POST /api/compare   - Source-target comparison
2025-12-23 15:21:43,149 - __main__ - INFO -   POST /api/upload    - File upload
2025-12-23 15:21:43,150 - __main__ - INFO -   GET  /api/sessions  - List sessions
2025-12-23 15:21:43,151 - __main__ - INFO -   GET  /api/sessions/<id> - Get session data
2025-12-23 15:21:43,153 - __main__ - INFO -   GET  /api/debug-db  - Database debug
2025-12-23 15:21:43,154 - __main__ - INFO - 🌍 Server starting on 0.0.0.0:5000 (debug=False)
2025-12-23 15:21:56,409 - __main__ - INFO - GET /api/health - Request started
2025-12-23 15:21:56,411 - __main__ - INFO - Completed with status 200 in 0.001s
2025-12-23 15:21:58,724 - __main__ - INFO - POST /api/advanced - Request started
2025-12-23 15:21:58,728 - __main__ - WARNING - Not Found: 404 Not Found: The requested URL was not found on the server. If you entered the URL manually please check your spelling and try again.
2025-12-23 15:21:58,730 - __main__ - INFO - Completed with status 404 in 0.006s
2025-12-23 15:22:38,445 - __main__ - INFO - POST /api/advanced - Request started
2025-12-23 15:22:38,446 - __main__ - WARNING - Not Found: 404 Not Found: The requested URL was not found on the server. If you entered the URL manually please check your spelling and try again.
2025-12-23 15:22:38,447 - __main__ - INFO - Completed with status 404 in 0.002s
2025-12-23 15:22:45,113 - __main__ - INFO - POST /api/advanced - Request started
2025-12-23 15:22:45,114 - __main__ - WARNING - Not Found: 404 Not Found: The requested URL was not found on the server. If you entered the URL manually please check your spelling and try again.
2025-12-23 15:22:45,116 - __main__ - INFO - Completed with status 404 in 0.003s
