2025-12-27 17:23:48,792 - __main__ - INFO - 🌐 API Server Logging Initialized
2025-12-27 17:23:48,793 - __main__ - INFO - 📝 Logs saved to: logs/dq_api_20251227_172348.log
2025-12-27 17:23:48,950 - __main__ - INFO - APP_SETTINGS loaded. Audit enabled: True
2025-12-27 17:23:48,950 - __main__ - INFO - ✅ All DQ modules loaded successfully
2025-12-27 17:23:48,952 - dq_error_log - INFO - ErrorLogger initialized with database: dq_checks
2025-12-27 17:23:48,953 - dq_audit - INFO - Audit class initialized with database: dq_checks
2025-12-27 17:23:48,953 - __main__ - INFO - ✅ ErrorLogger and DataQualityAudit initialized
2025-12-27 17:23:48,960 - __main__ - INFO - 🚀 Starting Data Quality Framework API
2025-12-27 17:23:48,960 - __main__ - INFO - 📊 Modules available: True
2025-12-27 17:23:48,961 - __main__ - INFO - 🔧 Config file mode: False
2025-12-27 17:23:48,962 - __main__ - INFO - 📋 Available endpoints:
2025-12-27 17:23:48,962 - __main__ - INFO -   GET  /              - API status
2025-12-27 17:23:48,963 - __main__ - INFO -   GET  /api/health    - Health check
2025-12-27 17:23:48,964 - __main__ - INFO -   POST /api/check-single - Single source analysis
2025-12-27 17:23:48,965 - __main__ - INFO -   POST /api/compare   - Source-target comparison
2025-12-27 17:23:48,966 - __main__ - INFO -   POST /api/upload    - File upload
2025-12-27 17:23:48,966 - __main__ - INFO -   GET  /api/sessions  - List sessions
2025-12-27 17:23:48,967 - __main__ - INFO -   GET  /api/sessions/<id> - Get session data
2025-12-27 17:23:48,968 - __main__ - INFO -   GET  /api/debug-db  - Database debug
2025-12-27 17:23:48,968 - __main__ - INFO - 🌍 Server starting on 0.0.0.0:5000 (debug=False)
2025-12-27 17:23:57,672 - __main__ - INFO - GET /api/health - Request started
2025-12-27 17:23:57,673 - __main__ - INFO - Completed with status 200 in 0.001s
2025-12-27 17:23:59,733 - __main__ - INFO - POST /api/check-single - Request started
2025-12-27 17:23:59,734 - __main__ - INFO - Single source analysis request received
2025-12-27 17:23:59,735 - __main__ - INFO - Starting analysis for session SINGLE_20251227_172359_2b551254
2025-12-27 17:23:59,735 - __main__ - INFO - UI Data being passed to dq_unified:
2025-12-27 17:23:59,736 - __main__ - INFO -   source_type: csv
2025-12-27 17:23:59,736 - __main__ - INFO -   file_path: C:/Users/003160/OneDrive - wisseninfotech.com/Documents/DQ-Checks-Shashi/Test_data/sample_data.csv
2025-12-27 17:23:59,737 - __main__ - INFO -   sheet_name: None
2025-12-27 17:23:59,738 - __main__ - INFO -   mandatory_fields: all
2025-12-27 17:23:59,739 - dq_unified - INFO - ==================================================
2025-12-27 17:23:59,740 - dq_unified - INFO - RUN_SINGLE_SOURCE_ANALYSIS_UI - START
2025-12-27 17:23:59,740 - dq_unified - INFO - Prompting user for data source type
2025-12-27 17:23:59,741 - dq_unified - INFO - UI Data source_type: csv
2025-12-27 17:23:59,742 - dq_unified - INFO - Using source_type from UI data: csv
2025-12-27 17:23:59,742 - dq_unified - INFO - Loading data from CSV...
2025-12-27 17:23:59,743 - dq_unified - INFO - Loading data from CSV
2025-12-27 17:23:59,743 - dq_unified - INFO - Loading large CSV: C:/Users/003160/OneDrive - wisseninfotech.com/Documents/DQ-Checks-Shashi/Test_data/sample_data.csv
2025-12-27 17:23:59,746 - dq_unified - INFO - CSV file has 15 rows
2025-12-27 17:23:59,747 - dq_unified - INFO - Loading 15 rows from CSV...
2025-12-27 17:23:59,756 - dq_unified - INFO - Loaded 15 rows from CSV
2025-12-27 17:23:59,759 - dq_unified - INFO - Memory optimization: 0.0MB -> 0.0MB (Saved: 0.0MB)
2025-12-27 17:23:59,761 - dq_unified - INFO - Loaded 15 rows, 10 columns. Memory: 99.2MB total, 0.0MB for dataframe
2025-12-27 17:23:59,761 - dq_unified - INFO - Data loaded: 15 rows, 10 columns
2025-12-27 17:23:59,762 - dq_error_log - INFO - ErrorLogger initialized with database: dq_checks
2025-12-27 17:23:59,762 - dq_unified - INFO - Session ID: SINGLE_20251227_172359
2025-12-27 17:23:59,763 - dq_unified - INFO - ==================================================
2025-12-27 17:23:59,764 - dq_unified - INFO - Starting quality checks...
2025-12-27 17:23:59,765 - dq_unified - INFO - ==================================================
2025-12-27 17:23:59,766 - dq_unified - INFO - 1. Checking for null/empty values...
2025-12-27 17:23:59,766 - dq_unified - INFO - Checking for null/empty values
2025-12-27 17:23:59,767 - dq_unified - WARNING - Column 'CustomerName': 1 empty cells (6.7%)
2025-12-27 17:23:59,862 - dq_error_log - INFO - Batch logged 1 errors for session SINGLE_20251227_172359
2025-12-27 17:23:59,863 - dq_unified - WARNING - Column 'Email': 1 empty cells (6.7%)
2025-12-27 17:23:59,876 - dq_error_log - INFO - Batch logged 1 errors for session SINGLE_20251227_172359
2025-12-27 17:23:59,877 - dq_unified - INFO - Column 'Phone': No empty cells
2025-12-27 17:23:59,878 - dq_unified - WARNING - Column 'Salary': 2 empty cells (13.3%)
2025-12-27 17:23:59,889 - dq_error_log - INFO - Batch logged 2 errors for session SINGLE_20251227_172359
2025-12-27 17:23:59,890 - dq_unified - WARNING - Column 'Department': 1 empty cells (6.7%)
2025-12-27 17:23:59,903 - dq_error_log - INFO - Batch logged 1 errors for session SINGLE_20251227_172359
2025-12-27 17:23:59,905 - dq_unified - INFO - Column 'JoinDate': No empty cells
2025-12-27 17:23:59,906 - dq_unified - INFO - Column 'PostalCode': No empty cells
2025-12-27 17:23:59,908 - dq_unified - INFO - Column 'City': No empty cells
2025-12-27 17:23:59,909 - dq_unified - INFO - Column 'Country': No empty cells
2025-12-27 17:23:59,911 - dq_unified - WARNING - Column 'State': 1 empty cells (6.7%)
2025-12-27 17:23:59,925 - dq_error_log - INFO - Batch logged 1 errors for session SINGLE_20251227_172359
2025-12-27 17:23:59,926 - dq_unified - INFO - Total empty cells found: 6
2025-12-27 17:23:59,926 - dq_unified - INFO -    Found 6 empty cells
2025-12-27 17:23:59,927 - dq_unified - INFO - 2. Checking for duplicate rows...
2025-12-27 17:23:59,928 - dq_unified - INFO - Checking for duplicate rows
2025-12-27 17:23:59,928 - dq_unified - INFO - Cleaning data (removing whitespace)...
2025-12-27 17:23:59,930 - dq_unified - INFO - Columns after cleaning: ['CustomerName', 'Email', 'Phone', 'Salary', 'Department', 'JoinDate', 'PostalCode', 'City', 'Country', 'State']
2025-12-27 17:23:59,936 - dq_unified - INFO - Sample of first column after cleaning: 'John Doe'
2025-12-27 17:23:59,937 - dq_unified - INFO - Sample of row 6 first column: 'John Doe'
2025-12-27 17:23:59,938 - dq_unified - INFO - Total rows to check: 15
2025-12-27 17:23:59,938 - dq_unified - INFO - Checking first column 'CustomerName' for serial numbers
2025-12-27 17:23:59,939 - dq_unified - INFO - First 5 values: ['John Doe', 'Jane Smith', 'Bob Johnson', 'Alice Brown', 'Charlie Wilson']
2025-12-27 17:23:59,940 - dq_unified - INFO -   Row 1: 'John Doe' → Not numeric
2025-12-27 17:23:59,941 - dq_unified - INFO -   Row 2: 'Jane Smith' → Not numeric
2025-12-27 17:23:59,941 - dq_unified - INFO -   Row 3: 'Bob Johnson' → Not numeric
2025-12-27 17:23:59,942 - dq_unified - INFO - Not enough numeric values to be serial: []
2025-12-27 17:23:59,943 - dq_unified - INFO - Checking duplicates on ALL columns
2025-12-27 17:23:59,944 - dq_unified - INFO - First few rows for comparison:
2025-12-27 17:23:59,945 - dq_unified - INFO -   Row 0: {'CustomerName': 'John Doe', 'Email': 'john@email.com', 'Phone': '1234567890'}
2025-12-27 17:23:59,946 - dq_unified - INFO -   Row 1: {'CustomerName': 'Jane Smith', 'Email': 'jane@email.com', 'Phone': '9876543210'}
2025-12-27 17:23:59,947 - dq_unified - INFO -   Row 2: {'CustomerName': 'Bob Johnson', 'Email': 'nan', 'Phone': '5551234567'}
2025-12-27 17:23:59,951 - dq_unified - INFO - Duplicate mask found 2 rows
2025-12-27 17:23:59,952 - dq_unified - INFO - Found 2 potential duplicate rows
2025-12-27 17:23:59,953 - dq_unified - INFO - Unique duplicate groups: 1
2025-12-27 17:23:59,954 - dq_unified - INFO - Duplicate groups found:
2025-12-27 17:23:59,955 - dq_unified - INFO -   Group sample: Pandas(Index=0, CustomerName='John Doe', Email='john@email.com', Phone='1234567890', Salary='50000.0', Department='IT', JoinDate='15-01-2023', PostalCode='10001', City='New York', Country='USA', State='TS')
2025-12-27 17:23:59,956 - dq_unified - INFO - Processing 2 duplicate indices
2025-12-27 17:23:59,957 - dq_unified - INFO - FINAL RESULT: Found 2 duplicate groups
2025-12-27 17:23:59,972 - dq_error_log - INFO - Batch logged 2 errors for session SINGLE_20251227_172359
2025-12-27 17:23:59,973 - dq_unified - INFO -    Found 2 duplicate rows
2025-12-27 17:23:59,974 - dq_unified - INFO - 3. Checking data formats...
2025-12-27 17:23:59,974 - dq_unified - INFO - Checking data formats
2025-12-27 17:23:59,978 - dq_unified - INFO - Detected Email as email type
2025-12-27 17:23:59,978 - dq_unified - WARNING -   Row 9: 'invalid-email...' doesn't match Valid email format (user@domain.com)
2025-12-27 17:23:59,980 - dq_unified - INFO - Detected Phone as phone type
2025-12-27 17:23:59,981 - dq_unified - WARNING -   Row 14: '1112222...' doesn't match Valid phone number format
2025-12-27 17:23:59,982 - dq_unified - INFO - Detected Salary as numeric type
2025-12-27 17:23:59,985 - dq_unified - INFO - Detected JoinDate as date type
2025-12-27 17:23:59,985 - dq_unified - INFO -   Date format check for JoinDate: Consistent=True, Format=DD-MM-YYYY or MM-DD-YYYY
2025-12-27 17:23:59,987 - dq_unified - INFO - Detected PostalCode as numeric type
2025-12-27 17:23:59,987 - dq_unified - WARNING -   Row 9: 'ABC123...' doesn't match Numeric value (no leading zeros, no alphabets)
2025-12-27 17:23:59,991 - dq_unified - INFO - Total format issues found: 3
2025-12-27 17:24:00,004 - dq_error_log - INFO - Batch logged 3 errors for session SINGLE_20251227_172359
2025-12-27 17:24:00,005 - dq_unified - INFO -    Found 3 format issues
2025-12-27 17:24:00,006 - dq_unified - INFO - 4. Checking mandatory fields...
2025-12-27 17:24:00,006 - dq_unified - INFO - Checking mandatory fields
2025-12-27 17:24:00,007 - dq_unified - INFO - Available columns: ['CustomerName', 'Email', 'Phone', 'Salary', 'Department', 'JoinDate', 'PostalCode', 'City', 'Country', 'State']
2025-12-27 17:24:00,008 - dq_unified - INFO - Checking ALL columns as mandatory: ['CustomerName', 'Email', 'Phone', 'Salary', 'Department', 'JoinDate', 'PostalCode', 'City', 'Country', 'State']
2025-12-27 17:24:00,010 - dq_unified - WARNING - Mandatory field 'CustomerName': 1 missing values (93.3% filled)
2025-12-27 17:24:00,012 - dq_unified - WARNING - Mandatory field 'Email': 1 missing values (93.3% filled)
2025-12-27 17:24:00,014 - dq_unified - INFO - Mandatory field 'Phone': 100.0% filled
2025-12-27 17:24:00,015 - dq_unified - WARNING - Mandatory field 'Salary': 2 missing values (86.7% filled)
2025-12-27 17:24:00,017 - dq_unified - WARNING - Mandatory field 'Department': 1 missing values (93.3% filled)
2025-12-27 17:24:00,019 - dq_unified - INFO - Mandatory field 'JoinDate': 100.0% filled
2025-12-27 17:24:00,020 - dq_unified - INFO - Mandatory field 'PostalCode': 100.0% filled
2025-12-27 17:24:00,021 - dq_unified - INFO - Mandatory field 'City': 100.0% filled
2025-12-27 17:24:00,022 - dq_unified - INFO - Mandatory field 'Country': 100.0% filled
2025-12-27 17:24:00,023 - dq_unified - WARNING - Mandatory field 'State': 1 missing values (93.3% filled)
2025-12-27 17:24:00,039 - dq_error_log - INFO - Batch logged 6 errors for session SINGLE_20251227_172359
2025-12-27 17:24:00,040 - dq_unified - INFO - Mandatory field check completed: 5 columns with issues, 6 total missing values
2025-12-27 17:24:00,041 - dq_unified - INFO -    Found 6 missing mandatory values
2025-12-27 17:24:00,041 - dq_unified - INFO - 5. Calculating quality score...
2025-12-27 17:24:00,042 - dq_unified - INFO - Calculating quality score
2025-12-27 17:24:00,042 - dq_unified - INFO - Quality Score Calculation:
2025-12-27 17:24:00,042 - dq_unified - INFO -   Total rows: 15
2025-12-27 17:24:00,043 - dq_unified - INFO -   Rows with ANY issue: 8
2025-12-27 17:24:00,044 - dq_unified - INFO -   Good rows (no issues): 7
2025-12-27 17:24:00,044 - dq_unified - INFO -   Quality Score: 46.67%
2025-12-27 17:24:00,056 - dq_error_log - INFO - Retrieved 17 error logs for session SINGLE_20251227_172359
2025-12-27 17:24:00,070 - dq_error_log - INFO - Retrieved summary: 17 total errors for session SINGLE_20251227_172359
2025-12-27 17:24:00,071 - dq_unified - INFO - Added 17 error logs to results
2025-12-27 17:24:00,072 - dq_audit - INFO - Audit class initialized with database: dq_checks
2025-12-27 17:24:00,073 - dq_audit - INFO - Starting database insertion for single_source...
2025-12-27 17:24:00,087 - dq_audit - INFO - Inserted single_source record with ID: 401
2025-12-27 17:24:00,102 - dq_audit - INFO - Retrieved 1 audit logs for session SINGLE_20251227_172359
2025-12-27 17:24:00,102 - dq_unified - INFO - Added 1 audit logs to results
2025-12-27 17:24:00,103 - dq_unified - INFO - Analysis completed successfully for CSV: sample_data.csv
2025-12-27 17:24:00,104 - dq_unified - INFO - Final quality score: 46.67%
2025-12-27 17:24:00,113 - dq_error_log - INFO - Retrieved 17 error logs for session SINGLE_20251227_172359
2025-12-27 17:24:00,123 - dq_error_log - INFO - Retrieved summary: 17 total errors for session SINGLE_20251227_172359
2025-12-27 17:24:00,135 - dq_audit - INFO - Retrieved 1 audit logs for session SINGLE_20251227_172359
2025-12-27 17:24:00,135 - __main__ - INFO - Analysis completed for session SINGLE_20251227_172359
2025-12-27 17:24:00,138 - __main__ - INFO - Completed with status 200 in 0.405s
