2026-01-30 12:10:19,158 - __main__ - INFO - 🌐 API Server Logging Initialized
2026-01-30 12:10:19,160 - __main__ - INFO - 📝 Logs saved to: logs/dq_api_20260130_121019.log
2026-01-30 12:10:19,255 - __main__ - INFO - APP_SETTINGS loaded. Audit enabled: True
2026-01-30 12:10:19,257 - __main__ - INFO - ✅ All DQ modules loaded successfully
2026-01-30 12:10:19,261 - dq_error_log - INFO - ErrorLogger initialized with database: dq_checks
2026-01-30 12:10:19,261 - dq_audit - INFO - Audit class initialized with database: dq_checks
2026-01-30 12:10:19,262 - __main__ - INFO - ✅ ErrorLogger and DataQualityAudit initialized
2026-01-30 12:10:19,276 - __main__ - INFO - 🚀 Starting Data Quality Framework API
2026-01-30 12:10:19,277 - __main__ - INFO - 📊 Modules available: True
2026-01-30 12:10:19,278 - __main__ - INFO - 🔧 Config file mode: False
2026-01-30 12:10:19,280 - __main__ - INFO - 📋 Available endpoints:
2026-01-30 12:10:19,280 - __main__ - INFO -   GET  /              - API status
2026-01-30 12:10:19,282 - __main__ - INFO -   GET  /api/health    - Health check
2026-01-30 12:10:19,283 - __main__ - INFO -   POST /api/check-single - Single source analysis
2026-01-30 12:10:19,284 - __main__ - INFO -   POST /api/compare   - Source-target comparison
2026-01-30 12:10:19,286 - __main__ - INFO -   GET  /api/compare/{id} - Get comparison results
2026-01-30 12:10:19,286 - __main__ - INFO -   GET  /api/compare/{id}/mismatches - Paginated mismatches
2026-01-30 12:10:19,287 - __main__ - INFO -   GET  /api/compare/{id}/rows/count - Row counts
2026-01-30 12:10:19,288 - __main__ - INFO -   POST /api/upload    - File upload
2026-01-30 12:10:19,291 - __main__ - INFO -   GET  /api/sessions  - List sessions
2026-01-30 12:10:19,292 - __main__ - INFO -   GET  /api/sessions/<id> - Get session data
2026-01-30 12:10:19,293 - __main__ - INFO -   GET  /api/debug-db  - Database debug
2026-01-30 12:10:19,295 - __main__ - INFO - 🌍 Server starting on 0.0.0.0:5000 (debug=False)
2026-01-30 12:10:29,787 - __main__ - INFO - GET /api/compare/CMP_20260130_114033/mismatches - Request started
2026-01-30 12:10:29,971 - __main__ - INFO - Using database pagination for 1,003 mismatches
2026-01-30 12:10:30,011 - __main__ - INFO - Completed with status 200 in 0.224s
2026-01-30 12:10:56,531 - __main__ - INFO - GET /api/compare/CMP_20260130_114033/mismatches/summary - Request started
2026-01-30 12:10:56,561 - __main__ - INFO - Completed with status 200 in 0.030s
