2026-02-15 10:12:40,803 - __main__ - INFO - 🌐 API Server Logging Initialized
2026-02-15 10:12:40,805 - __main__ - INFO - 📝 Logs saved to: logs/dq_api_20260215_101240.log
2026-02-15 10:12:41,074 - __main__ - INFO - APP_SETTINGS loaded. Audit enabled: True
2026-02-15 10:12:41,076 - __main__ - INFO - ✅ All DQ modules loaded successfully
2026-02-15 10:12:41,082 - dq_error_log - INFO - ErrorLogger initialized with database: dq_checks
2026-02-15 10:12:41,083 - dq_audit - INFO - Audit class initialized with database: dq_checks
2026-02-15 10:12:41,085 - __main__ - INFO - ✅ ErrorLogger and DataQualityAudit initialized
2026-02-15 10:12:41,113 - __main__ - INFO - 🚀 Starting Data Quality Framework API
2026-02-15 10:12:41,115 - __main__ - INFO - 📊 Modules available: True
2026-02-15 10:12:41,116 - __main__ - INFO - 🔧 Config file mode: False
2026-02-15 10:12:41,118 - __main__ - INFO - 📋 Available endpoints:
2026-02-15 10:12:41,119 - __main__ - INFO -   GET  /              - API status
2026-02-15 10:12:41,120 - __main__ - INFO -   GET  /api/health    - Health check
2026-02-15 10:12:41,121 - __main__ - INFO -   POST /api/check-single - Single source analysis
2026-02-15 10:12:41,122 - __main__ - INFO -   POST /api/compare   - Source-target comparison
2026-02-15 10:12:41,125 - __main__ - INFO -   GET  /api/compare/{id} - Get comparison results
2026-02-15 10:12:41,126 - __main__ - INFO -   GET  /api/compare/{id}/mismatches - Paginated mismatches
2026-02-15 10:12:41,128 - __main__ - INFO -   GET  /api/compare/{id}/rows/count - Row counts
2026-02-15 10:12:41,130 - __main__ - INFO -   POST /api/upload    - File upload
2026-02-15 10:12:41,131 - __main__ - INFO -   GET  /api/sessions  - List sessions
2026-02-15 10:12:41,133 - __main__ - INFO -   GET  /api/sessions/<id> - Get session data
2026-02-15 10:12:41,134 - __main__ - INFO -   GET  /api/debug-db  - Database debug
2026-02-15 10:12:41,135 - __main__ - INFO - 🌍 Server starting on 0.0.0.0:5000 (debug=False)
2026-02-15 10:13:31,801 - __main__ - INFO - POST /api/upload - Request started
2026-02-15 10:13:31,906 - __main__ - INFO - File uploaded: 20260215_101331_advanced_financial_batch_15000.xlsx (excel)
2026-02-15 10:13:31,908 - __main__ - INFO - Completed with status 200 in 0.108s
2026-02-15 10:13:32,053 - __main__ - INFO - POST /api/advanced - Request started
2026-02-15 10:13:32,055 - __main__ - INFO - Advanced checks request received
2026-02-15 10:13:32,058 - __main__ - INFO - DEBUG: Received columns_input: [] (type: <class 'list'>)
2026-02-15 10:13:32,059 - __main__ - INFO - DEBUG: Using as-is: []
2026-02-15 10:13:32,061 - __main__ - INFO - Starting advanced checks for session ADV_20260215_101332_747e4016
2026-02-15 10:13:32,063 - dq_advanced - INFO - Starting advanced checks in UI/API mode
2026-02-15 10:13:32,064 - dq_advanced - INFO - LOADING DATA FOR ADVANCED CHECKS
2026-02-15 10:13:32,066 - dq_unified - INFO - Prompting user for data source type
2026-02-15 10:13:32,067 - dq_unified - INFO - UI Data source_type: excel
2026-02-15 10:13:32,069 - dq_unified - INFO - Using source_type from UI data: excel
2026-02-15 10:13:32,070 - dq_unified - INFO - Loading data from EXCEL
2026-02-15 10:13:32,071 - dq_unified - INFO - Loading large Excel: C:/Users/006398/Desktop/Accilerator/BACKEND/Data_Quality_Framework/uploads/20260215_101331_advanced_financial_batch_15000.xlsx
2026-02-15 10:13:34,446 - dq_unified - INFO - Loading Excel file...
2026-02-15 10:13:36,928 - dq_unified - INFO - Loaded 15,000 rows from Excel
2026-02-15 10:13:37,011 - dq_unified - INFO - Memory optimization: 5.6MB -> 1.7MB (Saved: 3.9MB)
2026-02-15 10:13:37,028 - dq_unified - INFO - Loaded 15,000 rows, 10 columns. Memory: 124.1MB total, 1.7MB for dataframe
2026-02-15 10:13:37,030 - dq_advanced - INFO - Data loaded: 15,000 rows, 10 columns from EXCEL: 20260215_101331_advanced_financial_batch_15000.xlsx
2026-02-15 10:13:37,031 - dq_error_log - INFO - ErrorLogger initialized with database: dq_checks
2026-02-15 10:13:37,413 - mysql.connector - INFO - package: mysql.connector.plugins
2026-02-15 10:13:37,414 - mysql.connector - INFO - plugin_name: caching_sha2_password
2026-02-15 10:13:37,415 - mysql.connector - INFO - AUTHENTICATION_PLUGIN_CLASS: MySQLCachingSHA2PasswordAuthPlugin
2026-02-15 10:13:37,417 - mysql.connector - INFO - package: mysql.connector.plugins
2026-02-15 10:13:37,418 - mysql.connector - INFO - plugin_name: mysql_native_password
2026-02-15 10:13:37,431 - mysql.connector - INFO - AUTHENTICATION_PLUGIN_CLASS: MySQLNativePasswordAuthPlugin
2026-02-15 10:13:37,440 - dq_error_log - INFO - Database connection successful
2026-02-15 10:13:37,442 - dq_advanced - INFO - Session ID: ADV_20260215_101337_9011
2026-02-15 10:13:37,443 - dq_advanced - INFO - Starting comprehensive validations on 15,000 rows, 10 columns
2026-02-15 10:13:37,455 - dq_advanced - INFO - Memory: 4149MB available, 0.0002MB/row, Optimal batch: 50000 rows
2026-02-15 10:13:37,456 - dq_advanced - INFO - Auto-calculated batch size: 50000 rows
2026-02-15 10:13:37,457 - dq_advanced - INFO - Analyzing 10 columns...
2026-02-15 10:13:37,469 - dq_advanced - INFO - Analyzed column 'transaction_id': text with 1 patterns
2026-02-15 10:13:37,479 - dq_advanced - INFO - Analyzed column 'customer_id': text with 1 patterns
2026-02-15 10:13:37,487 - dq_advanced - INFO - Analyzed column 'account_number': numeric with 2 patterns
2026-02-15 10:13:37,507 - dq_advanced - INFO - Analyzed column 'transaction_date': date with 1 patterns
2026-02-15 10:13:37,531 - dq_advanced - INFO - Analyzed column 'posting_date': text with 0 patterns
2026-02-15 10:13:37,540 - dq_advanced - INFO - Analyzed column 'transaction_amount': numeric with 0 patterns
2026-02-15 10:13:37,555 - dq_advanced - INFO - Analyzed column 'currency': text with 1 patterns
2026-02-15 10:13:37,579 - dq_advanced - INFO - Analyzed column 'balance': numeric with 0 patterns
2026-02-15 10:13:37,598 - dq_advanced - INFO - Analyzed column 'merchant_name': text with 0 patterns
2026-02-15 10:13:37,617 - dq_advanced - INFO - Analyzed column 'transaction_type': text with 0 patterns
2026-02-15 10:13:50,865 - dq_error_log - INFO - Starting batch logging for 4000 errors, session: ADV_20260215_101337_9011
2026-02-15 10:13:51,064 - dq_error_log - INFO - Batch 1: Successfully logged 500 errors
2026-02-15 10:13:51,249 - dq_error_log - INFO - Batch 2: Successfully logged 500 errors
2026-02-15 10:13:51,413 - dq_error_log - INFO - Batch 3: Successfully logged 500 errors
2026-02-15 10:13:51,601 - dq_error_log - INFO - Batch 4: Successfully logged 500 errors
2026-02-15 10:13:51,808 - dq_error_log - INFO - Batch 5: Successfully logged 500 errors
2026-02-15 10:13:51,981 - dq_error_log - INFO - Batch 6: Successfully logged 500 errors
2026-02-15 10:13:52,128 - dq_error_log - INFO - Batch 7: Successfully logged 500 errors
2026-02-15 10:13:52,316 - dq_error_log - INFO - Batch 8: Successfully logged 500 errors
2026-02-15 10:13:52,318 - dq_error_log - INFO - Progress: 4000/4000 errors processed
2026-02-15 10:13:52,319 - dq_error_log - INFO - COMPLETE: Logged 4000/4000 errors for session ADV_20260215_101337_9011
2026-02-15 10:13:52,320 - dq_audit - INFO - Audit class initialized with database: dq_checks
2026-02-15 10:13:52,320 - dq_audit - INFO - Starting database insertion for advanced...
2026-02-15 10:13:52,440 - dq_audit - INFO - Inserted advanced record with ID: 631
2026-02-15 10:13:52,442 - dq_advanced - INFO - Audit record logged with ID: 631
2026-02-15 10:13:52,622 - dq_error_log - INFO - Retrieved 100 error logs for session ADV_20260215_101337_9011
2026-02-15 10:13:52,770 - dq_error_log - INFO - Retrieved summary: 4000 total errors for session ADV_20260215_101337_9011
2026-02-15 10:13:52,771 - dq_audit - INFO - Audit class initialized with database: dq_checks
2026-02-15 10:13:52,896 - dq_audit - INFO - Retrieved 1 audit logs for session ADV_20260215_101337_9011
2026-02-15 10:13:52,897 - dq_advanced - INFO - Advanced checks completed for session ADV_20260215_101337_9011
2026-02-15 10:13:53,110 - dq_error_log - INFO - Retrieved 100 error logs for session ADV_20260215_101337_9011
2026-02-15 10:13:53,258 - dq_error_log - INFO - Retrieved summary: 4000 total errors for session ADV_20260215_101337_9011
2026-02-15 10:13:53,412 - dq_audit - INFO - Retrieved 1 audit logs for session ADV_20260215_101337_9011
2026-02-15 10:13:53,414 - __main__ - INFO - Advanced checks completed for session ADV_20260215_101337_9011
2026-02-15 10:13:53,436 - __main__ - INFO - Completed with status 200 in 21.383s
2026-02-15 10:13:53,487 - __main__ - INFO - GET /api/advanced/ADV_20260215_101332_747e4016 - Request started
2026-02-15 10:13:53,652 - dq_error_log - INFO - Retrieved 0 error logs for session ADV_20260215_101332_747e4016
2026-02-15 10:13:53,654 - __main__ - INFO - Completed with status 200 in 0.167s
2026-02-15 10:13:53,971 - __main__ - INFO - GET /api/advanced/ADV_20260215_101332_747e4016 - Request started
2026-02-15 10:13:54,101 - dq_error_log - INFO - Retrieved 0 error logs for session ADV_20260215_101332_747e4016
2026-02-15 10:13:54,103 - __main__ - INFO - Completed with status 200 in 0.131s
2026-02-15 10:21:17,822 - __main__ - INFO - POST /api/advanced - Request started
2026-02-15 10:21:17,825 - __main__ - INFO - Advanced checks request received
2026-02-15 10:21:17,831 - __main__ - INFO - DEBUG: Received columns_input: [] (type: <class 'list'>)
2026-02-15 10:21:17,840 - __main__ - INFO - DEBUG: Using as-is: []
2026-02-15 10:21:17,842 - __main__ - INFO - Starting advanced checks for session ADV_20260215_102117_19d11961
2026-02-15 10:21:17,844 - dq_advanced - INFO - Starting advanced checks in UI/API mode
2026-02-15 10:21:17,846 - dq_advanced - INFO - LOADING DATA FOR ADVANCED CHECKS
2026-02-15 10:21:17,850 - dq_unified - INFO - Prompting user for data source type
2026-02-15 10:21:17,852 - dq_unified - INFO - UI Data source_type: csv
2026-02-15 10:21:17,855 - dq_unified - INFO - Using source_type from UI data: csv
2026-02-15 10:21:17,859 - dq_unified - INFO - Loading data from CSV
2026-02-15 10:21:17,864 - dq_unified - INFO - Loading large CSV: C:/Users/006398/Desktop/Accilerator/OLD/FINAL TEST MAKE IT WORK/ADVANCED/finance1000.csv
2026-02-15 10:21:17,902 - dq_unified - INFO - CSV file has 1,000 rows
2026-02-15 10:21:17,905 - dq_unified - INFO - Loading 1,000 rows from CSV...
2026-02-15 10:21:17,931 - dq_unified - INFO - Loaded 1,000 rows from CSV
2026-02-15 10:21:17,954 - dq_unified - INFO - Memory optimization: 0.4MB -> 0.2MB (Saved: 0.2MB)
2026-02-15 10:21:17,961 - dq_unified - INFO - Loaded 1,000 rows, 10 columns. Memory: 128.9MB total, 0.2MB for dataframe
2026-02-15 10:21:17,964 - dq_advanced - INFO - Data loaded: 1,000 rows, 10 columns from CSV: finance1000.csv
2026-02-15 10:21:17,965 - dq_error_log - INFO - ErrorLogger initialized with database: dq_checks
2026-02-15 10:21:18,242 - dq_error_log - INFO - Database connection successful
2026-02-15 10:21:18,245 - dq_advanced - INFO - Session ID: ADV_20260215_102118_7663
2026-02-15 10:21:18,246 - dq_advanced - INFO - Starting comprehensive validations on 1,000 rows, 10 columns
2026-02-15 10:21:18,265 - dq_advanced - INFO - Memory: 3371MB available, 0.0002MB/row, Optimal batch: 50000 rows
2026-02-15 10:21:18,268 - dq_advanced - INFO - Auto-calculated batch size: 50000 rows
2026-02-15 10:21:18,270 - dq_advanced - INFO - Analyzing 10 columns...
2026-02-15 10:21:18,277 - dq_advanced - INFO - Analyzed column 'transaction_id': numeric with 1 patterns
2026-02-15 10:21:18,286 - dq_advanced - INFO - Analyzed column 'account_number': numeric with 3 patterns
2026-02-15 10:21:18,296 - dq_advanced - INFO - Analyzed column 'customer_name': text with 0 patterns
2026-02-15 10:21:18,306 - dq_advanced - INFO - Analyzed column 'email': text with 1 patterns
2026-02-15 10:21:18,320 - dq_advanced - INFO - Analyzed column 'transaction_date': date with 2 patterns
2026-02-15 10:21:18,331 - dq_advanced - INFO - Analyzed column 'amount': numeric with 0 patterns
2026-02-15 10:21:18,343 - dq_advanced - INFO - Analyzed column 'currency': text with 1 patterns
2026-02-15 10:21:18,350 - dq_advanced - INFO - Analyzed column 'balance': numeric with 0 patterns
2026-02-15 10:21:18,355 - dq_advanced - INFO - Analyzed column 'status': text with 0 patterns
2026-02-15 10:21:18,363 - dq_advanced - INFO - Analyzed column 'remarks': text with 0 patterns
2026-02-15 10:21:19,521 - dq_error_log - INFO - Starting batch logging for 1575 errors, session: ADV_20260215_102118_7663
2026-02-15 10:21:19,739 - dq_error_log - INFO - Batch 1: Successfully logged 500 errors
2026-02-15 10:21:19,976 - dq_error_log - INFO - Batch 2: Successfully logged 500 errors
2026-02-15 10:21:20,284 - dq_error_log - INFO - Batch 3: Successfully logged 500 errors
2026-02-15 10:21:20,433 - dq_error_log - INFO - Batch 4: Successfully logged 75 errors
2026-02-15 10:21:20,435 - dq_error_log - INFO - Progress: 1575/1575 errors processed
2026-02-15 10:21:20,436 - dq_error_log - INFO - COMPLETE: Logged 1575/1575 errors for session ADV_20260215_102118_7663
2026-02-15 10:21:20,437 - dq_audit - INFO - Audit class initialized with database: dq_checks
2026-02-15 10:21:20,438 - dq_audit - INFO - Starting database insertion for advanced...
2026-02-15 10:21:20,587 - dq_audit - INFO - Inserted advanced record with ID: 632
2026-02-15 10:21:20,589 - dq_advanced - INFO - Audit record logged with ID: 632
2026-02-15 10:21:20,811 - dq_error_log - INFO - Retrieved 100 error logs for session ADV_20260215_102118_7663
2026-02-15 10:21:20,986 - dq_error_log - INFO - Retrieved summary: 1575 total errors for session ADV_20260215_102118_7663
2026-02-15 10:21:20,988 - dq_audit - INFO - Audit class initialized with database: dq_checks
2026-02-15 10:21:21,137 - dq_audit - INFO - Retrieved 1 audit logs for session ADV_20260215_102118_7663
2026-02-15 10:21:21,139 - dq_advanced - INFO - Advanced checks completed for session ADV_20260215_102118_7663
2026-02-15 10:21:21,368 - dq_error_log - INFO - Retrieved 100 error logs for session ADV_20260215_102118_7663
2026-02-15 10:21:21,570 - dq_error_log - INFO - Retrieved summary: 1575 total errors for session ADV_20260215_102118_7663
2026-02-15 10:21:21,804 - dq_audit - INFO - Retrieved 1 audit logs for session ADV_20260215_102118_7663
2026-02-15 10:21:21,807 - __main__ - INFO - Advanced checks completed for session ADV_20260215_102118_7663
2026-02-15 10:21:21,816 - __main__ - INFO - Completed with status 200 in 3.994s
2026-02-15 10:25:15,551 - __main__ - INFO - POST /api/upload - Request started
2026-02-15 10:25:15,587 - __main__ - INFO - File uploaded: 20260215_102515_finance1000.csv (csv)
2026-02-15 10:25:15,592 - __main__ - INFO - Completed with status 200 in 0.041s
2026-02-15 10:25:15,627 - __main__ - INFO - POST /api/advanced - Request started
2026-02-15 10:25:15,630 - __main__ - INFO - Advanced checks request received
2026-02-15 10:25:15,633 - __main__ - INFO - DEBUG: Received columns_input: [] (type: <class 'list'>)
2026-02-15 10:25:15,636 - __main__ - INFO - DEBUG: Using as-is: []
2026-02-15 10:25:15,641 - __main__ - INFO - Starting advanced checks for session ADV_20260215_102515_056ecb3c
2026-02-15 10:25:15,644 - dq_advanced - INFO - Starting advanced checks in UI/API mode
2026-02-15 10:25:15,647 - dq_advanced - INFO - LOADING DATA FOR ADVANCED CHECKS
2026-02-15 10:25:15,649 - dq_unified - INFO - Prompting user for data source type
2026-02-15 10:25:15,651 - dq_unified - INFO - UI Data source_type: csv
2026-02-15 10:25:15,653 - dq_unified - INFO - Using source_type from UI data: csv
2026-02-15 10:25:15,656 - dq_unified - INFO - Loading data from CSV
2026-02-15 10:25:15,659 - dq_unified - INFO - Loading large CSV: C:/Users/006398/Desktop/Accilerator/BACKEND/Data_Quality_Framework/uploads/20260215_102515_finance1000.csv
2026-02-15 10:25:15,665 - dq_unified - INFO - CSV file has 1,000 rows
2026-02-15 10:25:15,667 - dq_unified - INFO - Loading 1,000 rows from CSV...
2026-02-15 10:25:15,684 - dq_unified - INFO - Loaded 1,000 rows from CSV
2026-02-15 10:25:15,714 - dq_unified - INFO - Memory optimization: 0.4MB -> 0.2MB (Saved: 0.2MB)
2026-02-15 10:25:15,724 - dq_unified - INFO - Loaded 1,000 rows, 10 columns. Memory: 129.3MB total, 0.2MB for dataframe
2026-02-15 10:25:15,727 - dq_advanced - INFO - Data loaded: 1,000 rows, 10 columns from CSV: 20260215_102515_finance1000.csv
2026-02-15 10:25:15,729 - dq_error_log - INFO - ErrorLogger initialized with database: dq_checks
2026-02-15 10:25:15,927 - dq_error_log - INFO - Database connection successful
2026-02-15 10:25:15,931 - dq_advanced - INFO - Session ID: ADV_20260215_102515_9845
2026-02-15 10:25:15,932 - dq_advanced - INFO - Starting comprehensive validations on 1,000 rows, 10 columns
2026-02-15 10:25:15,953 - dq_advanced - INFO - Memory: 1148MB available, 0.0002MB/row, Optimal batch: 50000 rows
2026-02-15 10:25:15,955 - dq_advanced - INFO - Auto-calculated batch size: 50000 rows
2026-02-15 10:25:15,957 - dq_advanced - INFO - Analyzing 10 columns...
2026-02-15 10:25:15,964 - dq_advanced - INFO - Analyzed column 'transaction_id': numeric with 1 patterns
2026-02-15 10:25:15,971 - dq_advanced - INFO - Analyzed column 'account_number': numeric with 3 patterns
2026-02-15 10:25:15,977 - dq_advanced - INFO - Analyzed column 'customer_name': text with 0 patterns
2026-02-15 10:25:15,985 - dq_advanced - INFO - Analyzed column 'email': text with 1 patterns
2026-02-15 10:25:15,995 - dq_advanced - INFO - Analyzed column 'transaction_date': date with 2 patterns
2026-02-15 10:25:16,004 - dq_advanced - INFO - Analyzed column 'amount': numeric with 0 patterns
2026-02-15 10:25:16,011 - dq_advanced - INFO - Analyzed column 'currency': text with 1 patterns
2026-02-15 10:25:16,018 - dq_advanced - INFO - Analyzed column 'balance': numeric with 0 patterns
2026-02-15 10:25:16,026 - dq_advanced - INFO - Analyzed column 'status': text with 0 patterns
2026-02-15 10:25:16,033 - dq_advanced - INFO - Analyzed column 'remarks': text with 0 patterns
2026-02-15 10:25:16,989 - dq_error_log - INFO - Starting batch logging for 1575 errors, session: ADV_20260215_102515_9845
2026-02-15 10:25:17,211 - dq_error_log - INFO - Batch 1: Successfully logged 500 errors
2026-02-15 10:25:17,445 - dq_error_log - INFO - Batch 2: Successfully logged 500 errors
2026-02-15 10:25:17,917 - dq_error_log - INFO - Batch 3: Successfully logged 500 errors
2026-02-15 10:25:18,134 - dq_error_log - INFO - Batch 4: Successfully logged 75 errors
2026-02-15 10:25:18,137 - dq_error_log - INFO - Progress: 1575/1575 errors processed
2026-02-15 10:25:18,138 - dq_error_log - INFO - COMPLETE: Logged 1575/1575 errors for session ADV_20260215_102515_9845
2026-02-15 10:25:18,142 - dq_audit - INFO - Audit class initialized with database: dq_checks
2026-02-15 10:25:18,143 - dq_audit - INFO - Starting database insertion for advanced...
2026-02-15 10:25:18,293 - dq_audit - INFO - Inserted advanced record with ID: 633
2026-02-15 10:25:18,297 - dq_advanced - INFO - Audit record logged with ID: 633
2026-02-15 10:25:18,510 - dq_error_log - INFO - Retrieved 100 error logs for session ADV_20260215_102515_9845
2026-02-15 10:25:18,672 - dq_error_log - INFO - Retrieved summary: 1575 total errors for session ADV_20260215_102515_9845
2026-02-15 10:25:18,675 - dq_audit - INFO - Audit class initialized with database: dq_checks
2026-02-15 10:25:18,897 - dq_audit - INFO - Retrieved 1 audit logs for session ADV_20260215_102515_9845
2026-02-15 10:25:18,899 - dq_advanced - INFO - Advanced checks completed for session ADV_20260215_102515_9845
2026-02-15 10:25:19,141 - dq_error_log - INFO - Retrieved 100 error logs for session ADV_20260215_102515_9845
2026-02-15 10:25:19,314 - dq_error_log - INFO - Retrieved summary: 1575 total errors for session ADV_20260215_102515_9845
2026-02-15 10:25:19,467 - dq_audit - INFO - Retrieved 1 audit logs for session ADV_20260215_102515_9845
2026-02-15 10:25:19,469 - __main__ - INFO - Advanced checks completed for session ADV_20260215_102515_9845
2026-02-15 10:25:19,474 - __main__ - INFO - Completed with status 200 in 3.847s
2026-02-15 10:25:19,556 - __main__ - INFO - GET /api/advanced/ADV_20260215_102515_056ecb3c - Request started
2026-02-15 10:25:19,763 - dq_error_log - INFO - Retrieved 0 error logs for session ADV_20260215_102515_056ecb3c
2026-02-15 10:25:19,765 - __main__ - INFO - Completed with status 200 in 0.208s
2026-02-15 10:25:19,780 - __main__ - INFO - GET /api/advanced/ADV_20260215_102515_056ecb3c - Request started
2026-02-15 10:25:20,042 - dq_error_log - INFO - Retrieved 0 error logs for session ADV_20260215_102515_056ecb3c
2026-02-15 10:25:20,046 - __main__ - INFO - Completed with status 200 in 0.266s
2026-02-15 10:25:21,423 - __main__ - INFO - POST /api/upload - Request started
2026-02-15 10:25:21,451 - __main__ - INFO - File uploaded: 20260215_102521_finance1000.csv (csv)
2026-02-15 10:25:21,455 - __main__ - INFO - Completed with status 200 in 0.033s
2026-02-15 10:25:21,692 - __main__ - INFO - POST /api/advanced - Request started
2026-02-15 10:25:21,702 - __main__ - INFO - Advanced checks request received
2026-02-15 10:25:21,708 - __main__ - INFO - DEBUG: Received columns_input: [] (type: <class 'list'>)
2026-02-15 10:25:21,710 - __main__ - INFO - DEBUG: Using as-is: []
2026-02-15 10:25:21,713 - __main__ - INFO - Starting advanced checks for session ADV_20260215_102521_00230ea8
2026-02-15 10:25:21,715 - dq_advanced - INFO - Starting advanced checks in UI/API mode
2026-02-15 10:25:21,717 - dq_advanced - INFO - LOADING DATA FOR ADVANCED CHECKS
2026-02-15 10:25:21,720 - dq_unified - INFO - Prompting user for data source type
2026-02-15 10:25:21,721 - dq_unified - INFO - UI Data source_type: csv
2026-02-15 10:25:21,723 - dq_unified - INFO - Using source_type from UI data: csv
2026-02-15 10:25:21,726 - dq_unified - INFO - Loading data from CSV
2026-02-15 10:25:21,727 - dq_unified - INFO - Loading large CSV: C:/Users/006398/Desktop/Accilerator/BACKEND/Data_Quality_Framework/uploads/20260215_102521_finance1000.csv
2026-02-15 10:25:21,732 - dq_unified - INFO - CSV file has 1,000 rows
2026-02-15 10:25:21,734 - dq_unified - INFO - Loading 1,000 rows from CSV...
2026-02-15 10:25:21,760 - dq_unified - INFO - Loaded 1,000 rows from CSV
2026-02-15 10:25:21,783 - dq_unified - INFO - Memory optimization: 0.4MB -> 0.2MB (Saved: 0.2MB)
2026-02-15 10:25:21,788 - dq_unified - INFO - Loaded 1,000 rows, 10 columns. Memory: 129.1MB total, 0.2MB for dataframe
2026-02-15 10:25:21,789 - dq_advanced - INFO - Data loaded: 1,000 rows, 10 columns from CSV: 20260215_102521_finance1000.csv
2026-02-15 10:25:21,790 - dq_error_log - INFO - ErrorLogger initialized with database: dq_checks
2026-02-15 10:25:21,976 - dq_error_log - INFO - Database connection successful
2026-02-15 10:25:21,980 - dq_advanced - INFO - Session ID: ADV_20260215_102521_2448
2026-02-15 10:25:21,980 - dq_advanced - INFO - Starting comprehensive validations on 1,000 rows, 10 columns
2026-02-15 10:25:21,994 - dq_advanced - INFO - Memory: 1186MB available, 0.0002MB/row, Optimal batch: 50000 rows
2026-02-15 10:25:21,996 - dq_advanced - INFO - Auto-calculated batch size: 50000 rows
2026-02-15 10:25:21,996 - dq_advanced - INFO - Analyzing 10 columns...
2026-02-15 10:25:22,001 - dq_advanced - INFO - Analyzed column 'transaction_id': numeric with 1 patterns
2026-02-15 10:25:22,008 - dq_advanced - INFO - Analyzed column 'account_number': numeric with 3 patterns
2026-02-15 10:25:22,015 - dq_advanced - INFO - Analyzed column 'customer_name': text with 0 patterns
2026-02-15 10:25:22,023 - dq_advanced - INFO - Analyzed column 'email': text with 1 patterns
2026-02-15 10:25:22,032 - dq_advanced - INFO - Analyzed column 'transaction_date': date with 2 patterns
2026-02-15 10:25:22,040 - dq_advanced - INFO - Analyzed column 'amount': numeric with 0 patterns
2026-02-15 10:25:22,048 - dq_advanced - INFO - Analyzed column 'currency': text with 1 patterns
2026-02-15 10:25:22,057 - dq_advanced - INFO - Analyzed column 'balance': numeric with 0 patterns
2026-02-15 10:25:22,064 - dq_advanced - INFO - Analyzed column 'status': text with 0 patterns
2026-02-15 10:25:22,071 - dq_advanced - INFO - Analyzed column 'remarks': text with 0 patterns
2026-02-15 10:25:22,966 - dq_error_log - INFO - Starting batch logging for 1575 errors, session: ADV_20260215_102521_2448
2026-02-15 10:25:23,210 - dq_error_log - INFO - Batch 1: Successfully logged 500 errors
2026-02-15 10:25:23,413 - dq_error_log - INFO - Batch 2: Successfully logged 500 errors
2026-02-15 10:25:23,726 - dq_error_log - INFO - Batch 3: Successfully logged 500 errors
2026-02-15 10:25:23,882 - dq_error_log - INFO - Batch 4: Successfully logged 75 errors
2026-02-15 10:25:23,886 - dq_error_log - INFO - Progress: 1575/1575 errors processed
2026-02-15 10:25:23,888 - dq_error_log - INFO - COMPLETE: Logged 1575/1575 errors for session ADV_20260215_102521_2448
2026-02-15 10:25:23,890 - dq_audit - INFO - Audit class initialized with database: dq_checks
2026-02-15 10:25:23,890 - dq_audit - INFO - Starting database insertion for advanced...
2026-02-15 10:25:24,053 - dq_audit - INFO - Inserted advanced record with ID: 634
2026-02-15 10:25:24,055 - dq_advanced - INFO - Audit record logged with ID: 634
2026-02-15 10:25:24,261 - dq_error_log - INFO - Retrieved 100 error logs for session ADV_20260215_102521_2448
2026-02-15 10:25:24,427 - dq_error_log - INFO - Retrieved summary: 1575 total errors for session ADV_20260215_102521_2448
2026-02-15 10:25:24,431 - dq_audit - INFO - Audit class initialized with database: dq_checks
2026-02-15 10:25:24,569 - dq_audit - INFO - Retrieved 1 audit logs for session ADV_20260215_102521_2448
2026-02-15 10:25:24,571 - dq_advanced - INFO - Advanced checks completed for session ADV_20260215_102521_2448
2026-02-15 10:25:24,839 - dq_error_log - INFO - Retrieved 100 error logs for session ADV_20260215_102521_2448
2026-02-15 10:25:25,020 - dq_error_log - INFO - Retrieved summary: 1575 total errors for session ADV_20260215_102521_2448
2026-02-15 10:25:25,162 - dq_audit - INFO - Retrieved 1 audit logs for session ADV_20260215_102521_2448
2026-02-15 10:25:25,164 - __main__ - INFO - Advanced checks completed for session ADV_20260215_102521_2448
2026-02-15 10:25:25,169 - __main__ - INFO - Completed with status 200 in 3.478s
2026-02-15 10:25:25,225 - __main__ - INFO - GET /api/advanced/ADV_20260215_102521_00230ea8 - Request started
2026-02-15 10:25:25,436 - dq_error_log - INFO - Retrieved 0 error logs for session ADV_20260215_102521_00230ea8
2026-02-15 10:25:25,438 - __main__ - INFO - Completed with status 200 in 0.213s
2026-02-15 10:25:52,721 - __main__ - INFO - POST /api/upload - Request started
2026-02-15 10:25:52,750 - __main__ - INFO - File uploaded: 20260215_102552_finance1000.csv (csv)
2026-02-15 10:25:52,752 - __main__ - INFO - Completed with status 200 in 0.031s
2026-02-15 10:25:52,778 - __main__ - INFO - POST /api/advanced - Request started
2026-02-15 10:25:52,780 - __main__ - INFO - Advanced checks request received
2026-02-15 10:25:52,781 - __main__ - INFO - DEBUG: Received columns_input: [] (type: <class 'list'>)
2026-02-15 10:25:52,782 - __main__ - INFO - DEBUG: Using as-is: []
2026-02-15 10:25:52,784 - __main__ - INFO - Starting advanced checks for session ADV_20260215_102552_5e0123c7
2026-02-15 10:25:52,785 - dq_advanced - INFO - Starting advanced checks in UI/API mode
2026-02-15 10:25:52,786 - dq_advanced - INFO - LOADING DATA FOR ADVANCED CHECKS
2026-02-15 10:25:52,787 - dq_unified - INFO - Prompting user for data source type
2026-02-15 10:25:52,788 - dq_unified - INFO - UI Data source_type: csv
2026-02-15 10:25:52,791 - dq_unified - INFO - Using source_type from UI data: csv
2026-02-15 10:25:52,793 - dq_unified - INFO - Loading data from CSV
2026-02-15 10:25:52,795 - dq_unified - INFO - Loading large CSV: C:/Users/006398/Desktop/Accilerator/BACKEND/Data_Quality_Framework/uploads/20260215_102552_finance1000.csv
2026-02-15 10:25:52,802 - dq_unified - INFO - CSV file has 1,000 rows
2026-02-15 10:25:52,804 - dq_unified - INFO - Loading 1,000 rows from CSV...
2026-02-15 10:25:52,817 - dq_unified - INFO - Loaded 1,000 rows from CSV
2026-02-15 10:25:52,840 - dq_unified - INFO - Memory optimization: 0.4MB -> 0.2MB (Saved: 0.2MB)
2026-02-15 10:25:52,849 - dq_unified - INFO - Loaded 1,000 rows, 10 columns. Memory: 129.1MB total, 0.2MB for dataframe
2026-02-15 10:25:52,852 - dq_advanced - INFO - Data loaded: 1,000 rows, 10 columns from CSV: 20260215_102552_finance1000.csv
2026-02-15 10:25:52,854 - dq_error_log - INFO - ErrorLogger initialized with database: dq_checks
2026-02-15 10:25:53,146 - dq_error_log - INFO - Database connection successful
2026-02-15 10:25:53,150 - dq_advanced - INFO - Session ID: ADV_20260215_102553_3930
2026-02-15 10:25:53,152 - dq_advanced - INFO - Starting comprehensive validations on 1,000 rows, 10 columns
2026-02-15 10:25:53,174 - dq_advanced - INFO - Memory: 1162MB available, 0.0002MB/row, Optimal batch: 50000 rows
2026-02-15 10:25:53,177 - dq_advanced - INFO - Auto-calculated batch size: 50000 rows
2026-02-15 10:25:53,180 - dq_advanced - INFO - Analyzing 10 columns...
2026-02-15 10:25:53,188 - dq_advanced - INFO - Analyzed column 'transaction_id': numeric with 1 patterns
2026-02-15 10:25:53,197 - dq_advanced - INFO - Analyzed column 'account_number': numeric with 3 patterns
2026-02-15 10:25:53,209 - dq_advanced - INFO - Analyzed column 'customer_name': text with 0 patterns
2026-02-15 10:25:53,217 - dq_advanced - INFO - Analyzed column 'email': text with 1 patterns
2026-02-15 10:25:53,231 - dq_advanced - INFO - Analyzed column 'transaction_date': date with 2 patterns
2026-02-15 10:25:53,242 - dq_advanced - INFO - Analyzed column 'amount': numeric with 0 patterns
2026-02-15 10:25:53,252 - dq_advanced - INFO - Analyzed column 'currency': text with 1 patterns
2026-02-15 10:25:53,261 - dq_advanced - INFO - Analyzed column 'balance': numeric with 0 patterns
2026-02-15 10:25:53,269 - dq_advanced - INFO - Analyzed column 'status': text with 0 patterns
2026-02-15 10:25:53,279 - dq_advanced - INFO - Analyzed column 'remarks': text with 0 patterns
2026-02-15 10:25:54,374 - dq_error_log - INFO - Starting batch logging for 1575 errors, session: ADV_20260215_102553_3930
2026-02-15 10:25:54,611 - dq_error_log - INFO - Batch 1: Successfully logged 500 errors
2026-02-15 10:25:54,833 - dq_error_log - INFO - Batch 2: Successfully logged 500 errors
2026-02-15 10:25:55,078 - dq_error_log - INFO - Batch 3: Successfully logged 500 errors
2026-02-15 10:25:55,250 - dq_error_log - INFO - Batch 4: Successfully logged 75 errors
2026-02-15 10:25:55,252 - dq_error_log - INFO - Progress: 1575/1575 errors processed
2026-02-15 10:25:55,253 - dq_error_log - INFO - COMPLETE: Logged 1575/1575 errors for session ADV_20260215_102553_3930
2026-02-15 10:25:55,256 - dq_audit - INFO - Audit class initialized with database: dq_checks
2026-02-15 10:25:55,258 - dq_audit - INFO - Starting database insertion for advanced...
2026-02-15 10:25:55,458 - dq_audit - INFO - Inserted advanced record with ID: 635
2026-02-15 10:25:55,460 - dq_advanced - INFO - Audit record logged with ID: 635
2026-02-15 10:25:55,677 - dq_error_log - INFO - Retrieved 100 error logs for session ADV_20260215_102553_3930
2026-02-15 10:25:55,838 - dq_error_log - INFO - Retrieved summary: 1575 total errors for session ADV_20260215_102553_3930
2026-02-15 10:25:55,842 - dq_audit - INFO - Audit class initialized with database: dq_checks
2026-02-15 10:25:56,002 - dq_audit - INFO - Retrieved 1 audit logs for session ADV_20260215_102553_3930
2026-02-15 10:25:56,005 - dq_advanced - INFO - Advanced checks completed for session ADV_20260215_102553_3930
2026-02-15 10:25:56,205 - dq_error_log - INFO - Retrieved 100 error logs for session ADV_20260215_102553_3930
2026-02-15 10:25:56,351 - dq_error_log - INFO - Retrieved summary: 1575 total errors for session ADV_20260215_102553_3930
2026-02-15 10:25:56,605 - dq_audit - INFO - Retrieved 1 audit logs for session ADV_20260215_102553_3930
2026-02-15 10:25:56,608 - __main__ - INFO - Advanced checks completed for session ADV_20260215_102553_3930
2026-02-15 10:25:56,616 - __main__ - INFO - Completed with status 200 in 3.838s
2026-02-15 10:25:56,683 - __main__ - INFO - GET /api/advanced/ADV_20260215_102552_5e0123c7 - Request started
2026-02-15 10:25:56,914 - dq_error_log - INFO - Retrieved 0 error logs for session ADV_20260215_102552_5e0123c7
2026-02-15 10:25:56,918 - __main__ - INFO - Completed with status 200 in 0.235s
2026-02-15 10:25:57,252 - __main__ - INFO - GET /api/advanced/ADV_20260215_102552_5e0123c7 - Request started
2026-02-15 10:25:57,470 - dq_error_log - INFO - Retrieved 0 error logs for session ADV_20260215_102552_5e0123c7
2026-02-15 10:25:57,474 - __main__ - INFO - Completed with status 200 in 0.222s
