2026-01-05 17:27:43,377 - __main__ - INFO - 🌐 API Server Logging Initialized
2026-01-05 17:27:43,378 - __main__ - INFO - 📝 Logs saved to: logs/dq_api_20260105_172743.log
2026-01-05 17:27:43,425 - __main__ - INFO - APP_SETTINGS loaded. Audit enabled: True
2026-01-05 17:27:43,425 - __main__ - INFO - ✅ All DQ modules loaded successfully
2026-01-05 17:27:43,428 - dq_error_log - INFO - ErrorLogger initialized with database: dq_checks
2026-01-05 17:27:43,429 - dq_audit - INFO - Audit class initialized with database: dq_checks
2026-01-05 17:27:43,429 - __main__ - INFO - ✅ ErrorLogger and DataQualityAudit initialized
2026-01-05 17:27:43,437 - __main__ - INFO - 🚀 Starting Data Quality Framework API
2026-01-05 17:27:43,437 - __main__ - INFO - 📊 Modules available: True
2026-01-05 17:27:43,438 - __main__ - INFO - 🔧 Config file mode: False
2026-01-05 17:27:43,439 - __main__ - INFO - 📋 Available endpoints:
2026-01-05 17:27:43,439 - __main__ - INFO -   GET  /              - API status
2026-01-05 17:27:43,440 - __main__ - INFO -   GET  /api/health    - Health check
2026-01-05 17:27:43,440 - __main__ - INFO -   POST /api/check-single - Single source analysis
2026-01-05 17:27:43,440 - __main__ - INFO -   POST /api/compare   - Source-target comparison
2026-01-05 17:27:43,441 - __main__ - INFO -   POST /api/upload    - File upload
2026-01-05 17:27:43,442 - __main__ - INFO -   GET  /api/sessions  - List sessions
2026-01-05 17:27:43,442 - __main__ - INFO -   GET  /api/sessions/<id> - Get session data
2026-01-05 17:27:43,443 - __main__ - INFO -   GET  /api/debug-db  - Database debug
2026-01-05 17:27:43,443 - __main__ - INFO - 🌍 Server starting on 0.0.0.0:5000 (debug=False)
2026-01-05 17:28:04,460 - __main__ - INFO - POST /api/database-hierarchy - Request started
2026-01-05 17:28:04,461 - __main__ - INFO - Getting database hierarchy for postgresql
2026-01-05 17:28:04,462 - __main__ - INFO - Database: Not provided
2026-01-05 17:28:04,464 - __main__ - INFO - Schema: Not provided
2026-01-05 17:28:04,464 - __main__ - ERROR - Error getting database hierarchy: cannot access local variable 'db_config_normalized' where it is not associated with a value
Traceback (most recent call last):
  File "C:\Users\003160\OneDrive - wisseninfotech.com\Documents\DQ-Checks-Shashi\Data_Quality_Framework\run_api.py", line 792, in get_database_hierarchy_api
    navigator = DatabaseNavigator(mode='ui', ui_data=db_config_normalized)
                                                     ^^^^^^^^^^^^^^^^^^^^
UnboundLocalError: cannot access local variable 'db_config_normalized' where it is not associated with a value
2026-01-05 17:28:04,468 - __main__ - INFO - Completed with status 500 in 0.008s
