2026-01-05 22:19:49,105 - __main__ - INFO - 🌐 API Server Logging Initialized
2026-01-05 22:19:49,106 - __main__ - INFO - 📝 Logs saved to: logs/dq_api_20260105_221949.log
2026-01-05 22:19:49,173 - __main__ - INFO - APP_SETTINGS loaded. Audit enabled: True
2026-01-05 22:19:49,174 - __main__ - INFO - ✅ All DQ modules loaded successfully
2026-01-05 22:19:49,179 - dq_error_log - INFO - ErrorLogger initialized with database: dq_checks
2026-01-05 22:19:49,180 - dq_audit - INFO - Audit class initialized with database: dq_checks
2026-01-05 22:19:49,181 - __main__ - INFO - ✅ ErrorLogger and DataQualityAudit initialized
2026-01-05 22:19:49,190 - __main__ - INFO - 🚀 Starting Data Quality Framework API
2026-01-05 22:19:49,191 - __main__ - INFO - 📊 Modules available: True
2026-01-05 22:19:49,192 - __main__ - INFO - 🔧 Config file mode: False
2026-01-05 22:19:49,193 - __main__ - INFO - 📋 Available endpoints:
2026-01-05 22:19:49,194 - __main__ - INFO -   GET  /              - API status
2026-01-05 22:19:49,196 - __main__ - INFO -   GET  /api/health    - Health check
2026-01-05 22:19:49,196 - __main__ - INFO -   POST /api/check-single - Single source analysis
2026-01-05 22:19:49,198 - __main__ - INFO -   POST /api/compare   - Source-target comparison
2026-01-05 22:19:49,199 - __main__ - INFO -   POST /api/upload    - File upload
2026-01-05 22:19:49,200 - __main__ - INFO -   GET  /api/sessions  - List sessions
2026-01-05 22:19:49,200 - __main__ - INFO -   GET  /api/sessions/<id> - Get session data
2026-01-05 22:19:49,201 - __main__ - INFO -   GET  /api/debug-db  - Database debug
2026-01-05 22:19:49,202 - __main__ - INFO - 🌍 Server starting on 0.0.0.0:5000 (debug=False)
2026-01-05 22:19:57,657 - __main__ - INFO - POST /api/database-hierarchy - Request started
2026-01-05 22:19:57,658 - __main__ - ERROR - Error getting database hierarchy: 415 Unsupported Media Type: Did not attempt to load JSON data because the request Content-Type was not 'application/json'.
Traceback (most recent call last):
  File "C:\Users\003160\OneDrive - wisseninfotech.com\Documents\DQ-Checks-Shashi\Data_Quality_Framework\run_api.py", line 761, in get_database_hierarchy_api
    data = request.get_json()
           ^^^^^^^^^^^^^^^^^^
  File "C:\Users\003160\AppData\Local\Programs\Python\Python312\Lib\site-packages\werkzeug\wrappers\request.py", line 607, in get_json
    return self.on_json_loading_failed(None)
           ^^^^^^^^^^^^^^^^^^^^^^^^^^^^^^^^^
  File "C:\Users\003160\AppData\Local\Programs\Python\Python312\Lib\site-packages\flask\wrappers.py", line 130, in on_json_loading_failed
    return super().on_json_loading_failed(e)
           ^^^^^^^^^^^^^^^^^^^^^^^^^^^^^^^^^
  File "C:\Users\003160\AppData\Local\Programs\Python\Python312\Lib\site-packages\werkzeug\wrappers\request.py", line 650, in on_json_loading_failed
    raise UnsupportedMediaType(
werkzeug.exceptions.UnsupportedMediaType: 415 Unsupported Media Type: Did not attempt to load JSON data because the request Content-Type was not 'application/json'.
2026-01-05 22:19:57,670 - __main__ - INFO - Completed with status 500 in 0.013s
2026-01-05 22:20:08,758 - __main__ - INFO - POST /api/database-hierarchy - Request started
2026-01-05 22:20:08,760 - __main__ - ERROR - Error getting database hierarchy: 415 Unsupported Media Type: Did not attempt to load JSON data because the request Content-Type was not 'application/json'.
Traceback (most recent call last):
  File "C:\Users\003160\OneDrive - wisseninfotech.com\Documents\DQ-Checks-Shashi\Data_Quality_Framework\run_api.py", line 761, in get_database_hierarchy_api
    data = request.get_json()
           ^^^^^^^^^^^^^^^^^^
  File "C:\Users\003160\AppData\Local\Programs\Python\Python312\Lib\site-packages\werkzeug\wrappers\request.py", line 607, in get_json
    return self.on_json_loading_failed(None)
           ^^^^^^^^^^^^^^^^^^^^^^^^^^^^^^^^^
  File "C:\Users\003160\AppData\Local\Programs\Python\Python312\Lib\site-packages\flask\wrappers.py", line 130, in on_json_loading_failed
    return super().on_json_loading_failed(e)
           ^^^^^^^^^^^^^^^^^^^^^^^^^^^^^^^^^
  File "C:\Users\003160\AppData\Local\Programs\Python\Python312\Lib\site-packages\werkzeug\wrappers\request.py", line 650, in on_json_loading_failed
    raise UnsupportedMediaType(
werkzeug.exceptions.UnsupportedMediaType: 415 Unsupported Media Type: Did not attempt to load JSON data because the request Content-Type was not 'application/json'.
2026-01-05 22:20:08,763 - __main__ - INFO - Completed with status 500 in 0.005s
2026-01-05 22:20:21,514 - __main__ - INFO - POST /api/database-hierarchy - Request started
2026-01-05 22:20:21,516 - __main__ - INFO - Getting database hierarchy for postgresql
2026-01-05 22:20:21,518 - __main__ - INFO - Database: Not provided
2026-01-05 22:20:21,520 - __main__ - INFO - Schema: Not provided
2026-01-05 22:20:21,522 - database_navigator - INFO - DatabaseNavigator initialized
2026-01-05 22:20:21,524 - __main__ - INFO - Connecting with config: {'host': 'localhost', 'port': 5432, 'user': 'postgres', 'password': 'postgres'}
2026-01-05 22:20:21,526 - database_navigator - INFO - Connecting to POSTGRESQL...
2026-01-05 22:20:21,528 - database_navigator - INFO - Successfully connected to POSTGRESQL!
2026-01-05 22:20:21,530 - __main__ - INFO - Getting databases list...
2026-01-05 22:20:21,533 - database_navigator - INFO - get_databases() called. db_type: postgresql, connection exists: False
2026-01-05 22:20:21,535 - database_navigator - INFO - DEBUG: Checking connection - self.connection = None
2026-01-05 22:20:21,537 - database_navigator - ERROR - No database connection
2026-01-05 22:20:21,538 - __main__ - INFO - Found 0 databases
2026-01-05 22:20:21,540 - __main__ - INFO - Completed with status 200 in 0.026s
