2025-12-18 10:24:14,606 - root - INFO - ðŸŒ API Server Logging Initialized
2025-12-18 10:24:15,229 - root - WARNING - run_advanced_analysis_ui not available yet
2025-12-18 10:24:15,235 - root - WARNING - run_rules_analysis_ui not available yet
2025-12-18 10:24:15,240 - dq_error_log - INFO - ErrorLogger initialized with database: dq_checks
2025-12-18 10:24:15,240 - dq_audit - INFO - Audit class initialized with database: dq_checks
2025-12-18 10:24:15,248 - root - INFO - Starting Data Quality API on 0.0.0.0:5000 (debug=False)
2025-12-18 10:24:15,248 - root - INFO - DQ modules available: True
2025-12-18 10:24:15,248 - root - INFO - Config file mode: False
2025-12-18 10:24:15,248 - root - INFO - Database config: localhost/dq_checks
2025-12-18 10:24:16,289 - werkzeug - INFO - [31m[1mWARNING: This is a development server. Do not use it in a production deployment. Use a production WSGI server instead.[0m
 * Running on all addresses (0.0.0.0)
 * Running on http://127.0.0.1:5000
 * Running on http://10.1.185.54:5000
2025-12-18 10:24:16,289 - werkzeug - INFO - [33mPress CTRL+C to quit[0m
2025-12-18 10:25:26,102 - root - INFO - Single source analysis request received: dict_keys(['source_type', 'file_path', 'mandatory_fields'])
2025-12-18 10:25:26,104 - root - INFO - Starting single source analysis for session SINGLE_20251218_102526_f8ac010a
2025-12-18 10:25:26,104 - dq_unified - INFO - PROMPTING USER FOR DATA SOURCE TYPE
2025-12-18 10:25:26,104 - dq_unified - INFO - User selected source type: 1
2025-12-18 10:25:26,104 - dq_unified - INFO - LOADING DATA FROM CSV
2025-12-18 10:25:26,104 - dq_unified - INFO - LOADING DATA FROM CSV
2025-12-18 10:25:26,105 - dq_unified - INFO - Loading large CSV: C:\Users\003160\OneDrive - wisseninfotech.com\Documents\DQ-Checks-Shashi\Test_data\sample_data.csv
2025-12-18 10:25:26,108 - dq_unified - INFO - CSV file has 15 rows
2025-12-18 10:25:26,109 - dq_unified - INFO - Loading 15 rows from CSV...
2025-12-18 10:25:26,136 - dq_unified - INFO - Loaded 15 rows from CSV
2025-12-18 10:25:26,153 - dq_unified - INFO - Memory optimization: 0.0MB -> 0.0MB (Saved: 0.0MB)
2025-12-18 10:25:26,155 - dq_unified - INFO - Loaded 15 rows, 10 columns. Memory: 97.4MB total, 0.0MB for dataframe
2025-12-18 10:25:26,156 - dq_unified - INFO - CHECKING FOR EMPTY CELLS
2025-12-18 10:25:26,158 - dq_unified - WARNING - Column 'CustomerName': 1 empty cells (6.7%)
2025-12-18 10:25:26,162 - dq_unified - WARNING - Column 'Email': 1 empty cells (6.7%)
2025-12-18 10:25:26,165 - dq_unified - INFO - Column 'Phone': No empty cells
2025-12-18 10:25:26,166 - dq_unified - WARNING - Column 'Salary': 2 empty cells (13.3%)
2025-12-18 10:25:26,168 - dq_unified - WARNING - Column 'Department': 1 empty cells (6.7%)
2025-12-18 10:25:26,171 - dq_unified - INFO - Column 'JoinDate': No empty cells
2025-12-18 10:25:26,173 - dq_unified - INFO - Column 'PostalCode': No empty cells
2025-12-18 10:25:26,175 - dq_unified - INFO - Column 'City': No empty cells
2025-12-18 10:25:26,176 - dq_unified - INFO - Column 'Country': No empty cells
2025-12-18 10:25:26,177 - dq_unified - WARNING - Column 'State': 1 empty cells (6.7%)
2025-12-18 10:25:26,179 - dq_unified - INFO - Total empty cells found: 6
2025-12-18 10:25:26,180 - dq_unified - INFO - CHECKING FOR DUPLICATE ROWS
2025-12-18 10:25:26,196 - dq_unified - INFO - No strict duplicate rows found
2025-12-18 10:25:26,196 - dq_unified - INFO - AUTOMATICALLY DETECTING KEY FIELD DUPLICATES
2025-12-18 10:25:26,203 - dq_unified - INFO - Detected potential key fields: ['CustomerName', 'Email', 'PostalCode']
2025-12-18 10:25:26,205 - dq_unified - WARNING - Found 1 duplicate values in field 'Email'
2025-12-18 10:25:26,207 - dq_unified - WARNING - Found 1 duplicate values in field 'PostalCode'
2025-12-18 10:25:26,210 - dq_unified - INFO - Skipping automatic format checking (disabled)
2025-12-18 10:25:26,210 - dq_unified - INFO - CHECKING MANDATORY FIELDS
2025-12-18 10:25:26,210 - dq_unified - INFO - Checking ALL columns as mandatory: ['CustomerName', 'Email', 'Phone', 'Salary', 'Department', 'JoinDate', 'PostalCode', 'City', 'Country', 'State']
2025-12-18 10:25:26,212 - dq_unified - WARNING - Mandatory field 'CustomerName': 1 missing values (93.3% filled)
2025-12-18 10:25:26,216 - dq_unified - WARNING - Mandatory field 'Email': 1 missing values (93.3% filled)
2025-12-18 10:25:26,219 - dq_unified - INFO - Mandatory field 'Phone': 100.0% filled
2025-12-18 10:25:26,219 - dq_unified - WARNING - Mandatory field 'Salary': 2 missing values (86.7% filled)
2025-12-18 10:25:26,221 - dq_unified - WARNING - Mandatory field 'Department': 1 missing values (93.3% filled)
2025-12-18 10:25:26,224 - dq_unified - INFO - Mandatory field 'JoinDate': 100.0% filled
2025-12-18 10:25:26,225 - dq_unified - INFO - Mandatory field 'PostalCode': 100.0% filled
2025-12-18 10:25:26,228 - dq_unified - INFO - Mandatory field 'City': 100.0% filled
2025-12-18 10:25:26,228 - dq_unified - INFO - Mandatory field 'Country': 100.0% filled
2025-12-18 10:25:26,229 - dq_unified - WARNING - Mandatory field 'State': 1 missing values (93.3% filled)
2025-12-18 10:25:26,231 - dq_unified - INFO - Mandatory field check completed: 5 columns with issues, 6 total missing values
2025-12-18 10:25:26,232 - dq_unified - INFO - CALCULATING OVERALL QUALITY SCORE
2025-12-18 10:25:26,232 - dq_unified - INFO - QUALITY SCORE FORMULA:
2025-12-18 10:25:26,232 - dq_unified - INFO -   Total cells: 150
2025-12-18 10:25:26,232 - dq_unified - INFO -   Nulls: 6 (weight: 1.0)
2025-12-18 10:25:26,232 - dq_unified - INFO -   Duplicates: 2 (weight: 0.5)
2025-12-18 10:25:26,232 - dq_unified - INFO -   Key field duplicates: 2 (weight: 1.5)
2025-12-18 10:25:26,232 - dq_unified - INFO -   Mandatory missing: 6 (weight: 1.0)
2025-12-18 10:25:26,232 - dq_unified - INFO -   Format issues: 0 (weight: 0.3)
2025-12-18 10:25:26,232 - dq_unified - INFO -   Weighted issues: 16.0
2025-12-18 10:25:26,232 - dq_unified - INFO -   Max weighted issues possible: 225.0
2025-12-18 10:25:26,233 - dq_unified - INFO -   Quality score: 92.9%
2025-12-18 10:25:26,233 - dq_error_log - INFO - ErrorLogger initialized with database: dq_checks
2025-12-18 10:25:26,233 - dq_unified - INFO - GENERATING DETAILED DATA QUALITY REPORT
2025-12-18 10:25:26,244 - dq_unified - INFO - Returning JSON report for API, Session: SINGLE_20251218_102526
2025-12-18 10:25:26,533 - dq_unified - INFO - Analysis completed successfully for CSV: sample_data.csv
2025-12-18 10:25:26,534 - root - INFO - Completed single source analysis for session SINGLE_20251218_102526_f8ac010a
2025-12-18 10:25:26,535 - werkzeug - INFO - 127.0.0.1 - - [18/Dec/2025 10:25:26] "POST /api/check-single HTTP/1.1" 200 -
2025-12-18 10:27:53,037 - werkzeug - INFO - 127.0.0.1 - - [18/Dec/2025 10:27:53] "GET / HTTP/1.1" 200 -
2025-12-18 10:28:07,472 - werkzeug - INFO - 127.0.0.1 - - [18/Dec/2025 10:28:07] "GET /api/health HTTP/1.1" 200 -
2025-12-18 10:28:09,534 - root - INFO - Single source analysis request received: dict_keys(['source_type', 'file_path', 'analysis_type', 'mandatory_fields'])
2025-12-18 10:28:09,535 - root - INFO - Starting single source analysis for session SINGLE_20251218_102809_66ee63d0
2025-12-18 10:28:09,535 - dq_unified - INFO - PROMPTING USER FOR DATA SOURCE TYPE
2025-12-18 10:28:09,535 - dq_unified - INFO - User selected source type: 1
2025-12-18 10:28:09,535 - dq_unified - INFO - LOADING DATA FROM CSV
2025-12-18 10:28:09,535 - dq_unified - INFO - LOADING DATA FROM CSV
2025-12-18 10:28:09,536 - dq_unified - INFO - Loading large CSV: C:\Users\003160\OneDrive - wisseninfotech.com\Documents\DQ-Checks-Shashi\Test_data\sample_data.csv
2025-12-18 10:28:09,539 - dq_unified - INFO - CSV file has 15 rows
2025-12-18 10:28:09,540 - dq_unified - INFO - Loading 15 rows from CSV...
2025-12-18 10:28:09,548 - dq_unified - INFO - Loaded 15 rows from CSV
2025-12-18 10:28:09,561 - dq_unified - INFO - Memory optimization: 0.0MB -> 0.0MB (Saved: 0.0MB)
2025-12-18 10:28:09,563 - dq_unified - INFO - Loaded 15 rows, 10 columns. Memory: 105.3MB total, 0.0MB for dataframe
2025-12-18 10:28:09,564 - dq_unified - INFO - CHECKING FOR EMPTY CELLS
2025-12-18 10:28:09,565 - dq_unified - WARNING - Column 'CustomerName': 1 empty cells (6.7%)
2025-12-18 10:28:09,570 - dq_unified - WARNING - Column 'Email': 1 empty cells (6.7%)
2025-12-18 10:28:09,572 - dq_unified - INFO - Column 'Phone': No empty cells
2025-12-18 10:28:09,573 - dq_unified - WARNING - Column 'Salary': 2 empty cells (13.3%)
2025-12-18 10:28:09,576 - dq_unified - WARNING - Column 'Department': 1 empty cells (6.7%)
2025-12-18 10:28:09,578 - dq_unified - INFO - Column 'JoinDate': No empty cells
2025-12-18 10:28:09,581 - dq_unified - INFO - Column 'PostalCode': No empty cells
2025-12-18 10:28:09,582 - dq_unified - INFO - Column 'City': No empty cells
2025-12-18 10:28:09,582 - dq_unified - INFO - Column 'Country': No empty cells
2025-12-18 10:28:09,583 - dq_unified - WARNING - Column 'State': 1 empty cells (6.7%)
2025-12-18 10:28:09,586 - dq_unified - INFO - Total empty cells found: 6
2025-12-18 10:28:09,587 - dq_unified - INFO - CHECKING FOR DUPLICATE ROWS
2025-12-18 10:28:09,604 - dq_unified - INFO - No strict duplicate rows found
2025-12-18 10:28:09,604 - dq_unified - INFO - AUTOMATICALLY DETECTING KEY FIELD DUPLICATES
2025-12-18 10:28:09,605 - dq_unified - INFO - Detected potential key fields: ['CustomerName', 'Email', 'PostalCode']
2025-12-18 10:28:09,606 - dq_unified - WARNING - Found 1 duplicate values in field 'Email'
2025-12-18 10:28:09,608 - dq_unified - WARNING - Found 1 duplicate values in field 'PostalCode'
2025-12-18 10:28:09,609 - dq_unified - INFO - Skipping automatic format checking (disabled)
2025-12-18 10:28:09,609 - dq_unified - INFO - CHECKING MANDATORY FIELDS
2025-12-18 10:28:09,609 - dq_unified - INFO - Checking ALL columns as mandatory: ['CustomerName', 'Email', 'Phone', 'Salary', 'Department', 'JoinDate', 'PostalCode', 'City', 'Country', 'State']
2025-12-18 10:28:09,611 - dq_unified - WARNING - Mandatory field 'CustomerName': 1 missing values (93.3% filled)
2025-12-18 10:28:09,613 - dq_unified - WARNING - Mandatory field 'Email': 1 missing values (93.3% filled)
2025-12-18 10:28:09,615 - dq_unified - INFO - Mandatory field 'Phone': 100.0% filled
2025-12-18 10:28:09,616 - dq_unified - WARNING - Mandatory field 'Salary': 2 missing values (86.7% filled)
2025-12-18 10:28:09,617 - dq_unified - WARNING - Mandatory field 'Department': 1 missing values (93.3% filled)
2025-12-18 10:28:09,620 - dq_unified - INFO - Mandatory field 'JoinDate': 100.0% filled
2025-12-18 10:28:09,622 - dq_unified - INFO - Mandatory field 'PostalCode': 100.0% filled
2025-12-18 10:28:09,623 - dq_unified - INFO - Mandatory field 'City': 100.0% filled
2025-12-18 10:28:09,624 - dq_unified - INFO - Mandatory field 'Country': 100.0% filled
2025-12-18 10:28:09,626 - dq_unified - WARNING - Mandatory field 'State': 1 missing values (93.3% filled)
2025-12-18 10:28:09,629 - dq_unified - INFO - Mandatory field check completed: 5 columns with issues, 6 total missing values
2025-12-18 10:28:09,629 - dq_unified - INFO - CALCULATING OVERALL QUALITY SCORE
2025-12-18 10:28:09,629 - dq_unified - INFO - QUALITY SCORE FORMULA:
2025-12-18 10:28:09,629 - dq_unified - INFO -   Total cells: 150
2025-12-18 10:28:09,630 - dq_unified - INFO -   Nulls: 6 (weight: 1.0)
2025-12-18 10:28:09,630 - dq_unified - INFO -   Duplicates: 2 (weight: 0.5)
2025-12-18 10:28:09,630 - dq_unified - INFO -   Key field duplicates: 2 (weight: 1.5)
2025-12-18 10:28:09,630 - dq_unified - INFO -   Mandatory missing: 6 (weight: 1.0)
2025-12-18 10:28:09,630 - dq_unified - INFO -   Format issues: 0 (weight: 0.3)
2025-12-18 10:28:09,630 - dq_unified - INFO -   Weighted issues: 16.0
2025-12-18 10:28:09,631 - dq_unified - INFO -   Max weighted issues possible: 225.0
2025-12-18 10:28:09,631 - dq_unified - INFO -   Quality score: 92.9%
2025-12-18 10:28:09,631 - dq_error_log - INFO - ErrorLogger initialized with database: dq_checks
2025-12-18 10:28:09,631 - dq_unified - INFO - GENERATING DETAILED DATA QUALITY REPORT
2025-12-18 10:28:09,633 - dq_unified - INFO - Returning JSON report for API, Session: SINGLE_20251218_102809
2025-12-18 10:28:09,681 - dq_unified - INFO - Analysis completed successfully for CSV: sample_data.csv
2025-12-18 10:28:09,681 - root - INFO - Completed single source analysis for session SINGLE_20251218_102809_66ee63d0
2025-12-18 10:28:09,683 - werkzeug - INFO - 127.0.0.1 - - [18/Dec/2025 10:28:09] "POST /api/check-single HTTP/1.1" 200 -
