2026-01-15 19:28:07,896 - __main__ - INFO - 🌐 API Server Logging Initialized
2026-01-15 19:28:07,897 - __main__ - INFO - 📝 Logs saved to: logs/dq_api_20260115_192807.log
2026-01-15 19:28:07,943 - dq_rules - WARNING - Could not load config from database: name 'get_db_connection' is not defined
2026-01-15 19:28:07,946 - __main__ - INFO - APP_SETTINGS loaded. Audit enabled: True
2026-01-15 19:28:07,947 - __main__ - INFO - ✅ All DQ modules loaded successfully
2026-01-15 19:28:07,950 - dq_error_log - INFO - ErrorLogger initialized with database: dq_checks
2026-01-15 19:28:07,951 - dq_audit - INFO - Audit class initialized with database: dq_checks
2026-01-15 19:28:07,951 - __main__ - INFO - ✅ ErrorLogger and DataQualityAudit initialized
2026-01-15 19:28:07,969 - __main__ - INFO - 🚀 Starting Data Quality Framework API
2026-01-15 19:28:07,970 - __main__ - INFO - 📊 Modules available: True
2026-01-15 19:28:07,970 - __main__ - INFO - 🔧 Config file mode: False
2026-01-15 19:28:07,972 - __main__ - INFO - 📋 Available endpoints:
2026-01-15 19:28:07,973 - __main__ - INFO -   GET  /              - API status
2026-01-15 19:28:07,974 - __main__ - INFO -   GET  /api/health    - Health check
2026-01-15 19:28:07,975 - __main__ - INFO -   POST /api/check-single - Single source analysis
2026-01-15 19:28:07,976 - __main__ - INFO -   POST /api/compare   - Source-target comparison
2026-01-15 19:28:07,976 - __main__ - INFO -   POST /api/upload    - File upload
2026-01-15 19:28:07,977 - __main__ - INFO -   GET  /api/sessions  - List sessions
2026-01-15 19:28:07,978 - __main__ - INFO -   GET  /api/sessions/<id> - Get session data
2026-01-15 19:28:07,979 - __main__ - INFO -   GET  /api/debug-db  - Database debug
2026-01-15 19:28:07,979 - __main__ - INFO - 🌍 Server starting on 0.0.0.0:5000 (debug=False)
2026-01-15 19:28:11,890 - __main__ - INFO - GET /api/compare/CMP_20260115_192323/mismatches - Request started
2026-01-15 19:28:12,035 - __main__ - INFO - Completed with status 200 in 0.145s
2026-01-15 19:28:58,484 - __main__ - INFO - GET /api/compare/CMP_20260115_192323/rows/source_only - Request started
2026-01-15 19:28:58,485 - __main__ - INFO - Completed with status 404 in 0.002s
2026-01-15 19:30:46,739 - __main__ - INFO - GET /api/compare/CMP_20260115_192323 - Request started
2026-01-15 19:30:46,754 - dq_audit - INFO - Retrieved 0 audit logs for session CMP_20260115_192323
2026-01-15 19:30:46,755 - __main__ - INFO - Completed with status 404 in 0.016s
2026-01-15 19:31:18,832 - __main__ - INFO - GET /api/compare/CMP_20260115_192323/mismatches - Request started
2026-01-15 19:31:18,846 - __main__ - INFO - Completed with status 200 in 0.013s
2026-01-15 19:31:40,338 - __main__ - INFO - GET /api/compare/CMP_20260115_192323/mismatches/summary - Request started
2026-01-15 19:31:40,353 - __main__ - INFO - Completed with status 200 in 0.015s
2026-01-15 19:31:52,993 - __main__ - INFO - GET /api/compare/CMP_20260115_192323/rows/source_only - Request started
2026-01-15 19:31:52,994 - __main__ - INFO - Completed with status 404 in 0.001s
2026-01-15 19:32:04,109 - __main__ - INFO - GET /api/compare/CMP_20260115_192323/rows/target_only - Request started
2026-01-15 19:32:04,110 - __main__ - INFO - Completed with status 404 in 0.001s
2026-01-15 19:33:05,814 - __main__ - INFO - GET /api/compare/CMP_20260115_192339/rows/target_only - Request started
2026-01-15 19:33:05,815 - __main__ - INFO - Completed with status 404 in 0.001s
2026-01-15 19:33:20,120 - __main__ - INFO - GET /api/compare/CMP_20260115_192339/ - Request started
2026-01-15 19:33:20,121 - __main__ - WARNING - Not Found: 404 Not Found: The requested URL was not found on the server. If you entered the URL manually please check your spelling and try again.
2026-01-15 19:33:20,123 - __main__ - INFO - Completed with status 404 in 0.003s
2026-01-15 19:33:24,563 - __main__ - INFO - GET /api/compare/CMP_20260115_192339 - Request started
2026-01-15 19:33:24,579 - dq_audit - INFO - Retrieved 1 audit logs for session CMP_20260115_192339
2026-01-15 19:33:24,663 - dq_error_log - INFO - Retrieved 200 error logs for session CMP_20260115_192339
2026-01-15 19:33:24,707 - dq_error_log - INFO - Retrieved summary: 5006 total errors for session CMP_20260115_192339
2026-01-15 19:33:24,722 - __main__ - INFO - Retrieved comparison session data for CMP_20260115_192339
2026-01-15 19:33:24,725 - __main__ - INFO - Completed with status 200 in 0.163s
2026-01-15 19:33:56,339 - __main__ - INFO - GET /api/compare/CMP_20260115_192339/mismatches - Request started
2026-01-15 19:33:56,405 - __main__ - INFO - Completed with status 200 in 0.066s
2026-01-15 19:34:09,402 - __main__ - INFO - GET /api/compare/CMP_20260115_192339/mismatches - Request started
2026-01-15 19:34:09,471 - __main__ - INFO - Completed with status 200 in 0.069s
2026-01-15 19:34:26,403 - __main__ - INFO - GET /api/compare/CMP_20260115_192339/mismatches - Request started
2026-01-15 19:34:26,529 - __main__ - INFO - Completed with status 200 in 0.127s
2026-01-15 19:34:31,569 - __main__ - INFO - GET /api/compare/CMP_20260115_192339/mismatches - Request started
2026-01-15 19:34:31,643 - __main__ - INFO - Completed with status 200 in 0.074s
2026-01-15 19:35:00,294 - __main__ - INFO - GET /api/compare/CMP_20260115_192339/mismatches/summary - Request started
2026-01-15 19:35:00,392 - __main__ - INFO - Completed with status 200 in 0.098s
2026-01-15 19:38:31,515 - __main__ - INFO - GET /api/compare/CMP_20260115_192339/rows/count - Request started
2026-01-15 19:38:31,516 - __main__ - INFO - Completed with status 404 in 0.001s
2026-01-15 19:39:57,028 - __main__ - INFO - GET /api/compare/CMP_20260115_192339/rows/target_only - Request started
2026-01-15 19:39:57,030 - __main__ - INFO - Completed with status 404 in 0.002s
2026-01-15 19:40:36,511 - __main__ - INFO - GET /api/compare/CMP_20260115_192339/rows/target_only - Request started
2026-01-15 19:40:36,512 - __main__ - INFO - Completed with status 404 in 0.000s
2026-01-15 19:40:57,003 - __main__ - INFO - GET /api/compare/CMP_20260115_192339/rows/source_only - Request started
2026-01-15 19:40:57,004 - __main__ - INFO - Completed with status 404 in 0.001s
2026-01-15 19:41:31,287 - __main__ - INFO - GET /api/compare/CMP_20260115_192339/rows/target_only - Request started
2026-01-15 19:41:31,287 - __main__ - INFO - Completed with status 404 in 0.000s
