2026-01-02 16:39:47,549 - __main__ - INFO - 🌐 API Server Logging Initialized
2026-01-02 16:39:47,551 - __main__ - INFO - 📝 Logs saved to: logs/dq_api_20260102_163947.log
2026-01-02 16:39:47,640 - __main__ - INFO - APP_SETTINGS loaded. Audit enabled: True
2026-01-02 16:39:47,641 - __main__ - INFO - ✅ All DQ modules loaded successfully
2026-01-02 16:39:47,646 - dq_error_log - INFO - ErrorLogger initialized with database: dq_checks
2026-01-02 16:39:47,647 - dq_audit - INFO - Audit class initialized with database: dq_checks
2026-01-02 16:39:47,648 - __main__ - INFO - ✅ ErrorLogger and DataQualityAudit initialized
2026-01-02 16:39:47,662 - __main__ - INFO - 🚀 Starting Data Quality Framework API
2026-01-02 16:39:47,664 - __main__ - INFO - 📊 Modules available: True
2026-01-02 16:39:47,665 - __main__ - INFO - 🔧 Config file mode: False
2026-01-02 16:39:47,667 - __main__ - INFO - 📋 Available endpoints:
2026-01-02 16:39:47,669 - __main__ - INFO -   GET  /              - API status
2026-01-02 16:39:47,670 - __main__ - INFO -   GET  /api/health    - Health check
2026-01-02 16:39:47,672 - __main__ - INFO -   POST /api/check-single - Single source analysis
2026-01-02 16:39:47,673 - __main__ - INFO -   POST /api/compare   - Source-target comparison
2026-01-02 16:39:47,674 - __main__ - INFO -   POST /api/upload    - File upload
2026-01-02 16:39:47,675 - __main__ - INFO -   GET  /api/sessions  - List sessions
2026-01-02 16:39:47,676 - __main__ - INFO -   GET  /api/sessions/<id> - Get session data
2026-01-02 16:39:47,677 - __main__ - INFO -   GET  /api/debug-db  - Database debug
2026-01-02 16:39:47,678 - __main__ - INFO - 🌍 Server starting on 0.0.0.0:5000 (debug=False)
2026-01-02 16:39:55,107 - __main__ - INFO - GET /api/health - Request started
2026-01-02 16:39:55,108 - __main__ - INFO - Completed with status 200 in 0.001s
2026-01-02 16:39:57,168 - __main__ - INFO - POST /api/upload - Request started
2026-01-02 16:39:57,183 - __main__ - INFO - File uploaded: 20260102_163957_sample_data.csv (csv)
2026-01-02 16:39:57,184 - __main__ - INFO - Completed with status 200 in 0.016s
2026-01-02 16:39:59,217 - __main__ - INFO - POST /api/upload - Request started
2026-01-02 16:39:59,269 - __main__ - INFO - File uploaded: 20260102_163959_sample_data.xlsx (excel)
2026-01-02 16:39:59,270 - __main__ - INFO - Completed with status 200 in 0.053s
2026-01-02 16:40:09,694 - __main__ - INFO - POST /api/compare - Request started
2026-01-02 16:40:09,697 - __main__ - INFO - Comparison analysis request received
2026-01-02 16:40:09,698 - __main__ - INFO - Starting comparison for session CMP_20260102_164009
2026-01-02 16:40:09,700 - dq_comparison - INFO - Starting comparison analysis in UI mode
2026-01-02 16:40:09,700 - dq_comparison - INFO - LOADING SOURCE AND TARGET DATA
2026-01-02 16:40:09,702 - dq_comparison - INFO - 
==================================================
2026-01-02 16:40:09,703 - dq_comparison - INFO - 🔗 SOURCE DATA CONFIGURATION
2026-01-02 16:40:09,704 - dq_comparison - INFO - ==================================================
2026-01-02 16:40:09,705 - input_handler - WARNING - Required field 'source_file_path' not provided in UI mode, using empty string
2026-01-02 16:40:09,707 - dq_comparison - ERROR - CSV file not found: 
2026-01-02 16:40:09,708 - dq_comparison - INFO - 
==================================================
2026-01-02 16:40:09,709 - dq_comparison - INFO - 🔗 TARGET DATA CONFIGURATION
2026-01-02 16:40:09,710 - dq_comparison - INFO - ==================================================
2026-01-02 16:40:09,711 - input_handler - WARNING - Required field 'target_file_path' not provided in UI mode, using empty string
2026-01-02 16:40:09,712 - dq_comparison - ERROR - CSV file not found: 
2026-01-02 16:40:09,712 - dq_comparison - ERROR - Failed to load source or target data
2026-01-02 16:40:09,713 - __main__ - WARNING - Comparison completed with errors: Failed to load source or target data
2026-01-02 16:40:09,714 - __main__ - INFO - Completed with status 200 in 0.020s
