2026-01-21 16:03:49,840 - __main__ - INFO - 🌐 API Server Logging Initialized
2026-01-21 16:03:49,842 - __main__ - INFO - 📝 Logs saved to: logs/dq_api_20260121_160349.log
2026-01-21 16:03:49,981 - __main__ - INFO - APP_SETTINGS loaded. Audit enabled: True
2026-01-21 16:03:49,981 - __main__ - INFO - ✅ All DQ modules loaded successfully
2026-01-21 16:03:49,984 - dq_error_log - INFO - ErrorLogger initialized with database: dq_checks
2026-01-21 16:03:49,985 - dq_audit - INFO - Audit class initialized with database: dq_checks
2026-01-21 16:03:49,986 - __main__ - INFO - ✅ ErrorLogger and DataQualityAudit initialized
2026-01-21 16:03:50,003 - __main__ - INFO - 🚀 Starting Data Quality Framework API
2026-01-21 16:03:50,004 - __main__ - INFO - 📊 Modules available: True
2026-01-21 16:03:50,005 - __main__ - INFO - 🔧 Config file mode: False
2026-01-21 16:03:50,005 - __main__ - INFO - 📋 Available endpoints:
2026-01-21 16:03:50,006 - __main__ - INFO -   GET  /              - API status
2026-01-21 16:03:50,007 - __main__ - INFO -   GET  /api/health    - Health check
2026-01-21 16:03:50,008 - __main__ - INFO -   POST /api/check-single - Single source analysis
2026-01-21 16:03:50,009 - __main__ - INFO -   POST /api/compare   - Source-target comparison
2026-01-21 16:03:50,010 - __main__ - INFO -   GET  /api/compare/{id} - Get comparison results
2026-01-21 16:03:50,011 - __main__ - INFO -   GET  /api/compare/{id}/mismatches - Paginated mismatches
2026-01-21 16:03:50,012 - __main__ - INFO -   GET  /api/compare/{id}/rows/source_only - Source-only rows
2026-01-21 16:03:50,013 - __main__ - INFO -   GET  /api/compare/{id}/rows/target_only - Target-only rows
2026-01-21 16:03:50,013 - __main__ - INFO -   GET  /api/compare/{id}/rows/count - Row counts
2026-01-21 16:03:50,014 - __main__ - INFO -   POST /api/upload    - File upload
2026-01-21 16:03:50,015 - __main__ - INFO -   GET  /api/sessions  - List sessions
2026-01-21 16:03:50,016 - __main__ - INFO -   GET  /api/sessions/<id> - Get session data
2026-01-21 16:03:50,017 - __main__ - INFO -   GET  /api/debug-db  - Database debug
2026-01-21 16:03:50,018 - __main__ - INFO - 🌍 Server starting on 0.0.0.0:5000 (debug=False)
2026-01-21 16:04:04,273 - __main__ - INFO - POST /api/advanced - Request started
2026-01-21 16:04:04,274 - __main__ - INFO - Advanced checks request received
2026-01-21 16:04:04,275 - __main__ - INFO - DEBUG: Received columns_input: [] (type: <class 'list'>)
2026-01-21 16:04:04,276 - __main__ - INFO - DEBUG: Using as-is: []
2026-01-21 16:04:04,276 - __main__ - INFO - Starting advanced checks for session ADV_20260121_160404_04f5d88a
2026-01-21 16:04:04,276 - dq_advanced - INFO - Starting advanced checks in UI/API mode
2026-01-21 16:04:04,277 - dq_advanced - INFO - LOADING DATA FOR ADVANCED CHECKS
2026-01-21 16:04:04,277 - dq_unified - INFO - Prompting user for data source type
2026-01-21 16:04:04,279 - dq_unified - INFO - UI Data source_type: csv
2026-01-21 16:04:04,279 - dq_unified - INFO - Using source_type from UI data: csv
2026-01-21 16:04:04,279 - dq_unified - INFO - Loading data from CSV
2026-01-21 16:04:04,280 - dq_unified - INFO - Loading large CSV: C:/Users/003160/OneDrive - wisseninfotech.com/Documents/DQ-Checks-Shashi/Test_data/sample_data.csv
2026-01-21 16:04:04,283 - dq_unified - INFO - CSV file has 15 rows
2026-01-21 16:04:04,283 - dq_unified - INFO - Loading 15 rows from CSV...
2026-01-21 16:04:04,296 - dq_unified - INFO - Loaded 15 rows from CSV
2026-01-21 16:04:04,300 - dq_unified - INFO - Memory optimization: 0.0MB -> 0.0MB (Saved: 0.0MB)
2026-01-21 16:04:04,301 - dq_unified - INFO - Loaded 15 rows, 10 columns. Memory: 103.1MB total, 0.0MB for dataframe
2026-01-21 16:04:04,302 - dq_advanced - INFO - Data loaded: 15 rows, 10 columns from CSV: sample_data.csv
2026-01-21 16:04:04,302 - dq_error_log - INFO - ErrorLogger initialized with database: dq_checks
2026-01-21 16:04:04,451 - dq_error_log - INFO - Database connection successful
2026-01-21 16:04:04,452 - dq_advanced - INFO - Session ID: ADV_20260121_160404_8357
2026-01-21 16:04:04,452 - dq_advanced - INFO - Starting comprehensive validations on 15 rows, 10 columns
2026-01-21 16:04:04,453 - dq_advanced - INFO - Analyzing 10 columns...
2026-01-21 16:04:04,454 - dq_advanced - INFO - Before fidning ['   John Doe', 'Jane      Smith', 'Bob        Johnson', 'Alice Brown', 'Charlie Wilson', 'John Doe        ', 'David         Lee', '  Sarah      Chen  ', 'Mike Davis', 'Lisa       Wang', 'Tom Wilson', '            Robert Brown', 'Nancy Davis', 'Kevin Lee'] data 
2026-01-21 16:04:04,455 - dq_advanced - INFO - Cleaned value:After remove currency symbol John Doe
2026-01-21 16:04:04,455 - dq_advanced - INFO - Cleaned value:After remove currency symbol Jane      Smith
2026-01-21 16:04:04,456 - dq_advanced - INFO - Cleaned value:After remove currency symbol Bob        Johnson
2026-01-21 16:04:04,456 - dq_advanced - INFO - Cleaned value:After remove currency symbol Alice Brown
2026-01-21 16:04:04,457 - dq_advanced - INFO - Cleaned value:After remove currency symbol Charlie Wilson
2026-01-21 16:04:04,457 - dq_advanced - INFO - Cleaned value:After remove currency symbol John Doe
2026-01-21 16:04:04,458 - dq_advanced - INFO - Cleaned value:After remove currency symbol David         Lee
2026-01-21 16:04:04,458 - dq_advanced - INFO - Cleaned value:After remove currency symbol Sarah      Chen
2026-01-21 16:04:04,458 - dq_advanced - INFO - Cleaned value:After remove currency symbol Mike Davis
2026-01-21 16:04:04,459 - dq_advanced - INFO - Cleaned value:After remove currency symbol Lisa       Wang
2026-01-21 16:04:04,459 - dq_advanced - INFO - Cleaned value:After remove currency symbol Tom Wilson
2026-01-21 16:04:04,460 - dq_advanced - INFO - Cleaned value:After remove currency symbol Robert Brown
2026-01-21 16:04:04,460 - dq_advanced - INFO - Cleaned value:After remove currency symbol Nancy Davis
2026-01-21 16:04:04,460 - dq_advanced - INFO - Cleaned value:After remove currency symbol Kevin Lee
2026-01-21 16:04:04,463 - dq_advanced - INFO - Analyzed column 'CustomerName': text with 0 patterns
2026-01-21 16:04:04,464 - dq_advanced - INFO - Before fidning ['john@email.com', 'jane@email.com', 'alice@email.com', 'charlie@email.com', 'john@email.com', 'david@email.com', 'sarah@email.com', 'invalid-email', 'lisa@email.com', 'tom@email.com       ', 'empty@email.com', 'robert@email.com', 'nancy@email.com', 'kevin@email.com'] data 
2026-01-21 16:04:04,464 - dq_advanced - INFO - Cleaned value:After remove currency symbol john@email.com
2026-01-21 16:04:04,465 - dq_advanced - INFO - Cleaned value:After remove currency symbol jane@email.com
2026-01-21 16:04:04,466 - dq_advanced - INFO - Cleaned value:After remove currency symbol alice@email.com
2026-01-21 16:04:04,466 - dq_advanced - INFO - Cleaned value:After remove currency symbol charlie@email.com
2026-01-21 16:04:04,467 - dq_advanced - INFO - Cleaned value:After remove currency symbol john@email.com
2026-01-21 16:04:04,467 - dq_advanced - INFO - Cleaned value:After remove currency symbol david@email.com
2026-01-21 16:04:04,468 - dq_advanced - INFO - Cleaned value:After remove currency symbol sarah@email.com
2026-01-21 16:04:04,468 - dq_advanced - INFO - Cleaned value:After remove currency symbol invalid-email
2026-01-21 16:04:04,469 - dq_advanced - INFO - Cleaned value:After remove currency symbol lisa@email.com
2026-01-21 16:04:04,469 - dq_advanced - INFO - Cleaned value:After remove currency symbol tom@email.com
2026-01-21 16:04:04,470 - dq_advanced - INFO - Cleaned value:After remove currency symbol empty@email.com
2026-01-21 16:04:04,470 - dq_advanced - INFO - Cleaned value:After remove currency symbol robert@email.com
2026-01-21 16:04:04,470 - dq_advanced - INFO - Cleaned value:After remove currency symbol nancy@email.com
2026-01-21 16:04:04,471 - dq_advanced - INFO - Cleaned value:After remove currency symbol kevin@email.com
2026-01-21 16:04:04,472 - dq_advanced - INFO - Analyzed column 'Email': text with 1 patterns
2026-01-21 16:04:04,474 - dq_advanced - INFO - Before fidning [1234567890, 9876543210, 5551234567, 4445556666, 3334445555, 1234567890, 2223334444, 1112223333, 9998887777, 6667778888, 7778889999, 8889990000, 9990001111, 1112222, 1112223333] data 
2026-01-21 16:04:04,476 - dq_advanced - INFO - Analyzed column 'Phone': numeric with 2 patterns
2026-01-21 16:04:04,477 - dq_advanced - INFO - Before fidning [50000.0, 60000.0, 55000.0, 70000.0, 48000.0, 50000.0, 52000.0, 58000.0, 62000.0, 45000.0, 53000.0, 67000.0, 49000.0] data 
2026-01-21 16:04:04,478 - dq_advanced - INFO - Analyzed column 'Salary': numeric with 1 patterns
2026-01-21 16:04:04,479 - dq_advanced - INFO - Before fidning ['IT             ', '       HR', 'Finance', 'IT', 'HR', 'IT', 'Finance', 'IT', 'HR', 'Sales', '           Marketing', 'IT', 'HR', 'Sales'] data 
2026-01-21 16:04:04,480 - dq_advanced - INFO - Cleaned value:After remove currency symbol IT
2026-01-21 16:04:04,480 - dq_advanced - INFO - Cleaned value:After remove currency symbol HR
2026-01-21 16:04:04,481 - dq_advanced - INFO - Cleaned value:After remove currency symbol Finance
2026-01-21 16:04:04,481 - dq_advanced - INFO - Cleaned value:After remove currency symbol IT
2026-01-21 16:04:04,482 - dq_advanced - INFO - Cleaned value:After remove currency symbol HR
2026-01-21 16:04:04,482 - dq_advanced - INFO - Cleaned value:After remove currency symbol IT
2026-01-21 16:04:04,482 - dq_advanced - INFO - Cleaned value:After remove currency symbol Finance
2026-01-21 16:04:04,483 - dq_advanced - INFO - Cleaned value:After remove currency symbol IT
2026-01-21 16:04:04,483 - dq_advanced - INFO - Cleaned value:After remove currency symbol HR
2026-01-21 16:04:04,485 - dq_advanced - INFO - Cleaned value:After remove currency symbol Sales
2026-01-21 16:04:04,485 - dq_advanced - INFO - Cleaned value:After remove currency symbol Marketing
2026-01-21 16:04:04,485 - dq_advanced - INFO - Cleaned value:After remove currency symbol IT
2026-01-21 16:04:04,486 - dq_advanced - INFO - Cleaned value:After remove currency symbol HR
2026-01-21 16:04:04,486 - dq_advanced - INFO - Cleaned value:After remove currency symbol Sales
2026-01-21 16:04:04,488 - dq_advanced - INFO - Analyzed column 'Department': text with 0 patterns
2026-01-21 16:04:04,489 - dq_advanced - INFO - Before fidning ['15-01-2023', '20-02-2023', '10-03-2023', '15-01-2023', '05-04-2023', '15-01-2023', '12-05-2023', '18-06-2023', '22-07-2023', '30-08-2023', '10-09-2023', '15-10-2023', '20-11-2023', '05-12-2023', '10-01-2024'] data 
2026-01-21 16:04:04,489 - dq_advanced - INFO - Cleaned value:After remove currency symbol 15-01-2023
2026-01-21 16:04:04,489 - dq_advanced - INFO - Cleaned value:After remove currency symbol 20-02-2023
2026-01-21 16:04:04,490 - dq_advanced - INFO - Cleaned value:After remove currency symbol 10-03-2023
2026-01-21 16:04:04,490 - dq_advanced - INFO - Cleaned value:After remove currency symbol 15-01-2023
2026-01-21 16:04:04,491 - dq_advanced - INFO - Cleaned value:After remove currency symbol 05-04-2023
2026-01-21 16:04:04,491 - dq_advanced - INFO - Cleaned value:After remove currency symbol 15-01-2023
2026-01-21 16:04:04,492 - dq_advanced - INFO - Cleaned value:After remove currency symbol 12-05-2023
2026-01-21 16:04:04,492 - dq_advanced - INFO - Cleaned value:After remove currency symbol 18-06-2023
2026-01-21 16:04:04,493 - dq_advanced - INFO - Cleaned value:After remove currency symbol 22-07-2023
2026-01-21 16:04:04,493 - dq_advanced - INFO - Cleaned value:After remove currency symbol 30-08-2023
2026-01-21 16:04:04,494 - dq_advanced - INFO - Cleaned value:After remove currency symbol 10-09-2023
2026-01-21 16:04:04,495 - dq_advanced - INFO - Cleaned value:After remove currency symbol 15-10-2023
2026-01-21 16:04:04,496 - dq_advanced - INFO - Cleaned value:After remove currency symbol 20-11-2023
2026-01-21 16:04:04,496 - dq_advanced - INFO - Cleaned value:After remove currency symbol 05-12-2023
2026-01-21 16:04:04,496 - dq_advanced - INFO - Cleaned value:After remove currency symbol 10-01-2024
2026-01-21 16:04:04,498 - dq_advanced - INFO - Analyzed column 'JoinDate': text with 1 patterns
2026-01-21 16:04:04,499 - dq_advanced - INFO - Analyzed column 'PostalCode': text with 2 patterns
2026-01-21 16:04:04,500 - dq_advanced - INFO - Before fidning ['New York', 'Chicago', 'Boston', 'Seattle', 'Miami', 'New York', 'Atlanta', 'Denver', 'Phoenix', 'Austin', 'Portland', 'Detroit', 'Las Vegas', 'Orlando', 'San Diego'] data 
2026-01-21 16:04:04,501 - dq_advanced - INFO - Cleaned value:After remove currency symbol New York
2026-01-21 16:04:04,502 - dq_advanced - INFO - Cleaned value:After remove currency symbol Chicago
2026-01-21 16:04:04,502 - dq_advanced - INFO - Cleaned value:After remove currency symbol Boston
2026-01-21 16:04:04,503 - dq_advanced - INFO - Cleaned value:After remove currency symbol Seattle
2026-01-21 16:04:04,505 - dq_advanced - INFO - Cleaned value:After remove currency symbol Miami
2026-01-21 16:04:04,505 - dq_advanced - INFO - Cleaned value:After remove currency symbol New York
2026-01-21 16:04:04,506 - dq_advanced - INFO - Cleaned value:After remove currency symbol Atlanta
2026-01-21 16:04:04,506 - dq_advanced - INFO - Cleaned value:After remove currency symbol Denver
2026-01-21 16:04:04,507 - dq_advanced - INFO - Cleaned value:After remove currency symbol Phoenix
2026-01-21 16:04:04,507 - dq_advanced - INFO - Cleaned value:After remove currency symbol Austin
2026-01-21 16:04:04,508 - dq_advanced - INFO - Cleaned value:After remove currency symbol Portland
2026-01-21 16:04:04,509 - dq_advanced - INFO - Cleaned value:After remove currency symbol Detroit
2026-01-21 16:04:04,509 - dq_advanced - INFO - Cleaned value:After remove currency symbol Las Vegas
2026-01-21 16:04:04,510 - dq_advanced - INFO - Cleaned value:After remove currency symbol Orlando
2026-01-21 16:04:04,511 - dq_advanced - INFO - Cleaned value:After remove currency symbol San Diego
2026-01-21 16:04:04,512 - dq_advanced - INFO - Analyzed column 'City': text with 0 patterns
2026-01-21 16:04:04,513 - dq_advanced - INFO - Before fidning ['USA', 'USA', 'USA', 'USA', 'USA', 'USA', 'USA', 'USA', 'USA', 'USA', 'USA', 'USA', 'USA', 'USA', 'USA'] data 
2026-01-21 16:04:04,513 - dq_advanced - INFO - Cleaned value:After remove currency symbol USA
2026-01-21 16:04:04,514 - dq_advanced - INFO - Cleaned value:After remove currency symbol USA
2026-01-21 16:04:04,515 - dq_advanced - INFO - Cleaned value:After remove currency symbol USA
2026-01-21 16:04:04,515 - dq_advanced - INFO - Cleaned value:After remove currency symbol USA
2026-01-21 16:04:04,515 - dq_advanced - INFO - Cleaned value:After remove currency symbol USA
2026-01-21 16:04:04,516 - dq_advanced - INFO - Cleaned value:After remove currency symbol USA
2026-01-21 16:04:04,516 - dq_advanced - INFO - Cleaned value:After remove currency symbol USA
2026-01-21 16:04:04,517 - dq_advanced - INFO - Cleaned value:After remove currency symbol USA
2026-01-21 16:04:04,517 - dq_advanced - INFO - Cleaned value:After remove currency symbol USA
2026-01-21 16:04:04,518 - dq_advanced - INFO - Cleaned value:After remove currency symbol USA
2026-01-21 16:04:04,518 - dq_advanced - INFO - Cleaned value:After remove currency symbol USA
2026-01-21 16:04:04,519 - dq_advanced - INFO - Cleaned value:After remove currency symbol USA
2026-01-21 16:04:04,520 - dq_advanced - INFO - Cleaned value:After remove currency symbol USA
2026-01-21 16:04:04,520 - dq_advanced - INFO - Cleaned value:After remove currency symbol USA
2026-01-21 16:04:04,521 - dq_advanced - INFO - Cleaned value:After remove currency symbol USA
2026-01-21 16:04:04,522 - dq_advanced - INFO - Analyzed column 'Country': text with 1 patterns
2026-01-21 16:04:04,523 - dq_advanced - INFO - Before fidning ['TS', 'AP', 'KL', 'MP', 'KA', 'TS', 'DL', 'JK', 'GJ', 'MB', 'AR', 'AS', 'BR', 'GA'] data 
2026-01-21 16:04:04,524 - dq_advanced - INFO - Cleaned value:After remove currency symbol TS
2026-01-21 16:04:04,524 - dq_advanced - INFO - Cleaned value:After remove currency symbol AP
2026-01-21 16:04:04,525 - dq_advanced - INFO - Cleaned value:After remove currency symbol KL
2026-01-21 16:04:04,525 - dq_advanced - INFO - Cleaned value:After remove currency symbol MP
2026-01-21 16:04:04,525 - dq_advanced - INFO - Cleaned value:After remove currency symbol KA
2026-01-21 16:04:04,526 - dq_advanced - INFO - Cleaned value:After remove currency symbol TS
2026-01-21 16:04:04,526 - dq_advanced - INFO - Cleaned value:After remove currency symbol DL
2026-01-21 16:04:04,527 - dq_advanced - INFO - Cleaned value:After remove currency symbol JK
2026-01-21 16:04:04,527 - dq_advanced - INFO - Cleaned value:After remove currency symbol GJ
2026-01-21 16:04:04,528 - dq_advanced - INFO - Cleaned value:After remove currency symbol MB
2026-01-21 16:04:04,529 - dq_advanced - INFO - Cleaned value:After remove currency symbol AR
2026-01-21 16:04:04,529 - dq_advanced - INFO - Cleaned value:After remove currency symbol AS
2026-01-21 16:04:04,530 - dq_advanced - INFO - Cleaned value:After remove currency symbol BR
2026-01-21 16:04:04,530 - dq_advanced - INFO - Cleaned value:After remove currency symbol GA
2026-01-21 16:04:04,531 - dq_advanced - INFO - Analyzed column 'State': text with 1 patterns
2026-01-21 16:04:04,533 - dq_error_log - INFO - Starting batch logging for 13 errors, session: ADV_20260121_160404_8357
2026-01-21 16:04:04,560 - dq_error_log - INFO - Batch 1: Successfully logged 13 errors
2026-01-21 16:04:04,561 - dq_error_log - INFO - Progress: 13/13 errors processed
2026-01-21 16:04:04,561 - dq_error_log - INFO - COMPLETE: Logged 13/13 errors for session ADV_20260121_160404_8357
2026-01-21 16:04:04,562 - dq_audit - INFO - Audit class initialized with database: dq_checks
2026-01-21 16:04:04,563 - dq_audit - INFO - Starting database insertion for advanced...
2026-01-21 16:04:04,580 - dq_audit - INFO - Inserted advanced record with ID: 815
2026-01-21 16:04:04,581 - dq_advanced - INFO - Audit record logged with ID: 815
2026-01-21 16:04:04,592 - dq_error_log - INFO - Retrieved 13 error logs for session ADV_20260121_160404_8357
2026-01-21 16:04:04,608 - dq_error_log - INFO - Retrieved summary: 13 total errors for session ADV_20260121_160404_8357
2026-01-21 16:04:04,608 - dq_audit - INFO - Audit class initialized with database: dq_checks
2026-01-21 16:04:04,628 - dq_audit - INFO - Retrieved 1 audit logs for session ADV_20260121_160404_8357
2026-01-21 16:04:04,629 - dq_advanced - INFO - Advanced checks completed for session ADV_20260121_160404_8357
2026-01-21 16:04:04,642 - dq_error_log - INFO - Retrieved 13 error logs for session ADV_20260121_160404_8357
2026-01-21 16:04:04,654 - dq_error_log - INFO - Retrieved summary: 13 total errors for session ADV_20260121_160404_8357
2026-01-21 16:04:04,668 - dq_audit - INFO - Retrieved 1 audit logs for session ADV_20260121_160404_8357
2026-01-21 16:04:04,669 - __main__ - INFO - Advanced checks completed for session ADV_20260121_160404_8357
2026-01-21 16:04:04,672 - __main__ - INFO - Completed with status 200 in 0.400s
