2026-02-11 15:24:53,588 - __main__ - INFO - 🌐 API Server Logging Initialized
2026-02-11 15:24:53,589 - __main__ - INFO - 📝 Logs saved to: logs/dq_api_20260211_152453.log
2026-02-11 15:24:53,750 - __main__ - INFO - APP_SETTINGS loaded. Audit enabled: True
2026-02-11 15:24:53,751 - __main__ - INFO - ✅ All DQ modules loaded successfully
2026-02-11 15:24:53,755 - dq_error_log - INFO - ErrorLogger initialized with database: dq_checks
2026-02-11 15:24:53,756 - dq_audit - INFO - Audit class initialized with database: dq_checks
2026-02-11 15:24:53,756 - __main__ - INFO - ✅ ErrorLogger and DataQualityAudit initialized
2026-02-11 15:24:53,779 - __main__ - INFO - 🚀 Starting Data Quality Framework API
2026-02-11 15:24:53,780 - __main__ - INFO - 📊 Modules available: True
2026-02-11 15:24:53,785 - __main__ - INFO - 🔧 Config file mode: False
2026-02-11 15:24:53,787 - __main__ - INFO - 📋 Available endpoints:
2026-02-11 15:24:53,788 - __main__ - INFO -   GET  /              - API status
2026-02-11 15:24:53,789 - __main__ - INFO -   GET  /api/health    - Health check
2026-02-11 15:24:53,790 - __main__ - INFO -   POST /api/check-single - Single source analysis
2026-02-11 15:24:53,792 - __main__ - INFO -   POST /api/compare   - Source-target comparison
2026-02-11 15:24:53,793 - __main__ - INFO -   GET  /api/compare/{id} - Get comparison results
2026-02-11 15:24:53,794 - __main__ - INFO -   GET  /api/compare/{id}/mismatches - Paginated mismatches
2026-02-11 15:24:53,795 - __main__ - INFO -   GET  /api/compare/{id}/rows/count - Row counts
2026-02-11 15:24:53,796 - __main__ - INFO -   POST /api/upload    - File upload
2026-02-11 15:24:53,797 - __main__ - INFO -   GET  /api/sessions  - List sessions
2026-02-11 15:24:53,799 - __main__ - INFO -   GET  /api/sessions/<id> - Get session data
2026-02-11 15:24:53,799 - __main__ - INFO -   GET  /api/debug-db  - Database debug
2026-02-11 15:24:53,801 - __main__ - INFO - 🌍 Server starting on 0.0.0.0:5000 (debug=False)
2026-02-11 15:25:03,636 - __main__ - INFO - POST /api/advanced - Request started
2026-02-11 15:25:03,637 - __main__ - INFO - Advanced checks request received
2026-02-11 15:25:03,638 - __main__ - INFO - DEBUG: Received columns_input: [] (type: <class 'list'>)
2026-02-11 15:25:03,638 - __main__ - INFO - DEBUG: Using as-is: []
2026-02-11 15:25:03,639 - __main__ - INFO - Starting advanced checks for session ADV_20260211_152503_5364ca48
2026-02-11 15:25:03,639 - dq_advanced - INFO - Starting advanced checks in UI/API mode
2026-02-11 15:25:03,640 - dq_advanced - INFO - LOADING DATA FOR ADVANCED CHECKS
2026-02-11 15:25:03,640 - dq_unified - INFO - Prompting user for data source type
2026-02-11 15:25:03,640 - dq_unified - INFO - UI Data source_type: csv
2026-02-11 15:25:03,641 - dq_unified - INFO - Using source_type from UI data: csv
2026-02-11 15:25:03,641 - dq_unified - INFO - Loading data from CSV
2026-02-11 15:25:03,642 - dq_unified - INFO - Loading large CSV: C:/Users/003160/OneDrive - wisseninfotech.com/Documents/DQ-Checks-Shashi/Test_data/sample_data.csv
2026-02-11 15:25:03,645 - dq_unified - INFO - CSV file has 15 rows
2026-02-11 15:25:03,645 - dq_unified - INFO - Loading 15 rows from CSV...
2026-02-11 15:25:03,658 - dq_unified - INFO - Loaded 15 rows from CSV
2026-02-11 15:25:03,665 - dq_unified - INFO - Memory optimization: 0.0MB -> 0.0MB (Saved: 0.0MB)
2026-02-11 15:25:03,667 - dq_unified - INFO - Loaded 15 rows, 10 columns. Memory: 102.3MB total, 0.0MB for dataframe
2026-02-11 15:25:03,667 - dq_advanced - INFO - Data loaded: 15 rows, 10 columns from CSV: sample_data.csv
2026-02-11 15:25:03,668 - dq_error_log - INFO - ErrorLogger initialized with database: dq_checks
2026-02-11 15:25:03,775 - dq_error_log - INFO - Database connection successful
2026-02-11 15:25:03,777 - dq_advanced - INFO - Session ID: ADV_20260211_152503_8488
2026-02-11 15:25:03,777 - dq_advanced - INFO - Starting comprehensive validations on 15 rows, 10 columns
2026-02-11 15:25:03,786 - dq_advanced - INFO - Memory: 1983MB available, 0.0004MB/row, Optimal batch: 50000 rows
2026-02-11 15:25:03,786 - dq_advanced - INFO - Auto-calculated batch size: 50000 rows
2026-02-11 15:25:03,787 - dq_advanced - INFO - Analyzing 10 columns...
2026-02-11 15:25:03,790 - dq_advanced - INFO - Analyzed column 'CustomerName': text with 0 patterns
2026-02-11 15:25:03,792 - dq_advanced - INFO - Analyzed column 'Email': text with 1 patterns
2026-02-11 15:25:03,795 - dq_advanced - INFO - Analyzed column 'Phone': numeric with 2 patterns
2026-02-11 15:25:03,796 - dq_advanced - INFO - Analyzed column 'Salary': numeric with 1 patterns
2026-02-11 15:25:03,799 - dq_advanced - INFO - Analyzed column 'Department': text with 0 patterns
2026-02-11 15:25:03,800 - dq_advanced - INFO - Analyzed column 'JoinDate': text with 1 patterns
2026-02-11 15:25:03,803 - dq_advanced - INFO - Analyzed column 'PostalCode': numeric with 2 patterns
2026-02-11 15:25:03,804 - dq_advanced - INFO - Analyzed column 'City': text with 0 patterns
2026-02-11 15:25:03,806 - dq_advanced - INFO - Analyzed column 'Country': text with 1 patterns
2026-02-11 15:25:03,808 - dq_advanced - INFO - Analyzed column 'State': text with 1 patterns
2026-02-11 15:25:03,810 - dq_error_log - INFO - Starting batch logging for 19 errors, session: ADV_20260211_152503_8488
2026-02-11 15:25:03,841 - dq_error_log - INFO - Batch 1: Successfully logged 19 errors
2026-02-11 15:25:03,841 - dq_error_log - INFO - Progress: 19/19 errors processed
2026-02-11 15:25:03,842 - dq_error_log - INFO - COMPLETE: Logged 19/19 errors for session ADV_20260211_152503_8488
2026-02-11 15:25:03,842 - dq_audit - INFO - Audit class initialized with database: dq_checks
2026-02-11 15:25:03,843 - dq_audit - INFO - Starting database insertion for advanced...
2026-02-11 15:25:03,865 - dq_audit - INFO - Inserted advanced record with ID: 919
2026-02-11 15:25:03,865 - dq_advanced - INFO - Audit record logged with ID: 919
2026-02-11 15:25:03,876 - dq_error_log - INFO - Retrieved 19 error logs for session ADV_20260211_152503_8488
2026-02-11 15:25:03,893 - dq_error_log - INFO - Retrieved summary: 19 total errors for session ADV_20260211_152503_8488
2026-02-11 15:25:03,893 - dq_audit - INFO - Audit class initialized with database: dq_checks
2026-02-11 15:25:03,910 - dq_audit - INFO - Retrieved 1 audit logs for session ADV_20260211_152503_8488
2026-02-11 15:25:03,911 - dq_advanced - INFO - Advanced checks completed for session ADV_20260211_152503_8488
2026-02-11 15:25:03,920 - dq_error_log - INFO - Retrieved 19 error logs for session ADV_20260211_152503_8488
2026-02-11 15:25:03,934 - dq_error_log - INFO - Retrieved summary: 19 total errors for session ADV_20260211_152503_8488
2026-02-11 15:25:03,949 - dq_audit - INFO - Retrieved 1 audit logs for session ADV_20260211_152503_8488
2026-02-11 15:25:03,950 - __main__ - INFO - Advanced checks completed for session ADV_20260211_152503_8488
2026-02-11 15:25:03,952 - __main__ - INFO - Completed with status 200 in 0.316s
2026-02-11 15:30:17,479 - __main__ - INFO - GET /api/advanced/ADV_20260211_152503_5364ca48 - Request started
2026-02-11 15:30:17,482 - __main__ - INFO - Completed with status 200 in 0.003s
2026-02-11 15:31:03,826 - __main__ - INFO - POST /api/advanced - Request started
2026-02-11 15:31:03,828 - __main__ - INFO - Advanced checks request received
2026-02-11 15:31:03,829 - __main__ - INFO - DEBUG: Received columns_input: [] (type: <class 'list'>)
2026-02-11 15:31:03,830 - __main__ - INFO - DEBUG: Using as-is: []
2026-02-11 15:31:03,831 - __main__ - INFO - Starting advanced checks for session ADV_20260211_153103_08dcbe49
2026-02-11 15:31:03,833 - dq_advanced - INFO - Starting advanced checks in UI/API mode
2026-02-11 15:31:03,833 - dq_advanced - INFO - LOADING DATA FOR ADVANCED CHECKS
2026-02-11 15:31:03,834 - dq_unified - INFO - Prompting user for data source type
2026-02-11 15:31:03,835 - dq_unified - INFO - UI Data source_type: csv
2026-02-11 15:31:03,835 - dq_unified - INFO - Using source_type from UI data: csv
2026-02-11 15:31:03,836 - dq_unified - INFO - Loading data from CSV
2026-02-11 15:31:03,837 - dq_unified - INFO - Loading large CSV: C:/Users/003160/OneDrive - wisseninfotech.com/Documents/DQ-Checks-Shashi/Test_data/source_data_90k.csv
2026-02-11 15:31:03,899 - dq_unified - INFO - CSV file has 92,875 rows
2026-02-11 15:31:03,899 - dq_unified - INFO - Loading 92,875 rows from CSV...
2026-02-11 15:31:04,335 - dq_unified - INFO - Loaded 89,999 rows from CSV
2026-02-11 15:31:05,174 - dq_unified - INFO - Memory optimization: 45.4MB -> 17.1MB (Saved: 28.3MB)
2026-02-11 15:31:05,334 - dq_unified - INFO - Loaded 89,999 rows, 12 columns. Memory: 135.5MB total, 17.1MB for dataframe
2026-02-11 15:31:05,335 - dq_advanced - INFO - Data loaded: 89,999 rows, 12 columns from CSV: source_data_90k.csv
2026-02-11 15:31:05,337 - dq_error_log - INFO - ErrorLogger initialized with database: dq_checks
2026-02-11 15:31:05,362 - dq_error_log - INFO - Database connection successful
2026-02-11 15:31:05,363 - dq_advanced - INFO - Session ID: ADV_20260211_153105_2704
2026-02-11 15:31:05,364 - dq_advanced - INFO - Starting comprehensive validations on 89,999 rows, 12 columns
2026-02-11 15:31:05,382 - dq_advanced - INFO - Memory: 712MB available, 0.0003MB/row, Optimal batch: 50000 rows
2026-02-11 15:31:05,383 - dq_advanced - INFO - Auto-calculated batch size: 50000 rows
2026-02-11 15:31:05,385 - dq_advanced - INFO - Analyzing 12 columns...
2026-02-11 15:31:05,411 - dq_advanced - INFO - Analyzed column 'id': numeric with 2 patterns
2026-02-11 15:31:05,544 - dq_advanced - INFO - Analyzed column 'customer_id': text with 1 patterns
2026-02-11 15:31:05,690 - dq_advanced - INFO - Analyzed column 'transaction_id': text with 1 patterns
2026-02-11 15:31:05,815 - dq_advanced - INFO - Analyzed column 'customer_name': text with 0 patterns
2026-02-11 15:31:05,961 - dq_advanced - INFO - Analyzed column 'email': text with 1 patterns
2026-02-11 15:31:06,093 - dq_advanced - INFO - Analyzed column 'phone': text with 2 patterns
2026-02-11 15:31:06,209 - dq_advanced - INFO - Analyzed column 'transaction_date': text with 1 patterns
2026-02-11 15:31:06,243 - dq_advanced - INFO - Analyzed column 'amount': numeric with 0 patterns
2026-02-11 15:31:06,256 - dq_advanced - INFO - Analyzed column 'quantity': numeric with 1 patterns
2026-02-11 15:31:06,274 - dq_advanced - INFO - Analyzed column 'age': numeric with 2 patterns
2026-02-11 15:31:06,373 - dq_advanced - INFO - Analyzed column 'status': text with 0 patterns
2026-02-11 15:31:06,521 - dq_advanced - INFO - Analyzed column 'description': text with 0 patterns
2026-02-11 15:31:17,804 - dq_error_log - INFO - Starting batch logging for 69252 errors, session: ADV_20260211_153105_2704
2026-02-11 15:31:17,912 - dq_error_log - INFO - Batch 1: Successfully logged 500 errors
2026-02-11 15:31:18,000 - dq_error_log - INFO - Batch 2: Successfully logged 500 errors
2026-02-11 15:31:18,100 - dq_error_log - INFO - Batch 3: Successfully logged 500 errors
2026-02-11 15:31:18,204 - dq_error_log - INFO - Batch 4: Successfully logged 500 errors
2026-02-11 15:31:18,305 - dq_error_log - INFO - Batch 5: Successfully logged 500 errors
2026-02-11 15:31:18,395 - dq_error_log - INFO - Batch 6: Successfully logged 500 errors
2026-02-11 15:31:18,502 - dq_error_log - INFO - Batch 7: Successfully logged 500 errors
2026-02-11 15:31:18,595 - dq_error_log - INFO - Batch 8: Successfully logged 500 errors
2026-02-11 15:31:18,694 - dq_error_log - INFO - Batch 9: Successfully logged 500 errors
2026-02-11 15:31:18,784 - dq_error_log - INFO - Batch 10: Successfully logged 500 errors
2026-02-11 15:31:18,787 - dq_error_log - INFO - Progress: 5000/69252 errors processed
2026-02-11 15:31:18,937 - dq_error_log - INFO - Batch 11: Successfully logged 500 errors
2026-02-11 15:31:19,024 - dq_error_log - INFO - Batch 12: Successfully logged 500 errors
2026-02-11 15:31:19,115 - dq_error_log - INFO - Batch 13: Successfully logged 500 errors
2026-02-11 15:31:19,209 - dq_error_log - INFO - Batch 14: Successfully logged 500 errors
2026-02-11 15:31:19,309 - dq_error_log - INFO - Batch 15: Successfully logged 500 errors
2026-02-11 15:31:19,405 - dq_error_log - INFO - Batch 16: Successfully logged 500 errors
2026-02-11 15:31:19,509 - dq_error_log - INFO - Batch 17: Successfully logged 500 errors
2026-02-11 15:31:19,598 - dq_error_log - INFO - Batch 18: Successfully logged 500 errors
2026-02-11 15:31:19,675 - dq_error_log - INFO - Batch 19: Successfully logged 500 errors
2026-02-11 15:31:19,780 - dq_error_log - INFO - Batch 20: Successfully logged 500 errors
2026-02-11 15:31:19,782 - dq_error_log - INFO - Progress: 10000/69252 errors processed
2026-02-11 15:31:19,879 - dq_error_log - INFO - Batch 21: Successfully logged 500 errors
2026-02-11 15:31:19,974 - dq_error_log - INFO - Batch 22: Successfully logged 500 errors
2026-02-11 15:31:20,087 - dq_error_log - INFO - Batch 23: Successfully logged 500 errors
2026-02-11 15:31:20,175 - dq_error_log - INFO - Batch 24: Successfully logged 500 errors
2026-02-11 15:31:20,302 - dq_error_log - INFO - Batch 25: Successfully logged 500 errors
2026-02-11 15:31:20,406 - dq_error_log - INFO - Batch 26: Successfully logged 500 errors
2026-02-11 15:31:20,500 - dq_error_log - INFO - Batch 27: Successfully logged 500 errors
2026-02-11 15:31:20,593 - dq_error_log - INFO - Batch 28: Successfully logged 500 errors
2026-02-11 15:31:20,679 - dq_error_log - INFO - Batch 29: Successfully logged 500 errors
2026-02-11 15:31:20,776 - dq_error_log - INFO - Batch 30: Successfully logged 500 errors
2026-02-11 15:31:20,778 - dq_error_log - INFO - Progress: 15000/69252 errors processed
2026-02-11 15:31:20,857 - dq_error_log - INFO - Batch 31: Successfully logged 500 errors
2026-02-11 15:31:20,957 - dq_error_log - INFO - Batch 32: Successfully logged 500 errors
2026-02-11 15:31:21,049 - dq_error_log - INFO - Batch 33: Successfully logged 500 errors
2026-02-11 15:31:21,143 - dq_error_log - INFO - Batch 34: Successfully logged 500 errors
2026-02-11 15:31:21,252 - dq_error_log - INFO - Batch 35: Successfully logged 500 errors
2026-02-11 15:31:21,371 - dq_error_log - INFO - Batch 36: Successfully logged 500 errors
2026-02-11 15:31:21,487 - dq_error_log - INFO - Batch 37: Successfully logged 500 errors
2026-02-11 15:31:21,594 - dq_error_log - INFO - Batch 38: Successfully logged 500 errors
2026-02-11 15:31:21,747 - dq_error_log - INFO - Batch 39: Successfully logged 500 errors
2026-02-11 15:31:21,846 - dq_error_log - INFO - Batch 40: Successfully logged 500 errors
2026-02-11 15:31:21,848 - dq_error_log - INFO - Progress: 20000/69252 errors processed
2026-02-11 15:31:21,943 - dq_error_log - INFO - Batch 41: Successfully logged 500 errors
2026-02-11 15:31:22,043 - dq_error_log - INFO - Batch 42: Successfully logged 500 errors
2026-02-11 15:31:22,134 - dq_error_log - INFO - Batch 43: Successfully logged 500 errors
2026-02-11 15:31:22,206 - dq_error_log - INFO - Batch 44: Successfully logged 500 errors
2026-02-11 15:31:22,286 - dq_error_log - INFO - Batch 45: Successfully logged 500 errors
2026-02-11 15:31:22,367 - dq_error_log - INFO - Batch 46: Successfully logged 500 errors
2026-02-11 15:31:22,440 - dq_error_log - INFO - Batch 47: Successfully logged 500 errors
2026-02-11 15:31:22,518 - dq_error_log - INFO - Batch 48: Successfully logged 500 errors
2026-02-11 15:31:22,612 - dq_error_log - INFO - Batch 49: Successfully logged 500 errors
2026-02-11 15:31:22,707 - dq_error_log - INFO - Batch 50: Successfully logged 500 errors
2026-02-11 15:31:22,709 - dq_error_log - INFO - Progress: 25000/69252 errors processed
2026-02-11 15:31:22,802 - dq_error_log - INFO - Batch 51: Successfully logged 500 errors
2026-02-11 15:31:22,895 - dq_error_log - INFO - Batch 52: Successfully logged 500 errors
2026-02-11 15:31:23,045 - dq_error_log - INFO - Batch 53: Successfully logged 500 errors
2026-02-11 15:31:23,126 - dq_error_log - INFO - Batch 54: Successfully logged 500 errors
2026-02-11 15:31:23,209 - dq_error_log - INFO - Batch 55: Successfully logged 500 errors
2026-02-11 15:31:23,286 - dq_error_log - INFO - Batch 56: Successfully logged 500 errors
2026-02-11 15:31:23,383 - dq_error_log - INFO - Batch 57: Successfully logged 500 errors
2026-02-11 15:31:23,469 - dq_error_log - INFO - Batch 58: Successfully logged 500 errors
2026-02-11 15:31:23,547 - dq_error_log - INFO - Batch 59: Successfully logged 500 errors
2026-02-11 15:31:23,625 - dq_error_log - INFO - Batch 60: Successfully logged 500 errors
2026-02-11 15:31:23,627 - dq_error_log - INFO - Progress: 30000/69252 errors processed
2026-02-11 15:31:23,716 - dq_error_log - INFO - Batch 61: Successfully logged 500 errors
2026-02-11 15:31:23,806 - dq_error_log - INFO - Batch 62: Successfully logged 500 errors
2026-02-11 15:31:23,897 - dq_error_log - INFO - Batch 63: Successfully logged 500 errors
2026-02-11 15:31:23,990 - dq_error_log - INFO - Batch 64: Successfully logged 500 errors
2026-02-11 15:31:24,087 - dq_error_log - INFO - Batch 65: Successfully logged 500 errors
2026-02-11 15:31:24,167 - dq_error_log - INFO - Batch 66: Successfully logged 500 errors
2026-02-11 15:31:24,321 - dq_error_log - INFO - Batch 67: Successfully logged 500 errors
2026-02-11 15:31:24,418 - dq_error_log - INFO - Batch 68: Successfully logged 500 errors
2026-02-11 15:31:24,501 - dq_error_log - INFO - Batch 69: Successfully logged 500 errors
2026-02-11 15:31:24,587 - dq_error_log - INFO - Batch 70: Successfully logged 500 errors
2026-02-11 15:31:24,590 - dq_error_log - INFO - Progress: 35000/69252 errors processed
2026-02-11 15:31:24,675 - dq_error_log - INFO - Batch 71: Successfully logged 500 errors
2026-02-11 15:31:24,756 - dq_error_log - INFO - Batch 72: Successfully logged 500 errors
2026-02-11 15:31:24,848 - dq_error_log - INFO - Batch 73: Successfully logged 500 errors
2026-02-11 15:31:24,931 - dq_error_log - INFO - Batch 74: Successfully logged 500 errors
2026-02-11 15:31:25,011 - dq_error_log - INFO - Batch 75: Successfully logged 500 errors
2026-02-11 15:31:25,101 - dq_error_log - INFO - Batch 76: Successfully logged 500 errors
2026-02-11 15:31:25,182 - dq_error_log - INFO - Batch 77: Successfully logged 500 errors
2026-02-11 15:31:25,271 - dq_error_log - INFO - Batch 78: Successfully logged 500 errors
2026-02-11 15:31:25,344 - dq_error_log - INFO - Batch 79: Successfully logged 500 errors
2026-02-11 15:31:25,429 - dq_error_log - INFO - Batch 80: Successfully logged 500 errors
2026-02-11 15:31:25,432 - dq_error_log - INFO - Progress: 40000/69252 errors processed
2026-02-11 15:31:25,569 - dq_error_log - INFO - Batch 81: Successfully logged 500 errors
2026-02-11 15:31:25,647 - dq_error_log - INFO - Batch 82: Successfully logged 500 errors
2026-02-11 15:31:25,734 - dq_error_log - INFO - Batch 83: Successfully logged 500 errors
2026-02-11 15:31:25,826 - dq_error_log - INFO - Batch 84: Successfully logged 500 errors
2026-02-11 15:31:25,921 - dq_error_log - INFO - Batch 85: Successfully logged 500 errors
2026-02-11 15:31:26,014 - dq_error_log - INFO - Batch 86: Successfully logged 500 errors
2026-02-11 15:31:26,091 - dq_error_log - INFO - Batch 87: Successfully logged 500 errors
2026-02-11 15:31:26,185 - dq_error_log - INFO - Batch 88: Successfully logged 500 errors
2026-02-11 15:31:26,265 - dq_error_log - INFO - Batch 89: Successfully logged 500 errors
2026-02-11 15:31:26,353 - dq_error_log - INFO - Batch 90: Successfully logged 500 errors
2026-02-11 15:31:26,354 - dq_error_log - INFO - Progress: 45000/69252 errors processed
2026-02-11 15:31:26,449 - dq_error_log - INFO - Batch 91: Successfully logged 500 errors
2026-02-11 15:31:26,525 - dq_error_log - INFO - Batch 92: Successfully logged 500 errors
2026-02-11 15:31:26,608 - dq_error_log - INFO - Batch 93: Successfully logged 500 errors
2026-02-11 15:31:26,689 - dq_error_log - INFO - Batch 94: Successfully logged 500 errors
2026-02-11 15:31:26,827 - dq_error_log - INFO - Batch 95: Successfully logged 500 errors
2026-02-11 15:31:26,922 - dq_error_log - INFO - Batch 96: Successfully logged 500 errors
2026-02-11 15:31:27,011 - dq_error_log - INFO - Batch 97: Successfully logged 500 errors
2026-02-11 15:31:27,109 - dq_error_log - INFO - Batch 98: Successfully logged 500 errors
2026-02-11 15:31:27,206 - dq_error_log - INFO - Batch 99: Successfully logged 500 errors
2026-02-11 15:31:27,295 - dq_error_log - INFO - Batch 100: Successfully logged 500 errors
2026-02-11 15:31:27,298 - dq_error_log - INFO - Progress: 50000/69252 errors processed
2026-02-11 15:31:27,391 - dq_error_log - INFO - Batch 101: Successfully logged 500 errors
2026-02-11 15:31:27,484 - dq_error_log - INFO - Batch 102: Successfully logged 500 errors
2026-02-11 15:31:27,584 - dq_error_log - INFO - Batch 103: Successfully logged 500 errors
2026-02-11 15:31:27,666 - dq_error_log - INFO - Batch 104: Successfully logged 500 errors
2026-02-11 15:31:27,744 - dq_error_log - INFO - Batch 105: Successfully logged 500 errors
2026-02-11 15:31:27,822 - dq_error_log - INFO - Batch 106: Successfully logged 500 errors
2026-02-11 15:31:27,918 - dq_error_log - INFO - Batch 107: Successfully logged 500 errors
2026-02-11 15:31:28,002 - dq_error_log - INFO - Batch 108: Successfully logged 500 errors
2026-02-11 15:31:28,133 - dq_error_log - INFO - Batch 109: Successfully logged 500 errors
2026-02-11 15:31:28,219 - dq_error_log - INFO - Batch 110: Successfully logged 500 errors
2026-02-11 15:31:28,220 - dq_error_log - INFO - Progress: 55000/69252 errors processed
2026-02-11 15:31:28,294 - dq_error_log - INFO - Batch 111: Successfully logged 500 errors
2026-02-11 15:31:28,358 - dq_error_log - INFO - Batch 112: Successfully logged 500 errors
2026-02-11 15:31:28,441 - dq_error_log - INFO - Batch 113: Successfully logged 500 errors
2026-02-11 15:31:28,527 - dq_error_log - INFO - Batch 114: Successfully logged 500 errors
2026-02-11 15:31:28,604 - dq_error_log - INFO - Batch 115: Successfully logged 500 errors
2026-02-11 15:31:28,674 - dq_error_log - INFO - Batch 116: Successfully logged 500 errors
2026-02-11 15:31:28,753 - dq_error_log - INFO - Batch 117: Successfully logged 500 errors
2026-02-11 15:31:28,831 - dq_error_log - INFO - Batch 118: Successfully logged 500 errors
2026-02-11 15:31:28,900 - dq_error_log - INFO - Batch 119: Successfully logged 500 errors
2026-02-11 15:31:28,979 - dq_error_log - INFO - Batch 120: Successfully logged 500 errors
2026-02-11 15:31:28,981 - dq_error_log - INFO - Progress: 60000/69252 errors processed
2026-02-11 15:31:29,061 - dq_error_log - INFO - Batch 121: Successfully logged 500 errors
2026-02-11 15:31:29,128 - dq_error_log - INFO - Batch 122: Successfully logged 500 errors
2026-02-11 15:31:29,196 - dq_error_log - INFO - Batch 123: Successfully logged 500 errors
2026-02-11 15:31:29,378 - dq_error_log - INFO - Batch 124: Successfully logged 500 errors
2026-02-11 15:31:29,447 - dq_error_log - INFO - Batch 125: Successfully logged 500 errors
2026-02-11 15:31:29,518 - dq_error_log - INFO - Batch 126: Successfully logged 500 errors
2026-02-11 15:31:29,599 - dq_error_log - INFO - Batch 127: Successfully logged 500 errors
2026-02-11 15:31:29,683 - dq_error_log - INFO - Batch 128: Successfully logged 500 errors
2026-02-11 15:31:29,749 - dq_error_log - INFO - Batch 129: Successfully logged 500 errors
2026-02-11 15:31:29,826 - dq_error_log - INFO - Batch 130: Successfully logged 500 errors
2026-02-11 15:31:29,826 - dq_error_log - INFO - Progress: 65000/69252 errors processed
2026-02-11 15:31:29,905 - dq_error_log - INFO - Batch 131: Successfully logged 500 errors
2026-02-11 15:31:29,992 - dq_error_log - INFO - Batch 132: Successfully logged 500 errors
2026-02-11 15:31:30,060 - dq_error_log - INFO - Batch 133: Successfully logged 500 errors
2026-02-11 15:31:30,144 - dq_error_log - INFO - Batch 134: Successfully logged 500 errors
2026-02-11 15:31:30,220 - dq_error_log - INFO - Batch 135: Successfully logged 500 errors
2026-02-11 15:31:30,283 - dq_error_log - INFO - Batch 136: Successfully logged 500 errors
2026-02-11 15:31:30,371 - dq_error_log - INFO - Batch 137: Successfully logged 500 errors
2026-02-11 15:31:30,440 - dq_error_log - INFO - Batch 138: Successfully logged 500 errors
2026-02-11 15:31:30,533 - dq_error_log - INFO - Batch 139: Successfully logged 252 errors
2026-02-11 15:31:30,535 - dq_error_log - INFO - Progress: 69252/69252 errors processed
2026-02-11 15:31:30,535 - dq_error_log - INFO - COMPLETE: Logged 69252/69252 errors for session ADV_20260211_153105_2704
2026-02-11 15:31:30,538 - dq_audit - INFO - Audit class initialized with database: dq_checks
2026-02-11 15:31:30,539 - dq_audit - INFO - Starting database insertion for advanced...
2026-02-11 15:31:30,564 - dq_audit - INFO - Inserted advanced record with ID: 920
2026-02-11 15:31:30,568 - dq_advanced - INFO - Audit record logged with ID: 920
2026-02-11 15:31:31,079 - dq_error_log - INFO - Retrieved 100 error logs for session ADV_20260211_153105_2704
2026-02-11 15:31:31,768 - dq_error_log - INFO - Retrieved summary: 69252 total errors for session ADV_20260211_153105_2704
2026-02-11 15:31:31,769 - dq_audit - INFO - Audit class initialized with database: dq_checks
2026-02-11 15:31:31,787 - dq_audit - INFO - Retrieved 1 audit logs for session ADV_20260211_153105_2704
2026-02-11 15:31:31,788 - dq_advanced - INFO - Advanced checks completed for session ADV_20260211_153105_2704
2026-02-11 15:31:32,274 - dq_error_log - INFO - Retrieved 100 error logs for session ADV_20260211_153105_2704
2026-02-11 15:31:32,966 - dq_error_log - INFO - Retrieved summary: 69252 total errors for session ADV_20260211_153105_2704
2026-02-11 15:31:32,984 - dq_audit - INFO - Retrieved 1 audit logs for session ADV_20260211_153105_2704
2026-02-11 15:31:32,986 - __main__ - INFO - Advanced checks completed for session ADV_20260211_153105_2704
2026-02-11 15:31:32,991 - __main__ - INFO - Completed with status 200 in 29.165s
