2026-01-14 13:31:49,941 - __main__ - INFO - 🌐 API Server Logging Initialized
2026-01-14 13:31:49,943 - __main__ - INFO - 📝 Logs saved to: logs/dq_api_20260114_133149.log
2026-01-14 13:31:49,993 - dq_rules - WARNING - Could not load config from database: name 'get_db_connection' is not defined
2026-01-14 13:31:49,996 - __main__ - INFO - APP_SETTINGS loaded. Audit enabled: True
2026-01-14 13:31:49,997 - __main__ - INFO - ✅ All DQ modules loaded successfully
2026-01-14 13:31:50,001 - dq_error_log - INFO - ErrorLogger initialized with database: dq_checks
2026-01-14 13:31:50,002 - dq_audit - INFO - Audit class initialized with database: dq_checks
2026-01-14 13:31:50,003 - __main__ - INFO - ✅ ErrorLogger and DataQualityAudit initialized
2026-01-14 13:31:50,022 - __main__ - INFO - 🚀 Starting Data Quality Framework API
2026-01-14 13:31:50,023 - __main__ - INFO - 📊 Modules available: True
2026-01-14 13:31:50,023 - __main__ - INFO - 🔧 Config file mode: False
2026-01-14 13:31:50,024 - __main__ - INFO - 📋 Available endpoints:
2026-01-14 13:31:50,025 - __main__ - INFO -   GET  /              - API status
2026-01-14 13:31:50,025 - __main__ - INFO -   GET  /api/health    - Health check
2026-01-14 13:31:50,025 - __main__ - INFO -   POST /api/check-single - Single source analysis
2026-01-14 13:31:50,026 - __main__ - INFO -   POST /api/compare   - Source-target comparison
2026-01-14 13:31:50,026 - __main__ - INFO -   POST /api/upload    - File upload
2026-01-14 13:31:50,027 - __main__ - INFO -   GET  /api/sessions  - List sessions
2026-01-14 13:31:50,027 - __main__ - INFO -   GET  /api/sessions/<id> - Get session data
2026-01-14 13:31:50,028 - __main__ - INFO -   GET  /api/debug-db  - Database debug
2026-01-14 13:31:50,028 - __main__ - INFO - 🌍 Server starting on 0.0.0.0:5000 (debug=False)
2026-01-14 13:32:02,770 - __main__ - INFO - POST /api/compare - Request started
2026-01-14 13:32:02,771 - __main__ - INFO - Comparison request - Source: database, Target: excel
2026-01-14 13:32:02,772 - __main__ - INFO - Comparison analysis request received
2026-01-14 13:32:02,772 - __main__ - INFO - DEBUG source_data from nested: {'source_type': 'database', 'db_type': 'mysql', 'host': 'localhost', 'port': 3306, 'database': 'dq_checks', 'table': 'customers', 'user': 'root', 'password': 'root'}
2026-01-14 13:32:02,773 - __main__ - INFO - Starting comparison for session CMP_20260114_133202
2026-01-14 13:32:02,774 - dq_comparison - INFO - Starting comparison analysis in UI mode
2026-01-14 13:32:02,775 - dq_comparison - INFO - LOADING SOURCE AND TARGET DATA
2026-01-14 13:32:02,775 - dq_comparison - INFO - 
==================================================
2026-01-14 13:32:02,776 - dq_comparison - INFO - 🔗 SOURCE DATA CONFIGURATION
2026-01-14 13:32:02,776 - dq_comparison - INFO - ==================================================
2026-01-14 13:32:02,777 - dq_comparison - INFO - 
🗄️ SOURCE DATABASE CONFIGURATION
2026-01-14 13:32:02,777 - dq_comparison - INFO - ----------------------------------------
2026-01-14 13:32:02,778 - dq_comparison - INFO - UI mode: Using provided database configuration for SOURCE
2026-01-14 13:32:02,778 - dq_unified - INFO - Loading data from DATABASE
2026-01-14 13:32:02,779 - dq_unified - INFO - Loading large database table: customers
2026-01-14 13:32:02,779 - dq_unified - INFO - Normalized DB config with schema: dq_checks
2026-01-14 13:32:02,899 - dq_unified - INFO - MySQL table customers has 15 rows
2026-01-14 13:32:02,899 - dq_unified - INFO - Loading 15 rows from MySQL...
2026-01-14 13:32:03,448 - dq_unified - INFO - Loaded 15 rows from MySQL
2026-01-14 13:32:03,461 - dq_unified - INFO - Memory optimization: 0.0MB -> 0.0MB (Saved: 0.0MB)
2026-01-14 13:32:03,462 - dq_unified - INFO - Standardizing data types...
2026-01-14 13:32:03,466 - dq_unified - INFO - Data type standardization complete
2026-01-14 13:32:03,468 - dq_unified - INFO - Loaded 15 rows, 10 columns. Memory: 125.0MB total, 0.0MB for dataframe
2026-01-14 13:32:03,469 - dq_comparison - INFO - SOURCE database loaded: 15 rows, 10 columns
2026-01-14 13:32:03,470 - dq_comparison - INFO - 
==================================================
2026-01-14 13:32:03,470 - dq_comparison - INFO - 🔗 TARGET DATA CONFIGURATION
2026-01-14 13:32:03,471 - dq_comparison - INFO - ==================================================
2026-01-14 13:32:03,471 - dq_comparison - INFO - DEBUG load_excel_source called for TARGET
2026-01-14 13:32:03,471 - dq_comparison - INFO - DEBUG ui_data: {'source_type': 'excel', 'target_file_path': 'C:\\\\Users\\\\003160\\\\OneDrive - wisseninfotech.com\\\\Documents\\\\DQ-Checks-Shashi\\\\Test_data\\\\sample_data.xlsx'}
2026-01-14 13:32:03,472 - dq_comparison - INFO - DEBUG ui_data type: <class 'dict'>
2026-01-14 13:32:03,472 - dq_comparison - INFO - DEBUG Found target_file_path in ui_data: C:\\Users\\003160\\OneDrive - wisseninfotech.com\\Documents\\DQ-Checks-Shashi\\Test_data\\sample_data.xlsx
2026-01-14 13:32:04,374 - dq_comparison - INFO - TARGET Excel loaded: 15 rows, 10 columns
2026-01-14 13:32:04,375 - dq_comparison - INFO - Source data loaded: 15 rows, 10 columns
2026-01-14 13:32:04,376 - dq_comparison - INFO - Target data loaded: 15 rows, 10 columns
2026-01-14 13:32:04,376 - dq_comparison - INFO - SELECTING COLUMNS FOR COMPARISON
2026-01-14 13:32:04,378 - dq_comparison - INFO - Source columns (original): ['CustomerName', 'Email', 'Phone', 'Salary', 'Department', 'JoinDate', 'PostalCode', 'City', 'Country', 'State']
2026-01-14 13:32:04,378 - dq_comparison - INFO - Target columns (original): ['CustomerName', 'Email', 'Phone', 'Salary', 'Department', 'JoinDate', 'PostalCode', 'City', 'Country', 'State']
2026-01-14 13:32:04,379 - dq_comparison - INFO - Common columns lowercased: ['postalcode', 'customername', 'city', 'email', 'phone', 'department', 'salary', 'country', 'state', 'joindate']
2026-01-14 13:32:04,379 - dq_comparison - INFO - Found 10 common columns between source and target (case-insensitive)
2026-01-14 13:32:04,379 - dq_comparison - INFO - User column selection input: all
2026-01-14 13:32:04,380 - dq_comparison - INFO - User selected ALL common columns for comparison
2026-01-14 13:32:04,381 - dq_comparison - INFO - Selected 10 columns for comparison: ['PostalCode', 'CustomerName', 'City', 'Email', 'Phone']...
2026-01-14 13:32:04,382 - dq_comparison - INFO - GENERATING COMPREHENSIVE COMPARISON REPORT
2026-01-14 13:32:04,382 - dq_comparison - INFO - Report details - Source: Database: mysql - dq_checks.customers, Target: Excel: sample_data.xlsx (sample_data), Selected columns: 10
2026-01-14 13:32:04,383 - dq_comparison - INFO - Initializing Error Logger...
2026-01-14 13:32:04,384 - dq_error_log - INFO - ErrorLogger initialized with database: dq_checks
2026-01-14 13:32:04,397 - dq_error_log - INFO - Database connection successful
2026-01-14 13:32:04,398 - dq_comparison - INFO - Session ID: CMP_20260114_133204
2026-01-14 13:32:04,398 - dq_comparison - INFO - ✅ Row counts match: 15 rows
2026-01-14 13:32:04,399 - dq_comparison - INFO - Comparing column structures...
2026-01-14 13:32:04,400 - dq_comparison - WARNING - Found 7 incompatible data type mismatches
2026-01-14 13:32:04,400 - dq_comparison - INFO - Column structure comparison complete. Match: False
2026-01-14 13:32:04,480 - dq_comparison - INFO - Validating primary key/unique fields...
2026-01-14 13:32:04,480 - dq_comparison - INFO - Checking key fields: ['PostalCode']
2026-01-14 13:32:04,485 - dq_comparison - WARNING - Field 'PostalCode' has duplicates in source: 2 rows
2026-01-14 13:32:04,486 - dq_comparison - WARNING - Field 'PostalCode' has duplicates in target: 2 rows
2026-01-14 13:32:04,486 - dq_comparison - INFO - Primary key validation complete. Passed: False
2026-01-14 13:32:04,508 - dq_comparison - INFO - Comparing table-level metadata...
2026-01-14 13:32:04,520 - dq_comparison - INFO - Table metadata comparison complete. Match: False
2026-01-14 13:32:04,520 - dq_comparison - INFO - SECOND CHECK: HASH-BASED COMPARISON WITH PERFECT NORMALIZATION
2026-01-14 13:32:04,536 - dq_comparison - INFO - === DEBUG: DATA TYPE CHECK ===
2026-01-14 13:32:04,537 - dq_comparison - INFO - Column: PostalCode
2026-01-14 13:32:04,538 - dq_comparison - INFO -   Source type: <class 'numpy.float64'>, value: 10001.0
2026-01-14 13:32:04,538 - dq_comparison - INFO -   Target type: <class 'int'>, value: 10001
2026-01-14 13:32:04,539 - dq_comparison - INFO -   Normalized: '10001' vs '10001'
2026-01-14 13:32:04,540 - dq_comparison - INFO -   Match: True
2026-01-14 13:32:04,541 - dq_comparison - INFO - Column: CustomerName
2026-01-14 13:32:04,542 - dq_comparison - INFO -   Source type: <class 'str'>, value: John Doe
2026-01-14 13:32:04,542 - dq_comparison - INFO -   Target type: <class 'str'>, value: John Doe
2026-01-14 13:32:04,543 - dq_comparison - INFO -   Normalized: 'john doe' vs 'john doe'
2026-01-14 13:32:04,543 - dq_comparison - INFO -   Match: True
2026-01-14 13:32:04,544 - dq_comparison - INFO - Column: City
2026-01-14 13:32:04,545 - dq_comparison - INFO -   Source type: <class 'str'>, value: New York
2026-01-14 13:32:04,545 - dq_comparison - INFO -   Target type: <class 'str'>, value: New York
2026-01-14 13:32:04,546 - dq_comparison - INFO -   Normalized: 'new york' vs 'new york'
2026-01-14 13:32:04,546 - dq_comparison - INFO -   Match: True
2026-01-14 13:32:04,547 - dq_comparison - INFO - Source DF columns: ['CustomerName', 'Email', 'Phone', 'Salary', 'Department', 'JoinDate', 'PostalCode', 'City', 'Country', 'State']
2026-01-14 13:32:04,547 - dq_comparison - INFO - Target DF columns: ['CustomerName', 'Email', 'Phone', 'Salary', 'Department', 'JoinDate', 'PostalCode', 'City', 'Country', 'State']
2026-01-14 13:32:04,547 - dq_comparison - INFO - Selected columns for comparison: ['PostalCode', 'CustomerName', 'City', 'Email', 'Phone', 'Department', 'Salary', 'Country', 'State', 'JoinDate']
2026-01-14 13:32:04,548 - dq_comparison - INFO - Using 10 common columns for hash comparison
2026-01-14 13:32:04,549 - dq_comparison - INFO - Source columns: ['PostalCode', 'CustomerName', 'City', 'Email', 'Phone', 'Department', 'Salary', 'Country', 'State', 'JoinDate']
2026-01-14 13:32:04,549 - dq_comparison - INFO - Target columns: ['PostalCode', 'CustomerName', 'City', 'Email', 'Phone', 'Department', 'Salary', 'Country', 'State', 'JoinDate']
2026-01-14 13:32:04,550 - dq_comparison - INFO - Generating hashes for source data (15 rows)...
2026-01-14 13:32:04,553 - dq_comparison - INFO - DEBUG HASH ROW: PostalCode: '10001.0' -> '10001' | CustomerName: 'John Doe' -> 'john doe' | City: 'New York' -> 'new york' | Email: 'john@email.com' -> 'john@email.com' | Phone: '1234567890' -> '1234567890'
2026-01-14 13:32:04,553 - dq_comparison - INFO - DEBUG HASH STRING: 10001|john doe|new york|john@email.com|1234567890...
2026-01-14 13:32:04,554 - dq_comparison - INFO - DEBUG HASH RESULT: 5bd9c49a...
2026-01-14 13:32:04,554 - dq_comparison - INFO - DEBUG HASH ROW: PostalCode: '10002.0' -> '10002' | CustomerName: 'Jane Smith' -> 'jane smith' | City: 'Chicago' -> 'chicago' | Email: 'jane@email.com' -> 'jane@email.com' | Phone: '9876543210' -> '9876543210'
2026-01-14 13:32:04,555 - dq_comparison - INFO - DEBUG HASH STRING: 10002|jane smith|chicago|jane@email.com|9876543210...
2026-01-14 13:32:04,555 - dq_comparison - INFO - DEBUG HASH RESULT: 65d601b0...
2026-01-14 13:32:04,556 - dq_comparison - INFO - DEBUG HASH ROW: PostalCode: '10003.0' -> '10003' | CustomerName: 'Bob Johnson' -> 'bob johnson' | City: 'Boston' -> 'boston' | Email: '' -> 'NULL' | Phone: '5551234567' -> '5551234567'
2026-01-14 13:32:04,556 - dq_comparison - INFO - DEBUG HASH STRING: 10003|bob johnson|boston|NULL|5551234567...
2026-01-14 13:32:04,557 - dq_comparison - INFO - DEBUG HASH RESULT: 1ff195f5...
2026-01-14 13:32:04,558 - dq_comparison - INFO - DEBUG HASH ROW: PostalCode: '10004.0' -> '10004' | CustomerName: 'Alice Brown' -> 'alice brown' | City: 'Seattle' -> 'seattle' | Email: 'alice@email.com' -> 'alice@email.com' | Phone: '4445556666' -> '4445556666'
2026-01-14 13:32:04,558 - dq_comparison - INFO - DEBUG HASH STRING: 10004|alice brown|seattle|alice@email.com|4445556666...
2026-01-14 13:32:04,559 - dq_comparison - INFO - DEBUG HASH RESULT: 9d8d3e05...
2026-01-14 13:32:04,560 - dq_comparison - INFO - DEBUG HASH ROW: PostalCode: '10005.0' -> '10005' | CustomerName: 'Charlie Wilson' -> 'charlie wilson' | City: 'Miami' -> 'miami' | Email: 'charlie@email.com' -> 'charlie@email.com' | Phone: '3334445555' -> '3334445555'
2026-01-14 13:32:04,560 - dq_comparison - INFO - DEBUG HASH STRING: 10005|charlie wilson|miami|charlie@email.com|3334445555...
2026-01-14 13:32:04,561 - dq_comparison - INFO - DEBUG HASH RESULT: cdd37f7f...
2026-01-14 13:32:04,562 - dq_comparison - INFO - DEBUG HASH ROW: PostalCode: '10001.0' -> '10001' | CustomerName: 'John Doe' -> 'john doe' | City: 'New York' -> 'new york' | Email: 'john@email.com' -> 'john@email.com' | Phone: '1234567890' -> '1234567890'
2026-01-14 13:32:04,562 - dq_comparison - INFO - DEBUG HASH STRING: 10001|john doe|new york|john@email.com|1234567890...
2026-01-14 13:32:04,563 - dq_comparison - INFO - DEBUG HASH RESULT: 5bd9c49a...
2026-01-14 13:32:04,564 - dq_comparison - INFO - DEBUG HASH ROW: PostalCode: '10006.0' -> '10006' | CustomerName: 'David Lee' -> 'david lee' | City: 'Atlanta' -> 'atlanta' | Email: 'david@email.com' -> 'david@email.com' | Phone: '2223334444' -> '2223334444'
2026-01-14 13:32:04,565 - dq_comparison - INFO - DEBUG HASH STRING: 10006|david lee|atlanta|david@email.com|2223334444...
2026-01-14 13:32:04,566 - dq_comparison - INFO - DEBUG HASH RESULT: 37d7fe49...
2026-01-14 13:32:04,567 - dq_comparison - INFO - DEBUG HASH ROW: PostalCode: '10007.0' -> '10007' | CustomerName: 'Sarah Chen' -> 'sarah chen' | City: 'Denver' -> 'denver' | Email: 'sarah@email.com' -> 'sarah@email.com' | Phone: '1112223333' -> '1112223333'
2026-01-14 13:32:04,568 - dq_comparison - INFO - DEBUG HASH STRING: 10007|sarah chen|denver|sarah@email.com|1112223333...
2026-01-14 13:32:04,568 - dq_comparison - INFO - DEBUG HASH RESULT: a7d4a7c6...
2026-01-14 13:32:04,570 - dq_comparison - INFO - DEBUG HASH ROW: PostalCode: 'nan' -> 'NULL' | CustomerName: 'Mike Davis' -> 'mike davis' | City: 'Phoenix' -> 'phoenix' | Email: 'invalid-email' -> 'invalid-email' | Phone: '9998887777' -> '9998887777'
2026-01-14 13:32:04,570 - dq_comparison - INFO - DEBUG HASH STRING: NULL|mike davis|phoenix|invalid-email|9998887777...
2026-01-14 13:32:04,571 - dq_comparison - INFO - DEBUG HASH RESULT: e22e941e...
2026-01-14 13:32:04,572 - dq_comparison - INFO - DEBUG HASH ROW: PostalCode: '10008.0' -> '10008' | CustomerName: 'Lisa Wang' -> 'lisa wang' | City: 'Austin' -> 'austin' | Email: 'lisa@email.com' -> 'lisa@email.com' | Phone: '6667778888' -> '6667778888'
2026-01-14 13:32:04,572 - dq_comparison - INFO - DEBUG HASH STRING: 10008|lisa wang|austin|lisa@email.com|6667778888...
2026-01-14 13:32:04,573 - dq_comparison - INFO - DEBUG HASH RESULT: 1c1c73bc...
2026-01-14 13:32:04,574 - dq_comparison - INFO - DEBUG HASH ROW: PostalCode: '10009.0' -> '10009' | CustomerName: 'Tom Wilson' -> 'tom wilson' | City: 'Portland' -> 'portland' | Email: 'tom@email.com' -> 'tom@email.com' | Phone: '7778889999' -> '7778889999'
2026-01-14 13:32:04,574 - dq_comparison - INFO - DEBUG HASH STRING: 10009|tom wilson|portland|tom@email.com|7778889999...
2026-01-14 13:32:04,575 - dq_comparison - INFO - DEBUG HASH RESULT: 3ab21d17...
2026-01-14 13:32:04,576 - dq_comparison - INFO - DEBUG HASH ROW: PostalCode: '10010.0' -> '10010' | CustomerName: 'None' -> 'NULL' | City: 'Detroit' -> 'detroit' | Email: 'empty@email.com' -> 'empty@email.com' | Phone: '8889990000' -> '8889990000'
2026-01-14 13:32:04,576 - dq_comparison - INFO - DEBUG HASH STRING: 10010|NULL|detroit|empty@email.com|8889990000...
2026-01-14 13:32:04,577 - dq_comparison - INFO - DEBUG HASH RESULT: 525ae538...
2026-01-14 13:32:04,578 - dq_comparison - INFO - DEBUG HASH ROW: PostalCode: '10011.0' -> '10011' | CustomerName: 'Robert Brown' -> 'robert brown' | City: 'Las Vegas' -> 'las vegas' | Email: 'robert@email.com' -> 'robert@email.com' | Phone: '9990001111' -> '9990001111'
2026-01-14 13:32:04,578 - dq_comparison - INFO - DEBUG HASH STRING: 10011|robert brown|las vegas|robert@email.com|9990001111...
2026-01-14 13:32:04,579 - dq_comparison - INFO - DEBUG HASH RESULT: 4be57f21...
2026-01-14 13:32:04,580 - dq_comparison - INFO - DEBUG HASH ROW: PostalCode: '10012.0' -> '10012' | CustomerName: 'Nancy Davis' -> 'nancy davis' | City: 'Orlando' -> 'orlando' | Email: 'nancy@email.com' -> 'nancy@email.com' | Phone: '1112222' -> '1112222'
2026-01-14 13:32:04,580 - dq_comparison - INFO - DEBUG HASH STRING: 10012|nancy davis|orlando|nancy@email.com|1112222...
2026-01-14 13:32:04,581 - dq_comparison - INFO - DEBUG HASH RESULT: f2bf7428...
2026-01-14 13:32:04,581 - dq_comparison - INFO - DEBUG HASH ROW: PostalCode: '10013.0' -> '10013' | CustomerName: 'Kevin Lee' -> 'kevin lee' | City: 'San Diego' -> 'san diego' | Email: 'kevin@email.com' -> 'kevin@email.com' | Phone: '1112223333' -> '1112223333'
2026-01-14 13:32:04,582 - dq_comparison - INFO - DEBUG HASH STRING: 10013|kevin lee|san diego|kevin@email.com|1112223333...
2026-01-14 13:32:04,582 - dq_comparison - INFO - DEBUG HASH RESULT: ca1da363...
2026-01-14 13:32:04,583 - dq_comparison - INFO - === DEBUG: SAMPLE HASHES ===
2026-01-14 13:32:04,583 - dq_comparison - INFO - Hash 1: 5bd9c49add95b8c4... (sample row 0)
2026-01-14 13:32:04,584 - dq_comparison - INFO - Hash 2: 65d601b01be99127... (sample row 1)
2026-01-14 13:32:04,584 - dq_comparison - INFO - Hash 3: 1ff195f585b04f0e... (sample row 2)
2026-01-14 13:32:04,585 - dq_comparison - INFO - Generating hashes for target data (15 rows)...
2026-01-14 13:32:04,589 - dq_comparison - INFO - 
======================================================================
2026-01-14 13:32:04,589 - dq_comparison - INFO - 🔍 DEBUG: ANALYZING WHY HASHES DON'T MATCH
2026-01-14 13:32:04,590 - dq_comparison - INFO - ======================================================================
2026-01-14 13:32:04,590 - dq_comparison - INFO - 
--- Analyzing Row 0 ---
2026-01-14 13:32:04,591 - dq_comparison - INFO - Column 'PostalCode' → 'PostalCode':
2026-01-14 13:32:04,592 - dq_comparison - INFO -   Source: '10001.0' (type: float64) → '10001'
2026-01-14 13:32:04,592 - dq_comparison - INFO -   Target: '10001' (type: int) → '10001'
2026-01-14 13:32:04,593 - dq_comparison - INFO -   Match after normalization: ✅ YES
2026-01-14 13:32:04,593 - dq_comparison - INFO - Column 'CustomerName' → 'CustomerName':
2026-01-14 13:32:04,594 - dq_comparison - INFO -   Source: 'John Doe' (type: str) → 'john doe'
2026-01-14 13:32:04,594 - dq_comparison - INFO -   Target: 'John Doe' (type: str) → 'john doe'
2026-01-14 13:32:04,595 - dq_comparison - INFO -   Match after normalization: ✅ YES
2026-01-14 13:32:04,595 - dq_comparison - INFO - Column 'City' → 'City':
2026-01-14 13:32:04,596 - dq_comparison - INFO -   Source: 'New York' (type: str) → 'new york'
2026-01-14 13:32:04,596 - dq_comparison - INFO -   Target: 'New York' (type: str) → 'new york'
2026-01-14 13:32:04,596 - dq_comparison - INFO -   Match after normalization: ✅ YES
2026-01-14 13:32:04,597 - dq_comparison - INFO - Column 'Email' → 'Email':
2026-01-14 13:32:04,597 - dq_comparison - INFO -   Source: 'john@email.com' (type: str) → 'john@email.com'
2026-01-14 13:32:04,598 - dq_comparison - INFO -   Target: 'john@email.com' (type: str) → 'john@email.com'
2026-01-14 13:32:04,598 - dq_comparison - INFO -   Match after normalization: ✅ YES
2026-01-14 13:32:04,599 - dq_comparison - INFO - Column 'Phone' → 'Phone':
2026-01-14 13:32:04,599 - dq_comparison - INFO -   Source: '1234567890' (type: int64) → '1234567890'
2026-01-14 13:32:04,600 - dq_comparison - INFO -   Target: '1234567890' (type: int64) → '1234567890'
2026-01-14 13:32:04,600 - dq_comparison - INFO -   Match after normalization: ✅ YES
2026-01-14 13:32:04,601 - dq_comparison - INFO - 
Hash components for Row 0:
2026-01-14 13:32:04,601 - dq_comparison - INFO - Source hash string start: 10001|john doe|new york...
2026-01-14 13:32:04,602 - dq_comparison - INFO - Target hash string start: 10001|john doe|new york...
2026-01-14 13:32:04,602 - dq_comparison - INFO - Same? ✅ YES
2026-01-14 13:32:04,603 - dq_comparison - INFO - 
--- Analyzing Row 1 ---
2026-01-14 13:32:04,603 - dq_comparison - INFO - Column 'PostalCode' → 'PostalCode':
2026-01-14 13:32:04,604 - dq_comparison - INFO -   Source: '10002.0' (type: float64) → '10002'
2026-01-14 13:32:04,604 - dq_comparison - INFO -   Target: '10002' (type: int) → '10002'
2026-01-14 13:32:04,605 - dq_comparison - INFO -   Match after normalization: ✅ YES
2026-01-14 13:32:04,605 - dq_comparison - INFO - Column 'CustomerName' → 'CustomerName':
2026-01-14 13:32:04,606 - dq_comparison - INFO -   Source: 'Jane Smith' (type: str) → 'jane smith'
2026-01-14 13:32:04,606 - dq_comparison - INFO -   Target: 'Jane Smith' (type: str) → 'jane smith'
2026-01-14 13:32:04,607 - dq_comparison - INFO -   Match after normalization: ✅ YES
2026-01-14 13:32:04,607 - dq_comparison - INFO - Column 'City' → 'City':
2026-01-14 13:32:04,608 - dq_comparison - INFO -   Source: 'Chicago' (type: str) → 'chicago'
2026-01-14 13:32:04,608 - dq_comparison - INFO -   Target: 'Chicago' (type: str) → 'chicago'
2026-01-14 13:32:04,609 - dq_comparison - INFO -   Match after normalization: ✅ YES
2026-01-14 13:32:04,609 - dq_comparison - INFO - Column 'Email' → 'Email':
2026-01-14 13:32:04,610 - dq_comparison - INFO -   Source: 'jane@email.com' (type: str) → 'jane@email.com'
2026-01-14 13:32:04,610 - dq_comparison - INFO -   Target: 'jane@email.com' (type: str) → 'jane@email.com'
2026-01-14 13:32:04,611 - dq_comparison - INFO -   Match after normalization: ✅ YES
2026-01-14 13:32:04,611 - dq_comparison - INFO - Column 'Phone' → 'Phone':
2026-01-14 13:32:04,612 - dq_comparison - INFO -   Source: '9876543210' (type: int64) → '9876543210'
2026-01-14 13:32:04,612 - dq_comparison - INFO -   Target: '9876543210' (type: int64) → '9876543210'
2026-01-14 13:32:04,613 - dq_comparison - INFO -   Match after normalization: ✅ YES
2026-01-14 13:32:04,614 - dq_comparison - INFO - 
Hash components for Row 1:
2026-01-14 13:32:04,614 - dq_comparison - INFO - Source hash string start: 10002|jane smith|chicago...
2026-01-14 13:32:04,615 - dq_comparison - INFO - Target hash string start: 10002|jane smith|chicago...
2026-01-14 13:32:04,616 - dq_comparison - INFO - Same? ✅ YES
2026-01-14 13:32:04,616 - dq_comparison - INFO - 
--- Analyzing Row 2 ---
2026-01-14 13:32:04,617 - dq_comparison - INFO - Column 'PostalCode' → 'PostalCode':
2026-01-14 13:32:04,617 - dq_comparison - INFO -   Source: '10003.0' (type: float64) → '10003'
2026-01-14 13:32:04,618 - dq_comparison - INFO -   Target: '10003' (type: int) → '10003'
2026-01-14 13:32:04,618 - dq_comparison - INFO -   Match after normalization: ✅ YES
2026-01-14 13:32:04,619 - dq_comparison - INFO - Column 'CustomerName' → 'CustomerName':
2026-01-14 13:32:04,619 - dq_comparison - INFO -   Source: 'Bob Johnson' (type: str) → 'bob johnson'
2026-01-14 13:32:04,620 - dq_comparison - INFO -   Target: 'Bob Johnson' (type: str) → 'bob johnson'
2026-01-14 13:32:04,620 - dq_comparison - INFO -   Match after normalization: ✅ YES
2026-01-14 13:32:04,620 - dq_comparison - INFO - Column 'City' → 'City':
2026-01-14 13:32:04,621 - dq_comparison - INFO -   Source: 'Boston' (type: str) → 'boston'
2026-01-14 13:32:04,621 - dq_comparison - INFO -   Target: 'Boston' (type: str) → 'boston'
2026-01-14 13:32:04,622 - dq_comparison - INFO -   Match after normalization: ✅ YES
2026-01-14 13:32:04,622 - dq_comparison - INFO - Column 'Email' → 'Email':
2026-01-14 13:32:04,623 - dq_comparison - INFO -   Source: '' (type: str) → 'NULL'
2026-01-14 13:32:04,623 - dq_comparison - INFO -   Target: 'nan' (type: float) → 'NULL'
2026-01-14 13:32:04,624 - dq_comparison - INFO -   Match after normalization: ✅ YES
2026-01-14 13:32:04,624 - dq_comparison - INFO - Column 'Phone' → 'Phone':
2026-01-14 13:32:04,624 - dq_comparison - INFO -   Source: '5551234567' (type: int64) → '5551234567'
2026-01-14 13:32:04,625 - dq_comparison - INFO -   Target: '5551234567' (type: int64) → '5551234567'
2026-01-14 13:32:04,625 - dq_comparison - INFO -   Match after normalization: ✅ YES
2026-01-14 13:32:04,626 - dq_comparison - INFO - 
Hash components for Row 2:
2026-01-14 13:32:04,626 - dq_comparison - INFO - Source hash string start: 10003|bob johnson|boston...
2026-01-14 13:32:04,627 - dq_comparison - INFO - Target hash string start: 10003|bob johnson|boston...
2026-01-14 13:32:04,627 - dq_comparison - INFO - Same? ✅ YES
2026-01-14 13:32:04,628 - dq_comparison - INFO - 
--- Column Data Types Analysis ---
2026-01-14 13:32:04,629 - dq_comparison - INFO - Column 1: 'PostalCode' (float64) ↔ 'PostalCode' (object)
2026-01-14 13:32:04,629 - dq_comparison - INFO -   Sample: Source='10001.0', Target='10001'
2026-01-14 13:32:04,630 - dq_comparison - INFO - Column 2: 'CustomerName' (object) ↔ 'CustomerName' (object)
2026-01-14 13:32:04,631 - dq_comparison - INFO -   Sample: Source='John Doe', Target='John Doe'
2026-01-14 13:32:04,631 - dq_comparison - INFO - Column 3: 'City' (object) ↔ 'City' (object)
2026-01-14 13:32:04,632 - dq_comparison - INFO -   Sample: Source='New York', Target='New York'
2026-01-14 13:32:04,632 - dq_comparison - INFO - Column 4: 'Email' (object) ↔ 'Email' (object)
2026-01-14 13:32:04,633 - dq_comparison - INFO -   Sample: Source='john@email.com', Target='john@email.com'
2026-01-14 13:32:04,634 - dq_comparison - INFO - Column 5: 'Phone' (int64) ↔ 'Phone' (int64)
2026-01-14 13:32:04,634 - dq_comparison - INFO -   Sample: Source='1234567890', Target='1234567890'
2026-01-14 13:32:04,635 - dq_comparison - INFO - PERFORMING DETAILED ROW-LEVEL COMPARISON WITH PAGINATION...
2026-01-14 13:32:04,635 - dq_comparison - INFO - Hash-based Comparison Results (with duplicate handling):
2026-01-14 13:32:04,636 - dq_comparison - INFO -   • Unique source hashes: 14
2026-01-14 13:32:04,636 - dq_comparison - INFO -   • Unique target hashes: 14
2026-01-14 13:32:04,636 - dq_comparison - INFO -   • Common hashes: 13
2026-01-14 13:32:04,638 - dq_comparison - INFO -   • Common rows (counting duplicates): 14
2026-01-14 13:32:04,638 - dq_comparison - INFO -   • Rows only in source (counting duplicates): 1
2026-01-14 13:32:04,639 - dq_comparison - INFO -   • Rows only in target (counting duplicates): 1
2026-01-14 13:32:04,639 - dq_comparison - INFO - Found 1 source-only rows
2026-01-14 13:32:04,652 - dq_comparison - INFO - Found 1 target-only rows
2026-01-14 13:32:04,663 - dq_comparison - INFO - HASH-ONLY COMPARISON COMPLETED
2026-01-14 13:32:04,663 - dq_comparison - INFO - Returning counts for simple scoring:
2026-01-14 13:32:04,664 - dq_comparison - INFO -   Common rows: 14
2026-01-14 13:32:04,666 - dq_comparison - INFO -   Unique to source: 1
2026-01-14 13:32:04,666 - dq_comparison - INFO -   Unique to target: 1
2026-01-14 13:32:04,667 - dq_comparison - INFO -   Value mismatches: 20
2026-01-14 13:32:04,667 - dq_comparison - INFO -   Missing rows: 1
2026-01-14 13:32:04,668 - dq_comparison - INFO -   Extra rows: 1
2026-01-14 13:32:04,668 - dq_comparison - INFO - Analyzing data quality metrics...
2026-01-14 13:32:04,680 - dq_comparison - INFO - Null values - Source: 6 (4.00%), Target: 6 (4.00%)
2026-01-14 13:32:04,682 - dq_comparison - INFO - Duplicate rows (normalized) - Source: 1, Target: 1
2026-01-14 13:32:04,685 - dq_comparison - INFO - Source duplicate samples: ['Row 2', 'Row 7']
2026-01-14 13:32:04,687 - dq_comparison - INFO - Target duplicate samples: ['Row 2', 'Row 7']
2026-01-14 13:32:04,701 - dq_error_log - INFO - Retrieved 11 error logs for session CMP_20260114_133204
2026-01-14 13:32:04,702 - dq_comparison - INFO - 
📊 SIMPLE SCORING CALCULATION:
2026-01-14 13:32:04,703 - dq_comparison - INFO -   Source rows: 15
2026-01-14 13:32:04,704 - dq_comparison - INFO -   Common rows (matched): 14
2026-01-14 13:32:04,704 - dq_comparison - INFO -   Calculation: (14 / 15) * 100 = 93.33%
2026-01-14 13:32:04,705 - dq_comparison - INFO -   Explanation: 14 matched rows out of 15 total source rows
2026-01-14 13:32:04,706 - dq_comparison - INFO - 
=== AUDIT LOGGING SECTION ===
2026-01-14 13:32:04,706 - dq_comparison - INFO - 🔍 Audit logging is ENABLED in APP_SETTINGS
2026-01-14 13:32:04,707 - dq_audit - INFO - Audit class initialized with database: dq_checks
2026-01-14 13:32:04,707 - dq_comparison - INFO - Attempting to log audit record for session: CMP_20260114_133204
2026-01-14 13:32:04,708 - dq_audit - INFO - Starting database insertion for comparison...
2026-01-14 13:32:04,721 - dq_audit - INFO - Inserted comparison record with ID: 663
2026-01-14 13:32:04,722 - dq_comparison - INFO - ✅ Audit record logged successfully (ID: 663)
2026-01-14 13:32:04,733 - dq_error_log - INFO - Retrieved 11 error logs for session CMP_20260114_133204
2026-01-14 13:32:04,744 - dq_error_log - INFO - Retrieved summary: 11 total errors for session CMP_20260114_133204
2026-01-14 13:32:04,745 - dq_audit - INFO - Audit class initialized with database: dq_checks
2026-01-14 13:32:04,757 - dq_audit - INFO - Retrieved 1 audit logs for session CMP_20260114_133204
2026-01-14 13:32:04,757 - dq_comparison - INFO - 
🔍 Final results verification:
2026-01-14 13:32:04,758 - dq_comparison - INFO -    Session ID: CMP_20260114_133204
2026-01-14 13:32:04,759 - dq_comparison - INFO -    DQ Score (Simple %): 93.33%
2026-01-14 13:32:04,760 - dq_comparison - INFO -    Source rows: 15
2026-01-14 13:32:04,761 - dq_comparison - INFO -    Matched rows: 14
2026-01-14 13:32:04,761 - dq_comparison - INFO -    Calculation: (14 / 15) * 100
2026-01-14 13:32:04,762 - dq_comparison - INFO - Comparison analysis completed successfully
2026-01-14 13:32:04,779 - dq_audit - INFO - Retrieved 1 audit logs for session CMP_20260114_133204
2026-01-14 13:32:04,791 - dq_error_log - INFO - Retrieved 11 error logs for session CMP_20260114_133204
2026-01-14 13:32:04,807 - dq_error_log - INFO - Retrieved summary: 11 total errors for session CMP_20260114_133204
2026-01-14 13:32:04,808 - __main__ - INFO - Comparison completed for session CMP_20260114_133202
2026-01-14 13:32:04,813 - __main__ - INFO - Completed with status 200 in 2.043s
