2026-01-16 15:59:01,988 - __main__ - INFO - 🌐 API Server Logging Initialized
2026-01-16 15:59:01,990 - __main__ - INFO - 📝 Logs saved to: logs/dq_api_20260116_155901.log
2026-01-16 15:59:02,096 - dq_rules - WARNING - Could not load config from database: name 'get_db_connection' is not defined
2026-01-16 15:59:02,101 - __main__ - INFO - APP_SETTINGS loaded. Audit enabled: True
2026-01-16 15:59:02,103 - __main__ - INFO - ✅ All DQ modules loaded successfully
2026-01-16 15:59:02,107 - dq_error_log - INFO - ErrorLogger initialized with database: dq_checks
2026-01-16 15:59:02,107 - dq_audit - INFO - Audit class initialized with database: dq_checks
2026-01-16 15:59:02,108 - __main__ - INFO - ✅ ErrorLogger and DataQualityAudit initialized
2026-01-16 15:59:02,147 - __main__ - INFO - 🚀 Starting Data Quality Framework API
2026-01-16 15:59:02,148 - __main__ - INFO - 📊 Modules available: True
2026-01-16 15:59:02,150 - __main__ - INFO - 🔧 Config file mode: False
2026-01-16 15:59:02,152 - __main__ - INFO - 📋 Available endpoints:
2026-01-16 15:59:02,156 - __main__ - INFO -   GET  /              - API status
2026-01-16 15:59:02,158 - __main__ - INFO -   GET  /api/health    - Health check
2026-01-16 15:59:02,164 - __main__ - INFO -   POST /api/check-single - Single source analysis
2026-01-16 15:59:02,166 - __main__ - INFO -   POST /api/compare   - Source-target comparison
2026-01-16 15:59:02,167 - __main__ - INFO -   GET  /api/compare/{id} - Get comparison results
2026-01-16 15:59:02,168 - __main__ - INFO -   GET  /api/compare/{id}/mismatches - Paginated mismatches
2026-01-16 15:59:02,169 - __main__ - INFO -   GET  /api/compare/{id}/rows/source_only - Source-only rows
2026-01-16 15:59:02,172 - __main__ - INFO -   GET  /api/compare/{id}/rows/target_only - Target-only rows
2026-01-16 15:59:02,173 - __main__ - INFO -   GET  /api/compare/{id}/rows/count - Row counts
2026-01-16 15:59:02,175 - __main__ - INFO -   POST /api/upload    - File upload
2026-01-16 15:59:02,177 - __main__ - INFO -   GET  /api/sessions  - List sessions
2026-01-16 15:59:02,178 - __main__ - INFO -   GET  /api/sessions/<id> - Get session data
2026-01-16 15:59:02,179 - __main__ - INFO -   GET  /api/debug-db  - Database debug
2026-01-16 15:59:02,180 - __main__ - INFO - 🌍 Server starting on 0.0.0.0:5000 (debug=False)
2026-01-16 15:59:52,092 - __main__ - INFO - POST /api/database-hierarchy - Request started
2026-01-16 15:59:52,094 - __main__ - INFO - Getting database hierarchy for mysql
2026-01-16 15:59:52,095 - __main__ - INFO - Database: Not provided
2026-01-16 15:59:52,098 - __main__ - INFO - Schema: Not provided
2026-01-16 15:59:52,099 - database_navigator - INFO - DatabaseNavigator initialized
2026-01-16 15:59:52,103 - __main__ - INFO - Connecting with config: {'host': 'localhost', 'port': 3306, 'user': 'root', 'password': 'root'}
2026-01-16 15:59:52,105 - database_navigator - INFO - Connecting to MYSQL...
2026-01-16 15:59:52,264 - database_navigator - INFO - Successfully connected to MYSQL!
2026-01-16 15:59:52,265 - __main__ - INFO - Getting databases list...
2026-01-16 15:59:52,266 - database_navigator - INFO - get_databases() called. db_type: mysql, connection exists: True
2026-01-16 15:59:52,274 - database_navigator - INFO - Found 13 databases
2026-01-16 15:59:52,275 - __main__ - INFO - Found 13 databases
2026-01-16 15:59:52,277 - __main__ - INFO - Completed with status 200 in 0.184s
2026-01-16 15:59:57,771 - __main__ - INFO - POST /api/database-hierarchy - Request started
2026-01-16 15:59:57,774 - __main__ - INFO - Getting database hierarchy for mysql
2026-01-16 15:59:57,775 - __main__ - INFO - Database: dq_checks
2026-01-16 15:59:57,779 - __main__ - INFO - Schema: Not provided
2026-01-16 15:59:57,781 - database_navigator - INFO - DatabaseNavigator initialized
2026-01-16 15:59:57,782 - __main__ - INFO - Connecting with config: {'host': 'localhost', 'port': 3306, 'user': 'root', 'password': 'root'}
2026-01-16 15:59:57,783 - database_navigator - INFO - Connecting to MYSQL...
2026-01-16 15:59:57,796 - database_navigator - INFO - Successfully connected to MYSQL!
2026-01-16 15:59:57,797 - __main__ - INFO - Getting schemas for database: dq_checks
2026-01-16 15:59:57,799 - database_navigator - INFO - Found 1 schemas
2026-01-16 15:59:57,800 - __main__ - INFO - Found 1 schemas
2026-01-16 15:59:57,802 - __main__ - INFO - Completed with status 200 in 0.031s
2026-01-16 16:00:00,452 - __main__ - INFO - POST /api/database-hierarchy - Request started
2026-01-16 16:00:00,453 - __main__ - INFO - Getting database hierarchy for mysql
2026-01-16 16:00:00,455 - __main__ - INFO - Database: dq_checks
2026-01-16 16:00:00,456 - __main__ - INFO - Schema: dq_checks
2026-01-16 16:00:00,458 - database_navigator - INFO - DatabaseNavigator initialized
2026-01-16 16:00:00,458 - __main__ - INFO - Connecting with config: {'host': 'localhost', 'port': 3306, 'user': 'root', 'password': 'root'}
2026-01-16 16:00:00,460 - database_navigator - INFO - Connecting to MYSQL...
2026-01-16 16:00:00,472 - database_navigator - INFO - Successfully connected to MYSQL!
2026-01-16 16:00:00,473 - __main__ - INFO - Getting tables for database: dq_checks, schema: dq_checks
2026-01-16 16:00:00,480 - database_navigator - INFO - Found 17 tables in schema 'dq_checks'
2026-01-16 16:00:00,481 - __main__ - INFO - Found 17 tables
2026-01-16 16:00:00,483 - __main__ - INFO - Completed with status 200 in 0.031s
2026-01-16 16:00:09,903 - __main__ - INFO - POST /api/database-hierarchy - Request started
2026-01-16 16:00:09,904 - __main__ - INFO - Getting database hierarchy for postgresql
2026-01-16 16:00:09,906 - __main__ - INFO - Database: Not provided
2026-01-16 16:00:09,908 - __main__ - INFO - Schema: Not provided
2026-01-16 16:00:09,909 - database_navigator - INFO - DatabaseNavigator initialized
2026-01-16 16:00:09,909 - __main__ - INFO - Connecting with config: {'host': 'localhost', 'port': 5432, 'user': 'postgres', 'password': 'postgres'}
2026-01-16 16:00:09,911 - database_navigator - INFO - Connecting to POSTGRESQL...
2026-01-16 16:00:09,911 - database_navigator - INFO - Connecting to PostgreSQL...
2026-01-16 16:00:09,913 - database_navigator - INFO - Connecting to PostgreSQL: host=localhost, port=5432, database=postgres, user=postgres
2026-01-16 16:00:10,133 - database_navigator - INFO - Connection object created: <connection object at 0x000002DEF0AAE680; dsn: 'user=postgres password=xxx dbname=postgres host=localhost port=5432', closed: 0>
2026-01-16 16:00:10,135 - database_navigator - INFO - ✅ PostgreSQL connection successful to database: postgres
2026-01-16 16:00:10,136 - __main__ - INFO - Getting databases list...
2026-01-16 16:00:10,138 - database_navigator - INFO - get_databases() called. db_type: postgresql, connection exists: True
2026-01-16 16:00:10,163 - database_navigator - INFO - Raw rows: [('dq_checks',), ('finewise-testdb',), ('postgres',)]
2026-01-16 16:00:10,164 - database_navigator - INFO - Found 3 databases
2026-01-16 16:00:10,165 - __main__ - INFO - Found 3 databases
2026-01-16 16:00:10,166 - __main__ - INFO - Completed with status 200 in 0.263s
2026-01-16 16:00:14,039 - __main__ - INFO - POST /api/database-hierarchy - Request started
2026-01-16 16:00:14,041 - __main__ - INFO - Getting database hierarchy for postgresql
2026-01-16 16:00:14,042 - __main__ - INFO - Database: dq_checks
2026-01-16 16:00:14,043 - __main__ - INFO - Schema: Not provided
2026-01-16 16:00:14,045 - database_navigator - INFO - DatabaseNavigator initialized
2026-01-16 16:00:14,046 - __main__ - INFO - Connecting with config: {'host': 'localhost', 'port': 5432, 'user': 'postgres', 'password': 'postgres'}
2026-01-16 16:00:14,047 - database_navigator - INFO - Connecting to POSTGRESQL...
2026-01-16 16:00:14,048 - database_navigator - INFO - Connecting to PostgreSQL...
2026-01-16 16:00:14,049 - database_navigator - INFO - Connecting to PostgreSQL: host=localhost, port=5432, database=postgres, user=postgres
2026-01-16 16:00:14,169 - database_navigator - INFO - Connection object created: <connection object at 0x000002DEF0AAE680; dsn: 'user=postgres password=xxx dbname=postgres host=localhost port=5432', closed: 0>
2026-01-16 16:00:14,170 - database_navigator - INFO - ✅ PostgreSQL connection successful to database: postgres
2026-01-16 16:00:14,171 - __main__ - INFO - Getting schemas for database: dq_checks
2026-01-16 16:00:14,173 - database_navigator - INFO - Reconnecting to PostgreSQL database: dq_checks
2026-01-16 16:00:14,174 - database_navigator - INFO - Connecting to POSTGRESQL...
2026-01-16 16:00:14,175 - database_navigator - INFO - Connecting to PostgreSQL...
2026-01-16 16:00:14,176 - database_navigator - INFO - Connecting to PostgreSQL: host=localhost, port=5432, database=dq_checks, user=postgres
2026-01-16 16:00:14,298 - database_navigator - INFO - Connection object created: <connection object at 0x000002DEF0AAEF00; dsn: 'user=postgres password=xxx dbname=dq_checks host=localhost port=5432', closed: 0>
2026-01-16 16:00:14,301 - database_navigator - INFO - ✅ PostgreSQL connection successful to database: dq_checks
2026-01-16 16:00:14,339 - database_navigator - INFO - Found 4 schemas
2026-01-16 16:00:14,339 - __main__ - INFO - Found 4 schemas
2026-01-16 16:00:14,342 - __main__ - INFO - Completed with status 200 in 0.302s
2026-01-16 16:00:15,901 - __main__ - INFO - POST /api/database-hierarchy - Request started
2026-01-16 16:00:15,903 - __main__ - INFO - Getting database hierarchy for postgresql
2026-01-16 16:00:15,907 - __main__ - INFO - Database: dq_checks
2026-01-16 16:00:15,908 - __main__ - INFO - Schema: public
2026-01-16 16:00:15,909 - database_navigator - INFO - DatabaseNavigator initialized
2026-01-16 16:00:15,912 - __main__ - INFO - Connecting with config: {'host': 'localhost', 'port': 5432, 'user': 'postgres', 'password': 'postgres'}
2026-01-16 16:00:15,914 - database_navigator - INFO - Connecting to POSTGRESQL...
2026-01-16 16:00:15,915 - database_navigator - INFO - Connecting to PostgreSQL...
2026-01-16 16:00:15,917 - database_navigator - INFO - Connecting to PostgreSQL: host=localhost, port=5432, database=postgres, user=postgres
2026-01-16 16:00:16,069 - database_navigator - INFO - Connection object created: <connection object at 0x000002DEF0AAEF00; dsn: 'user=postgres password=xxx dbname=postgres host=localhost port=5432', closed: 0>
2026-01-16 16:00:16,070 - database_navigator - INFO - ✅ PostgreSQL connection successful to database: postgres
2026-01-16 16:00:16,071 - __main__ - INFO - Getting tables for database: dq_checks, schema: public
2026-01-16 16:00:16,074 - database_navigator - INFO - Ensuring connection to database: dq_checks for table list
2026-01-16 16:00:16,074 - database_navigator - INFO - Reconnecting to PostgreSQL database: dq_checks
2026-01-16 16:00:16,075 - database_navigator - INFO - Connecting to POSTGRESQL...
2026-01-16 16:00:16,076 - database_navigator - INFO - Connecting to PostgreSQL...
2026-01-16 16:00:16,077 - database_navigator - INFO - Connecting to PostgreSQL: host=localhost, port=5432, database=dq_checks, user=postgres
2026-01-16 16:00:16,176 - database_navigator - INFO - Connection object created: <connection object at 0x000002DEF0AAF120; dsn: 'user=postgres password=xxx dbname=dq_checks host=localhost port=5432', closed: 0>
2026-01-16 16:00:16,177 - database_navigator - INFO - ✅ PostgreSQL connection successful to database: dq_checks
2026-01-16 16:00:16,179 - database_navigator - INFO - Connected to database: dq_checks, schema: public
2026-01-16 16:00:16,247 - database_navigator - INFO - Found 3 tables in dq_checks.public: ['customers', 'employee', 'stg_transactions']
2026-01-16 16:00:16,247 - database_navigator - INFO - Found 3 tables in schema 'public'
2026-01-16 16:00:16,249 - __main__ - INFO - Found 3 tables
2026-01-16 16:00:16,251 - __main__ - INFO - Completed with status 200 in 0.350s
2026-01-16 16:00:20,688 - __main__ - INFO - POST /api/compare - Request started
2026-01-16 16:00:20,689 - __main__ - INFO - Comparison request - Source: database, Target: database
2026-01-16 16:00:20,690 - __main__ - INFO - Comparison analysis request received
2026-01-16 16:00:20,691 - __main__ - INFO - DEBUG source_data from flat: {'source_type': 'database', 'dbType': 'MySQL', 'host': 'localhost', 'port': '3306', 'database': 'dq_checks', 'schema': 'dq_checks', 'table': 'customers_bkp', 'user': 'root', 'password': 'root', 'serviceName': '', 'db_type': 'mysql', 'target_source_type': 'database', 'target_db_type': 'postgresql', 'target_host': 'localhost', 'target_port': 5432, 'target_database': 'dq_checks', 'target_table': 'customers', 'target_user': 'postgres', 'target_password': 'postgres', 'target_schema': 'public', 'selected_columns': 'all'}
2026-01-16 16:00:20,692 - __main__ - INFO - Starting comparison for session CMP_20260116_160020
2026-01-16 16:00:20,693 - dq_comparison - INFO - Starting comparison analysis in UI mode
2026-01-16 16:00:20,694 - dq_comparison - INFO - LOADING SOURCE AND TARGET DATA
2026-01-16 16:00:20,695 - dq_comparison - INFO - 
==================================================
2026-01-16 16:00:20,696 - dq_comparison - INFO - 🔗 SOURCE DATA CONFIGURATION
2026-01-16 16:00:20,696 - dq_comparison - INFO - ==================================================
2026-01-16 16:00:20,698 - dq_comparison - INFO - 
🗄️ SOURCE DATABASE CONFIGURATION
2026-01-16 16:00:20,698 - dq_comparison - INFO - ----------------------------------------
2026-01-16 16:00:20,699 - dq_comparison - INFO - UI mode: Using provided database configuration for SOURCE
2026-01-16 16:00:20,699 - dq_unified - INFO - Loading data from DATABASE
2026-01-16 16:00:20,700 - dq_unified - INFO - Loading large database table: customers_bkp
2026-01-16 16:00:20,701 - dq_unified - INFO - Normalized DB config with schema: dq_checks
2026-01-16 16:00:20,716 - dq_unified - INFO - MySQL table customers_bkp has 12 rows
2026-01-16 16:00:20,717 - dq_unified - INFO - Loading 12 rows from MySQL...
2026-01-16 16:00:22,002 - dq_unified - INFO - Loaded 12 rows from MySQL
2026-01-16 16:00:22,019 - dq_unified - INFO - Memory optimization: 0.0MB -> 0.0MB (Saved: 0.0MB)
2026-01-16 16:00:22,020 - dq_unified - INFO - Standardizing data types...
2026-01-16 16:00:22,027 - dq_unified - INFO - Data type standardization complete
2026-01-16 16:00:22,030 - dq_unified - INFO - Loaded 12 rows, 10 columns. Memory: 126.0MB total, 0.0MB for dataframe
2026-01-16 16:00:22,036 - dq_comparison - INFO - SOURCE database loaded: 12 rows, 10 columns
2026-01-16 16:00:22,038 - dq_comparison - INFO - 
==================================================
2026-01-16 16:00:22,038 - dq_comparison - INFO - 🔗 TARGET DATA CONFIGURATION
2026-01-16 16:00:22,039 - dq_comparison - INFO - ==================================================
2026-01-16 16:00:22,040 - dq_comparison - INFO - 
🗄️ TARGET DATABASE CONFIGURATION
2026-01-16 16:00:22,040 - dq_comparison - INFO - ----------------------------------------
2026-01-16 16:00:22,068 - dq_comparison - INFO - UI mode: Using provided database configuration for TARGET
2026-01-16 16:00:22,107 - dq_unified - INFO - Loading data from DATABASE
2026-01-16 16:00:22,142 - dq_unified - INFO - Loading large database table: customers
2026-01-16 16:00:22,146 - dq_unified - INFO - Normalized DB config with schema: public
2026-01-16 16:00:22,473 - dq_unified - INFO - PostgreSQL table public.customers has 15 rows
2026-01-16 16:00:22,474 - dq_unified - INFO - Loading 15 rows from PostgreSQL...
2026-01-16 16:00:22,480 - dq_unified - INFO - Loaded 15 rows from PostgreSQL
2026-01-16 16:00:22,486 - dq_unified - INFO - Memory optimization: 0.0MB -> 0.0MB (Saved: 0.0MB)
2026-01-16 16:00:22,488 - dq_unified - INFO - Standardizing data types...
2026-01-16 16:00:22,491 - dq_unified - INFO - Data type standardization complete
2026-01-16 16:00:22,494 - dq_unified - INFO - Loaded 15 rows, 10 columns. Memory: 126.1MB total, 0.0MB for dataframe
2026-01-16 16:00:22,495 - dq_comparison - INFO - TARGET database loaded: 15 rows, 10 columns
2026-01-16 16:00:22,496 - dq_comparison - INFO - Source data loaded: 12 rows, 10 columns
2026-01-16 16:00:22,497 - dq_comparison - INFO - Target data loaded: 15 rows, 10 columns
2026-01-16 16:00:22,497 - dq_comparison - INFO - SELECTING COLUMNS FOR COMPARISON
2026-01-16 16:00:22,498 - dq_comparison - INFO - Source columns (original): ['CustomerName', 'Email', 'Phone', 'Salary', 'Department', 'JoinDate', 'PostalCode', 'City', 'Country', 'State']
2026-01-16 16:00:22,499 - dq_comparison - INFO - Target columns (original): ['customername', 'email', 'phone', 'salary', 'department', 'joindate', 'postalcode', 'city', 'country', 'state']
2026-01-16 16:00:22,500 - dq_comparison - INFO - Common columns lowercased: ['city', 'postalcode', 'country', 'phone', 'department', 'joindate', 'state', 'customername', 'email', 'salary']
2026-01-16 16:00:22,501 - dq_comparison - INFO - Found 10 common columns between source and target (case-insensitive)
2026-01-16 16:00:22,502 - dq_comparison - INFO - User column selection input: all
2026-01-16 16:00:22,503 - dq_comparison - INFO - User selected ALL common columns for comparison
2026-01-16 16:00:22,504 - dq_comparison - INFO - Selected 10 columns for comparison: ['City', 'PostalCode', 'Country', 'Phone', 'Department']...
2026-01-16 16:00:22,505 - dq_comparison - INFO - GENERATING COMPREHENSIVE COMPARISON REPORT
2026-01-16 16:00:22,506 - dq_comparison - INFO - Report details - Source: Database: mysql - dq_checks.customers_bkp, Target: Database: postgresql - dq_checks.customers, Selected columns: 10
2026-01-16 16:00:22,507 - dq_comparison - INFO - Initializing Error Logger...
2026-01-16 16:00:22,508 - dq_error_log - INFO - ErrorLogger initialized with database: dq_checks
2026-01-16 16:00:22,527 - dq_error_log - INFO - Database connection successful
2026-01-16 16:00:22,528 - dq_comparison - INFO - Session ID: CMP_20260116_160022
2026-01-16 16:00:22,530 - dq_comparison - WARNING - ❌ Row count mismatch: Source=12, Target=15, Difference=3
2026-01-16 16:00:22,530 - dq_comparison - WARNING -    Extra in target: 3 rows
2026-01-16 16:00:22,532 - dq_comparison - INFO - Comparing column structures...
2026-01-16 16:00:22,532 - dq_comparison - INFO - Column structure comparison complete. Match: True
2026-01-16 16:00:22,534 - dq_comparison - INFO - Validating primary key/unique fields...
2026-01-16 16:00:22,535 - dq_comparison - INFO - Checking key fields: ['PostalCode']
2026-01-16 16:00:22,536 - dq_comparison - WARNING - No key fields found in both datasets
2026-01-16 16:00:22,553 - dq_comparison - INFO - Comparing table-level metadata...
2026-01-16 16:00:22,569 - dq_comparison - INFO - Table metadata comparison complete. Match: False
2026-01-16 16:00:22,584 - dq_comparison - INFO - SECOND CHECK: HASH-BASED COMPARISON WITH PERFECT NORMALIZATION
2026-01-16 16:00:22,638 - dq_comparison - INFO - === DEBUG: DATA TYPE CHECK ===
2026-01-16 16:00:22,639 - dq_comparison - INFO - Column: City
2026-01-16 16:00:22,639 - dq_comparison - INFO -   Source type: <class 'str'>, value: New York
2026-01-16 16:00:22,640 - dq_comparison - INFO -   Target type: <class 'str'>, value: New York
2026-01-16 16:00:22,641 - dq_comparison - INFO -   Normalized: 'new york' vs 'new york'
2026-01-16 16:00:22,642 - dq_comparison - INFO -   Match: True
2026-01-16 16:00:22,643 - dq_comparison - INFO - Column: PostalCode
2026-01-16 16:00:22,644 - dq_comparison - INFO -   Source type: <class 'numpy.float64'>, value: 10001.0
2026-01-16 16:00:22,644 - dq_comparison - INFO -   Target type: <class 'numpy.float64'>, value: 10001.0
2026-01-16 16:00:22,646 - dq_comparison - INFO -   Normalized: '10001' vs '10001'
2026-01-16 16:00:22,647 - dq_comparison - INFO -   Match: True
2026-01-16 16:00:22,647 - dq_comparison - INFO - Column: Country
2026-01-16 16:00:22,648 - dq_comparison - INFO -   Source type: <class 'str'>, value: USA
2026-01-16 16:00:22,649 - dq_comparison - INFO -   Target type: <class 'str'>, value: USA
2026-01-16 16:00:22,649 - dq_comparison - INFO -   Normalized: 'usa' vs 'usa'
2026-01-16 16:00:22,650 - dq_comparison - INFO -   Match: True
2026-01-16 16:00:22,651 - dq_comparison - INFO - Source DF columns: ['CustomerName', 'Email', 'Phone', 'Salary', 'Department', 'JoinDate', 'PostalCode', 'City', 'Country', 'State']
2026-01-16 16:00:22,651 - dq_comparison - INFO - Target DF columns: ['customername', 'email', 'phone', 'salary', 'department', 'joindate', 'postalcode', 'city', 'country', 'state']
2026-01-16 16:00:22,653 - dq_comparison - INFO - Selected columns for comparison: ['City', 'PostalCode', 'Country', 'Phone', 'Department', 'JoinDate', 'State', 'CustomerName', 'Email', 'Salary']
2026-01-16 16:00:22,653 - dq_comparison - INFO - Using 10 common columns for hash comparison
2026-01-16 16:00:22,654 - dq_comparison - INFO - Source columns: ['City', 'PostalCode', 'Country', 'Phone', 'Department', 'JoinDate', 'State', 'CustomerName', 'Email', 'Salary']
2026-01-16 16:00:22,655 - dq_comparison - INFO - Target columns: ['city', 'postalcode', 'country', 'phone', 'department', 'joindate', 'state', 'customername', 'email', 'salary']
2026-01-16 16:00:22,655 - dq_comparison - INFO - Generating hashes for source data (12 rows)...
2026-01-16 16:00:22,660 - dq_comparison - INFO - === DEBUG: SAMPLE HASHES ===
2026-01-16 16:00:22,661 - dq_comparison - INFO - Hash 1: afa163d0d954f389... (sample row 0)
2026-01-16 16:00:22,661 - dq_comparison - INFO - Hash 2: 2f3eb62dc521fb01... (sample row 1)
2026-01-16 16:00:22,663 - dq_comparison - INFO - Hash 3: 850aaf5132c69894... (sample row 2)
2026-01-16 16:00:22,663 - dq_comparison - INFO - Generating hashes for target data (15 rows)...
2026-01-16 16:00:22,667 - dq_comparison - INFO - 
======================================================================
2026-01-16 16:00:22,668 - dq_comparison - INFO - 🔍 DEBUG: ANALYZING WHY HASHES DON'T MATCH
2026-01-16 16:00:22,668 - dq_comparison - INFO - ======================================================================
2026-01-16 16:00:22,669 - dq_comparison - INFO - 
--- Analyzing Row 0 ---
2026-01-16 16:00:22,670 - dq_comparison - INFO - Column 'City' → 'city':
2026-01-16 16:00:22,671 - dq_comparison - INFO -   Source: 'New York' (type: str) → 'new york'
2026-01-16 16:00:22,672 - dq_comparison - INFO -   Target: 'New York' (type: str) → 'new york'
2026-01-16 16:00:22,672 - dq_comparison - INFO -   Match after normalization: ✅ YES
2026-01-16 16:00:22,674 - dq_comparison - INFO - Column 'PostalCode' → 'postalcode':
2026-01-16 16:00:22,674 - dq_comparison - INFO -   Source: '10001.0' (type: float64) → '10001'
2026-01-16 16:00:22,675 - dq_comparison - INFO -   Target: '10001.0' (type: float64) → '10001'
2026-01-16 16:00:22,676 - dq_comparison - INFO -   Match after normalization: ✅ YES
2026-01-16 16:00:22,676 - dq_comparison - INFO - Column 'Country' → 'country':
2026-01-16 16:00:22,677 - dq_comparison - INFO -   Source: 'USA' (type: str) → 'usa'
2026-01-16 16:00:22,677 - dq_comparison - INFO -   Target: 'USA' (type: str) → 'usa'
2026-01-16 16:00:22,678 - dq_comparison - INFO -   Match after normalization: ✅ YES
2026-01-16 16:00:22,679 - dq_comparison - INFO - Column 'Phone' → 'phone':
2026-01-16 16:00:22,679 - dq_comparison - INFO -   Source: '1234567890' (type: int64) → '1234567890'
2026-01-16 16:00:22,680 - dq_comparison - INFO -   Target: '1234567890' (type: int64) → '1234567890'
2026-01-16 16:00:22,681 - dq_comparison - INFO -   Match after normalization: ✅ YES
2026-01-16 16:00:22,681 - dq_comparison - INFO - Column 'Department' → 'department':
2026-01-16 16:00:22,682 - dq_comparison - INFO -   Source: 'IT' (type: str) → 'it'
2026-01-16 16:00:22,683 - dq_comparison - INFO -   Target: 'IT' (type: str) → 'it'
2026-01-16 16:00:22,684 - dq_comparison - INFO -   Match after normalization: ✅ YES
2026-01-16 16:00:22,685 - dq_comparison - INFO - 
Hash components for Row 0:
2026-01-16 16:00:22,685 - dq_comparison - INFO - Source hash string start: new york|10001|usa...
2026-01-16 16:00:22,686 - dq_comparison - INFO - Target hash string start: new york|10001|usa...
2026-01-16 16:00:22,687 - dq_comparison - INFO - Same? ✅ YES
2026-01-16 16:00:22,687 - dq_comparison - INFO - 
--- Analyzing Row 1 ---
2026-01-16 16:00:22,689 - dq_comparison - INFO - Column 'City' → 'city':
2026-01-16 16:00:22,690 - dq_comparison - INFO -   Source: 'India' (type: str) → 'india'
2026-01-16 16:00:22,690 - dq_comparison - INFO -   Target: 'Chicago' (type: str) → 'chicago'
2026-01-16 16:00:22,691 - dq_comparison - INFO -   Match after normalization: ❌ NO
2026-01-16 16:00:22,692 - dq_comparison - INFO - Column 'PostalCode' → 'postalcode':
2026-01-16 16:00:22,693 - dq_comparison - INFO -   Source: '10002.0' (type: float64) → '10002'
2026-01-16 16:00:22,693 - dq_comparison - INFO -   Target: '10002.0' (type: float64) → '10002'
2026-01-16 16:00:22,694 - dq_comparison - INFO -   Match after normalization: ✅ YES
2026-01-16 16:00:22,695 - dq_comparison - INFO - Column 'Country' → 'country':
2026-01-16 16:00:22,696 - dq_comparison - INFO -   Source: 'USA' (type: str) → 'usa'
2026-01-16 16:00:22,696 - dq_comparison - INFO -   Target: 'USA' (type: str) → 'usa'
2026-01-16 16:00:22,697 - dq_comparison - INFO -   Match after normalization: ✅ YES
2026-01-16 16:00:22,698 - dq_comparison - INFO - Column 'Phone' → 'phone':
2026-01-16 16:00:22,698 - dq_comparison - INFO -   Source: '9876543210' (type: int64) → '9876543210'
2026-01-16 16:00:22,699 - dq_comparison - INFO -   Target: '9876543210' (type: int64) → '9876543210'
2026-01-16 16:00:22,700 - dq_comparison - INFO -   Match after normalization: ✅ YES
2026-01-16 16:00:22,701 - dq_comparison - INFO - Column 'Department' → 'department':
2026-01-16 16:00:22,702 - dq_comparison - INFO -   Source: 'HR' (type: str) → 'hr'
2026-01-16 16:00:22,703 - dq_comparison - INFO -   Target: 'HR' (type: str) → 'hr'
2026-01-16 16:00:22,704 - dq_comparison - INFO -   Match after normalization: ✅ YES
2026-01-16 16:00:22,705 - dq_comparison - INFO - 
Hash components for Row 1:
2026-01-16 16:00:22,706 - dq_comparison - INFO - Source hash string start: india|10002|usa...
2026-01-16 16:00:22,706 - dq_comparison - INFO - Target hash string start: chicago|10002|usa...
2026-01-16 16:00:22,707 - dq_comparison - INFO - Same? ❌ NO
2026-01-16 16:00:22,707 - dq_comparison - INFO - 
--- Analyzing Row 2 ---
2026-01-16 16:00:22,708 - dq_comparison - INFO - Column 'City' → 'city':
2026-01-16 16:00:22,710 - dq_comparison - INFO -   Source: 'Boston' (type: str) → 'boston'
2026-01-16 16:00:22,710 - dq_comparison - INFO -   Target: 'Boston' (type: str) → 'boston'
2026-01-16 16:00:22,711 - dq_comparison - INFO -   Match after normalization: ✅ YES
2026-01-16 16:00:22,712 - dq_comparison - INFO - Column 'PostalCode' → 'postalcode':
2026-01-16 16:00:22,712 - dq_comparison - INFO -   Source: '10003.0' (type: float64) → '10003'
2026-01-16 16:00:22,713 - dq_comparison - INFO -   Target: '10003.0' (type: float64) → '10003'
2026-01-16 16:00:22,714 - dq_comparison - INFO -   Match after normalization: ✅ YES
2026-01-16 16:00:22,715 - dq_comparison - INFO - Column 'Country' → 'country':
2026-01-16 16:00:22,716 - dq_comparison - INFO -   Source: 'USA' (type: str) → 'usa'
2026-01-16 16:00:22,717 - dq_comparison - INFO -   Target: 'USA' (type: str) → 'usa'
2026-01-16 16:00:22,718 - dq_comparison - INFO -   Match after normalization: ✅ YES
2026-01-16 16:00:22,718 - dq_comparison - INFO - Column 'Phone' → 'phone':
2026-01-16 16:00:22,719 - dq_comparison - INFO -   Source: '5551234567' (type: int64) → '5551234567'
2026-01-16 16:00:22,720 - dq_comparison - INFO -   Target: '5551234567' (type: int64) → '5551234567'
2026-01-16 16:00:22,721 - dq_comparison - INFO -   Match after normalization: ✅ YES
2026-01-16 16:00:22,721 - dq_comparison - INFO - Column 'Department' → 'department':
2026-01-16 16:00:22,722 - dq_comparison - INFO -   Source: 'Finance' (type: str) → 'finance'
2026-01-16 16:00:22,722 - dq_comparison - INFO -   Target: 'Finance' (type: str) → 'finance'
2026-01-16 16:00:22,724 - dq_comparison - INFO -   Match after normalization: ✅ YES
2026-01-16 16:00:22,724 - dq_comparison - INFO - 
Hash components for Row 2:
2026-01-16 16:00:22,724 - dq_comparison - INFO - Source hash string start: boston|10003|usa...
2026-01-16 16:00:22,725 - dq_comparison - INFO - Target hash string start: boston|10003|usa...
2026-01-16 16:00:22,727 - dq_comparison - INFO - Same? ✅ YES
2026-01-16 16:00:22,727 - dq_comparison - INFO - 
--- Column Data Types Analysis ---
2026-01-16 16:00:22,728 - dq_comparison - INFO - Column 1: 'City' (object) ↔ 'city' (object)
2026-01-16 16:00:22,729 - dq_comparison - INFO -   Sample: Source='New York', Target='New York'
2026-01-16 16:00:22,730 - dq_comparison - INFO - Column 2: 'PostalCode' (float64) ↔ 'postalcode' (float64)
2026-01-16 16:00:22,730 - dq_comparison - INFO -   Sample: Source='10001.0', Target='10001.0'
2026-01-16 16:00:22,732 - dq_comparison - INFO - Column 3: 'Country' (category) ↔ 'country' (category)
2026-01-16 16:00:22,732 - dq_comparison - INFO -   Sample: Source='USA', Target='USA'
2026-01-16 16:00:22,733 - dq_comparison - INFO - Column 4: 'Phone' (int64) ↔ 'phone' (int64)
2026-01-16 16:00:22,734 - dq_comparison - INFO -   Sample: Source='1234567890', Target='1234567890'
2026-01-16 16:00:22,735 - dq_comparison - INFO - Column 5: 'Department' (category) ↔ 'department' (category)
2026-01-16 16:00:22,735 - dq_comparison - INFO -   Sample: Source='IT', Target='IT'
2026-01-16 16:00:22,736 - dq_comparison - INFO - PERFORMING DETAILED ROW-LEVEL COMPARISON WITH PAGINATION...
2026-01-16 16:00:22,737 - dq_comparison - INFO - Found 9 total mismatches
2026-01-16 16:00:22,737 - dq_comparison - INFO - Will process detailed comparisons for first 9 rows
2026-01-16 16:00:22,827 - dq_comparison - INFO - 
================================================================================
2026-01-16 16:00:22,829 - dq_comparison - INFO - DETAILED MISMATCH SUMMARY:
2026-01-16 16:00:22,830 - dq_comparison - INFO -   Total mismatches found: 6
2026-01-16 16:00:22,831 - dq_comparison - INFO -   Detailed comparisons logged: 6
2026-01-16 16:00:22,831 - dq_comparison - INFO -   First 10 rows displayed above
2026-01-16 16:00:22,832 - dq_comparison - INFO -   All mismatches stored in database with complete data
2026-01-16 16:00:22,835 - dq_comparison - INFO - ================================================================================
2026-01-16 16:00:22,835 - dq_comparison - INFO - Hash-based Comparison Results (with duplicate handling):
2026-01-16 16:00:22,836 - dq_comparison - INFO -   • Unique source hashes: 11
2026-01-16 16:00:22,837 - dq_comparison - INFO -   • Unique target hashes: 14
2026-01-16 16:00:22,838 - dq_comparison - INFO -   • Common hashes: 8
2026-01-16 16:00:22,840 - dq_comparison - INFO -   • Common rows (counting duplicates): 9
2026-01-16 16:00:22,840 - dq_comparison - INFO -   • Rows only in source (counting duplicates): 3
2026-01-16 16:00:22,842 - dq_comparison - INFO -   • Rows only in target (counting duplicates): 6
2026-01-16 16:00:22,848 - dq_comparison - INFO - HASH-ONLY COMPARISON COMPLETED
2026-01-16 16:00:22,850 - dq_comparison - INFO - Returning counts for simple scoring:
2026-01-16 16:00:22,850 - dq_comparison - INFO -   Common rows: 9
2026-01-16 16:00:22,852 - dq_comparison - INFO -   Unique to source: 3
2026-01-16 16:00:22,853 - dq_comparison - INFO -   Unique to target: 6
2026-01-16 16:00:22,854 - dq_comparison - INFO -   Value mismatches: 90
2026-01-16 16:00:22,855 - dq_comparison - INFO -   Missing rows: 3
2026-01-16 16:00:22,857 - dq_comparison - INFO -   Extra rows: 6
2026-01-16 16:00:22,858 - dq_comparison - INFO - 
========================================================================================================================
COMPARISON: Mysql Database vs Postgresql Database
========================================================================================================================
Row   | Diff Count | Source (Sample)                          | Target (Sample)                         
------------------------------------------------------------------------------------------------------------------------
3     | 1          | City: India                              | city: Chicago                           
8     | 1          | City: Atlanta                            | city: Atlanta                           
11    | 1          | City: Austin                             | city: Austin                            
14    | 10         | City: NULL                               | city: Las Vegas                         
15    | 9          | City: NULL                               | city: Orlando                           
16    | 10         | City: NULL                               | city: San Diego                         
------------------------------------------------------------------------------------------------------------------------
Showing all 6 mismatched rows.
========================================================================================================================
2026-01-16 16:00:22,859 - dq_comparison - INFO - Returning enhanced mismatch structure with 6 detailed mismatches
2026-01-16 16:00:22,860 - dq_comparison - INFO - New structure: 6 detailed mismatches
2026-01-16 16:00:22,861 - dq_comparison - INFO - Analyzing data quality metrics...
2026-01-16 16:00:22,882 - dq_comparison - INFO - Null values - Source: 5 (4.17%), Target: 7 (4.67%)
2026-01-16 16:00:22,888 - dq_comparison - INFO - Duplicate rows (normalized) - Source: 1, Target: 1
2026-01-16 16:00:22,893 - dq_comparison - INFO - Source duplicate samples: ['Row 2', 'Row 7']
2026-01-16 16:00:22,897 - dq_comparison - INFO - Target duplicate samples: ['Row 2', 'Row 7']
2026-01-16 16:00:22,916 - dq_error_log - INFO - Retrieved 8 error logs for session CMP_20260116_160022
2026-01-16 16:00:22,918 - dq_comparison - INFO - 
📊 SIMPLE SCORING CALCULATION:
2026-01-16 16:00:22,919 - dq_comparison - INFO -   Source rows: 12
2026-01-16 16:00:22,920 - dq_comparison - INFO -   Common rows (matched): 9
2026-01-16 16:00:22,921 - dq_comparison - INFO -   Calculation: (9 / 12) * 100 = 75.00%
2026-01-16 16:00:22,922 - dq_comparison - INFO -   Explanation: 9 matched rows out of 12 total source rows
2026-01-16 16:00:22,923 - dq_comparison - INFO - 
=== AUDIT LOGGING SECTION ===
2026-01-16 16:00:22,924 - dq_comparison - INFO - 🔍 Audit logging is ENABLED in APP_SETTINGS
2026-01-16 16:00:22,925 - dq_audit - INFO - Audit class initialized with database: dq_checks
2026-01-16 16:00:22,927 - dq_comparison - INFO - Attempting to log audit record for session: CMP_20260116_160022
2026-01-16 16:00:22,928 - dq_audit - INFO - Starting database insertion for comparison...
2026-01-16 16:00:22,951 - dq_audit - INFO - Inserted comparison record with ID: 721
2026-01-16 16:00:22,952 - dq_comparison - INFO - ✅ Audit record logged successfully (ID: 721)
2026-01-16 16:00:22,969 - dq_error_log - INFO - Retrieved 8 error logs for session CMP_20260116_160022
2026-01-16 16:00:22,988 - dq_error_log - INFO - Retrieved summary: 8 total errors for session CMP_20260116_160022
2026-01-16 16:00:22,989 - dq_audit - INFO - Audit class initialized with database: dq_checks
2026-01-16 16:00:23,015 - dq_audit - INFO - Retrieved 1 audit logs for session CMP_20260116_160022
2026-01-16 16:00:23,017 - dq_comparison - INFO - 
🔍 Final results verification:
2026-01-16 16:00:23,018 - dq_comparison - INFO -    Session ID: CMP_20260116_160022
2026-01-16 16:00:23,019 - dq_comparison - INFO -    DQ Score (Simple %): 75.00%
2026-01-16 16:00:23,020 - dq_comparison - INFO -    Source rows: 12
2026-01-16 16:00:23,021 - dq_comparison - INFO -    Matched rows: 9
2026-01-16 16:00:23,022 - dq_comparison - INFO -    Calculation: (9 / 12) * 100
2026-01-16 16:00:23,023 - dq_comparison - INFO - Comparison analysis completed successfully
2026-01-16 16:00:23,044 - dq_audit - INFO - Retrieved 1 audit logs for session CMP_20260116_160022
2026-01-16 16:00:23,060 - dq_error_log - INFO - Retrieved 8 error logs for session CMP_20260116_160022
2026-01-16 16:00:23,078 - dq_error_log - INFO - Retrieved summary: 8 total errors for session CMP_20260116_160022
2026-01-16 16:00:23,079 - __main__ - INFO - Comparison completed for session CMP_20260116_160020
2026-01-16 16:00:23,086 - __main__ - INFO - Completed with status 200 in 2.398s
