2026-01-18 19:48:18,533 - __main__ - INFO - 🌐 API Server Logging Initialized
2026-01-18 19:48:18,533 - __main__ - INFO - 📝 Logs saved to: logs/dq_api_20260118_194818.log
2026-01-18 19:48:18,621 - dq_rules - WARNING - Could not load config from database: name 'get_db_connection' is not defined
2026-01-18 19:48:18,625 - __main__ - INFO - APP_SETTINGS loaded. Audit enabled: True
2026-01-18 19:48:18,626 - __main__ - INFO - ✅ All DQ modules loaded successfully
2026-01-18 19:48:18,628 - dq_error_log - INFO - ErrorLogger initialized with database: dq_checks
2026-01-18 19:48:18,629 - dq_audit - INFO - Audit class initialized with database: dq_checks
2026-01-18 19:48:18,630 - __main__ - INFO - ✅ ErrorLogger and DataQualityAudit initialized
2026-01-18 19:48:18,647 - __main__ - INFO - 🚀 Starting Data Quality Framework API
2026-01-18 19:48:18,647 - __main__ - INFO - 📊 Modules available: True
2026-01-18 19:48:18,648 - __main__ - INFO - 🔧 Config file mode: False
2026-01-18 19:48:18,649 - __main__ - INFO - 📋 Available endpoints:
2026-01-18 19:48:18,650 - __main__ - INFO -   GET  /              - API status
2026-01-18 19:48:18,650 - __main__ - INFO -   GET  /api/health    - Health check
2026-01-18 19:48:18,650 - __main__ - INFO -   POST /api/check-single - Single source analysis
2026-01-18 19:48:18,652 - __main__ - INFO -   POST /api/compare   - Source-target comparison
2026-01-18 19:48:18,652 - __main__ - INFO -   GET  /api/compare/{id} - Get comparison results
2026-01-18 19:48:18,653 - __main__ - INFO -   GET  /api/compare/{id}/mismatches - Paginated mismatches
2026-01-18 19:48:18,653 - __main__ - INFO -   GET  /api/compare/{id}/rows/source_only - Source-only rows
2026-01-18 19:48:18,654 - __main__ - INFO -   GET  /api/compare/{id}/rows/target_only - Target-only rows
2026-01-18 19:48:18,654 - __main__ - INFO -   GET  /api/compare/{id}/rows/count - Row counts
2026-01-18 19:48:18,655 - __main__ - INFO -   POST /api/upload    - File upload
2026-01-18 19:48:18,655 - __main__ - INFO -   GET  /api/sessions  - List sessions
2026-01-18 19:48:18,655 - __main__ - INFO -   GET  /api/sessions/<id> - Get session data
2026-01-18 19:48:18,655 - __main__ - INFO -   GET  /api/debug-db  - Database debug
2026-01-18 19:48:18,657 - __main__ - INFO - 🌍 Server starting on 0.0.0.0:5000 (debug=False)
2026-01-18 19:50:51,051 - __main__ - INFO - POST /api/advanced - Request started
2026-01-18 19:50:51,053 - __main__ - INFO - Advanced checks request received
2026-01-18 19:50:51,056 - __main__ - INFO - DEBUG: Received columns_input: [] (type: <class 'list'>)
2026-01-18 19:50:51,057 - __main__ - INFO - DEBUG: Using as-is: []
2026-01-18 19:50:51,058 - __main__ - INFO - Starting advanced checks for session ADV_20260118_195051_d602ace5
2026-01-18 19:50:51,059 - dq_advanced - INFO - Starting advanced checks in UI/API mode
2026-01-18 19:50:51,060 - dq_advanced - INFO - LOADING DATA FOR ADVANCED CHECKS
2026-01-18 19:50:51,060 - dq_unified - INFO - Prompting user for data source type
2026-01-18 19:50:51,061 - dq_unified - INFO - UI Data source_type: csv
2026-01-18 19:50:51,062 - dq_unified - INFO - Using source_type from UI data: csv
2026-01-18 19:50:51,062 - dq_unified - INFO - Loading data from CSV
2026-01-18 19:50:51,063 - dq_unified - INFO - Loading large CSV: C:/Users/003160/OneDrive - wisseninfotech.com/Documents/DQ-Checks-Shashi/Test_data/sample_data.csv
2026-01-18 19:50:51,066 - dq_unified - INFO - CSV file has 15 rows
2026-01-18 19:50:51,066 - dq_unified - INFO - Loading 15 rows from CSV...
2026-01-18 19:50:51,078 - dq_unified - INFO - Loaded 15 rows from CSV
2026-01-18 19:50:51,082 - dq_unified - INFO - Memory optimization: 0.0MB -> 0.0MB (Saved: 0.0MB)
2026-01-18 19:50:51,083 - dq_unified - INFO - Loaded 15 rows, 10 columns. Memory: 105.9MB total, 0.0MB for dataframe
2026-01-18 19:50:51,084 - dq_advanced - INFO - Data loaded: 15 rows, 10 columns from CSV: sample_data.csv
2026-01-18 19:50:51,084 - dq_error_log - INFO - ErrorLogger initialized with database: dq_checks
2026-01-18 19:50:51,187 - dq_error_log - INFO - Database connection successful
2026-01-18 19:50:51,188 - dq_advanced - INFO - Session ID: ADV_20260118_195051_4318
2026-01-18 19:50:51,188 - dq_advanced - INFO - Starting comprehensive validations on 15 rows, 10 columns
2026-01-18 19:50:51,189 - dq_advanced - INFO - Analyzing 10 columns...
2026-01-18 19:50:51,190 - dq_advanced - INFO - Before fidning ['   John Doe', 'Jane      Smith', 'Bob        Johnson', 'Alice Brown', 'Charlie Wilson', 'John Doe        ', 'David         Lee', '  Sarah      Chen  ', 'Mike Davis', 'Lisa       Wang', 'Tom Wilson', '            Robert Brown', 'Nancy Davis', 'Kevin Lee'] data 
2026-01-18 19:50:51,191 - dq_advanced - INFO - Cleaned value:After remove currency symbol John Doe
2026-01-18 19:50:51,191 - dq_advanced - INFO - Cleaned value:After remove currency symbol Jane      Smith
2026-01-18 19:50:51,192 - dq_advanced - INFO - Cleaned value:After remove currency symbol Bob        Johnson
2026-01-18 19:50:51,192 - dq_advanced - INFO - Cleaned value:After remove currency symbol Alice Brown
2026-01-18 19:50:51,192 - dq_advanced - INFO - Cleaned value:After remove currency symbol Charlie Wilson
2026-01-18 19:50:51,193 - dq_advanced - INFO - Cleaned value:After remove currency symbol John Doe
2026-01-18 19:50:51,193 - dq_advanced - INFO - Cleaned value:After remove currency symbol David         Lee
2026-01-18 19:50:51,194 - dq_advanced - INFO - Cleaned value:After remove currency symbol Sarah      Chen
2026-01-18 19:50:51,194 - dq_advanced - INFO - Cleaned value:After remove currency symbol Mike Davis
2026-01-18 19:50:51,194 - dq_advanced - INFO - Cleaned value:After remove currency symbol Lisa       Wang
2026-01-18 19:50:51,195 - dq_advanced - INFO - Cleaned value:After remove currency symbol Tom Wilson
2026-01-18 19:50:51,196 - dq_advanced - INFO - Cleaned value:After remove currency symbol Robert Brown
2026-01-18 19:50:51,196 - dq_advanced - INFO - Cleaned value:After remove currency symbol Nancy Davis
2026-01-18 19:50:51,196 - dq_advanced - INFO - Cleaned value:After remove currency symbol Kevin Lee
2026-01-18 19:50:51,198 - dq_advanced - INFO - Analyzed column 'CustomerName': text with 0 patterns
2026-01-18 19:50:51,199 - dq_advanced - INFO - Before fidning ['john@email.com', 'jane@email.com', 'alice@email.com', 'charlie@email.com', 'john@email.com', 'david@email.com', 'sarah@email.com', 'invalid-email', 'lisa@email.com', 'tom@email.com       ', 'empty@email.com', 'robert@email.com', 'nancy@email.com', 'kevin@email.com'] data 
2026-01-18 19:50:51,200 - dq_advanced - INFO - Cleaned value:After remove currency symbol john@email.com
2026-01-18 19:50:51,200 - dq_advanced - INFO - Cleaned value:After remove currency symbol jane@email.com
2026-01-18 19:50:51,201 - dq_advanced - INFO - Cleaned value:After remove currency symbol alice@email.com
2026-01-18 19:50:51,201 - dq_advanced - INFO - Cleaned value:After remove currency symbol charlie@email.com
2026-01-18 19:50:51,202 - dq_advanced - INFO - Cleaned value:After remove currency symbol john@email.com
2026-01-18 19:50:51,202 - dq_advanced - INFO - Cleaned value:After remove currency symbol david@email.com
2026-01-18 19:50:51,202 - dq_advanced - INFO - Cleaned value:After remove currency symbol sarah@email.com
2026-01-18 19:50:51,202 - dq_advanced - INFO - Cleaned value:After remove currency symbol invalid-email
2026-01-18 19:50:51,203 - dq_advanced - INFO - Cleaned value:After remove currency symbol lisa@email.com
2026-01-18 19:50:51,203 - dq_advanced - INFO - Cleaned value:After remove currency symbol tom@email.com
2026-01-18 19:50:51,204 - dq_advanced - INFO - Cleaned value:After remove currency symbol empty@email.com
2026-01-18 19:50:51,204 - dq_advanced - INFO - Cleaned value:After remove currency symbol robert@email.com
2026-01-18 19:50:51,205 - dq_advanced - INFO - Cleaned value:After remove currency symbol nancy@email.com
2026-01-18 19:50:51,206 - dq_advanced - INFO - Cleaned value:After remove currency symbol kevin@email.com
2026-01-18 19:50:51,207 - dq_advanced - INFO - Analyzed column 'Email': text with 1 patterns
2026-01-18 19:50:51,208 - dq_advanced - INFO - Before fidning [1234567890, 9876543210, 5551234567, 4445556666, 3334445555, 1234567890, 2223334444, 1112223333, 9998887777, 6667778888, 7778889999, 8889990000, 9990001111, 1112222, 1112223333] data 
2026-01-18 19:50:51,209 - dq_advanced - INFO - Analyzed column 'Phone': numeric with 2 patterns
2026-01-18 19:50:51,210 - dq_advanced - INFO - Before fidning [50000.0, 60000.0, 55000.0, 70000.0, 48000.0, 50000.0, 52000.0, 58000.0, 62000.0, 45000.0, 53000.0, 67000.0, 49000.0] data 
2026-01-18 19:50:51,212 - dq_advanced - INFO - Analyzed column 'Salary': numeric with 1 patterns
2026-01-18 19:50:51,212 - dq_advanced - INFO - Before fidning ['IT             ', '       HR', 'Finance', 'IT', 'HR', 'IT', 'Finance', 'IT', 'HR', 'Sales', '           Marketing', 'IT', 'HR', 'Sales'] data 
2026-01-18 19:50:51,214 - dq_advanced - INFO - Cleaned value:After remove currency symbol IT
2026-01-18 19:50:51,214 - dq_advanced - INFO - Cleaned value:After remove currency symbol HR
2026-01-18 19:50:51,214 - dq_advanced - INFO - Cleaned value:After remove currency symbol Finance
2026-01-18 19:50:51,215 - dq_advanced - INFO - Cleaned value:After remove currency symbol IT
2026-01-18 19:50:51,216 - dq_advanced - INFO - Cleaned value:After remove currency symbol HR
2026-01-18 19:50:51,216 - dq_advanced - INFO - Cleaned value:After remove currency symbol IT
2026-01-18 19:50:51,216 - dq_advanced - INFO - Cleaned value:After remove currency symbol Finance
2026-01-18 19:50:51,217 - dq_advanced - INFO - Cleaned value:After remove currency symbol IT
2026-01-18 19:50:51,217 - dq_advanced - INFO - Cleaned value:After remove currency symbol HR
2026-01-18 19:50:51,218 - dq_advanced - INFO - Cleaned value:After remove currency symbol Sales
2026-01-18 19:50:51,218 - dq_advanced - INFO - Cleaned value:After remove currency symbol Marketing
2026-01-18 19:50:51,218 - dq_advanced - INFO - Cleaned value:After remove currency symbol IT
2026-01-18 19:50:51,219 - dq_advanced - INFO - Cleaned value:After remove currency symbol HR
2026-01-18 19:50:51,219 - dq_advanced - INFO - Cleaned value:After remove currency symbol Sales
2026-01-18 19:50:51,221 - dq_advanced - INFO - Analyzed column 'Department': text with 0 patterns
2026-01-18 19:50:51,224 - dq_advanced - INFO - Before fidning ['15-01-2023', '20-02-2023', '10-03-2023', '15-01-2023', '05-04-2023', '15-01-2023', '12-05-2023', '18-06-2023', '22-07-2023', '30-08-2023', '10-09-2023', '15-10-2023', '20-11-2023', '05-12-2023', '10-01-2024'] data 
2026-01-18 19:50:51,224 - dq_advanced - INFO - Cleaned value:After remove currency symbol 15-01-2023
2026-01-18 19:50:51,225 - dq_advanced - INFO - Cleaned value:After remove currency symbol 20-02-2023
2026-01-18 19:50:51,226 - dq_advanced - INFO - Cleaned value:After remove currency symbol 10-03-2023
2026-01-18 19:50:51,227 - dq_advanced - INFO - Cleaned value:After remove currency symbol 15-01-2023
2026-01-18 19:50:51,227 - dq_advanced - INFO - Cleaned value:After remove currency symbol 05-04-2023
2026-01-18 19:50:51,228 - dq_advanced - INFO - Cleaned value:After remove currency symbol 15-01-2023
2026-01-18 19:50:51,228 - dq_advanced - INFO - Cleaned value:After remove currency symbol 12-05-2023
2026-01-18 19:50:51,229 - dq_advanced - INFO - Cleaned value:After remove currency symbol 18-06-2023
2026-01-18 19:50:51,229 - dq_advanced - INFO - Cleaned value:After remove currency symbol 22-07-2023
2026-01-18 19:50:51,229 - dq_advanced - INFO - Cleaned value:After remove currency symbol 30-08-2023
2026-01-18 19:50:51,230 - dq_advanced - INFO - Cleaned value:After remove currency symbol 10-09-2023
2026-01-18 19:50:51,231 - dq_advanced - INFO - Cleaned value:After remove currency symbol 15-10-2023
2026-01-18 19:50:51,231 - dq_advanced - INFO - Cleaned value:After remove currency symbol 20-11-2023
2026-01-18 19:50:51,232 - dq_advanced - INFO - Cleaned value:After remove currency symbol 05-12-2023
2026-01-18 19:50:51,232 - dq_advanced - INFO - Cleaned value:After remove currency symbol 10-01-2024
2026-01-18 19:50:51,234 - dq_advanced - INFO - Analyzed column 'JoinDate': text with 1 patterns
2026-01-18 19:50:51,236 - dq_advanced - INFO - Analyzed column 'PostalCode': text with 2 patterns
2026-01-18 19:50:51,237 - dq_advanced - INFO - Before fidning ['New York', 'Chicago', 'Boston', 'Seattle', 'Miami', 'New York', 'Atlanta', 'Denver', 'Phoenix', 'Austin', 'Portland', 'Detroit', 'Las Vegas', 'Orlando', 'San Diego'] data 
2026-01-18 19:50:51,239 - dq_advanced - INFO - Cleaned value:After remove currency symbol New York
2026-01-18 19:50:51,239 - dq_advanced - INFO - Cleaned value:After remove currency symbol Chicago
2026-01-18 19:50:51,240 - dq_advanced - INFO - Cleaned value:After remove currency symbol Boston
2026-01-18 19:50:51,240 - dq_advanced - INFO - Cleaned value:After remove currency symbol Seattle
2026-01-18 19:50:51,241 - dq_advanced - INFO - Cleaned value:After remove currency symbol Miami
2026-01-18 19:50:51,242 - dq_advanced - INFO - Cleaned value:After remove currency symbol New York
2026-01-18 19:50:51,243 - dq_advanced - INFO - Cleaned value:After remove currency symbol Atlanta
2026-01-18 19:50:51,243 - dq_advanced - INFO - Cleaned value:After remove currency symbol Denver
2026-01-18 19:50:51,243 - dq_advanced - INFO - Cleaned value:After remove currency symbol Phoenix
2026-01-18 19:50:51,244 - dq_advanced - INFO - Cleaned value:After remove currency symbol Austin
2026-01-18 19:50:51,244 - dq_advanced - INFO - Cleaned value:After remove currency symbol Portland
2026-01-18 19:50:51,246 - dq_advanced - INFO - Cleaned value:After remove currency symbol Detroit
2026-01-18 19:50:51,246 - dq_advanced - INFO - Cleaned value:After remove currency symbol Las Vegas
2026-01-18 19:50:51,247 - dq_advanced - INFO - Cleaned value:After remove currency symbol Orlando
2026-01-18 19:50:51,247 - dq_advanced - INFO - Cleaned value:After remove currency symbol San Diego
2026-01-18 19:50:51,249 - dq_advanced - INFO - Analyzed column 'City': text with 0 patterns
2026-01-18 19:50:51,250 - dq_advanced - INFO - Before fidning ['USA', 'USA', 'USA', 'USA', 'USA', 'USA', 'USA', 'USA', 'USA', 'USA', 'USA', 'USA', 'USA', 'USA', 'USA'] data 
2026-01-18 19:50:51,251 - dq_advanced - INFO - Cleaned value:After remove currency symbol USA
2026-01-18 19:50:51,251 - dq_advanced - INFO - Cleaned value:After remove currency symbol USA
2026-01-18 19:50:51,251 - dq_advanced - INFO - Cleaned value:After remove currency symbol USA
2026-01-18 19:50:51,252 - dq_advanced - INFO - Cleaned value:After remove currency symbol USA
2026-01-18 19:50:51,252 - dq_advanced - INFO - Cleaned value:After remove currency symbol USA
2026-01-18 19:50:51,253 - dq_advanced - INFO - Cleaned value:After remove currency symbol USA
2026-01-18 19:50:51,253 - dq_advanced - INFO - Cleaned value:After remove currency symbol USA
2026-01-18 19:50:51,253 - dq_advanced - INFO - Cleaned value:After remove currency symbol USA
2026-01-18 19:50:51,254 - dq_advanced - INFO - Cleaned value:After remove currency symbol USA
2026-01-18 19:50:51,254 - dq_advanced - INFO - Cleaned value:After remove currency symbol USA
2026-01-18 19:50:51,254 - dq_advanced - INFO - Cleaned value:After remove currency symbol USA
2026-01-18 19:50:51,256 - dq_advanced - INFO - Cleaned value:After remove currency symbol USA
2026-01-18 19:50:51,256 - dq_advanced - INFO - Cleaned value:After remove currency symbol USA
2026-01-18 19:50:51,256 - dq_advanced - INFO - Cleaned value:After remove currency symbol USA
2026-01-18 19:50:51,256 - dq_advanced - INFO - Cleaned value:After remove currency symbol USA
2026-01-18 19:50:51,258 - dq_advanced - INFO - Analyzed column 'Country': text with 1 patterns
2026-01-18 19:50:51,259 - dq_advanced - INFO - Before fidning ['TS', 'AP', 'KL', 'MP', 'KA', 'TS', 'DL', 'JK', 'GJ', 'MB', 'AR', 'AS', 'BR', 'GA'] data 
2026-01-18 19:50:51,259 - dq_advanced - INFO - Cleaned value:After remove currency symbol TS
2026-01-18 19:50:51,261 - dq_advanced - INFO - Cleaned value:After remove currency symbol AP
2026-01-18 19:50:51,261 - dq_advanced - INFO - Cleaned value:After remove currency symbol KL
2026-01-18 19:50:51,262 - dq_advanced - INFO - Cleaned value:After remove currency symbol MP
2026-01-18 19:50:51,262 - dq_advanced - INFO - Cleaned value:After remove currency symbol KA
2026-01-18 19:50:51,262 - dq_advanced - INFO - Cleaned value:After remove currency symbol TS
2026-01-18 19:50:51,263 - dq_advanced - INFO - Cleaned value:After remove currency symbol DL
2026-01-18 19:50:51,263 - dq_advanced - INFO - Cleaned value:After remove currency symbol JK
2026-01-18 19:50:51,264 - dq_advanced - INFO - Cleaned value:After remove currency symbol GJ
2026-01-18 19:50:51,265 - dq_advanced - INFO - Cleaned value:After remove currency symbol MB
2026-01-18 19:50:51,265 - dq_advanced - INFO - Cleaned value:After remove currency symbol AR
2026-01-18 19:50:51,266 - dq_advanced - INFO - Cleaned value:After remove currency symbol AS
2026-01-18 19:50:51,266 - dq_advanced - INFO - Cleaned value:After remove currency symbol BR
2026-01-18 19:50:51,266 - dq_advanced - INFO - Cleaned value:After remove currency symbol GA
2026-01-18 19:50:51,268 - dq_advanced - INFO - Analyzed column 'State': text with 1 patterns
2026-01-18 19:50:51,270 - dq_error_log - INFO - Starting batch logging for 13 errors, session: ADV_20260118_195051_4318
2026-01-18 19:50:51,282 - dq_error_log - INFO - Batch 1: Successfully logged 13 errors
2026-01-18 19:50:51,284 - dq_error_log - INFO - Progress: 13/13 errors processed
2026-01-18 19:50:51,284 - dq_error_log - INFO - COMPLETE: Logged 13/13 errors for session ADV_20260118_195051_4318
2026-01-18 19:50:51,284 - dq_audit - INFO - Audit class initialized with database: dq_checks
2026-01-18 19:50:51,284 - dq_audit - INFO - Starting database insertion for advanced...
2026-01-18 19:50:51,298 - dq_audit - INFO - Inserted advanced record with ID: 795
2026-01-18 19:50:51,298 - dq_advanced - INFO - Audit record logged with ID: 795
2026-01-18 19:50:51,308 - dq_error_log - INFO - Retrieved 13 error logs for session ADV_20260118_195051_4318
2026-01-18 19:50:51,317 - dq_error_log - INFO - Retrieved summary: 13 total errors for session ADV_20260118_195051_4318
2026-01-18 19:50:51,318 - dq_audit - INFO - Audit class initialized with database: dq_checks
2026-01-18 19:50:51,329 - dq_audit - INFO - Retrieved 1 audit logs for session ADV_20260118_195051_4318
2026-01-18 19:50:51,330 - dq_advanced - INFO - Advanced checks completed for session ADV_20260118_195051_4318
2026-01-18 19:50:51,339 - dq_error_log - INFO - Retrieved 13 error logs for session ADV_20260118_195051_4318
2026-01-18 19:50:51,349 - dq_error_log - INFO - Retrieved summary: 13 total errors for session ADV_20260118_195051_4318
2026-01-18 19:50:51,361 - dq_audit - INFO - Retrieved 1 audit logs for session ADV_20260118_195051_4318
2026-01-18 19:50:51,361 - __main__ - INFO - Advanced checks completed for session ADV_20260118_195051_4318
2026-01-18 19:50:51,365 - __main__ - INFO - Completed with status 200 in 0.314s
