2025-12-29 10:04:03,283 - __main__ - INFO - 🌐 API Server Logging Initialized
2025-12-29 10:04:03,286 - __main__ - INFO - 📝 Logs saved to: logs/dq_api_20251229_100403.log
2025-12-29 10:04:03,978 - __main__ - INFO - APP_SETTINGS loaded. Audit enabled: True
2025-12-29 10:04:03,979 - __main__ - INFO - ✅ All DQ modules loaded successfully
2025-12-29 10:04:03,985 - dq_error_log - INFO - ErrorLogger initialized with database: dq_checks
2025-12-29 10:04:03,986 - dq_audit - INFO - Audit class initialized with database: dq_checks
2025-12-29 10:04:03,987 - __main__ - INFO - ✅ ErrorLogger and DataQualityAudit initialized
2025-12-29 10:04:04,004 - __main__ - INFO - 🚀 Starting Data Quality Framework API
2025-12-29 10:04:04,005 - __main__ - INFO - 📊 Modules available: True
2025-12-29 10:04:04,006 - __main__ - INFO - 🔧 Config file mode: False
2025-12-29 10:04:04,007 - __main__ - INFO - 📋 Available endpoints:
2025-12-29 10:04:04,008 - __main__ - INFO -   GET  /              - API status
2025-12-29 10:04:04,010 - __main__ - INFO -   GET  /api/health    - Health check
2025-12-29 10:04:04,012 - __main__ - INFO -   POST /api/check-single - Single source analysis
2025-12-29 10:04:04,014 - __main__ - INFO -   POST /api/compare   - Source-target comparison
2025-12-29 10:04:04,015 - __main__ - INFO -   POST /api/upload    - File upload
2025-12-29 10:04:04,016 - __main__ - INFO -   GET  /api/sessions  - List sessions
2025-12-29 10:04:04,018 - __main__ - INFO -   GET  /api/sessions/<id> - Get session data
2025-12-29 10:04:04,019 - __main__ - INFO -   GET  /api/debug-db  - Database debug
2025-12-29 10:04:04,020 - __main__ - INFO - 🌍 Server starting on 0.0.0.0:5000 (debug=False)
2025-12-29 10:04:53,431 - __main__ - INFO - POST /api/upload - Request started
2025-12-29 10:04:53,447 - __main__ - INFO - File uploaded: 20251229_100453_sample_data.csv (csv)
2025-12-29 10:04:53,448 - __main__ - INFO - Completed with status 200 in 0.017s
2025-12-29 10:04:53,464 - __main__ - INFO - POST /api/check-single - Request started
2025-12-29 10:04:53,465 - __main__ - INFO - Single source analysis request received
2025-12-29 10:04:53,467 - __main__ - INFO - Starting analysis for session SINGLE_20251229_100453_f9049727
2025-12-29 10:04:53,468 - __main__ - INFO - UI Data being passed to dq_unified:
2025-12-29 10:04:53,470 - __main__ - INFO -   source_type: csv
2025-12-29 10:04:53,471 - __main__ - INFO -   file_path: C:\Users\003160\OneDrive - wisseninfotech.com\Documents\DQ-Checks-Shashi\data_quality_framework-V2\uploads\20251229_100453_sample_data.csv
2025-12-29 10:04:53,472 - __main__ - INFO -   sheet_name: None
2025-12-29 10:04:53,473 - __main__ - INFO -   mandatory_fields: all
2025-12-29 10:04:53,474 - dq_unified - INFO - ==================================================
2025-12-29 10:04:53,475 - dq_unified - INFO - RUN_SINGLE_SOURCE_ANALYSIS_UI - START
2025-12-29 10:04:53,476 - dq_unified - INFO - Prompting user for data source type
2025-12-29 10:04:53,477 - dq_unified - INFO - UI Data source_type: csv
2025-12-29 10:04:53,478 - dq_unified - INFO - Using source_type from UI data: csv
2025-12-29 10:04:53,479 - dq_unified - INFO - Loading data from CSV...
2025-12-29 10:04:53,479 - dq_unified - INFO - Loading data from CSV
2025-12-29 10:04:53,481 - dq_unified - INFO - Loading large CSV: C:\Users\003160\OneDrive - wisseninfotech.com\Documents\DQ-Checks-Shashi\data_quality_framework-V2\uploads\20251229_100453_sample_data.csv
2025-12-29 10:04:53,484 - dq_unified - INFO - CSV file has 15 rows
2025-12-29 10:04:53,486 - dq_unified - INFO - Loading 15 rows from CSV...
2025-12-29 10:04:53,512 - dq_unified - INFO - Loaded 15 rows from CSV
2025-12-29 10:04:53,533 - dq_unified - INFO - Memory optimization: 0.0MB -> 0.0MB (Saved: 0.0MB)
2025-12-29 10:04:53,534 - dq_unified - INFO - Standardizing data types...
2025-12-29 10:04:53,542 - dq_unified - INFO - Data type standardization complete
2025-12-29 10:04:53,543 - dq_unified - INFO - Loaded 15 rows, 10 columns. Memory: 99.0MB total, 0.0MB for dataframe
2025-12-29 10:04:53,544 - dq_unified - INFO - Data loaded: 15 rows, 10 columns
2025-12-29 10:04:53,545 - dq_error_log - INFO - ErrorLogger initialized with database: dq_checks
2025-12-29 10:04:53,546 - dq_unified - INFO - Session ID: SINGLE_20251229_100453
2025-12-29 10:04:53,547 - dq_unified - INFO - ==================================================
2025-12-29 10:04:53,548 - dq_unified - INFO - Starting quality checks...
2025-12-29 10:04:53,549 - dq_unified - INFO - ==================================================
2025-12-29 10:04:53,550 - dq_unified - INFO - 1. Checking for null/empty values...
2025-12-29 10:04:53,551 - dq_unified - INFO - Checking for null/empty values
2025-12-29 10:04:53,553 - dq_unified - INFO - DataFrame shape: (15, 10)
2025-12-29 10:04:53,554 - dq_unified - INFO - Columns: ['CustomerName', 'Email', 'Phone', 'Salary', 'Department', 'JoinDate', 'PostalCode', 'City', 'Country', 'State']
2025-12-29 10:04:53,555 - dq_unified - INFO - Data source: CSV: 20251229_100453_sample_data.csv
2025-12-29 10:04:53,557 - dq_unified - INFO - DataFrame dtypes: {'CustomerName': dtype('O'), 'Email': dtype('O'), 'Phone': dtype('int64'), 'Salary': dtype('float32'), 'Department': CategoricalDtype(categories=['           Marketing', '       HR', 'Finance', 'HR', 'IT',
                  'IT             ', 'Sales'],
, ordered=False, categories_dtype=object), 'JoinDate': dtype('O'), 'PostalCode': dtype('float64'), 'City': dtype('O'), 'Country': CategoricalDtype(categories=['USA'], ordered=False, categories_dtype=object), 'State': dtype('O')}
2025-12-29 10:04:53,558 - dq_unified - INFO - First 2 rows (first 3 columns only):
2025-12-29 10:04:53,561 - dq_unified - INFO -   Row 0: {'CustomerName': "'   John Doe'", 'Email': "'john@email.com'", 'Phone': 'np.int64(1234567890)'}
2025-12-29 10:04:53,563 - dq_unified - INFO -   Row 1: {'CustomerName': "'Jane      Smith'", 'Email': "'jane@email.com'", 'Phone': 'np.int64(9876543210)'}
2025-12-29 10:04:53,582 - dq_unified - INFO -   Missing samples: ['nan']
2025-12-29 10:04:53,583 - dq_unified - INFO -   Not missing samples: ["'   John Doe'", "'Jane      Smith'", "'Bob        Johnson'"]
2025-12-29 10:04:53,584 - dq_unified - WARNING - Column 'CustomerName': 1 missing cells (6.7%)
2025-12-29 10:04:53,587 - dq_unified - WARNING - Column 'CustomerName': 1 missing cells (6.7%)
2025-12-29 10:04:53,591 - dq_error_log - INFO - Starting batch logging for 1 errors, session: SINGLE_20251229_100453
2025-12-29 10:04:53,811 - dq_error_log - INFO - Batch 1: Successfully logged 1 errors
2025-12-29 10:04:53,813 - dq_error_log - INFO - Progress: 1/1 errors processed
2025-12-29 10:04:53,814 - dq_error_log - INFO - COMPLETE: Logged 1/1 errors for session SINGLE_20251229_100453
2025-12-29 10:04:53,829 - dq_unified - INFO -   Missing samples: ['nan']
2025-12-29 10:04:53,829 - dq_unified - INFO -   Not missing samples: ["'john@email.com'", "'jane@email.com'", "'alice@email.com'"]
2025-12-29 10:04:53,830 - dq_unified - WARNING - Column 'Email': 1 missing cells (6.7%)
2025-12-29 10:04:53,831 - dq_unified - WARNING - Column 'Email': 1 missing cells (6.7%)
2025-12-29 10:04:53,833 - dq_error_log - INFO - Starting batch logging for 1 errors, session: SINGLE_20251229_100453
2025-12-29 10:04:53,868 - dq_error_log - INFO - Batch 1: Successfully logged 1 errors
2025-12-29 10:04:53,870 - dq_error_log - INFO - Progress: 1/1 errors processed
2025-12-29 10:04:53,871 - dq_error_log - INFO - COMPLETE: Logged 1/1 errors for session SINGLE_20251229_100453
2025-12-29 10:04:53,885 - dq_unified - INFO - Column 'Phone': No missing cells
2025-12-29 10:04:53,899 - dq_unified - INFO -   Missing samples: ['nan', 'nan']
2025-12-29 10:04:53,900 - dq_unified - INFO -   Not missing samples: ['50000.0', '60000.0', '55000.0']
2025-12-29 10:04:53,901 - dq_unified - WARNING - Column 'Salary': 2 missing cells (13.3%)
2025-12-29 10:04:53,902 - dq_unified - WARNING - Column 'Salary': 2 missing cells (13.3%)
2025-12-29 10:04:53,904 - dq_error_log - INFO - Starting batch logging for 2 errors, session: SINGLE_20251229_100453
2025-12-29 10:04:53,935 - dq_error_log - INFO - Batch 1: Successfully logged 2 errors
2025-12-29 10:04:53,936 - dq_error_log - INFO - Progress: 2/2 errors processed
2025-12-29 10:04:53,937 - dq_error_log - INFO - COMPLETE: Logged 2/2 errors for session SINGLE_20251229_100453
2025-12-29 10:04:53,947 - dq_unified - INFO -   Missing samples: ['nan']
2025-12-29 10:04:53,948 - dq_unified - INFO -   Not missing samples: ["'IT             '", "'       HR'", "'Finance'"]
2025-12-29 10:04:53,949 - dq_unified - WARNING - Column 'Department': 1 missing cells (6.7%)
2025-12-29 10:04:53,951 - dq_unified - WARNING - Column 'Department': 1 missing cells (6.7%)
2025-12-29 10:04:53,952 - dq_error_log - INFO - Starting batch logging for 1 errors, session: SINGLE_20251229_100453
2025-12-29 10:04:53,976 - dq_error_log - INFO - Batch 1: Successfully logged 1 errors
2025-12-29 10:04:53,978 - dq_error_log - INFO - Progress: 1/1 errors processed
2025-12-29 10:04:53,978 - dq_error_log - INFO - COMPLETE: Logged 1/1 errors for session SINGLE_20251229_100453
2025-12-29 10:04:53,988 - dq_unified - INFO - Column 'JoinDate': No missing cells
2025-12-29 10:04:54,002 - dq_unified - INFO -   Missing samples: ['nan']
2025-12-29 10:04:54,003 - dq_unified - INFO -   Not missing samples: ['10001.0', '10002.0', '10003.0']
2025-12-29 10:04:54,004 - dq_unified - WARNING - Column 'PostalCode': 1 missing cells (6.7%)
2025-12-29 10:04:54,005 - dq_unified - WARNING - Column 'PostalCode': 1 missing cells (6.7%)
2025-12-29 10:04:54,006 - dq_error_log - INFO - Starting batch logging for 1 errors, session: SINGLE_20251229_100453
2025-12-29 10:04:54,027 - dq_error_log - INFO - Batch 1: Successfully logged 1 errors
2025-12-29 10:04:54,028 - dq_error_log - INFO - Progress: 1/1 errors processed
2025-12-29 10:04:54,029 - dq_error_log - INFO - COMPLETE: Logged 1/1 errors for session SINGLE_20251229_100453
2025-12-29 10:04:54,041 - dq_unified - INFO - Column 'City': No missing cells
2025-12-29 10:04:54,052 - dq_unified - INFO - Column 'Country': No missing cells
2025-12-29 10:04:54,064 - dq_unified - INFO -   Missing samples: ['nan']
2025-12-29 10:04:54,065 - dq_unified - INFO -   Not missing samples: ["'TS'", "'AP'", "'KL'"]
2025-12-29 10:04:54,066 - dq_unified - WARNING - Column 'State': 1 missing cells (6.7%)
2025-12-29 10:04:54,067 - dq_unified - WARNING - Column 'State': 1 missing cells (6.7%)
2025-12-29 10:04:54,069 - dq_error_log - INFO - Starting batch logging for 1 errors, session: SINGLE_20251229_100453
2025-12-29 10:04:54,097 - dq_error_log - INFO - Batch 1: Successfully logged 1 errors
2025-12-29 10:04:54,098 - dq_error_log - INFO - Progress: 1/1 errors processed
2025-12-29 10:04:54,099 - dq_error_log - INFO - COMPLETE: Logged 1/1 errors for session SINGLE_20251229_100453
2025-12-29 10:04:54,100 - dq_unified - INFO - Total missing cells found: 7
2025-12-29 10:04:54,100 - dq_unified - INFO - ============================================================
2025-12-29 10:04:54,102 - dq_unified - INFO - MISSING VALUE SUMMARY
2025-12-29 10:04:54,103 - dq_unified - INFO - ============================================================
2025-12-29 10:04:54,103 - dq_unified - INFO - CustomerName: 1 missing (6.7%)
2025-12-29 10:04:54,103 - dq_unified - INFO - Email: 1 missing (6.7%)
2025-12-29 10:04:54,105 - dq_unified - INFO - Salary: 2 missing (13.3%)
2025-12-29 10:04:54,106 - dq_unified - INFO - Department: 1 missing (6.7%)
2025-12-29 10:04:54,106 - dq_unified - INFO - PostalCode: 1 missing (6.7%)
2025-12-29 10:04:54,107 - dq_unified - INFO - State: 1 missing (6.7%)
2025-12-29 10:04:54,108 - dq_unified - INFO - ============================================================
2025-12-29 10:04:54,109 - dq_unified - INFO -    Found 7 empty cells
2025-12-29 10:04:54,111 - dq_unified - INFO - 2. Checking for duplicate rows...
2025-12-29 10:04:54,111 - dq_unified - INFO - Checking for duplicate rows
2025-12-29 10:04:54,112 - dq_unified - INFO - Cleaning data (removing whitespace)...
2025-12-29 10:04:54,114 - dq_unified - INFO - Columns after cleaning: ['CustomerName', 'Email', 'Phone', 'Salary', 'Department', 'JoinDate', 'PostalCode', 'City', 'Country', 'State']
2025-12-29 10:04:54,122 - dq_unified - INFO - Sample of first column after cleaning: 'John Doe'
2025-12-29 10:04:54,123 - dq_unified - INFO - Sample of row 6 first column: 'John Doe'
2025-12-29 10:04:54,124 - dq_unified - INFO - Total rows to check: 15
2025-12-29 10:04:54,125 - dq_unified - INFO - Checking first column 'CustomerName' for serial numbers
2025-12-29 10:04:54,126 - dq_unified - INFO - First 5 values: ['John Doe', 'Jane Smith', 'Bob Johnson', 'Alice Brown', 'Charlie Wilson']
2025-12-29 10:04:54,127 - dq_unified - INFO -   Row 1: 'John Doe' → Not numeric
2025-12-29 10:04:54,128 - dq_unified - INFO -   Row 2: 'Jane Smith' → Not numeric
2025-12-29 10:04:54,129 - dq_unified - INFO -   Row 3: 'Bob Johnson' → Not numeric
2025-12-29 10:04:54,130 - dq_unified - INFO - Not enough numeric values to be serial: []
2025-12-29 10:04:54,131 - dq_unified - INFO - Checking duplicates on ALL columns
2025-12-29 10:04:54,131 - dq_unified - INFO - First few rows for comparison:
2025-12-29 10:04:54,134 - dq_unified - INFO -   Row 0: {'CustomerName': 'John Doe', 'Email': 'john@email.com', 'Phone': '1234567890'}
2025-12-29 10:04:54,134 - dq_unified - INFO -   Row 1: {'CustomerName': 'Jane Smith', 'Email': 'jane@email.com', 'Phone': '9876543210'}
2025-12-29 10:04:54,136 - dq_unified - INFO -   Row 2: {'CustomerName': 'Bob Johnson', 'Email': 'nan', 'Phone': '5551234567'}
2025-12-29 10:04:54,139 - dq_unified - INFO - Duplicate mask found 2 rows
2025-12-29 10:04:54,140 - dq_unified - INFO - Found 2 potential duplicate rows
2025-12-29 10:04:54,143 - dq_unified - INFO - Unique duplicate groups: 1
2025-12-29 10:04:54,144 - dq_unified - INFO - Duplicate groups found:
2025-12-29 10:04:54,146 - dq_unified - INFO -   Group sample: Pandas(Index=0, CustomerName='John Doe', Email='john@email.com', Phone='1234567890', Salary='50000.0', Department='IT', JoinDate='15-01-2023', PostalCode='10001.0', City='New York', Country='USA', State='TS')
2025-12-29 10:04:54,148 - dq_unified - INFO - Processing 2 duplicate indices
2025-12-29 10:04:54,149 - dq_unified - INFO - FINAL RESULT: Found 2 duplicate groups
2025-12-29 10:04:54,150 - dq_error_log - INFO - Starting batch logging for 2 errors, session: SINGLE_20251229_100453
2025-12-29 10:04:54,178 - dq_error_log - INFO - Batch 1: Successfully logged 2 errors
2025-12-29 10:04:54,179 - dq_error_log - INFO - Progress: 2/2 errors processed
2025-12-29 10:04:54,180 - dq_error_log - INFO - COMPLETE: Logged 2/2 errors for session SINGLE_20251229_100453
2025-12-29 10:04:54,181 - dq_unified - INFO -    Found 2 duplicate rows
2025-12-29 10:04:54,181 - dq_unified - INFO - 3. Checking data formats...
2025-12-29 10:04:54,183 - dq_unified - INFO - Checking data formats
2025-12-29 10:04:54,190 - dq_unified - INFO - Detected Email as email type
2025-12-29 10:04:54,191 - dq_unified - WARNING -   Row 9: 'invalid-email...' doesn't match Valid email format (user@domain.com)
2025-12-29 10:04:54,194 - dq_unified - INFO - Detected Phone as phone type
2025-12-29 10:04:54,195 - dq_unified - WARNING -   Row 14: '1112222...' doesn't match Valid phone number format
2025-12-29 10:04:54,197 - dq_unified - INFO - Detected Salary as numeric type
2025-12-29 10:04:54,202 - dq_unified - INFO - Detected JoinDate as date type
2025-12-29 10:04:54,203 - dq_unified - INFO -   Date format check for JoinDate: Consistent=True, Format=DD-MM-YYYY or MM-DD-YYYY
2025-12-29 10:04:54,206 - dq_unified - INFO - Detected PostalCode as numeric type
2025-12-29 10:04:54,213 - dq_unified - INFO - Total format issues found: 2
2025-12-29 10:04:54,214 - dq_error_log - INFO - Starting batch logging for 2 errors, session: SINGLE_20251229_100453
2025-12-29 10:04:54,237 - dq_error_log - INFO - Batch 1: Successfully logged 2 errors
2025-12-29 10:04:54,239 - dq_error_log - INFO - Progress: 2/2 errors processed
2025-12-29 10:04:54,240 - dq_error_log - INFO - COMPLETE: Logged 2/2 errors for session SINGLE_20251229_100453
2025-12-29 10:04:54,240 - dq_unified - INFO -    Found 2 format issues
2025-12-29 10:04:54,241 - dq_unified - INFO - 4. Checking mandatory fields...
2025-12-29 10:04:54,242 - dq_unified - INFO - Checking mandatory fields
2025-12-29 10:04:54,243 - dq_unified - INFO - Available columns: ['CustomerName', 'Email', 'Phone', 'Salary', 'Department', 'JoinDate', 'PostalCode', 'City', 'Country', 'State']
2025-12-29 10:04:54,244 - dq_unified - INFO - Checking ALL columns as mandatory: ['CustomerName', 'Email', 'Phone', 'Salary', 'Department', 'JoinDate', 'PostalCode', 'City', 'Country', 'State']
2025-12-29 10:04:54,257 - dq_unified - WARNING - Mandatory field 'CustomerName': 1 missing values (93.3% filled)
2025-12-29 10:04:54,271 - dq_unified - WARNING - Mandatory field 'Email': 1 missing values (93.3% filled)
2025-12-29 10:04:54,285 - dq_unified - INFO - Mandatory field 'Phone': 100.0% filled
2025-12-29 10:04:54,294 - dq_unified - WARNING - Mandatory field 'Salary': 2 missing values (86.7% filled)
2025-12-29 10:04:54,306 - dq_unified - WARNING - Mandatory field 'Department': 1 missing values (93.3% filled)
2025-12-29 10:04:54,318 - dq_unified - INFO - Mandatory field 'JoinDate': 100.0% filled
2025-12-29 10:04:54,328 - dq_unified - WARNING - Mandatory field 'PostalCode': 1 missing values (93.3% filled)
2025-12-29 10:04:54,337 - dq_unified - INFO - Mandatory field 'City': 100.0% filled
2025-12-29 10:04:54,348 - dq_unified - INFO - Mandatory field 'Country': 100.0% filled
2025-12-29 10:04:54,360 - dq_unified - WARNING - Mandatory field 'State': 1 missing values (93.3% filled)
2025-12-29 10:04:54,446 - dq_error_log - INFO - Starting batch logging for 7 errors, session: SINGLE_20251229_100453
2025-12-29 10:04:54,469 - dq_error_log - INFO - Batch 1: Successfully logged 7 errors
2025-12-29 10:04:54,471 - dq_error_log - INFO - Progress: 7/7 errors processed
2025-12-29 10:04:54,472 - dq_error_log - INFO - COMPLETE: Logged 7/7 errors for session SINGLE_20251229_100453
2025-12-29 10:04:54,473 - dq_unified - INFO - All columns mandatory: 6 unique rows with missing values
2025-12-29 10:04:54,474 - dq_unified - INFO -    Found 6 missing mandatory values
2025-12-29 10:04:54,474 - dq_unified - INFO - 5. Calculating quality score...
2025-12-29 10:04:54,475 - dq_unified - INFO - Calculating quality score
2025-12-29 10:04:54,477 - dq_unified - INFO - Quality Score Calculation:
2025-12-29 10:04:54,477 - dq_unified - INFO -   Total rows: 15
2025-12-29 10:04:54,477 - dq_unified - INFO -   Bad Rows: 8
2025-12-29 10:04:54,478 - dq_unified - INFO -   Good rows (no issues): 7
2025-12-29 10:04:54,479 - dq_unified - INFO -   Quality Score: 46.67%
2025-12-29 10:04:54,496 - dq_error_log - INFO - Retrieved 18 error logs for session SINGLE_20251229_100453
2025-12-29 10:04:54,520 - dq_error_log - INFO - Retrieved summary: 18 total errors for session SINGLE_20251229_100453
2025-12-29 10:04:54,521 - dq_unified - INFO - Added 18 error logs to results
2025-12-29 10:04:54,523 - dq_audit - INFO - Audit class initialized with database: dq_checks
2025-12-29 10:04:54,524 - dq_audit - INFO - Starting database insertion for single_source...
2025-12-29 10:04:54,565 - dq_audit - INFO - Inserted single_source record with ID: 482
2025-12-29 10:04:54,593 - dq_audit - INFO - Retrieved 1 audit logs for session SINGLE_20251229_100453
2025-12-29 10:04:54,595 - dq_unified - INFO - Added 1 audit logs to results
2025-12-29 10:04:54,596 - dq_unified - INFO - Analysis completed successfully for CSV: 20251229_100453_sample_data.csv
2025-12-29 10:04:54,597 - dq_unified - INFO - Final quality score: 46.67%
2025-12-29 10:04:54,618 - dq_error_log - INFO - Retrieved 18 error logs for session SINGLE_20251229_100453
2025-12-29 10:04:54,639 - dq_error_log - INFO - Retrieved summary: 18 total errors for session SINGLE_20251229_100453
2025-12-29 10:04:54,663 - dq_audit - INFO - Retrieved 1 audit logs for session SINGLE_20251229_100453
2025-12-29 10:04:54,665 - __main__ - INFO - Analysis completed for session SINGLE_20251229_100453
2025-12-29 10:04:54,669 - __main__ - INFO - Completed with status 200 in 1.205s
2025-12-29 10:05:02,082 - __main__ - INFO - POST /api/upload - Request started
2025-12-29 10:05:02,097 - __main__ - INFO - File uploaded: 20251229_100502_sample_data.csv (csv)
2025-12-29 10:05:02,098 - __main__ - INFO - Completed with status 200 in 0.016s
2025-12-29 10:05:02,113 - __main__ - INFO - POST /api/check-single - Request started
2025-12-29 10:05:02,114 - __main__ - INFO - Single source analysis request received
2025-12-29 10:05:02,115 - __main__ - INFO - Starting analysis for session SINGLE_20251229_100502_4c01a7be
2025-12-29 10:05:02,116 - __main__ - INFO - UI Data being passed to dq_unified:
2025-12-29 10:05:02,117 - __main__ - INFO -   source_type: csv
2025-12-29 10:05:02,119 - __main__ - INFO -   file_path: C:\Users\003160\OneDrive - wisseninfotech.com\Documents\DQ-Checks-Shashi\data_quality_framework-V2\uploads\20251229_100502_sample_data.csv
2025-12-29 10:05:02,121 - __main__ - INFO -   sheet_name: None
2025-12-29 10:05:02,122 - __main__ - INFO -   mandatory_fields: all
2025-12-29 10:05:02,124 - dq_unified - INFO - ==================================================
2025-12-29 10:05:02,126 - dq_unified - INFO - RUN_SINGLE_SOURCE_ANALYSIS_UI - START
2025-12-29 10:05:02,127 - dq_unified - INFO - Prompting user for data source type
2025-12-29 10:05:02,129 - dq_unified - INFO - UI Data source_type: csv
2025-12-29 10:05:02,129 - dq_unified - INFO - Using source_type from UI data: csv
2025-12-29 10:05:02,131 - dq_unified - INFO - Loading data from CSV...
2025-12-29 10:05:02,132 - dq_unified - INFO - Loading data from CSV
2025-12-29 10:05:02,133 - dq_unified - INFO - Loading large CSV: C:\Users\003160\OneDrive - wisseninfotech.com\Documents\DQ-Checks-Shashi\data_quality_framework-V2\uploads\20251229_100502_sample_data.csv
2025-12-29 10:05:02,137 - dq_unified - INFO - CSV file has 15 rows
2025-12-29 10:05:02,137 - dq_unified - INFO - Loading 15 rows from CSV...
2025-12-29 10:05:02,144 - dq_unified - INFO - Loaded 15 rows from CSV
2025-12-29 10:05:02,149 - dq_unified - INFO - Memory optimization: 0.0MB -> 0.0MB (Saved: 0.0MB)
2025-12-29 10:05:02,150 - dq_unified - INFO - Standardizing data types...
2025-12-29 10:05:02,155 - dq_unified - INFO - Data type standardization complete
2025-12-29 10:05:02,159 - dq_unified - INFO - Loaded 15 rows, 10 columns. Memory: 106.9MB total, 0.0MB for dataframe
2025-12-29 10:05:02,160 - dq_unified - INFO - Data loaded: 15 rows, 10 columns
2025-12-29 10:05:02,161 - dq_error_log - INFO - ErrorLogger initialized with database: dq_checks
2025-12-29 10:05:02,161 - dq_unified - INFO - Session ID: SINGLE_20251229_100502
2025-12-29 10:05:02,162 - dq_unified - INFO - ==================================================
2025-12-29 10:05:02,162 - dq_unified - INFO - Starting quality checks...
2025-12-29 10:05:02,163 - dq_unified - INFO - ==================================================
2025-12-29 10:05:02,164 - dq_unified - INFO - 1. Checking for null/empty values...
2025-12-29 10:05:02,165 - dq_unified - INFO - Checking for null/empty values
2025-12-29 10:05:02,166 - dq_unified - INFO - DataFrame shape: (15, 10)
2025-12-29 10:05:02,166 - dq_unified - INFO - Columns: ['CustomerName', 'Email', 'Phone', 'Salary', 'Department', 'JoinDate', 'PostalCode', 'City', 'Country', 'State']
2025-12-29 10:05:02,167 - dq_unified - INFO - Data source: CSV: 20251229_100502_sample_data.csv
2025-12-29 10:05:02,170 - dq_unified - INFO - DataFrame dtypes: {'CustomerName': dtype('O'), 'Email': dtype('O'), 'Phone': dtype('int64'), 'Salary': dtype('float32'), 'Department': CategoricalDtype(categories=['           Marketing', '       HR', 'Finance', 'HR', 'IT',
                  'IT             ', 'Sales'],
, ordered=False, categories_dtype=object), 'JoinDate': dtype('O'), 'PostalCode': dtype('float64'), 'City': dtype('O'), 'Country': CategoricalDtype(categories=['USA'], ordered=False, categories_dtype=object), 'State': dtype('O')}
2025-12-29 10:05:02,172 - dq_unified - INFO - First 2 rows (first 3 columns only):
2025-12-29 10:05:02,174 - dq_unified - INFO -   Row 0: {'CustomerName': "'   John Doe'", 'Email': "'john@email.com'", 'Phone': 'np.int64(1234567890)'}
2025-12-29 10:05:02,175 - dq_unified - INFO -   Row 1: {'CustomerName': "'Jane      Smith'", 'Email': "'jane@email.com'", 'Phone': 'np.int64(9876543210)'}
2025-12-29 10:05:02,190 - dq_unified - INFO -   Missing samples: ['nan']
2025-12-29 10:05:02,191 - dq_unified - INFO -   Not missing samples: ["'   John Doe'", "'Jane      Smith'", "'Bob        Johnson'"]
2025-12-29 10:05:02,192 - dq_unified - WARNING - Column 'CustomerName': 1 missing cells (6.7%)
2025-12-29 10:05:02,193 - dq_unified - WARNING - Column 'CustomerName': 1 missing cells (6.7%)
2025-12-29 10:05:02,194 - dq_error_log - INFO - Starting batch logging for 1 errors, session: SINGLE_20251229_100502
2025-12-29 10:05:02,216 - dq_error_log - INFO - Batch 1: Successfully logged 1 errors
2025-12-29 10:05:02,217 - dq_error_log - INFO - Progress: 1/1 errors processed
2025-12-29 10:05:02,219 - dq_error_log - INFO - COMPLETE: Logged 1/1 errors for session SINGLE_20251229_100502
2025-12-29 10:05:02,234 - dq_unified - INFO -   Missing samples: ['nan']
2025-12-29 10:05:02,235 - dq_unified - INFO -   Not missing samples: ["'john@email.com'", "'jane@email.com'", "'alice@email.com'"]
2025-12-29 10:05:02,236 - dq_unified - WARNING - Column 'Email': 1 missing cells (6.7%)
2025-12-29 10:05:02,237 - dq_unified - WARNING - Column 'Email': 1 missing cells (6.7%)
2025-12-29 10:05:02,239 - dq_error_log - INFO - Starting batch logging for 1 errors, session: SINGLE_20251229_100502
2025-12-29 10:05:02,260 - dq_error_log - INFO - Batch 1: Successfully logged 1 errors
2025-12-29 10:05:02,262 - dq_error_log - INFO - Progress: 1/1 errors processed
2025-12-29 10:05:02,262 - dq_error_log - INFO - COMPLETE: Logged 1/1 errors for session SINGLE_20251229_100502
2025-12-29 10:05:02,273 - dq_unified - INFO - Column 'Phone': No missing cells
2025-12-29 10:05:02,281 - dq_unified - INFO -   Missing samples: ['nan', 'nan']
2025-12-29 10:05:02,282 - dq_unified - INFO -   Not missing samples: ['50000.0', '60000.0', '55000.0']
2025-12-29 10:05:02,283 - dq_unified - WARNING - Column 'Salary': 2 missing cells (13.3%)
2025-12-29 10:05:02,284 - dq_unified - WARNING - Column 'Salary': 2 missing cells (13.3%)
2025-12-29 10:05:02,286 - dq_error_log - INFO - Starting batch logging for 2 errors, session: SINGLE_20251229_100502
2025-12-29 10:05:02,307 - dq_error_log - INFO - Batch 1: Successfully logged 2 errors
2025-12-29 10:05:02,308 - dq_error_log - INFO - Progress: 2/2 errors processed
2025-12-29 10:05:02,310 - dq_error_log - INFO - COMPLETE: Logged 2/2 errors for session SINGLE_20251229_100502
2025-12-29 10:05:02,325 - dq_unified - INFO -   Missing samples: ['nan']
2025-12-29 10:05:02,327 - dq_unified - INFO -   Not missing samples: ["'IT             '", "'       HR'", "'Finance'"]
2025-12-29 10:05:02,328 - dq_unified - WARNING - Column 'Department': 1 missing cells (6.7%)
2025-12-29 10:05:02,329 - dq_unified - WARNING - Column 'Department': 1 missing cells (6.7%)
2025-12-29 10:05:02,331 - dq_error_log - INFO - Starting batch logging for 1 errors, session: SINGLE_20251229_100502
2025-12-29 10:05:02,351 - dq_error_log - INFO - Batch 1: Successfully logged 1 errors
2025-12-29 10:05:02,353 - dq_error_log - INFO - Progress: 1/1 errors processed
2025-12-29 10:05:02,354 - dq_error_log - INFO - COMPLETE: Logged 1/1 errors for session SINGLE_20251229_100502
2025-12-29 10:05:02,367 - dq_unified - INFO - Column 'JoinDate': No missing cells
2025-12-29 10:05:02,379 - dq_unified - INFO -   Missing samples: ['nan']
2025-12-29 10:05:02,380 - dq_unified - INFO -   Not missing samples: ['10001.0', '10002.0', '10003.0']
2025-12-29 10:05:02,382 - dq_unified - WARNING - Column 'PostalCode': 1 missing cells (6.7%)
2025-12-29 10:05:02,383 - dq_unified - WARNING - Column 'PostalCode': 1 missing cells (6.7%)
2025-12-29 10:05:02,384 - dq_error_log - INFO - Starting batch logging for 1 errors, session: SINGLE_20251229_100502
2025-12-29 10:05:02,407 - dq_error_log - INFO - Batch 1: Successfully logged 1 errors
2025-12-29 10:05:02,408 - dq_error_log - INFO - Progress: 1/1 errors processed
2025-12-29 10:05:02,409 - dq_error_log - INFO - COMPLETE: Logged 1/1 errors for session SINGLE_20251229_100502
2025-12-29 10:05:02,420 - dq_unified - INFO - Column 'City': No missing cells
2025-12-29 10:05:02,431 - dq_unified - INFO - Column 'Country': No missing cells
2025-12-29 10:05:02,443 - dq_unified - INFO -   Missing samples: ['nan']
2025-12-29 10:05:02,444 - dq_unified - INFO -   Not missing samples: ["'TS'", "'AP'", "'KL'"]
2025-12-29 10:05:02,445 - dq_unified - WARNING - Column 'State': 1 missing cells (6.7%)
2025-12-29 10:05:02,446 - dq_unified - WARNING - Column 'State': 1 missing cells (6.7%)
2025-12-29 10:05:02,447 - dq_error_log - INFO - Starting batch logging for 1 errors, session: SINGLE_20251229_100502
2025-12-29 10:05:02,469 - dq_error_log - INFO - Batch 1: Successfully logged 1 errors
2025-12-29 10:05:02,470 - dq_error_log - INFO - Progress: 1/1 errors processed
2025-12-29 10:05:02,471 - dq_error_log - INFO - COMPLETE: Logged 1/1 errors for session SINGLE_20251229_100502
2025-12-29 10:05:02,471 - dq_unified - INFO - Total missing cells found: 7
2025-12-29 10:05:02,472 - dq_unified - INFO - ============================================================
2025-12-29 10:05:02,472 - dq_unified - INFO - MISSING VALUE SUMMARY
2025-12-29 10:05:02,474 - dq_unified - INFO - ============================================================
2025-12-29 10:05:02,474 - dq_unified - INFO - CustomerName: 1 missing (6.7%)
2025-12-29 10:05:02,475 - dq_unified - INFO - Email: 1 missing (6.7%)
2025-12-29 10:05:02,475 - dq_unified - INFO - Salary: 2 missing (13.3%)
2025-12-29 10:05:02,476 - dq_unified - INFO - Department: 1 missing (6.7%)
2025-12-29 10:05:02,477 - dq_unified - INFO - PostalCode: 1 missing (6.7%)
2025-12-29 10:05:02,478 - dq_unified - INFO - State: 1 missing (6.7%)
2025-12-29 10:05:02,478 - dq_unified - INFO - ============================================================
2025-12-29 10:05:02,479 - dq_unified - INFO -    Found 7 empty cells
2025-12-29 10:05:02,480 - dq_unified - INFO - 2. Checking for duplicate rows...
2025-12-29 10:05:02,482 - dq_unified - INFO - Checking for duplicate rows
2025-12-29 10:05:02,483 - dq_unified - INFO - Cleaning data (removing whitespace)...
2025-12-29 10:05:02,484 - dq_unified - INFO - Columns after cleaning: ['CustomerName', 'Email', 'Phone', 'Salary', 'Department', 'JoinDate', 'PostalCode', 'City', 'Country', 'State']
2025-12-29 10:05:02,494 - dq_unified - INFO - Sample of first column after cleaning: 'John Doe'
2025-12-29 10:05:02,495 - dq_unified - INFO - Sample of row 6 first column: 'John Doe'
2025-12-29 10:05:02,496 - dq_unified - INFO - Total rows to check: 15
2025-12-29 10:05:02,497 - dq_unified - INFO - Checking first column 'CustomerName' for serial numbers
2025-12-29 10:05:02,499 - dq_unified - INFO - First 5 values: ['John Doe', 'Jane Smith', 'Bob Johnson', 'Alice Brown', 'Charlie Wilson']
2025-12-29 10:05:02,500 - dq_unified - INFO -   Row 1: 'John Doe' → Not numeric
2025-12-29 10:05:02,500 - dq_unified - INFO -   Row 2: 'Jane Smith' → Not numeric
2025-12-29 10:05:02,502 - dq_unified - INFO -   Row 3: 'Bob Johnson' → Not numeric
2025-12-29 10:05:02,502 - dq_unified - INFO - Not enough numeric values to be serial: []
2025-12-29 10:05:02,503 - dq_unified - INFO - Checking duplicates on ALL columns
2025-12-29 10:05:02,504 - dq_unified - INFO - First few rows for comparison:
2025-12-29 10:05:02,505 - dq_unified - INFO -   Row 0: {'CustomerName': 'John Doe', 'Email': 'john@email.com', 'Phone': '1234567890'}
2025-12-29 10:05:02,507 - dq_unified - INFO -   Row 1: {'CustomerName': 'Jane Smith', 'Email': 'jane@email.com', 'Phone': '9876543210'}
2025-12-29 10:05:02,508 - dq_unified - INFO -   Row 2: {'CustomerName': 'Bob Johnson', 'Email': 'nan', 'Phone': '5551234567'}
2025-12-29 10:05:02,512 - dq_unified - INFO - Duplicate mask found 2 rows
2025-12-29 10:05:02,513 - dq_unified - INFO - Found 2 potential duplicate rows
2025-12-29 10:05:02,517 - dq_unified - INFO - Unique duplicate groups: 1
2025-12-29 10:05:02,517 - dq_unified - INFO - Duplicate groups found:
2025-12-29 10:05:02,520 - dq_unified - INFO -   Group sample: Pandas(Index=0, CustomerName='John Doe', Email='john@email.com', Phone='1234567890', Salary='50000.0', Department='IT', JoinDate='15-01-2023', PostalCode='10001.0', City='New York', Country='USA', State='TS')
2025-12-29 10:05:02,521 - dq_unified - INFO - Processing 2 duplicate indices
2025-12-29 10:05:02,522 - dq_unified - INFO - FINAL RESULT: Found 2 duplicate groups
2025-12-29 10:05:02,523 - dq_error_log - INFO - Starting batch logging for 2 errors, session: SINGLE_20251229_100502
2025-12-29 10:05:02,548 - dq_error_log - INFO - Batch 1: Successfully logged 2 errors
2025-12-29 10:05:02,550 - dq_error_log - INFO - Progress: 2/2 errors processed
2025-12-29 10:05:02,551 - dq_error_log - INFO - COMPLETE: Logged 2/2 errors for session SINGLE_20251229_100502
2025-12-29 10:05:02,553 - dq_unified - INFO -    Found 2 duplicate rows
2025-12-29 10:05:02,554 - dq_unified - INFO - 3. Checking data formats...
2025-12-29 10:05:02,555 - dq_unified - INFO - Checking data formats
2025-12-29 10:05:02,560 - dq_unified - INFO - Detected Email as email type
2025-12-29 10:05:02,561 - dq_unified - WARNING -   Row 9: 'invalid-email...' doesn't match Valid email format (user@domain.com)
2025-12-29 10:05:02,564 - dq_unified - INFO - Detected Phone as phone type
2025-12-29 10:05:02,565 - dq_unified - WARNING -   Row 14: '1112222...' doesn't match Valid phone number format
2025-12-29 10:05:02,568 - dq_unified - INFO - Detected Salary as numeric type
2025-12-29 10:05:02,574 - dq_unified - INFO - Detected JoinDate as date type
2025-12-29 10:05:02,575 - dq_unified - INFO -   Date format check for JoinDate: Consistent=True, Format=DD-MM-YYYY or MM-DD-YYYY
2025-12-29 10:05:02,578 - dq_unified - INFO - Detected PostalCode as numeric type
2025-12-29 10:05:02,586 - dq_unified - INFO - Total format issues found: 2
2025-12-29 10:05:02,587 - dq_error_log - INFO - Starting batch logging for 2 errors, session: SINGLE_20251229_100502
2025-12-29 10:05:02,610 - dq_error_log - INFO - Batch 1: Successfully logged 2 errors
2025-12-29 10:05:02,612 - dq_error_log - INFO - Progress: 2/2 errors processed
2025-12-29 10:05:02,613 - dq_error_log - INFO - COMPLETE: Logged 2/2 errors for session SINGLE_20251229_100502
2025-12-29 10:05:02,614 - dq_unified - INFO -    Found 2 format issues
2025-12-29 10:05:02,615 - dq_unified - INFO - 4. Checking mandatory fields...
2025-12-29 10:05:02,616 - dq_unified - INFO - Checking mandatory fields
2025-12-29 10:05:02,619 - dq_unified - INFO - Available columns: ['CustomerName', 'Email', 'Phone', 'Salary', 'Department', 'JoinDate', 'PostalCode', 'City', 'Country', 'State']
2025-12-29 10:05:02,620 - dq_unified - INFO - Checking ALL columns as mandatory: ['CustomerName', 'Email', 'Phone', 'Salary', 'Department', 'JoinDate', 'PostalCode', 'City', 'Country', 'State']
2025-12-29 10:05:02,635 - dq_unified - WARNING - Mandatory field 'CustomerName': 1 missing values (93.3% filled)
2025-12-29 10:05:02,648 - dq_unified - WARNING - Mandatory field 'Email': 1 missing values (93.3% filled)
2025-12-29 10:05:02,661 - dq_unified - INFO - Mandatory field 'Phone': 100.0% filled
2025-12-29 10:05:02,674 - dq_unified - WARNING - Mandatory field 'Salary': 2 missing values (86.7% filled)
2025-12-29 10:05:02,690 - dq_unified - WARNING - Mandatory field 'Department': 1 missing values (93.3% filled)
2025-12-29 10:05:02,706 - dq_unified - INFO - Mandatory field 'JoinDate': 100.0% filled
2025-12-29 10:05:02,723 - dq_unified - WARNING - Mandatory field 'PostalCode': 1 missing values (93.3% filled)
2025-12-29 10:05:02,741 - dq_unified - INFO - Mandatory field 'City': 100.0% filled
2025-12-29 10:05:02,758 - dq_unified - INFO - Mandatory field 'Country': 100.0% filled
2025-12-29 10:05:02,770 - dq_unified - WARNING - Mandatory field 'State': 1 missing values (93.3% filled)
2025-12-29 10:05:02,881 - dq_error_log - INFO - Starting batch logging for 7 errors, session: SINGLE_20251229_100502
2025-12-29 10:05:02,907 - dq_error_log - INFO - Batch 1: Successfully logged 7 errors
2025-12-29 10:05:02,908 - dq_error_log - INFO - Progress: 7/7 errors processed
2025-12-29 10:05:02,909 - dq_error_log - INFO - COMPLETE: Logged 7/7 errors for session SINGLE_20251229_100502
2025-12-29 10:05:02,910 - dq_unified - INFO - All columns mandatory: 6 unique rows with missing values
2025-12-29 10:05:02,910 - dq_unified - INFO -    Found 6 missing mandatory values
2025-12-29 10:05:02,911 - dq_unified - INFO - 5. Calculating quality score...
2025-12-29 10:05:02,912 - dq_unified - INFO - Calculating quality score
2025-12-29 10:05:02,913 - dq_unified - INFO - Quality Score Calculation:
2025-12-29 10:05:02,913 - dq_unified - INFO -   Total rows: 15
2025-12-29 10:05:02,915 - dq_unified - INFO -   Bad Rows: 8
2025-12-29 10:05:02,916 - dq_unified - INFO -   Good rows (no issues): 7
2025-12-29 10:05:02,917 - dq_unified - INFO -   Quality Score: 46.67%
2025-12-29 10:05:02,936 - dq_error_log - INFO - Retrieved 18 error logs for session SINGLE_20251229_100502
2025-12-29 10:05:02,954 - dq_error_log - INFO - Retrieved summary: 18 total errors for session SINGLE_20251229_100502
2025-12-29 10:05:02,955 - dq_unified - INFO - Added 18 error logs to results
2025-12-29 10:05:02,957 - dq_audit - INFO - Audit class initialized with database: dq_checks
2025-12-29 10:05:02,958 - dq_audit - INFO - Starting database insertion for single_source...
2025-12-29 10:05:02,982 - dq_audit - INFO - Inserted single_source record with ID: 483
2025-12-29 10:05:03,001 - dq_audit - INFO - Retrieved 1 audit logs for session SINGLE_20251229_100502
2025-12-29 10:05:03,003 - dq_unified - INFO - Added 1 audit logs to results
2025-12-29 10:05:03,004 - dq_unified - INFO - Analysis completed successfully for CSV: 20251229_100502_sample_data.csv
2025-12-29 10:05:03,004 - dq_unified - INFO - Final quality score: 46.67%
2025-12-29 10:05:03,024 - dq_error_log - INFO - Retrieved 18 error logs for session SINGLE_20251229_100502
2025-12-29 10:05:03,041 - dq_error_log - INFO - Retrieved summary: 18 total errors for session SINGLE_20251229_100502
2025-12-29 10:05:03,059 - dq_audit - INFO - Retrieved 1 audit logs for session SINGLE_20251229_100502
2025-12-29 10:05:03,060 - __main__ - INFO - Analysis completed for session SINGLE_20251229_100502
2025-12-29 10:05:03,064 - __main__ - INFO - Completed with status 200 in 0.951s
2025-12-29 10:06:27,039 - __main__ - INFO - POST /api/upload - Request started
2025-12-29 10:06:27,297 - __main__ - INFO - File uploaded: 20251229_100627_source_data_90k.csv (csv)
2025-12-29 10:06:27,299 - __main__ - INFO - Completed with status 200 in 0.261s
2025-12-29 10:06:27,317 - __main__ - INFO - POST /api/check-single - Request started
2025-12-29 10:06:27,318 - __main__ - INFO - Single source analysis request received
2025-12-29 10:06:27,319 - __main__ - INFO - Starting analysis for session SINGLE_20251229_100627_30fd8895
2025-12-29 10:06:27,320 - __main__ - INFO - UI Data being passed to dq_unified:
2025-12-29 10:06:27,321 - __main__ - INFO -   source_type: csv
2025-12-29 10:06:27,322 - __main__ - INFO -   file_path: C:\Users\003160\OneDrive - wisseninfotech.com\Documents\DQ-Checks-Shashi\data_quality_framework-V2\uploads\20251229_100627_source_data_90k.csv
2025-12-29 10:06:27,323 - __main__ - INFO -   sheet_name: None
2025-12-29 10:06:27,325 - __main__ - INFO -   mandatory_fields: all
2025-12-29 10:06:27,328 - dq_unified - INFO - ==================================================
2025-12-29 10:06:27,329 - dq_unified - INFO - RUN_SINGLE_SOURCE_ANALYSIS_UI - START
2025-12-29 10:06:27,330 - dq_unified - INFO - Prompting user for data source type
2025-12-29 10:06:27,331 - dq_unified - INFO - UI Data source_type: csv
2025-12-29 10:06:27,332 - dq_unified - INFO - Using source_type from UI data: csv
2025-12-29 10:06:27,333 - dq_unified - INFO - Loading data from CSV...
2025-12-29 10:06:27,333 - dq_unified - INFO - Loading data from CSV
2025-12-29 10:06:27,334 - dq_unified - INFO - Loading large CSV: C:\Users\003160\OneDrive - wisseninfotech.com\Documents\DQ-Checks-Shashi\data_quality_framework-V2\uploads\20251229_100627_source_data_90k.csv
2025-12-29 10:06:27,388 - dq_unified - INFO - CSV file has 92,875 rows
2025-12-29 10:06:27,389 - dq_unified - INFO - Loading 92,875 rows from CSV...
2025-12-29 10:06:27,724 - dq_unified - INFO - Loaded 89,999 rows from CSV
2025-12-29 10:06:28,168 - dq_unified - INFO - Memory optimization: 45.4MB -> 17.1MB (Saved: 28.3MB)
2025-12-29 10:06:28,169 - dq_unified - INFO - Standardizing data types...
2025-12-29 10:06:29,040 - dq_unified - INFO - Data type standardization complete
2025-12-29 10:06:29,120 - dq_unified - INFO - Loaded 89,999 rows, 12 columns. Memory: 128.0MB total, 17.1MB for dataframe
2025-12-29 10:06:29,121 - dq_unified - INFO - Data loaded: 89,999 rows, 12 columns
2025-12-29 10:06:29,122 - dq_error_log - INFO - ErrorLogger initialized with database: dq_checks
2025-12-29 10:06:29,123 - dq_unified - INFO - Session ID: SINGLE_20251229_100629
2025-12-29 10:06:29,124 - dq_unified - INFO - ==================================================
2025-12-29 10:06:29,124 - dq_unified - INFO - Starting quality checks...
2025-12-29 10:06:29,125 - dq_unified - INFO - ==================================================
2025-12-29 10:06:29,126 - dq_unified - INFO - 1. Checking for null/empty values...
2025-12-29 10:06:29,127 - dq_unified - INFO - Checking for null/empty values
2025-12-29 10:06:29,129 - dq_unified - INFO - DataFrame shape: (89999, 12)
2025-12-29 10:06:29,130 - dq_unified - INFO - Columns: ['id', 'customer_id', 'transaction_id', 'customer_name', 'email', 'phone', 'transaction_date', 'amount', 'quantity', 'age', 'status', 'description']
2025-12-29 10:06:29,131 - dq_unified - INFO - Data source: CSV: 20251229_100627_source_data_90k.csv
2025-12-29 10:06:29,134 - dq_unified - INFO - DataFrame dtypes: {'id': dtype('uint32'), 'customer_id': dtype('O'), 'transaction_id': dtype('O'), 'customer_name': CategoricalDtype(categories=['                     Michael Smith', '      Susan Miller',
                  'David Brown', 'David Brown  ', 'David Davis',
                  'David Davis  ', 'David Johnson', 'David Johnson  ',
                  'David Jones', 'David Jones  ',
                  ...
                  'William Johnson', 'William Johnson  ', 'William Jones',
                  'William Jones  ', 'William Miller', 'William Miller  ',
                  'William Smith', 'William Smith  ', 'William Williams',
                  'William Williams  '],
, ordered=False, categories_dtype=object), 'email': CategoricalDtype(categories=['                             robert.johnson@outlook.com',
                  'david.brown.company.com', 'david.brown@company.com',
                  'david.brown@gmail.com', 'david.brown@hotmail.com',
                  'david.brown@invalid', 'david.brown@outlook.com',
                  'david.brown@yahoo.com', 'david.davis.company.com',
                  'david.davis@company.com',
                  ...
                  'william.smith@invalid', 'william.smith@outlook.com',
                  'william.smith@yahoo.com', 'william.williams.company.com',
                  'william.williams@company.com', 'william.williams@gmail.com',
                  'william.williams@hotmail.com', 'william.williams@invalid',
                  'william.williams@outlook.com',
                  'william.williams@yahoo.com'],
, ordered=False, categories_dtype=object), 'phone': dtype('O'), 'transaction_date': CategoricalDtype(categories=['01-01-2023', '01-01-2024', '01-02-2023', '01-03-2023',
                  '01-04-2023', '01-05-2023', '01-06-2023', '01-07-2023',
                  '01-08-2023', '01-09-2023',
                  ...
                  '30-10-2023', '30-11-2023', '30-12-2023', '31-01-2023',
                  '31-03-2023', '31-05-2023', '31-07-2023', '31-08-2023',
                  '31-10-2023', '31-12-2023'],
, ordered=False, categories_dtype=object), 'amount': dtype('float32'), 'quantity': dtype('int8'), 'age': dtype('int16'), 'status': CategoricalDtype(categories=['ACTIVE', 'CANCELLED', 'COMPLETED', 'INACTIVE', 'PENDING'], ordered=False, categories_dtype=object), 'description': CategoricalDtype(categories=['  Text with leading spaces', 'Normal text without issues',
                  'Text with\ttabs', 'Text with\nnewlines',
                  'Text with  multiple   spaces', 'Text with - dashes',
                  'Text with mixed CAPITAL and lowercase',
                  'Text with trailing spaces  ', 'Text with! exclamations',
                  'Text with"quotes"', 'Text with#hashtags',
                  'Text with$dollar signs',
                  'Text with$dollar signs                       ',
                  'Text with%percent signs', 'Text with& ampersands',
                  'Text with'apostrophes', 'Text with(parentheses)',
                  'Text with*asterisks', 'Text with, commas',
                  'Text with. periods', 'Text with/slashes',
                  'Text with; semicolons', 'Text with<angle brackets>',
                  'Text with? questions', 'Text with@at signs',
                  'Text with[brackets]', 'Text with\backslashes',
                  'Text with_underscores', 'Text with`backticks',
                  'Text with{braces}', 'Text with|pipes', 'Text with~tildes'],
, ordered=False, categories_dtype=object)}
2025-12-29 10:06:29,135 - dq_unified - INFO - First 2 rows (first 3 columns only):
2025-12-29 10:06:29,137 - dq_unified - INFO -   Row 0: {'id': 'np.uint32(78303)', 'customer_id': "'CUST078303'", 'transaction_id': "'TX00078303'"}
2025-12-29 10:06:29,139 - dq_unified - INFO -   Row 1: {'id': 'np.uint32(66465)', 'customer_id': "'CUST066465'", 'transaction_id': "'TX00066465'"}
2025-12-29 10:06:29,756 - dq_unified - INFO - Column 'id': No missing cells
2025-12-29 10:06:30,355 - dq_unified - INFO - Column 'customer_id': No missing cells
2025-12-29 10:06:30,946 - dq_unified - INFO - Column 'transaction_id': No missing cells
2025-12-29 10:06:31,546 - dq_unified - INFO -   Missing samples: ['nan', 'nan', 'nan']
2025-12-29 10:06:31,547 - dq_unified - INFO -   Not missing samples: ["'Michael Davis'", "'Susan Brown'", "'Sarah Davis'"]
2025-12-29 10:06:31,548 - dq_unified - WARNING - Column 'customer_name': 3,510 missing cells (3.9%)
2025-12-29 10:06:31,548 - dq_unified - WARNING - Column 'customer_name': 3,510 missing cells (3.9%)
2025-12-29 10:07:11,938 - dq_error_log - INFO - Starting batch logging for 3510 errors, session: SINGLE_20251229_100629
2025-12-29 10:07:12,033 - dq_error_log - INFO - Batch 1: Successfully logged 500 errors
2025-12-29 10:07:12,104 - dq_error_log - INFO - Batch 2: Successfully logged 500 errors
2025-12-29 10:07:12,179 - dq_error_log - INFO - Batch 3: Successfully logged 500 errors
2025-12-29 10:07:12,253 - dq_error_log - INFO - Batch 4: Successfully logged 500 errors
2025-12-29 10:07:12,322 - dq_error_log - INFO - Batch 5: Successfully logged 500 errors
2025-12-29 10:07:12,390 - dq_error_log - INFO - Batch 6: Successfully logged 500 errors
2025-12-29 10:07:12,451 - dq_error_log - INFO - Batch 7: Successfully logged 500 errors
2025-12-29 10:07:12,473 - dq_error_log - INFO - Batch 8: Successfully logged 10 errors
2025-12-29 10:07:12,475 - dq_error_log - INFO - Progress: 3510/3510 errors processed
2025-12-29 10:07:12,475 - dq_error_log - INFO - COMPLETE: Logged 3510/3510 errors for session SINGLE_20251229_100629
2025-12-29 10:07:13,092 - dq_unified - INFO -   Missing samples: ['nan', 'nan', 'nan']
2025-12-29 10:07:13,093 - dq_unified - INFO -   Not missing samples: ["'david.jones@company.com'", "'jennifer.williams@gmail.com'", "'james.davis@hotmail.com'"]
2025-12-29 10:07:13,095 - dq_unified - WARNING - Column 'email': 1,516 missing cells (1.7%)
2025-12-29 10:07:13,099 - dq_unified - WARNING - Column 'email': 1,516 missing cells (1.7%)
2025-12-29 10:07:27,010 - dq_error_log - INFO - Starting batch logging for 1516 errors, session: SINGLE_20251229_100629
2025-12-29 10:07:27,074 - dq_error_log - INFO - Batch 1: Successfully logged 500 errors
2025-12-29 10:07:27,148 - dq_error_log - INFO - Batch 2: Successfully logged 500 errors
2025-12-29 10:07:27,207 - dq_error_log - INFO - Batch 3: Successfully logged 500 errors
2025-12-29 10:07:27,231 - dq_error_log - INFO - Batch 4: Successfully logged 16 errors
2025-12-29 10:07:27,231 - dq_error_log - INFO - Progress: 1516/1516 errors processed
2025-12-29 10:07:27,232 - dq_error_log - INFO - COMPLETE: Logged 1516/1516 errors for session SINGLE_20251229_100629
2025-12-29 10:07:27,654 - dq_unified - INFO -   Missing samples: ['nan', 'nan', 'nan']
2025-12-29 10:07:27,654 - dq_unified - INFO -   Not missing samples: ["'212-127-8383'", "'(212) 706-7216'", "'12123928735'"]
2025-12-29 10:07:27,655 - dq_unified - WARNING - Column 'phone': 1,280 missing cells (1.4%)
2025-12-29 10:07:27,656 - dq_unified - WARNING - Column 'phone': 1,280 missing cells (1.4%)
2025-12-29 10:07:38,381 - dq_error_log - INFO - Starting batch logging for 1280 errors, session: SINGLE_20251229_100629
2025-12-29 10:07:38,452 - dq_error_log - INFO - Batch 1: Successfully logged 500 errors
2025-12-29 10:07:38,513 - dq_error_log - INFO - Batch 2: Successfully logged 500 errors
2025-12-29 10:07:38,559 - dq_error_log - INFO - Batch 3: Successfully logged 280 errors
2025-12-29 10:07:38,560 - dq_error_log - INFO - Progress: 1280/1280 errors processed
2025-12-29 10:07:38,562 - dq_error_log - INFO - COMPLETE: Logged 1280/1280 errors for session SINGLE_20251229_100629
2025-12-29 10:07:39,381 - dq_unified - INFO - Column 'transaction_date': No missing cells
2025-12-29 10:07:40,322 - dq_unified - INFO -   Missing samples: ['nan', 'nan', 'nan']
2025-12-29 10:07:40,323 - dq_unified - INFO -   Not missing samples: ['8653.5595703125', '1948.43994140625', '237.49000549316406']
2025-12-29 10:07:40,323 - dq_unified - WARNING - Column 'amount': 1,133 missing cells (1.3%)
2025-12-29 10:07:40,324 - dq_unified - WARNING - Column 'amount': 1,133 missing cells (1.3%)
2025-12-29 10:07:50,629 - dq_error_log - INFO - Starting batch logging for 1133 errors, session: SINGLE_20251229_100629
2025-12-29 10:07:50,745 - dq_error_log - INFO - Batch 1: Successfully logged 500 errors
2025-12-29 10:07:50,802 - dq_error_log - INFO - Batch 2: Successfully logged 500 errors
2025-12-29 10:07:50,843 - dq_error_log - INFO - Batch 3: Successfully logged 133 errors
2025-12-29 10:07:50,845 - dq_error_log - INFO - Progress: 1133/1133 errors processed
2025-12-29 10:07:50,845 - dq_error_log - INFO - COMPLETE: Logged 1133/1133 errors for session SINGLE_20251229_100629
2025-12-29 10:07:51,320 - dq_unified - INFO - Column 'quantity': No missing cells
2025-12-29 10:07:51,748 - dq_unified - INFO - Column 'age': No missing cells
2025-12-29 10:07:52,215 - dq_unified - INFO - Column 'status': No missing cells
2025-12-29 10:07:52,739 - dq_unified - INFO - Column 'description': No missing cells
2025-12-29 10:07:52,740 - dq_unified - INFO - Total missing cells found: 7,439
2025-12-29 10:07:52,741 - dq_unified - INFO - ============================================================
2025-12-29 10:07:52,742 - dq_unified - INFO - MISSING VALUE SUMMARY
2025-12-29 10:07:52,743 - dq_unified - INFO - ============================================================
2025-12-29 10:07:52,743 - dq_unified - INFO - customer_name: 3,510 missing (3.9%)
2025-12-29 10:07:52,744 - dq_unified - INFO - email: 1,516 missing (1.7%)
2025-12-29 10:07:52,744 - dq_unified - INFO - phone: 1,280 missing (1.4%)
2025-12-29 10:07:52,745 - dq_unified - INFO - amount: 1,133 missing (1.3%)
2025-12-29 10:07:52,746 - dq_unified - INFO - ============================================================
2025-12-29 10:07:52,747 - dq_unified - INFO -    Found 7,439 empty cells
2025-12-29 10:07:52,747 - dq_unified - INFO - 2. Checking for duplicate rows...
2025-12-29 10:07:52,749 - dq_unified - INFO - Checking for duplicate rows
2025-12-29 10:07:52,749 - dq_unified - INFO - Cleaning data (removing whitespace)...
2025-12-29 10:07:52,755 - dq_unified - INFO - Columns after cleaning: ['id', 'customer_id', 'transaction_id', 'customer_name', 'email', 'phone', 'transaction_date', 'amount', 'quantity', 'age', 'status', 'description']
2025-12-29 10:07:54,402 - dq_unified - INFO - Sample of first column after cleaning: '78303'
2025-12-29 10:07:54,403 - dq_unified - INFO - Sample of row 6 first column: '19261'
2025-12-29 10:07:54,404 - dq_unified - INFO - Total rows to check: 89999
2025-12-29 10:07:54,405 - dq_unified - INFO - Checking first column 'id' for serial numbers
2025-12-29 10:07:54,406 - dq_unified - INFO - First 5 values: ['78303', '66465', '93228', '1748', '80005']
2025-12-29 10:07:54,407 - dq_unified - INFO -   Row 1: '78303' → 78303.0 (numeric)
2025-12-29 10:07:54,407 - dq_unified - INFO -   Row 2: '66465' → 66465.0 (numeric)
2025-12-29 10:07:54,408 - dq_unified - INFO -   Row 3: '93228' → 93228.0 (numeric)
2025-12-29 10:07:54,408 - dq_unified - INFO - First column values not sequential: [78303.0, 66465.0, 93228.0]
2025-12-29 10:07:54,409 - dq_unified - INFO - Checking duplicates on ALL columns
2025-12-29 10:07:54,410 - dq_unified - INFO - First few rows for comparison:
2025-12-29 10:07:54,412 - dq_unified - INFO -   Row 0: {'id': '78303', 'customer_id': 'CUST078303', 'transaction_id': 'TX00078303'}
2025-12-29 10:07:54,413 - dq_unified - INFO -   Row 1: {'id': '66465', 'customer_id': 'CUST066465', 'transaction_id': 'TX00066465'}
2025-12-29 10:07:54,414 - dq_unified - INFO -   Row 2: {'id': '93228', 'customer_id': 'CUST093228', 'transaction_id': 'TX00093228'}
2025-12-29 10:07:54,552 - dq_unified - INFO - Duplicate mask found 406 rows
2025-12-29 10:07:54,553 - dq_unified - INFO - Found 406 potential duplicate rows
2025-12-29 10:07:54,591 - dq_unified - INFO - Unique duplicate groups: 203
2025-12-29 10:07:54,593 - dq_unified - INFO - Duplicate groups found:
2025-12-29 10:07:54,596 - dq_unified - INFO -   Group sample: Pandas(Index=167, id='42732', customer_id='CUST042732', transaction_id='TX00042732', customer_name='William Davis', email='james.miller@gmail.com', phone='12127948623', transaction_date='20-01-2023', amount='7954.53', quantity='60', age='64', status='PENDING', description='Text with trailing spaces')
2025-12-29 10:07:54,597 - dq_unified - INFO -   Group sample: Pandas(Index=381, id='34440', customer_id='CUST034440', transaction_id='TX00034440', customer_name='William Miller', email='nan', phone='nan', transaction_date='05-09-2023', amount='1954.43', quantity='64', age='75', status='CANCELLED', description='Text with. periods')
2025-12-29 10:07:54,598 - dq_unified - INFO -   Group sample: Pandas(Index=637, id='58427', customer_id='CUST058427', transaction_id='TX00058427', customer_name='Richard Brown', email='jennifer.johnson@gmail.com', phone='2124608202', transaction_date='29-09-2023', amount='9156.7', quantity='69', age='45', status='PENDING', description='Text with multiple spaces')
2025-12-29 10:07:54,600 - dq_unified - INFO - Processing 406 duplicate indices
2025-12-29 10:07:54,633 - dq_unified - INFO - FINAL RESULT: Found 406 duplicate groups
2025-12-29 10:07:54,634 - dq_error_log - INFO - Starting batch logging for 406 errors, session: SINGLE_20251229_100629
2025-12-29 10:07:54,704 - dq_error_log - INFO - Batch 1: Successfully logged 406 errors
2025-12-29 10:07:54,705 - dq_error_log - INFO - Progress: 406/406 errors processed
2025-12-29 10:07:54,706 - dq_error_log - INFO - COMPLETE: Logged 406/406 errors for session SINGLE_20251229_100629
2025-12-29 10:07:54,718 - dq_unified - INFO -    Found 406 duplicate rows
2025-12-29 10:07:54,720 - dq_unified - INFO - 3. Checking data formats...
2025-12-29 10:07:54,721 - dq_unified - INFO - Checking data formats
2025-12-29 10:07:54,725 - dq_unified - INFO - Detected id as numeric type
2025-12-29 10:07:54,995 - dq_unified - INFO - Detected email as email type
2025-12-29 10:07:55,000 - dq_unified - WARNING -   Row 38: 'lisa.miller_outlook.com...' doesn't match Valid email format (user@domain.com)
2025-12-29 10:07:55,001 - dq_unified - WARNING -   Row 223: 'richard.miller.company.com...' doesn't match Valid email format (user@domain.com)
2025-12-29 10:07:55,003 - dq_unified - WARNING -   Row 311: 'james.miller@invalid...' doesn't match Valid email format (user@domain.com)
2025-12-29 10:07:55,004 - dq_unified - WARNING -   Row 355: 'richard.williams@invalid...' doesn't match Valid email format (user@domain.com)
2025-12-29 10:07:55,005 - dq_unified - WARNING -   Row 416: 'susan.brown.company.com...' doesn't match Valid email format (user@domain.com)
2025-12-29 10:07:55,250 - dq_unified - INFO - Detected phone as phone type
2025-12-29 10:07:55,490 - dq_unified - INFO - Detected transaction_date as date type
2025-12-29 10:07:55,868 - dq_unified - INFO -   Date format check for transaction_date: Consistent=False, Format=['MM/DD/YYYY', 'DD-MM-YYYY or MM-DD-YYYY']
2025-12-29 10:07:55,869 - dq_unified - WARNING -   transaction_date: Inconsistent date formats: ['MM/DD/YYYY', 'DD-MM-YYYY or MM-DD-YYYY']
2025-12-29 10:07:56,263 - dq_unified - INFO - Detected amount as numeric type
2025-12-29 10:07:56,532 - dq_unified - INFO - Detected quantity as numeric type
2025-12-29 10:07:56,741 - dq_unified - INFO - Detected age as numeric type
2025-12-29 10:07:57,681 - dq_unified - INFO - Total format issues found: 727
2025-12-29 10:07:57,682 - dq_error_log - INFO - Starting batch logging for 727 errors, session: SINGLE_20251229_100629
2025-12-29 10:07:57,761 - dq_error_log - INFO - Batch 1: Successfully logged 500 errors
2025-12-29 10:07:57,814 - dq_error_log - INFO - Batch 2: Successfully logged 227 errors
2025-12-29 10:07:57,815 - dq_error_log - INFO - Progress: 727/727 errors processed
2025-12-29 10:07:57,817 - dq_error_log - INFO - COMPLETE: Logged 727/727 errors for session SINGLE_20251229_100629
2025-12-29 10:07:57,817 - dq_unified - INFO -    Found 727 format issues
2025-12-29 10:07:57,819 - dq_unified - INFO - 4. Checking mandatory fields...
2025-12-29 10:07:57,819 - dq_unified - INFO - Checking mandatory fields
2025-12-29 10:07:57,820 - dq_unified - INFO - Available columns: ['id', 'customer_id', 'transaction_id', 'customer_name', 'email', 'phone', 'transaction_date', 'amount', 'quantity', 'age', 'status', 'description']
2025-12-29 10:07:57,821 - dq_unified - INFO - Checking ALL columns as mandatory: ['id', 'customer_id', 'transaction_id', 'customer_name', 'email', 'phone', 'transaction_date', 'amount', 'quantity', 'age', 'status', 'description']
2025-12-29 10:07:58,213 - dq_unified - INFO - Mandatory field 'id': 100.0% filled
2025-12-29 10:07:58,603 - dq_unified - INFO - Mandatory field 'customer_id': 100.0% filled
2025-12-29 10:07:58,957 - dq_unified - INFO - Mandatory field 'transaction_id': 100.0% filled
2025-12-29 10:07:59,407 - dq_unified - WARNING - Mandatory field 'customer_name': 3,510 missing values (96.1% filled)
2025-12-29 10:07:59,870 - dq_unified - WARNING - Mandatory field 'email': 1,516 missing values (98.3% filled)
2025-12-29 10:08:00,334 - dq_unified - WARNING - Mandatory field 'phone': 1,280 missing values (98.6% filled)
2025-12-29 10:08:00,846 - dq_unified - INFO - Mandatory field 'transaction_date': 100.0% filled
2025-12-29 10:08:01,386 - dq_unified - WARNING - Mandatory field 'amount': 1,133 missing values (98.7% filled)
2025-12-29 10:08:01,810 - dq_unified - INFO - Mandatory field 'quantity': 100.0% filled
2025-12-29 10:08:02,178 - dq_unified - INFO - Mandatory field 'age': 100.0% filled
2025-12-29 10:08:02,623 - dq_unified - INFO - Mandatory field 'status': 100.0% filled
2025-12-29 10:08:03,026 - dq_unified - INFO - Mandatory field 'description': 100.0% filled
2025-12-29 10:08:08,945 - dq_error_log - INFO - Starting batch logging for 7439 errors, session: SINGLE_20251229_100629
2025-12-29 10:08:09,027 - dq_error_log - INFO - Batch 1: Successfully logged 500 errors
2025-12-29 10:08:09,117 - dq_error_log - INFO - Batch 2: Successfully logged 500 errors
2025-12-29 10:08:09,192 - dq_error_log - INFO - Batch 3: Successfully logged 500 errors
2025-12-29 10:08:09,255 - dq_error_log - INFO - Batch 4: Successfully logged 500 errors
2025-12-29 10:08:09,338 - dq_error_log - INFO - Batch 5: Successfully logged 500 errors
2025-12-29 10:08:09,399 - dq_error_log - INFO - Batch 6: Successfully logged 500 errors
2025-12-29 10:08:09,473 - dq_error_log - INFO - Batch 7: Successfully logged 500 errors
2025-12-29 10:08:09,541 - dq_error_log - INFO - Batch 8: Successfully logged 500 errors
2025-12-29 10:08:09,617 - dq_error_log - INFO - Batch 9: Successfully logged 500 errors
2025-12-29 10:08:09,696 - dq_error_log - INFO - Batch 10: Successfully logged 500 errors
2025-12-29 10:08:09,697 - dq_error_log - INFO - Progress: 5000/7439 errors processed
2025-12-29 10:08:09,771 - dq_error_log - INFO - Batch 11: Successfully logged 500 errors
2025-12-29 10:08:09,848 - dq_error_log - INFO - Batch 12: Successfully logged 500 errors
2025-12-29 10:08:09,921 - dq_error_log - INFO - Batch 13: Successfully logged 500 errors
2025-12-29 10:08:09,988 - dq_error_log - INFO - Batch 14: Successfully logged 500 errors
2025-12-29 10:08:10,127 - dq_error_log - INFO - Batch 15: Successfully logged 439 errors
2025-12-29 10:08:10,128 - dq_error_log - INFO - Progress: 7439/7439 errors processed
2025-12-29 10:08:10,130 - dq_error_log - INFO - COMPLETE: Logged 7439/7439 errors for session SINGLE_20251229_100629
2025-12-29 10:08:10,131 - dq_unified - INFO - All columns mandatory: 6012 unique rows with missing values
2025-12-29 10:08:10,134 - dq_unified - INFO -    Found 6,012 missing mandatory values
2025-12-29 10:08:10,134 - dq_unified - INFO - 5. Calculating quality score...
2025-12-29 10:08:10,135 - dq_unified - INFO - Calculating quality score
2025-12-29 10:08:10,140 - dq_unified - INFO - Quality Score Calculation:
2025-12-29 10:08:10,141 - dq_unified - INFO -   Total rows: 89,999
2025-12-29 10:08:10,142 - dq_unified - INFO -   Bad Rows: 6,784
2025-12-29 10:08:10,143 - dq_unified - INFO -   Good rows (no issues): 83,215
2025-12-29 10:08:10,143 - dq_unified - INFO -   Quality Score: 92.46%
2025-12-29 10:08:10,349 - dq_error_log - INFO - Retrieved 200 error logs for session SINGLE_20251229_100629
2025-12-29 10:08:10,596 - dq_error_log - INFO - Retrieved summary: 16011 total errors for session SINGLE_20251229_100629
2025-12-29 10:08:10,598 - dq_unified - INFO - Added 200 error logs to results
2025-12-29 10:08:10,641 - dq_audit - INFO - Audit class initialized with database: dq_checks
2025-12-29 10:08:10,643 - dq_audit - INFO - Starting database insertion for single_source...
2025-12-29 10:08:10,674 - dq_audit - INFO - Inserted single_source record with ID: 484
2025-12-29 10:08:10,711 - dq_audit - INFO - Retrieved 1 audit logs for session SINGLE_20251229_100629
2025-12-29 10:08:10,712 - dq_unified - INFO - Added 1 audit logs to results
2025-12-29 10:08:10,713 - dq_unified - INFO - Analysis completed successfully for CSV: 20251229_100627_source_data_90k.csv
2025-12-29 10:08:10,714 - dq_unified - INFO - Final quality score: 92.46%
2025-12-29 10:08:10,932 - dq_error_log - INFO - Retrieved 200 error logs for session SINGLE_20251229_100629
2025-12-29 10:08:11,162 - dq_error_log - INFO - Retrieved summary: 16011 total errors for session SINGLE_20251229_100629
2025-12-29 10:08:11,178 - dq_audit - INFO - Retrieved 1 audit logs for session SINGLE_20251229_100629
2025-12-29 10:08:11,180 - __main__ - INFO - Analysis completed for session SINGLE_20251229_100629
2025-12-29 10:08:11,307 - __main__ - INFO - Completed with status 200 in 103.991s
2025-12-29 10:10:20,898 - __main__ - INFO - POST /api/check-single - Request started
2025-12-29 10:10:20,900 - __main__ - INFO - Single source analysis request received
2025-12-29 10:10:20,903 - __main__ - INFO - Starting analysis for session SINGLE_20251229_101020_2cf3e97b
2025-12-29 10:10:20,905 - __main__ - INFO - UI Data being passed to dq_unified:
2025-12-29 10:10:20,907 - __main__ - INFO -   source_type: database
2025-12-29 10:10:20,908 - __main__ - INFO -   db_config: {'type': 'postgresql', 'host': 'localhost', 'port': 5432, 'database': 'dq_checks', 'user': 'postgres', 'password': 'postgres', 'table': 'employee'}
2025-12-29 10:10:20,909 - __main__ - INFO -   mandatory_fields: all
2025-12-29 10:10:20,911 - dq_unified - INFO - ==================================================
2025-12-29 10:10:20,913 - dq_unified - INFO - RUN_SINGLE_SOURCE_ANALYSIS_UI - START
2025-12-29 10:10:20,914 - dq_unified - INFO - Prompting user for data source type
2025-12-29 10:10:20,915 - dq_unified - INFO - UI Data source_type: database
2025-12-29 10:10:20,917 - dq_unified - INFO - Using source_type from UI data: database
2025-12-29 10:10:20,917 - dq_unified - INFO - Loading data from DATABASE...
2025-12-29 10:10:20,919 - dq_unified - INFO - Loading data from DATABASE
2025-12-29 10:10:20,921 - dq_unified - INFO - Loading large database table: employee
2025-12-29 10:10:21,414 - dq_unified - INFO - PostgreSQL table has 89,999 rows
2025-12-29 10:10:21,416 - dq_unified - INFO - Loading 89,999 rows from PostgreSQL...
2025-12-29 10:10:21,975 - dq_unified - INFO - Loaded 89,999 rows from PostgreSQL
2025-12-29 10:10:23,697 - dq_unified - INFO - Memory optimization: 60.9MB -> 25.8MB (Saved: 35.1MB)
2025-12-29 10:10:23,699 - dq_unified - INFO - Standardizing data types...
2025-12-29 10:10:26,153 - dq_unified - INFO - Data type standardization complete
2025-12-29 10:10:26,396 - dq_unified - INFO - Loaded 89,999 rows, 12 columns. Memory: 195.0MB total, 18.9MB for dataframe
2025-12-29 10:10:26,397 - dq_unified - INFO - Data loaded: 89,999 rows, 12 columns
2025-12-29 10:10:26,398 - dq_error_log - INFO - ErrorLogger initialized with database: dq_checks
2025-12-29 10:10:26,399 - dq_unified - INFO - Session ID: SINGLE_20251229_101026
2025-12-29 10:10:26,400 - dq_unified - INFO - ==================================================
2025-12-29 10:10:26,402 - dq_unified - INFO - Starting quality checks...
2025-12-29 10:10:26,403 - dq_unified - INFO - ==================================================
2025-12-29 10:10:26,405 - dq_unified - INFO - 1. Checking for null/empty values...
2025-12-29 10:10:26,405 - dq_unified - INFO - Checking for null/empty values
2025-12-29 10:10:26,406 - dq_unified - INFO - DataFrame shape: (89999, 12)
2025-12-29 10:10:26,408 - dq_unified - INFO - Columns: ['id', 'customer_id', 'transaction_id', 'customer_name', 'email', 'phone', 'transaction_date', 'amount', 'quantity', 'age', 'status', 'description']
2025-12-29 10:10:26,409 - dq_unified - INFO - Data source: Database: postgresql - Table: employee
2025-12-29 10:10:26,413 - dq_unified - INFO - DataFrame dtypes: {'id': dtype('int64'), 'customer_id': dtype('O'), 'transaction_id': dtype('O'), 'customer_name': CategoricalDtype(categories=['                     Michael Smith', '      Susan Miller',
                  'David Brown', 'David Brown  ', 'David Davis',
                  'David Davis  ', 'David Johnson', 'David Johnson  ',
                  'David Jones', 'David Jones  ',
                  ...
                  'William Johnson', 'William Johnson  ', 'William Jones',
                  'William Jones  ', 'William Miller', 'William Miller  ',
                  'William Smith', 'William Smith  ', 'William Williams',
                  'William Williams  '],
, ordered=False, categories_dtype=object), 'email': CategoricalDtype(categories=['                             robert.johnson@outlook.com',
                  'NaN', 'david.brown.company.com', 'david.brown@company.com',
                  'david.brown@gmail.com', 'david.brown@hotmail.com',
                  'david.brown@invalid', 'david.brown@outlook.com',
                  'david.brown@yahoo.com', 'david.davis.company.com',
                  ...
                  'william.smith@invalid', 'william.smith@outlook.com',
                  'william.smith@yahoo.com', 'william.williams.company.com',
                  'william.williams@company.com', 'william.williams@gmail.com',
                  'william.williams@hotmail.com', 'william.williams@invalid',
                  'william.williams@outlook.com',
                  'william.williams@yahoo.com'],
, ordered=False, categories_dtype=object), 'phone': dtype('O'), 'transaction_date': CategoricalDtype(categories=['01-01-2023', '01-01-2024', '01-02-2023', '01-03-2023',
                  '01-04-2023', '01-05-2023', '01-06-2023', '01-07-2023',
                  '01-08-2023', '01-09-2023',
                  ...
                  '30-10-2023', '30-11-2023', '30-12-2023', '31-01-2023',
                  '31-03-2023', '31-05-2023', '31-07-2023', '31-08-2023',
                  '31-10-2023', '31-12-2023'],
, ordered=False, categories_dtype=object), 'amount': dtype('float64'), 'quantity': dtype('int64'), 'age': dtype('int64'), 'status': CategoricalDtype(categories=['ACTIVE', 'CANCELLED', 'COMPLETED', 'INACTIVE', 'PENDING'], ordered=False, categories_dtype=object), 'description': CategoricalDtype(categories=['  Text with leading spaces', 'Normal text without issues',
                  'Text with\ttabs', 'Text with\nnewlines',
                  'Text with  multiple   spaces', 'Text with - dashes',
                  'Text with mixed CAPITAL and lowercase',
                  'Text with trailing spaces  ', 'Text with! exclamations',
                  'Text with"quotes"', 'Text with#hashtags',
                  'Text with$dollar signs',
                  'Text with$dollar signs                       ',
                  'Text with%percent signs', 'Text with& ampersands',
                  'Text with'apostrophes', 'Text with(parentheses)',
                  'Text with*asterisks', 'Text with, commas',
                  'Text with. periods', 'Text with/slashes',
                  'Text with; semicolons', 'Text with<angle brackets>',
                  'Text with? questions', 'Text with@at signs',
                  'Text with[brackets]', 'Text with\backslashes',
                  'Text with_underscores', 'Text with`backticks',
                  'Text with{braces}', 'Text with|pipes', 'Text with~tildes'],
, ordered=False, categories_dtype=object)}
2025-12-29 10:10:26,415 - dq_unified - INFO - First 2 rows (first 3 columns only):
2025-12-29 10:10:26,421 - dq_unified - INFO -   Row 0: {'id': 'np.int64(78303)', 'customer_id': "'CUST078303'", 'transaction_id': "'TX00078303'"}
2025-12-29 10:10:26,424 - dq_unified - INFO -   Row 1: {'id': 'np.int64(66465)', 'customer_id': "'CUST066465'", 'transaction_id': "'TX00066465'"}
2025-12-29 10:10:27,566 - dq_unified - INFO - Column 'id': No missing cells
2025-12-29 10:10:28,724 - dq_unified - INFO - Column 'customer_id': No missing cells
2025-12-29 10:10:29,955 - dq_unified - INFO - Column 'transaction_id': No missing cells
2025-12-29 10:10:31,228 - dq_unified - INFO -   Missing samples: ["'NaN'", "'NaN'", "'NaN'"]
2025-12-29 10:10:31,230 - dq_unified - INFO -   Not missing samples: ["'Michael Davis'", "'Susan Brown'", "'Sarah Davis'"]
2025-12-29 10:10:31,231 - dq_unified - WARNING - Column 'customer_name': 3,510 missing cells (3.9%)
2025-12-29 10:10:31,233 - dq_unified - WARNING - Column 'customer_name': 3,510 missing cells (3.9%)
2025-12-29 10:11:39,813 - dq_error_log - INFO - Starting batch logging for 3510 errors, session: SINGLE_20251229_101026
2025-12-29 10:11:39,887 - dq_error_log - INFO - Batch 1: Successfully logged 500 errors
2025-12-29 10:11:39,978 - dq_error_log - INFO - Batch 2: Successfully logged 500 errors
2025-12-29 10:11:40,059 - dq_error_log - INFO - Batch 3: Successfully logged 500 errors
2025-12-29 10:11:40,138 - dq_error_log - INFO - Batch 4: Successfully logged 500 errors
2025-12-29 10:11:40,233 - dq_error_log - INFO - Batch 5: Successfully logged 500 errors
2025-12-29 10:11:40,324 - dq_error_log - INFO - Batch 6: Successfully logged 500 errors
2025-12-29 10:11:40,421 - dq_error_log - INFO - Batch 7: Successfully logged 500 errors
2025-12-29 10:11:40,452 - dq_error_log - INFO - Batch 8: Successfully logged 10 errors
2025-12-29 10:11:40,455 - dq_error_log - INFO - Progress: 3510/3510 errors processed
2025-12-29 10:11:40,456 - dq_error_log - INFO - COMPLETE: Logged 3510/3510 errors for session SINGLE_20251229_101026
2025-12-29 10:11:41,614 - dq_unified - INFO -   Missing samples: ["'NaN'", "'NaN'", "'NaN'"]
2025-12-29 10:11:41,616 - dq_unified - INFO -   Not missing samples: ["'david.jones@company.com'", "'jennifer.williams@gmail.com'", "'james.davis@hotmail.com'"]
2025-12-29 10:11:41,618 - dq_unified - WARNING - Column 'email': 1,516 missing cells (1.7%)
2025-12-29 10:11:41,619 - dq_unified - WARNING - Column 'email': 1,516 missing cells (1.7%)
2025-12-29 10:11:54,704 - dq_error_log - INFO - Starting batch logging for 1516 errors, session: SINGLE_20251229_101026
2025-12-29 10:11:54,788 - dq_error_log - INFO - Batch 1: Successfully logged 500 errors
2025-12-29 10:11:54,859 - dq_error_log - INFO - Batch 2: Successfully logged 500 errors
2025-12-29 10:11:54,921 - dq_error_log - INFO - Batch 3: Successfully logged 500 errors
2025-12-29 10:11:54,942 - dq_error_log - INFO - Batch 4: Successfully logged 16 errors
2025-12-29 10:11:54,943 - dq_error_log - INFO - Progress: 1516/1516 errors processed
2025-12-29 10:11:54,944 - dq_error_log - INFO - COMPLETE: Logged 1516/1516 errors for session SINGLE_20251229_101026
2025-12-29 10:11:55,679 - dq_unified - INFO -   Missing samples: ["'NaN'", "'NaN'", "'NaN'"]
2025-12-29 10:11:55,680 - dq_unified - INFO -   Not missing samples: ["'212-127-8383'", "'(212) 706-7216'", "'12123928735'"]
2025-12-29 10:11:55,681 - dq_unified - WARNING - Column 'phone': 1,280 missing cells (1.4%)
2025-12-29 10:11:55,683 - dq_unified - WARNING - Column 'phone': 1,280 missing cells (1.4%)
2025-12-29 10:12:13,485 - dq_error_log - INFO - Starting batch logging for 1280 errors, session: SINGLE_20251229_101026
2025-12-29 10:12:13,575 - dq_error_log - INFO - Batch 1: Successfully logged 500 errors
2025-12-29 10:12:13,674 - dq_error_log - INFO - Batch 2: Successfully logged 500 errors
2025-12-29 10:12:13,733 - dq_error_log - INFO - Batch 3: Successfully logged 280 errors
2025-12-29 10:12:13,735 - dq_error_log - INFO - Progress: 1280/1280 errors processed
2025-12-29 10:12:13,737 - dq_error_log - INFO - COMPLETE: Logged 1280/1280 errors for session SINGLE_20251229_101026
2025-12-29 10:12:14,870 - dq_unified - INFO - Column 'transaction_date': No missing cells
2025-12-29 10:12:16,291 - dq_unified - INFO -   Missing samples: ['nan', 'nan', 'nan']
2025-12-29 10:12:16,292 - dq_unified - INFO -   Not missing samples: ['8653.56', '1948.44', '237.49']
2025-12-29 10:12:16,294 - dq_unified - WARNING - Column 'amount': 1,133 missing cells (1.3%)
2025-12-29 10:12:16,295 - dq_unified - WARNING - Column 'amount': 1,133 missing cells (1.3%)
2025-12-29 10:12:27,946 - dq_error_log - INFO - Starting batch logging for 1133 errors, session: SINGLE_20251229_101026
2025-12-29 10:12:28,013 - dq_error_log - INFO - Batch 1: Successfully logged 500 errors
2025-12-29 10:12:28,082 - dq_error_log - INFO - Batch 2: Successfully logged 500 errors
2025-12-29 10:12:28,107 - dq_error_log - INFO - Batch 3: Successfully logged 133 errors
2025-12-29 10:12:28,109 - dq_error_log - INFO - Progress: 1133/1133 errors processed
2025-12-29 10:12:28,109 - dq_error_log - INFO - COMPLETE: Logged 1133/1133 errors for session SINGLE_20251229_101026
2025-12-29 10:12:28,536 - dq_unified - INFO - Column 'quantity': No missing cells
2025-12-29 10:12:28,919 - dq_unified - INFO - Column 'age': No missing cells
2025-12-29 10:12:29,345 - dq_unified - INFO - Column 'status': No missing cells
2025-12-29 10:12:29,811 - dq_unified - INFO - Column 'description': No missing cells
2025-12-29 10:12:29,814 - dq_unified - INFO - Total missing cells found: 7,439
2025-12-29 10:12:29,817 - dq_unified - INFO - === Analyzing PostgreSQL database ===
2025-12-29 10:12:29,821 - dq_unified - INFO - First column 'id' samples: ['78303', '66465', '93228']
2025-12-29 10:12:29,823 - dq_unified - INFO - ============================================================
2025-12-29 10:12:29,824 - dq_unified - INFO - MISSING VALUE SUMMARY
2025-12-29 10:12:29,825 - dq_unified - INFO - ============================================================
2025-12-29 10:12:29,826 - dq_unified - INFO - customer_name: 3,510 missing (3.9%)
2025-12-29 10:12:29,827 - dq_unified - INFO - email: 1,516 missing (1.7%)
2025-12-29 10:12:29,828 - dq_unified - INFO - phone: 1,280 missing (1.4%)
2025-12-29 10:12:29,830 - dq_unified - INFO - amount: 1,133 missing (1.3%)
2025-12-29 10:12:29,830 - dq_unified - INFO - ============================================================
2025-12-29 10:12:29,831 - dq_unified - INFO -    Found 7,439 empty cells
2025-12-29 10:12:29,831 - dq_unified - INFO - 2. Checking for duplicate rows...
2025-12-29 10:12:29,833 - dq_unified - INFO - Checking for duplicate rows
2025-12-29 10:12:29,833 - dq_unified - INFO - Cleaning data (removing whitespace)...
2025-12-29 10:12:29,845 - dq_unified - INFO - Columns after cleaning: ['id', 'customer_id', 'transaction_id', 'customer_name', 'email', 'phone', 'transaction_date', 'amount', 'quantity', 'age', 'status', 'description']
2025-12-29 10:12:31,089 - dq_unified - INFO - Sample of first column after cleaning: '78303'
2025-12-29 10:12:31,089 - dq_unified - INFO - Sample of row 6 first column: '19261'
2025-12-29 10:12:31,090 - dq_unified - INFO - Total rows to check: 89999
2025-12-29 10:12:31,091 - dq_unified - INFO - Checking first column 'id' for serial numbers
2025-12-29 10:12:31,091 - dq_unified - INFO - First 5 values: ['78303', '66465', '93228', '1748', '80005']
2025-12-29 10:12:31,092 - dq_unified - INFO -   Row 1: '78303' → 78303.0 (numeric)
2025-12-29 10:12:31,093 - dq_unified - INFO -   Row 2: '66465' → 66465.0 (numeric)
2025-12-29 10:12:31,093 - dq_unified - INFO -   Row 3: '93228' → 93228.0 (numeric)
2025-12-29 10:12:31,094 - dq_unified - INFO - First column values not sequential: [78303.0, 66465.0, 93228.0]
2025-12-29 10:12:31,095 - dq_unified - INFO - Checking duplicates on ALL columns
2025-12-29 10:12:31,096 - dq_unified - INFO - First few rows for comparison:
2025-12-29 10:12:31,097 - dq_unified - INFO -   Row 0: {'id': '78303', 'customer_id': 'CUST078303', 'transaction_id': 'TX00078303'}
2025-12-29 10:12:31,097 - dq_unified - INFO -   Row 1: {'id': '66465', 'customer_id': 'CUST066465', 'transaction_id': 'TX00066465'}
2025-12-29 10:12:31,098 - dq_unified - INFO -   Row 2: {'id': '93228', 'customer_id': 'CUST093228', 'transaction_id': 'TX00093228'}
2025-12-29 10:12:31,251 - dq_unified - INFO - Duplicate mask found 406 rows
2025-12-29 10:12:31,252 - dq_unified - INFO - Found 406 potential duplicate rows
2025-12-29 10:12:31,296 - dq_unified - INFO - Unique duplicate groups: 203
2025-12-29 10:12:31,297 - dq_unified - INFO - Duplicate groups found:
2025-12-29 10:12:31,298 - dq_unified - INFO -   Group sample: Pandas(Index=167, id='42732', customer_id='CUST042732', transaction_id='TX00042732', customer_name='William Davis', email='james.miller@gmail.com', phone='12127948623', transaction_date='20-01-2023', amount='7954.53', quantity='60', age='64', status='PENDING', description='Text with trailing spaces')
2025-12-29 10:12:31,299 - dq_unified - INFO -   Group sample: Pandas(Index=381, id='34440', customer_id='CUST034440', transaction_id='TX00034440', customer_name='William Miller', email='NaN', phone='NaN', transaction_date='05-09-2023', amount='1954.43', quantity='64', age='75', status='CANCELLED', description='Text with. periods')
2025-12-29 10:12:31,299 - dq_unified - INFO -   Group sample: Pandas(Index=637, id='58427', customer_id='CUST058427', transaction_id='TX00058427', customer_name='Richard Brown', email='jennifer.johnson@gmail.com', phone='2124608202', transaction_date='29-09-2023', amount='9156.7', quantity='69', age='45', status='PENDING', description='Text with multiple spaces')
2025-12-29 10:12:31,300 - dq_unified - INFO - Processing 406 duplicate indices
2025-12-29 10:12:31,317 - dq_unified - INFO - FINAL RESULT: Found 406 duplicate groups
2025-12-29 10:12:31,318 - dq_error_log - INFO - Starting batch logging for 406 errors, session: SINGLE_20251229_101026
2025-12-29 10:12:31,382 - dq_error_log - INFO - Batch 1: Successfully logged 406 errors
2025-12-29 10:12:31,383 - dq_error_log - INFO - Progress: 406/406 errors processed
2025-12-29 10:12:31,384 - dq_error_log - INFO - COMPLETE: Logged 406/406 errors for session SINGLE_20251229_101026
2025-12-29 10:12:31,403 - dq_unified - INFO -    Found 406 duplicate rows
2025-12-29 10:12:31,403 - dq_unified - INFO - 3. Checking data formats...
2025-12-29 10:12:31,405 - dq_unified - INFO - Checking data formats
2025-12-29 10:12:31,407 - dq_unified - INFO - Detected id as numeric type
2025-12-29 10:12:31,658 - dq_unified - INFO - Detected email as email type
2025-12-29 10:12:31,660 - dq_unified - WARNING -   Row 38: 'lisa.miller_outlook.com...' doesn't match Valid email format (user@domain.com)
2025-12-29 10:12:31,662 - dq_unified - WARNING -   Row 223: 'richard.miller.company.com...' doesn't match Valid email format (user@domain.com)
2025-12-29 10:12:31,663 - dq_unified - WARNING -   Row 311: 'james.miller@invalid...' doesn't match Valid email format (user@domain.com)
2025-12-29 10:12:31,665 - dq_unified - WARNING -   Row 355: 'richard.williams@invalid...' doesn't match Valid email format (user@domain.com)
2025-12-29 10:12:31,666 - dq_unified - WARNING -   Row 416: 'susan.brown.company.com...' doesn't match Valid email format (user@domain.com)
2025-12-29 10:12:31,871 - dq_unified - INFO - Detected phone as phone type
2025-12-29 10:12:32,072 - dq_unified - INFO - Detected transaction_date as date type
2025-12-29 10:12:32,398 - dq_unified - INFO -   Date format check for transaction_date: Consistent=False, Format=['MM/DD/YYYY', 'DD-MM-YYYY or MM-DD-YYYY']
2025-12-29 10:12:32,400 - dq_unified - WARNING -   transaction_date: Inconsistent date formats: ['MM/DD/YYYY', 'DD-MM-YYYY or MM-DD-YYYY']
2025-12-29 10:12:32,752 - dq_unified - INFO - Detected amount as numeric type
2025-12-29 10:12:32,931 - dq_unified - INFO - Detected quantity as numeric type
2025-12-29 10:12:33,129 - dq_unified - INFO - Detected age as numeric type
2025-12-29 10:12:33,937 - dq_unified - INFO - Total format issues found: 727
2025-12-29 10:12:33,939 - dq_error_log - INFO - Starting batch logging for 727 errors, session: SINGLE_20251229_101026
2025-12-29 10:12:34,013 - dq_error_log - INFO - Batch 1: Successfully logged 500 errors
2025-12-29 10:12:34,064 - dq_error_log - INFO - Batch 2: Successfully logged 227 errors
2025-12-29 10:12:34,066 - dq_error_log - INFO - Progress: 727/727 errors processed
2025-12-29 10:12:34,067 - dq_error_log - INFO - COMPLETE: Logged 727/727 errors for session SINGLE_20251229_101026
2025-12-29 10:12:34,069 - dq_unified - INFO -    Found 727 format issues
2025-12-29 10:12:34,069 - dq_unified - INFO - 4. Checking mandatory fields...
2025-12-29 10:12:34,069 - dq_unified - INFO - Checking mandatory fields
2025-12-29 10:12:34,071 - dq_unified - INFO - Available columns: ['id', 'customer_id', 'transaction_id', 'customer_name', 'email', 'phone', 'transaction_date', 'amount', 'quantity', 'age', 'status', 'description']
2025-12-29 10:12:34,071 - dq_unified - INFO - Checking ALL columns as mandatory: ['id', 'customer_id', 'transaction_id', 'customer_name', 'email', 'phone', 'transaction_date', 'amount', 'quantity', 'age', 'status', 'description']
2025-12-29 10:12:34,413 - dq_unified - INFO - Mandatory field 'id': 100.0% filled
2025-12-29 10:12:34,970 - dq_unified - INFO - Mandatory field 'customer_id': 100.0% filled
2025-12-29 10:12:35,542 - dq_unified - INFO - Mandatory field 'transaction_id': 100.0% filled
2025-12-29 10:12:35,889 - dq_unified - WARNING - Mandatory field 'customer_name': 3,510 missing values (96.1% filled)
2025-12-29 10:12:36,303 - dq_unified - WARNING - Mandatory field 'email': 1,516 missing values (98.3% filled)
2025-12-29 10:12:36,938 - dq_unified - WARNING - Mandatory field 'phone': 1,280 missing values (98.6% filled)
2025-12-29 10:12:37,296 - dq_unified - INFO - Mandatory field 'transaction_date': 100.0% filled
2025-12-29 10:12:37,778 - dq_unified - WARNING - Mandatory field 'amount': 1,133 missing values (98.7% filled)
2025-12-29 10:12:38,270 - dq_unified - INFO - Mandatory field 'quantity': 100.0% filled
2025-12-29 10:12:38,669 - dq_unified - INFO - Mandatory field 'age': 100.0% filled
2025-12-29 10:12:39,120 - dq_unified - INFO - Mandatory field 'status': 100.0% filled
2025-12-29 10:12:39,541 - dq_unified - INFO - Mandatory field 'description': 100.0% filled
2025-12-29 10:12:45,316 - dq_error_log - INFO - Starting batch logging for 7439 errors, session: SINGLE_20251229_101026
2025-12-29 10:12:45,385 - dq_error_log - INFO - Batch 1: Successfully logged 500 errors
2025-12-29 10:12:45,457 - dq_error_log - INFO - Batch 2: Successfully logged 500 errors
2025-12-29 10:12:45,555 - dq_error_log - INFO - Batch 3: Successfully logged 500 errors
2025-12-29 10:12:45,930 - dq_error_log - INFO - Batch 4: Successfully logged 500 errors
2025-12-29 10:12:46,007 - dq_error_log - INFO - Batch 5: Successfully logged 500 errors
2025-12-29 10:12:46,072 - dq_error_log - INFO - Batch 6: Successfully logged 500 errors
2025-12-29 10:12:46,139 - dq_error_log - INFO - Batch 7: Successfully logged 500 errors
2025-12-29 10:12:46,204 - dq_error_log - INFO - Batch 8: Successfully logged 500 errors
2025-12-29 10:12:46,266 - dq_error_log - INFO - Batch 9: Successfully logged 500 errors
2025-12-29 10:12:46,348 - dq_error_log - INFO - Batch 10: Successfully logged 500 errors
2025-12-29 10:12:46,350 - dq_error_log - INFO - Progress: 5000/7439 errors processed
2025-12-29 10:12:46,418 - dq_error_log - INFO - Batch 11: Successfully logged 500 errors
2025-12-29 10:12:46,483 - dq_error_log - INFO - Batch 12: Successfully logged 500 errors
2025-12-29 10:12:46,572 - dq_error_log - INFO - Batch 13: Successfully logged 500 errors
2025-12-29 10:12:46,639 - dq_error_log - INFO - Batch 14: Successfully logged 500 errors
2025-12-29 10:12:46,710 - dq_error_log - INFO - Batch 15: Successfully logged 439 errors
2025-12-29 10:12:46,711 - dq_error_log - INFO - Progress: 7439/7439 errors processed
2025-12-29 10:12:46,712 - dq_error_log - INFO - COMPLETE: Logged 7439/7439 errors for session SINGLE_20251229_101026
2025-12-29 10:12:46,714 - dq_unified - INFO - All columns mandatory: 6012 unique rows with missing values
2025-12-29 10:12:46,717 - dq_unified - INFO -    Found 6,012 missing mandatory values
2025-12-29 10:12:46,718 - dq_unified - INFO - 5. Calculating quality score...
2025-12-29 10:12:46,719 - dq_unified - INFO - Calculating quality score
2025-12-29 10:12:46,722 - dq_unified - INFO - Quality Score Calculation:
2025-12-29 10:12:46,722 - dq_unified - INFO -   Total rows: 89,999
2025-12-29 10:12:46,723 - dq_unified - INFO -   Bad Rows: 6,784
2025-12-29 10:12:46,723 - dq_unified - INFO -   Good rows (no issues): 83,215
2025-12-29 10:12:46,725 - dq_unified - INFO -   Quality Score: 92.46%
2025-12-29 10:12:46,924 - dq_error_log - INFO - Retrieved 200 error logs for session SINGLE_20251229_101026
2025-12-29 10:12:47,147 - dq_error_log - INFO - Retrieved summary: 16011 total errors for session SINGLE_20251229_101026
2025-12-29 10:12:47,148 - dq_unified - INFO - Added 200 error logs to results
2025-12-29 10:12:47,149 - dq_audit - INFO - Audit class initialized with database: dq_checks
2025-12-29 10:12:47,151 - dq_audit - INFO - Starting database insertion for single_source...
2025-12-29 10:12:47,172 - dq_audit - INFO - Inserted single_source record with ID: 485
2025-12-29 10:12:47,186 - dq_audit - INFO - Retrieved 1 audit logs for session SINGLE_20251229_101026
2025-12-29 10:12:47,187 - dq_unified - INFO - Added 1 audit logs to results
2025-12-29 10:12:47,188 - dq_unified - INFO - Analysis completed successfully for Database: postgresql - Table: employee
2025-12-29 10:12:47,188 - dq_unified - INFO - Final quality score: 92.46%
2025-12-29 10:12:47,393 - dq_error_log - INFO - Retrieved 200 error logs for session SINGLE_20251229_101026
2025-12-29 10:12:47,597 - dq_error_log - INFO - Retrieved summary: 16011 total errors for session SINGLE_20251229_101026
2025-12-29 10:12:47,612 - dq_audit - INFO - Retrieved 1 audit logs for session SINGLE_20251229_101026
2025-12-29 10:12:47,613 - __main__ - INFO - Analysis completed for session SINGLE_20251229_101026
2025-12-29 10:12:47,744 - __main__ - INFO - Completed with status 200 in 146.845s
