2026-02-02 11:59:57,627 - __main__ - INFO - 🌐 API Server Logging Initialized
2026-02-02 11:59:57,642 - __main__ - INFO - 📝 Logs saved to: logs/dq_api_20260202_115957.log
2026-02-02 11:59:57,980 - __main__ - INFO - APP_SETTINGS loaded. Audit enabled: True
2026-02-02 11:59:57,983 - __main__ - INFO - ✅ All DQ modules loaded successfully
2026-02-02 11:59:57,992 - dq_error_log - INFO - ErrorLogger initialized with database: dq_checks
2026-02-02 11:59:57,994 - dq_audit - INFO - Audit class initialized with database: dq_checks
2026-02-02 11:59:57,996 - __main__ - INFO - ✅ ErrorLogger and DataQualityAudit initialized
2026-02-02 11:59:58,045 - __main__ - INFO - 🚀 Starting Data Quality Framework API
2026-02-02 11:59:58,047 - __main__ - INFO - 📊 Modules available: True
2026-02-02 11:59:58,051 - __main__ - INFO - 🔧 Config file mode: False
2026-02-02 11:59:58,054 - __main__ - INFO - 📋 Available endpoints:
2026-02-02 11:59:58,057 - __main__ - INFO -   GET  /              - API status
2026-02-02 11:59:58,058 - __main__ - INFO -   GET  /api/health    - Health check
2026-02-02 11:59:58,067 - __main__ - INFO -   POST /api/check-single - Single source analysis
2026-02-02 11:59:58,075 - __main__ - INFO -   POST /api/compare   - Source-target comparison
2026-02-02 11:59:58,079 - __main__ - INFO -   GET  /api/compare/{id} - Get comparison results
2026-02-02 11:59:58,103 - __main__ - INFO -   GET  /api/compare/{id}/mismatches - Paginated mismatches
2026-02-02 11:59:58,107 - __main__ - INFO -   GET  /api/compare/{id}/rows/count - Row counts
2026-02-02 11:59:58,108 - __main__ - INFO -   POST /api/upload    - File upload
2026-02-02 11:59:58,110 - __main__ - INFO -   GET  /api/sessions  - List sessions
2026-02-02 11:59:58,112 - __main__ - INFO -   GET  /api/sessions/<id> - Get session data
2026-02-02 11:59:58,113 - __main__ - INFO -   GET  /api/debug-db  - Database debug
2026-02-02 11:59:58,116 - __main__ - INFO - 🌍 Server starting on 0.0.0.0:5000 (debug=False)
2026-02-02 12:00:27,283 - __main__ - INFO - POST /api/upload - Request started
2026-02-02 12:00:27,297 - __main__ - INFO - File uploaded: 20260202_120027_rulse.csv (csv)
2026-02-02 12:00:27,299 - __main__ - INFO - Completed with status 200 in 0.018s
2026-02-02 12:00:27,525 - __main__ - INFO - GET /api/rules - Request started
2026-02-02 12:00:27,526 - dq_error_log - INFO - ErrorLogger initialized with database: dq_checks
2026-02-02 12:00:27,527 - dq_audit - INFO - Audit class initialized with database: dq_checks
2026-02-02 12:00:27,703 - dq_rules - INFO - Retrieved 8 business rules
2026-02-02 12:00:27,704 - __main__ - INFO - Completed with status 200 in 0.179s
2026-02-02 12:00:27,714 - __main__ - INFO - GET /api/rules - Request started
2026-02-02 12:00:27,715 - dq_error_log - INFO - ErrorLogger initialized with database: dq_checks
2026-02-02 12:00:27,718 - dq_audit - INFO - Audit class initialized with database: dq_checks
2026-02-02 12:00:27,735 - dq_rules - INFO - Retrieved 8 business rules
2026-02-02 12:00:27,737 - __main__ - INFO - Completed with status 200 in 0.024s
2026-02-02 12:01:55,501 - __main__ - INFO - POST /api/rules - Request started
2026-02-02 12:01:55,502 - dq_error_log - INFO - ErrorLogger initialized with database: dq_checks
2026-02-02 12:01:55,503 - dq_audit - INFO - Audit class initialized with database: dq_checks
2026-02-02 12:01:55,531 - dq_rules - INFO - Created new rule: morethan40000 (ID: 9)
2026-02-02 12:01:55,532 - __main__ - INFO - Completed with status 201 in 0.031s
2026-02-02 12:01:55,764 - __main__ - INFO - GET /api/rules - Request started
2026-02-02 12:01:55,764 - dq_error_log - INFO - ErrorLogger initialized with database: dq_checks
2026-02-02 12:01:55,766 - dq_audit - INFO - Audit class initialized with database: dq_checks
2026-02-02 12:01:55,779 - dq_rules - INFO - Retrieved 9 business rules
2026-02-02 12:01:55,780 - __main__ - INFO - Completed with status 200 in 0.015s
2026-02-02 12:02:04,154 - __main__ - INFO - POST /api/rules/execute - Request started
2026-02-02 12:02:04,225 - dq_rules - INFO - Starting business rules analysis in UI/API mode
2026-02-02 12:02:04,282 - dq_rules - INFO - Business rules tables created/verified successfully
2026-02-02 12:02:04,283 - dq_rules - INFO - Loading data for rules analysis
2026-02-02 12:02:04,284 - dq_unified - INFO - Prompting user for data source type
2026-02-02 12:02:04,287 - dq_unified - INFO - UI Data source_type: csv
2026-02-02 12:02:04,289 - dq_unified - INFO - Using source_type from UI data: csv
2026-02-02 12:02:04,291 - dq_unified - INFO - Loading data from CSV
2026-02-02 12:02:04,292 - dq_unified - INFO - Loading large CSV: uploads\20260202_120027_rulse.csv
2026-02-02 12:02:04,298 - dq_unified - INFO - CSV file has 20 rows
2026-02-02 12:02:04,299 - dq_unified - INFO - Loading 20 rows from CSV...
2026-02-02 12:02:04,337 - dq_unified - INFO - Loaded 20 rows from CSV
2026-02-02 12:02:04,350 - dq_unified - INFO - Memory optimization: 0.0MB -> 0.0MB (Saved: 0.0MB)
2026-02-02 12:02:04,353 - dq_unified - INFO - Loaded 20 rows, 11 columns. Memory: 110.7MB total, 0.0MB for dataframe
2026-02-02 12:02:04,354 - dq_rules - INFO - Data loaded: 20 rows, 11 columns from CSV: 20260202_120027_rulse.csv
2026-02-02 12:02:04,355 - dq_error_log - INFO - ErrorLogger initialized with database: dq_checks
2026-02-02 12:02:04,357 - dq_audit - INFO - Audit class initialized with database: dq_checks
2026-02-02 12:02:04,358 - dq_rules - INFO - BusinessRuleEngine session set to: RULES_20260202_120204_7012
2026-02-02 12:02:04,359 - dq_rules - INFO - Session ID: RULES_20260202_120204_7012
2026-02-02 12:02:04,374 - dq_rules - INFO - Retrieved 9 business rules
2026-02-02 12:02:04,375 - dq_rules - INFO - Executing rule: Max Rows (kpi)
2026-02-02 12:02:04,399 - dq_rules - INFO - Stored KPI to history: Max Rows (count) = 20 (ID: 19)
2026-02-02 12:02:04,400 - dq_rules - INFO - Executing rule: Minimum Salary (threshold)
2026-02-02 12:02:04,401 - dq_rules - INFO - Executing rule: morethan40000 (threshold)
2026-02-02 12:02:04,404 - dq_rules - INFO - Executing rule: Valid Employment Period (cross_column)
2026-02-02 12:02:04,408 - dq_rules - INFO - Executing rule: Bonus Required (mandatory)
2026-02-02 12:02:04,409 - dq_rules - INFO - Executing rule: Total Salary Budget (aggregate)
2026-02-02 12:02:04,411 - dq_rules - INFO - Executing rule: Valid Email Format (pattern)
2026-02-02 12:02:04,412 - dq_rules - INFO - Executing rule: Salary Range (range)
2026-02-02 12:02:04,413 - dq_rules - INFO - Executing rule: Name in Email (text_comparison)
2026-02-02 12:02:04,444 - dq_rules - INFO - Logged 9 rule executions to database
2026-02-02 12:02:04,445 - dq_error_log - INFO - Starting batch logging for 41 errors, session: RULES_20260202_120204_7012
2026-02-02 12:02:04,490 - dq_error_log - INFO - Batch 1: Successfully logged 41 errors
2026-02-02 12:02:04,492 - dq_error_log - INFO - Progress: 41/41 errors processed
2026-02-02 12:02:04,493 - dq_error_log - INFO - COMPLETE: Logged 41/41 errors for session RULES_20260202_120204_7012
2026-02-02 12:02:04,534 - dq_rules - INFO - Inserted 41 into dq_rule_violations
2026-02-02 12:02:04,535 - dq_rules - INFO - Logged 41 rule violations to error logs
2026-02-02 12:02:04,536 - dq_rules - INFO - Rule execution completed: 9 rules, 41 violations, DQ Score: 42.9%
2026-02-02 12:02:04,537 - dq_audit - INFO - Starting database insertion for business_rules...
2026-02-02 12:02:04,558 - dq_audit - INFO - Inserted business_rules record with ID: 863
2026-02-02 12:02:04,558 - dq_rules - INFO - Audit record logged for business rules session: RULES_20260202_120204_7012
2026-02-02 12:02:04,586 - dq_error_log - INFO - Retrieved 41 error logs for session RULES_20260202_120204_7012
2026-02-02 12:02:04,600 - dq_error_log - INFO - Retrieved summary: 41 total errors for session RULES_20260202_120204_7012
2026-02-02 12:02:04,617 - dq_audit - INFO - Retrieved 1 audit logs for session RULES_20260202_120204_7012
2026-02-02 12:02:04,618 - dq_rules - INFO - Business rules analysis completed for session RULES_20260202_120204_7012
2026-02-02 12:02:04,635 - __main__ - INFO - Completed with status 200 in 0.480s
2026-02-02 12:06:43,580 - __main__ - INFO - POST /api/upload - Request started
2026-02-02 12:06:43,593 - __main__ - INFO - File uploaded: 20260202_120643_rulse.csv (csv)
2026-02-02 12:06:43,594 - __main__ - INFO - Completed with status 200 in 0.014s
2026-02-02 12:06:43,829 - __main__ - INFO - GET /api/rules - Request started
2026-02-02 12:06:43,830 - dq_error_log - INFO - ErrorLogger initialized with database: dq_checks
2026-02-02 12:06:43,832 - dq_audit - INFO - Audit class initialized with database: dq_checks
2026-02-02 12:06:43,848 - dq_rules - INFO - Retrieved 9 business rules
2026-02-02 12:06:43,849 - __main__ - INFO - Completed with status 200 in 0.020s
2026-02-02 12:06:43,919 - __main__ - INFO - GET /api/rules - Request started
2026-02-02 12:06:43,920 - dq_error_log - INFO - ErrorLogger initialized with database: dq_checks
2026-02-02 12:06:43,921 - dq_audit - INFO - Audit class initialized with database: dq_checks
2026-02-02 12:06:43,934 - dq_rules - INFO - Retrieved 9 business rules
2026-02-02 12:06:43,936 - __main__ - INFO - Completed with status 200 in 0.016s
2026-02-02 12:06:50,372 - __main__ - INFO - POST /api/rules/execute - Request started
2026-02-02 12:06:50,374 - dq_rules - INFO - Starting business rules analysis in UI/API mode
2026-02-02 12:06:50,391 - dq_rules - INFO - Business rules tables created/verified successfully
2026-02-02 12:06:50,392 - dq_rules - INFO - Loading data for rules analysis
2026-02-02 12:06:50,393 - dq_unified - INFO - Prompting user for data source type
2026-02-02 12:06:50,393 - dq_unified - INFO - UI Data source_type: csv
2026-02-02 12:06:50,394 - dq_unified - INFO - Using source_type from UI data: csv
2026-02-02 12:06:50,395 - dq_unified - INFO - Loading data from CSV
2026-02-02 12:06:50,396 - dq_unified - INFO - Loading large CSV: uploads\20260202_120643_rulse.csv
2026-02-02 12:06:50,399 - dq_unified - INFO - CSV file has 20 rows
2026-02-02 12:06:50,400 - dq_unified - INFO - Loading 20 rows from CSV...
2026-02-02 12:06:50,406 - dq_unified - INFO - Loaded 20 rows from CSV
2026-02-02 12:06:50,414 - dq_unified - INFO - Memory optimization: 0.0MB -> 0.0MB (Saved: 0.0MB)
2026-02-02 12:06:50,417 - dq_unified - INFO - Loaded 20 rows, 11 columns. Memory: 111.2MB total, 0.0MB for dataframe
2026-02-02 12:06:50,434 - dq_rules - INFO - Data loaded: 20 rows, 11 columns from CSV: 20260202_120643_rulse.csv
2026-02-02 12:06:50,444 - dq_error_log - INFO - ErrorLogger initialized with database: dq_checks
2026-02-02 12:06:50,445 - dq_audit - INFO - Audit class initialized with database: dq_checks
2026-02-02 12:06:50,451 - dq_rules - INFO - BusinessRuleEngine session set to: RULES_20260202_120650_3302
2026-02-02 12:06:50,481 - dq_rules - INFO - Session ID: RULES_20260202_120650_3302
2026-02-02 12:06:50,537 - dq_rules - INFO - Retrieved 9 business rules
2026-02-02 12:06:50,539 - dq_rules - INFO - Executing rule: Max Rows (kpi)
2026-02-02 12:06:50,565 - dq_rules - INFO - Stored KPI to history: Max Rows (count) = 20 (ID: 21)
2026-02-02 12:06:50,566 - dq_rules - INFO - Executing rule: Minimum Salary (threshold)
2026-02-02 12:06:50,567 - dq_rules - INFO - Executing rule: morethan40000 (threshold)
2026-02-02 12:06:50,578 - dq_rules - INFO - Executing rule: Valid Employment Period (cross_column)
2026-02-02 12:06:50,587 - dq_rules - INFO - Executing rule: Bonus Required (mandatory)
2026-02-02 12:06:50,589 - dq_rules - INFO - Executing rule: Total Salary Budget (aggregate)
2026-02-02 12:06:50,591 - dq_rules - INFO - Executing rule: Valid Email Format (pattern)
2026-02-02 12:06:50,598 - dq_rules - INFO - Executing rule: Salary Range (range)
2026-02-02 12:06:50,608 - dq_rules - INFO - Executing rule: Name in Email (text_comparison)
2026-02-02 12:06:50,658 - dq_rules - INFO - Logged 9 rule executions to database
2026-02-02 12:06:50,660 - dq_error_log - INFO - Starting batch logging for 41 errors, session: RULES_20260202_120650_3302
2026-02-02 12:06:50,688 - dq_error_log - INFO - Batch 1: Successfully logged 41 errors
2026-02-02 12:06:50,689 - dq_error_log - INFO - Progress: 41/41 errors processed
2026-02-02 12:06:50,690 - dq_error_log - INFO - COMPLETE: Logged 41/41 errors for session RULES_20260202_120650_3302
2026-02-02 12:06:50,718 - dq_rules - INFO - Inserted 41 into dq_rule_violations
2026-02-02 12:06:50,719 - dq_rules - INFO - Logged 41 rule violations to error logs
2026-02-02 12:06:50,720 - dq_rules - INFO - Rule execution completed: 9 rules, 41 violations, DQ Score: 42.9%
2026-02-02 12:06:50,722 - dq_audit - INFO - Starting database insertion for business_rules...
2026-02-02 12:06:50,738 - dq_audit - INFO - Inserted business_rules record with ID: 866
2026-02-02 12:06:50,740 - dq_rules - INFO - Audit record logged for business rules session: RULES_20260202_120650_3302
2026-02-02 12:06:50,758 - dq_error_log - INFO - Retrieved 41 error logs for session RULES_20260202_120650_3302
2026-02-02 12:06:50,777 - dq_error_log - INFO - Retrieved summary: 41 total errors for session RULES_20260202_120650_3302
2026-02-02 12:06:50,798 - dq_audit - INFO - Retrieved 1 audit logs for session RULES_20260202_120650_3302
2026-02-02 12:06:50,798 - dq_rules - INFO - Business rules analysis completed for session RULES_20260202_120650_3302
2026-02-02 12:06:50,813 - __main__ - INFO - Completed with status 200 in 0.441s
2026-02-02 12:21:45,252 - __main__ - INFO - POST /api/rules/execute - Request started
2026-02-02 12:21:45,254 - __main__ - ERROR - Error executing business rules: 415 Unsupported Media Type: Did not attempt to load JSON data because the request Content-Type was not 'application/json'.
2026-02-02 12:21:45,256 - __main__ - INFO - Completed with status 500 in 0.004s
2026-02-02 12:22:24,113 - __main__ - INFO - POST /api/rules/execute - Request started
2026-02-02 12:22:24,114 - dq_rules - INFO - Starting business rules analysis in UI/API mode
2026-02-02 12:22:24,131 - dq_rules - INFO - Business rules tables created/verified successfully
2026-02-02 12:22:24,132 - dq_rules - INFO - Loading data for rules analysis
2026-02-02 12:22:24,133 - dq_unified - INFO - Prompting user for data source type
2026-02-02 12:22:24,133 - dq_unified - INFO - UI Data source_type: None
2026-02-02 12:22:24,135 - dq_unified - INFO - User selected source type: 1
2026-02-02 12:22:24,135 - input_handler - WARNING - Required field 'file_path' not provided in UI mode, using empty string
2026-02-02 12:22:24,136 - dq_unified - INFO - Loading data from CSV
2026-02-02 12:22:24,137 - dq_unified - INFO - Loading large CSV: 
2026-02-02 12:22:24,138 - dq_unified - ERROR - Error loading large CSV: [Errno 2] No such file or directory: ''
Traceback (most recent call last):
  File "C:\Users\003160\OneDrive - wisseninfotech.com\Documents\DQ-Checks-Shashi\Data_Quality_Framework\dq_unified.py", line 122, in load_large_csv
    with open(file_path, 'r', encoding='utf-8') as f:
         ^^^^^^^^^^^^^^^^^^^^^^^^^^^^^^^^^^^^^^
FileNotFoundError: [Errno 2] No such file or directory: ''
2026-02-02 12:22:24,141 - dq_unified - ERROR - Error loading data from csv: [Errno 2] No such file or directory: ''
Traceback (most recent call last):
  File "C:\Users\003160\OneDrive - wisseninfotech.com\Documents\DQ-Checks-Shashi\Data_Quality_Framework\dq_unified.py", line 1218, in load_data_from_source
    df = LargeDatasetHandler.load_large_csv(source_config, max_rows=max_rows)
         ^^^^^^^^^^^^^^^^^^^^^^^^^^^^^^^^^^^^^^^^^^^^^^^^^^^^^^^^^^^^^^^^^^^^
  File "C:\Users\003160\OneDrive - wisseninfotech.com\Documents\DQ-Checks-Shashi\Data_Quality_Framework\dq_unified.py", line 122, in load_large_csv
    with open(file_path, 'r', encoding='utf-8') as f:
         ^^^^^^^^^^^^^^^^^^^^^^^^^^^^^^^^^^^^^^
FileNotFoundError: [Errno 2] No such file or directory: ''
2026-02-02 12:22:24,144 - dq_rules - ERROR - Failed to load data
2026-02-02 12:22:24,146 - __main__ - INFO - Completed with status 200 in 0.033s
2026-02-02 12:25:08,572 - __main__ - INFO - POST /api/rules/execute - Request started
2026-02-02 12:25:08,573 - __main__ - ERROR - Error executing business rules: 400 Bad Request: The browser (or proxy) sent a request that this server could not understand.
2026-02-02 12:25:08,574 - __main__ - INFO - Completed with status 500 in 0.003s
2026-02-02 12:25:54,459 - __main__ - INFO - POST /api/rules/execute - Request started
2026-02-02 12:25:54,460 - dq_rules - INFO - Starting business rules analysis in UI/API mode
2026-02-02 12:25:54,475 - dq_rules - INFO - Business rules tables created/verified successfully
2026-02-02 12:25:54,475 - dq_rules - INFO - Loading data for rules analysis
2026-02-02 12:25:54,476 - dq_unified - INFO - Prompting user for data source type
2026-02-02 12:25:54,477 - dq_unified - INFO - UI Data source_type: None
2026-02-02 12:25:54,478 - dq_unified - INFO - User selected source type: 1
2026-02-02 12:25:54,479 - input_handler - WARNING - Required field 'file_path' not provided in UI mode, using empty string
2026-02-02 12:25:54,480 - dq_unified - INFO - Loading data from CSV
2026-02-02 12:25:54,482 - dq_unified - INFO - Loading large CSV: 
2026-02-02 12:25:54,483 - dq_unified - ERROR - Error loading large CSV: [Errno 2] No such file or directory: ''
Traceback (most recent call last):
  File "C:\Users\003160\OneDrive - wisseninfotech.com\Documents\DQ-Checks-Shashi\Data_Quality_Framework\dq_unified.py", line 122, in load_large_csv
    with open(file_path, 'r', encoding='utf-8') as f:
         ^^^^^^^^^^^^^^^^^^^^^^^^^^^^^^^^^^^^^^
FileNotFoundError: [Errno 2] No such file or directory: ''
2026-02-02 12:25:54,485 - dq_unified - ERROR - Error loading data from csv: [Errno 2] No such file or directory: ''
Traceback (most recent call last):
  File "C:\Users\003160\OneDrive - wisseninfotech.com\Documents\DQ-Checks-Shashi\Data_Quality_Framework\dq_unified.py", line 1218, in load_data_from_source
    df = LargeDatasetHandler.load_large_csv(source_config, max_rows=max_rows)
         ^^^^^^^^^^^^^^^^^^^^^^^^^^^^^^^^^^^^^^^^^^^^^^^^^^^^^^^^^^^^^^^^^^^^
  File "C:\Users\003160\OneDrive - wisseninfotech.com\Documents\DQ-Checks-Shashi\Data_Quality_Framework\dq_unified.py", line 122, in load_large_csv
    with open(file_path, 'r', encoding='utf-8') as f:
         ^^^^^^^^^^^^^^^^^^^^^^^^^^^^^^^^^^^^^^
FileNotFoundError: [Errno 2] No such file or directory: ''
2026-02-02 12:25:54,487 - dq_rules - ERROR - Failed to load data
2026-02-02 12:25:54,490 - __main__ - INFO - Completed with status 200 in 0.031s
2026-02-02 12:27:38,158 - __main__ - INFO - POST /api/rules/execute - Request started
2026-02-02 12:27:38,158 - dq_rules - INFO - Starting business rules analysis in UI/API mode
2026-02-02 12:27:38,173 - dq_rules - INFO - Business rules tables created/verified successfully
2026-02-02 12:27:38,173 - dq_rules - INFO - Loading data for rules analysis
2026-02-02 12:27:38,173 - dq_unified - INFO - Prompting user for data source type
2026-02-02 12:27:38,174 - dq_unified - INFO - UI Data source_type: None
2026-02-02 12:27:38,176 - dq_unified - INFO - User selected source type: 1
2026-02-02 12:27:38,176 - input_handler - WARNING - Required field 'file_path' not provided in UI mode, using empty string
2026-02-02 12:27:38,177 - dq_unified - INFO - Loading data from CSV
2026-02-02 12:27:38,177 - dq_unified - INFO - Loading large CSV: 
2026-02-02 12:27:38,178 - dq_unified - ERROR - Error loading large CSV: [Errno 2] No such file or directory: ''
Traceback (most recent call last):
  File "C:\Users\003160\OneDrive - wisseninfotech.com\Documents\DQ-Checks-Shashi\Data_Quality_Framework\dq_unified.py", line 122, in load_large_csv
    with open(file_path, 'r', encoding='utf-8') as f:
         ^^^^^^^^^^^^^^^^^^^^^^^^^^^^^^^^^^^^^^
FileNotFoundError: [Errno 2] No such file or directory: ''
2026-02-02 12:27:38,180 - dq_unified - ERROR - Error loading data from csv: [Errno 2] No such file or directory: ''
Traceback (most recent call last):
  File "C:\Users\003160\OneDrive - wisseninfotech.com\Documents\DQ-Checks-Shashi\Data_Quality_Framework\dq_unified.py", line 1218, in load_data_from_source
    df = LargeDatasetHandler.load_large_csv(source_config, max_rows=max_rows)
         ^^^^^^^^^^^^^^^^^^^^^^^^^^^^^^^^^^^^^^^^^^^^^^^^^^^^^^^^^^^^^^^^^^^^
  File "C:\Users\003160\OneDrive - wisseninfotech.com\Documents\DQ-Checks-Shashi\Data_Quality_Framework\dq_unified.py", line 122, in load_large_csv
    with open(file_path, 'r', encoding='utf-8') as f:
         ^^^^^^^^^^^^^^^^^^^^^^^^^^^^^^^^^^^^^^
FileNotFoundError: [Errno 2] No such file or directory: ''
2026-02-02 12:27:38,181 - dq_rules - ERROR - Failed to load data
2026-02-02 12:27:38,182 - __main__ - INFO - Completed with status 200 in 0.024s
2026-02-02 12:27:50,126 - __main__ - INFO - POST /api/rules/execute - Request started
2026-02-02 12:27:50,127 - dq_rules - INFO - Starting business rules analysis in UI/API mode
2026-02-02 12:27:50,141 - dq_rules - INFO - Business rules tables created/verified successfully
2026-02-02 12:27:50,141 - dq_rules - INFO - Loading data for rules analysis
2026-02-02 12:27:50,142 - dq_unified - INFO - Prompting user for data source type
2026-02-02 12:27:50,142 - dq_unified - INFO - UI Data source_type: None
2026-02-02 12:27:50,144 - dq_unified - INFO - User selected source type: 1
2026-02-02 12:27:50,146 - input_handler - WARNING - Required field 'file_path' not provided in UI mode, using empty string
2026-02-02 12:27:50,147 - dq_unified - INFO - Loading data from CSV
2026-02-02 12:27:50,148 - dq_unified - INFO - Loading large CSV: 
2026-02-02 12:27:50,148 - dq_unified - ERROR - Error loading large CSV: [Errno 2] No such file or directory: ''
Traceback (most recent call last):
  File "C:\Users\003160\OneDrive - wisseninfotech.com\Documents\DQ-Checks-Shashi\Data_Quality_Framework\dq_unified.py", line 122, in load_large_csv
    with open(file_path, 'r', encoding='utf-8') as f:
         ^^^^^^^^^^^^^^^^^^^^^^^^^^^^^^^^^^^^^^
FileNotFoundError: [Errno 2] No such file or directory: ''
2026-02-02 12:27:50,150 - dq_unified - ERROR - Error loading data from csv: [Errno 2] No such file or directory: ''
Traceback (most recent call last):
  File "C:\Users\003160\OneDrive - wisseninfotech.com\Documents\DQ-Checks-Shashi\Data_Quality_Framework\dq_unified.py", line 1218, in load_data_from_source
    df = LargeDatasetHandler.load_large_csv(source_config, max_rows=max_rows)
         ^^^^^^^^^^^^^^^^^^^^^^^^^^^^^^^^^^^^^^^^^^^^^^^^^^^^^^^^^^^^^^^^^^^^
  File "C:\Users\003160\OneDrive - wisseninfotech.com\Documents\DQ-Checks-Shashi\Data_Quality_Framework\dq_unified.py", line 122, in load_large_csv
    with open(file_path, 'r', encoding='utf-8') as f:
         ^^^^^^^^^^^^^^^^^^^^^^^^^^^^^^^^^^^^^^
FileNotFoundError: [Errno 2] No such file or directory: ''
2026-02-02 12:27:50,152 - dq_rules - ERROR - Failed to load data
2026-02-02 12:27:50,153 - __main__ - INFO - Completed with status 200 in 0.027s
