2026-01-05 17:02:15,506 - __main__ - INFO - 🌐 API Server Logging Initialized
2026-01-05 17:02:15,507 - __main__ - INFO - 📝 Logs saved to: logs/dq_api_20260105_170215.log
2026-01-05 17:02:15,551 - __main__ - INFO - APP_SETTINGS loaded. Audit enabled: True
2026-01-05 17:02:15,551 - __main__ - INFO - ✅ All DQ modules loaded successfully
2026-01-05 17:02:15,554 - dq_error_log - INFO - ErrorLogger initialized with database: dq_checks
2026-01-05 17:02:15,555 - dq_audit - INFO - Audit class initialized with database: dq_checks
2026-01-05 17:02:15,555 - __main__ - INFO - ✅ ErrorLogger and DataQualityAudit initialized
2026-01-05 17:02:15,561 - __main__ - INFO - 🚀 Starting Data Quality Framework API
2026-01-05 17:02:15,562 - __main__ - INFO - 📊 Modules available: True
2026-01-05 17:02:15,562 - __main__ - INFO - 🔧 Config file mode: False
2026-01-05 17:02:15,563 - __main__ - INFO - 📋 Available endpoints:
2026-01-05 17:02:15,563 - __main__ - INFO -   GET  /              - API status
2026-01-05 17:02:15,564 - __main__ - INFO -   GET  /api/health    - Health check
2026-01-05 17:02:15,564 - __main__ - INFO -   POST /api/check-single - Single source analysis
2026-01-05 17:02:15,565 - __main__ - INFO -   POST /api/compare   - Source-target comparison
2026-01-05 17:02:15,565 - __main__ - INFO -   POST /api/upload    - File upload
2026-01-05 17:02:15,567 - __main__ - INFO -   GET  /api/sessions  - List sessions
2026-01-05 17:02:15,567 - __main__ - INFO -   GET  /api/sessions/<id> - Get session data
2026-01-05 17:02:15,567 - __main__ - INFO -   GET  /api/debug-db  - Database debug
2026-01-05 17:02:15,568 - __main__ - INFO - 🌍 Server starting on 0.0.0.0:5000 (debug=False)
2026-01-05 17:02:23,808 - __main__ - INFO - POST /api/database-hierarchy - Request started
2026-01-05 17:02:23,809 - __main__ - INFO - Getting database hierarchy for postgresql
2026-01-05 17:02:23,810 - __main__ - INFO - Database: Not provided
2026-01-05 17:02:23,811 - __main__ - INFO - Schema: Not provided
2026-01-05 17:02:23,812 - database_navigator - INFO - DatabaseNavigator initialized
2026-01-05 17:02:23,812 - __main__ - INFO - Connecting with config: {'host': 'localhost', 'port': 5432, 'database': 'dq_checks', 'user': 'postgres', 'password': 'postgres'}
2026-01-05 17:02:23,812 - database_navigator - INFO - Connecting to POSTGRESQL...
2026-01-05 17:02:23,814 - database_navigator - INFO - Successfully connected to POSTGRESQL!
2026-01-05 17:02:23,814 - __main__ - INFO - Getting databases list...
2026-01-05 17:02:23,815 - database_navigator - INFO - DEBUG: Checking connection - self.connection = None
2026-01-05 17:02:23,816 - database_navigator - ERROR - No database connection
2026-01-05 17:02:23,817 - __main__ - INFO - Found 0 databases
2026-01-05 17:02:23,818 - __main__ - INFO - Completed with status 200 in 0.010s
