2026-01-28 16:15:59,127 - __main__ - INFO - 🌐 API Server Logging Initialized
2026-01-28 16:15:59,130 - __main__ - INFO - 📝 Logs saved to: logs/dq_api_20260128_161559.log
2026-01-28 16:15:59,256 - __main__ - INFO - APP_SETTINGS loaded. Audit enabled: True
2026-01-28 16:15:59,257 - __main__ - INFO - ✅ All DQ modules loaded successfully
2026-01-28 16:15:59,261 - dq_error_log - INFO - ErrorLogger initialized with database: dq_checks
2026-01-28 16:15:59,262 - dq_audit - INFO - Audit class initialized with database: dq_checks
2026-01-28 16:15:59,262 - __main__ - INFO - ✅ ErrorLogger and DataQualityAudit initialized
2026-01-28 16:15:59,283 - __main__ - INFO - 🚀 Starting Data Quality Framework API
2026-01-28 16:15:59,285 - __main__ - INFO - 📊 Modules available: True
2026-01-28 16:15:59,286 - __main__ - INFO - 🔧 Config file mode: False
2026-01-28 16:15:59,287 - __main__ - INFO - 📋 Available endpoints:
2026-01-28 16:15:59,288 - __main__ - INFO -   GET  /              - API status
2026-01-28 16:15:59,288 - __main__ - INFO -   GET  /api/health    - Health check
2026-01-28 16:15:59,289 - __main__ - INFO -   POST /api/check-single - Single source analysis
2026-01-28 16:15:59,291 - __main__ - INFO -   POST /api/compare   - Source-target comparison
2026-01-28 16:15:59,291 - __main__ - INFO -   GET  /api/compare/{id} - Get comparison results
2026-01-28 16:15:59,292 - __main__ - INFO -   GET  /api/compare/{id}/mismatches - Paginated mismatches
2026-01-28 16:15:59,293 - __main__ - INFO -   GET  /api/compare/{id}/rows/source_only - Source-only rows
2026-01-28 16:15:59,294 - __main__ - INFO -   GET  /api/compare/{id}/rows/target_only - Target-only rows
2026-01-28 16:15:59,295 - __main__ - INFO -   GET  /api/compare/{id}/rows/count - Row counts
2026-01-28 16:15:59,296 - __main__ - INFO -   POST /api/upload    - File upload
2026-01-28 16:15:59,297 - __main__ - INFO -   GET  /api/sessions  - List sessions
2026-01-28 16:15:59,297 - __main__ - INFO -   GET  /api/sessions/<id> - Get session data
2026-01-28 16:15:59,298 - __main__ - INFO -   GET  /api/debug-db  - Database debug
2026-01-28 16:15:59,299 - __main__ - INFO - 🌍 Server starting on 0.0.0.0:5000 (debug=False)
2026-01-28 16:16:22,843 - __main__ - INFO - POST /api/advanced - Request started
2026-01-28 16:16:22,845 - __main__ - INFO - Advanced checks request received
2026-01-28 16:16:22,847 - __main__ - INFO - DEBUG: Received columns_input: [] (type: <class 'list'>)
2026-01-28 16:16:22,848 - __main__ - INFO - DEBUG: Using as-is: []
2026-01-28 16:16:22,849 - __main__ - INFO - Starting advanced checks for session ADV_20260128_161622_30cf245d
2026-01-28 16:16:22,849 - dq_advanced - INFO - Starting advanced checks in UI/API mode
2026-01-28 16:16:22,850 - dq_advanced - INFO - LOADING DATA FOR ADVANCED CHECKS
2026-01-28 16:16:22,851 - dq_unified - INFO - Prompting user for data source type
2026-01-28 16:16:22,851 - dq_unified - INFO - UI Data source_type: csv
2026-01-28 16:16:22,852 - dq_unified - INFO - Using source_type from UI data: csv
2026-01-28 16:16:22,852 - dq_unified - INFO - Loading data from CSV
2026-01-28 16:16:22,853 - dq_unified - INFO - Loading large CSV: C:/Users/003160/OneDrive - wisseninfotech.com/Documents/DQ-Checks-Shashi/Test_data/sample_data.csv
2026-01-28 16:16:22,856 - dq_unified - INFO - CSV file has 15 rows
2026-01-28 16:16:22,857 - dq_unified - INFO - Loading 15 rows from CSV...
2026-01-28 16:16:22,880 - dq_unified - INFO - Loaded 15 rows from CSV
2026-01-28 16:16:22,903 - dq_unified - INFO - Memory optimization: 0.0MB -> 0.0MB (Saved: 0.0MB)
2026-01-28 16:16:22,905 - dq_unified - INFO - Loaded 15 rows, 10 columns. Memory: 106.0MB total, 0.0MB for dataframe
2026-01-28 16:16:22,906 - dq_advanced - INFO - Data loaded: 15 rows, 10 columns from CSV: sample_data.csv
2026-01-28 16:16:22,907 - dq_error_log - INFO - ErrorLogger initialized with database: dq_checks
2026-01-28 16:16:23,121 - dq_error_log - INFO - Database connection successful
2026-01-28 16:16:23,123 - dq_advanced - INFO - Session ID: ADV_20260128_161623_9292
2026-01-28 16:16:23,124 - dq_advanced - INFO - Starting comprehensive validations on 15 rows, 10 columns
2026-01-28 16:16:23,125 - dq_advanced - INFO - Analyzing 10 columns...
2026-01-28 16:16:23,127 - dq_advanced - INFO - Before fidning ['   John Doe', 'Jane      Smith', 'Bob        Johnson', 'Alice Brown', 'Charlie Wilson', 'John Doe        ', 'David         Lee', '  Sarah      Chen  ', 'Mike Davis', 'Lisa       Wang', 'Tom Wilson', '            Robert Brown', 'Nancy Davis', 'Kevin Lee'] data 
2026-01-28 16:16:23,128 - dq_advanced - INFO - Cleaned value:After remove currency symbol John Doe
2026-01-28 16:16:23,129 - dq_advanced - INFO - Cleaned value:After remove currency symbol Jane      Smith
2026-01-28 16:16:23,129 - dq_advanced - INFO - Cleaned value:After remove currency symbol Bob        Johnson
2026-01-28 16:16:23,130 - dq_advanced - INFO - Cleaned value:After remove currency symbol Alice Brown
2026-01-28 16:16:23,130 - dq_advanced - INFO - Cleaned value:After remove currency symbol Charlie Wilson
2026-01-28 16:16:23,131 - dq_advanced - INFO - Cleaned value:After remove currency symbol John Doe
2026-01-28 16:16:23,133 - dq_advanced - INFO - Cleaned value:After remove currency symbol David         Lee
2026-01-28 16:16:23,133 - dq_advanced - INFO - Cleaned value:After remove currency symbol Sarah      Chen
2026-01-28 16:16:23,134 - dq_advanced - INFO - Cleaned value:After remove currency symbol Mike Davis
2026-01-28 16:16:23,135 - dq_advanced - INFO - Cleaned value:After remove currency symbol Lisa       Wang
2026-01-28 16:16:23,135 - dq_advanced - INFO - Cleaned value:After remove currency symbol Tom Wilson
2026-01-28 16:16:23,136 - dq_advanced - INFO - Cleaned value:After remove currency symbol Robert Brown
2026-01-28 16:16:23,137 - dq_advanced - INFO - Cleaned value:After remove currency symbol Nancy Davis
2026-01-28 16:16:23,138 - dq_advanced - INFO - Cleaned value:After remove currency symbol Kevin Lee
2026-01-28 16:16:23,142 - dq_advanced - INFO - Analyzed column 'CustomerName': text with 0 patterns
2026-01-28 16:16:23,143 - dq_advanced - INFO - Before fidning ['john@email.com', 'jane@email.com', 'alice@email.com', 'charlie@email.com', 'john@email.com', 'david@email.com', 'sarah@email.com', 'invalid-email', 'lisa@email.com', 'tom@email.com       ', 'empty@email.com', 'robert@email.com', 'nancy@email.com', 'kevin@email.com'] data 
2026-01-28 16:16:23,144 - dq_advanced - INFO - Cleaned value:After remove currency symbol john@email.com
2026-01-28 16:16:23,146 - dq_advanced - INFO - Cleaned value:After remove currency symbol jane@email.com
2026-01-28 16:16:23,146 - dq_advanced - INFO - Cleaned value:After remove currency symbol alice@email.com
2026-01-28 16:16:23,147 - dq_advanced - INFO - Cleaned value:After remove currency symbol charlie@email.com
2026-01-28 16:16:23,148 - dq_advanced - INFO - Cleaned value:After remove currency symbol john@email.com
2026-01-28 16:16:23,148 - dq_advanced - INFO - Cleaned value:After remove currency symbol david@email.com
2026-01-28 16:16:23,149 - dq_advanced - INFO - Cleaned value:After remove currency symbol sarah@email.com
2026-01-28 16:16:23,150 - dq_advanced - INFO - Cleaned value:After remove currency symbol invalid-email
2026-01-28 16:16:23,151 - dq_advanced - INFO - Cleaned value:After remove currency symbol lisa@email.com
2026-01-28 16:16:23,151 - dq_advanced - INFO - Cleaned value:After remove currency symbol tom@email.com
2026-01-28 16:16:23,152 - dq_advanced - INFO - Cleaned value:After remove currency symbol empty@email.com
2026-01-28 16:16:23,152 - dq_advanced - INFO - Cleaned value:After remove currency symbol robert@email.com
2026-01-28 16:16:23,153 - dq_advanced - INFO - Cleaned value:After remove currency symbol nancy@email.com
2026-01-28 16:16:23,153 - dq_advanced - INFO - Cleaned value:After remove currency symbol kevin@email.com
2026-01-28 16:16:23,156 - dq_advanced - INFO - Analyzed column 'Email': text with 1 patterns
2026-01-28 16:16:23,158 - dq_advanced - INFO - Before fidning [1234567890, 9876543210, 5551234567, 4445556666, 3334445555, 1234567890, 2223334444, 1112223333, 9998887777, 6667778888, 7778889999, 8889990000, 9990001111, 1112222, 1112223333] data 
2026-01-28 16:16:23,161 - dq_advanced - INFO - Analyzed column 'Phone': numeric with 2 patterns
2026-01-28 16:16:23,163 - dq_advanced - INFO - Before fidning [50000.0, 60000.0, 55000.0, 70000.0, 48000.0, 50000.0, 52000.0, 58000.0, 62000.0, 45000.0, 53000.0, 67000.0, 49000.0] data 
2026-01-28 16:16:23,166 - dq_advanced - INFO - Analyzed column 'Salary': numeric with 1 patterns
2026-01-28 16:16:23,168 - dq_advanced - INFO - Before fidning ['IT             ', '       HR', 'Finance', 'IT', 'HR', 'IT', 'Finance', 'IT', 'HR', 'Sales', '           Marketing', 'IT', 'HR', 'Sales'] data 
2026-01-28 16:16:23,169 - dq_advanced - INFO - Cleaned value:After remove currency symbol IT
2026-01-28 16:16:23,169 - dq_advanced - INFO - Cleaned value:After remove currency symbol HR
2026-01-28 16:16:23,170 - dq_advanced - INFO - Cleaned value:After remove currency symbol Finance
2026-01-28 16:16:23,170 - dq_advanced - INFO - Cleaned value:After remove currency symbol IT
2026-01-28 16:16:23,171 - dq_advanced - INFO - Cleaned value:After remove currency symbol HR
2026-01-28 16:16:23,172 - dq_advanced - INFO - Cleaned value:After remove currency symbol IT
2026-01-28 16:16:23,172 - dq_advanced - INFO - Cleaned value:After remove currency symbol Finance
2026-01-28 16:16:23,173 - dq_advanced - INFO - Cleaned value:After remove currency symbol IT
2026-01-28 16:16:23,173 - dq_advanced - INFO - Cleaned value:After remove currency symbol HR
2026-01-28 16:16:23,174 - dq_advanced - INFO - Cleaned value:After remove currency symbol Sales
2026-01-28 16:16:23,175 - dq_advanced - INFO - Cleaned value:After remove currency symbol Marketing
2026-01-28 16:16:23,176 - dq_advanced - INFO - Cleaned value:After remove currency symbol IT
2026-01-28 16:16:23,177 - dq_advanced - INFO - Cleaned value:After remove currency symbol HR
2026-01-28 16:16:23,178 - dq_advanced - INFO - Cleaned value:After remove currency symbol Sales
2026-01-28 16:16:23,181 - dq_advanced - INFO - Analyzed column 'Department': text with 0 patterns
2026-01-28 16:16:23,182 - dq_advanced - INFO - Before fidning ['15-01-2023', '20-02-2023', '10-03-2023', '15-01-2023', '05-04-2023', '15-01-2023', '12-05-2023', '18-06-2023', '22-07-2023', '30-08-2023', '10-09-2023', '15-10-2023', '20-11-2023', '05-12-2023', '10-01-2024'] data 
2026-01-28 16:16:23,182 - dq_advanced - INFO - Cleaned value:After remove currency symbol 15-01-2023
2026-01-28 16:16:23,183 - dq_advanced - INFO - Cleaned value:After remove currency symbol 20-02-2023
2026-01-28 16:16:23,184 - dq_advanced - INFO - Cleaned value:After remove currency symbol 10-03-2023
2026-01-28 16:16:23,185 - dq_advanced - INFO - Cleaned value:After remove currency symbol 15-01-2023
2026-01-28 16:16:23,186 - dq_advanced - INFO - Cleaned value:After remove currency symbol 05-04-2023
2026-01-28 16:16:23,186 - dq_advanced - INFO - Cleaned value:After remove currency symbol 15-01-2023
2026-01-28 16:16:23,187 - dq_advanced - INFO - Cleaned value:After remove currency symbol 12-05-2023
2026-01-28 16:16:23,188 - dq_advanced - INFO - Cleaned value:After remove currency symbol 18-06-2023
2026-01-28 16:16:23,189 - dq_advanced - INFO - Cleaned value:After remove currency symbol 22-07-2023
2026-01-28 16:16:23,189 - dq_advanced - INFO - Cleaned value:After remove currency symbol 30-08-2023
2026-01-28 16:16:23,190 - dq_advanced - INFO - Cleaned value:After remove currency symbol 10-09-2023
2026-01-28 16:16:23,191 - dq_advanced - INFO - Cleaned value:After remove currency symbol 15-10-2023
2026-01-28 16:16:23,191 - dq_advanced - INFO - Cleaned value:After remove currency symbol 20-11-2023
2026-01-28 16:16:23,192 - dq_advanced - INFO - Cleaned value:After remove currency symbol 05-12-2023
2026-01-28 16:16:23,193 - dq_advanced - INFO - Cleaned value:After remove currency symbol 10-01-2024
2026-01-28 16:16:23,195 - dq_advanced - INFO - Analyzed column 'JoinDate': text with 1 patterns
2026-01-28 16:16:23,197 - dq_advanced - INFO - Analyzed column 'PostalCode': text with 2 patterns
2026-01-28 16:16:23,200 - dq_advanced - INFO - Before fidning ['New York', 'Chicago', 'Boston', 'Seattle', 'Miami', 'New York', 'Atlanta', 'Denver', 'Phoenix', 'Austin', 'Portland', 'Detroit', 'Las Vegas', 'Orlando', 'San Diego'] data 
2026-01-28 16:16:23,201 - dq_advanced - INFO - Cleaned value:After remove currency symbol New York
2026-01-28 16:16:23,202 - dq_advanced - INFO - Cleaned value:After remove currency symbol Chicago
2026-01-28 16:16:23,203 - dq_advanced - INFO - Cleaned value:After remove currency symbol Boston
2026-01-28 16:16:23,204 - dq_advanced - INFO - Cleaned value:After remove currency symbol Seattle
2026-01-28 16:16:23,206 - dq_advanced - INFO - Cleaned value:After remove currency symbol Miami
2026-01-28 16:16:23,206 - dq_advanced - INFO - Cleaned value:After remove currency symbol New York
2026-01-28 16:16:23,207 - dq_advanced - INFO - Cleaned value:After remove currency symbol Atlanta
2026-01-28 16:16:23,208 - dq_advanced - INFO - Cleaned value:After remove currency symbol Denver
2026-01-28 16:16:23,208 - dq_advanced - INFO - Cleaned value:After remove currency symbol Phoenix
2026-01-28 16:16:23,209 - dq_advanced - INFO - Cleaned value:After remove currency symbol Austin
2026-01-28 16:16:23,210 - dq_advanced - INFO - Cleaned value:After remove currency symbol Portland
2026-01-28 16:16:23,210 - dq_advanced - INFO - Cleaned value:After remove currency symbol Detroit
2026-01-28 16:16:23,211 - dq_advanced - INFO - Cleaned value:After remove currency symbol Las Vegas
2026-01-28 16:16:23,212 - dq_advanced - INFO - Cleaned value:After remove currency symbol Orlando
2026-01-28 16:16:23,212 - dq_advanced - INFO - Cleaned value:After remove currency symbol San Diego
2026-01-28 16:16:23,215 - dq_advanced - INFO - Analyzed column 'City': text with 0 patterns
2026-01-28 16:16:23,218 - dq_advanced - INFO - Before fidning ['USA', 'USA', 'USA', 'USA', 'USA', 'USA', 'USA', 'USA', 'USA', 'USA', 'USA', 'USA', 'USA', 'USA', 'USA'] data 
2026-01-28 16:16:23,220 - dq_advanced - INFO - Cleaned value:After remove currency symbol USA
2026-01-28 16:16:23,221 - dq_advanced - INFO - Cleaned value:After remove currency symbol USA
2026-01-28 16:16:23,222 - dq_advanced - INFO - Cleaned value:After remove currency symbol USA
2026-01-28 16:16:23,224 - dq_advanced - INFO - Cleaned value:After remove currency symbol USA
2026-01-28 16:16:23,224 - dq_advanced - INFO - Cleaned value:After remove currency symbol USA
2026-01-28 16:16:23,225 - dq_advanced - INFO - Cleaned value:After remove currency symbol USA
2026-01-28 16:16:23,226 - dq_advanced - INFO - Cleaned value:After remove currency symbol USA
2026-01-28 16:16:23,228 - dq_advanced - INFO - Cleaned value:After remove currency symbol USA
2026-01-28 16:16:23,229 - dq_advanced - INFO - Cleaned value:After remove currency symbol USA
2026-01-28 16:16:23,231 - dq_advanced - INFO - Cleaned value:After remove currency symbol USA
2026-01-28 16:16:23,232 - dq_advanced - INFO - Cleaned value:After remove currency symbol USA
2026-01-28 16:16:23,232 - dq_advanced - INFO - Cleaned value:After remove currency symbol USA
2026-01-28 16:16:23,233 - dq_advanced - INFO - Cleaned value:After remove currency symbol USA
2026-01-28 16:16:23,234 - dq_advanced - INFO - Cleaned value:After remove currency symbol USA
2026-01-28 16:16:23,235 - dq_advanced - INFO - Cleaned value:After remove currency symbol USA
2026-01-28 16:16:23,237 - dq_advanced - INFO - Analyzed column 'Country': text with 1 patterns
2026-01-28 16:16:23,239 - dq_advanced - INFO - Before fidning ['TS', 'AP', 'KL', 'MP', 'KA', 'TS', 'DL', 'JK', 'GJ', 'MB', 'AR', 'AS', 'BR', 'GA'] data 
2026-01-28 16:16:23,240 - dq_advanced - INFO - Cleaned value:After remove currency symbol TS
2026-01-28 16:16:23,241 - dq_advanced - INFO - Cleaned value:After remove currency symbol AP
2026-01-28 16:16:23,242 - dq_advanced - INFO - Cleaned value:After remove currency symbol KL
2026-01-28 16:16:23,243 - dq_advanced - INFO - Cleaned value:After remove currency symbol MP
2026-01-28 16:16:23,243 - dq_advanced - INFO - Cleaned value:After remove currency symbol KA
2026-01-28 16:16:23,244 - dq_advanced - INFO - Cleaned value:After remove currency symbol TS
2026-01-28 16:16:23,245 - dq_advanced - INFO - Cleaned value:After remove currency symbol DL
2026-01-28 16:16:23,245 - dq_advanced - INFO - Cleaned value:After remove currency symbol JK
2026-01-28 16:16:23,246 - dq_advanced - INFO - Cleaned value:After remove currency symbol GJ
2026-01-28 16:16:23,246 - dq_advanced - INFO - Cleaned value:After remove currency symbol MB
2026-01-28 16:16:23,248 - dq_advanced - INFO - Cleaned value:After remove currency symbol AR
2026-01-28 16:16:23,249 - dq_advanced - INFO - Cleaned value:After remove currency symbol AS
2026-01-28 16:16:23,250 - dq_advanced - INFO - Cleaned value:After remove currency symbol BR
2026-01-28 16:16:23,250 - dq_advanced - INFO - Cleaned value:After remove currency symbol GA
2026-01-28 16:16:23,251 - dq_advanced - INFO - Analyzed column 'State': text with 1 patterns
2026-01-28 16:16:23,254 - dq_error_log - INFO - Starting batch logging for 13 errors, session: ADV_20260128_161623_9292
2026-01-28 16:16:23,277 - dq_error_log - INFO - Batch 1: Successfully logged 13 errors
2026-01-28 16:16:23,278 - dq_error_log - INFO - Progress: 13/13 errors processed
2026-01-28 16:16:23,278 - dq_error_log - INFO - COMPLETE: Logged 13/13 errors for session ADV_20260128_161623_9292
2026-01-28 16:16:23,279 - dq_audit - INFO - Audit class initialized with database: dq_checks
2026-01-28 16:16:23,281 - dq_audit - INFO - Starting database insertion for advanced...
2026-01-28 16:16:23,304 - dq_audit - INFO - Inserted advanced record with ID: 834
2026-01-28 16:16:23,305 - dq_advanced - INFO - Audit record logged with ID: 834
2026-01-28 16:16:23,318 - dq_error_log - INFO - Retrieved 13 error logs for session ADV_20260128_161623_9292
2026-01-28 16:16:23,338 - dq_error_log - INFO - Retrieved summary: 13 total errors for session ADV_20260128_161623_9292
2026-01-28 16:16:23,339 - dq_audit - INFO - Audit class initialized with database: dq_checks
2026-01-28 16:16:23,358 - dq_audit - INFO - Retrieved 1 audit logs for session ADV_20260128_161623_9292
2026-01-28 16:16:23,359 - dq_advanced - INFO - Advanced checks completed for session ADV_20260128_161623_9292
2026-01-28 16:16:23,379 - dq_error_log - INFO - Retrieved 13 error logs for session ADV_20260128_161623_9292
2026-01-28 16:16:23,397 - dq_error_log - INFO - Retrieved summary: 13 total errors for session ADV_20260128_161623_9292
2026-01-28 16:16:23,420 - dq_audit - INFO - Retrieved 1 audit logs for session ADV_20260128_161623_9292
2026-01-28 16:16:23,421 - __main__ - INFO - Advanced checks completed for session ADV_20260128_161623_9292
2026-01-28 16:16:23,426 - __main__ - INFO - Completed with status 200 in 0.584s
