2026-02-11 16:20:34,576 - __main__ - INFO - 🌐 API Server Logging Initialized
2026-02-11 16:20:34,577 - __main__ - INFO - 📝 Logs saved to: logs/dq_api_20260211_162034.log
2026-02-11 16:20:34,660 - __main__ - INFO - APP_SETTINGS loaded. Audit enabled: True
2026-02-11 16:20:34,662 - __main__ - INFO - ✅ All DQ modules loaded successfully
2026-02-11 16:20:34,665 - dq_error_log - INFO - ErrorLogger initialized with database: dq_checks
2026-02-11 16:20:34,666 - dq_audit - INFO - Audit class initialized with database: dq_checks
2026-02-11 16:20:34,667 - __main__ - INFO - ✅ ErrorLogger and DataQualityAudit initialized
2026-02-11 16:20:34,681 - __main__ - INFO - 🚀 Starting Data Quality Framework API
2026-02-11 16:20:34,682 - __main__ - INFO - 📊 Modules available: True
2026-02-11 16:20:34,683 - __main__ - INFO - 🔧 Config file mode: False
2026-02-11 16:20:34,684 - __main__ - INFO - 📋 Available endpoints:
2026-02-11 16:20:34,686 - __main__ - INFO -   GET  /              - API status
2026-02-11 16:20:34,686 - __main__ - INFO -   GET  /api/health    - Health check
2026-02-11 16:20:34,687 - __main__ - INFO -   POST /api/check-single - Single source analysis
2026-02-11 16:20:34,688 - __main__ - INFO -   POST /api/compare   - Source-target comparison
2026-02-11 16:20:34,689 - __main__ - INFO -   GET  /api/compare/{id} - Get comparison results
2026-02-11 16:20:34,689 - __main__ - INFO -   GET  /api/compare/{id}/mismatches - Paginated mismatches
2026-02-11 16:20:34,691 - __main__ - INFO -   GET  /api/compare/{id}/rows/count - Row counts
2026-02-11 16:20:34,692 - __main__ - INFO -   POST /api/upload    - File upload
2026-02-11 16:20:34,694 - __main__ - INFO -   GET  /api/sessions  - List sessions
2026-02-11 16:20:34,696 - __main__ - INFO -   GET  /api/sessions/<id> - Get session data
2026-02-11 16:20:34,697 - __main__ - INFO -   GET  /api/debug-db  - Database debug
2026-02-11 16:20:34,698 - __main__ - INFO - 🌍 Server starting on 0.0.0.0:5000 (debug=False)
2026-02-11 16:20:45,400 - __main__ - INFO - POST /api/advanced - Request started
2026-02-11 16:20:45,401 - __main__ - INFO - Advanced checks request received
2026-02-11 16:20:45,402 - __main__ - INFO - DEBUG: Received columns_input: [] (type: <class 'list'>)
2026-02-11 16:20:45,404 - __main__ - INFO - DEBUG: Using as-is: []
2026-02-11 16:20:45,405 - __main__ - INFO - Starting advanced checks for session ADV_20260211_162045_b5930db2
2026-02-11 16:20:45,407 - dq_advanced - INFO - Starting advanced checks in UI/API mode
2026-02-11 16:20:45,408 - dq_advanced - INFO - LOADING DATA FOR ADVANCED CHECKS
2026-02-11 16:20:45,410 - dq_unified - INFO - Prompting user for data source type
2026-02-11 16:20:45,411 - dq_unified - INFO - UI Data source_type: csv
2026-02-11 16:20:45,412 - dq_unified - INFO - Using source_type from UI data: csv
2026-02-11 16:20:45,413 - dq_unified - INFO - Loading data from CSV
2026-02-11 16:20:45,414 - dq_unified - INFO - Loading large CSV: C:/Users/003160/OneDrive - wisseninfotech.com/Documents/DQ-Checks-Shashi/Test_data/source_data_90k.csv
2026-02-11 16:20:45,470 - dq_unified - INFO - CSV file has 92,875 rows
2026-02-11 16:20:45,472 - dq_unified - INFO - Loading 92,875 rows from CSV...
2026-02-11 16:20:45,776 - dq_unified - INFO - Loaded 89,999 rows from CSV
2026-02-11 16:20:46,106 - dq_unified - INFO - Memory optimization: 45.4MB -> 17.1MB (Saved: 28.3MB)
2026-02-11 16:20:46,173 - dq_unified - INFO - Loaded 89,999 rows, 12 columns. Memory: 127.3MB total, 17.1MB for dataframe
2026-02-11 16:20:46,174 - dq_advanced - INFO - Data loaded: 89,999 rows, 12 columns from CSV: source_data_90k.csv
2026-02-11 16:20:46,177 - dq_error_log - INFO - ErrorLogger initialized with database: dq_checks
2026-02-11 16:20:46,378 - dq_error_log - INFO - Database connection successful
2026-02-11 16:20:46,380 - dq_advanced - INFO - Session ID: ADV_20260211_162046_1884
2026-02-11 16:20:46,382 - dq_advanced - INFO - Starting comprehensive validations on 89,999 rows, 12 columns
2026-02-11 16:20:46,394 - dq_advanced - INFO - Memory: 2939MB available, 0.0003MB/row, Optimal batch: 50000 rows
2026-02-11 16:20:46,395 - dq_advanced - INFO - Auto-calculated batch size: 50000 rows
2026-02-11 16:20:46,396 - dq_advanced - INFO - Analyzing 12 columns...
2026-02-11 16:20:46,420 - dq_advanced - INFO - Analyzed column 'id': numeric with 2 patterns
2026-02-11 16:20:46,490 - dq_advanced - INFO - Analyzed column 'customer_id': text with 1 patterns
2026-02-11 16:20:46,579 - dq_advanced - INFO - Analyzed column 'transaction_id': text with 1 patterns
2026-02-11 16:20:46,643 - dq_advanced - INFO - Analyzed column 'customer_name': text with 0 patterns
2026-02-11 16:20:46,717 - dq_advanced - INFO - Analyzed column 'email': text with 1 patterns
2026-02-11 16:20:46,792 - dq_advanced - INFO - Analyzed column 'phone': text with 2 patterns
2026-02-11 16:20:46,853 - dq_advanced - INFO - Analyzed column 'transaction_date': text with 1 patterns
2026-02-11 16:20:46,886 - dq_advanced - INFO - Analyzed column 'amount': numeric with 0 patterns
2026-02-11 16:20:46,906 - dq_advanced - INFO - Analyzed column 'quantity': numeric with 1 patterns
2026-02-11 16:20:46,955 - dq_advanced - INFO - Analyzed column 'age': numeric with 2 patterns
2026-02-11 16:20:47,107 - dq_advanced - INFO - Analyzed column 'status': text with 0 patterns
2026-02-11 16:20:47,252 - dq_advanced - INFO - Analyzed column 'description': text with 0 patterns
2026-02-11 16:20:56,529 - dq_error_log - INFO - Starting batch logging for 69252 errors, session: ADV_20260211_162046_1884
2026-02-11 16:20:56,684 - dq_error_log - INFO - Batch 1: Successfully logged 500 errors
2026-02-11 16:20:56,821 - dq_error_log - INFO - Batch 2: Successfully logged 500 errors
2026-02-11 16:20:56,965 - dq_error_log - INFO - Batch 3: Successfully logged 500 errors
2026-02-11 16:20:57,104 - dq_error_log - INFO - Batch 4: Successfully logged 500 errors
2026-02-11 16:20:57,237 - dq_error_log - INFO - Batch 5: Successfully logged 500 errors
2026-02-11 16:20:57,455 - dq_error_log - INFO - Batch 6: Successfully logged 500 errors
2026-02-11 16:20:57,608 - dq_error_log - INFO - Batch 7: Successfully logged 500 errors
2026-02-11 16:20:57,770 - dq_error_log - INFO - Batch 8: Successfully logged 500 errors
2026-02-11 16:20:57,918 - dq_error_log - INFO - Batch 9: Successfully logged 500 errors
2026-02-11 16:20:58,066 - dq_error_log - INFO - Batch 10: Successfully logged 500 errors
2026-02-11 16:20:58,067 - dq_error_log - INFO - Progress: 5000/69252 errors processed
2026-02-11 16:20:58,206 - dq_error_log - INFO - Batch 11: Successfully logged 500 errors
2026-02-11 16:20:58,339 - dq_error_log - INFO - Batch 12: Successfully logged 500 errors
2026-02-11 16:20:58,486 - dq_error_log - INFO - Batch 13: Successfully logged 500 errors
2026-02-11 16:20:58,638 - dq_error_log - INFO - Batch 14: Successfully logged 500 errors
2026-02-11 16:20:58,774 - dq_error_log - INFO - Batch 15: Successfully logged 500 errors
2026-02-11 16:20:58,925 - dq_error_log - INFO - Batch 16: Successfully logged 500 errors
2026-02-11 16:20:59,069 - dq_error_log - INFO - Batch 17: Successfully logged 500 errors
2026-02-11 16:20:59,204 - dq_error_log - INFO - Batch 18: Successfully logged 500 errors
2026-02-11 16:20:59,336 - dq_error_log - INFO - Batch 19: Successfully logged 500 errors
2026-02-11 16:20:59,545 - dq_error_log - INFO - Batch 20: Successfully logged 500 errors
2026-02-11 16:20:59,547 - dq_error_log - INFO - Progress: 10000/69252 errors processed
2026-02-11 16:20:59,917 - dq_error_log - INFO - Batch 21: Successfully logged 500 errors
2026-02-11 16:21:00,058 - dq_error_log - INFO - Batch 22: Successfully logged 500 errors
2026-02-11 16:21:00,198 - dq_error_log - INFO - Batch 23: Successfully logged 500 errors
2026-02-11 16:21:00,339 - dq_error_log - INFO - Batch 24: Successfully logged 500 errors
2026-02-11 16:21:00,484 - dq_error_log - INFO - Batch 25: Successfully logged 500 errors
2026-02-11 16:21:00,631 - dq_error_log - INFO - Batch 26: Successfully logged 500 errors
2026-02-11 16:21:00,779 - dq_error_log - INFO - Batch 27: Successfully logged 500 errors
2026-02-11 16:21:00,910 - dq_error_log - INFO - Batch 28: Successfully logged 500 errors
2026-02-11 16:21:01,058 - dq_error_log - INFO - Batch 29: Successfully logged 500 errors
2026-02-11 16:21:01,186 - dq_error_log - INFO - Batch 30: Successfully logged 500 errors
2026-02-11 16:21:01,187 - dq_error_log - INFO - Progress: 15000/69252 errors processed
2026-02-11 16:21:01,324 - dq_error_log - INFO - Batch 31: Successfully logged 500 errors
2026-02-11 16:21:01,478 - dq_error_log - INFO - Batch 32: Successfully logged 500 errors
2026-02-11 16:21:01,630 - dq_error_log - INFO - Batch 33: Successfully logged 500 errors
2026-02-11 16:21:01,805 - dq_error_log - INFO - Batch 34: Successfully logged 500 errors
2026-02-11 16:21:01,948 - dq_error_log - INFO - Batch 35: Successfully logged 500 errors
2026-02-11 16:21:02,084 - dq_error_log - INFO - Batch 36: Successfully logged 500 errors
2026-02-11 16:21:02,229 - dq_error_log - INFO - Batch 37: Successfully logged 500 errors
2026-02-11 16:21:02,368 - dq_error_log - INFO - Batch 38: Successfully logged 500 errors
2026-02-11 16:21:02,513 - dq_error_log - INFO - Batch 39: Successfully logged 500 errors
2026-02-11 16:21:02,654 - dq_error_log - INFO - Batch 40: Successfully logged 500 errors
2026-02-11 16:21:02,655 - dq_error_log - INFO - Progress: 20000/69252 errors processed
2026-02-11 16:21:02,794 - dq_error_log - INFO - Batch 41: Successfully logged 500 errors
2026-02-11 16:21:02,924 - dq_error_log - INFO - Batch 42: Successfully logged 500 errors
2026-02-11 16:21:03,067 - dq_error_log - INFO - Batch 43: Successfully logged 500 errors
2026-02-11 16:21:03,203 - dq_error_log - INFO - Batch 44: Successfully logged 500 errors
2026-02-11 16:21:03,338 - dq_error_log - INFO - Batch 45: Successfully logged 500 errors
2026-02-11 16:21:03,479 - dq_error_log - INFO - Batch 46: Successfully logged 500 errors
2026-02-11 16:21:03,614 - dq_error_log - INFO - Batch 47: Successfully logged 500 errors
2026-02-11 16:21:03,801 - dq_error_log - INFO - Batch 48: Successfully logged 500 errors
2026-02-11 16:21:04,001 - dq_error_log - INFO - Batch 49: Successfully logged 500 errors
2026-02-11 16:21:04,173 - dq_error_log - INFO - Batch 50: Successfully logged 500 errors
2026-02-11 16:21:04,175 - dq_error_log - INFO - Progress: 25000/69252 errors processed
2026-02-11 16:21:04,364 - dq_error_log - INFO - Batch 51: Successfully logged 500 errors
2026-02-11 16:21:04,504 - dq_error_log - INFO - Batch 52: Successfully logged 500 errors
2026-02-11 16:21:04,635 - dq_error_log - INFO - Batch 53: Successfully logged 500 errors
2026-02-11 16:21:04,790 - dq_error_log - INFO - Batch 54: Successfully logged 500 errors
2026-02-11 16:21:04,931 - dq_error_log - INFO - Batch 55: Successfully logged 500 errors
2026-02-11 16:21:05,066 - dq_error_log - INFO - Batch 56: Successfully logged 500 errors
2026-02-11 16:21:05,209 - dq_error_log - INFO - Batch 57: Successfully logged 500 errors
2026-02-11 16:21:05,348 - dq_error_log - INFO - Batch 58: Successfully logged 500 errors
2026-02-11 16:21:05,489 - dq_error_log - INFO - Batch 59: Successfully logged 500 errors
2026-02-11 16:21:05,629 - dq_error_log - INFO - Batch 60: Successfully logged 500 errors
2026-02-11 16:21:05,630 - dq_error_log - INFO - Progress: 30000/69252 errors processed
2026-02-11 16:21:05,779 - dq_error_log - INFO - Batch 61: Successfully logged 500 errors
2026-02-11 16:21:05,948 - dq_error_log - INFO - Batch 62: Successfully logged 500 errors
2026-02-11 16:21:06,091 - dq_error_log - INFO - Batch 63: Successfully logged 500 errors
2026-02-11 16:21:06,225 - dq_error_log - INFO - Batch 64: Successfully logged 500 errors
2026-02-11 16:21:06,363 - dq_error_log - INFO - Batch 65: Successfully logged 500 errors
2026-02-11 16:21:06,515 - dq_error_log - INFO - Batch 66: Successfully logged 500 errors
2026-02-11 16:21:06,662 - dq_error_log - INFO - Batch 67: Successfully logged 500 errors
2026-02-11 16:21:06,799 - dq_error_log - INFO - Batch 68: Successfully logged 500 errors
2026-02-11 16:21:06,942 - dq_error_log - INFO - Batch 69: Successfully logged 500 errors
2026-02-11 16:21:07,078 - dq_error_log - INFO - Batch 70: Successfully logged 500 errors
2026-02-11 16:21:07,079 - dq_error_log - INFO - Progress: 35000/69252 errors processed
2026-02-11 16:21:07,217 - dq_error_log - INFO - Batch 71: Successfully logged 500 errors
2026-02-11 16:21:07,358 - dq_error_log - INFO - Batch 72: Successfully logged 500 errors
2026-02-11 16:21:07,512 - dq_error_log - INFO - Batch 73: Successfully logged 500 errors
2026-02-11 16:21:07,659 - dq_error_log - INFO - Batch 74: Successfully logged 500 errors
2026-02-11 16:21:07,796 - dq_error_log - INFO - Batch 75: Successfully logged 500 errors
2026-02-11 16:21:07,996 - dq_error_log - INFO - Batch 76: Successfully logged 500 errors
2026-02-11 16:21:08,140 - dq_error_log - INFO - Batch 77: Successfully logged 500 errors
2026-02-11 16:21:08,272 - dq_error_log - INFO - Batch 78: Successfully logged 500 errors
2026-02-11 16:21:08,413 - dq_error_log - INFO - Batch 79: Successfully logged 500 errors
2026-02-11 16:21:08,548 - dq_error_log - INFO - Batch 80: Successfully logged 500 errors
2026-02-11 16:21:08,549 - dq_error_log - INFO - Progress: 40000/69252 errors processed
2026-02-11 16:21:08,686 - dq_error_log - INFO - Batch 81: Successfully logged 500 errors
2026-02-11 16:21:08,832 - dq_error_log - INFO - Batch 82: Successfully logged 500 errors
2026-02-11 16:21:08,968 - dq_error_log - INFO - Batch 83: Successfully logged 500 errors
2026-02-11 16:21:09,099 - dq_error_log - INFO - Batch 84: Successfully logged 500 errors
2026-02-11 16:21:09,232 - dq_error_log - INFO - Batch 85: Successfully logged 500 errors
2026-02-11 16:21:09,373 - dq_error_log - INFO - Batch 86: Successfully logged 500 errors
2026-02-11 16:21:09,523 - dq_error_log - INFO - Batch 87: Successfully logged 500 errors
2026-02-11 16:21:09,677 - dq_error_log - INFO - Batch 88: Successfully logged 500 errors
2026-02-11 16:21:09,821 - dq_error_log - INFO - Batch 89: Successfully logged 500 errors
2026-02-11 16:21:10,012 - dq_error_log - INFO - Batch 90: Successfully logged 500 errors
2026-02-11 16:21:10,013 - dq_error_log - INFO - Progress: 45000/69252 errors processed
2026-02-11 16:21:10,149 - dq_error_log - INFO - Batch 91: Successfully logged 500 errors
2026-02-11 16:21:10,293 - dq_error_log - INFO - Batch 92: Successfully logged 500 errors
2026-02-11 16:21:10,448 - dq_error_log - INFO - Batch 93: Successfully logged 500 errors
2026-02-11 16:21:10,588 - dq_error_log - INFO - Batch 94: Successfully logged 500 errors
2026-02-11 16:21:10,731 - dq_error_log - INFO - Batch 95: Successfully logged 500 errors
2026-02-11 16:21:10,875 - dq_error_log - INFO - Batch 96: Successfully logged 500 errors
2026-02-11 16:21:11,013 - dq_error_log - INFO - Batch 97: Successfully logged 500 errors
2026-02-11 16:21:11,138 - dq_error_log - INFO - Batch 98: Successfully logged 500 errors
2026-02-11 16:21:11,293 - dq_error_log - INFO - Batch 99: Successfully logged 500 errors
2026-02-11 16:21:11,428 - dq_error_log - INFO - Batch 100: Successfully logged 500 errors
2026-02-11 16:21:11,430 - dq_error_log - INFO - Progress: 50000/69252 errors processed
2026-02-11 16:21:11,567 - dq_error_log - INFO - Batch 101: Successfully logged 500 errors
2026-02-11 16:21:11,715 - dq_error_log - INFO - Batch 102: Successfully logged 500 errors
2026-02-11 16:21:11,853 - dq_error_log - INFO - Batch 103: Successfully logged 500 errors
2026-02-11 16:21:12,038 - dq_error_log - INFO - Batch 104: Successfully logged 500 errors
2026-02-11 16:21:12,173 - dq_error_log - INFO - Batch 105: Successfully logged 500 errors
2026-02-11 16:21:12,313 - dq_error_log - INFO - Batch 106: Successfully logged 500 errors
2026-02-11 16:21:12,455 - dq_error_log - INFO - Batch 107: Successfully logged 500 errors
2026-02-11 16:21:12,598 - dq_error_log - INFO - Batch 108: Successfully logged 500 errors
2026-02-11 16:21:12,739 - dq_error_log - INFO - Batch 109: Successfully logged 500 errors
2026-02-11 16:21:12,882 - dq_error_log - INFO - Batch 110: Successfully logged 500 errors
2026-02-11 16:21:12,884 - dq_error_log - INFO - Progress: 55000/69252 errors processed
2026-02-11 16:21:13,023 - dq_error_log - INFO - Batch 111: Successfully logged 500 errors
2026-02-11 16:21:13,166 - dq_error_log - INFO - Batch 112: Successfully logged 500 errors
2026-02-11 16:21:13,313 - dq_error_log - INFO - Batch 113: Successfully logged 500 errors
2026-02-11 16:21:13,453 - dq_error_log - INFO - Batch 114: Successfully logged 500 errors
2026-02-11 16:21:13,595 - dq_error_log - INFO - Batch 115: Successfully logged 500 errors
2026-02-11 16:21:13,746 - dq_error_log - INFO - Batch 116: Successfully logged 500 errors
2026-02-11 16:21:13,885 - dq_error_log - INFO - Batch 117: Successfully logged 500 errors
2026-02-11 16:21:14,014 - dq_error_log - INFO - Batch 118: Successfully logged 500 errors
2026-02-11 16:21:14,170 - dq_error_log - INFO - Batch 119: Successfully logged 500 errors
2026-02-11 16:21:14,300 - dq_error_log - INFO - Batch 120: Successfully logged 500 errors
2026-02-11 16:21:14,301 - dq_error_log - INFO - Progress: 60000/69252 errors processed
2026-02-11 16:21:14,441 - dq_error_log - INFO - Batch 121: Successfully logged 500 errors
2026-02-11 16:21:14,584 - dq_error_log - INFO - Batch 122: Successfully logged 500 errors
2026-02-11 16:21:14,802 - dq_error_log - INFO - Batch 123: Successfully logged 500 errors
2026-02-11 16:21:14,969 - dq_error_log - INFO - Batch 124: Successfully logged 500 errors
2026-02-11 16:21:15,126 - dq_error_log - INFO - Batch 125: Successfully logged 500 errors
2026-02-11 16:21:15,275 - dq_error_log - INFO - Batch 126: Successfully logged 500 errors
2026-02-11 16:21:15,414 - dq_error_log - INFO - Batch 127: Successfully logged 500 errors
2026-02-11 16:21:15,581 - dq_error_log - INFO - Batch 128: Successfully logged 500 errors
2026-02-11 16:21:15,717 - dq_error_log - INFO - Batch 129: Successfully logged 500 errors
2026-02-11 16:21:15,856 - dq_error_log - INFO - Batch 130: Successfully logged 500 errors
2026-02-11 16:21:15,857 - dq_error_log - INFO - Progress: 65000/69252 errors processed
2026-02-11 16:21:15,992 - dq_error_log - INFO - Batch 131: Successfully logged 500 errors
2026-02-11 16:21:16,129 - dq_error_log - INFO - Batch 132: Successfully logged 500 errors
2026-02-11 16:21:16,308 - dq_error_log - INFO - Batch 133: Successfully logged 500 errors
2026-02-11 16:21:16,453 - dq_error_log - INFO - Batch 134: Successfully logged 500 errors
2026-02-11 16:21:16,595 - dq_error_log - INFO - Batch 135: Successfully logged 500 errors
2026-02-11 16:21:16,728 - dq_error_log - INFO - Batch 136: Successfully logged 500 errors
2026-02-11 16:21:16,869 - dq_error_log - INFO - Batch 137: Successfully logged 500 errors
2026-02-11 16:21:16,998 - dq_error_log - INFO - Batch 138: Successfully logged 500 errors
2026-02-11 16:21:17,080 - dq_error_log - INFO - Batch 139: Successfully logged 252 errors
2026-02-11 16:21:17,081 - dq_error_log - INFO - Progress: 69252/69252 errors processed
2026-02-11 16:21:17,082 - dq_error_log - INFO - COMPLETE: Logged 69252/69252 errors for session ADV_20260211_162046_1884
2026-02-11 16:21:17,084 - dq_audit - INFO - Audit class initialized with database: dq_checks
2026-02-11 16:21:17,085 - dq_audit - INFO - Starting database insertion for advanced...
2026-02-11 16:21:17,113 - dq_audit - INFO - Inserted advanced record with ID: 923
2026-02-11 16:21:17,114 - dq_advanced - INFO - Audit record logged with ID: 923
2026-02-11 16:21:17,800 - dq_error_log - INFO - Retrieved 100 error logs for session ADV_20260211_162046_1884
2026-02-11 16:21:18,692 - dq_error_log - INFO - Retrieved summary: 69252 total errors for session ADV_20260211_162046_1884
2026-02-11 16:21:18,693 - dq_audit - INFO - Audit class initialized with database: dq_checks
2026-02-11 16:21:18,717 - dq_audit - INFO - Retrieved 1 audit logs for session ADV_20260211_162046_1884
2026-02-11 16:21:18,718 - dq_advanced - INFO - Advanced checks completed for session ADV_20260211_162046_1884
2026-02-11 16:21:19,350 - dq_error_log - INFO - Retrieved 100 error logs for session ADV_20260211_162046_1884
2026-02-11 16:21:20,270 - dq_error_log - INFO - Retrieved summary: 69252 total errors for session ADV_20260211_162046_1884
2026-02-11 16:21:20,290 - dq_audit - INFO - Retrieved 1 audit logs for session ADV_20260211_162046_1884
2026-02-11 16:21:20,291 - __main__ - INFO - Advanced checks completed for session ADV_20260211_162046_1884
2026-02-11 16:21:20,297 - __main__ - INFO - Completed with status 200 in 34.897s
2026-02-11 16:22:29,880 - __main__ - INFO - POST /api/advanced - Request started
2026-02-11 16:22:29,881 - __main__ - INFO - Advanced checks request received
2026-02-11 16:22:29,882 - __main__ - INFO - DEBUG: Received columns_input: [] (type: <class 'list'>)
2026-02-11 16:22:29,883 - __main__ - INFO - DEBUG: Using as-is: []
2026-02-11 16:22:29,884 - __main__ - INFO - Starting advanced checks for session ADV_20260211_162229_8569e260
2026-02-11 16:22:29,886 - dq_advanced - INFO - Starting advanced checks in UI/API mode
2026-02-11 16:22:29,887 - dq_advanced - INFO - LOADING DATA FOR ADVANCED CHECKS
2026-02-11 16:22:29,888 - dq_unified - INFO - Prompting user for data source type
2026-02-11 16:22:29,890 - dq_unified - INFO - UI Data source_type: csv
2026-02-11 16:22:29,890 - dq_unified - INFO - Using source_type from UI data: csv
2026-02-11 16:22:29,892 - dq_unified - INFO - Loading data from CSV
2026-02-11 16:22:29,892 - dq_unified - INFO - Loading large CSV: C:/Users/003160/OneDrive - wisseninfotech.com/Documents/DQ-Checks-Shashi/Test_data/source_data_90k.xlsx
2026-02-11 16:22:29,898 - dq_unified - ERROR - Error loading large CSV: 'utf-8' codec can't decode bytes in position 15-16: invalid continuation byte
Traceback (most recent call last):
  File "C:\Users\003160\OneDrive - wisseninfotech.com\Documents\DQ-Checks-Shashi\Data_Quality_Framework\dq_unified.py", line 126, in load_large_csv
    total_rows = sum(1 for _ in f) - 1
                 ^^^^^^^^^^^^^^^^^
  File "C:\Users\003160\OneDrive - wisseninfotech.com\Documents\DQ-Checks-Shashi\Data_Quality_Framework\dq_unified.py", line 126, in <genexpr>
    total_rows = sum(1 for _ in f) - 1
                    ^^^^^^^^^^^^^^
  File "<frozen codecs>", line 322, in decode
UnicodeDecodeError: 'utf-8' codec can't decode bytes in position 15-16: invalid continuation byte
2026-02-11 16:22:29,904 - dq_unified - ERROR - Error loading data from csv: 'utf-8' codec can't decode bytes in position 15-16: invalid continuation byte
Traceback (most recent call last):
  File "C:\Users\003160\OneDrive - wisseninfotech.com\Documents\DQ-Checks-Shashi\Data_Quality_Framework\dq_unified.py", line 1221, in load_data_from_source
    df = LargeDatasetHandler.load_large_csv(source_config, max_rows=max_rows)
         ^^^^^^^^^^^^^^^^^^^^^^^^^^^^^^^^^^^^^^^^^^^^^^^^^^^^^^^^^^^^^^^^^^^^
  File "C:\Users\003160\OneDrive - wisseninfotech.com\Documents\DQ-Checks-Shashi\Data_Quality_Framework\dq_unified.py", line 126, in load_large_csv
    total_rows = sum(1 for _ in f) - 1
                 ^^^^^^^^^^^^^^^^^
  File "C:\Users\003160\OneDrive - wisseninfotech.com\Documents\DQ-Checks-Shashi\Data_Quality_Framework\dq_unified.py", line 126, in <genexpr>
    total_rows = sum(1 for _ in f) - 1
                    ^^^^^^^^^^^^^^
  File "<frozen codecs>", line 322, in decode
UnicodeDecodeError: 'utf-8' codec can't decode bytes in position 15-16: invalid continuation byte
2026-02-11 16:22:29,906 - dq_advanced - ERROR - Failed to load data
2026-02-11 16:22:29,907 - __main__ - WARNING - Advanced checks completed with errors: No data loaded or dataset is empty
2026-02-11 16:22:29,908 - __main__ - INFO - Completed with status 200 in 0.028s
2026-02-11 16:23:23,307 - __main__ - INFO - POST /api/advanced - Request started
2026-02-11 16:23:23,308 - __main__ - INFO - Advanced checks request received
2026-02-11 16:23:23,310 - __main__ - INFO - DEBUG: Received columns_input: [] (type: <class 'list'>)
2026-02-11 16:23:23,311 - __main__ - INFO - DEBUG: Using as-is: []
2026-02-11 16:23:23,312 - __main__ - INFO - Starting advanced checks for session ADV_20260211_162323_f2d169c7
2026-02-11 16:23:23,313 - dq_advanced - INFO - Starting advanced checks in UI/API mode
2026-02-11 16:23:23,313 - dq_advanced - INFO - LOADING DATA FOR ADVANCED CHECKS
2026-02-11 16:23:23,314 - dq_unified - INFO - Prompting user for data source type
2026-02-11 16:23:23,316 - dq_unified - INFO - UI Data source_type: xlsx
2026-02-11 16:23:23,316 - dq_unified - INFO - Using source_type from UI data: xlsx
2026-02-11 16:23:23,318 - dq_unified - INFO - User selected source type: 1
2026-02-11 16:23:23,319 - input_handler - WARNING - Required field 'file_path' not provided in UI mode, using empty string
2026-02-11 16:23:23,320 - dq_unified - INFO - Loading data from CSV
2026-02-11 16:23:23,322 - dq_unified - INFO - Loading large CSV: 
2026-02-11 16:23:23,323 - dq_unified - ERROR - Error loading large CSV: [Errno 2] No such file or directory: ''
Traceback (most recent call last):
  File "C:\Users\003160\OneDrive - wisseninfotech.com\Documents\DQ-Checks-Shashi\Data_Quality_Framework\dq_unified.py", line 125, in load_large_csv
    with open(file_path, 'r', encoding='utf-8') as f:
         ^^^^^^^^^^^^^^^^^^^^^^^^^^^^^^^^^^^^^^
FileNotFoundError: [Errno 2] No such file or directory: ''
2026-02-11 16:23:23,326 - dq_unified - ERROR - Error loading data from csv: [Errno 2] No such file or directory: ''
Traceback (most recent call last):
  File "C:\Users\003160\OneDrive - wisseninfotech.com\Documents\DQ-Checks-Shashi\Data_Quality_Framework\dq_unified.py", line 1221, in load_data_from_source
    df = LargeDatasetHandler.load_large_csv(source_config, max_rows=max_rows)
         ^^^^^^^^^^^^^^^^^^^^^^^^^^^^^^^^^^^^^^^^^^^^^^^^^^^^^^^^^^^^^^^^^^^^
  File "C:\Users\003160\OneDrive - wisseninfotech.com\Documents\DQ-Checks-Shashi\Data_Quality_Framework\dq_unified.py", line 125, in load_large_csv
    with open(file_path, 'r', encoding='utf-8') as f:
         ^^^^^^^^^^^^^^^^^^^^^^^^^^^^^^^^^^^^^^
FileNotFoundError: [Errno 2] No such file or directory: ''
2026-02-11 16:23:23,327 - dq_advanced - ERROR - Failed to load data
2026-02-11 16:23:23,328 - __main__ - WARNING - Advanced checks completed with errors: No data loaded or dataset is empty
2026-02-11 16:23:23,329 - __main__ - INFO - Completed with status 200 in 0.022s
2026-02-11 16:28:26,943 - __main__ - INFO - GET /api/advanced/ADV_20260211_162045_b5930db2 - Request started
2026-02-11 16:28:46,156 - dq_error_log - INFO - Retrieved 0 error logs for session ADV_20260211_162045_b5930db2
2026-02-11 16:28:46,159 - __main__ - INFO - Completed with status 200 in 19.216s
2026-02-11 16:28:46,485 - __main__ - INFO - GET /api/advanced/ADV_20260211_162045_b5930db2 - Request started
2026-02-11 16:28:46,502 - dq_error_log - INFO - Retrieved 0 error logs for session ADV_20260211_162045_b5930db2
2026-02-11 16:28:46,504 - __main__ - INFO - Completed with status 200 in 0.018s
2026-02-11 16:28:46,829 - __main__ - INFO - GET /api/advanced/ADV_20260211_162045_b5930db2 - Request started
2026-02-11 16:28:46,845 - dq_error_log - INFO - Retrieved 0 error logs for session ADV_20260211_162045_b5930db2
2026-02-11 16:28:46,848 - __main__ - INFO - Completed with status 200 in 0.019s
2026-02-11 16:28:47,169 - __main__ - INFO - GET /api/advanced/ADV_20260211_162045_b5930db2 - Request started
2026-02-11 16:28:47,170 - __main__ - INFO - Completed with status 200 in 0.001s
2026-02-11 16:28:47,529 - __main__ - INFO - GET /api/advanced/ADV_20260211_162045_b5930db2 - Request started
2026-02-11 16:28:47,536 - __main__ - INFO - Completed with status 200 in 0.007s
2026-02-11 16:29:50,617 - __main__ - INFO - GET /api/advanced/ADV_20260211_162045_b5930db2 - Request started
2026-02-11 16:29:50,630 - dq_error_log - INFO - Retrieved 0 error logs for session ADV_20260211_162045_b5930db2
2026-02-11 16:29:50,632 - __main__ - INFO - Completed with status 200 in 0.015s
2026-02-11 16:29:50,977 - __main__ - INFO - GET /api/advanced/ADV_20260211_162045_b5930db2 - Request started
2026-02-11 16:29:50,990 - dq_error_log - INFO - Retrieved 0 error logs for session ADV_20260211_162045_b5930db2
2026-02-11 16:29:50,991 - __main__ - INFO - Completed with status 200 in 0.014s
2026-02-11 16:29:51,334 - __main__ - INFO - GET /api/advanced/ADV_20260211_162045_b5930db2 - Request started
2026-02-11 16:29:51,346 - dq_error_log - INFO - Retrieved 0 error logs for session ADV_20260211_162045_b5930db2
2026-02-11 16:29:51,349 - __main__ - INFO - Completed with status 200 in 0.015s
2026-02-11 16:29:51,688 - __main__ - INFO - GET /api/advanced/ADV_20260211_162045_b5930db2 - Request started
2026-02-11 16:29:51,690 - __main__ - INFO - Completed with status 200 in 0.001s
2026-02-11 16:30:28,299 - __main__ - INFO - GET /api/advanced/ADV_20260211_162045_b5930db2 - Request started
2026-02-11 16:30:28,302 - __main__ - INFO - Completed with status 200 in 0.003s
