2026-02-11 16:47:24,742 - __main__ - INFO - 🌐 API Server Logging Initialized
2026-02-11 16:47:24,743 - __main__ - INFO - 📝 Logs saved to: logs/dq_api_20260211_164724.log
2026-02-11 16:47:24,794 - __main__ - INFO - APP_SETTINGS loaded. Audit enabled: True
2026-02-11 16:47:24,795 - __main__ - INFO - ✅ All DQ modules loaded successfully
2026-02-11 16:47:24,796 - dq_error_log - INFO - ErrorLogger initialized with database: dq_checks
2026-02-11 16:47:24,796 - dq_audit - INFO - Audit class initialized with database: dq_checks
2026-02-11 16:47:24,798 - __main__ - INFO - ✅ ErrorLogger and DataQualityAudit initialized
2026-02-11 16:47:24,810 - __main__ - INFO - 🚀 Starting Data Quality Framework API
2026-02-11 16:47:24,811 - __main__ - INFO - 📊 Modules available: True
2026-02-11 16:47:24,812 - __main__ - INFO - 🔧 Config file mode: False
2026-02-11 16:47:24,813 - __main__ - INFO - 📋 Available endpoints:
2026-02-11 16:47:24,813 - __main__ - INFO -   GET  /              - API status
2026-02-11 16:47:24,814 - __main__ - INFO -   GET  /api/health    - Health check
2026-02-11 16:47:24,815 - __main__ - INFO -   POST /api/check-single - Single source analysis
2026-02-11 16:47:24,816 - __main__ - INFO -   POST /api/compare   - Source-target comparison
2026-02-11 16:47:24,816 - __main__ - INFO -   GET  /api/compare/{id} - Get comparison results
2026-02-11 16:47:24,817 - __main__ - INFO -   GET  /api/compare/{id}/mismatches - Paginated mismatches
2026-02-11 16:47:24,817 - __main__ - INFO -   GET  /api/compare/{id}/rows/count - Row counts
2026-02-11 16:47:24,819 - __main__ - INFO -   POST /api/upload    - File upload
2026-02-11 16:47:24,819 - __main__ - INFO -   GET  /api/sessions  - List sessions
2026-02-11 16:47:24,820 - __main__ - INFO -   GET  /api/sessions/<id> - Get session data
2026-02-11 16:47:24,821 - __main__ - INFO -   GET  /api/debug-db  - Database debug
2026-02-11 16:47:24,821 - __main__ - INFO - 🌍 Server starting on 0.0.0.0:5000 (debug=False)
2026-02-11 16:47:30,278 - __main__ - INFO - POST /api/advanced - Request started
2026-02-11 16:47:30,279 - __main__ - INFO - Advanced checks request received
2026-02-11 16:47:30,280 - __main__ - INFO - DEBUG: Received columns_input: [] (type: <class 'list'>)
2026-02-11 16:47:30,281 - __main__ - INFO - DEBUG: Using as-is: []
2026-02-11 16:47:30,282 - __main__ - INFO - Starting advanced checks for session ADV_20260211_164730_0430dca9
2026-02-11 16:47:30,282 - dq_advanced - INFO - Starting advanced checks in UI/API mode
2026-02-11 16:47:30,283 - dq_advanced - INFO - LOADING DATA FOR ADVANCED CHECKS
2026-02-11 16:47:30,284 - dq_unified - INFO - Prompting user for data source type
2026-02-11 16:47:30,284 - dq_unified - INFO - UI Data source_type: csv
2026-02-11 16:47:30,285 - dq_unified - INFO - Using source_type from UI data: csv
2026-02-11 16:47:30,285 - dq_unified - INFO - Loading data from CSV
2026-02-11 16:47:30,286 - dq_unified - INFO - Loading large CSV: C:/Users/003160/OneDrive - wisseninfotech.com/Documents/DQ-Checks-Shashi/Test_data/source_data_90k.csv
2026-02-11 16:47:30,337 - dq_unified - INFO - CSV file has 92,875 rows
2026-02-11 16:47:30,338 - dq_unified - INFO - Loading 92,875 rows from CSV...
2026-02-11 16:47:30,602 - dq_unified - INFO - Loaded 89,999 rows from CSV
2026-02-11 16:47:30,951 - dq_unified - INFO - Memory optimization: 45.4MB -> 17.1MB (Saved: 28.3MB)
2026-02-11 16:47:31,015 - dq_unified - INFO - Loaded 89,999 rows, 12 columns. Memory: 127.2MB total, 17.1MB for dataframe
2026-02-11 16:47:31,016 - dq_advanced - INFO - Data loaded: 89,999 rows, 12 columns from CSV: source_data_90k.csv
2026-02-11 16:47:31,016 - dq_error_log - INFO - ErrorLogger initialized with database: dq_checks
2026-02-11 16:47:31,135 - dq_error_log - INFO - Database connection successful
2026-02-11 16:47:31,136 - dq_advanced - INFO - Session ID: ADV_20260211_164731_7761
2026-02-11 16:47:31,137 - dq_advanced - INFO - Starting comprehensive validations on 89,999 rows, 12 columns
2026-02-11 16:47:31,145 - dq_advanced - INFO - Memory: 2359MB available, 0.0003MB/row, Optimal batch: 50000 rows
2026-02-11 16:47:31,146 - dq_advanced - INFO - Auto-calculated batch size: 50000 rows
2026-02-11 16:47:31,147 - dq_advanced - INFO - Analyzing 12 columns...
2026-02-11 16:47:31,156 - dq_advanced - INFO - Analyzed column 'id': numeric with 2 patterns
2026-02-11 16:47:31,215 - dq_advanced - INFO - Analyzed column 'customer_id': text with 1 patterns
2026-02-11 16:47:31,281 - dq_advanced - INFO - Analyzed column 'transaction_id': text with 1 patterns
2026-02-11 16:47:31,331 - dq_advanced - INFO - Analyzed column 'customer_name': text with 0 patterns
2026-02-11 16:47:31,395 - dq_advanced - INFO - Analyzed column 'email': text with 1 patterns
2026-02-11 16:47:31,457 - dq_advanced - INFO - Analyzed column 'phone': text with 2 patterns
2026-02-11 16:47:31,497 - dq_advanced - INFO - Analyzed column 'transaction_date': text with 1 patterns
2026-02-11 16:47:31,515 - dq_advanced - INFO - Analyzed column 'amount': numeric with 0 patterns
2026-02-11 16:47:31,522 - dq_advanced - INFO - Analyzed column 'quantity': numeric with 1 patterns
2026-02-11 16:47:31,528 - dq_advanced - INFO - Analyzed column 'age': numeric with 2 patterns
2026-02-11 16:47:31,569 - dq_advanced - INFO - Analyzed column 'status': text with 0 patterns
2026-02-11 16:47:31,625 - dq_advanced - INFO - Analyzed column 'description': text with 0 patterns
2026-02-11 16:47:35,909 - dq_error_log - INFO - Starting batch logging for 69252 errors, session: ADV_20260211_164731_7761
2026-02-11 16:47:35,982 - dq_error_log - INFO - Batch 1: Successfully logged 500 errors
2026-02-11 16:47:36,029 - dq_error_log - INFO - Batch 2: Successfully logged 500 errors
2026-02-11 16:47:36,074 - dq_error_log - INFO - Batch 3: Successfully logged 500 errors
2026-02-11 16:47:36,119 - dq_error_log - INFO - Batch 4: Successfully logged 500 errors
2026-02-11 16:47:36,168 - dq_error_log - INFO - Batch 5: Successfully logged 500 errors
2026-02-11 16:47:36,236 - dq_error_log - INFO - Batch 6: Successfully logged 500 errors
2026-02-11 16:47:36,287 - dq_error_log - INFO - Batch 7: Successfully logged 500 errors
2026-02-11 16:47:36,332 - dq_error_log - INFO - Batch 8: Successfully logged 500 errors
2026-02-11 16:47:36,375 - dq_error_log - INFO - Batch 9: Successfully logged 500 errors
2026-02-11 16:47:36,430 - dq_error_log - INFO - Batch 10: Successfully logged 500 errors
2026-02-11 16:47:36,431 - dq_error_log - INFO - Progress: 5000/69252 errors processed
2026-02-11 16:47:36,474 - dq_error_log - INFO - Batch 11: Successfully logged 500 errors
2026-02-11 16:47:36,524 - dq_error_log - INFO - Batch 12: Successfully logged 500 errors
2026-02-11 16:47:36,604 - dq_error_log - INFO - Batch 13: Successfully logged 500 errors
2026-02-11 16:47:36,662 - dq_error_log - INFO - Batch 14: Successfully logged 500 errors
2026-02-11 16:47:36,715 - dq_error_log - INFO - Batch 15: Successfully logged 500 errors
2026-02-11 16:47:36,934 - dq_error_log - INFO - Batch 16: Successfully logged 500 errors
2026-02-11 16:47:36,987 - dq_error_log - INFO - Batch 17: Successfully logged 500 errors
2026-02-11 16:47:37,034 - dq_error_log - INFO - Batch 18: Successfully logged 500 errors
2026-02-11 16:47:37,089 - dq_error_log - INFO - Batch 19: Successfully logged 500 errors
2026-02-11 16:47:37,131 - dq_error_log - INFO - Batch 20: Successfully logged 500 errors
2026-02-11 16:47:37,132 - dq_error_log - INFO - Progress: 10000/69252 errors processed
2026-02-11 16:47:37,173 - dq_error_log - INFO - Batch 21: Successfully logged 500 errors
2026-02-11 16:47:37,217 - dq_error_log - INFO - Batch 22: Successfully logged 500 errors
2026-02-11 16:47:37,259 - dq_error_log - INFO - Batch 23: Successfully logged 500 errors
2026-02-11 16:47:37,303 - dq_error_log - INFO - Batch 24: Successfully logged 500 errors
2026-02-11 16:47:37,348 - dq_error_log - INFO - Batch 25: Successfully logged 500 errors
2026-02-11 16:47:37,393 - dq_error_log - INFO - Batch 26: Successfully logged 500 errors
2026-02-11 16:47:37,447 - dq_error_log - INFO - Batch 27: Successfully logged 500 errors
2026-02-11 16:47:37,528 - dq_error_log - INFO - Batch 28: Successfully logged 500 errors
2026-02-11 16:47:37,592 - dq_error_log - INFO - Batch 29: Successfully logged 500 errors
2026-02-11 16:47:37,641 - dq_error_log - INFO - Batch 30: Successfully logged 500 errors
2026-02-11 16:47:37,643 - dq_error_log - INFO - Progress: 15000/69252 errors processed
2026-02-11 16:47:37,686 - dq_error_log - INFO - Batch 31: Successfully logged 500 errors
2026-02-11 16:47:37,729 - dq_error_log - INFO - Batch 32: Successfully logged 500 errors
2026-02-11 16:47:37,772 - dq_error_log - INFO - Batch 33: Successfully logged 500 errors
2026-02-11 16:47:37,818 - dq_error_log - INFO - Batch 34: Successfully logged 500 errors
2026-02-11 16:47:37,877 - dq_error_log - INFO - Batch 35: Successfully logged 500 errors
2026-02-11 16:47:37,931 - dq_error_log - INFO - Batch 36: Successfully logged 500 errors
2026-02-11 16:47:37,978 - dq_error_log - INFO - Batch 37: Successfully logged 500 errors
2026-02-11 16:47:38,028 - dq_error_log - INFO - Batch 38: Successfully logged 500 errors
2026-02-11 16:47:38,078 - dq_error_log - INFO - Batch 39: Successfully logged 500 errors
2026-02-11 16:47:38,126 - dq_error_log - INFO - Batch 40: Successfully logged 500 errors
2026-02-11 16:47:38,127 - dq_error_log - INFO - Progress: 20000/69252 errors processed
2026-02-11 16:47:38,172 - dq_error_log - INFO - Batch 41: Successfully logged 500 errors
2026-02-11 16:47:38,215 - dq_error_log - INFO - Batch 42: Successfully logged 500 errors
2026-02-11 16:47:38,280 - dq_error_log - INFO - Batch 43: Successfully logged 500 errors
2026-02-11 16:47:38,361 - dq_error_log - INFO - Batch 44: Successfully logged 500 errors
2026-02-11 16:47:38,422 - dq_error_log - INFO - Batch 45: Successfully logged 500 errors
2026-02-11 16:47:38,479 - dq_error_log - INFO - Batch 46: Successfully logged 500 errors
2026-02-11 16:47:38,522 - dq_error_log - INFO - Batch 47: Successfully logged 500 errors
2026-02-11 16:47:38,567 - dq_error_log - INFO - Batch 48: Successfully logged 500 errors
2026-02-11 16:47:38,617 - dq_error_log - INFO - Batch 49: Successfully logged 500 errors
2026-02-11 16:47:38,664 - dq_error_log - INFO - Batch 50: Successfully logged 500 errors
2026-02-11 16:47:38,665 - dq_error_log - INFO - Progress: 25000/69252 errors processed
2026-02-11 16:47:38,712 - dq_error_log - INFO - Batch 51: Successfully logged 500 errors
2026-02-11 16:47:38,756 - dq_error_log - INFO - Batch 52: Successfully logged 500 errors
2026-02-11 16:47:38,800 - dq_error_log - INFO - Batch 53: Successfully logged 500 errors
2026-02-11 16:47:38,846 - dq_error_log - INFO - Batch 54: Successfully logged 500 errors
2026-02-11 16:47:38,891 - dq_error_log - INFO - Batch 55: Successfully logged 500 errors
2026-02-11 16:47:38,941 - dq_error_log - INFO - Batch 56: Successfully logged 500 errors
2026-02-11 16:47:39,000 - dq_error_log - INFO - Batch 57: Successfully logged 500 errors
2026-02-11 16:47:39,045 - dq_error_log - INFO - Batch 58: Successfully logged 500 errors
2026-02-11 16:47:39,099 - dq_error_log - INFO - Batch 59: Successfully logged 500 errors
2026-02-11 16:47:39,154 - dq_error_log - INFO - Batch 60: Successfully logged 500 errors
2026-02-11 16:47:39,155 - dq_error_log - INFO - Progress: 30000/69252 errors processed
2026-02-11 16:47:39,214 - dq_error_log - INFO - Batch 61: Successfully logged 500 errors
2026-02-11 16:47:39,267 - dq_error_log - INFO - Batch 62: Successfully logged 500 errors
2026-02-11 16:47:39,313 - dq_error_log - INFO - Batch 63: Successfully logged 500 errors
2026-02-11 16:47:39,359 - dq_error_log - INFO - Batch 64: Successfully logged 500 errors
2026-02-11 16:47:39,410 - dq_error_log - INFO - Batch 65: Successfully logged 500 errors
2026-02-11 16:47:39,461 - dq_error_log - INFO - Batch 66: Successfully logged 500 errors
2026-02-11 16:47:39,508 - dq_error_log - INFO - Batch 67: Successfully logged 500 errors
2026-02-11 16:47:39,558 - dq_error_log - INFO - Batch 68: Successfully logged 500 errors
2026-02-11 16:47:39,604 - dq_error_log - INFO - Batch 69: Successfully logged 500 errors
2026-02-11 16:47:39,658 - dq_error_log - INFO - Batch 70: Successfully logged 500 errors
2026-02-11 16:47:39,659 - dq_error_log - INFO - Progress: 35000/69252 errors processed
2026-02-11 16:47:39,722 - dq_error_log - INFO - Batch 71: Successfully logged 500 errors
2026-02-11 16:47:39,766 - dq_error_log - INFO - Batch 72: Successfully logged 500 errors
2026-02-11 16:47:39,812 - dq_error_log - INFO - Batch 73: Successfully logged 500 errors
2026-02-11 16:47:39,862 - dq_error_log - INFO - Batch 74: Successfully logged 500 errors
2026-02-11 16:47:39,907 - dq_error_log - INFO - Batch 75: Successfully logged 500 errors
2026-02-11 16:47:39,951 - dq_error_log - INFO - Batch 76: Successfully logged 500 errors
2026-02-11 16:47:39,994 - dq_error_log - INFO - Batch 77: Successfully logged 500 errors
2026-02-11 16:47:40,044 - dq_error_log - INFO - Batch 78: Successfully logged 500 errors
2026-02-11 16:47:40,098 - dq_error_log - INFO - Batch 79: Successfully logged 500 errors
2026-02-11 16:47:40,144 - dq_error_log - INFO - Batch 80: Successfully logged 500 errors
2026-02-11 16:47:40,145 - dq_error_log - INFO - Progress: 40000/69252 errors processed
2026-02-11 16:47:40,194 - dq_error_log - INFO - Batch 81: Successfully logged 500 errors
2026-02-11 16:47:40,240 - dq_error_log - INFO - Batch 82: Successfully logged 500 errors
2026-02-11 16:47:40,289 - dq_error_log - INFO - Batch 83: Successfully logged 500 errors
2026-02-11 16:47:40,338 - dq_error_log - INFO - Batch 84: Successfully logged 500 errors
2026-02-11 16:47:40,409 - dq_error_log - INFO - Batch 85: Successfully logged 500 errors
2026-02-11 16:47:40,456 - dq_error_log - INFO - Batch 86: Successfully logged 500 errors
2026-02-11 16:47:40,511 - dq_error_log - INFO - Batch 87: Successfully logged 500 errors
2026-02-11 16:47:40,556 - dq_error_log - INFO - Batch 88: Successfully logged 500 errors
2026-02-11 16:47:40,603 - dq_error_log - INFO - Batch 89: Successfully logged 500 errors
2026-02-11 16:47:40,655 - dq_error_log - INFO - Batch 90: Successfully logged 500 errors
2026-02-11 16:47:40,656 - dq_error_log - INFO - Progress: 45000/69252 errors processed
2026-02-11 16:47:40,706 - dq_error_log - INFO - Batch 91: Successfully logged 500 errors
2026-02-11 16:47:40,771 - dq_error_log - INFO - Batch 92: Successfully logged 500 errors
2026-02-11 16:47:40,820 - dq_error_log - INFO - Batch 93: Successfully logged 500 errors
2026-02-11 16:47:40,866 - dq_error_log - INFO - Batch 94: Successfully logged 500 errors
2026-02-11 16:47:40,916 - dq_error_log - INFO - Batch 95: Successfully logged 500 errors
2026-02-11 16:47:40,967 - dq_error_log - INFO - Batch 96: Successfully logged 500 errors
2026-02-11 16:47:41,016 - dq_error_log - INFO - Batch 97: Successfully logged 500 errors
2026-02-11 16:47:41,065 - dq_error_log - INFO - Batch 98: Successfully logged 500 errors
2026-02-11 16:47:41,118 - dq_error_log - INFO - Batch 99: Successfully logged 500 errors
2026-02-11 16:47:41,165 - dq_error_log - INFO - Batch 100: Successfully logged 500 errors
2026-02-11 16:47:41,165 - dq_error_log - INFO - Progress: 50000/69252 errors processed
2026-02-11 16:47:41,210 - dq_error_log - INFO - Batch 101: Successfully logged 500 errors
2026-02-11 16:47:41,255 - dq_error_log - INFO - Batch 102: Successfully logged 500 errors
2026-02-11 16:47:41,300 - dq_error_log - INFO - Batch 103: Successfully logged 500 errors
2026-02-11 16:47:41,345 - dq_error_log - INFO - Batch 104: Successfully logged 500 errors
2026-02-11 16:47:41,392 - dq_error_log - INFO - Batch 105: Successfully logged 500 errors
2026-02-11 16:47:41,449 - dq_error_log - INFO - Batch 106: Successfully logged 500 errors
2026-02-11 16:47:41,494 - dq_error_log - INFO - Batch 107: Successfully logged 500 errors
2026-02-11 16:47:41,542 - dq_error_log - INFO - Batch 108: Successfully logged 500 errors
2026-02-11 16:47:41,602 - dq_error_log - INFO - Batch 109: Successfully logged 500 errors
2026-02-11 16:47:41,652 - dq_error_log - INFO - Batch 110: Successfully logged 500 errors
2026-02-11 16:47:41,653 - dq_error_log - INFO - Progress: 55000/69252 errors processed
2026-02-11 16:47:41,702 - dq_error_log - INFO - Batch 111: Successfully logged 500 errors
2026-02-11 16:47:41,750 - dq_error_log - INFO - Batch 112: Successfully logged 500 errors
2026-02-11 16:47:41,814 - dq_error_log - INFO - Batch 113: Successfully logged 500 errors
2026-02-11 16:47:41,857 - dq_error_log - INFO - Batch 114: Successfully logged 500 errors
2026-02-11 16:47:41,901 - dq_error_log - INFO - Batch 115: Successfully logged 500 errors
2026-02-11 16:47:41,950 - dq_error_log - INFO - Batch 116: Successfully logged 500 errors
2026-02-11 16:47:41,994 - dq_error_log - INFO - Batch 117: Successfully logged 500 errors
2026-02-11 16:47:42,050 - dq_error_log - INFO - Batch 118: Successfully logged 500 errors
2026-02-11 16:47:42,106 - dq_error_log - INFO - Batch 119: Successfully logged 500 errors
2026-02-11 16:47:42,158 - dq_error_log - INFO - Batch 120: Successfully logged 500 errors
2026-02-11 16:47:42,158 - dq_error_log - INFO - Progress: 60000/69252 errors processed
2026-02-11 16:47:42,205 - dq_error_log - INFO - Batch 121: Successfully logged 500 errors
2026-02-11 16:47:42,255 - dq_error_log - INFO - Batch 122: Successfully logged 500 errors
2026-02-11 16:47:42,301 - dq_error_log - INFO - Batch 123: Successfully logged 500 errors
2026-02-11 16:47:42,344 - dq_error_log - INFO - Batch 124: Successfully logged 500 errors
2026-02-11 16:47:42,391 - dq_error_log - INFO - Batch 125: Successfully logged 500 errors
2026-02-11 16:47:42,441 - dq_error_log - INFO - Batch 126: Successfully logged 500 errors
2026-02-11 16:47:42,489 - dq_error_log - INFO - Batch 127: Successfully logged 500 errors
2026-02-11 16:47:42,557 - dq_error_log - INFO - Batch 128: Successfully logged 500 errors
2026-02-11 16:47:42,605 - dq_error_log - INFO - Batch 129: Successfully logged 500 errors
2026-02-11 16:47:42,656 - dq_error_log - INFO - Batch 130: Successfully logged 500 errors
2026-02-11 16:47:42,657 - dq_error_log - INFO - Progress: 65000/69252 errors processed
2026-02-11 16:47:42,706 - dq_error_log - INFO - Batch 131: Successfully logged 500 errors
2026-02-11 16:47:42,758 - dq_error_log - INFO - Batch 132: Successfully logged 500 errors
2026-02-11 16:47:42,805 - dq_error_log - INFO - Batch 133: Successfully logged 500 errors
2026-02-11 16:47:42,849 - dq_error_log - INFO - Batch 134: Successfully logged 500 errors
2026-02-11 16:47:42,897 - dq_error_log - INFO - Batch 135: Successfully logged 500 errors
2026-02-11 16:47:42,948 - dq_error_log - INFO - Batch 136: Successfully logged 500 errors
2026-02-11 16:47:42,992 - dq_error_log - INFO - Batch 137: Successfully logged 500 errors
2026-02-11 16:47:43,036 - dq_error_log - INFO - Batch 138: Successfully logged 500 errors
2026-02-11 16:47:43,067 - dq_error_log - INFO - Batch 139: Successfully logged 252 errors
2026-02-11 16:47:43,068 - dq_error_log - INFO - Progress: 69252/69252 errors processed
2026-02-11 16:47:43,069 - dq_error_log - INFO - COMPLETE: Logged 69252/69252 errors for session ADV_20260211_164731_7761
2026-02-11 16:47:43,081 - dq_error_log - INFO - ErrorLogger initialized with database: dq_checks
2026-02-11 16:47:43,083 - dq_audit - INFO - Audit class initialized with database: dq_checks
2026-02-11 16:47:43,104 - dq_audit - INFO - Audit class initialized with database: dq_checks
2026-02-11 16:47:43,106 - dq_audit - INFO - Starting database insertion for advanced...
2026-02-11 16:47:43,120 - dq_audit - INFO - Inserted advanced record with ID: 926
2026-02-11 16:47:43,122 - dq_advanced - INFO - Audit record logged with ID: 926
2026-02-11 16:47:43,450 - dq_error_log - INFO - Retrieved 100 error logs for session ADV_20260211_164731_7761
2026-02-11 16:47:43,927 - dq_error_log - INFO - Retrieved summary: 69252 total errors for session ADV_20260211_164731_7761
2026-02-11 16:47:43,928 - dq_audit - INFO - Audit class initialized with database: dq_checks
2026-02-11 16:47:43,941 - dq_audit - INFO - Retrieved 1 audit logs for session ADV_20260211_164731_7761
2026-02-11 16:47:43,943 - dq_advanced - INFO - Advanced checks completed for session ADV_20260211_164731_7761
2026-02-11 16:47:44,265 - dq_error_log - INFO - Retrieved 100 error logs for session ADV_20260211_164731_7761
2026-02-11 16:47:44,684 - dq_error_log - INFO - Retrieved summary: 69252 total errors for session ADV_20260211_164731_7761
2026-02-11 16:47:44,698 - dq_audit - INFO - Retrieved 1 audit logs for session ADV_20260211_164731_7761
