2026-02-14 15:40:44,183 - __main__ - INFO - 🌐 API Server Logging Initialized
2026-02-14 15:40:44,184 - __main__ - INFO - 📝 Logs saved to: logs/dq_api_20260214_154044.log
2026-02-14 15:40:44,388 - __main__ - INFO - APP_SETTINGS loaded. Audit enabled: True
2026-02-14 15:40:44,390 - __main__ - INFO - ✅ All DQ modules loaded successfully
2026-02-14 15:40:44,392 - dq_error_log - INFO - ErrorLogger initialized with database: dq_checks
2026-02-14 15:40:44,393 - dq_audit - INFO - Audit class initialized with database: dq_checks
2026-02-14 15:40:44,394 - __main__ - INFO - ✅ ErrorLogger and DataQualityAudit initialized
2026-02-14 15:40:44,411 - __main__ - INFO - 🚀 Starting Data Quality Framework API
2026-02-14 15:40:44,412 - __main__ - INFO - 📊 Modules available: True
2026-02-14 15:40:44,413 - __main__ - INFO - 🔧 Config file mode: False
2026-02-14 15:40:44,414 - __main__ - INFO - 📋 Available endpoints:
2026-02-14 15:40:44,415 - __main__ - INFO -   GET  /              - API status
2026-02-14 15:40:44,415 - __main__ - INFO -   GET  /api/health    - Health check
2026-02-14 15:40:44,416 - __main__ - INFO -   POST /api/check-single - Single source analysis
2026-02-14 15:40:44,417 - __main__ - INFO -   POST /api/compare   - Source-target comparison
2026-02-14 15:40:44,417 - __main__ - INFO -   GET  /api/compare/{id} - Get comparison results
2026-02-14 15:40:44,418 - __main__ - INFO -   GET  /api/compare/{id}/mismatches - Paginated mismatches
2026-02-14 15:40:44,419 - __main__ - INFO -   GET  /api/compare/{id}/rows/count - Row counts
2026-02-14 15:40:44,419 - __main__ - INFO -   POST /api/upload    - File upload
2026-02-14 15:40:44,420 - __main__ - INFO -   GET  /api/sessions  - List sessions
2026-02-14 15:40:44,421 - __main__ - INFO -   GET  /api/sessions/<id> - Get session data
2026-02-14 15:40:44,422 - __main__ - INFO -   GET  /api/debug-db  - Database debug
2026-02-14 15:40:44,422 - __main__ - INFO - 🌍 Server starting on 0.0.0.0:5000 (debug=False)
2026-02-14 15:41:08,468 - __main__ - INFO - POST /api/upload - Request started
2026-02-14 15:41:08,482 - __main__ - INFO - File uploaded: 20260214_154108_Advance15.csv (csv)
2026-02-14 15:41:08,483 - __main__ - INFO - Completed with status 200 in 0.015s
2026-02-14 15:41:08,708 - __main__ - INFO - POST /api/advanced - Request started
2026-02-14 15:41:08,709 - __main__ - INFO - Advanced checks request received
2026-02-14 15:41:08,710 - __main__ - INFO - DEBUG: Received columns_input: [] (type: <class 'list'>)
2026-02-14 15:41:08,711 - __main__ - INFO - DEBUG: Using as-is: []
2026-02-14 15:41:08,711 - __main__ - INFO - Starting advanced checks for session ADV_20260214_154108_d87c3a36
2026-02-14 15:41:08,712 - dq_advanced - INFO - Starting advanced checks in UI/API mode
2026-02-14 15:41:08,713 - dq_advanced - INFO - LOADING DATA FOR ADVANCED CHECKS
2026-02-14 15:41:08,713 - dq_unified - INFO - Prompting user for data source type
2026-02-14 15:41:08,713 - dq_unified - INFO - UI Data source_type: csv
2026-02-14 15:41:08,714 - dq_unified - INFO - Using source_type from UI data: csv
2026-02-14 15:41:08,714 - dq_unified - INFO - Loading data from CSV
2026-02-14 15:41:08,715 - dq_unified - INFO - Loading large CSV: C:/Users/006398/Desktop/Accilerator/BACKEND/Data_Quality_Framework/uploads/20260214_154108_Advance15.csv
2026-02-14 15:41:08,718 - dq_unified - INFO - CSV file has 15 rows
2026-02-14 15:41:08,718 - dq_unified - INFO - Loading 15 rows from CSV...
2026-02-14 15:41:08,733 - dq_unified - INFO - Loaded 15 rows from CSV
2026-02-14 15:41:08,738 - dq_unified - INFO - Memory optimization: 0.0MB -> 0.0MB (Saved: 0.0MB)
2026-02-14 15:41:08,739 - dq_unified - INFO - Loaded 15 rows, 10 columns. Memory: 103.7MB total, 0.0MB for dataframe
2026-02-14 15:41:08,740 - dq_advanced - INFO - Data loaded: 15 rows, 10 columns from CSV: 20260214_154108_Advance15.csv
2026-02-14 15:41:08,740 - dq_error_log - INFO - ErrorLogger initialized with database: dq_checks
2026-02-14 15:41:09,026 - mysql.connector - INFO - package: mysql.connector.plugins
2026-02-14 15:41:09,026 - mysql.connector - INFO - plugin_name: caching_sha2_password
2026-02-14 15:41:09,028 - mysql.connector - INFO - AUTHENTICATION_PLUGIN_CLASS: MySQLCachingSHA2PasswordAuthPlugin
2026-02-14 15:41:09,030 - mysql.connector - INFO - package: mysql.connector.plugins
2026-02-14 15:41:09,030 - mysql.connector - INFO - plugin_name: mysql_native_password
2026-02-14 15:41:09,042 - mysql.connector - INFO - AUTHENTICATION_PLUGIN_CLASS: MySQLNativePasswordAuthPlugin
2026-02-14 15:41:09,052 - dq_error_log - INFO - Database connection successful
2026-02-14 15:41:09,053 - dq_advanced - INFO - Session ID: ADV_20260214_154109_7328
2026-02-14 15:41:09,054 - dq_advanced - INFO - Starting comprehensive validations on 15 rows, 10 columns
2026-02-14 15:41:09,065 - dq_advanced - INFO - Memory: 2676MB available, 0.0003MB/row, Optimal batch: 50000 rows
2026-02-14 15:41:09,066 - dq_advanced - INFO - Auto-calculated batch size: 50000 rows
2026-02-14 15:41:09,066 - dq_advanced - INFO - Analyzing 10 columns...
2026-02-14 15:41:09,069 - dq_advanced - INFO - Analyzed column 'transaction_id': numeric with 1 patterns
2026-02-14 15:41:09,070 - dq_advanced - INFO - Analyzed column 'account_number': numeric with 3 patterns
2026-02-14 15:41:09,072 - dq_advanced - INFO - Analyzed column 'customer_name': text with 0 patterns
2026-02-14 15:41:09,073 - dq_advanced - INFO - Analyzed column 'email': text with 1 patterns
2026-02-14 15:41:09,078 - dq_advanced - INFO - Analyzed column 'transaction_date': date with 2 patterns
2026-02-14 15:41:09,080 - dq_advanced - INFO - Analyzed column 'amount': numeric with 0 patterns
2026-02-14 15:41:09,082 - dq_advanced - INFO - Analyzed column 'currency': text with 1 patterns
2026-02-14 15:41:09,084 - dq_advanced - INFO - Analyzed column 'balance': numeric with 0 patterns
2026-02-14 15:41:09,086 - dq_advanced - INFO - Analyzed column 'status': text with 0 patterns
2026-02-14 15:41:09,088 - dq_advanced - INFO - Analyzed column 'remarks': text with 0 patterns
2026-02-14 15:41:09,099 - dq_error_log - INFO - Starting batch logging for 29 errors, session: ADV_20260214_154109_7328
2026-02-14 15:41:09,196 - dq_error_log - INFO - Batch 1: Successfully logged 29 errors
2026-02-14 15:41:09,197 - dq_error_log - INFO - Progress: 29/29 errors processed
2026-02-14 15:41:09,198 - dq_error_log - INFO - COMPLETE: Logged 29/29 errors for session ADV_20260214_154109_7328
2026-02-14 15:41:09,199 - dq_audit - INFO - Audit class initialized with database: dq_checks
2026-02-14 15:41:09,199 - dq_audit - INFO - Starting database insertion for advanced...
2026-02-14 15:41:09,286 - dq_audit - INFO - Inserted advanced record with ID: 576
2026-02-14 15:41:09,287 - dq_advanced - INFO - Audit record logged with ID: 576
2026-02-14 15:41:09,394 - dq_error_log - INFO - Retrieved 29 error logs for session ADV_20260214_154109_7328
2026-02-14 15:41:09,487 - dq_error_log - INFO - Retrieved summary: 29 total errors for session ADV_20260214_154109_7328
2026-02-14 15:41:09,489 - dq_audit - INFO - Audit class initialized with database: dq_checks
2026-02-14 15:41:09,587 - dq_audit - INFO - Retrieved 1 audit logs for session ADV_20260214_154109_7328
2026-02-14 15:41:09,589 - dq_advanced - INFO - Advanced checks completed for session ADV_20260214_154109_7328
2026-02-14 15:41:09,675 - dq_error_log - INFO - Retrieved 29 error logs for session ADV_20260214_154109_7328
2026-02-14 15:41:09,757 - dq_error_log - INFO - Retrieved summary: 29 total errors for session ADV_20260214_154109_7328
2026-02-14 15:41:09,835 - dq_audit - INFO - Retrieved 1 audit logs for session ADV_20260214_154109_7328
2026-02-14 15:41:09,838 - __main__ - INFO - Advanced checks completed for session ADV_20260214_154109_7328
2026-02-14 15:41:09,841 - __main__ - INFO - Completed with status 200 in 1.133s
2026-02-14 15:41:09,877 - __main__ - INFO - GET /api/advanced/ADV_20260214_154108_d87c3a36 - Request started
2026-02-14 15:41:09,978 - dq_error_log - INFO - Retrieved 0 error logs for session ADV_20260214_154108_d87c3a36
2026-02-14 15:41:09,980 - __main__ - INFO - Completed with status 200 in 0.103s
2026-02-14 15:41:10,305 - __main__ - INFO - GET /api/advanced/ADV_20260214_154108_d87c3a36 - Request started
2026-02-14 15:41:10,421 - dq_error_log - INFO - Retrieved 0 error logs for session ADV_20260214_154108_d87c3a36
2026-02-14 15:41:10,425 - __main__ - INFO - Completed with status 200 in 0.120s
