2026-01-11 16:30:27,072 - __main__ - INFO - 🌐 API Server Logging Initialized
2026-01-11 16:30:27,074 - __main__ - INFO - 📝 Logs saved to: logs/dq_api_20260111_163027.log
2026-01-11 16:30:27,149 - dq_rules - WARNING - Could not load config from database: name 'get_db_connection' is not defined
2026-01-11 16:30:27,153 - __main__ - INFO - APP_SETTINGS loaded. Audit enabled: True
2026-01-11 16:30:27,155 - __main__ - INFO - ✅ All DQ modules loaded successfully
2026-01-11 16:30:27,157 - dq_error_log - INFO - ErrorLogger initialized with database: dq_checks
2026-01-11 16:30:27,158 - dq_audit - INFO - Audit class initialized with database: dq_checks
2026-01-11 16:30:27,160 - __main__ - INFO - ✅ ErrorLogger and DataQualityAudit initialized
2026-01-11 16:30:27,171 - __main__ - INFO - 🚀 Starting Data Quality Framework API
2026-01-11 16:30:27,172 - __main__ - INFO - 📊 Modules available: True
2026-01-11 16:30:27,173 - __main__ - INFO - 🔧 Config file mode: False
2026-01-11 16:30:27,175 - __main__ - INFO - 📋 Available endpoints:
2026-01-11 16:30:27,176 - __main__ - INFO -   GET  /              - API status
2026-01-11 16:30:27,178 - __main__ - INFO -   GET  /api/health    - Health check
2026-01-11 16:30:27,178 - __main__ - INFO -   POST /api/check-single - Single source analysis
2026-01-11 16:30:27,179 - __main__ - INFO -   POST /api/compare   - Source-target comparison
2026-01-11 16:30:27,182 - __main__ - INFO -   POST /api/upload    - File upload
2026-01-11 16:30:27,183 - __main__ - INFO -   GET  /api/sessions  - List sessions
2026-01-11 16:30:27,184 - __main__ - INFO -   GET  /api/sessions/<id> - Get session data
2026-01-11 16:30:27,185 - __main__ - INFO -   GET  /api/debug-db  - Database debug
2026-01-11 16:30:27,186 - __main__ - INFO - 🌍 Server starting on 0.0.0.0:5000 (debug=False)
2026-01-11 16:30:51,335 - __main__ - INFO - POST /api/rules - Request started
2026-01-11 16:30:51,336 - __main__ - INFO - Business rules analysis request received
2026-01-11 16:30:51,337 - __main__ - INFO - DEBUG: Received data keys: ['source_type', 'file_path', 'rule_type', 'use_metadata_rules']
2026-01-11 16:30:51,338 - __main__ - INFO - DEBUG Rules: source_type=csv
2026-01-11 16:30:51,339 - __main__ - INFO - DEBUG Rules: File path set to C:/Users/003160/OneDrive - wisseninfotech.com/Documents/DQ-Checks-Shashi/Test_data/source_data_90k.csv
2026-01-11 16:30:51,340 - __main__ - INFO - DEBUG Rules: Prepared UI data with 6 fields
2026-01-11 16:30:51,341 - __main__ - INFO - Starting business rules analysis for session RULES_20260111_163051_5d47a9ba
2026-01-11 16:30:51,342 - __main__ - INFO - DEBUG: UI data prepared: ['analysis_type', 'source_type', 'file_path', 'rule_type', 'run_text_comparison', 'use_metadata_rules']
2026-01-11 16:30:51,343 - __main__ - INFO - DEBUG: source_type=csv
2026-01-11 16:30:51,344 - __main__ - INFO - DEBUG: file_path=C:/Users/003160/OneDrive - wisseninfotech.com/Documents/DQ-Checks-Shashi/Test_data/source_data_90k.csv
2026-01-11 16:30:51,346 - dq_rules - INFO - LOADING DATA FOR BUSINESS RULES
2026-01-11 16:30:51,347 - dq_rules - INFO - === DEBUG load_data_for_rules ===
2026-01-11 16:30:51,349 - dq_rules - INFO - UI data type: <class 'dict'>
2026-01-11 16:30:51,349 - dq_rules - INFO - UI data keys: ['analysis_type', 'source_type', 'file_path', 'rule_type', 'run_text_comparison', 'use_metadata_rules', 'session_id']
2026-01-11 16:30:51,350 - dq_rules - INFO - File path in UI data: C:/Users/003160/OneDrive - wisseninfotech.com/Documents/DQ-Checks-Shashi/Test_data/source_data_90k.csv
2026-01-11 16:30:51,351 - dq_rules - INFO - ===============================
2026-01-11 16:30:51,352 - dq_rules - INFO - Prompting user for data source type for rules
2026-01-11 16:30:51,353 - dq_rules - INFO - Using source_type from UI data: csv
2026-01-11 16:30:51,354 - dq_rules - INFO - Source type: csv, Source config: C:/Users/003160/OneDrive - wisseninfotech.com/Documents/DQ-Checks-Shashi/Test_data/source_data_90k.csv
2026-01-11 16:30:51,355 - dq_unified - INFO - Loading data from CSV
2026-01-11 16:30:51,355 - dq_unified - INFO - Loading large CSV: C:/Users/003160/OneDrive - wisseninfotech.com/Documents/DQ-Checks-Shashi/Test_data/source_data_90k.csv
2026-01-11 16:30:51,401 - dq_unified - INFO - CSV file has 92,875 rows
2026-01-11 16:30:51,402 - dq_unified - INFO - Loading 92,875 rows from CSV...
2026-01-11 16:30:51,694 - dq_unified - INFO - Loaded 89,999 rows from CSV
2026-01-11 16:30:51,991 - dq_unified - INFO - Memory optimization: 45.4MB -> 17.1MB (Saved: 28.3MB)
2026-01-11 16:30:51,992 - dq_unified - INFO - Standardizing data types...
2026-01-11 16:30:52,559 - dq_unified - INFO - Data type standardization complete
2026-01-11 16:30:52,603 - dq_unified - INFO - Loaded 89,999 rows, 12 columns. Memory: 124.3MB total, 17.1MB for dataframe
2026-01-11 16:30:52,604 - dq_rules - INFO - Loaded data: 89999 rows, 12 columns
2026-01-11 16:30:52,605 - dq_error_log - INFO - ErrorLogger initialized with database: dq_checks
2026-01-11 16:30:52,606 - dq_rules - INFO - DEFINING CUSTOM BUSINESS RULES
2026-01-11 16:30:52,607 - dq_rules - INFO - Available columns: ['id', 'customer_id', 'transaction_id', 'customer_name', 'email', 'phone', 'transaction_date', 'amount', 'quantity', 'age', 'status', 'description']
2026-01-11 16:30:52,609 - dq_rules - INFO - Available columns: ['id', 'customer_id', 'transaction_id', 'customer_name', 'email', 'phone', 'transaction_date', 'amount', 'quantity', 'age', 'status', 'description']
2026-01-11 16:30:52,610 - dq_rules - INFO - UI specified use_metadata_rules: False
2026-01-11 16:30:52,611 - dq_rules - INFO - User selected rule type: 6
2026-01-11 16:30:52,612 - dq_rules - INFO - CREATING COMPREHENSIVE RULE SET
2026-01-11 16:30:52,615 - dq_rules - INFO - THRESHOLD RULES SETUP
2026-01-11 16:30:52,617 - dq_rules - INFO - Available numeric columns: ['id', 'amount', 'quantity', 'age']
2026-01-11 16:30:52,618 - dq_rules - INFO - Using default create_threshold: n
2026-01-11 16:30:52,620 - dq_rules - INFO - PATTERN RULES SETUP
2026-01-11 16:30:52,629 - dq_rules - INFO - Available string columns: ['customer_id', 'transaction_id', 'phone']
2026-01-11 16:30:52,630 - dq_rules - INFO - Using default create_pattern: n
2026-01-11 16:30:52,633 - dq_rules - INFO - RANGE RULES SETUP
2026-01-11 16:30:52,634 - dq_rules - INFO - Available numeric columns: ['id', 'amount', 'quantity', 'age']
2026-01-11 16:30:52,636 - dq_rules - INFO - Using default create_range: n
2026-01-11 16:30:52,642 - dq_rules - INFO - NULL CHECK RULES SETUP
2026-01-11 16:30:52,643 - dq_rules - INFO - Using default create_null_checks: y
2026-01-11 16:30:52,644 - dq_rules - INFO - Checking for columns with null values...
2026-01-11 16:30:52,653 - dq_rules - INFO - Found 3510 null values in 'customer_name'
2026-01-11 16:30:52,654 - dq_rules - INFO - Created null check rule for customer_name
2026-01-11 16:30:52,657 - dq_rules - INFO - Found 1516 null values in 'email'
2026-01-11 16:30:52,658 - dq_rules - INFO - Created null check rule for email
2026-01-11 16:30:52,664 - dq_rules - INFO - Found 1280 null values in 'phone'
2026-01-11 16:30:52,666 - dq_rules - INFO - Created null check rule for phone
2026-01-11 16:30:52,668 - dq_rules - INFO - Found 1133 null values in 'amount'
2026-01-11 16:30:52,670 - dq_rules - INFO - Created null check rule for amount
2026-01-11 16:30:52,677 - dq_rules - INFO - KPI THRESHOLD RULES SETUP
2026-01-11 16:30:52,677 - dq_rules - INFO - Using default create_kpi: n
2026-01-11 16:30:52,679 - dq_rules - INFO - Created comprehensive rule set with 4 rules
2026-01-11 16:30:52,681 - dq_rules - INFO - Defined 4 business rules
2026-01-11 16:30:52,684 - dq_rules - INFO - EXECUTING 4 BUSINESS RULES
2026-01-11 16:30:52,702 - dq_rules - INFO - Executing rule: customer_name should have no null values (currently 3510 nulls)
2026-01-11 16:30:52,703 - dq_rules - INFO - Safe executing rule: customer_name should have no null values (currently 3510 nulls) (threshold)
2026-01-11 16:30:52,703 - dq_rules - INFO - Executing threshold rule: customer_name should have no null values (currently 3510 nulls)
2026-01-11 16:30:52,706 - dq_rules - INFO - Threshold rule 'customer_name should have no null values (currently 3510 nulls)': 0 violations found
2026-01-11 16:30:52,708 - dq_rules - INFO - No violations found
2026-01-11 16:30:52,711 - dq_rules - INFO - Rule 'customer_name should have no null values (currently 3510 nulls)' completed with status: PASS
2026-01-11 16:30:52,713 - dq_rules - INFO - Executing rule: email should have no null values (currently 1516 nulls)
2026-01-11 16:30:52,715 - dq_rules - INFO - Safe executing rule: email should have no null values (currently 1516 nulls) (threshold)
2026-01-11 16:30:52,715 - dq_rules - INFO - Executing threshold rule: email should have no null values (currently 1516 nulls)
2026-01-11 16:30:52,719 - dq_rules - INFO - Threshold rule 'email should have no null values (currently 1516 nulls)': 0 violations found
2026-01-11 16:30:52,720 - dq_rules - INFO - No violations found
2026-01-11 16:30:52,723 - dq_rules - INFO - Rule 'email should have no null values (currently 1516 nulls)' completed with status: PASS
2026-01-11 16:30:52,726 - dq_rules - INFO - Executing rule: phone should have no null values (currently 1280 nulls)
2026-01-11 16:30:52,727 - dq_rules - INFO - Safe executing rule: phone should have no null values (currently 1280 nulls) (threshold)
2026-01-11 16:30:52,728 - dq_rules - INFO - Executing threshold rule: phone should have no null values (currently 1280 nulls)
2026-01-11 16:30:52,735 - dq_rules - INFO - Threshold rule 'phone should have no null values (currently 1280 nulls)': 0 violations found
2026-01-11 16:30:52,736 - dq_rules - INFO - No violations found
2026-01-11 16:30:52,741 - dq_rules - INFO - Rule 'phone should have no null values (currently 1280 nulls)' completed with status: PASS
2026-01-11 16:30:52,743 - dq_rules - INFO - Executing rule: amount should have no null values (currently 1133 nulls)
2026-01-11 16:30:52,744 - dq_rules - INFO - Safe executing rule: amount should have no null values (currently 1133 nulls) (threshold)
2026-01-11 16:30:52,745 - dq_rules - INFO - Executing threshold rule: amount should have no null values (currently 1133 nulls)
2026-01-11 16:30:52,747 - dq_rules - INFO - Threshold rule 'amount should have no null values (currently 1133 nulls)': 0 violations found
2026-01-11 16:30:52,749 - dq_rules - INFO - No violations found
2026-01-11 16:30:52,755 - dq_rules - INFO - Rule 'amount should have no null values (currently 1133 nulls)' completed with status: PASS
2026-01-11 16:30:52,756 - dq_rules - INFO - TOTAL VIOLATIONS ACROSS ALL RULES: 0
2026-01-11 16:30:52,758 - dq_rules - INFO - GENERATING BUSINESS RULES VALIDATION REPORT
2026-01-11 16:30:52,951 - dq_error_log - INFO - Retrieved 0 errors for session RULES_20260111_163052
2026-01-11 16:30:52,952 - dq_rules - INFO - DQ Score Calculation: Total=89999, Bad=0, Good=89999, Score=100.00%, Grade=A
2026-01-11 16:30:52,953 - dq_audit - INFO - Audit class initialized with database: dq_checks
2026-01-11 16:30:52,954 - dq_audit - INFO - Starting database insertion for rules...
2026-01-11 16:30:52,973 - dq_audit - INFO - Inserted rules record with ID: 619
2026-01-11 16:30:52,974 - dq_rules - INFO - Audit record logged with ID: 619
2026-01-11 16:30:52,975 - dq_rules - INFO - Returning JSON report for API, Session: RULES_20260111_163052
2026-01-11 16:30:52,976 - dq_rules - INFO - GENERATING BUSINESS RULES VALIDATION REPORT FOR API
2026-01-11 16:30:52,977 - dq_rules - INFO - API Report: Rules Executed: 4, Compliance Score: 100.0%
2026-01-11 16:30:52,990 - dq_error_log - INFO - Retrieved 0 error logs for session RULES_20260111_163052
2026-01-11 16:30:53,005 - dq_error_log - INFO - Retrieved summary: 0 total errors for session RULES_20260111_163052
2026-01-11 16:30:53,006 - dq_audit - INFO - Audit class initialized with database: dq_checks
2026-01-11 16:30:53,030 - dq_audit - INFO - Retrieved 1 audit logs for session RULES_20260111_163052
2026-01-11 16:30:53,049 - dq_error_log - INFO - Retrieved 0 error logs for session RULES_20260111_163052
2026-01-11 16:30:53,065 - dq_error_log - INFO - Retrieved summary: 0 total errors for session RULES_20260111_163052
2026-01-11 16:30:53,083 - dq_audit - INFO - Retrieved 1 audit logs for session RULES_20260111_163052
2026-01-11 16:30:53,085 - __main__ - INFO - Business rules analysis completed for session RULES_20260111_163052
2026-01-11 16:30:53,085 - __main__ - INFO - Results keys: ['session_id', 'check_type', 'source_info', 'source_file', 'data_stats', 'rules_validation', 'summary', 'error_logs', 'error_summary', 'audit_logs']
2026-01-11 16:30:53,088 - __main__ - INFO - Rules Summary: 4 rules executed, 4 passed, 0 failed, Score: 100.0%
2026-01-11 16:30:53,092 - __main__ - INFO - Completed with status 200 in 1.757s
2026-01-11 16:31:27,622 - __main__ - INFO - POST /api/rules - Request started
2026-01-11 16:31:27,624 - __main__ - INFO - Business rules analysis request received
2026-01-11 16:31:27,626 - __main__ - INFO - DEBUG: Received data keys: ['source_type', 'file_path', 'rule_type', 'use_metadata_rules']
2026-01-11 16:31:27,628 - __main__ - INFO - DEBUG Rules: source_type=csv
2026-01-11 16:31:27,630 - __main__ - INFO - DEBUG Rules: File path set to C:/Users/003160/OneDrive - wisseninfotech.com/Documents/DQ-Checks-Shashi/Test_data/sample_data.csv
2026-01-11 16:31:27,632 - __main__ - INFO - DEBUG Rules: Prepared UI data with 6 fields
2026-01-11 16:31:27,633 - __main__ - INFO - Starting business rules analysis for session RULES_20260111_163127_04a89123
2026-01-11 16:31:27,635 - __main__ - INFO - DEBUG: UI data prepared: ['analysis_type', 'source_type', 'file_path', 'rule_type', 'run_text_comparison', 'use_metadata_rules']
2026-01-11 16:31:27,638 - __main__ - INFO - DEBUG: source_type=csv
2026-01-11 16:31:27,642 - __main__ - INFO - DEBUG: file_path=C:/Users/003160/OneDrive - wisseninfotech.com/Documents/DQ-Checks-Shashi/Test_data/sample_data.csv
2026-01-11 16:31:27,644 - dq_rules - INFO - LOADING DATA FOR BUSINESS RULES
2026-01-11 16:31:27,645 - dq_rules - INFO - === DEBUG load_data_for_rules ===
2026-01-11 16:31:27,646 - dq_rules - INFO - UI data type: <class 'dict'>
2026-01-11 16:31:27,647 - dq_rules - INFO - UI data keys: ['analysis_type', 'source_type', 'file_path', 'rule_type', 'run_text_comparison', 'use_metadata_rules', 'session_id']
2026-01-11 16:31:27,649 - dq_rules - INFO - File path in UI data: C:/Users/003160/OneDrive - wisseninfotech.com/Documents/DQ-Checks-Shashi/Test_data/sample_data.csv
2026-01-11 16:31:27,649 - dq_rules - INFO - ===============================
2026-01-11 16:31:27,650 - dq_rules - INFO - Prompting user for data source type for rules
2026-01-11 16:31:27,653 - dq_rules - INFO - Using source_type from UI data: csv
2026-01-11 16:31:27,654 - dq_rules - INFO - Source type: csv, Source config: C:/Users/003160/OneDrive - wisseninfotech.com/Documents/DQ-Checks-Shashi/Test_data/sample_data.csv
2026-01-11 16:31:27,655 - dq_unified - INFO - Loading data from CSV
2026-01-11 16:31:27,656 - dq_unified - INFO - Loading large CSV: C:/Users/003160/OneDrive - wisseninfotech.com/Documents/DQ-Checks-Shashi/Test_data/sample_data.csv
2026-01-11 16:31:27,660 - dq_unified - INFO - CSV file has 15 rows
2026-01-11 16:31:27,661 - dq_unified - INFO - Loading 15 rows from CSV...
2026-01-11 16:31:27,667 - dq_unified - INFO - Loaded 15 rows from CSV
2026-01-11 16:31:27,672 - dq_unified - INFO - Memory optimization: 0.0MB -> 0.0MB (Saved: 0.0MB)
2026-01-11 16:31:27,673 - dq_unified - INFO - Standardizing data types...
2026-01-11 16:31:27,676 - dq_unified - INFO - Data type standardization complete
2026-01-11 16:31:27,677 - dq_unified - INFO - Loaded 15 rows, 10 columns. Memory: 115.8MB total, 0.0MB for dataframe
2026-01-11 16:31:27,678 - dq_rules - INFO - Loaded data: 15 rows, 10 columns
2026-01-11 16:31:27,681 - dq_error_log - INFO - ErrorLogger initialized with database: dq_checks
2026-01-11 16:31:27,686 - dq_rules - INFO - DEFINING CUSTOM BUSINESS RULES
2026-01-11 16:31:27,687 - dq_rules - INFO - Available columns: ['CustomerName', 'Email', 'Phone', 'Salary', 'Department', 'JoinDate', 'PostalCode', 'City', 'Country', 'State']
2026-01-11 16:31:27,688 - dq_rules - INFO - Available columns: ['CustomerName', 'Email', 'Phone', 'Salary', 'Department', 'JoinDate', 'PostalCode', 'City', 'Country', 'State']
2026-01-11 16:31:27,689 - dq_rules - INFO - UI specified use_metadata_rules: False
2026-01-11 16:31:27,691 - dq_rules - INFO - User selected rule type: 6
2026-01-11 16:31:27,693 - dq_rules - INFO - CREATING COMPREHENSIVE RULE SET
2026-01-11 16:31:27,704 - dq_rules - INFO - THRESHOLD RULES SETUP
2026-01-11 16:31:27,706 - dq_rules - INFO - Available numeric columns: ['Phone', 'Salary', 'PostalCode']
2026-01-11 16:31:27,707 - dq_rules - INFO - Using default create_threshold: n
2026-01-11 16:31:27,710 - dq_rules - INFO - PATTERN RULES SETUP
2026-01-11 16:31:27,712 - dq_rules - INFO - Available string columns: ['CustomerName', 'Email', 'JoinDate', 'City', 'State']
2026-01-11 16:31:27,715 - dq_rules - INFO - Using default create_pattern: n
2026-01-11 16:31:27,721 - dq_rules - INFO - RANGE RULES SETUP
2026-01-11 16:31:27,722 - dq_rules - INFO - Available numeric columns: ['Phone', 'Salary', 'PostalCode']
2026-01-11 16:31:27,724 - dq_rules - INFO - Using default create_range: n
2026-01-11 16:31:27,727 - dq_rules - INFO - NULL CHECK RULES SETUP
2026-01-11 16:31:27,729 - dq_rules - INFO - Using default create_null_checks: y
2026-01-11 16:31:27,735 - dq_rules - INFO - Checking for columns with null values...
2026-01-11 16:31:27,738 - dq_rules - INFO - Found 1 null values in 'CustomerName'
2026-01-11 16:31:27,739 - dq_rules - INFO - Created null check rule for CustomerName
2026-01-11 16:31:27,741 - dq_rules - INFO - Found 1 null values in 'Email'
2026-01-11 16:31:27,743 - dq_rules - INFO - Created null check rule for Email
2026-01-11 16:31:27,746 - dq_rules - INFO - Found 2 null values in 'Salary'
2026-01-11 16:31:27,748 - dq_rules - INFO - Created null check rule for Salary
2026-01-11 16:31:27,751 - dq_rules - INFO - Found 1 null values in 'Department'
2026-01-11 16:31:27,752 - dq_rules - INFO - Created null check rule for Department
2026-01-11 16:31:27,754 - dq_rules - INFO - Found 1 null values in 'PostalCode'
2026-01-11 16:31:27,755 - dq_rules - INFO - Created null check rule for PostalCode
2026-01-11 16:31:27,758 - dq_rules - INFO - Found 1 null values in 'State'
2026-01-11 16:31:27,761 - dq_rules - INFO - Created null check rule for State
2026-01-11 16:31:27,767 - dq_rules - INFO - KPI THRESHOLD RULES SETUP
2026-01-11 16:31:27,767 - dq_rules - INFO - Using default create_kpi: n
2026-01-11 16:31:27,768 - dq_rules - INFO - Created comprehensive rule set with 6 rules
2026-01-11 16:31:27,771 - dq_rules - INFO - Defined 6 business rules
2026-01-11 16:31:27,773 - dq_rules - INFO - EXECUTING 6 BUSINESS RULES
2026-01-11 16:31:27,783 - dq_rules - INFO - Executing rule: CustomerName should have no null values (currently 1 nulls)
2026-01-11 16:31:27,783 - dq_rules - INFO - Safe executing rule: CustomerName should have no null values (currently 1 nulls) (threshold)
2026-01-11 16:31:27,784 - dq_rules - INFO - Executing threshold rule: CustomerName should have no null values (currently 1 nulls)
2026-01-11 16:31:27,786 - dq_rules - INFO - Threshold rule 'CustomerName should have no null values (currently 1 nulls)': 0 violations found
2026-01-11 16:31:27,788 - dq_rules - INFO - No violations found
2026-01-11 16:31:27,792 - dq_rules - INFO - Rule 'CustomerName should have no null values (currently 1 nulls)' completed with status: PASS
2026-01-11 16:31:27,796 - dq_rules - INFO - Executing rule: Email should have no null values (currently 1 nulls)
2026-01-11 16:31:27,797 - dq_rules - INFO - Safe executing rule: Email should have no null values (currently 1 nulls) (threshold)
2026-01-11 16:31:27,798 - dq_rules - INFO - Executing threshold rule: Email should have no null values (currently 1 nulls)
2026-01-11 16:31:27,800 - dq_rules - INFO - Threshold rule 'Email should have no null values (currently 1 nulls)': 0 violations found
2026-01-11 16:31:27,801 - dq_rules - INFO - No violations found
2026-01-11 16:31:27,803 - dq_rules - INFO - Rule 'Email should have no null values (currently 1 nulls)' completed with status: PASS
2026-01-11 16:31:27,805 - dq_rules - INFO - Executing rule: Salary should have no null values (currently 2 nulls)
2026-01-11 16:31:27,807 - dq_rules - INFO - Safe executing rule: Salary should have no null values (currently 2 nulls) (threshold)
2026-01-11 16:31:27,808 - dq_rules - INFO - Executing threshold rule: Salary should have no null values (currently 2 nulls)
2026-01-11 16:31:27,810 - dq_rules - INFO - Threshold rule 'Salary should have no null values (currently 2 nulls)': 0 violations found
2026-01-11 16:31:27,812 - dq_rules - INFO - No violations found
2026-01-11 16:31:27,814 - dq_rules - INFO - Rule 'Salary should have no null values (currently 2 nulls)' completed with status: PASS
2026-01-11 16:31:27,817 - dq_rules - INFO - Executing rule: Department should have no null values (currently 1 nulls)
2026-01-11 16:31:27,818 - dq_rules - INFO - Safe executing rule: Department should have no null values (currently 1 nulls) (threshold)
2026-01-11 16:31:27,819 - dq_rules - INFO - Executing threshold rule: Department should have no null values (currently 1 nulls)
2026-01-11 16:31:27,819 - dq_rules - INFO - Threshold rule 'Department should have no null values (currently 1 nulls)': 0 violations found
2026-01-11 16:31:27,821 - dq_rules - INFO - No violations found
2026-01-11 16:31:27,828 - dq_rules - INFO - Rule 'Department should have no null values (currently 1 nulls)' completed with status: PASS
2026-01-11 16:31:27,830 - dq_rules - INFO - Executing rule: PostalCode should have no null values (currently 1 nulls)
2026-01-11 16:31:27,831 - dq_rules - INFO - Safe executing rule: PostalCode should have no null values (currently 1 nulls) (threshold)
2026-01-11 16:31:27,831 - dq_rules - INFO - Executing threshold rule: PostalCode should have no null values (currently 1 nulls)
2026-01-11 16:31:27,834 - dq_rules - INFO - Threshold rule 'PostalCode should have no null values (currently 1 nulls)': 0 violations found
2026-01-11 16:31:27,834 - dq_rules - INFO - No violations found
2026-01-11 16:31:27,836 - dq_rules - INFO - Rule 'PostalCode should have no null values (currently 1 nulls)' completed with status: PASS
2026-01-11 16:31:27,843 - dq_rules - INFO - Executing rule: State should have no null values (currently 1 nulls)
2026-01-11 16:31:27,844 - dq_rules - INFO - Safe executing rule: State should have no null values (currently 1 nulls) (threshold)
2026-01-11 16:31:27,844 - dq_rules - INFO - Executing threshold rule: State should have no null values (currently 1 nulls)
2026-01-11 16:31:27,846 - dq_rules - INFO - Threshold rule 'State should have no null values (currently 1 nulls)': 0 violations found
2026-01-11 16:31:27,848 - dq_rules - INFO - No violations found
2026-01-11 16:31:27,851 - dq_rules - INFO - Rule 'State should have no null values (currently 1 nulls)' completed with status: PASS
2026-01-11 16:31:27,852 - dq_rules - INFO - TOTAL VIOLATIONS ACROSS ALL RULES: 0
2026-01-11 16:31:27,854 - dq_rules - INFO - GENERATING BUSINESS RULES VALIDATION REPORT
2026-01-11 16:31:27,871 - dq_error_log - INFO - Retrieved 0 errors for session RULES_20260111_163127
2026-01-11 16:31:27,872 - dq_rules - INFO - DQ Score Calculation: Total=15, Bad=0, Good=15, Score=100.00%, Grade=A
2026-01-11 16:31:27,873 - dq_audit - INFO - Audit class initialized with database: dq_checks
2026-01-11 16:31:27,874 - dq_audit - INFO - Starting database insertion for rules...
2026-01-11 16:31:27,896 - dq_audit - INFO - Inserted rules record with ID: 620
2026-01-11 16:31:27,897 - dq_rules - INFO - Audit record logged with ID: 620
2026-01-11 16:31:27,898 - dq_rules - INFO - Returning JSON report for API, Session: RULES_20260111_163127
2026-01-11 16:31:27,899 - dq_rules - INFO - GENERATING BUSINESS RULES VALIDATION REPORT FOR API
2026-01-11 16:31:27,900 - dq_rules - INFO - API Report: Rules Executed: 6, Compliance Score: 100.0%
2026-01-11 16:31:27,913 - dq_error_log - INFO - Retrieved 0 error logs for session RULES_20260111_163127
2026-01-11 16:31:27,928 - dq_error_log - INFO - Retrieved summary: 0 total errors for session RULES_20260111_163127
2026-01-11 16:31:27,929 - dq_audit - INFO - Audit class initialized with database: dq_checks
2026-01-11 16:31:27,949 - dq_audit - INFO - Retrieved 1 audit logs for session RULES_20260111_163127
2026-01-11 16:31:27,965 - dq_error_log - INFO - Retrieved 0 error logs for session RULES_20260111_163127
2026-01-11 16:31:27,980 - dq_error_log - INFO - Retrieved summary: 0 total errors for session RULES_20260111_163127
2026-01-11 16:31:28,001 - dq_audit - INFO - Retrieved 1 audit logs for session RULES_20260111_163127
2026-01-11 16:31:28,002 - __main__ - INFO - Business rules analysis completed for session RULES_20260111_163127
2026-01-11 16:31:28,003 - __main__ - INFO - Results keys: ['session_id', 'check_type', 'source_info', 'source_file', 'data_stats', 'rules_validation', 'summary', 'error_logs', 'error_summary', 'audit_logs']
2026-01-11 16:31:28,007 - __main__ - INFO - Rules Summary: 6 rules executed, 6 passed, 0 failed, Score: 100.0%
2026-01-11 16:31:28,010 - __main__ - INFO - Completed with status 200 in 0.388s
