2026-01-15 17:42:52,821 - __main__ - INFO - 🌐 API Server Logging Initialized
2026-01-15 17:42:52,824 - __main__ - INFO - 📝 Logs saved to: logs/dq_api_20260115_174252.log
2026-01-15 17:42:52,923 - dq_rules - WARNING - Could not load config from database: name 'get_db_connection' is not defined
2026-01-15 17:42:52,930 - __main__ - INFO - APP_SETTINGS loaded. Audit enabled: True
2026-01-15 17:42:52,931 - __main__ - INFO - ✅ All DQ modules loaded successfully
2026-01-15 17:42:52,939 - dq_error_log - INFO - ErrorLogger initialized with database: dq_checks
2026-01-15 17:42:52,940 - dq_audit - INFO - Audit class initialized with database: dq_checks
2026-01-15 17:42:52,942 - __main__ - INFO - ✅ ErrorLogger and DataQualityAudit initialized
2026-01-15 17:42:52,977 - __main__ - INFO - 🚀 Starting Data Quality Framework API
2026-01-15 17:42:52,980 - __main__ - INFO - 📊 Modules available: True
2026-01-15 17:42:52,981 - __main__ - INFO - 🔧 Config file mode: False
2026-01-15 17:42:52,982 - __main__ - INFO - 📋 Available endpoints:
2026-01-15 17:42:52,983 - __main__ - INFO -   GET  /              - API status
2026-01-15 17:42:52,985 - __main__ - INFO -   GET  /api/health    - Health check
2026-01-15 17:42:52,986 - __main__ - INFO -   POST /api/check-single - Single source analysis
2026-01-15 17:42:52,986 - __main__ - INFO -   POST /api/compare   - Source-target comparison
2026-01-15 17:42:52,988 - __main__ - INFO -   POST /api/upload    - File upload
2026-01-15 17:42:52,988 - __main__ - INFO -   GET  /api/sessions  - List sessions
2026-01-15 17:42:52,990 - __main__ - INFO -   GET  /api/sessions/<id> - Get session data
2026-01-15 17:42:52,992 - __main__ - INFO -   GET  /api/debug-db  - Database debug
2026-01-15 17:42:52,993 - __main__ - INFO - 🌍 Server starting on 0.0.0.0:5000 (debug=False)
2026-01-15 17:42:55,301 - __main__ - INFO - POST /api/advanced - Request started
2026-01-15 17:42:55,303 - __main__ - INFO - Advanced checks request received
2026-01-15 17:42:55,304 - __main__ - INFO - DEBUG: Received columns_input: [] (type: <class 'list'>)
2026-01-15 17:42:55,306 - __main__ - INFO - DEBUG: Using as-is: []
2026-01-15 17:42:55,308 - __main__ - INFO - Starting advanced checks for session ADV_20260115_174255_367fbe00
2026-01-15 17:42:55,310 - dq_advanced - INFO - Starting advanced checks in UI/API mode
2026-01-15 17:42:55,311 - dq_advanced - INFO - LOADING DATA FOR ADVANCED CHECKS
2026-01-15 17:42:55,312 - dq_unified - INFO - Prompting user for data source type
2026-01-15 17:42:55,314 - dq_unified - INFO - UI Data source_type: database
2026-01-15 17:42:55,316 - dq_unified - INFO - Using source_type from UI data: database
2026-01-15 17:42:55,318 - dq_unified - INFO - Loading data from DATABASE
2026-01-15 17:42:55,319 - dq_unified - INFO - Loading large database table: employee
2026-01-15 17:42:55,321 - dq_unified - INFO - Normalized DB config with schema: dq_checks
2026-01-15 17:42:55,636 - dq_unified - INFO - MySQL table employee has 89,999 rows
2026-01-15 17:42:55,637 - dq_unified - INFO - Loading 89,999 rows from MySQL...
2026-01-15 17:42:57,862 - dq_unified - INFO - Loaded 89,999 rows from MySQL
2026-01-15 17:42:58,897 - dq_unified - INFO - Memory optimization: 60.7MB -> 25.7MB (Saved: 35.0MB)
2026-01-15 17:42:58,899 - dq_unified - INFO - Standardizing data types...
2026-01-15 17:43:00,498 - dq_unified - INFO - Data type standardization complete
2026-01-15 17:43:00,635 - dq_unified - INFO - Loaded 89,999 rows, 12 columns. Memory: 205.6MB total, 18.9MB for dataframe
2026-01-15 17:43:00,637 - dq_advanced - INFO - Data loaded: 89,999 rows, 12 columns from Database: mysql - Table: employee
2026-01-15 17:43:00,637 - dq_error_log - INFO - ErrorLogger initialized with database: dq_checks
2026-01-15 17:43:00,659 - dq_error_log - INFO - Database connection successful
2026-01-15 17:43:00,663 - dq_advanced - INFO - Session ID: ADV_20260115_174300_3212
2026-01-15 17:43:00,664 - dq_advanced - INFO - Starting comprehensive validations on 89,999 rows, 12 columns
2026-01-15 17:43:00,665 - dq_advanced - INFO - Analyzing 12 columns...
2026-01-15 17:43:00,684 - dq_advanced - INFO - Analyzed column 'id': numeric with 2 patterns
2026-01-15 17:43:00,836 - dq_advanced - INFO - Analyzed column 'customer_id': text with 1 patterns
2026-01-15 17:43:00,983 - dq_advanced - INFO - Analyzed column 'transaction_id': text with 1 patterns
2026-01-15 17:43:01,091 - dq_advanced - INFO - Analyzed column 'customer_name': text with 0 patterns
2026-01-15 17:43:01,211 - dq_advanced - INFO - Analyzed column 'email': text with 1 patterns
2026-01-15 17:43:01,365 - dq_advanced - INFO - Analyzed column 'phone': text with 2 patterns
2026-01-15 17:43:01,459 - dq_advanced - INFO - Analyzed column 'transaction_date': text with 0 patterns
2026-01-15 17:43:01,492 - dq_advanced - INFO - Analyzed column 'amount': numeric with 0 patterns
2026-01-15 17:43:01,509 - dq_advanced - INFO - Analyzed column 'quantity': numeric with 1 patterns
2026-01-15 17:43:01,529 - dq_advanced - INFO - Analyzed column 'age': numeric with 2 patterns
2026-01-15 17:43:01,653 - dq_advanced - INFO - Analyzed column 'status': text with 0 patterns
2026-01-15 17:43:01,749 - dq_advanced - INFO - Analyzed column 'description': text with 0 patterns
2026-01-15 17:43:09,600 - dq_error_log - INFO - Starting batch logging for 69257 errors, session: ADV_20260115_174300_3212
2026-01-15 17:43:09,700 - dq_error_log - INFO - Batch 1: Successfully logged 500 errors
2026-01-15 17:43:09,802 - dq_error_log - INFO - Batch 2: Successfully logged 500 errors
2026-01-15 17:43:09,896 - dq_error_log - INFO - Batch 3: Successfully logged 500 errors
2026-01-15 17:43:09,997 - dq_error_log - INFO - Batch 4: Successfully logged 500 errors
2026-01-15 17:43:10,089 - dq_error_log - INFO - Batch 5: Successfully logged 500 errors
2026-01-15 17:43:10,186 - dq_error_log - INFO - Batch 6: Successfully logged 500 errors
2026-01-15 17:43:10,277 - dq_error_log - INFO - Batch 7: Successfully logged 500 errors
2026-01-15 17:43:10,373 - dq_error_log - INFO - Batch 8: Successfully logged 500 errors
2026-01-15 17:43:10,457 - dq_error_log - INFO - Batch 9: Successfully logged 500 errors
2026-01-15 17:43:10,538 - dq_error_log - INFO - Batch 10: Successfully logged 500 errors
2026-01-15 17:43:10,540 - dq_error_log - INFO - Progress: 5000/69257 errors processed
2026-01-15 17:43:10,639 - dq_error_log - INFO - Batch 11: Successfully logged 500 errors
2026-01-15 17:43:10,724 - dq_error_log - INFO - Batch 12: Successfully logged 500 errors
2026-01-15 17:43:10,836 - dq_error_log - INFO - Batch 13: Successfully logged 500 errors
2026-01-15 17:43:10,978 - dq_error_log - INFO - Batch 14: Successfully logged 500 errors
2026-01-15 17:43:11,061 - dq_error_log - INFO - Batch 15: Successfully logged 500 errors
2026-01-15 17:43:11,149 - dq_error_log - INFO - Batch 16: Successfully logged 500 errors
2026-01-15 17:43:11,252 - dq_error_log - INFO - Batch 17: Successfully logged 500 errors
2026-01-15 17:43:11,344 - dq_error_log - INFO - Batch 18: Successfully logged 500 errors
2026-01-15 17:43:11,427 - dq_error_log - INFO - Batch 19: Successfully logged 500 errors
2026-01-15 17:43:11,507 - dq_error_log - INFO - Batch 20: Successfully logged 500 errors
2026-01-15 17:43:11,509 - dq_error_log - INFO - Progress: 10000/69257 errors processed
2026-01-15 17:43:11,584 - dq_error_log - INFO - Batch 21: Successfully logged 500 errors
2026-01-15 17:43:11,669 - dq_error_log - INFO - Batch 22: Successfully logged 500 errors
2026-01-15 17:43:11,748 - dq_error_log - INFO - Batch 23: Successfully logged 500 errors
2026-01-15 17:43:11,835 - dq_error_log - INFO - Batch 24: Successfully logged 500 errors
2026-01-15 17:43:11,921 - dq_error_log - INFO - Batch 25: Successfully logged 500 errors
2026-01-15 17:43:12,006 - dq_error_log - INFO - Batch 26: Successfully logged 500 errors
2026-01-15 17:43:12,086 - dq_error_log - INFO - Batch 27: Successfully logged 500 errors
2026-01-15 17:43:12,192 - dq_error_log - INFO - Batch 28: Successfully logged 500 errors
2026-01-15 17:43:12,279 - dq_error_log - INFO - Batch 29: Successfully logged 500 errors
2026-01-15 17:43:12,369 - dq_error_log - INFO - Batch 30: Successfully logged 500 errors
2026-01-15 17:43:12,371 - dq_error_log - INFO - Progress: 15000/69257 errors processed
2026-01-15 17:43:12,465 - dq_error_log - INFO - Batch 31: Successfully logged 500 errors
2026-01-15 17:43:12,553 - dq_error_log - INFO - Batch 32: Successfully logged 500 errors
2026-01-15 17:43:12,641 - dq_error_log - INFO - Batch 33: Successfully logged 500 errors
2026-01-15 17:43:12,730 - dq_error_log - INFO - Batch 34: Successfully logged 500 errors
2026-01-15 17:43:12,828 - dq_error_log - INFO - Batch 35: Successfully logged 500 errors
2026-01-15 17:43:12,918 - dq_error_log - INFO - Batch 36: Successfully logged 500 errors
2026-01-15 17:43:13,000 - dq_error_log - INFO - Batch 37: Successfully logged 500 errors
2026-01-15 17:43:13,094 - dq_error_log - INFO - Batch 38: Successfully logged 500 errors
2026-01-15 17:43:13,177 - dq_error_log - INFO - Batch 39: Successfully logged 500 errors
2026-01-15 17:43:13,255 - dq_error_log - INFO - Batch 40: Successfully logged 500 errors
2026-01-15 17:43:13,256 - dq_error_log - INFO - Progress: 20000/69257 errors processed
2026-01-15 17:43:13,334 - dq_error_log - INFO - Batch 41: Successfully logged 500 errors
2026-01-15 17:43:13,437 - dq_error_log - INFO - Batch 42: Successfully logged 500 errors
2026-01-15 17:43:13,515 - dq_error_log - INFO - Batch 43: Successfully logged 500 errors
2026-01-15 17:43:13,594 - dq_error_log - INFO - Batch 44: Successfully logged 500 errors
2026-01-15 17:43:13,677 - dq_error_log - INFO - Batch 45: Successfully logged 500 errors
2026-01-15 17:43:13,754 - dq_error_log - INFO - Batch 46: Successfully logged 500 errors
2026-01-15 17:43:13,850 - dq_error_log - INFO - Batch 47: Successfully logged 500 errors
2026-01-15 17:43:13,936 - dq_error_log - INFO - Batch 48: Successfully logged 500 errors
2026-01-15 17:43:14,014 - dq_error_log - INFO - Batch 49: Successfully logged 500 errors
2026-01-15 17:43:14,096 - dq_error_log - INFO - Batch 50: Successfully logged 500 errors
2026-01-15 17:43:14,097 - dq_error_log - INFO - Progress: 25000/69257 errors processed
2026-01-15 17:43:14,181 - dq_error_log - INFO - Batch 51: Successfully logged 500 errors
2026-01-15 17:43:14,262 - dq_error_log - INFO - Batch 52: Successfully logged 500 errors
2026-01-15 17:43:14,339 - dq_error_log - INFO - Batch 53: Successfully logged 500 errors
2026-01-15 17:43:14,437 - dq_error_log - INFO - Batch 54: Successfully logged 500 errors
2026-01-15 17:43:14,591 - dq_error_log - INFO - Batch 55: Successfully logged 500 errors
2026-01-15 17:43:14,703 - dq_error_log - INFO - Batch 56: Successfully logged 500 errors
2026-01-15 17:43:14,797 - dq_error_log - INFO - Batch 57: Successfully logged 500 errors
2026-01-15 17:43:14,878 - dq_error_log - INFO - Batch 58: Successfully logged 500 errors
2026-01-15 17:43:14,969 - dq_error_log - INFO - Batch 59: Successfully logged 500 errors
2026-01-15 17:43:15,063 - dq_error_log - INFO - Batch 60: Successfully logged 500 errors
2026-01-15 17:43:15,063 - dq_error_log - INFO - Progress: 30000/69257 errors processed
2026-01-15 17:43:15,153 - dq_error_log - INFO - Batch 61: Successfully logged 500 errors
2026-01-15 17:43:15,229 - dq_error_log - INFO - Batch 62: Successfully logged 500 errors
2026-01-15 17:43:15,331 - dq_error_log - INFO - Batch 63: Successfully logged 500 errors
2026-01-15 17:43:15,426 - dq_error_log - INFO - Batch 64: Successfully logged 500 errors
2026-01-15 17:43:15,519 - dq_error_log - INFO - Batch 65: Successfully logged 500 errors
2026-01-15 17:43:15,621 - dq_error_log - INFO - Batch 66: Successfully logged 500 errors
2026-01-15 17:43:15,714 - dq_error_log - INFO - Batch 67: Successfully logged 500 errors
2026-01-15 17:43:15,805 - dq_error_log - INFO - Batch 68: Successfully logged 500 errors
2026-01-15 17:43:15,932 - dq_error_log - INFO - Batch 69: Successfully logged 500 errors
2026-01-15 17:43:16,007 - dq_error_log - INFO - Batch 70: Successfully logged 500 errors
2026-01-15 17:43:16,009 - dq_error_log - INFO - Progress: 35000/69257 errors processed
2026-01-15 17:43:16,081 - dq_error_log - INFO - Batch 71: Successfully logged 500 errors
2026-01-15 17:43:16,160 - dq_error_log - INFO - Batch 72: Successfully logged 500 errors
2026-01-15 17:43:16,223 - dq_error_log - INFO - Batch 73: Successfully logged 500 errors
2026-01-15 17:43:16,314 - dq_error_log - INFO - Batch 74: Successfully logged 500 errors
2026-01-15 17:43:16,390 - dq_error_log - INFO - Batch 75: Successfully logged 500 errors
2026-01-15 17:43:16,474 - dq_error_log - INFO - Batch 76: Successfully logged 500 errors
2026-01-15 17:43:16,561 - dq_error_log - INFO - Batch 77: Successfully logged 500 errors
2026-01-15 17:43:16,663 - dq_error_log - INFO - Batch 78: Successfully logged 500 errors
2026-01-15 17:43:16,754 - dq_error_log - INFO - Batch 79: Successfully logged 500 errors
2026-01-15 17:43:16,848 - dq_error_log - INFO - Batch 80: Successfully logged 500 errors
2026-01-15 17:43:16,850 - dq_error_log - INFO - Progress: 40000/69257 errors processed
2026-01-15 17:43:16,944 - dq_error_log - INFO - Batch 81: Successfully logged 500 errors
2026-01-15 17:43:17,033 - dq_error_log - INFO - Batch 82: Successfully logged 500 errors
2026-01-15 17:43:17,145 - dq_error_log - INFO - Batch 83: Successfully logged 500 errors
2026-01-15 17:43:17,440 - dq_error_log - INFO - Batch 84: Successfully logged 500 errors
2026-01-15 17:43:17,544 - dq_error_log - INFO - Batch 85: Successfully logged 500 errors
2026-01-15 17:43:17,635 - dq_error_log - INFO - Batch 86: Successfully logged 500 errors
2026-01-15 17:43:17,715 - dq_error_log - INFO - Batch 87: Successfully logged 500 errors
2026-01-15 17:43:17,786 - dq_error_log - INFO - Batch 88: Successfully logged 500 errors
2026-01-15 17:43:17,878 - dq_error_log - INFO - Batch 89: Successfully logged 500 errors
2026-01-15 17:43:17,965 - dq_error_log - INFO - Batch 90: Successfully logged 500 errors
2026-01-15 17:43:17,966 - dq_error_log - INFO - Progress: 45000/69257 errors processed
2026-01-15 17:43:18,041 - dq_error_log - INFO - Batch 91: Successfully logged 500 errors
2026-01-15 17:43:18,134 - dq_error_log - INFO - Batch 92: Successfully logged 500 errors
2026-01-15 17:43:18,214 - dq_error_log - INFO - Batch 93: Successfully logged 500 errors
2026-01-15 17:43:18,299 - dq_error_log - INFO - Batch 94: Successfully logged 500 errors
2026-01-15 17:43:18,380 - dq_error_log - INFO - Batch 95: Successfully logged 500 errors
2026-01-15 17:43:18,458 - dq_error_log - INFO - Batch 96: Successfully logged 500 errors
2026-01-15 17:43:18,559 - dq_error_log - INFO - Batch 97: Successfully logged 500 errors
2026-01-15 17:43:18,660 - dq_error_log - INFO - Batch 98: Successfully logged 500 errors
2026-01-15 17:43:18,747 - dq_error_log - INFO - Batch 99: Successfully logged 500 errors
2026-01-15 17:43:18,825 - dq_error_log - INFO - Batch 100: Successfully logged 500 errors
2026-01-15 17:43:18,827 - dq_error_log - INFO - Progress: 50000/69257 errors processed
2026-01-15 17:43:18,919 - dq_error_log - INFO - Batch 101: Successfully logged 500 errors
2026-01-15 17:43:19,024 - dq_error_log - INFO - Batch 102: Successfully logged 500 errors
2026-01-15 17:43:19,127 - dq_error_log - INFO - Batch 103: Successfully logged 500 errors
2026-01-15 17:43:19,221 - dq_error_log - INFO - Batch 104: Successfully logged 500 errors
2026-01-15 17:43:19,319 - dq_error_log - INFO - Batch 105: Successfully logged 500 errors
2026-01-15 17:43:19,415 - dq_error_log - INFO - Batch 106: Successfully logged 500 errors
2026-01-15 17:43:19,512 - dq_error_log - INFO - Batch 107: Successfully logged 500 errors
2026-01-15 17:43:19,615 - dq_error_log - INFO - Batch 108: Successfully logged 500 errors
2026-01-15 17:43:19,711 - dq_error_log - INFO - Batch 109: Successfully logged 500 errors
2026-01-15 17:43:19,842 - dq_error_log - INFO - Batch 110: Successfully logged 500 errors
2026-01-15 17:43:19,844 - dq_error_log - INFO - Progress: 55000/69257 errors processed
2026-01-15 17:43:19,940 - dq_error_log - INFO - Batch 111: Successfully logged 500 errors
2026-01-15 17:43:20,027 - dq_error_log - INFO - Batch 112: Successfully logged 500 errors
2026-01-15 17:43:20,103 - dq_error_log - INFO - Batch 113: Successfully logged 500 errors
2026-01-15 17:43:20,185 - dq_error_log - INFO - Batch 114: Successfully logged 500 errors
2026-01-15 17:43:20,275 - dq_error_log - INFO - Batch 115: Successfully logged 500 errors
2026-01-15 17:43:20,351 - dq_error_log - INFO - Batch 116: Successfully logged 500 errors
2026-01-15 17:43:20,432 - dq_error_log - INFO - Batch 117: Successfully logged 500 errors
2026-01-15 17:43:20,509 - dq_error_log - INFO - Batch 118: Successfully logged 500 errors
2026-01-15 17:43:20,595 - dq_error_log - INFO - Batch 119: Successfully logged 500 errors
2026-01-15 17:43:20,675 - dq_error_log - INFO - Batch 120: Successfully logged 500 errors
2026-01-15 17:43:20,677 - dq_error_log - INFO - Progress: 60000/69257 errors processed
2026-01-15 17:43:20,759 - dq_error_log - INFO - Batch 121: Successfully logged 500 errors
2026-01-15 17:43:20,838 - dq_error_log - INFO - Batch 122: Successfully logged 500 errors
2026-01-15 17:43:20,917 - dq_error_log - INFO - Batch 123: Successfully logged 500 errors
2026-01-15 17:43:20,996 - dq_error_log - INFO - Batch 124: Successfully logged 500 errors
2026-01-15 17:43:21,114 - dq_error_log - INFO - Batch 125: Successfully logged 500 errors
2026-01-15 17:43:21,199 - dq_error_log - INFO - Batch 126: Successfully logged 500 errors
2026-01-15 17:43:21,288 - dq_error_log - INFO - Batch 127: Successfully logged 500 errors
2026-01-15 17:43:21,368 - dq_error_log - INFO - Batch 128: Successfully logged 500 errors
2026-01-15 17:43:21,442 - dq_error_log - INFO - Batch 129: Successfully logged 500 errors
2026-01-15 17:43:21,520 - dq_error_log - INFO - Batch 130: Successfully logged 500 errors
2026-01-15 17:43:21,521 - dq_error_log - INFO - Progress: 65000/69257 errors processed
2026-01-15 17:43:21,601 - dq_error_log - INFO - Batch 131: Successfully logged 500 errors
2026-01-15 17:43:21,689 - dq_error_log - INFO - Batch 132: Successfully logged 500 errors
2026-01-15 17:43:21,772 - dq_error_log - INFO - Batch 133: Successfully logged 500 errors
2026-01-15 17:43:21,859 - dq_error_log - INFO - Batch 134: Successfully logged 500 errors
2026-01-15 17:43:21,941 - dq_error_log - INFO - Batch 135: Successfully logged 500 errors
2026-01-15 17:43:22,020 - dq_error_log - INFO - Batch 136: Successfully logged 500 errors
2026-01-15 17:43:22,101 - dq_error_log - INFO - Batch 137: Successfully logged 500 errors
2026-01-15 17:43:22,186 - dq_error_log - INFO - Batch 138: Successfully logged 500 errors
2026-01-15 17:43:22,247 - dq_error_log - INFO - Batch 139: Successfully logged 257 errors
2026-01-15 17:43:22,249 - dq_error_log - INFO - Progress: 69257/69257 errors processed
2026-01-15 17:43:22,250 - dq_error_log - INFO - COMPLETE: Logged 69257/69257 errors for session ADV_20260115_174300_3212
2026-01-15 17:43:22,252 - dq_audit - INFO - Audit class initialized with database: dq_checks
2026-01-15 17:43:22,253 - dq_audit - INFO - Starting database insertion for advanced...
2026-01-15 17:43:22,280 - dq_audit - INFO - Inserted advanced record with ID: 702
2026-01-15 17:43:22,282 - dq_advanced - INFO - Audit record logged with ID: 702
2026-01-15 17:43:22,806 - dq_error_log - INFO - Retrieved 100 error logs for session ADV_20260115_174300_3212
2026-01-15 17:43:23,501 - dq_error_log - INFO - Retrieved summary: 69257 total errors for session ADV_20260115_174300_3212
2026-01-15 17:43:23,503 - dq_audit - INFO - Audit class initialized with database: dq_checks
2026-01-15 17:43:23,530 - dq_audit - INFO - Retrieved 1 audit logs for session ADV_20260115_174300_3212
2026-01-15 17:43:23,532 - dq_advanced - INFO - Advanced checks completed for session ADV_20260115_174300_3212
2026-01-15 17:43:24,132 - dq_error_log - INFO - Retrieved 200 error logs for session ADV_20260115_174300_3212
2026-01-15 17:43:24,846 - dq_error_log - INFO - Retrieved summary: 69257 total errors for session ADV_20260115_174300_3212
2026-01-15 17:43:24,864 - dq_audit - INFO - Retrieved 1 audit logs for session ADV_20260115_174300_3212
2026-01-15 17:43:24,865 - __main__ - INFO - Advanced checks completed for session ADV_20260115_174300_3212
2026-01-15 17:43:26,282 - __main__ - INFO - Completed with status 200 in 30.981s
2026-01-15 17:44:15,656 - __main__ - INFO - GET /api/compare/ADV_20260115_174300_3212 - Request started
2026-01-15 17:44:15,659 - __main__ - INFO - Completed with status 400 in 0.002s
