2026-02-16 13:59:35,926 - __main__ - INFO - 🌐 API Server Logging Initialized
2026-02-16 13:59:35,927 - __main__ - INFO - 📝 Logs saved to: logs/dq_api_20260216_135935.log
2026-02-16 13:59:36,119 - __main__ - INFO - APP_SETTINGS loaded. Audit enabled: True
2026-02-16 13:59:36,120 - __main__ - INFO - ✅ All DQ modules loaded successfully
2026-02-16 13:59:36,121 - dq_error_log - INFO - ErrorLogger initialized with database: dq_checks
2026-02-16 13:59:36,122 - dq_audit - INFO - Audit class initialized with database: dq_checks
2026-02-16 13:59:36,122 - __main__ - INFO - ✅ ErrorLogger and DataQualityAudit initialized
2026-02-16 13:59:36,130 - __main__ - INFO - 🚀 Starting Data Quality Framework API
2026-02-16 13:59:36,131 - __main__ - INFO - 📊 Modules available: True
2026-02-16 13:59:36,132 - __main__ - INFO - 🔧 Config file mode: False
2026-02-16 13:59:36,132 - __main__ - INFO - 📋 Available endpoints:
2026-02-16 13:59:36,133 - __main__ - INFO -   GET  /              - API status
2026-02-16 13:59:36,133 - __main__ - INFO -   GET  /api/health    - Health check
2026-02-16 13:59:36,133 - __main__ - INFO -   POST /api/check-single - Single source analysis
2026-02-16 13:59:36,134 - __main__ - INFO -   POST /api/compare   - Source-target comparison
2026-02-16 13:59:36,134 - __main__ - INFO -   GET  /api/compare/{id} - Get comparison results
2026-02-16 13:59:36,135 - __main__ - INFO -   GET  /api/compare/{id}/mismatches - Paginated mismatches
2026-02-16 13:59:36,136 - __main__ - INFO -   GET  /api/compare/{id}/rows/count - Row counts
2026-02-16 13:59:36,136 - __main__ - INFO -   POST /api/upload    - File upload
2026-02-16 13:59:36,137 - __main__ - INFO -   GET  /api/sessions  - List sessions
2026-02-16 13:59:36,137 - __main__ - INFO -   GET  /api/sessions/<id> - Get session data
2026-02-16 13:59:36,138 - __main__ - INFO -   GET  /api/debug-db  - Database debug
2026-02-16 13:59:36,138 - __main__ - INFO - 🌍 Server starting on 0.0.0.0:5000 (debug=False)
2026-02-16 14:00:55,661 - __main__ - INFO - POST /api/upload - Request started
2026-02-16 14:00:55,695 - __main__ - INFO - File uploaded: 20260216_140055_kpi_fail_dataset.xlsx (excel)
2026-02-16 14:00:55,696 - __main__ - INFO - Completed with status 200 in 0.036s
2026-02-16 14:00:55,905 - __main__ - INFO - GET /api/rules - Request started
2026-02-16 14:00:55,906 - dq_error_log - INFO - ErrorLogger initialized with database: dq_checks
2026-02-16 14:00:55,906 - dq_audit - INFO - Audit class initialized with database: dq_checks
2026-02-16 14:00:56,098 - mysql.connector - INFO - package: mysql.connector.plugins
2026-02-16 14:00:56,099 - mysql.connector - INFO - plugin_name: caching_sha2_password
2026-02-16 14:00:56,099 - mysql.connector - INFO - AUTHENTICATION_PLUGIN_CLASS: MySQLCachingSHA2PasswordAuthPlugin
2026-02-16 14:00:56,101 - mysql.connector - INFO - package: mysql.connector.plugins
2026-02-16 14:00:56,102 - mysql.connector - INFO - plugin_name: mysql_native_password
2026-02-16 14:00:56,112 - mysql.connector - INFO - AUTHENTICATION_PLUGIN_CLASS: MySQLNativePasswordAuthPlugin
2026-02-16 14:00:56,121 - dq_rules - INFO - Retrieved 4 business rules
2026-02-16 14:00:56,122 - __main__ - INFO - Completed with status 200 in 0.217s
2026-02-16 14:00:56,132 - __main__ - INFO - GET /api/rules - Request started
2026-02-16 14:00:56,133 - dq_error_log - INFO - ErrorLogger initialized with database: dq_checks
2026-02-16 14:00:56,133 - dq_audit - INFO - Audit class initialized with database: dq_checks
2026-02-16 14:00:56,206 - dq_rules - INFO - Retrieved 4 business rules
2026-02-16 14:00:56,208 - __main__ - INFO - Completed with status 200 in 0.076s
2026-02-16 14:01:00,690 - __main__ - INFO - POST /api/rules/execute - Request started
2026-02-16 14:01:00,691 - dq_rules - INFO - Starting business rules analysis in UI/API mode
2026-02-16 14:01:00,770 - dq_rules - INFO - Business rules tables created/verified successfully
2026-02-16 14:01:00,771 - dq_rules - INFO - Loading data for rules analysis
2026-02-16 14:01:00,771 - dq_unified - INFO - Prompting user for data source type
2026-02-16 14:01:00,771 - dq_unified - INFO - UI Data source_type: excel
2026-02-16 14:01:00,772 - dq_unified - INFO - Using source_type from UI data: excel
2026-02-16 14:01:00,772 - dq_unified - INFO - Loading data from EXCEL
2026-02-16 14:01:00,772 - dq_unified - INFO - Loading large Excel: C:/Users/006398/Desktop/Accilerator/Data_Quality_Framework/uploads/20260216_140055_kpi_fail_dataset.xlsx
2026-02-16 14:01:02,304 - dq_unified - INFO - Loading Excel file...
2026-02-16 14:01:02,322 - dq_unified - INFO - Loaded 10 rows from Excel
2026-02-16 14:01:02,326 - dq_unified - INFO - Memory optimization: 0.0MB -> 0.0MB (Saved: 0.0MB)
2026-02-16 14:01:02,327 - dq_unified - INFO - Loaded 10 rows, 7 columns. Memory: 117.9MB total, 0.0MB for dataframe
2026-02-16 14:01:02,328 - dq_rules - INFO - Data loaded: 10 rows, 7 columns from EXCEL: 20260216_140055_kpi_fail_dataset.xlsx
2026-02-16 14:01:02,328 - dq_error_log - INFO - ErrorLogger initialized with database: dq_checks
2026-02-16 14:01:02,329 - dq_audit - INFO - Audit class initialized with database: dq_checks
2026-02-16 14:01:02,329 - dq_rules - INFO - BusinessRuleEngine session set to: RULES_20260216_140102_6463
2026-02-16 14:01:02,329 - dq_rules - INFO - Session ID: RULES_20260216_140102_6463
2026-02-16 14:01:02,404 - dq_rules - INFO - Retrieved 4 business rules
2026-02-16 14:01:02,405 - dq_rules - INFO - Executing specific rules: [80]
2026-02-16 14:01:02,406 - dq_rules - INFO - Executing rule: kpi_email_null_fail1 (kpi)
2026-02-16 14:01:02,481 - dq_rules - INFO - Logged 1 rule executions to database
2026-02-16 14:01:02,482 - dq_rules - INFO - Rule execution completed: 1 rules, 0 violations, DQ Score: 100.0%
2026-02-16 14:01:02,482 - dq_audit - INFO - Starting database insertion for business_rules...
2026-02-16 14:01:02,549 - dq_audit - INFO - Inserted business_rules record with ID: 703
2026-02-16 14:01:02,550 - dq_rules - INFO - Audit record logged for business rules session: RULES_20260216_140102_6463
2026-02-16 14:01:02,624 - dq_error_log - INFO - Retrieved 0 error logs for session RULES_20260216_140102_6463
2026-02-16 14:01:02,688 - dq_error_log - INFO - Retrieved summary: 0 total errors for session RULES_20260216_140102_6463
2026-02-16 14:01:02,752 - dq_audit - INFO - Retrieved 1 audit logs for session RULES_20260216_140102_6463
2026-02-16 14:01:02,754 - dq_rules - INFO - Business rules analysis completed for session RULES_20260216_140102_6463
2026-02-16 14:01:02,755 - __main__ - INFO - Completed with status 200 in 2.065s
2026-02-16 14:01:02,765 - __main__ - INFO - GET /api/rules/violations/RULES_20260216_140102_6463 - Request started
2026-02-16 14:01:02,766 - dq_error_log - INFO - ErrorLogger initialized with database: dq_checks
2026-02-16 14:01:02,766 - dq_audit - INFO - Audit class initialized with database: dq_checks
2026-02-16 14:01:02,848 - __main__ - INFO - Completed with status 200 in 0.083s
2026-02-16 14:01:35,690 - __main__ - INFO - POST /api/upload - Request started
2026-02-16 14:01:35,723 - __main__ - INFO - File uploaded: 20260216_140135_rulseexel.xlsx (excel)
2026-02-16 14:01:35,724 - __main__ - INFO - Completed with status 200 in 0.035s
2026-02-16 14:01:35,740 - __main__ - INFO - GET /api/rules - Request started
2026-02-16 14:01:35,740 - dq_error_log - INFO - ErrorLogger initialized with database: dq_checks
2026-02-16 14:01:35,741 - dq_audit - INFO - Audit class initialized with database: dq_checks
2026-02-16 14:01:35,822 - dq_rules - INFO - Retrieved 4 business rules
2026-02-16 14:01:35,823 - __main__ - INFO - Completed with status 200 in 0.082s
2026-02-16 14:01:35,835 - __main__ - INFO - GET /api/rules - Request started
2026-02-16 14:01:35,836 - dq_error_log - INFO - ErrorLogger initialized with database: dq_checks
2026-02-16 14:01:35,836 - dq_audit - INFO - Audit class initialized with database: dq_checks
2026-02-16 14:01:35,915 - dq_rules - INFO - Retrieved 4 business rules
2026-02-16 14:01:35,916 - __main__ - INFO - Completed with status 200 in 0.082s
2026-02-16 14:01:48,143 - __main__ - INFO - POST /api/rules - Request started
2026-02-16 14:01:48,144 - dq_error_log - INFO - ErrorLogger initialized with database: dq_checks
2026-02-16 14:01:48,145 - dq_audit - INFO - Audit class initialized with database: dq_checks
2026-02-16 14:01:48,218 - dq_rules - INFO - Created new rule: email check (ID: 81)
2026-02-16 14:01:48,219 - __main__ - INFO - Completed with status 201 in 0.076s
2026-02-16 14:01:48,231 - __main__ - INFO - GET /api/rules - Request started
2026-02-16 14:01:48,232 - dq_error_log - INFO - ErrorLogger initialized with database: dq_checks
2026-02-16 14:01:48,233 - dq_audit - INFO - Audit class initialized with database: dq_checks
2026-02-16 14:01:48,306 - dq_rules - INFO - Retrieved 5 business rules
2026-02-16 14:01:48,307 - __main__ - INFO - Completed with status 200 in 0.076s
2026-02-16 14:01:53,358 - __main__ - INFO - POST /api/rules/execute - Request started
2026-02-16 14:01:53,359 - dq_rules - INFO - Starting business rules analysis in UI/API mode
2026-02-16 14:01:53,430 - dq_rules - INFO - Business rules tables created/verified successfully
2026-02-16 14:01:53,431 - dq_rules - INFO - Loading data for rules analysis
2026-02-16 14:01:53,432 - dq_unified - INFO - Prompting user for data source type
2026-02-16 14:01:53,433 - dq_unified - INFO - UI Data source_type: excel
2026-02-16 14:01:53,433 - dq_unified - INFO - Using source_type from UI data: excel
2026-02-16 14:01:53,434 - dq_unified - INFO - Loading data from EXCEL
2026-02-16 14:01:53,434 - dq_unified - INFO - Loading large Excel: C:/Users/006398/Desktop/Accilerator/Data_Quality_Framework/uploads/20260216_140135_rulseexel.xlsx
2026-02-16 14:01:53,446 - dq_unified - INFO - Loading Excel file...
2026-02-16 14:01:53,459 - dq_unified - INFO - Loaded 20 rows from Excel
2026-02-16 14:01:53,462 - dq_unified - INFO - Memory optimization: 0.0MB -> 0.0MB (Saved: 0.0MB)
2026-02-16 14:01:53,463 - dq_unified - INFO - Loaded 20 rows, 11 columns. Memory: 119.3MB total, 0.0MB for dataframe
2026-02-16 14:01:53,464 - dq_rules - INFO - Data loaded: 20 rows, 11 columns from EXCEL: 20260216_140135_rulseexel.xlsx
2026-02-16 14:01:53,464 - dq_error_log - INFO - ErrorLogger initialized with database: dq_checks
2026-02-16 14:01:53,464 - dq_audit - INFO - Audit class initialized with database: dq_checks
2026-02-16 14:01:53,465 - dq_rules - INFO - BusinessRuleEngine session set to: RULES_20260216_140153_7066
2026-02-16 14:01:53,465 - dq_rules - INFO - Session ID: RULES_20260216_140153_7066
2026-02-16 14:01:53,525 - dq_rules - INFO - Retrieved 5 business rules
2026-02-16 14:01:53,526 - dq_rules - INFO - Executing specific rules: [81]
2026-02-16 14:01:53,526 - dq_rules - INFO - Executing rule: email check (mandatory)
2026-02-16 14:01:53,592 - dq_rules - INFO - Logged 1 rule executions to database
2026-02-16 14:01:53,593 - dq_error_log - INFO - Starting batch logging for 1 errors, session: RULES_20260216_140153_7066
2026-02-16 14:01:53,659 - dq_error_log - INFO - Batch 1: Successfully logged 1 errors
2026-02-16 14:01:53,660 - dq_error_log - INFO - Progress: 1/1 errors processed
2026-02-16 14:01:53,661 - dq_error_log - INFO - COMPLETE: Logged 1/1 errors for session RULES_20260216_140153_7066
2026-02-16 14:01:53,724 - dq_rules - INFO - Inserted 1 into dq_rule_violations
2026-02-16 14:01:53,725 - dq_rules - INFO - Logged 1 rule violations to error logs
2026-02-16 14:01:53,726 - dq_rules - INFO - Rule execution completed: 1 rules, 1 violations, DQ Score: 95.0%
2026-02-16 14:01:53,726 - dq_audit - INFO - Starting database insertion for business_rules...
2026-02-16 14:01:53,792 - dq_audit - INFO - Inserted business_rules record with ID: 704
2026-02-16 14:01:53,793 - dq_rules - INFO - Audit record logged for business rules session: RULES_20260216_140153_7066
2026-02-16 14:01:53,856 - dq_error_log - INFO - Retrieved 1 error logs for session RULES_20260216_140153_7066
2026-02-16 14:01:53,921 - dq_error_log - INFO - Retrieved summary: 1 total errors for session RULES_20260216_140153_7066
2026-02-16 14:01:53,991 - dq_audit - INFO - Retrieved 1 audit logs for session RULES_20260216_140153_7066
2026-02-16 14:01:53,993 - dq_rules - INFO - Business rules analysis completed for session RULES_20260216_140153_7066
2026-02-16 14:01:53,994 - __main__ - INFO - Completed with status 200 in 0.636s
2026-02-16 14:01:54,004 - __main__ - INFO - GET /api/rules/violations/RULES_20260216_140153_7066 - Request started
2026-02-16 14:01:54,005 - dq_error_log - INFO - ErrorLogger initialized with database: dq_checks
2026-02-16 14:01:54,006 - dq_audit - INFO - Audit class initialized with database: dq_checks
2026-02-16 14:01:54,083 - __main__ - INFO - Completed with status 200 in 0.079s
2026-02-16 14:05:21,890 - __main__ - INFO - POST /api/upload - Request started
2026-02-16 14:05:21,931 - __main__ - INFO - File uploaded: 20260216_140521_rulseexel.xlsx (excel)
2026-02-16 14:05:21,932 - __main__ - INFO - Completed with status 200 in 0.042s
2026-02-16 14:05:22,148 - __main__ - INFO - GET /api/rules - Request started
2026-02-16 14:05:22,149 - dq_error_log - INFO - ErrorLogger initialized with database: dq_checks
2026-02-16 14:05:22,149 - dq_audit - INFO - Audit class initialized with database: dq_checks
2026-02-16 14:05:22,218 - dq_rules - INFO - Retrieved 5 business rules
2026-02-16 14:05:22,220 - __main__ - INFO - Completed with status 200 in 0.073s
2026-02-16 14:05:22,254 - __main__ - INFO - GET /api/rules - Request started
2026-02-16 14:05:22,255 - dq_error_log - INFO - ErrorLogger initialized with database: dq_checks
2026-02-16 14:05:22,255 - dq_audit - INFO - Audit class initialized with database: dq_checks
2026-02-16 14:05:22,321 - dq_rules - INFO - Retrieved 5 business rules
2026-02-16 14:05:22,322 - __main__ - INFO - Completed with status 200 in 0.068s
2026-02-16 14:06:10,459 - __main__ - INFO - POST /api/rules - Request started
2026-02-16 14:06:10,460 - dq_error_log - INFO - ErrorLogger initialized with database: dq_checks
2026-02-16 14:06:10,462 - dq_audit - INFO - Audit class initialized with database: dq_checks
2026-02-16 14:06:10,540 - dq_rules - INFO - Created new rule: empcount  (ID: 82)
2026-02-16 14:06:10,541 - __main__ - INFO - Completed with status 201 in 0.083s
2026-02-16 14:06:10,866 - __main__ - INFO - GET /api/rules - Request started
2026-02-16 14:06:10,866 - dq_error_log - INFO - ErrorLogger initialized with database: dq_checks
2026-02-16 14:06:10,867 - dq_audit - INFO - Audit class initialized with database: dq_checks
2026-02-16 14:06:10,932 - dq_rules - INFO - Retrieved 6 business rules
2026-02-16 14:06:10,933 - __main__ - INFO - Completed with status 200 in 0.067s
2026-02-16 14:06:13,838 - __main__ - INFO - POST /api/rules/execute - Request started
2026-02-16 14:06:13,839 - dq_rules - INFO - Starting business rules analysis in UI/API mode
2026-02-16 14:06:13,911 - dq_rules - INFO - Business rules tables created/verified successfully
2026-02-16 14:06:13,912 - dq_rules - INFO - Loading data for rules analysis
2026-02-16 14:06:13,912 - dq_unified - INFO - Prompting user for data source type
2026-02-16 14:06:13,913 - dq_unified - INFO - UI Data source_type: excel
2026-02-16 14:06:13,913 - dq_unified - INFO - Using source_type from UI data: excel
2026-02-16 14:06:13,913 - dq_unified - INFO - Loading data from EXCEL
2026-02-16 14:06:13,914 - dq_unified - INFO - Loading large Excel: C:/Users/006398/Desktop/Accilerator/Data_Quality_Framework/uploads/20260216_140521_rulseexel.xlsx
2026-02-16 14:06:13,926 - dq_unified - INFO - Loading Excel file...
2026-02-16 14:06:13,952 - dq_unified - INFO - Loaded 300 rows from Excel
2026-02-16 14:06:13,956 - dq_unified - INFO - Memory optimization: 0.1MB -> 0.0MB (Saved: 0.1MB)
2026-02-16 14:06:13,957 - dq_unified - INFO - Loaded 300 rows, 11 columns. Memory: 120.3MB total, 0.0MB for dataframe
2026-02-16 14:06:13,958 - dq_rules - INFO - Data loaded: 300 rows, 11 columns from EXCEL: 20260216_140521_rulseexel.xlsx
2026-02-16 14:06:13,958 - dq_error_log - INFO - ErrorLogger initialized with database: dq_checks
2026-02-16 14:06:13,958 - dq_audit - INFO - Audit class initialized with database: dq_checks
2026-02-16 14:06:13,959 - dq_rules - INFO - BusinessRuleEngine session set to: RULES_20260216_140613_2544
2026-02-16 14:06:13,959 - dq_rules - INFO - Session ID: RULES_20260216_140613_2544
2026-02-16 14:06:14,030 - dq_rules - INFO - Retrieved 6 business rules
2026-02-16 14:06:14,032 - dq_rules - INFO - Executing specific rules: [82]
2026-02-16 14:06:14,034 - dq_rules - INFO - Executing rule: empcount  (custom)
2026-02-16 14:06:14,107 - dq_rules - INFO - Logged 1 rule executions to database
2026-02-16 14:06:14,109 - dq_rules - INFO - Rule execution completed: 1 rules, 0 violations, DQ Score: 100.0%
2026-02-16 14:06:14,109 - dq_audit - INFO - Starting database insertion for business_rules...
2026-02-16 14:06:14,183 - dq_audit - INFO - Inserted business_rules record with ID: 705
2026-02-16 14:06:14,185 - dq_rules - INFO - Audit record logged for business rules session: RULES_20260216_140613_2544
2026-02-16 14:06:14,253 - dq_error_log - INFO - Retrieved 0 error logs for session RULES_20260216_140613_2544
2026-02-16 14:06:14,316 - dq_error_log - INFO - Retrieved summary: 0 total errors for session RULES_20260216_140613_2544
2026-02-16 14:06:14,381 - dq_audit - INFO - Retrieved 1 audit logs for session RULES_20260216_140613_2544
2026-02-16 14:06:14,382 - dq_rules - INFO - Business rules analysis completed for session RULES_20260216_140613_2544
2026-02-16 14:06:14,383 - __main__ - INFO - Completed with status 200 in 0.545s
2026-02-16 14:06:14,706 - __main__ - INFO - GET /api/rules/violations/RULES_20260216_140613_2544 - Request started
2026-02-16 14:06:14,707 - dq_error_log - INFO - ErrorLogger initialized with database: dq_checks
2026-02-16 14:06:14,707 - dq_audit - INFO - Audit class initialized with database: dq_checks
2026-02-16 14:06:14,780 - __main__ - INFO - Completed with status 200 in 0.074s
2026-02-16 14:08:41,130 - __main__ - INFO - POST /api/upload - Request started
2026-02-16 14:08:41,174 - __main__ - INFO - File uploaded: 20260216_140841_rulseexel_-_Copy.xlsx (excel)
2026-02-16 14:08:41,175 - __main__ - INFO - Completed with status 200 in 0.045s
2026-02-16 14:08:41,506 - __main__ - INFO - GET /api/rules - Request started
2026-02-16 14:08:41,507 - dq_error_log - INFO - ErrorLogger initialized with database: dq_checks
2026-02-16 14:08:41,508 - dq_audit - INFO - Audit class initialized with database: dq_checks
2026-02-16 14:08:41,579 - dq_rules - INFO - Retrieved 6 business rules
2026-02-16 14:08:41,581 - __main__ - INFO - Completed with status 200 in 0.074s
2026-02-16 14:08:41,757 - __main__ - INFO - GET /api/rules - Request started
2026-02-16 14:08:41,758 - dq_error_log - INFO - ErrorLogger initialized with database: dq_checks
2026-02-16 14:08:41,758 - dq_audit - INFO - Audit class initialized with database: dq_checks
2026-02-16 14:08:41,826 - dq_rules - INFO - Retrieved 6 business rules
2026-02-16 14:08:41,827 - __main__ - INFO - Completed with status 200 in 0.071s
2026-02-16 14:08:57,868 - __main__ - INFO - POST /api/rules - Request started
2026-02-16 14:08:57,869 - dq_error_log - INFO - ErrorLogger initialized with database: dq_checks
2026-02-16 14:08:57,870 - dq_audit - INFO - Audit class initialized with database: dq_checks
2026-02-16 14:08:57,938 - dq_rules - INFO - Created new rule: email pattern (ID: 83)
2026-02-16 14:08:57,939 - __main__ - INFO - Completed with status 201 in 0.072s
2026-02-16 14:08:58,261 - __main__ - INFO - GET /api/rules - Request started
2026-02-16 14:08:58,261 - dq_error_log - INFO - ErrorLogger initialized with database: dq_checks
2026-02-16 14:08:58,262 - dq_audit - INFO - Audit class initialized with database: dq_checks
2026-02-16 14:08:58,329 - dq_rules - INFO - Retrieved 7 business rules
2026-02-16 14:08:58,329 - __main__ - INFO - Completed with status 200 in 0.069s
2026-02-16 14:09:03,411 - __main__ - INFO - POST /api/rules/execute - Request started
2026-02-16 14:09:03,413 - dq_rules - INFO - Starting business rules analysis in UI/API mode
2026-02-16 14:09:03,484 - dq_rules - INFO - Business rules tables created/verified successfully
2026-02-16 14:09:03,485 - dq_rules - INFO - Loading data for rules analysis
2026-02-16 14:09:03,486 - dq_unified - INFO - Prompting user for data source type
2026-02-16 14:09:03,486 - dq_unified - INFO - UI Data source_type: excel
2026-02-16 14:09:03,487 - dq_unified - INFO - Using source_type from UI data: excel
2026-02-16 14:09:03,488 - dq_unified - INFO - Loading data from EXCEL
2026-02-16 14:09:03,488 - dq_unified - INFO - Loading large Excel: C:/Users/006398/Desktop/Accilerator/Data_Quality_Framework/uploads/20260216_140841_rulseexel_-_Copy.xlsx
2026-02-16 14:09:03,500 - dq_unified - INFO - Loading Excel file...
2026-02-16 14:09:03,524 - dq_unified - INFO - Loaded 300 rows from Excel
2026-02-16 14:09:03,529 - dq_unified - INFO - Memory optimization: 0.1MB -> 0.0MB (Saved: 0.1MB)
2026-02-16 14:09:03,530 - dq_unified - INFO - Loaded 300 rows, 11 columns. Memory: 120.7MB total, 0.0MB for dataframe
2026-02-16 14:09:03,531 - dq_rules - INFO - Data loaded: 300 rows, 11 columns from EXCEL: 20260216_140841_rulseexel_-_Copy.xlsx
2026-02-16 14:09:03,531 - dq_error_log - INFO - ErrorLogger initialized with database: dq_checks
2026-02-16 14:09:03,531 - dq_audit - INFO - Audit class initialized with database: dq_checks
2026-02-16 14:09:03,532 - dq_rules - INFO - BusinessRuleEngine session set to: RULES_20260216_140903_9804
2026-02-16 14:09:03,532 - dq_rules - INFO - Session ID: RULES_20260216_140903_9804
2026-02-16 14:09:03,590 - dq_rules - INFO - Retrieved 7 business rules
2026-02-16 14:09:03,591 - dq_rules - INFO - Executing specific rules: [83]
2026-02-16 14:09:03,591 - dq_rules - INFO - Executing rule: email pattern (pattern)
2026-02-16 14:09:03,655 - dq_rules - INFO - Logged 1 rule executions to database
2026-02-16 14:09:03,656 - dq_error_log - INFO - Starting batch logging for 47 errors, session: RULES_20260216_140903_9804
2026-02-16 14:09:03,715 - dq_error_log - INFO - Batch 1: Successfully logged 47 errors
2026-02-16 14:09:03,716 - dq_error_log - INFO - Progress: 47/47 errors processed
2026-02-16 14:09:03,716 - dq_error_log - INFO - COMPLETE: Logged 47/47 errors for session RULES_20260216_140903_9804
2026-02-16 14:09:03,798 - dq_rules - INFO - Inserted 47 into dq_rule_violations
2026-02-16 14:09:03,799 - dq_rules - INFO - Logged 47 rule violations to error logs
2026-02-16 14:09:03,800 - dq_rules - INFO - Rule execution completed: 1 rules, 47 violations, DQ Score: 84.3%
2026-02-16 14:09:03,800 - dq_audit - INFO - Starting database insertion for business_rules...
2026-02-16 14:09:03,862 - dq_audit - INFO - Inserted business_rules record with ID: 706
2026-02-16 14:09:03,864 - dq_rules - INFO - Audit record logged for business rules session: RULES_20260216_140903_9804
2026-02-16 14:09:03,927 - dq_error_log - INFO - Retrieved 47 error logs for session RULES_20260216_140903_9804
2026-02-16 14:09:03,986 - dq_error_log - INFO - Retrieved summary: 47 total errors for session RULES_20260216_140903_9804
2026-02-16 14:09:04,048 - dq_audit - INFO - Retrieved 1 audit logs for session RULES_20260216_140903_9804
2026-02-16 14:09:04,049 - dq_rules - INFO - Business rules analysis completed for session RULES_20260216_140903_9804
2026-02-16 14:09:04,053 - __main__ - INFO - Completed with status 200 in 0.642s
2026-02-16 14:09:04,382 - __main__ - INFO - GET /api/rules/violations/RULES_20260216_140903_9804 - Request started
2026-02-16 14:09:04,384 - dq_error_log - INFO - ErrorLogger initialized with database: dq_checks
2026-02-16 14:09:04,385 - dq_audit - INFO - Audit class initialized with database: dq_checks
2026-02-16 14:09:04,475 - __main__ - INFO - Completed with status 200 in 0.094s
2026-02-16 14:10:44,698 - __main__ - INFO - POST /api/upload - Request started
2026-02-16 14:10:44,741 - __main__ - INFO - File uploaded: 20260216_141044_rulseexel_-_Copy.xlsx (excel)
2026-02-16 14:10:44,742 - __main__ - INFO - Completed with status 200 in 0.043s
2026-02-16 14:10:44,942 - __main__ - INFO - GET /api/rules - Request started
2026-02-16 14:10:44,943 - dq_error_log - INFO - ErrorLogger initialized with database: dq_checks
2026-02-16 14:10:44,943 - dq_audit - INFO - Audit class initialized with database: dq_checks
2026-02-16 14:10:45,018 - dq_rules - INFO - Retrieved 7 business rules
2026-02-16 14:10:45,019 - __main__ - INFO - Completed with status 200 in 0.077s
2026-02-16 14:10:45,066 - __main__ - INFO - GET /api/rules - Request started
2026-02-16 14:10:45,067 - dq_error_log - INFO - ErrorLogger initialized with database: dq_checks
2026-02-16 14:10:45,067 - dq_audit - INFO - Audit class initialized with database: dq_checks
2026-02-16 14:10:45,139 - dq_rules - INFO - Retrieved 7 business rules
2026-02-16 14:10:45,140 - __main__ - INFO - Completed with status 200 in 0.074s
2026-02-16 14:10:49,235 - __main__ - INFO - POST /api/rules/execute - Request started
2026-02-16 14:10:49,236 - dq_rules - INFO - Starting business rules analysis in UI/API mode
2026-02-16 14:10:49,309 - dq_rules - INFO - Business rules tables created/verified successfully
2026-02-16 14:10:49,310 - dq_rules - INFO - Loading data for rules analysis
2026-02-16 14:10:49,310 - dq_unified - INFO - Prompting user for data source type
2026-02-16 14:10:49,311 - dq_unified - INFO - UI Data source_type: excel
2026-02-16 14:10:49,311 - dq_unified - INFO - Using source_type from UI data: excel
2026-02-16 14:10:49,311 - dq_unified - INFO - Loading data from EXCEL
2026-02-16 14:10:49,311 - dq_unified - INFO - Loading large Excel: C:/Users/006398/Desktop/Accilerator/Data_Quality_Framework/uploads/20260216_141044_rulseexel_-_Copy.xlsx
2026-02-16 14:10:49,322 - dq_unified - INFO - Loading Excel file...
2026-02-16 14:10:49,384 - dq_unified - INFO - Loaded 370 rows from Excel
2026-02-16 14:10:49,389 - dq_unified - INFO - Memory optimization: 0.1MB -> 0.0MB (Saved: 0.1MB)
2026-02-16 14:10:49,390 - dq_unified - INFO - Loaded 370 rows, 11 columns. Memory: 120.8MB total, 0.0MB for dataframe
2026-02-16 14:10:49,390 - dq_rules - INFO - Data loaded: 370 rows, 11 columns from EXCEL: 20260216_141044_rulseexel_-_Copy.xlsx
2026-02-16 14:10:49,390 - dq_error_log - INFO - ErrorLogger initialized with database: dq_checks
2026-02-16 14:10:49,391 - dq_audit - INFO - Audit class initialized with database: dq_checks
2026-02-16 14:10:49,391 - dq_rules - INFO - BusinessRuleEngine session set to: RULES_20260216_141049_2385
2026-02-16 14:10:49,392 - dq_rules - INFO - Session ID: RULES_20260216_141049_2385
2026-02-16 14:10:49,467 - dq_rules - INFO - Retrieved 7 business rules
2026-02-16 14:10:49,468 - dq_rules - INFO - Executing specific rules: [83]
2026-02-16 14:10:49,468 - dq_rules - INFO - Executing rule: email pattern (pattern)
2026-02-16 14:10:49,535 - dq_rules - INFO - Logged 1 rule executions to database
2026-02-16 14:10:49,536 - dq_error_log - INFO - Starting batch logging for 94 errors, session: RULES_20260216_141049_2385
2026-02-16 14:10:49,611 - dq_error_log - INFO - Batch 1: Successfully logged 94 errors
2026-02-16 14:10:49,612 - dq_error_log - INFO - Progress: 94/94 errors processed
2026-02-16 14:10:49,613 - dq_error_log - INFO - COMPLETE: Logged 94/94 errors for session RULES_20260216_141049_2385
2026-02-16 14:10:49,722 - dq_rules - INFO - Inserted 94 into dq_rule_violations
2026-02-16 14:10:49,723 - dq_rules - INFO - Logged 94 rule violations to error logs
2026-02-16 14:10:49,723 - dq_rules - INFO - Rule execution completed: 1 rules, 94 violations, DQ Score: 74.6%
2026-02-16 14:10:49,724 - dq_audit - INFO - Starting database insertion for business_rules...
2026-02-16 14:10:49,790 - dq_audit - INFO - Inserted business_rules record with ID: 707
2026-02-16 14:10:49,791 - dq_rules - INFO - Audit record logged for business rules session: RULES_20260216_141049_2385
2026-02-16 14:10:49,857 - dq_error_log - INFO - Retrieved 94 error logs for session RULES_20260216_141049_2385
2026-02-16 14:10:49,928 - dq_error_log - INFO - Retrieved summary: 94 total errors for session RULES_20260216_141049_2385
2026-02-16 14:10:49,993 - dq_audit - INFO - Retrieved 1 audit logs for session RULES_20260216_141049_2385
2026-02-16 14:10:49,994 - dq_rules - INFO - Business rules analysis completed for session RULES_20260216_141049_2385
2026-02-16 14:10:50,001 - __main__ - INFO - Completed with status 200 in 0.767s
2026-02-16 14:10:50,320 - __main__ - INFO - GET /api/rules/violations/RULES_20260216_141049_2385 - Request started
2026-02-16 14:10:50,321 - dq_error_log - INFO - ErrorLogger initialized with database: dq_checks
2026-02-16 14:10:50,321 - dq_audit - INFO - Audit class initialized with database: dq_checks
2026-02-16 14:10:50,389 - __main__ - INFO - Completed with status 200 in 0.069s
2026-02-16 14:10:54,002 - __main__ - INFO - GET /api/rules/violations/RULES_20260216_141049_2385 - Request started
2026-02-16 14:10:54,004 - dq_error_log - INFO - ErrorLogger initialized with database: dq_checks
2026-02-16 14:10:54,004 - dq_audit - INFO - Audit class initialized with database: dq_checks
2026-02-16 14:10:54,076 - __main__ - INFO - Completed with status 200 in 0.074s
2026-02-16 14:11:28,056 - __main__ - INFO - POST /api/database-hierarchy - Request started
2026-02-16 14:11:28,057 - __main__ - INFO - Getting database hierarchy for mysql
2026-02-16 14:11:28,058 - __main__ - INFO - Database: Not provided
2026-02-16 14:11:28,058 - __main__ - INFO - Schema: Not provided
2026-02-16 14:11:28,059 - database_navigator - INFO - DatabaseNavigator initialized
2026-02-16 14:11:28,059 - __main__ - INFO - Connecting with config: {'host': 'localhost', 'port': 3306, 'user': 'root', 'password': 'root'}
2026-02-16 14:11:28,060 - database_navigator - INFO - Connecting to MYSQL...
2026-02-16 14:11:28,129 - database_navigator - INFO - Successfully connected to MYSQL!
2026-02-16 14:11:28,129 - __main__ - INFO - Getting databases list...
2026-02-16 14:11:28,130 - database_navigator - INFO - get_databases() called. db_type: mysql, connection exists: True
2026-02-16 14:11:28,139 - database_navigator - INFO - Found 7 databases
2026-02-16 14:11:28,140 - __main__ - INFO - Found 7 databases
2026-02-16 14:11:28,141 - __main__ - INFO - Completed with status 200 in 0.085s
2026-02-16 14:11:30,333 - __main__ - INFO - POST /api/database-hierarchy - Request started
2026-02-16 14:11:30,334 - __main__ - INFO - Getting database hierarchy for mysql
2026-02-16 14:11:30,335 - __main__ - INFO - Database: dq_checks
2026-02-16 14:11:30,335 - __main__ - INFO - Schema: Not provided
2026-02-16 14:11:30,336 - database_navigator - INFO - DatabaseNavigator initialized
2026-02-16 14:11:30,336 - __main__ - INFO - Connecting with config: {'host': 'localhost', 'port': 3306, 'user': 'root', 'password': 'root'}
2026-02-16 14:11:30,336 - database_navigator - INFO - Connecting to MYSQL...
2026-02-16 14:11:30,395 - database_navigator - INFO - Successfully connected to MYSQL!
2026-02-16 14:11:30,396 - __main__ - INFO - Getting schemas for database: dq_checks
2026-02-16 14:11:30,397 - database_navigator - INFO - Found 1 schemas
2026-02-16 14:11:30,398 - __main__ - INFO - Found 1 schemas
2026-02-16 14:11:30,400 - __main__ - INFO - Completed with status 200 in 0.067s
2026-02-16 14:11:31,936 - __main__ - INFO - POST /api/database-hierarchy - Request started
2026-02-16 14:11:31,936 - __main__ - INFO - Getting database hierarchy for mysql
2026-02-16 14:11:31,937 - __main__ - INFO - Database: dq_checks
2026-02-16 14:11:31,937 - __main__ - INFO - Schema: dq_checks
2026-02-16 14:11:31,938 - database_navigator - INFO - DatabaseNavigator initialized
2026-02-16 14:11:31,938 - __main__ - INFO - Connecting with config: {'host': 'localhost', 'port': 3306, 'user': 'root', 'password': 'root'}
2026-02-16 14:11:31,939 - database_navigator - INFO - Connecting to MYSQL...
2026-02-16 14:11:32,004 - database_navigator - INFO - Successfully connected to MYSQL!
2026-02-16 14:11:32,005 - __main__ - INFO - Getting tables for database: dq_checks, schema: dq_checks
2026-02-16 14:11:32,017 - database_navigator - INFO - Found 28 tables in schema 'dq_checks'
2026-02-16 14:11:32,018 - __main__ - INFO - Found 28 tables
2026-02-16 14:11:32,020 - __main__ - INFO - Completed with status 200 in 0.084s
2026-02-16 14:11:36,344 - __main__ - INFO - GET /api/rules - Request started
2026-02-16 14:11:36,345 - dq_error_log - INFO - ErrorLogger initialized with database: dq_checks
2026-02-16 14:11:36,345 - dq_audit - INFO - Audit class initialized with database: dq_checks
2026-02-16 14:11:36,405 - dq_rules - INFO - Retrieved 7 business rules
2026-02-16 14:11:36,406 - __main__ - INFO - Completed with status 200 in 0.062s
2026-02-16 14:11:36,610 - __main__ - INFO - GET /api/rules - Request started
2026-02-16 14:11:36,611 - dq_error_log - INFO - ErrorLogger initialized with database: dq_checks
2026-02-16 14:11:36,611 - dq_audit - INFO - Audit class initialized with database: dq_checks
2026-02-16 14:11:36,672 - dq_rules - INFO - Retrieved 7 business rules
2026-02-16 14:11:36,674 - __main__ - INFO - Completed with status 200 in 0.064s
2026-02-16 14:11:43,441 - __main__ - INFO - POST /api/rules/execute - Request started
2026-02-16 14:11:43,441 - dq_rules - INFO - Starting business rules analysis in UI/API mode
2026-02-16 14:11:43,510 - dq_rules - INFO - Business rules tables created/verified successfully
2026-02-16 14:11:43,511 - dq_rules - INFO - Loading database data: .
2026-02-16 14:11:43,585 - dq_rules - ERROR - Database loading error: 1045 (28000): Access denied for user 'root'@'localhost' (using password: NO)
2026-02-16 14:11:43,586 - __main__ - INFO - Completed with status 200 in 0.145s
2026-02-16 14:11:43,907 - __main__ - INFO - GET /api/rules/violations/RULES_20260216_141143 - Request started
2026-02-16 14:11:43,908 - dq_error_log - INFO - ErrorLogger initialized with database: dq_checks
2026-02-16 14:11:43,908 - dq_audit - INFO - Audit class initialized with database: dq_checks
2026-02-16 14:11:43,972 - __main__ - INFO - Completed with status 200 in 0.065s
2026-02-16 14:11:49,167 - __main__ - INFO - GET /api/rules - Request started
2026-02-16 14:11:49,170 - dq_error_log - INFO - ErrorLogger initialized with database: dq_checks
2026-02-16 14:11:49,171 - dq_audit - INFO - Audit class initialized with database: dq_checks
2026-02-16 14:11:49,236 - dq_rules - INFO - Retrieved 7 business rules
2026-02-16 14:11:49,237 - __main__ - INFO - Completed with status 200 in 0.070s
2026-02-16 14:11:49,561 - __main__ - INFO - GET /api/rules - Request started
2026-02-16 14:11:49,562 - dq_error_log - INFO - ErrorLogger initialized with database: dq_checks
2026-02-16 14:11:49,562 - dq_audit - INFO - Audit class initialized with database: dq_checks
2026-02-16 14:11:49,626 - dq_rules - INFO - Retrieved 7 business rules
2026-02-16 14:11:49,627 - __main__ - INFO - Completed with status 200 in 0.066s
2026-02-16 14:12:51,643 - __main__ - INFO - POST /api/rules/execute - Request started
2026-02-16 14:12:51,644 - dq_rules - INFO - Starting business rules analysis in UI/API mode
2026-02-16 14:12:51,706 - dq_rules - INFO - Business rules tables created/verified successfully
2026-02-16 14:12:51,707 - dq_rules - INFO - Loading database data: .
2026-02-16 14:12:51,758 - dq_rules - ERROR - Database loading error: 1045 (28000): Access denied for user 'root'@'localhost' (using password: NO)
2026-02-16 14:12:51,760 - __main__ - INFO - Completed with status 200 in 0.118s
2026-02-16 14:12:51,906 - __main__ - INFO - GET /api/rules/violations/RULES_20260216_141251 - Request started
2026-02-16 14:12:51,907 - dq_error_log - INFO - ErrorLogger initialized with database: dq_checks
2026-02-16 14:12:51,909 - dq_audit - INFO - Audit class initialized with database: dq_checks
2026-02-16 14:12:51,976 - __main__ - INFO - Completed with status 200 in 0.070s
2026-02-16 14:15:57,510 - __main__ - INFO - POST /api/database-hierarchy - Request started
2026-02-16 14:15:57,512 - __main__ - INFO - Getting database hierarchy for mysql
2026-02-16 14:15:57,512 - __main__ - INFO - Database: Not provided
2026-02-16 14:15:57,513 - __main__ - INFO - Schema: Not provided
2026-02-16 14:15:57,513 - database_navigator - INFO - DatabaseNavigator initialized
2026-02-16 14:15:57,514 - __main__ - INFO - Connecting with config: {'host': 'localhost', 'port': 3306, 'user': 'root', 'password': 'root'}
2026-02-16 14:15:57,514 - database_navigator - INFO - Connecting to MYSQL...
2026-02-16 14:15:57,574 - database_navigator - INFO - Successfully connected to MYSQL!
2026-02-16 14:15:57,575 - __main__ - INFO - Getting databases list...
2026-02-16 14:15:57,575 - database_navigator - INFO - get_databases() called. db_type: mysql, connection exists: True
2026-02-16 14:15:57,582 - database_navigator - INFO - Found 7 databases
2026-02-16 14:15:57,583 - __main__ - INFO - Found 7 databases
2026-02-16 14:15:57,584 - __main__ - INFO - Completed with status 200 in 0.074s
2026-02-16 14:15:59,082 - __main__ - INFO - POST /api/database-hierarchy - Request started
2026-02-16 14:15:59,083 - __main__ - INFO - Getting database hierarchy for mysql
2026-02-16 14:15:59,084 - __main__ - INFO - Database: dq_checks
2026-02-16 14:15:59,084 - __main__ - INFO - Schema: Not provided
2026-02-16 14:15:59,085 - database_navigator - INFO - DatabaseNavigator initialized
2026-02-16 14:15:59,085 - __main__ - INFO - Connecting with config: {'host': 'localhost', 'port': 3306, 'user': 'root', 'password': 'root'}
2026-02-16 14:15:59,086 - database_navigator - INFO - Connecting to MYSQL...
2026-02-16 14:15:59,150 - database_navigator - INFO - Successfully connected to MYSQL!
2026-02-16 14:15:59,151 - __main__ - INFO - Getting schemas for database: dq_checks
2026-02-16 14:15:59,152 - database_navigator - INFO - Found 1 schemas
2026-02-16 14:15:59,153 - __main__ - INFO - Found 1 schemas
2026-02-16 14:15:59,154 - __main__ - INFO - Completed with status 200 in 0.072s
2026-02-16 14:16:01,097 - __main__ - INFO - POST /api/database-hierarchy - Request started
2026-02-16 14:16:01,097 - __main__ - INFO - Getting database hierarchy for mysql
2026-02-16 14:16:01,098 - __main__ - INFO - Database: dq_checks
2026-02-16 14:16:01,099 - __main__ - INFO - Schema: dq_checks
2026-02-16 14:16:01,099 - database_navigator - INFO - DatabaseNavigator initialized
2026-02-16 14:16:01,100 - __main__ - INFO - Connecting with config: {'host': 'localhost', 'port': 3306, 'user': 'root', 'password': 'root'}
2026-02-16 14:16:01,100 - database_navigator - INFO - Connecting to MYSQL...
2026-02-16 14:16:01,180 - database_navigator - INFO - Successfully connected to MYSQL!
2026-02-16 14:16:01,181 - __main__ - INFO - Getting tables for database: dq_checks, schema: dq_checks
2026-02-16 14:16:01,193 - database_navigator - INFO - Found 28 tables in schema 'dq_checks'
2026-02-16 14:16:01,194 - __main__ - INFO - Found 28 tables
2026-02-16 14:16:01,196 - __main__ - INFO - Completed with status 200 in 0.099s
2026-02-16 14:16:07,912 - __main__ - INFO - GET /api/rules - Request started
2026-02-16 14:16:07,913 - dq_error_log - INFO - ErrorLogger initialized with database: dq_checks
2026-02-16 14:16:07,915 - dq_audit - INFO - Audit class initialized with database: dq_checks
2026-02-16 14:16:07,987 - dq_rules - INFO - Retrieved 7 business rules
2026-02-16 14:16:07,988 - __main__ - INFO - Completed with status 200 in 0.075s
2026-02-16 14:16:08,307 - __main__ - INFO - GET /api/rules - Request started
2026-02-16 14:16:08,308 - dq_error_log - INFO - ErrorLogger initialized with database: dq_checks
2026-02-16 14:16:08,309 - dq_audit - INFO - Audit class initialized with database: dq_checks
2026-02-16 14:16:08,369 - dq_rules - INFO - Retrieved 7 business rules
2026-02-16 14:16:08,370 - __main__ - INFO - Completed with status 200 in 0.063s
2026-02-16 14:16:12,312 - __main__ - INFO - POST /api/rules/execute - Request started
2026-02-16 14:16:12,313 - dq_rules - INFO - Starting business rules analysis in UI/API mode
2026-02-16 14:16:12,380 - dq_rules - INFO - Business rules tables created/verified successfully
2026-02-16 14:16:12,381 - dq_rules - INFO - Loading database data: .
2026-02-16 14:16:12,440 - dq_rules - ERROR - Database loading error: 1045 (28000): Access denied for user 'root'@'localhost' (using password: NO)
2026-02-16 14:16:12,441 - __main__ - INFO - Completed with status 200 in 0.130s
2026-02-16 14:16:12,581 - __main__ - INFO - GET /api/rules/violations/RULES_20260216_141612 - Request started
2026-02-16 14:16:12,581 - dq_error_log - INFO - ErrorLogger initialized with database: dq_checks
2026-02-16 14:16:12,582 - dq_audit - INFO - Audit class initialized with database: dq_checks
2026-02-16 14:16:12,647 - __main__ - INFO - Completed with status 200 in 0.066s
2026-02-16 14:16:43,699 - __main__ - INFO - POST /api/database-hierarchy - Request started
2026-02-16 14:16:43,700 - __main__ - INFO - Getting database hierarchy for mysql
2026-02-16 14:16:43,701 - __main__ - INFO - Database: Not provided
2026-02-16 14:16:43,702 - __main__ - INFO - Schema: Not provided
2026-02-16 14:16:43,703 - database_navigator - INFO - DatabaseNavigator initialized
2026-02-16 14:16:43,705 - __main__ - INFO - Connecting with config: {'host': 'localhost', 'port': 3306, 'user': 'root', 'password': 'root'}
2026-02-16 14:16:43,706 - database_navigator - INFO - Connecting to MYSQL...
2026-02-16 14:16:43,764 - database_navigator - INFO - Successfully connected to MYSQL!
2026-02-16 14:16:43,765 - __main__ - INFO - Getting databases list...
2026-02-16 14:16:43,765 - database_navigator - INFO - get_databases() called. db_type: mysql, connection exists: True
2026-02-16 14:16:43,773 - database_navigator - INFO - Found 7 databases
2026-02-16 14:16:43,774 - __main__ - INFO - Found 7 databases
2026-02-16 14:16:43,776 - __main__ - INFO - Completed with status 200 in 0.077s
