2026-01-28 15:15:30,586 - __main__ - INFO - 🌐 API Server Logging Initialized
2026-01-28 15:15:30,588 - __main__ - INFO - 📝 Logs saved to: logs/dq_api_20260128_151530.log
2026-01-28 15:15:30,648 - __main__ - INFO - APP_SETTINGS loaded. Audit enabled: True
2026-01-28 15:15:30,649 - __main__ - INFO - ✅ All DQ modules loaded successfully
2026-01-28 15:15:30,651 - dq_error_log - INFO - ErrorLogger initialized with database: dq_checks
2026-01-28 15:15:30,652 - dq_audit - INFO - Audit class initialized with database: dq_checks
2026-01-28 15:15:30,653 - __main__ - INFO - ✅ ErrorLogger and DataQualityAudit initialized
2026-01-28 15:15:30,668 - __main__ - INFO - 🚀 Starting Data Quality Framework API
2026-01-28 15:15:30,668 - __main__ - INFO - 📊 Modules available: True
2026-01-28 15:15:30,669 - __main__ - INFO - 🔧 Config file mode: False
2026-01-28 15:15:30,670 - __main__ - INFO - 📋 Available endpoints:
2026-01-28 15:15:30,671 - __main__ - INFO -   GET  /              - API status
2026-01-28 15:15:30,672 - __main__ - INFO -   GET  /api/health    - Health check
2026-01-28 15:15:30,673 - __main__ - INFO -   POST /api/check-single - Single source analysis
2026-01-28 15:15:30,674 - __main__ - INFO -   POST /api/compare   - Source-target comparison
2026-01-28 15:15:30,675 - __main__ - INFO -   GET  /api/compare/{id} - Get comparison results
2026-01-28 15:15:30,676 - __main__ - INFO -   GET  /api/compare/{id}/mismatches - Paginated mismatches
2026-01-28 15:15:30,676 - __main__ - INFO -   GET  /api/compare/{id}/rows/source_only - Source-only rows
2026-01-28 15:15:30,677 - __main__ - INFO -   GET  /api/compare/{id}/rows/target_only - Target-only rows
2026-01-28 15:15:30,677 - __main__ - INFO -   GET  /api/compare/{id}/rows/count - Row counts
2026-01-28 15:15:30,678 - __main__ - INFO -   POST /api/upload    - File upload
2026-01-28 15:15:30,679 - __main__ - INFO -   GET  /api/sessions  - List sessions
2026-01-28 15:15:30,680 - __main__ - INFO -   GET  /api/sessions/<id> - Get session data
2026-01-28 15:15:30,680 - __main__ - INFO -   GET  /api/debug-db  - Database debug
2026-01-28 15:15:30,682 - __main__ - INFO - 🌍 Server starting on 0.0.0.0:5000 (debug=False)
2026-01-28 15:15:46,869 - __main__ - INFO - POST /api/compare - Request started
2026-01-28 15:15:46,871 - __main__ - INFO - Comparison request - Source: csv, Target: excel
2026-01-28 15:15:46,872 - __main__ - INFO - Comparison analysis request received
2026-01-28 15:15:46,873 - __main__ - INFO - DEBUG source_data from nested: {'source_type': 'csv', 'source_file_path': 'C:\\\\Users\\\\003160\\\\OneDrive - wisseninfotech.com\\\\Documents\\\\DQ-Checks-Shashi\\\\Test_data\\\\Target_data_100k.csv'}
2026-01-28 15:15:46,874 - __main__ - INFO - Starting comparison for session CMP_20260128_151546
2026-01-28 15:15:46,874 - dq_comparison - INFO - Starting comparison analysis in UI mode
2026-01-28 15:15:46,875 - dq_comparison - INFO - LOADING SOURCE AND TARGET DATA
2026-01-28 15:15:46,876 - dq_comparison - INFO - 
==================================================
2026-01-28 15:15:46,876 - dq_comparison - INFO - 🔗 SOURCE DATA CONFIGURATION
2026-01-28 15:15:46,877 - dq_comparison - INFO - ==================================================
2026-01-28 15:15:46,878 - dq_comparison - INFO - DEBUG load_csv_source called for SOURCE
2026-01-28 15:15:46,879 - dq_comparison - INFO - DEBUG: Using file_path from 'file_path': C:\\Users\\003160\\OneDrive - wisseninfotech.com\\Documents\\DQ-Checks-Shashi\\Test_data\\Target_data_100k.csv
2026-01-28 15:15:47,344 - dq_comparison - INFO - SOURCE CSV loaded: 100,500 rows, 12 columns
2026-01-28 15:15:47,346 - dq_comparison - INFO - 
==================================================
2026-01-28 15:15:47,346 - dq_comparison - INFO - 🔗 TARGET DATA CONFIGURATION
2026-01-28 15:15:47,347 - dq_comparison - INFO - ==================================================
2026-01-28 15:15:47,347 - dq_comparison - INFO - DEBUG load_excel_source called for TARGET
2026-01-28 15:15:47,348 - dq_comparison - INFO - DEBUG ui_data: {'source_type': 'excel', 'target_file_path': 'C:\\\\Users\\\\003160\\\\OneDrive - wisseninfotech.com\\\\Documents\\\\DQ-Checks-Shashi\\\\Test_data\\\\source_data_90k.xlsx'}
2026-01-28 15:15:47,349 - dq_comparison - INFO - DEBUG ui_data type: <class 'dict'>
2026-01-28 15:15:47,351 - dq_comparison - INFO - DEBUG Found target_file_path in ui_data: C:\\Users\\003160\\OneDrive - wisseninfotech.com\\Documents\\DQ-Checks-Shashi\\Test_data\\source_data_90k.xlsx
2026-01-28 15:16:24,251 - dq_comparison - INFO - TARGET Excel loaded: 89,999 rows, 12 columns
2026-01-28 15:16:24,252 - dq_comparison - INFO - Source data loaded: 100500 rows, 12 columns
2026-01-28 15:16:24,253 - dq_comparison - INFO - Target data loaded: 89999 rows, 12 columns
2026-01-28 15:16:24,254 - dq_comparison - INFO - SELECTING COLUMNS FOR COMPARISON
2026-01-28 15:16:24,255 - dq_comparison - INFO - Source columns (original): ['id', 'customer_id', 'transaction_id', 'customer_name', 'email', 'phone', 'transaction_date', 'amount', 'quantity', 'age', 'status', 'description']
2026-01-28 15:16:24,256 - dq_comparison - INFO - Target columns (original): ['id', 'customer_id', 'transaction_id', 'customer_name', 'email', 'phone', 'transaction_date', 'amount', 'quantity', 'age', 'status', 'description']
2026-01-28 15:16:24,257 - dq_comparison - INFO - Common columns lowercased: ['description', 'customer_name', 'status', 'id', 'transaction_date', 'quantity', 'amount', 'email', 'transaction_id', 'phone', 'customer_id', 'age']
2026-01-28 15:16:24,258 - dq_comparison - INFO - Found 12 common columns between source and target (case-insensitive)
2026-01-28 15:16:24,258 - dq_comparison - INFO - User column selection input: all
2026-01-28 15:16:24,259 - dq_comparison - INFO - User selected ALL common columns for comparison
2026-01-28 15:16:24,260 - dq_comparison - INFO - Selected 12 columns for comparison: ['description', 'customer_name', 'status', 'id', 'transaction_date']...
2026-01-28 15:16:24,260 - dq_comparison - INFO - GENERATING COMPREHENSIVE COMPARISON REPORT
2026-01-28 15:16:24,262 - dq_comparison - INFO - Report details - Source: CSV: Target_data_100k.csv, Target: Excel: source_data_90k.xlsx (source_data_90k), Selected columns: 12
2026-01-28 15:16:24,263 - dq_comparison - INFO - Initializing Error Logger...
2026-01-28 15:16:24,263 - dq_error_log - INFO - ErrorLogger initialized with database: dq_checks
2026-01-28 15:16:24,466 - dq_error_log - INFO - Database connection successful
2026-01-28 15:16:24,467 - dq_comparison - INFO - Session ID: CMP_20260128_151624
2026-01-28 15:16:24,469 - dq_comparison - WARNING - ❌ Row count mismatch: Source=100,500, Target=89,999, Difference=10,501
2026-01-28 15:16:24,470 - dq_comparison - WARNING -    Missing in target: 10,501 rows
2026-01-28 15:16:24,471 - dq_comparison - INFO - Comparing column structures...
2026-01-28 15:16:24,474 - dq_comparison - INFO - Column structure comparison complete. Match: True
2026-01-28 15:16:24,475 - dq_comparison - INFO - Validating primary key/unique fields...
2026-01-28 15:16:24,476 - dq_comparison - INFO - Checking key fields: ['id', 'customer_id']
2026-01-28 15:16:24,495 - dq_comparison - WARNING - Field 'id' has duplicates in source: 500 rows
2026-01-28 15:16:24,496 - dq_comparison - WARNING - Field 'id' has duplicates in target: 406 rows
2026-01-28 15:16:24,569 - dq_comparison - WARNING - Field 'customer_id' has duplicates in source: 1000 rows
2026-01-28 15:16:24,572 - dq_comparison - WARNING - Field 'customer_id' has duplicates in target: 804 rows
2026-01-28 15:16:24,573 - dq_comparison - INFO - Primary key validation complete. Passed: False
2026-01-28 15:16:24,641 - dq_comparison - INFO - Comparing table-level metadata...
2026-01-28 15:16:27,160 - dq_comparison - INFO - Table metadata comparison complete. Match: False
2026-01-28 15:16:27,179 - dq_comparison - INFO - SECOND CHECK: HASH-BASED COMPARISON WITH PERFECT NORMALIZATION
2026-01-28 15:16:27,207 - dq_comparison - INFO - Starting comparison of 190,499 total rows...
2026-01-28 15:16:27,207 - dq_comparison - INFO - === DEBUG: DATA TYPE CHECK ===
2026-01-28 15:16:27,208 - dq_comparison - INFO - Column: description
2026-01-28 15:16:27,209 - dq_comparison - INFO -   Source type: <class 'str'>, value: Text with& ampersands
2026-01-28 15:16:27,210 - dq_comparison - INFO -   Target type: <class 'str'>, value: Text with& ampersands
2026-01-28 15:16:27,211 - dq_comparison - INFO -   Normalized: 'text with& ampersands' vs 'text with& ampersands'
2026-01-28 15:16:27,212 - dq_comparison - INFO -   Match: True
2026-01-28 15:16:27,213 - dq_comparison - INFO - Column: customer_name
2026-01-28 15:16:27,213 - dq_comparison - INFO -   Source type: <class 'str'>, value: Michael Davis
2026-01-28 15:16:27,214 - dq_comparison - INFO -   Target type: <class 'str'>, value: Michael Davis
2026-01-28 15:16:27,216 - dq_comparison - INFO -   Normalized: 'michael davis' vs 'michael davis'
2026-01-28 15:16:27,217 - dq_comparison - INFO -   Match: True
2026-01-28 15:16:27,218 - dq_comparison - INFO - Column: status
2026-01-28 15:16:27,219 - dq_comparison - INFO -   Source type: <class 'str'>, value: PENDING
2026-01-28 15:16:27,220 - dq_comparison - INFO -   Target type: <class 'str'>, value: PENDING
2026-01-28 15:16:27,221 - dq_comparison - INFO -   Normalized: 'pending' vs 'pending'
2026-01-28 15:16:27,222 - dq_comparison - INFO -   Match: True
2026-01-28 15:16:27,223 - dq_comparison - INFO - Source DF columns: ['id', 'customer_id', 'transaction_id', 'customer_name', 'email', 'phone', 'transaction_date', 'amount', 'quantity', 'age', 'status', 'description']
2026-01-28 15:16:27,224 - dq_comparison - INFO - Target DF columns: ['id', 'customer_id', 'transaction_id', 'customer_name', 'email', 'phone', 'transaction_date', 'amount', 'quantity', 'age', 'status', 'description']
2026-01-28 15:16:27,224 - dq_comparison - INFO - Selected columns for comparison: ['description', 'customer_name', 'status', 'id', 'transaction_date', 'quantity', 'amount', 'email', 'transaction_id', 'phone', 'customer_id', 'age']
2026-01-28 15:16:27,225 - dq_comparison - INFO - Using 12 common columns for hash comparison
2026-01-28 15:16:27,226 - dq_comparison - INFO - Source columns: ['description', 'customer_name', 'status', 'id', 'transaction_date', 'quantity', 'amount', 'email', 'transaction_id', 'phone', 'customer_id', 'age']
2026-01-28 15:16:27,227 - dq_comparison - INFO - Target columns: ['description', 'customer_name', 'status', 'id', 'transaction_date', 'quantity', 'amount', 'email', 'transaction_id', 'phone', 'customer_id', 'age']
2026-01-28 15:16:27,228 - dq_comparison - INFO - Generating hashes for source data (100500 rows)...
2026-01-28 15:16:38,601 - dq_comparison - INFO -    Hashing source data: 10.0% complete (19,050/190,499 rows)
2026-01-28 15:16:44,064 - dq_comparison - INFO -    Hashing source data: 20.0% complete (38,100/190,499 rows)
2026-01-28 15:16:46,616 - dq_comparison - INFO -    Hashing source data: 26.2% complete (50,000/190,499 rows)
2026-01-28 15:16:50,692 - dq_comparison - INFO -    Hashing source data: 36.2% complete (69,050/190,499 rows)
2026-01-28 15:16:54,644 - dq_comparison - INFO -    Hashing source data: 46.2% complete (88,100/190,499 rows)
2026-01-28 15:16:57,214 - dq_comparison - INFO -    Hashing source data: 52.5% complete (100,000/190,499 rows)
2026-01-28 15:16:57,304 - dq_comparison - INFO - === DEBUG: SAMPLE HASHES ===
2026-01-28 15:16:57,307 - dq_comparison - INFO - Hash 1: ba939848100ca6fe... (sample row 0)
2026-01-28 15:16:57,308 - dq_comparison - INFO - Hash 2: a31989056cbc1082... (sample row 1)
2026-01-28 15:16:57,308 - dq_comparison - INFO - Hash 3: f681992b10dce870... (sample row 2)
2026-01-28 15:16:57,309 - dq_comparison - INFO - Generating hashes for target data (89999 rows)...
2026-01-28 15:17:00,566 - dq_comparison - INFO -    Hashing target data: 62.5% complete (119,050/190,499 rows)
2026-01-28 15:17:04,207 - dq_comparison - INFO -    Hashing target data: 72.5% complete (138,100/190,499 rows)
2026-01-28 15:17:06,618 - dq_comparison - INFO -    Hashing target data: 78.7% complete (150,000/190,499 rows)
2026-01-28 15:17:10,713 - dq_comparison - INFO -    Hashing target data: 88.7% complete (169,050/190,499 rows)
2026-01-28 15:17:15,146 - dq_comparison - INFO -    Hashing target data: 98.7% complete (188,100/190,499 rows)
2026-01-28 15:17:15,552 - dq_comparison - INFO - 
======================================================================
2026-01-28 15:17:15,553 - dq_comparison - INFO - 🔍 DEBUG: ANALYZING WHY HASHES DON'T MATCH
2026-01-28 15:17:15,554 - dq_comparison - INFO - ======================================================================
2026-01-28 15:17:15,555 - dq_comparison - INFO - 
--- Analyzing Row 0 ---
2026-01-28 15:17:15,556 - dq_comparison - INFO - Column 'description' → 'description':
2026-01-28 15:17:15,556 - dq_comparison - INFO -   Source: 'Text with& ampersands' (type: str) → 'text with& ampersands'
2026-01-28 15:17:15,556 - dq_comparison - INFO -   Target: 'Text with& ampersands' (type: str) → 'text with& ampersands'
2026-01-28 15:17:15,557 - dq_comparison - INFO -   Match after normalization: ✅ YES
2026-01-28 15:17:15,558 - dq_comparison - INFO - Column 'customer_name' → 'customer_name':
2026-01-28 15:17:15,559 - dq_comparison - INFO -   Source: 'Michael Davis' (type: str) → 'michael davis'
2026-01-28 15:17:15,560 - dq_comparison - INFO -   Target: 'Michael Davis' (type: str) → 'michael davis'
2026-01-28 15:17:15,561 - dq_comparison - INFO -   Match after normalization: ✅ YES
2026-01-28 15:17:15,562 - dq_comparison - INFO - Column 'status' → 'status':
2026-01-28 15:17:15,562 - dq_comparison - INFO -   Source: 'PENDING' (type: str) → 'pending'
2026-01-28 15:17:15,562 - dq_comparison - INFO -   Target: 'PENDING' (type: str) → 'pending'
2026-01-28 15:17:15,563 - dq_comparison - INFO -   Match after normalization: ✅ YES
2026-01-28 15:17:15,563 - dq_comparison - INFO - Column 'id' → 'id':
2026-01-28 15:17:15,564 - dq_comparison - INFO -   Source: '78303' (type: int64) → '78303'
2026-01-28 15:17:15,565 - dq_comparison - INFO -   Target: '78303' (type: int64) → '78303'
2026-01-28 15:17:15,565 - dq_comparison - INFO -   Match after normalization: ✅ YES
2026-01-28 15:17:15,566 - dq_comparison - INFO - Column 'transaction_date' → 'transaction_date':
2026-01-28 15:17:15,566 - dq_comparison - INFO -   Source: '04/10/2023' (type: str) → '2023-04-10'
2026-01-28 15:17:15,567 - dq_comparison - INFO -   Target: '2023-10-04 00:00:00' (type: datetime) → '2023-10-04'
2026-01-28 15:17:15,567 - dq_comparison - INFO -   Match after normalization: ❌ NO
2026-01-28 15:17:15,568 - dq_comparison - INFO -   ⚠️ DATE MISMATCH DETECTED!
2026-01-28 15:17:15,568 - dq_comparison - INFO -     Source appears to be: 04/10/2023
2026-01-28 15:17:15,569 - dq_comparison - INFO -     Target appears to be (timestamp): 2023-10-04 00:00:00
2026-01-28 15:17:15,569 - dq_comparison - INFO - 
Hash components for Row 0:
2026-01-28 15:17:15,570 - dq_comparison - INFO - Source hash string start: text with& ampersands|michael davis|pending...
2026-01-28 15:17:15,571 - dq_comparison - INFO - Target hash string start: text with& ampersands|michael davis|pending...
2026-01-28 15:17:15,571 - dq_comparison - INFO - Same? ✅ YES
2026-01-28 15:17:15,571 - dq_comparison - INFO - 
--- Analyzing Row 1 ---
2026-01-28 15:17:15,573 - dq_comparison - INFO - Column 'description' → 'description':
2026-01-28 15:17:15,573 - dq_comparison - INFO -   Source: 'Text with. periods' (type: str) → 'text with. periods'
2026-01-28 15:17:15,573 - dq_comparison - INFO -   Target: 'Text with. periods' (type: str) → 'text with. periods'
2026-01-28 15:17:15,574 - dq_comparison - INFO -   Match after normalization: ✅ YES
2026-01-28 15:17:15,575 - dq_comparison - INFO - Column 'customer_name' → 'customer_name':
2026-01-28 15:17:15,575 - dq_comparison - INFO -   Source: 'Susan Brown' (type: str) → 'susan brown'
2026-01-28 15:17:15,577 - dq_comparison - INFO -   Target: 'Susan Brown' (type: str) → 'susan brown'
2026-01-28 15:17:15,577 - dq_comparison - INFO -   Match after normalization: ✅ YES
2026-01-28 15:17:15,578 - dq_comparison - INFO - Column 'status' → 'status':
2026-01-28 15:17:15,579 - dq_comparison - INFO -   Source: 'ACTIVE' (type: str) → 'active'
2026-01-28 15:17:15,579 - dq_comparison - INFO -   Target: 'ACTIVE' (type: str) → 'active'
2026-01-28 15:17:15,580 - dq_comparison - INFO -   Match after normalization: ✅ YES
2026-01-28 15:17:15,581 - dq_comparison - INFO - Column 'id' → 'id':
2026-01-28 15:17:15,581 - dq_comparison - INFO -   Source: '66465' (type: int64) → '66465'
2026-01-28 15:17:15,583 - dq_comparison - INFO -   Target: '66465' (type: int64) → '66465'
2026-01-28 15:17:15,583 - dq_comparison - INFO -   Match after normalization: ✅ YES
2026-01-28 15:17:15,584 - dq_comparison - INFO - Column 'transaction_date' → 'transaction_date':
2026-01-28 15:17:15,584 - dq_comparison - INFO -   Source: '2023-07-04' (type: str) → '2023-07-04'
2026-01-28 15:17:15,585 - dq_comparison - INFO -   Target: '2023-07-04 00:00:00' (type: datetime) → '2023-07-04'
2026-01-28 15:17:15,586 - dq_comparison - INFO -   Match after normalization: ✅ YES
2026-01-28 15:17:15,586 - dq_comparison - INFO - 
Hash components for Row 1:
2026-01-28 15:17:15,586 - dq_comparison - INFO - Source hash string start: text with. periods|susan brown|active...
2026-01-28 15:17:15,588 - dq_comparison - INFO - Target hash string start: text with. periods|susan brown|active...
2026-01-28 15:17:15,588 - dq_comparison - INFO - Same? ✅ YES
2026-01-28 15:17:15,588 - dq_comparison - INFO - 
--- Analyzing Row 2 ---
2026-01-28 15:17:15,590 - dq_comparison - INFO - Column 'description' → 'description':
2026-01-28 15:17:15,590 - dq_comparison - INFO -   Source: 'Text with{braces}' (type: str) → 'text with{braces}'
2026-01-28 15:17:15,591 - dq_comparison - INFO -   Target: 'Text with{braces}' (type: str) → 'text with{braces}'
2026-01-28 15:17:15,591 - dq_comparison - INFO -   Match after normalization: ✅ YES
2026-01-28 15:17:15,592 - dq_comparison - INFO - Column 'customer_name' → 'customer_name':
2026-01-28 15:17:15,592 - dq_comparison - INFO -   Source: 'nan' (type: float) → 'NULL'
2026-01-28 15:17:15,593 - dq_comparison - INFO -   Target: 'nan' (type: float) → 'NULL'
2026-01-28 15:17:15,593 - dq_comparison - INFO -   Match after normalization: ✅ YES
2026-01-28 15:17:15,594 - dq_comparison - INFO - Column 'status' → 'status':
2026-01-28 15:17:15,595 - dq_comparison - INFO -   Source: 'CANCELLED' (type: str) → 'cancelled'
2026-01-28 15:17:15,596 - dq_comparison - INFO -   Target: 'CANCELLED' (type: str) → 'cancelled'
2026-01-28 15:17:15,596 - dq_comparison - INFO -   Match after normalization: ✅ YES
2026-01-28 15:17:15,597 - dq_comparison - INFO - Column 'id' → 'id':
2026-01-28 15:17:15,598 - dq_comparison - INFO -   Source: '93228' (type: int64) → '93228'
2026-01-28 15:17:15,598 - dq_comparison - INFO -   Target: '93228' (type: int64) → '93228'
2026-01-28 15:17:15,598 - dq_comparison - INFO -   Match after normalization: ✅ YES
2026-01-28 15:17:15,600 - dq_comparison - INFO - Column 'transaction_date' → 'transaction_date':
2026-01-28 15:17:15,600 - dq_comparison - INFO -   Source: '2023/03/10' (type: str) → '2023-03-10'
2026-01-28 15:17:15,600 - dq_comparison - INFO -   Target: '2023-03-10 00:00:00' (type: datetime) → '2023-03-10'
2026-01-28 15:17:15,601 - dq_comparison - INFO -   Match after normalization: ✅ YES
2026-01-28 15:17:15,602 - dq_comparison - INFO - 
Hash components for Row 2:
2026-01-28 15:17:15,602 - dq_comparison - INFO - Source hash string start: text with{braces}|NULL|cancelled...
2026-01-28 15:17:15,602 - dq_comparison - INFO - Target hash string start: text with{braces}|NULL|cancelled...
2026-01-28 15:17:15,603 - dq_comparison - INFO - Same? ✅ YES
2026-01-28 15:17:15,603 - dq_comparison - INFO - 
--- Column Data Types Analysis ---
2026-01-28 15:17:15,604 - dq_comparison - INFO - Column 1: 'description' (object) ↔ 'description' (object)
2026-01-28 15:17:15,604 - dq_comparison - INFO -   Sample: Source='Text with& ampersands', Target='Text with& ampersands'
2026-01-28 15:17:15,606 - dq_comparison - INFO - Column 2: 'customer_name' (object) ↔ 'customer_name' (object)
2026-01-28 15:17:15,606 - dq_comparison - INFO -   Sample: Source='Michael Davis', Target='Michael Davis'
2026-01-28 15:17:15,607 - dq_comparison - INFO - Column 3: 'status' (object) ↔ 'status' (object)
2026-01-28 15:17:15,607 - dq_comparison - INFO -   Sample: Source='PENDING', Target='PENDING'
2026-01-28 15:17:15,608 - dq_comparison - INFO - Column 4: 'id' (int64) ↔ 'id' (int64)
2026-01-28 15:17:15,608 - dq_comparison - INFO -   Sample: Source='78303', Target='78303'
2026-01-28 15:17:15,609 - dq_comparison - INFO - Column 5: 'transaction_date' (object) ↔ 'transaction_date' (object)
2026-01-28 15:17:15,609 - dq_comparison - INFO -   Sample: Source='04/10/2023', Target='2023-10-04 00:00:00'
2026-01-28 15:17:15,610 - dq_comparison - INFO - PERFORMING DETAILED ROW-LEVEL COMPARISON WITH PAGINATION...
2026-01-28 15:17:15,650 - dq_comparison - INFO - Found 36,543 total mismatches
2026-01-28 15:17:15,650 - dq_comparison - INFO - Will process detailed comparisons for first 5,000 rows
2026-01-28 15:17:22,545 - dq_comparison - INFO - Progress: 500/5,000 rows (6.9s)
2026-01-28 15:17:29,679 - dq_comparison - INFO - Progress: 1,000/5,000 rows (14.1s)
2026-01-28 15:17:36,501 - dq_comparison - INFO - Progress: 1,500/5,000 rows (20.9s)
2026-01-28 15:17:43,206 - dq_comparison - INFO - Progress: 2,000/5,000 rows (27.6s)
2026-01-28 15:17:50,026 - dq_comparison - INFO - Progress: 2,500/5,000 rows (34.4s)
2026-01-28 15:17:56,684 - dq_comparison - INFO - Progress: 3,000/5,000 rows (41.1s)
2026-01-28 15:18:03,040 - dq_comparison - INFO - Progress: 3,500/5,000 rows (47.4s)
2026-01-28 15:18:09,601 - dq_comparison - INFO - Progress: 4,000/5,000 rows (54.0s)
2026-01-28 15:18:16,228 - dq_comparison - INFO - Progress: 4,500/5,000 rows (60.6s)
2026-01-28 15:18:22,702 - dq_comparison - INFO - Progress: 5,000/5,000 rows (67.1s)
2026-01-28 15:18:22,741 - dq_comparison - INFO - 
================================================================================
2026-01-28 15:18:22,742 - dq_comparison - INFO - DETAILED MISMATCH SUMMARY:
2026-01-28 15:18:22,742 - dq_comparison - INFO -   Total mismatches found: 5000
2026-01-28 15:18:22,743 - dq_comparison - INFO -   Detailed comparisons logged: 5000
2026-01-28 15:18:22,744 - dq_comparison - INFO -   First 10 rows displayed above
2026-01-28 15:18:22,744 - dq_comparison - INFO -   All mismatches stored in database with complete data
2026-01-28 15:18:22,745 - dq_comparison - INFO -   Use API to retrieve all 5000 mismatches
2026-01-28 15:18:22,745 - dq_comparison - INFO - ================================================================================
2026-01-28 15:18:22,790 - dq_comparison - INFO - Hash-based Comparison Results (with duplicate handling):
2026-01-28 15:18:22,790 - dq_comparison - INFO -   • Unique source hashes: 100250
2026-01-28 15:18:22,791 - dq_comparison - INFO -   • Unique target hashes: 89796
2026-01-28 15:18:22,791 - dq_comparison - INFO -   • Common hashes: 76784
2026-01-28 15:18:22,792 - dq_comparison - INFO -   • Common rows (counting duplicates): 76,958
2026-01-28 15:18:22,793 - dq_comparison - INFO -   • Rows only in source (counting duplicates): 23,542
2026-01-28 15:18:22,793 - dq_comparison - INFO -   • Rows only in target (counting duplicates): 13,041
2026-01-28 15:18:22,847 - dq_comparison - INFO - HASH-ONLY COMPARISON COMPLETED
2026-01-28 15:18:22,848 - dq_comparison - INFO - Returning counts for simple scoring:
2026-01-28 15:18:22,848 - dq_comparison - INFO -   Common rows: 76,958
2026-01-28 15:18:22,849 - dq_comparison - INFO -   Unique to source: 23,542
2026-01-28 15:18:22,850 - dq_comparison - INFO -   Unique to target: 13,041
2026-01-28 15:18:22,850 - dq_comparison - INFO -   Value mismatches: 438996
2026-01-28 15:18:22,851 - dq_comparison - INFO -   Missing rows: 23,542
2026-01-28 15:18:22,852 - dq_comparison - INFO -   Extra rows: 13,041
2026-01-28 15:18:22,857 - dq_comparison - INFO - 
========================================================================================================================
COMPARISON: CSV (Target_data_100k.csv) vs Excel (source_data_90k.xlsx (source_data_90k))
========================================================================================================================
Row   | Diff Count | Source (Sample)                          | Target (Sample)                         
------------------------------------------------------------------------------------------------------------------------
2     | 1          | description: Text with& ampersands       | description: Text with& ampersands      
5     | 1          | description: Normal text without issues  | description: Normal text without issues 
7     | 1          | description: Text with<angle brackets>   | description: Text with<angle brackets>  
10    | 1          | description: Text with trailing spaces   | description: Text with trailing spaces  
11    | 1          | description: Text with(parentheses)      | description: Text with(parentheses)     
18    | 1          | description: Text with%percent signs     | description: Text with%percent signs    
19    | 1          | description: Text with"quotes"           | description: Text with"quotes"          
22    | 1          | description: Text with, commas           | description: Text with, commas          
39    | 2          | description: Text with[brackets]         | description: Text with[brackets]        
44    | 1          | description: Text with|pipes             | description: Text with|pipes            
------------------------------------------------------------------------------------------------------------------------
Showing 1-10 of 5000 mismatched rows. Use API for complete data.
========================================================================================================================
2026-01-28 15:18:22,858 - dq_comparison - INFO - Returning enhanced mismatch structure with 5000 detailed mismatches
2026-01-28 15:18:22,908 - dq_comparison - INFO - New structure: 100 detailed mismatches
2026-01-28 15:18:22,909 - dq_comparison - INFO - Analyzing data quality metrics...
2026-01-28 15:18:39,081 - dq_comparison - INFO - Null values - Source: 8315 (0.69%), Target: 7439 (0.69%)
2026-01-28 15:18:39,343 - dq_comparison - INFO - Duplicate rows (normalized) - Source: 250, Target: 203
2026-01-28 15:18:39,479 - dq_comparison - INFO - Source duplicate samples: ['Row 169', 'Row 383', 'Row 639']
2026-01-28 15:18:39,591 - dq_comparison - INFO - Target duplicate samples: ['Row 169', 'Row 383', 'Row 639']
2026-01-28 15:18:39,754 - dq_error_log - INFO - Retrieved 100 error logs for session CMP_20260128_151624
2026-01-28 15:18:39,755 - dq_comparison - INFO - 
📊 SIMPLE SCORING CALCULATION:
2026-01-28 15:18:39,756 - dq_comparison - INFO -   Source rows: 100500
2026-01-28 15:18:39,756 - dq_comparison - INFO -   Common rows (matched): 76958
2026-01-28 15:18:39,757 - dq_comparison - INFO -   Calculation: (76958 / 100500) * 100 = 76.58%
2026-01-28 15:18:39,757 - dq_comparison - INFO -   Explanation: 76958 matched rows out of 100500 total source rows
2026-01-28 15:18:39,758 - dq_comparison - INFO - 
=== AUDIT LOGGING SECTION ===
2026-01-28 15:18:39,758 - dq_comparison - INFO - 🔍 Audit logging is ENABLED in APP_SETTINGS
2026-01-28 15:18:39,759 - dq_audit - INFO - Audit class initialized with database: dq_checks
2026-01-28 15:18:39,760 - dq_comparison - INFO - Attempting to log audit record for session: CMP_20260128_151624
2026-01-28 15:18:39,761 - dq_audit - INFO - Starting database insertion for comparison...
2026-01-28 15:18:39,777 - dq_audit - INFO - Inserted comparison record with ID: 831
2026-01-28 15:18:39,778 - dq_comparison - INFO - ✅ Audit record logged successfully (ID: 831)
2026-01-28 15:18:39,885 - dq_error_log - INFO - Retrieved 100 error logs for session CMP_20260128_151624
2026-01-28 15:18:39,932 - dq_error_log - INFO - Retrieved summary: 5006 total errors for session CMP_20260128_151624
2026-01-28 15:18:39,933 - dq_audit - INFO - Audit class initialized with database: dq_checks
2026-01-28 15:18:39,949 - dq_audit - INFO - Retrieved 1 audit logs for session CMP_20260128_151624
2026-01-28 15:18:39,950 - dq_comparison - INFO - 
🔍 Final results verification:
2026-01-28 15:18:39,951 - dq_comparison - INFO -    Session ID: CMP_20260128_151624
2026-01-28 15:18:39,951 - dq_comparison - INFO -    DQ Score (Simple %): 76.58%
2026-01-28 15:18:39,952 - dq_comparison - INFO -    Source rows: 100500
2026-01-28 15:18:39,952 - dq_comparison - INFO -    Matched rows: 76958
2026-01-28 15:18:39,952 - dq_comparison - INFO -    Calculation: (76958 / 100500) * 100
2026-01-28 15:18:39,953 - dq_comparison - INFO - Comparison analysis completed successfully
2026-01-28 15:18:39,982 - dq_audit - INFO - Retrieved 1 audit logs for session CMP_20260128_151624
2026-01-28 15:18:40,095 - dq_error_log - INFO - Retrieved 200 error logs for session CMP_20260128_151624
2026-01-28 15:18:40,131 - dq_error_log - INFO - Retrieved summary: 5006 total errors for session CMP_20260128_151624
2026-01-28 15:18:40,144 - __main__ - INFO - Completed with status 200 in 173.275s
2026-01-28 15:21:27,204 - __main__ - INFO - GET /api/compare/CMP_20260128_151624/mismatches - Request started
2026-01-28 15:21:27,229 - __main__ - INFO - Using database pagination for 5,001 mismatches
2026-01-28 15:21:27,290 - __main__ - INFO - Completed with status 200 in 0.087s
2026-01-28 15:21:27,400 - __main__ - INFO - GET /favicon.ico - Request started
2026-01-28 15:21:27,401 - __main__ - WARNING - Not Found: 404 Not Found: The requested URL was not found on the server. If you entered the URL manually please check your spelling and try again.
2026-01-28 15:21:27,405 - __main__ - INFO - Completed with status 404 in 0.005s
2026-01-28 15:23:41,883 - __main__ - INFO - GET /api/compare/CMP_20260128_151624/mismatches/summary - Request started
2026-01-28 15:23:41,913 - __main__ - INFO - Completed with status 200 in 0.030s
2026-01-28 15:23:57,342 - __main__ - INFO - GET /api/compare/CMP_20260128_151624/mismatches - Request started
2026-01-28 15:23:57,364 - __main__ - INFO - Using database pagination for 5,001 mismatches
2026-01-28 15:23:57,427 - __main__ - INFO - Completed with status 200 in 0.085s
2026-01-28 15:24:33,615 - __main__ - INFO - GET /api/compare/CMP_20260128_151624/mismatches - Request started
2026-01-28 15:24:33,638 - __main__ - INFO - Using database pagination for 5,001 mismatches
2026-01-28 15:24:33,715 - __main__ - INFO - Completed with status 200 in 0.100s
2026-01-28 15:25:28,379 - __main__ - INFO - GET /api/compare/CMP_20260128_151624/mismatches - Request started
2026-01-28 15:25:28,403 - __main__ - INFO - Using database pagination for 5,001 mismatches
2026-01-28 15:25:28,469 - __main__ - INFO - Completed with status 200 in 0.090s
2026-01-28 15:25:43,648 - __main__ - INFO - GET /api/compare/CMP_20260128_151624/mismatches - Request started
2026-01-28 15:25:43,670 - __main__ - INFO - Using database pagination for 5,001 mismatches
2026-01-28 15:25:43,730 - __main__ - INFO - Completed with status 200 in 0.082s
2026-01-28 15:26:19,914 - __main__ - INFO - GET /api/compare/CMP_20260128_151624/mismatches - Request started
2026-01-28 15:26:19,940 - __main__ - INFO - Using database pagination for 5,001 mismatches
2026-01-28 15:26:20,048 - __main__ - INFO - Completed with status 200 in 0.134s
2026-01-28 15:29:23,240 - __main__ - INFO - GET /api/compare/CMP_20260128_150945/mismatches - Request started
2026-01-28 15:29:23,272 - __main__ - INFO - Completed with status 200 in 0.032s
2026-01-28 15:29:35,515 - __main__ - INFO - GET /api/compare/CMP_20260128_150945/mismatches - Request started
2026-01-28 15:29:35,538 - __main__ - INFO - Completed with status 200 in 0.023s
2026-01-28 15:29:43,645 - __main__ - INFO - GET /api/compare/CMP_20260128_150945/mismatches - Request started
2026-01-28 15:29:43,668 - __main__ - INFO - Completed with status 200 in 0.023s
2026-01-28 15:30:00,152 - __main__ - INFO - GET /api/compare/CMP_20260128_150945/mismatches - Request started
2026-01-28 15:30:00,184 - __main__ - INFO - Completed with status 200 in 0.032s
