2025-12-22 12:01:55,428 - root - INFO - 🌐 API Server Logging Initialized
2025-12-22 12:01:55,667 - dq_error_log - INFO - ErrorLogger initialized with database: dq_checks
2025-12-22 12:01:55,667 - dq_audit - INFO - Audit class initialized with database: dq_checks
2025-12-22 12:01:55,672 - root - INFO - Starting Data Quality API on 0.0.0.0:5000 (debug=False)
2025-12-22 12:01:55,672 - root - INFO - DQ modules available: True
2025-12-22 12:01:55,672 - root - INFO - Config file mode: False
2025-12-22 12:01:55,672 - root - INFO - Database config: localhost/dq_checks
2025-12-22 12:01:56,598 - werkzeug - INFO - [31m[1mWARNING: This is a development server. Do not use it in a production deployment. Use a production WSGI server instead.[0m
 * Running on all addresses (0.0.0.0)
 * Running on http://127.0.0.1:5000
 * Running on http://10.1.185.54:5000
2025-12-22 12:01:56,598 - werkzeug - INFO - [33mPress CTRL+C to quit[0m
2025-12-22 12:02:21,005 - werkzeug - INFO - 127.0.0.1 - - [22/Dec/2025 12:02:21] "GET /api/health HTTP/1.1" 200 -
2025-12-22 12:02:23,065 - root - INFO - Comparison analysis request received: dict_keys(['source_type', 'source_file_path', 'target_source_type', 'target_file_path', 'selected_columns'])
2025-12-22 12:02:23,068 - root - INFO - Starting comparison for session CMP_20251222_120223_1e01c645
2025-12-22 12:02:23,068 - dq_comparison - INFO - LOADING SOURCE AND TARGET DATA
2025-12-22 12:02:23,089 - dq_comparison - INFO - SELECTING COLUMNS FOR COMPARISON
2025-12-22 12:02:23,089 - dq_comparison - INFO - Found 10 common columns between source and target (case-insensitive)
2025-12-22 12:02:23,089 - dq_comparison - INFO - User column selection input: all
2025-12-22 12:02:23,089 - dq_comparison - INFO - User selected ALL common columns for comparison
2025-12-22 12:02:23,089 - dq_comparison - INFO - GENERATING COMPREHENSIVE COMPARISON REPORT
2025-12-22 12:02:23,089 - dq_comparison - INFO - Report details - Source: CSV: sample_data.csv, Target: CSV: sample_data.csv, Selected columns: 10
2025-12-22 12:02:23,089 - dq_comparison - INFO - Initializing Error Logger...
2025-12-22 12:02:23,090 - dq_error_log - INFO - ErrorLogger initialized with database: dq_checks
2025-12-22 12:02:23,240 - dq_error_log - INFO - Database connection successful
2025-12-22 12:02:23,240 - dq_comparison - INFO - Session ID: CMP_20251222_120223
2025-12-22 12:02:23,242 - dq_comparison - INFO - FIRST CHECK: ROW COUNT COMPARISON
2025-12-22 12:02:23,242 - dq_comparison - INFO - Source rows: 15, Target rows: 15
2025-12-22 12:02:23,242 - dq_comparison - INFO - ✅ Row counts match perfectly
2025-12-22 12:02:23,242 - dq_comparison - INFO - SECOND CHECK: HASH-BASED COMPARISON WITH PERFECT NORMALIZATION
2025-12-22 12:02:23,242 - dq_comparison - INFO - Using 10 common columns for hash comparison
2025-12-22 12:02:23,242 - dq_comparison - INFO - Source columns: ['Department', 'PostalCode', 'Phone', 'Country', 'City', 'Salary', 'State', 'JoinDate', 'Email', 'CustomerName']
2025-12-22 12:02:23,242 - dq_comparison - INFO - Target columns: ['Department', 'PostalCode', 'Phone', 'Country', 'City', 'Salary', 'State', 'JoinDate', 'Email', 'CustomerName']
2025-12-22 12:02:23,242 - dq_comparison - INFO - Generating hashes for source data...
2025-12-22 12:02:23,250 - dq_comparison - INFO - Generating hashes for target data...
2025-12-22 12:02:23,254 - dq_comparison - INFO - Hash-based Comparison Results:
2025-12-22 12:02:23,254 - dq_comparison - INFO -   • Common rows: 14
2025-12-22 12:02:23,254 - dq_comparison - INFO -   • Rows only in source: 0
2025-12-22 12:02:23,254 - dq_comparison - INFO -   • Rows only in target: 0
2025-12-22 12:02:23,255 - dq_comparison - INFO - PERFORMING DETAILED COLUMN-BY-COLUMN COMPARISON...
2025-12-22 12:02:23,261 - dq_comparison - INFO - Found 0 column value mismatches across all rows
2025-12-22 12:02:23,262 - dq_comparison - INFO - Analyzing data quality metrics...
2025-12-22 12:02:23,283 - dq_comparison - INFO - Null values - Source: 6 (4.00%), Target: 6 (4.00%)
2025-12-22 12:02:23,285 - dq_comparison - INFO - Duplicate rows (normalized) - Source: 1, Target: 1
2025-12-22 12:02:23,286 - dq_comparison - INFO - Source duplicate samples: ['Row 2', 'Row 7']
2025-12-22 12:02:23,287 - dq_comparison - INFO - Target duplicate samples: ['Row 2', 'Row 7']
2025-12-22 12:02:23,302 - dq_error_log - INFO - Retrieved 0 errors for session CMP_20251222_120223
2025-12-22 12:02:23,302 - dq_audit - INFO - Audit class initialized with database: dq_checks
2025-12-22 12:02:23,303 - dq_audit - INFO - Starting database insertion for comparison...
2025-12-22 12:02:23,325 - dq_audit - INFO - Inserted comparison record with ID: 177
2025-12-22 12:02:23,475 - dq_comparison - INFO - Comparison analysis completed successfully
2025-12-22 12:02:23,510 - root - INFO - Completed comparison for session CMP_20251222_120223_1e01c645
2025-12-22 12:02:23,510 - werkzeug - INFO - 127.0.0.1 - - [22/Dec/2025 12:02:23] "POST /api/compare HTTP/1.1" 200 -
2025-12-22 12:03:19,787 - dq_error_log - INFO - ErrorLogger initialized with database: dq_checks
2025-12-22 12:03:19,787 - dq_audit - INFO - Audit class initialized with database: dq_checks
2025-12-22 12:03:19,847 - werkzeug - INFO - 127.0.0.1 - - [22/Dec/2025 12:03:19] "GET /api/sessions/CMP_20251222_115357 HTTP/1.1" 200 -
2025-12-22 12:03:19,964 - werkzeug - INFO - 127.0.0.1 - - [22/Dec/2025 12:03:19] "[33mGET /favicon.ico HTTP/1.1[0m" 404 -
