2026-02-10 12:04:02,221 - __main__ - INFO - 🌐 API Server Logging Initialized
2026-02-10 12:04:02,222 - __main__ - INFO - 📝 Logs saved to: logs/dq_api_20260210_120402.log
2026-02-10 12:04:02,301 - __main__ - INFO - APP_SETTINGS loaded. Audit enabled: True
2026-02-10 12:04:02,301 - __main__ - INFO - ✅ All DQ modules loaded successfully
2026-02-10 12:04:02,303 - dq_error_log - INFO - ErrorLogger initialized with database: dq_checks
2026-02-10 12:04:02,303 - dq_audit - INFO - Audit class initialized with database: dq_checks
2026-02-10 12:04:02,304 - __main__ - INFO - ✅ ErrorLogger and DataQualityAudit initialized
2026-02-10 12:04:02,316 - __main__ - INFO - 🚀 Starting Data Quality Framework API
2026-02-10 12:04:02,317 - __main__ - INFO - 📊 Modules available: True
2026-02-10 12:04:02,318 - __main__ - INFO - 🔧 Config file mode: False
2026-02-10 12:04:02,319 - __main__ - INFO - 📋 Available endpoints:
2026-02-10 12:04:02,320 - __main__ - INFO -   GET  /              - API status
2026-02-10 12:04:02,321 - __main__ - INFO -   GET  /api/health    - Health check
2026-02-10 12:04:02,321 - __main__ - INFO -   POST /api/check-single - Single source analysis
2026-02-10 12:04:02,322 - __main__ - INFO -   POST /api/compare   - Source-target comparison
2026-02-10 12:04:02,322 - __main__ - INFO -   GET  /api/compare/{id} - Get comparison results
2026-02-10 12:04:02,323 - __main__ - INFO -   GET  /api/compare/{id}/mismatches - Paginated mismatches
2026-02-10 12:04:02,324 - __main__ - INFO -   GET  /api/compare/{id}/rows/count - Row counts
2026-02-10 12:04:02,324 - __main__ - INFO -   POST /api/upload    - File upload
2026-02-10 12:04:02,325 - __main__ - INFO -   GET  /api/sessions  - List sessions
2026-02-10 12:04:02,325 - __main__ - INFO -   GET  /api/sessions/<id> - Get session data
2026-02-10 12:04:02,327 - __main__ - INFO -   GET  /api/debug-db  - Database debug
2026-02-10 12:04:02,327 - __main__ - INFO - 🌍 Server starting on 0.0.0.0:5000 (debug=False)
2026-02-10 12:04:16,814 - __main__ - INFO - POST /api/upload - Request started
2026-02-10 12:04:16,824 - __main__ - INFO - File uploaded: 20260210_120416_sample_data_compare.csv (csv)
2026-02-10 12:04:16,826 - __main__ - INFO - Completed with status 200 in 0.012s
2026-02-10 12:04:17,077 - __main__ - INFO - POST /api/upload - Request started
2026-02-10 12:04:17,107 - __main__ - INFO - File uploaded: 20260210_120417_sample_data.xlsx (excel)
2026-02-10 12:04:17,108 - __main__ - INFO - Completed with status 200 in 0.031s
2026-02-10 12:04:17,153 - __main__ - INFO - POST /api/compare - Request started
2026-02-10 12:04:17,153 - __main__ - INFO - Comparison request - Source: csv, Target: excel
2026-02-10 12:04:17,154 - __main__ - INFO - Comparison analysis request received
2026-02-10 12:04:17,155 - __main__ - INFO - DEBUG source_data from nested: {'source_type': 'csv', 'source_file_path': 'uploads\\20260210_120416_sample_data_compare.csv'}
2026-02-10 12:04:17,155 - __main__ - INFO - Starting comparison for session CMP_20260210_120417
2026-02-10 12:04:17,156 - dq_comparison - INFO - Starting comparison analysis in UI mode
2026-02-10 12:04:17,157 - dq_comparison - INFO - LOADING SOURCE AND TARGET DATA
2026-02-10 12:04:17,157 - dq_comparison - INFO - 
==================================================
2026-02-10 12:04:17,158 - dq_comparison - INFO - 🔗 SOURCE DATA CONFIGURATION
2026-02-10 12:04:17,159 - dq_comparison - INFO - ==================================================
2026-02-10 12:04:17,159 - dq_comparison - INFO - DEBUG load_csv_source called for SOURCE
2026-02-10 12:04:17,160 - dq_comparison - INFO - DEBUG: Using file_path from 'file_path': uploads\20260210_120416_sample_data_compare.csv
2026-02-10 12:04:17,171 - dq_comparison - INFO - SOURCE CSV loaded: 11 rows, 10 columns
2026-02-10 12:04:17,172 - dq_comparison - INFO - 
==================================================
2026-02-10 12:04:17,172 - dq_comparison - INFO - 🔗 TARGET DATA CONFIGURATION
2026-02-10 12:04:17,173 - dq_comparison - INFO - ==================================================
2026-02-10 12:04:17,173 - dq_comparison - INFO - DEBUG load_excel_source called for TARGET
2026-02-10 12:04:17,174 - dq_comparison - INFO - DEBUG ui_data: {'source_type': 'excel', 'target_file_path': 'uploads\\20260210_120417_sample_data.xlsx'}
2026-02-10 12:04:17,175 - dq_comparison - INFO - DEBUG ui_data type: <class 'dict'>
2026-02-10 12:04:17,175 - dq_comparison - INFO - DEBUG Found target_file_path in ui_data: uploads\20260210_120417_sample_data.xlsx
2026-02-10 12:04:18,572 - dq_comparison - INFO - TARGET Excel loaded: 15 rows, 10 columns
2026-02-10 12:04:18,573 - dq_comparison - INFO - Source data loaded: 11 rows, 10 columns
2026-02-10 12:04:18,574 - dq_comparison - INFO - Target data loaded: 15 rows, 10 columns
2026-02-10 12:04:18,574 - dq_comparison - INFO - SELECTING COLUMNS FOR COMPARISON
2026-02-10 12:04:18,575 - dq_comparison - INFO - Source columns (original): ['CustomerName', 'Email', 'Phone', 'Salary', 'Department', 'JoinDate', 'PostalCode', 'City', 'Country', 'State']
2026-02-10 12:04:18,576 - dq_comparison - INFO - Target columns (original): ['CustomerName', 'Email', 'Phone', 'Salary', 'Department', 'JoinDate', 'PostalCode', 'City', 'Country', 'State']
2026-02-10 12:04:18,576 - dq_comparison - INFO - Common columns lowercased: ['postalcode', 'city', 'email', 'customername', 'phone', 'salary', 'state', 'joindate', 'department', 'country']
2026-02-10 12:04:18,577 - dq_comparison - INFO - Found 10 common columns between source and target (case-insensitive)
2026-02-10 12:04:18,578 - dq_comparison - INFO - User column selection input: all
2026-02-10 12:04:18,578 - dq_comparison - INFO - User selected ALL common columns for comparison
2026-02-10 12:04:18,579 - dq_comparison - INFO - Selected 10 columns for comparison: ['PostalCode', 'City', 'Email', 'CustomerName', 'Phone']...
2026-02-10 12:04:18,580 - dq_comparison - INFO - GENERATING COMPREHENSIVE COMPARISON REPORT
2026-02-10 12:04:18,580 - dq_comparison - INFO - Report details - Source: CSV: 20260210_120416_sample_data_compare.csv, Target: Excel: 20260210_120417_sample_data.xlsx (sample_data), Selected columns: 10
2026-02-10 12:04:18,581 - dq_comparison - INFO - Initializing Error Logger...
2026-02-10 12:04:18,582 - dq_error_log - INFO - ErrorLogger initialized with database: dq_checks
2026-02-10 12:04:18,735 - dq_error_log - INFO - Database connection successful
2026-02-10 12:04:18,737 - dq_comparison - INFO - Session ID: CMP_20260210_120418
2026-02-10 12:04:18,738 - dq_comparison - WARNING - ❌ Row count mismatch: Source=11, Target=15, Difference=4
2026-02-10 12:04:18,739 - dq_comparison - WARNING -    Extra in target: 4 rows
2026-02-10 12:04:18,740 - dq_comparison - INFO - Comparing column structures...
2026-02-10 12:04:18,742 - dq_comparison - WARNING - Found 1 incompatible data type mismatches
2026-02-10 12:04:18,743 - dq_comparison - INFO - Column structure comparison complete. Match: False
2026-02-10 12:04:18,745 - dq_comparison - INFO - Validating primary key/unique fields...
2026-02-10 12:04:18,746 - dq_comparison - INFO - Auto-detecting key fields from data...
2026-02-10 12:04:18,759 - dq_comparison - INFO - Auto-detected common key fields: ['CustomerName', 'PostalCode']
2026-02-10 12:04:18,761 - dq_comparison - WARNING - Primary key validation failed - duplicates in: ['CustomerName', 'PostalCode']
2026-02-10 12:04:18,762 - dq_comparison - INFO - Primary key validation complete. Status: DUPLICATE_VALUES
2026-02-10 12:04:18,794 - dq_comparison - INFO - Comparing table-level metadata...
2026-02-10 12:04:18,806 - dq_comparison - INFO - Table metadata comparison complete. Match: False
2026-02-10 12:04:18,806 - dq_comparison - INFO - SECOND CHECK: HASH-BASED COMPARISON WITH PERFECT NORMALIZATION
2026-02-10 12:04:18,849 - dq_comparison - INFO - Starting comparison of 26 total rows...
2026-02-10 12:04:18,849 - dq_comparison - INFO - === DEBUG: DATA TYPE CHECK ===
2026-02-10 12:04:18,849 - dq_comparison - INFO - Column: PostalCode
2026-02-10 12:04:18,851 - dq_comparison - INFO -   Source type: <class 'str'>, value: SAI10001
2026-02-10 12:04:18,851 - dq_comparison - INFO -   Target type: <class 'int'>, value: 10001
2026-02-10 12:04:18,854 - dq_comparison - INFO -   Normalized: 'sai10001' vs '10001'
2026-02-10 12:04:18,854 - dq_comparison - INFO -   Match: False
2026-02-10 12:04:18,855 - dq_comparison - INFO - Column: City
2026-02-10 12:04:18,855 - dq_comparison - INFO -   Source type: <class 'str'>, value: New York
2026-02-10 12:04:18,856 - dq_comparison - INFO -   Target type: <class 'str'>, value: New York
2026-02-10 12:04:18,857 - dq_comparison - INFO -   Normalized: 'new york' vs 'new york'
2026-02-10 12:04:18,857 - dq_comparison - INFO -   Match: True
2026-02-10 12:04:18,858 - dq_comparison - INFO - Column: Email
2026-02-10 12:04:18,858 - dq_comparison - INFO -   Source type: <class 'str'>, value: john@email.com
2026-02-10 12:04:18,859 - dq_comparison - INFO -   Target type: <class 'str'>, value: john@email.com
2026-02-10 12:04:18,860 - dq_comparison - INFO -   Normalized: 'john@email.com' vs 'john@email.com'
2026-02-10 12:04:18,860 - dq_comparison - INFO -   Match: True
2026-02-10 12:04:18,861 - dq_comparison - INFO - Source DF columns: ['CustomerName', 'Email', 'Phone', 'Salary', 'Department', 'JoinDate', 'PostalCode', 'City', 'Country', 'State']
2026-02-10 12:04:18,862 - dq_comparison - INFO - Target DF columns: ['CustomerName', 'Email', 'Phone', 'Salary', 'Department', 'JoinDate', 'PostalCode', 'City', 'Country', 'State']
2026-02-10 12:04:18,862 - dq_comparison - INFO - Selected columns for comparison: ['PostalCode', 'City', 'Email', 'CustomerName', 'Phone', 'Salary', 'State', 'JoinDate', 'Department', 'Country']
2026-02-10 12:04:18,863 - dq_comparison - INFO - Using 10 common columns for hash comparison
2026-02-10 12:04:18,864 - dq_comparison - INFO - Source columns: ['PostalCode', 'City', 'Email', 'CustomerName', 'Phone', 'Salary', 'State', 'JoinDate', 'Department', 'Country']
2026-02-10 12:04:18,864 - dq_comparison - INFO - Target columns: ['PostalCode', 'City', 'Email', 'CustomerName', 'Phone', 'Salary', 'State', 'JoinDate', 'Department', 'Country']
2026-02-10 12:04:18,865 - dq_comparison - INFO - Generating hashes for source data (11 rows)...
2026-02-10 12:04:18,869 - dq_comparison - INFO -    Hashing source data: 11.5% complete (3/26 rows)
2026-02-10 12:04:18,873 - dq_comparison - INFO -    Hashing source data: 23.1% complete (6/26 rows)
2026-02-10 12:04:18,878 - dq_comparison - INFO -    Hashing source data: 34.6% complete (9/26 rows)
2026-02-10 12:04:18,880 - dq_comparison - INFO - === DEBUG: SAMPLE HASHES ===
2026-02-10 12:04:18,881 - dq_comparison - INFO - Hash 1: 34e76372b1da2444... (sample row 0)
2026-02-10 12:04:18,882 - dq_comparison - INFO - Hash 2: fba04de3398162b6... (sample row 1)
2026-02-10 12:04:18,882 - dq_comparison - INFO - Hash 3: b2c30cf65bb7e62a... (sample row 2)
2026-02-10 12:04:18,883 - dq_comparison - INFO - Generating hashes for target data (15 rows)...
2026-02-10 12:04:18,884 - dq_comparison - INFO -    Hashing target data: 46.2% complete (12/26 rows)
2026-02-10 12:04:18,888 - dq_comparison - INFO -    Hashing target data: 57.7% complete (15/26 rows)
2026-02-10 12:04:18,891 - dq_comparison - INFO -    Hashing target data: 69.2% complete (18/26 rows)
2026-02-10 12:04:18,894 - dq_comparison - INFO -    Hashing target data: 80.8% complete (21/26 rows)
2026-02-10 12:04:18,897 - dq_comparison - INFO -    Hashing target data: 92.3% complete (24/26 rows)
2026-02-10 12:04:18,899 - dq_comparison - INFO - 
======================================================================
2026-02-10 12:04:18,900 - dq_comparison - INFO - 🔍 DEBUG: ANALYZING WHY HASHES DON'T MATCH
2026-02-10 12:04:18,901 - dq_comparison - INFO - ======================================================================
2026-02-10 12:04:18,901 - dq_comparison - INFO - 
--- Analyzing Row 0 ---
2026-02-10 12:04:18,902 - dq_comparison - INFO - Column 'PostalCode' → 'PostalCode':
2026-02-10 12:04:18,902 - dq_comparison - INFO -   Source: 'SAI10001' (type: str) → 'sai10001'
2026-02-10 12:04:18,903 - dq_comparison - INFO -   Target: '10001' (type: int) → '10001'
2026-02-10 12:04:18,903 - dq_comparison - INFO -   Match after normalization: ❌ NO
2026-02-10 12:04:18,904 - dq_comparison - INFO - Column 'City' → 'City':
2026-02-10 12:04:18,905 - dq_comparison - INFO -   Source: 'New York' (type: str) → 'new york'
2026-02-10 12:04:18,905 - dq_comparison - INFO -   Target: 'New York' (type: str) → 'new york'
2026-02-10 12:04:18,906 - dq_comparison - INFO -   Match after normalization: ✅ YES
2026-02-10 12:04:18,906 - dq_comparison - INFO - Column 'Email' → 'Email':
2026-02-10 12:04:18,907 - dq_comparison - INFO -   Source: 'john@email.com' (type: str) → 'john@email.com'
2026-02-10 12:04:18,907 - dq_comparison - INFO -   Target: 'john@email.com' (type: str) → 'john@email.com'
2026-02-10 12:04:18,908 - dq_comparison - INFO -   Match after normalization: ✅ YES
2026-02-10 12:04:18,909 - dq_comparison - INFO - Column 'CustomerName' → 'CustomerName':
2026-02-10 12:04:18,909 - dq_comparison - INFO -   Source: '   John Doe' (type: str) → 'john doe'
2026-02-10 12:04:18,909 - dq_comparison - INFO -   Target: 'John Doe' (type: str) → 'john doe'
2026-02-10 12:04:18,910 - dq_comparison - INFO -   Match after normalization: ✅ YES
2026-02-10 12:04:18,910 - dq_comparison - INFO - Column 'Phone' → 'Phone':
2026-02-10 12:04:18,912 - dq_comparison - INFO -   Source: '1234567890' (type: int64) → '1234567890'
2026-02-10 12:04:18,912 - dq_comparison - INFO -   Target: '1234567890' (type: int64) → '1234567890'
2026-02-10 12:04:18,913 - dq_comparison - INFO -   Match after normalization: ✅ YES
2026-02-10 12:04:18,913 - dq_comparison - INFO - 
Hash components for Row 0:
2026-02-10 12:04:18,914 - dq_comparison - INFO - Source hash string start: sai10001|new york|john@email.com...
2026-02-10 12:04:18,915 - dq_comparison - INFO - Target hash string start: 10001|new york|john@email.com...
2026-02-10 12:04:18,915 - dq_comparison - INFO - Same? ❌ NO
2026-02-10 12:04:18,916 - dq_comparison - INFO - 
--- Analyzing Row 1 ---
2026-02-10 12:04:18,916 - dq_comparison - INFO - Column 'PostalCode' → 'PostalCode':
2026-02-10 12:04:18,917 - dq_comparison - INFO -   Source: '10002' (type: str) → '10002'
2026-02-10 12:04:18,918 - dq_comparison - INFO -   Target: '10002' (type: int) → '10002'
2026-02-10 12:04:18,918 - dq_comparison - INFO -   Match after normalization: ✅ YES
2026-02-10 12:04:18,919 - dq_comparison - INFO - Column 'City' → 'City':
2026-02-10 12:04:18,919 - dq_comparison - INFO -   Source: 'India' (type: str) → 'india'
2026-02-10 12:04:18,920 - dq_comparison - INFO -   Target: 'Chicago' (type: str) → 'chicago'
2026-02-10 12:04:18,920 - dq_comparison - INFO -   Match after normalization: ❌ NO
2026-02-10 12:04:18,921 - dq_comparison - INFO - Column 'Email' → 'Email':
2026-02-10 12:04:18,921 - dq_comparison - INFO -   Source: 'jane@email.com' (type: str) → 'jane@email.com'
2026-02-10 12:04:18,922 - dq_comparison - INFO -   Target: 'jane@email.com' (type: str) → 'jane@email.com'
2026-02-10 12:04:18,922 - dq_comparison - INFO -   Match after normalization: ✅ YES
2026-02-10 12:04:18,923 - dq_comparison - INFO - Column 'CustomerName' → 'CustomerName':
2026-02-10 12:04:18,924 - dq_comparison - INFO -   Source: 'Jane      Smith' (type: str) → 'jane smith'
2026-02-10 12:04:18,924 - dq_comparison - INFO -   Target: 'Jane Smith' (type: str) → 'jane smith'
2026-02-10 12:04:18,925 - dq_comparison - INFO -   Match after normalization: ✅ YES
2026-02-10 12:04:18,926 - dq_comparison - INFO - Column 'Phone' → 'Phone':
2026-02-10 12:04:18,927 - dq_comparison - INFO -   Source: '9876543210' (type: int64) → '9876543210'
2026-02-10 12:04:18,927 - dq_comparison - INFO -   Target: '9876543210' (type: int64) → '9876543210'
2026-02-10 12:04:18,928 - dq_comparison - INFO -   Match after normalization: ✅ YES
2026-02-10 12:04:18,928 - dq_comparison - INFO - 
Hash components for Row 1:
2026-02-10 12:04:18,929 - dq_comparison - INFO - Source hash string start: 10002|india|jane@email.com...
2026-02-10 12:04:18,930 - dq_comparison - INFO - Target hash string start: 10002|chicago|jane@email.com...
2026-02-10 12:04:18,930 - dq_comparison - INFO - Same? ❌ NO
2026-02-10 12:04:18,931 - dq_comparison - INFO - 
--- Analyzing Row 2 ---
2026-02-10 12:04:18,932 - dq_comparison - INFO - Column 'PostalCode' → 'PostalCode':
2026-02-10 12:04:18,932 - dq_comparison - INFO -   Source: '10003' (type: str) → '10003'
2026-02-10 12:04:18,933 - dq_comparison - INFO -   Target: '10003' (type: int) → '10003'
2026-02-10 12:04:18,933 - dq_comparison - INFO -   Match after normalization: ✅ YES
2026-02-10 12:04:18,934 - dq_comparison - INFO - Column 'City' → 'City':
2026-02-10 12:04:18,934 - dq_comparison - INFO -   Source: 'Boston' (type: str) → 'boston'
2026-02-10 12:04:18,935 - dq_comparison - INFO -   Target: 'Boston' (type: str) → 'boston'
2026-02-10 12:04:18,935 - dq_comparison - INFO -   Match after normalization: ✅ YES
2026-02-10 12:04:18,936 - dq_comparison - INFO - Column 'Email' → 'Email':
2026-02-10 12:04:18,936 - dq_comparison - INFO -   Source: 'nan' (type: float) → 'NULL'
2026-02-10 12:04:18,937 - dq_comparison - INFO -   Target: 'nan' (type: float) → 'NULL'
2026-02-10 12:04:18,937 - dq_comparison - INFO -   Match after normalization: ✅ YES
2026-02-10 12:04:18,938 - dq_comparison - INFO - Column 'CustomerName' → 'CustomerName':
2026-02-10 12:04:18,938 - dq_comparison - INFO -   Source: 'Bob        Johnson' (type: str) → 'bob johnson'
2026-02-10 12:04:18,939 - dq_comparison - INFO -   Target: 'Bob Johnson' (type: str) → 'bob johnson'
2026-02-10 12:04:18,939 - dq_comparison - INFO -   Match after normalization: ✅ YES
2026-02-10 12:04:18,940 - dq_comparison - INFO - Column 'Phone' → 'Phone':
2026-02-10 12:04:18,940 - dq_comparison - INFO -   Source: '5551234567' (type: int64) → '5551234567'
2026-02-10 12:04:18,941 - dq_comparison - INFO -   Target: '5551234567' (type: int64) → '5551234567'
2026-02-10 12:04:18,941 - dq_comparison - INFO -   Match after normalization: ✅ YES
2026-02-10 12:04:18,942 - dq_comparison - INFO - 
Hash components for Row 2:
2026-02-10 12:04:18,942 - dq_comparison - INFO - Source hash string start: 10003|boston|NULL...
2026-02-10 12:04:18,943 - dq_comparison - INFO - Target hash string start: 10003|boston|NULL...
2026-02-10 12:04:18,943 - dq_comparison - INFO - Same? ✅ YES
2026-02-10 12:04:18,944 - dq_comparison - INFO - 
--- Column Data Types Analysis ---
2026-02-10 12:04:18,944 - dq_comparison - INFO - Column 1: 'PostalCode' (object) ↔ 'PostalCode' (object)
2026-02-10 12:04:18,945 - dq_comparison - INFO -   Sample: Source='SAI10001', Target='10001'
2026-02-10 12:04:18,945 - dq_comparison - INFO - Column 2: 'City' (object) ↔ 'City' (object)
2026-02-10 12:04:18,946 - dq_comparison - INFO -   Sample: Source='New York', Target='New York'
2026-02-10 12:04:18,947 - dq_comparison - INFO - Column 3: 'Email' (object) ↔ 'Email' (object)
2026-02-10 12:04:18,947 - dq_comparison - INFO -   Sample: Source='john@email.com', Target='john@email.com'
2026-02-10 12:04:18,948 - dq_comparison - INFO - Column 4: 'CustomerName' (object) ↔ 'CustomerName' (object)
2026-02-10 12:04:18,949 - dq_comparison - INFO -   Sample: Source='   John Doe', Target='John Doe'
2026-02-10 12:04:18,949 - dq_comparison - INFO - Column 5: 'Phone' (int64) ↔ 'Phone' (int64)
2026-02-10 12:04:18,950 - dq_comparison - INFO -   Sample: Source='1234567890', Target='1234567890'
2026-02-10 12:04:18,950 - dq_comparison - INFO - PERFORMING DETAILED ROW-LEVEL COMPARISON WITH PAGINATION...
2026-02-10 12:04:18,951 - dq_comparison - INFO - Found 15 total mismatches
2026-02-10 12:04:18,951 - dq_comparison - INFO - Will process detailed comparisons for first 15 rows
2026-02-10 12:04:19,069 - dq_comparison - INFO - 
================================================================================
2026-02-10 12:04:19,070 - dq_comparison - INFO - DETAILED MISMATCH SUMMARY:
2026-02-10 12:04:19,070 - dq_comparison - INFO -   Total mismatches found: 10
2026-02-10 12:04:19,071 - dq_comparison - INFO -   Detailed comparisons logged: 10
2026-02-10 12:04:19,071 - dq_comparison - INFO -   First 10 rows displayed above
2026-02-10 12:04:19,072 - dq_comparison - INFO -   All mismatches stored in database with complete data
2026-02-10 12:04:19,072 - dq_comparison - INFO - ================================================================================
2026-02-10 12:04:19,073 - dq_comparison - INFO - Hash-based Comparison Results (with duplicate handling):
2026-02-10 12:04:19,073 - dq_comparison - INFO -   • Unique source hashes: 11
2026-02-10 12:04:19,074 - dq_comparison - INFO -   • Unique target hashes: 14
2026-02-10 12:04:19,074 - dq_comparison - INFO -   • Common hashes: 5
2026-02-10 12:04:19,075 - dq_comparison - INFO -   • Common rows (counting duplicates): 5
2026-02-10 12:04:19,075 - dq_comparison - INFO -   • Rows only in source (counting duplicates): 6
2026-02-10 12:04:19,076 - dq_comparison - INFO -   • Rows only in target (counting duplicates): 10
2026-02-10 12:04:19,076 - dq_comparison - INFO - HASH-ONLY COMPARISON COMPLETED
2026-02-10 12:04:19,077 - dq_comparison - INFO - Returning counts for simple scoring:
2026-02-10 12:04:19,077 - dq_comparison - INFO -   Common rows: 5
2026-02-10 12:04:19,078 - dq_comparison - INFO -   Unique to source: 6
2026-02-10 12:04:19,078 - dq_comparison - INFO -   Unique to target: 10
2026-02-10 12:04:19,079 - dq_comparison - INFO -   Value mismatches: 160
2026-02-10 12:04:19,079 - dq_comparison - INFO -   Missing rows: 6
2026-02-10 12:04:19,080 - dq_comparison - INFO -   Extra rows: 10
2026-02-10 12:04:19,081 - dq_comparison - INFO - 
========================================================================================================================
COMPARISON: CSV (20260210_120416_sample_data_compare.csv) vs Excel (20260210_120417_sample_data.xlsx (sample_data))
========================================================================================================================
Row   | Diff Count | Source (Sample)                          | Target (Sample)                         
------------------------------------------------------------------------------------------------------------------------
2     | 1          | PostalCode: SAI10001                     | PostalCode: 10001                       
3     | 1          | PostalCode: 10002                        | PostalCode: 10002                       
4     | 1          | PostalCode: 10003                        | PostalCode: 10003                       
6     | 1          | PostalCode: 10005                        | PostalCode: 10005                       
8     | 2          | PostalCode: 10006                        | PostalCode: 10006                       
12    | 1          | PostalCode: 10009                        | PostalCode: 10009                       
13    | 9          | PostalCode: NULL                         | PostalCode: 10010                       
14    | 10         | PostalCode: NULL                         | PostalCode: 10011                       
15    | 9          | PostalCode: NULL                         | PostalCode: 10012                       
16    | 10         | PostalCode: NULL                         | PostalCode: 10013                       
------------------------------------------------------------------------------------------------------------------------
Showing all 10 mismatched rows.
========================================================================================================================
2026-02-10 12:04:19,081 - dq_comparison - INFO - Returning enhanced mismatch structure with 10 detailed mismatches
2026-02-10 12:04:19,081 - dq_comparison - INFO - New structure: 10 detailed mismatches
2026-02-10 12:04:19,082 - dq_comparison - INFO - Analyzing data quality metrics...
2026-02-10 12:04:19,105 - dq_comparison - INFO - Null values - Source: 4 (3.64%), Target: 6 (4.00%)
2026-02-10 12:04:19,108 - dq_comparison - INFO - Duplicate rows (normalized) - Source: 0, Target: 1
2026-02-10 12:04:19,110 - dq_comparison - INFO - Target duplicate samples: ['Row 2', 'Row 7']
2026-02-10 12:04:19,131 - dq_error_log - INFO - Retrieved 13 error logs for session CMP_20260210_120418
2026-02-10 12:04:19,132 - dq_comparison - INFO - 
📊 SIMPLE SCORING CALCULATION:
2026-02-10 12:04:19,133 - dq_comparison - INFO -   Source rows: 11
2026-02-10 12:04:19,133 - dq_comparison - INFO -   Common rows (matched): 5
2026-02-10 12:04:19,134 - dq_comparison - INFO -   Calculation: (5 / 11) * 100 = 45.45%
2026-02-10 12:04:19,134 - dq_comparison - INFO -   Explanation: 5 matched rows out of 11 total source rows
2026-02-10 12:04:19,135 - dq_comparison - INFO - 
=== AUDIT LOGGING SECTION ===
2026-02-10 12:04:19,135 - dq_comparison - INFO - 🔍 Audit logging is ENABLED in APP_SETTINGS
2026-02-10 12:04:19,136 - dq_audit - INFO - Audit class initialized with database: dq_checks
2026-02-10 12:04:19,136 - dq_comparison - INFO - Attempting to log audit record for session: CMP_20260210_120418
2026-02-10 12:04:19,137 - dq_audit - INFO - Starting database insertion for comparison...
2026-02-10 12:04:19,187 - dq_audit - INFO - Inserted comparison record with ID: 909
2026-02-10 12:04:19,188 - dq_comparison - INFO - ✅ Audit record logged successfully (ID: 909)
2026-02-10 12:04:19,198 - dq_error_log - INFO - Retrieved 13 error logs for session CMP_20260210_120418
2026-02-10 12:04:19,207 - dq_error_log - INFO - Retrieved summary: 13 total errors for session CMP_20260210_120418
2026-02-10 12:04:19,208 - dq_audit - INFO - Audit class initialized with database: dq_checks
2026-02-10 12:04:19,220 - dq_audit - INFO - Retrieved 1 audit logs for session CMP_20260210_120418
2026-02-10 12:04:19,220 - dq_comparison - INFO - 
🔍 Final results verification:
2026-02-10 12:04:19,220 - dq_comparison - INFO -    Session ID: CMP_20260210_120418
2026-02-10 12:04:19,222 - dq_comparison - INFO -    DQ Score (Simple %): 45.45%
2026-02-10 12:04:19,222 - dq_comparison - INFO -    Source rows: 11
2026-02-10 12:04:19,222 - dq_comparison - INFO -    Matched rows: 5
2026-02-10 12:04:19,223 - dq_comparison - INFO -    Calculation: (5 / 11) * 100
2026-02-10 12:04:19,223 - dq_comparison - INFO - Comparison analysis completed successfully
2026-02-10 12:04:19,236 - dq_audit - INFO - Retrieved 1 audit logs for session CMP_20260210_120418
2026-02-10 12:04:19,246 - dq_error_log - INFO - Retrieved 13 error logs for session CMP_20260210_120418
2026-02-10 12:04:19,258 - dq_error_log - INFO - Retrieved summary: 13 total errors for session CMP_20260210_120418
2026-02-10 12:04:19,262 - __main__ - INFO - Completed with status 200 in 2.109s
2026-02-10 12:04:19,317 - __main__ - INFO - GET /api/compare/CMP_20260210_120417/mismatches - Request started
2026-02-10 12:04:19,337 - __main__ - INFO - Completed with status 200 in 0.021s
2026-02-10 12:04:19,652 - __main__ - INFO - GET /api/compare/CMP_20260210_120417/mismatches - Request started
2026-02-10 12:04:19,672 - __main__ - INFO - Completed with status 200 in 0.020s
2026-02-10 12:06:39,141 - __main__ - INFO - POST /api/database-hierarchy - Request started
2026-02-10 12:06:39,142 - __main__ - INFO - Getting database hierarchy for mysql
2026-02-10 12:06:39,143 - __main__ - INFO - Database: Not provided
2026-02-10 12:06:39,146 - __main__ - INFO - Schema: Not provided
2026-02-10 12:06:39,147 - database_navigator - INFO - DatabaseNavigator initialized
2026-02-10 12:06:39,149 - __main__ - INFO - Connecting with config: {'host': 'localhost', 'port': 3306, 'user': 'root', 'password': 'root'}
2026-02-10 12:06:39,149 - database_navigator - INFO - Connecting to MYSQL...
2026-02-10 12:06:39,161 - database_navigator - INFO - Successfully connected to MYSQL!
2026-02-10 12:06:39,162 - __main__ - INFO - Getting databases list...
2026-02-10 12:06:39,164 - database_navigator - INFO - get_databases() called. db_type: mysql, connection exists: True
2026-02-10 12:06:39,168 - database_navigator - INFO - Found 13 databases
2026-02-10 12:06:39,169 - __main__ - INFO - Found 13 databases
2026-02-10 12:06:39,170 - __main__ - INFO - Completed with status 200 in 0.030s
2026-02-10 12:06:41,725 - __main__ - INFO - POST /api/database-hierarchy - Request started
2026-02-10 12:06:41,727 - __main__ - INFO - Getting database hierarchy for mysql
2026-02-10 12:06:41,729 - __main__ - INFO - Database: dq_checks
2026-02-10 12:06:41,731 - __main__ - INFO - Schema: Not provided
2026-02-10 12:06:41,732 - database_navigator - INFO - DatabaseNavigator initialized
2026-02-10 12:06:41,736 - __main__ - INFO - Connecting with config: {'host': 'localhost', 'port': 3306, 'user': 'root', 'password': 'root'}
2026-02-10 12:06:41,740 - database_navigator - INFO - Connecting to MYSQL...
2026-02-10 12:06:41,752 - database_navigator - INFO - Successfully connected to MYSQL!
2026-02-10 12:06:41,753 - __main__ - INFO - Getting schemas for database: dq_checks
2026-02-10 12:06:41,755 - database_navigator - INFO - Found 1 schemas
2026-02-10 12:06:41,756 - __main__ - INFO - Found 1 schemas
2026-02-10 12:06:41,758 - __main__ - INFO - Completed with status 200 in 0.033s
2026-02-10 12:06:44,030 - __main__ - INFO - POST /api/database-hierarchy - Request started
2026-02-10 12:06:44,032 - __main__ - INFO - Getting database hierarchy for mysql
2026-02-10 12:06:44,033 - __main__ - INFO - Database: dq_checks
2026-02-10 12:06:44,036 - __main__ - INFO - Schema: dq_checks
2026-02-10 12:06:44,038 - database_navigator - INFO - DatabaseNavigator initialized
2026-02-10 12:06:44,040 - __main__ - INFO - Connecting with config: {'host': 'localhost', 'port': 3306, 'user': 'root', 'password': 'root'}
2026-02-10 12:06:44,042 - database_navigator - INFO - Connecting to MYSQL...
2026-02-10 12:06:44,053 - database_navigator - INFO - Successfully connected to MYSQL!
2026-02-10 12:06:44,056 - __main__ - INFO - Getting tables for database: dq_checks, schema: dq_checks
2026-02-10 12:06:44,061 - database_navigator - INFO - Found 10 tables in schema 'dq_checks'
2026-02-10 12:06:44,062 - __main__ - INFO - Found 10 tables
2026-02-10 12:06:44,065 - __main__ - INFO - Completed with status 200 in 0.035s
2026-02-10 12:06:55,430 - __main__ - INFO - POST /api/upload - Request started
2026-02-10 12:06:55,503 - __main__ - INFO - File uploaded: 20260210_120655_Target_data_100k.csv (csv)
2026-02-10 12:06:55,505 - __main__ - INFO - Completed with status 200 in 0.075s
2026-02-10 12:06:55,694 - __main__ - INFO - POST /api/compare - Request started
2026-02-10 12:06:55,694 - __main__ - INFO - Comparison request - Source: database, Target: excel
2026-02-10 12:06:55,696 - __main__ - INFO - Comparison analysis request received
2026-02-10 12:06:55,697 - __main__ - INFO - DEBUG source_data from nested: {'source_type': 'database', 'db_type': 'mysql', 'host': 'localhost', 'port': 3306, 'database': 'dq_checks', 'table': 'employee', 'user': 'root', 'password': 'root'}
2026-02-10 12:06:55,698 - __main__ - INFO - Starting comparison for session CMP_20260210_120655
2026-02-10 12:06:55,700 - dq_comparison - INFO - Starting comparison analysis in UI mode
2026-02-10 12:06:55,700 - dq_comparison - INFO - LOADING SOURCE AND TARGET DATA
2026-02-10 12:06:55,701 - dq_comparison - INFO - 
==================================================
2026-02-10 12:06:55,702 - dq_comparison - INFO - 🔗 SOURCE DATA CONFIGURATION
2026-02-10 12:06:55,702 - dq_comparison - INFO - ==================================================
2026-02-10 12:06:55,703 - dq_comparison - INFO - 
🗄️ SOURCE DATABASE CONFIGURATION
2026-02-10 12:06:55,703 - dq_comparison - INFO - ----------------------------------------
2026-02-10 12:06:55,704 - dq_comparison - INFO - UI mode: Using provided database configuration for SOURCE
2026-02-10 12:06:55,705 - dq_unified - INFO - Loading data from DATABASE
2026-02-10 12:06:55,706 - dq_unified - INFO - Loading large database table: employee
2026-02-10 12:06:55,707 - dq_unified - INFO - Normalized DB config with schema: dq_checks
2026-02-10 12:06:55,757 - dq_unified - INFO - MySQL table employee has 89,999 rows
2026-02-10 12:06:55,757 - dq_unified - INFO - Loading 89,999 rows from MySQL...
2026-02-10 12:06:57,060 - dq_unified - INFO - Loaded 89,999 rows from MySQL
2026-02-10 12:06:57,654 - dq_unified - INFO - Memory optimization: 60.7MB -> 25.7MB (Saved: 35.0MB)
2026-02-10 12:06:57,730 - dq_unified - INFO - Loaded 89,999 rows, 12 columns. Memory: 220.8MB total, 25.7MB for dataframe
2026-02-10 12:06:57,730 - dq_comparison - INFO - SOURCE database loaded: 89,999 rows, 12 columns
2026-02-10 12:06:57,731 - dq_comparison - INFO - 
==================================================
2026-02-10 12:06:57,732 - dq_comparison - INFO - 🔗 TARGET DATA CONFIGURATION
2026-02-10 12:06:57,732 - dq_comparison - INFO - ==================================================
2026-02-10 12:06:57,733 - dq_comparison - INFO - DEBUG load_excel_source called for TARGET
2026-02-10 12:06:57,734 - dq_comparison - INFO - DEBUG ui_data: {'source_type': 'excel', 'target_file_path': 'uploads\\20260210_120655_Target_data_100k.csv'}
2026-02-10 12:06:57,735 - dq_comparison - INFO - DEBUG ui_data type: <class 'dict'>
2026-02-10 12:06:57,735 - dq_comparison - INFO - DEBUG Found target_file_path in ui_data: uploads\20260210_120655_Target_data_100k.csv
2026-02-10 12:06:57,739 - dq_comparison - ERROR - Error loading TARGET Excel: Excel file format cannot be determined, you must specify an engine manually.
2026-02-10 12:06:57,996 - dq_comparison - ERROR - Traceback (most recent call last):
  File "C:\Users\003160\OneDrive - wisseninfotech.com\Documents\DQ-Checks-Shashi\Data_Quality_Framework\dq_comparison.py", line 522, in load_excel_source
    excel_file = pd.ExcelFile(file_path)
                 ^^^^^^^^^^^^^^^^^^^^^^^
  File "C:\Users\003160\AppData\Local\Programs\Python\Python312\Lib\site-packages\pandas\io\excel\_base.py", line 1554, in __init__
    raise ValueError(
ValueError: Excel file format cannot be determined, you must specify an engine manually.

2026-02-10 12:06:57,996 - dq_comparison - ERROR - Failed to load source or target data
2026-02-10 12:06:58,034 - __main__ - WARNING - Comparison completed with errors: Failed to load source or target data
2026-02-10 12:06:58,034 - __main__ - INFO - Completed with status 200 in 2.340s
2026-02-10 12:06:58,060 - __main__ - INFO - GET /api/compare/CMP_ERROR_20260210_120657/mismatches - Request started
2026-02-10 12:06:58,088 - __main__ - INFO - Completed with status 200 in 0.027s
2026-02-10 12:06:58,409 - __main__ - INFO - GET /api/compare/CMP_ERROR_20260210_120657/mismatches - Request started
2026-02-10 12:06:58,432 - __main__ - INFO - Completed with status 200 in 0.022s
2026-02-10 12:15:00,743 - __main__ - INFO - POST /api/compare - Request started
2026-02-10 12:15:00,745 - __main__ - INFO - Comparison request - Source: database, Target: csv
2026-02-10 12:15:00,746 - __main__ - INFO - Comparison analysis request received
2026-02-10 12:15:00,748 - __main__ - INFO - DEBUG source_data from nested: {'source_type': 'database', 'db_type': 'mysql', 'host': 'localhost', 'port': 3306, 'database': 'dq_checks', 'table': 'employee', 'user': 'root', 'password': 'root'}
2026-02-10 12:15:00,750 - __main__ - INFO - Starting comparison for session CMP_20260210_121500
2026-02-10 12:15:00,751 - dq_comparison - INFO - Starting comparison analysis in UI mode
2026-02-10 12:15:00,751 - dq_comparison - INFO - LOADING SOURCE AND TARGET DATA
2026-02-10 12:15:00,752 - dq_comparison - INFO - 
==================================================
2026-02-10 12:15:00,752 - dq_comparison - INFO - 🔗 SOURCE DATA CONFIGURATION
2026-02-10 12:15:00,753 - dq_comparison - INFO - ==================================================
2026-02-10 12:15:00,754 - dq_comparison - INFO - 
🗄️ SOURCE DATABASE CONFIGURATION
2026-02-10 12:15:00,755 - dq_comparison - INFO - ----------------------------------------
2026-02-10 12:15:00,756 - dq_comparison - INFO - UI mode: Using provided database configuration for SOURCE
2026-02-10 12:15:00,757 - dq_unified - INFO - Loading data from DATABASE
2026-02-10 12:15:00,757 - dq_unified - INFO - Loading large database table: employee
2026-02-10 12:15:00,758 - dq_unified - INFO - Normalized DB config with schema: dq_checks
2026-02-10 12:15:00,788 - dq_unified - INFO - MySQL table employee has 89,999 rows
2026-02-10 12:15:00,788 - dq_unified - INFO - Loading 89,999 rows from MySQL...
2026-02-10 12:15:01,205 - dq_unified - INFO - Loaded 89,999 rows from MySQL
2026-02-10 12:15:01,851 - dq_unified - INFO - Memory optimization: 60.7MB -> 25.7MB (Saved: 35.0MB)
2026-02-10 12:15:01,941 - dq_unified - INFO - Loaded 89,999 rows, 12 columns. Memory: 221.0MB total, 25.7MB for dataframe
2026-02-10 12:15:01,942 - dq_comparison - INFO - SOURCE database loaded: 89,999 rows, 12 columns
2026-02-10 12:15:01,942 - dq_comparison - INFO - 
==================================================
2026-02-10 12:15:01,942 - dq_comparison - INFO - 🔗 TARGET DATA CONFIGURATION
2026-02-10 12:15:01,943 - dq_comparison - INFO - ==================================================
2026-02-10 12:15:01,943 - dq_comparison - INFO - DEBUG load_csv_source called for TARGET
2026-02-10 12:15:01,944 - dq_comparison - INFO - DEBUG: Using file_path from 'target_file_path': C:\\Users\\003160\\OneDrive - wisseninfotech.com\\Documents\\DQ-Checks-Shashi\\Test_data\\source_data_90k.csv
2026-02-10 12:15:02,198 - dq_comparison - INFO - TARGET CSV loaded: 89,999 rows, 12 columns
2026-02-10 12:15:02,198 - dq_comparison - INFO - Source data loaded: 89999 rows, 12 columns
2026-02-10 12:15:02,199 - dq_comparison - INFO - Target data loaded: 89999 rows, 12 columns
2026-02-10 12:15:02,199 - dq_comparison - INFO - SELECTING COLUMNS FOR COMPARISON
2026-02-10 12:15:02,200 - dq_comparison - INFO - Source columns (original): ['id', 'customer_id', 'transaction_id', 'customer_name', 'email', 'phone', 'transaction_date', 'amount', 'quantity', 'age', 'status', 'description']
2026-02-10 12:15:02,200 - dq_comparison - INFO - Target columns (original): ['id', 'customer_id', 'transaction_id', 'customer_name', 'email', 'phone', 'transaction_date', 'amount', 'quantity', 'age', 'status', 'description']
2026-02-10 12:15:02,201 - dq_comparison - INFO - Common columns lowercased: ['status', 'transaction_date', 'quantity', 'description', 'email', 'id', 'phone', 'transaction_id', 'customer_id', 'amount', 'customer_name', 'age']
2026-02-10 12:15:02,201 - dq_comparison - INFO - Found 12 common columns between source and target (case-insensitive)
2026-02-10 12:15:02,202 - dq_comparison - INFO - User column selection input: all
2026-02-10 12:15:02,202 - dq_comparison - INFO - User selected ALL common columns for comparison
2026-02-10 12:15:02,203 - dq_comparison - INFO - Selected 12 columns for comparison: ['status', 'transaction_date', 'quantity', 'description', 'email']...
2026-02-10 12:15:02,204 - dq_comparison - INFO - GENERATING COMPREHENSIVE COMPARISON REPORT
2026-02-10 12:15:02,204 - dq_comparison - INFO - Report details - Source: Database: mysql - dq_checks.employee, Target: CSV: source_data_90k.csv, Selected columns: 12
2026-02-10 12:15:02,205 - dq_comparison - INFO - Initializing Error Logger...
2026-02-10 12:15:02,205 - dq_error_log - INFO - ErrorLogger initialized with database: dq_checks
2026-02-10 12:15:02,223 - dq_error_log - INFO - Database connection successful
2026-02-10 12:15:02,224 - dq_comparison - INFO - Session ID: CMP_20260210_121502
2026-02-10 12:15:02,225 - dq_comparison - INFO - ✅ Row counts match: 89,999 rows
2026-02-10 12:15:02,225 - dq_comparison - INFO - Comparing column structures...
2026-02-10 12:15:02,226 - dq_comparison - WARNING - Found 12 incompatible data type mismatches
2026-02-10 12:15:02,227 - dq_comparison - INFO - Column structure comparison complete. Match: False
2026-02-10 12:15:02,227 - dq_comparison - INFO - Validating primary key/unique fields...
2026-02-10 12:15:02,228 - dq_comparison - INFO - Auto-detecting key fields from data...
2026-02-10 12:15:02,606 - dq_comparison - INFO - No common key fields auto-detected
2026-02-10 12:15:02,607 - dq_comparison - INFO - No key fields identified for validation
2026-02-10 12:15:02,607 - dq_comparison - INFO - Comparing table-level metadata...
2026-02-10 12:15:03,962 - dq_comparison - INFO - Table metadata comparison complete. Match: False
2026-02-10 12:15:03,963 - dq_comparison - INFO - SECOND CHECK: HASH-BASED COMPARISON WITH PERFECT NORMALIZATION
2026-02-10 12:15:03,968 - dq_comparison - INFO - Starting comparison of 179,998 total rows...
2026-02-10 12:15:03,968 - dq_comparison - INFO - === DEBUG: DATA TYPE CHECK ===
2026-02-10 12:15:03,970 - dq_comparison - INFO - Column: status
2026-02-10 12:15:03,971 - dq_comparison - INFO -   Source type: <class 'str'>, value: PENDING
2026-02-10 12:15:03,972 - dq_comparison - INFO -   Target type: <class 'str'>, value: PENDING
2026-02-10 12:15:03,973 - dq_comparison - INFO -   Normalized: 'pending' vs 'pending'
2026-02-10 12:15:03,973 - dq_comparison - INFO -   Match: True
2026-02-10 12:15:03,974 - dq_comparison - INFO - Column: transaction_date
2026-02-10 12:15:03,974 - dq_comparison - INFO -   Source type: <class 'str'>, value: 04-10-2023
2026-02-10 12:15:03,975 - dq_comparison - INFO -   Target type: <class 'str'>, value: 04-10-2023
2026-02-10 12:15:03,978 - dq_comparison - INFO -   Normalized: '2023-10-04' vs '2023-10-04'
2026-02-10 12:15:03,978 - dq_comparison - INFO -   Match: True
2026-02-10 12:15:03,979 - dq_comparison - INFO - Column: quantity
2026-02-10 12:15:03,980 - dq_comparison - INFO -   Source type: <class 'str'>, value: 41
2026-02-10 12:15:03,980 - dq_comparison - INFO -   Target type: <class 'numpy.int64'>, value: 41
2026-02-10 12:15:03,981 - dq_comparison - INFO -   Normalized: '41' vs '41'
2026-02-10 12:15:03,982 - dq_comparison - INFO -   Match: True
2026-02-10 12:15:03,983 - dq_comparison - INFO - Source DF columns: ['id', 'customer_id', 'transaction_id', 'customer_name', 'email', 'phone', 'transaction_date', 'amount', 'quantity', 'age', 'status', 'description']
2026-02-10 12:15:03,983 - dq_comparison - INFO - Target DF columns: ['id', 'customer_id', 'transaction_id', 'customer_name', 'email', 'phone', 'transaction_date', 'amount', 'quantity', 'age', 'status', 'description']
2026-02-10 12:15:03,984 - dq_comparison - INFO - Selected columns for comparison: ['status', 'transaction_date', 'quantity', 'description', 'email', 'id', 'phone', 'transaction_id', 'customer_id', 'amount', 'customer_name', 'age']
2026-02-10 12:15:03,986 - dq_comparison - INFO - Using 12 common columns for hash comparison
2026-02-10 12:15:03,987 - dq_comparison - INFO - Source columns: ['status', 'transaction_date', 'quantity', 'description', 'email', 'id', 'phone', 'transaction_id', 'customer_id', 'amount', 'customer_name', 'age']
2026-02-10 12:15:03,988 - dq_comparison - INFO - Target columns: ['status', 'transaction_date', 'quantity', 'description', 'email', 'id', 'phone', 'transaction_id', 'customer_id', 'amount', 'customer_name', 'age']
2026-02-10 12:15:03,989 - dq_comparison - INFO - Generating hashes for source data (89999 rows)...
2026-02-10 12:15:20,487 - dq_comparison - INFO -    Hashing source data: 10.0% complete (18,000/179,998 rows)
2026-02-10 12:15:33,300 - dq_comparison - INFO -    Hashing source data: 20.0% complete (36,000/179,998 rows)
2026-02-10 12:15:43,171 - dq_comparison - INFO -    Hashing source data: 27.8% complete (50,000/179,998 rows)
2026-02-10 12:15:56,280 - dq_comparison - INFO -    Hashing source data: 37.8% complete (68,000/179,998 rows)
2026-02-10 12:16:09,424 - dq_comparison - INFO -    Hashing source data: 47.8% complete (86,000/179,998 rows)
2026-02-10 12:16:12,148 - dq_comparison - INFO - === DEBUG: SAMPLE HASHES ===
2026-02-10 12:16:12,152 - dq_comparison - INFO - Hash 1: 48f59641bee00378... (sample row 0)
2026-02-10 12:16:12,152 - dq_comparison - INFO - Hash 2: ad99c7e80d129765... (sample row 1)
2026-02-10 12:16:12,153 - dq_comparison - INFO - Hash 3: 02be93da3695d94c... (sample row 2)
2026-02-10 12:16:12,154 - dq_comparison - INFO - Generating hashes for target data (89999 rows)...
2026-02-10 12:16:18,944 - dq_comparison - INFO -    Hashing target data: 55.6% complete (100,000/179,998 rows)
2026-02-10 12:16:33,097 - dq_comparison - INFO -    Hashing target data: 65.6% complete (118,000/179,998 rows)
2026-02-10 12:16:47,440 - dq_comparison - INFO -    Hashing target data: 75.6% complete (136,000/179,998 rows)
2026-02-10 12:16:58,002 - dq_comparison - INFO -    Hashing target data: 83.3% complete (150,000/179,998 rows)
2026-02-10 12:17:10,916 - dq_comparison - INFO -    Hashing target data: 93.3% complete (168,000/179,998 rows)
2026-02-10 12:17:19,060 - dq_comparison - INFO - 
======================================================================
2026-02-10 12:17:19,062 - dq_comparison - INFO - 🔍 DEBUG: ANALYZING WHY HASHES DON'T MATCH
2026-02-10 12:17:19,063 - dq_comparison - INFO - ======================================================================
2026-02-10 12:17:19,064 - dq_comparison - INFO - 
--- Analyzing Row 0 ---
2026-02-10 12:17:19,066 - dq_comparison - INFO - Column 'status' → 'status':
2026-02-10 12:17:19,066 - dq_comparison - INFO -   Source: 'PENDING' (type: str) → 'pending'
2026-02-10 12:17:19,067 - dq_comparison - INFO -   Target: 'PENDING' (type: str) → 'pending'
2026-02-10 12:17:19,068 - dq_comparison - INFO -   Match after normalization: ✅ YES
2026-02-10 12:17:19,070 - dq_comparison - INFO - Column 'transaction_date' → 'transaction_date':
2026-02-10 12:17:19,071 - dq_comparison - INFO -   Source: '04-10-2023' (type: str) → '2023-10-04'
2026-02-10 12:17:19,072 - dq_comparison - INFO -   Target: '04-10-2023' (type: str) → '2023-10-04'
2026-02-10 12:17:19,072 - dq_comparison - INFO -   Match after normalization: ✅ YES
2026-02-10 12:17:19,073 - dq_comparison - INFO - Column 'quantity' → 'quantity':
2026-02-10 12:17:19,074 - dq_comparison - INFO -   Source: '41' (type: str) → '41'
2026-02-10 12:17:19,074 - dq_comparison - INFO -   Target: '41' (type: int64) → '41'
2026-02-10 12:17:19,075 - dq_comparison - INFO -   Match after normalization: ✅ YES
2026-02-10 12:17:19,076 - dq_comparison - INFO - Column 'description' → 'description':
2026-02-10 12:17:19,076 - dq_comparison - INFO -   Source: 'Text with& ampersands' (type: str) → 'text with& ampersands'
2026-02-10 12:17:19,077 - dq_comparison - INFO -   Target: 'Text with& ampersands' (type: str) → 'text with& ampersands'
2026-02-10 12:17:19,077 - dq_comparison - INFO -   Match after normalization: ✅ YES
2026-02-10 12:17:19,079 - dq_comparison - INFO - Column 'email' → 'email':
2026-02-10 12:17:19,080 - dq_comparison - INFO -   Source: 'david.jones@company' (type: str) → 'david.jones@company'
2026-02-10 12:17:19,080 - dq_comparison - INFO -   Target: 'david.jones@company.com' (type: str) → 'david.jones@company.com'
2026-02-10 12:17:19,081 - dq_comparison - INFO -   Match after normalization: ❌ NO
2026-02-10 12:17:19,082 - dq_comparison - INFO - 
Hash components for Row 0:
2026-02-10 12:17:19,084 - dq_comparison - INFO - Source hash string start: pending|2023-10-04|41...
2026-02-10 12:17:19,084 - dq_comparison - INFO - Target hash string start: pending|2023-10-04|41...
2026-02-10 12:17:19,086 - dq_comparison - INFO - Same? ✅ YES
2026-02-10 12:17:19,087 - dq_comparison - INFO - 
--- Analyzing Row 1 ---
2026-02-10 12:17:19,088 - dq_comparison - INFO - Column 'status' → 'status':
2026-02-10 12:17:19,088 - dq_comparison - INFO -   Source: 'ACTIVE' (type: str) → 'active'
2026-02-10 12:17:19,088 - dq_comparison - INFO -   Target: 'ACTIVE' (type: str) → 'active'
2026-02-10 12:17:19,089 - dq_comparison - INFO -   Match after normalization: ✅ YES
2026-02-10 12:17:19,091 - dq_comparison - INFO - Column 'transaction_date' → 'transaction_date':
2026-02-10 12:17:19,091 - dq_comparison - INFO -   Source: '04-07-2023' (type: str) → '2023-07-04'
2026-02-10 12:17:19,092 - dq_comparison - INFO -   Target: '04-07-2023' (type: str) → '2023-07-04'
2026-02-10 12:17:19,093 - dq_comparison - INFO -   Match after normalization: ✅ YES
2026-02-10 12:17:19,093 - dq_comparison - INFO - Column 'quantity' → 'quantity':
2026-02-10 12:17:19,094 - dq_comparison - INFO -   Source: '73' (type: str) → '73'
2026-02-10 12:17:19,095 - dq_comparison - INFO -   Target: '73' (type: int64) → '73'
2026-02-10 12:17:19,095 - dq_comparison - INFO -   Match after normalization: ✅ YES
2026-02-10 12:17:19,095 - dq_comparison - INFO - Column 'description' → 'description':
2026-02-10 12:17:19,097 - dq_comparison - INFO -   Source: 'Text with. periods' (type: str) → 'text with. periods'
2026-02-10 12:17:19,097 - dq_comparison - INFO -   Target: 'Text with. periods' (type: str) → 'text with. periods'
2026-02-10 12:17:19,098 - dq_comparison - INFO -   Match after normalization: ✅ YES
2026-02-10 12:17:19,098 - dq_comparison - INFO - Column 'email' → 'email':
2026-02-10 12:17:19,099 - dq_comparison - INFO -   Source: 'duplicate.email@gmail.com' (type: str) → 'duplicate.email@gmail.com'
2026-02-10 12:17:19,099 - dq_comparison - INFO -   Target: 'jennifer.williams@gmail.com' (type: str) → 'jennifer.williams@gmail.com'
2026-02-10 12:17:19,100 - dq_comparison - INFO -   Match after normalization: ❌ NO
2026-02-10 12:17:19,101 - dq_comparison - INFO - 
Hash components for Row 1:
2026-02-10 12:17:19,103 - dq_comparison - INFO - Source hash string start: active|2023-07-04|73...
2026-02-10 12:17:19,104 - dq_comparison - INFO - Target hash string start: active|2023-07-04|73...
2026-02-10 12:17:19,104 - dq_comparison - INFO - Same? ✅ YES
2026-02-10 12:17:19,105 - dq_comparison - INFO - 
--- Analyzing Row 2 ---
2026-02-10 12:17:19,107 - dq_comparison - INFO - Column 'status' → 'status':
2026-02-10 12:17:19,107 - dq_comparison - INFO -   Source: 'CANCELLED' (type: str) → 'cancelled'
2026-02-10 12:17:19,107 - dq_comparison - INFO -   Target: 'CANCELLED' (type: str) → 'cancelled'
2026-02-10 12:17:19,108 - dq_comparison - INFO -   Match after normalization: ✅ YES
2026-02-10 12:17:19,110 - dq_comparison - INFO - Column 'transaction_date' → 'transaction_date':
2026-02-10 12:17:19,111 - dq_comparison - INFO -   Source: '10-03-2023' (type: str) → '2023-03-10'
2026-02-10 12:17:19,111 - dq_comparison - INFO -   Target: '10-03-2023' (type: str) → '2023-03-10'
2026-02-10 12:17:19,112 - dq_comparison - INFO -   Match after normalization: ✅ YES
2026-02-10 12:17:19,112 - dq_comparison - INFO - Column 'quantity' → 'quantity':
2026-02-10 12:17:19,113 - dq_comparison - INFO -   Source: '17' (type: str) → '17'
2026-02-10 12:17:19,113 - dq_comparison - INFO -   Target: '17' (type: int64) → '17'
2026-02-10 12:17:19,114 - dq_comparison - INFO -   Match after normalization: ✅ YES
2026-02-10 12:17:19,114 - dq_comparison - INFO - Column 'description' → 'description':
2026-02-10 12:17:19,116 - dq_comparison - INFO -   Source: 'Text with{braces}' (type: str) → 'text with{braces}'
2026-02-10 12:17:19,116 - dq_comparison - INFO -   Target: 'Text with{braces}' (type: str) → 'text with{braces}'
2026-02-10 12:17:19,117 - dq_comparison - INFO -   Match after normalization: ✅ YES
2026-02-10 12:17:19,118 - dq_comparison - INFO - Column 'email' → 'email':
2026-02-10 12:17:19,118 - dq_comparison - INFO -   Source: 'nan' (type: float) → 'NULL'
2026-02-10 12:17:19,120 - dq_comparison - INFO -   Target: 'james.davis@hotmail.com' (type: str) → 'james.davis@hotmail.com'
2026-02-10 12:17:19,120 - dq_comparison - INFO -   Match after normalization: ❌ NO
2026-02-10 12:17:19,120 - dq_comparison - INFO - 
Hash components for Row 2:
2026-02-10 12:17:19,122 - dq_comparison - INFO - Source hash string start: cancelled|2023-03-10|17...
2026-02-10 12:17:19,123 - dq_comparison - INFO - Target hash string start: cancelled|2023-03-10|17...
2026-02-10 12:17:19,124 - dq_comparison - INFO - Same? ✅ YES
2026-02-10 12:17:19,124 - dq_comparison - INFO - 
--- Column Data Types Analysis ---
2026-02-10 12:17:19,125 - dq_comparison - INFO - Column 1: 'status' (category) ↔ 'status' (object)
2026-02-10 12:17:19,126 - dq_comparison - INFO -   Sample: Source='PENDING', Target='PENDING'
2026-02-10 12:17:19,126 - dq_comparison - INFO - Column 2: 'transaction_date' (category) ↔ 'transaction_date' (object)
2026-02-10 12:17:19,127 - dq_comparison - INFO -   Sample: Source='04-10-2023', Target='04-10-2023'
2026-02-10 12:17:19,128 - dq_comparison - INFO - Column 3: 'quantity' (category) ↔ 'quantity' (int64)
2026-02-10 12:17:19,128 - dq_comparison - INFO -   Sample: Source='41', Target='41'
2026-02-10 12:17:19,129 - dq_comparison - INFO - Column 4: 'description' (category) ↔ 'description' (object)
2026-02-10 12:17:19,130 - dq_comparison - INFO -   Sample: Source='Text with& ampersands', Target='Text with& ampersands'
2026-02-10 12:17:19,130 - dq_comparison - INFO - Column 5: 'email' (category) ↔ 'email' (object)
2026-02-10 12:17:19,131 - dq_comparison - INFO -   Sample: Source='david.jones@company', Target='david.jones@company.com'
2026-02-10 12:17:19,132 - dq_comparison - INFO - PERFORMING DETAILED ROW-LEVEL COMPARISON WITH PAGINATION...
2026-02-10 12:17:19,154 - dq_comparison - INFO - Found 18 total mismatches
2026-02-10 12:17:19,155 - dq_comparison - INFO - Will process detailed comparisons for first 18 rows
2026-02-10 12:17:19,360 - dq_comparison - INFO - 
================================================================================
2026-02-10 12:17:19,361 - dq_comparison - INFO - DETAILED MISMATCH SUMMARY:
2026-02-10 12:17:19,362 - dq_comparison - INFO -   Total mismatches found: 9
2026-02-10 12:17:19,362 - dq_comparison - INFO -   Detailed comparisons logged: 9
2026-02-10 12:17:19,363 - dq_comparison - INFO -   First 10 rows displayed above
2026-02-10 12:17:19,364 - dq_comparison - INFO -   All mismatches stored in database with complete data
2026-02-10 12:17:19,364 - dq_comparison - INFO - ================================================================================
2026-02-10 12:17:19,408 - dq_comparison - INFO - Hash-based Comparison Results (with duplicate handling):
2026-02-10 12:17:19,408 - dq_comparison - INFO -   • Unique source hashes: 89796
2026-02-10 12:17:19,410 - dq_comparison - INFO -   • Unique target hashes: 89796
2026-02-10 12:17:19,410 - dq_comparison - INFO -   • Common hashes: 89787
2026-02-10 12:17:19,411 - dq_comparison - INFO -   • Common rows (counting duplicates): 89,990
2026-02-10 12:17:19,412 - dq_comparison - INFO -   • Rows only in source (counting duplicates): 9
2026-02-10 12:17:19,412 - dq_comparison - INFO -   • Rows only in target (counting duplicates): 9
2026-02-10 12:17:19,454 - dq_comparison - INFO - HASH-ONLY COMPARISON COMPLETED
2026-02-10 12:17:19,456 - dq_comparison - INFO - Returning counts for simple scoring:
2026-02-10 12:17:19,456 - dq_comparison - INFO -   Common rows: 89,990
2026-02-10 12:17:19,457 - dq_comparison - INFO -   Unique to source: 9
2026-02-10 12:17:19,458 - dq_comparison - INFO -   Unique to target: 9
2026-02-10 12:17:19,458 - dq_comparison - INFO -   Value mismatches: 216
2026-02-10 12:17:19,459 - dq_comparison - INFO -   Missing rows: 9
2026-02-10 12:17:19,460 - dq_comparison - INFO -   Extra rows: 9
2026-02-10 12:17:19,461 - dq_comparison - INFO - 
========================================================================================================================
COMPARISON: Mysql Database vs CSV (source_data_90k.csv)
========================================================================================================================
Row   | Diff Count | Source (Sample)                          | Target (Sample)                         
------------------------------------------------------------------------------------------------------------------------
2     | 2          | status: PENDING                          | status: PENDING                         
3     | 2          | status: ACTIVE                           | status: ACTIVE                          
4     | 3          | status: CANCELLED                        | status: CANCELLED                       
5     | 2          | status: PENDING                          | status: PENDING                         
6     | 1          | status: INACTIVE                         | status: INACTIVE                        
7     | 2          | status: COMPLETED                        | status: COMPLETED                       
8     | 1          | status: COMPLETED                        | status: COMPLETED                       
9     | 2          | status: INACTIVE                         | status: INACTIVE                        
10    | 1          | status: CANCELLED                        | status: CANCELLED                       
------------------------------------------------------------------------------------------------------------------------
Showing all 9 mismatched rows.
========================================================================================================================
2026-02-10 12:17:19,462 - dq_comparison - INFO - Returning enhanced mismatch structure with 9 detailed mismatches
2026-02-10 12:17:19,493 - dq_comparison - INFO - New structure: 9 detailed mismatches
2026-02-10 12:17:19,494 - dq_comparison - INFO - Analyzing data quality metrics...
2026-02-10 12:18:09,924 - dq_comparison - INFO - Null values - Source: 7442 (0.69%), Target: 7439 (0.69%)
2026-02-10 12:18:10,106 - dq_comparison - INFO - Duplicate rows (normalized) - Source: 203, Target: 203
2026-02-10 12:18:10,203 - dq_comparison - INFO - Source duplicate samples: ['Row 169', 'Row 383', 'Row 639']
2026-02-10 12:18:10,296 - dq_comparison - INFO - Target duplicate samples: ['Row 169', 'Row 383', 'Row 639']
2026-02-10 12:18:10,327 - dq_error_log - INFO - Retrieved 9 error logs for session CMP_20260210_121502
2026-02-10 12:18:10,327 - dq_comparison - INFO - 
📊 SIMPLE SCORING CALCULATION:
2026-02-10 12:18:10,328 - dq_comparison - INFO -   Source rows: 89999
2026-02-10 12:18:10,329 - dq_comparison - INFO -   Common rows (matched): 89990
2026-02-10 12:18:10,329 - dq_comparison - INFO -   Calculation: (89990 / 89999) * 100 = 99.99%
2026-02-10 12:18:10,330 - dq_comparison - INFO -   Explanation: 89990 matched rows out of 89999 total source rows
2026-02-10 12:18:10,331 - dq_comparison - INFO - 
=== AUDIT LOGGING SECTION ===
2026-02-10 12:18:10,331 - dq_comparison - INFO - 🔍 Audit logging is ENABLED in APP_SETTINGS
2026-02-10 12:18:10,332 - dq_audit - INFO - Audit class initialized with database: dq_checks
2026-02-10 12:18:10,333 - dq_comparison - INFO - Attempting to log audit record for session: CMP_20260210_121502
2026-02-10 12:18:10,333 - dq_audit - INFO - Starting database insertion for comparison...
2026-02-10 12:18:10,345 - dq_audit - INFO - Inserted comparison record with ID: 910
2026-02-10 12:18:10,346 - dq_comparison - INFO - ✅ Audit record logged successfully (ID: 910)
2026-02-10 12:18:10,353 - dq_error_log - INFO - Retrieved 9 error logs for session CMP_20260210_121502
2026-02-10 12:18:10,363 - dq_error_log - INFO - Retrieved summary: 9 total errors for session CMP_20260210_121502
2026-02-10 12:18:10,364 - dq_audit - INFO - Audit class initialized with database: dq_checks
2026-02-10 12:18:10,374 - dq_audit - INFO - Retrieved 1 audit logs for session CMP_20260210_121502
2026-02-10 12:18:10,374 - dq_comparison - INFO - 
🔍 Final results verification:
2026-02-10 12:18:10,375 - dq_comparison - INFO -    Session ID: CMP_20260210_121502
2026-02-10 12:18:10,375 - dq_comparison - INFO -    DQ Score (Simple %): 99.99%
2026-02-10 12:18:10,376 - dq_comparison - INFO -    Source rows: 89999
2026-02-10 12:18:10,376 - dq_comparison - INFO -    Matched rows: 89990
2026-02-10 12:18:10,377 - dq_comparison - INFO -    Calculation: (89990 / 89999) * 100
2026-02-10 12:18:10,378 - dq_comparison - INFO - Comparison analysis completed successfully
2026-02-10 12:18:10,426 - dq_audit - INFO - Retrieved 1 audit logs for session CMP_20260210_121502
2026-02-10 12:18:10,435 - dq_error_log - INFO - Retrieved 9 error logs for session CMP_20260210_121502
2026-02-10 12:18:10,444 - dq_error_log - INFO - Retrieved summary: 9 total errors for session CMP_20260210_121502
2026-02-10 12:18:10,449 - __main__ - INFO - Completed with status 200 in 189.706s
2026-02-10 12:25:47,464 - __main__ - INFO - GET /api/compare/CMP_20260210_121502/mismatches - Request started
2026-02-10 12:25:47,489 - __main__ - INFO - Completed with status 200 in 0.025s
2026-02-10 12:26:02,866 - __main__ - INFO - GET /api/compare/CMP_20260210_121502/mismatches - Request started
2026-02-10 12:26:02,882 - __main__ - INFO - Completed with status 200 in 0.016s
