2026-01-02 19:58:00,596 - __main__ - INFO - 🌐 API Server Logging Initialized
2026-01-02 19:58:00,598 - __main__ - INFO - 📝 Logs saved to: logs/dq_api_20260102_195800.log
2026-01-02 19:58:00,718 - __main__ - INFO - APP_SETTINGS loaded. Audit enabled: True
2026-01-02 19:58:00,718 - __main__ - INFO - ✅ All DQ modules loaded successfully
2026-01-02 19:58:00,722 - dq_error_log - INFO - ErrorLogger initialized with database: dq_checks
2026-01-02 19:58:00,723 - dq_audit - INFO - Audit class initialized with database: dq_checks
2026-01-02 19:58:00,723 - __main__ - INFO - ✅ ErrorLogger and DataQualityAudit initialized
2026-01-02 19:58:00,731 - __main__ - INFO - 🚀 Starting Data Quality Framework API
2026-01-02 19:58:00,731 - __main__ - INFO - 📊 Modules available: True
2026-01-02 19:58:00,732 - __main__ - INFO - 🔧 Config file mode: False
2026-01-02 19:58:00,732 - __main__ - INFO - 📋 Available endpoints:
2026-01-02 19:58:00,733 - __main__ - INFO -   GET  /              - API status
2026-01-02 19:58:00,734 - __main__ - INFO -   GET  /api/health    - Health check
2026-01-02 19:58:00,734 - __main__ - INFO -   POST /api/check-single - Single source analysis
2026-01-02 19:58:00,735 - __main__ - INFO -   POST /api/compare   - Source-target comparison
2026-01-02 19:58:00,735 - __main__ - INFO -   POST /api/upload    - File upload
2026-01-02 19:58:00,736 - __main__ - INFO -   GET  /api/sessions  - List sessions
2026-01-02 19:58:00,736 - __main__ - INFO -   GET  /api/sessions/<id> - Get session data
2026-01-02 19:58:00,737 - __main__ - INFO -   GET  /api/debug-db  - Database debug
2026-01-02 19:58:00,737 - __main__ - INFO - 🌍 Server starting on 0.0.0.0:5000 (debug=False)
2026-01-02 19:58:13,667 - __main__ - INFO - GET /api/health - Request started
2026-01-02 19:58:13,669 - __main__ - INFO - Completed with status 200 in 0.002s
2026-01-02 19:58:24,788 - __main__ - INFO - GET /api/health - Request started
2026-01-02 19:58:24,791 - __main__ - INFO - Completed with status 200 in 0.002s
2026-01-02 19:59:40,643 - __main__ - INFO - POST /api/compare - Request started
2026-01-02 19:59:40,645 - __main__ - INFO - Comparison analysis request received
2026-01-02 19:59:40,647 - __main__ - INFO - Starting comparison for session CMP_20260102_195940
2026-01-02 19:59:40,649 - dq_comparison - INFO - Starting comparison analysis in UI mode
2026-01-02 19:59:40,650 - dq_comparison - INFO - LOADING SOURCE AND TARGET DATA
2026-01-02 19:59:40,651 - dq_comparison - INFO - 
==================================================
2026-01-02 19:59:40,651 - dq_comparison - INFO - 🔗 SOURCE DATA CONFIGURATION
2026-01-02 19:59:40,652 - dq_comparison - INFO - ==================================================
2026-01-02 19:59:40,652 - input_handler - WARNING - Required field 'source_file_path' not provided in UI mode, using empty string
2026-01-02 19:59:40,653 - dq_comparison - ERROR - CSV file not found: 
2026-01-02 19:59:40,654 - dq_comparison - INFO - 
==================================================
2026-01-02 19:59:40,654 - dq_comparison - INFO - 🔗 TARGET DATA CONFIGURATION
2026-01-02 19:59:40,655 - dq_comparison - INFO - ==================================================
2026-01-02 19:59:40,658 - dq_comparison - INFO - 
🗄️ TARGET DATABASE CONFIGURATION
2026-01-02 19:59:40,659 - dq_comparison - INFO - ----------------------------------------
2026-01-02 19:59:40,660 - dq_comparison - INFO - UI mode: Using provided database configuration for TARGET
2026-01-02 19:59:40,662 - dq_unified - INFO - Loading data from DATABASE
2026-01-02 19:59:40,664 - dq_unified - INFO - Loading large database table: customers
2026-01-02 19:59:40,664 - dq_unified - INFO - Normalized DB config with schema: dq_checks
2026-01-02 19:59:40,925 - dq_unified - INFO - MySQL table customers has 15 rows
2026-01-02 19:59:40,926 - dq_unified - INFO - Loading 15 rows from MySQL...
2026-01-02 19:59:42,455 - dq_unified - INFO - Loaded 15 rows from MySQL
2026-01-02 19:59:42,476 - dq_unified - INFO - Memory optimization: 0.0MB -> 0.0MB (Saved: 0.0MB)
2026-01-02 19:59:42,478 - dq_unified - INFO - Standardizing data types...
2026-01-02 19:59:42,485 - dq_unified - INFO - Data type standardization complete
2026-01-02 19:59:42,487 - dq_unified - INFO - Loaded 15 rows, 10 columns. Memory: 121.5MB total, 0.0MB for dataframe
2026-01-02 19:59:42,489 - dq_comparison - INFO - TARGET database loaded: 15 rows, 10 columns
2026-01-02 19:59:42,490 - dq_comparison - ERROR - Failed to load source or target data
2026-01-02 19:59:42,491 - __main__ - WARNING - Comparison completed with errors: Failed to load source or target data
2026-01-02 19:59:42,494 - __main__ - INFO - Completed with status 200 in 1.851s
