2026-02-16 14:17:25,465 - __main__ - INFO - 🌐 API Server Logging Initialized
2026-02-16 14:17:25,466 - __main__ - INFO - 📝 Logs saved to: logs/dq_api_20260216_141725.log
2026-02-16 14:17:25,542 - __main__ - INFO - APP_SETTINGS loaded. Audit enabled: True
2026-02-16 14:17:25,543 - __main__ - INFO - ✅ All DQ modules loaded successfully
2026-02-16 14:17:25,545 - dq_error_log - INFO - ErrorLogger initialized with database: dq_checks
2026-02-16 14:17:25,545 - dq_audit - INFO - Audit class initialized with database: dq_checks
2026-02-16 14:17:25,546 - __main__ - INFO - ✅ ErrorLogger and DataQualityAudit initialized
2026-02-16 14:17:25,558 - __main__ - INFO - 🚀 Starting Data Quality Framework API
2026-02-16 14:17:25,559 - __main__ - INFO - 📊 Modules available: True
2026-02-16 14:17:25,560 - __main__ - INFO - 🔧 Config file mode: False
2026-02-16 14:17:25,560 - __main__ - INFO - 📋 Available endpoints:
2026-02-16 14:17:25,561 - __main__ - INFO -   GET  /              - API status
2026-02-16 14:17:25,562 - __main__ - INFO -   GET  /api/health    - Health check
2026-02-16 14:17:25,562 - __main__ - INFO -   POST /api/check-single - Single source analysis
2026-02-16 14:17:25,563 - __main__ - INFO -   POST /api/compare   - Source-target comparison
2026-02-16 14:17:25,564 - __main__ - INFO -   GET  /api/compare/{id} - Get comparison results
2026-02-16 14:17:25,564 - __main__ - INFO -   GET  /api/compare/{id}/mismatches - Paginated mismatches
2026-02-16 14:17:25,565 - __main__ - INFO -   GET  /api/compare/{id}/rows/count - Row counts
2026-02-16 14:17:25,566 - __main__ - INFO -   POST /api/upload    - File upload
2026-02-16 14:17:25,566 - __main__ - INFO -   GET  /api/sessions  - List sessions
2026-02-16 14:17:25,567 - __main__ - INFO -   GET  /api/sessions/<id> - Get session data
2026-02-16 14:17:25,568 - __main__ - INFO -   GET  /api/debug-db  - Database debug
2026-02-16 14:17:25,569 - __main__ - INFO - 🌍 Server starting on 0.0.0.0:5000 (debug=False)
2026-02-16 14:17:49,701 - __main__ - INFO - POST /api/database-hierarchy - Request started
2026-02-16 14:17:49,702 - __main__ - INFO - Getting database hierarchy for mysql
2026-02-16 14:17:49,702 - __main__ - INFO - Database: Not provided
2026-02-16 14:17:49,703 - __main__ - INFO - Schema: Not provided
2026-02-16 14:17:49,703 - database_navigator - INFO - DatabaseNavigator initialized
2026-02-16 14:17:49,704 - __main__ - INFO - Connecting with config: {'host': 'localhost', 'port': 3306, 'user': 'root', 'password': 'root'}
2026-02-16 14:17:49,705 - database_navigator - INFO - Connecting to MYSQL...
2026-02-16 14:17:49,951 - mysql.connector - INFO - package: mysql.connector.plugins
2026-02-16 14:17:49,952 - mysql.connector - INFO - plugin_name: caching_sha2_password
2026-02-16 14:17:49,952 - mysql.connector - INFO - AUTHENTICATION_PLUGIN_CLASS: MySQLCachingSHA2PasswordAuthPlugin
2026-02-16 14:17:49,954 - mysql.connector - INFO - package: mysql.connector.plugins
2026-02-16 14:17:49,954 - mysql.connector - INFO - plugin_name: mysql_native_password
2026-02-16 14:17:49,958 - mysql.connector - INFO - AUTHENTICATION_PLUGIN_CLASS: MySQLNativePasswordAuthPlugin
2026-02-16 14:17:49,961 - database_navigator - INFO - Successfully connected to MYSQL!
2026-02-16 14:17:49,962 - __main__ - INFO - Getting databases list...
2026-02-16 14:17:49,963 - database_navigator - INFO - get_databases() called. db_type: mysql, connection exists: True
2026-02-16 14:17:49,968 - database_navigator - INFO - Found 7 databases
2026-02-16 14:17:49,969 - __main__ - INFO - Found 7 databases
2026-02-16 14:17:49,970 - __main__ - INFO - Completed with status 200 in 0.268s
2026-02-16 14:17:51,221 - __main__ - INFO - POST /api/database-hierarchy - Request started
2026-02-16 14:17:51,223 - __main__ - INFO - Getting database hierarchy for mysql
2026-02-16 14:17:51,224 - __main__ - INFO - Database: dq_checks
2026-02-16 14:17:51,225 - __main__ - INFO - Schema: Not provided
2026-02-16 14:17:51,226 - database_navigator - INFO - DatabaseNavigator initialized
2026-02-16 14:17:51,226 - __main__ - INFO - Connecting with config: {'host': 'localhost', 'port': 3306, 'user': 'root', 'password': 'root'}
2026-02-16 14:17:51,227 - database_navigator - INFO - Connecting to MYSQL...
2026-02-16 14:17:51,292 - database_navigator - INFO - Successfully connected to MYSQL!
2026-02-16 14:17:51,293 - __main__ - INFO - Getting schemas for database: dq_checks
2026-02-16 14:17:51,294 - database_navigator - INFO - Found 1 schemas
2026-02-16 14:17:51,294 - __main__ - INFO - Found 1 schemas
2026-02-16 14:17:51,296 - __main__ - INFO - Completed with status 200 in 0.075s
2026-02-16 14:17:53,190 - __main__ - INFO - POST /api/database-hierarchy - Request started
2026-02-16 14:17:53,191 - __main__ - INFO - Getting database hierarchy for mysql
2026-02-16 14:17:53,191 - __main__ - INFO - Database: dq_checks
2026-02-16 14:17:53,192 - __main__ - INFO - Schema: dq_checks
2026-02-16 14:17:53,193 - database_navigator - INFO - DatabaseNavigator initialized
2026-02-16 14:17:53,193 - __main__ - INFO - Connecting with config: {'host': 'localhost', 'port': 3306, 'user': 'root', 'password': 'root'}
2026-02-16 14:17:53,194 - database_navigator - INFO - Connecting to MYSQL...
2026-02-16 14:17:53,262 - database_navigator - INFO - Successfully connected to MYSQL!
2026-02-16 14:17:53,263 - __main__ - INFO - Getting tables for database: dq_checks, schema: dq_checks
2026-02-16 14:17:53,273 - database_navigator - INFO - Found 28 tables in schema 'dq_checks'
2026-02-16 14:17:53,274 - __main__ - INFO - Found 28 tables
2026-02-16 14:17:53,275 - __main__ - INFO - Completed with status 200 in 0.086s
2026-02-16 14:18:01,910 - __main__ - INFO - GET /api/rules - Request started
2026-02-16 14:18:01,912 - dq_error_log - INFO - ErrorLogger initialized with database: dq_checks
2026-02-16 14:18:01,914 - dq_audit - INFO - Audit class initialized with database: dq_checks
2026-02-16 14:18:02,002 - dq_rules - INFO - Retrieved 7 business rules
2026-02-16 14:18:02,003 - __main__ - INFO - Completed with status 200 in 0.093s
2026-02-16 14:18:02,324 - __main__ - INFO - GET /api/rules - Request started
2026-02-16 14:18:02,325 - dq_error_log - INFO - ErrorLogger initialized with database: dq_checks
2026-02-16 14:18:02,325 - dq_audit - INFO - Audit class initialized with database: dq_checks
2026-02-16 14:18:02,398 - dq_rules - INFO - Retrieved 7 business rules
2026-02-16 14:18:02,399 - __main__ - INFO - Completed with status 200 in 0.075s
2026-02-16 14:18:05,518 - __main__ - INFO - POST /api/rules/execute - Request started
2026-02-16 14:18:05,519 - dq_rules - INFO - Starting business rules analysis in UI/API mode
2026-02-16 14:18:05,591 - dq_rules - INFO - Business rules tables created/verified successfully
2026-02-16 14:18:05,592 - dq_rules - INFO - Loading database data: .
2026-02-16 14:18:05,659 - dq_rules - ERROR - Database loading error: 1045 (28000): Access denied for user 'root'@'localhost' (using password: NO)
2026-02-16 14:18:05,660 - __main__ - INFO - Completed with status 200 in 0.143s
2026-02-16 14:18:05,768 - __main__ - INFO - GET /api/rules/violations/RULES_20260216_141805 - Request started
2026-02-16 14:18:05,770 - dq_error_log - INFO - ErrorLogger initialized with database: dq_checks
2026-02-16 14:18:05,771 - dq_audit - INFO - Audit class initialized with database: dq_checks
2026-02-16 14:18:05,853 - __main__ - INFO - Completed with status 200 in 0.086s
2026-02-16 14:18:20,950 - __main__ - INFO - POST /api/database-hierarchy - Request started
2026-02-16 14:18:20,952 - __main__ - INFO - Getting database hierarchy for mysql
2026-02-16 14:18:20,953 - __main__ - INFO - Database: Not provided
2026-02-16 14:18:20,954 - __main__ - INFO - Schema: Not provided
2026-02-16 14:18:20,955 - database_navigator - INFO - DatabaseNavigator initialized
2026-02-16 14:18:20,956 - __main__ - INFO - Connecting with config: {'host': 'localhost', 'port': 3306, 'user': 'root', 'password': 'root'}
2026-02-16 14:18:20,958 - database_navigator - INFO - Connecting to MYSQL...
2026-02-16 14:18:21,049 - database_navigator - INFO - Successfully connected to MYSQL!
2026-02-16 14:18:21,050 - __main__ - INFO - Getting databases list...
2026-02-16 14:18:21,051 - database_navigator - INFO - get_databases() called. db_type: mysql, connection exists: True
2026-02-16 14:18:21,060 - database_navigator - INFO - Found 7 databases
2026-02-16 14:18:21,061 - __main__ - INFO - Found 7 databases
2026-02-16 14:18:21,062 - __main__ - INFO - Completed with status 200 in 0.112s
2026-02-16 14:18:23,157 - __main__ - INFO - POST /api/database-hierarchy - Request started
2026-02-16 14:18:23,161 - __main__ - INFO - Getting database hierarchy for mysql
2026-02-16 14:18:23,162 - __main__ - INFO - Database: dq_checks
2026-02-16 14:18:23,163 - __main__ - INFO - Schema: Not provided
2026-02-16 14:18:23,164 - database_navigator - INFO - DatabaseNavigator initialized
2026-02-16 14:18:23,165 - __main__ - INFO - Connecting with config: {'host': 'localhost', 'port': 3306, 'user': 'root', 'password': 'root'}
2026-02-16 14:18:23,166 - database_navigator - INFO - Connecting to MYSQL...
2026-02-16 14:18:23,252 - database_navigator - INFO - Successfully connected to MYSQL!
2026-02-16 14:18:23,253 - __main__ - INFO - Getting schemas for database: dq_checks
2026-02-16 14:18:23,256 - database_navigator - INFO - Found 1 schemas
2026-02-16 14:18:23,257 - __main__ - INFO - Found 1 schemas
2026-02-16 14:18:23,259 - __main__ - INFO - Completed with status 200 in 0.102s
2026-02-16 14:18:24,735 - __main__ - INFO - POST /api/database-hierarchy - Request started
2026-02-16 14:18:24,737 - __main__ - INFO - Getting database hierarchy for mysql
2026-02-16 14:18:24,739 - __main__ - INFO - Database: dq_checks
2026-02-16 14:18:24,740 - __main__ - INFO - Schema: dq_checks
2026-02-16 14:18:24,742 - database_navigator - INFO - DatabaseNavigator initialized
2026-02-16 14:18:24,743 - __main__ - INFO - Connecting with config: {'host': 'localhost', 'port': 3306, 'user': 'root', 'password': 'root'}
2026-02-16 14:18:24,744 - database_navigator - INFO - Connecting to MYSQL...
2026-02-16 14:18:24,826 - database_navigator - INFO - Successfully connected to MYSQL!
2026-02-16 14:18:24,827 - __main__ - INFO - Getting tables for database: dq_checks, schema: dq_checks
2026-02-16 14:18:24,840 - database_navigator - INFO - Found 28 tables in schema 'dq_checks'
2026-02-16 14:18:24,842 - __main__ - INFO - Found 28 tables
2026-02-16 14:18:24,844 - __main__ - INFO - Completed with status 200 in 0.110s
2026-02-16 14:18:38,838 - __main__ - INFO - GET /api/rules - Request started
2026-02-16 14:18:38,840 - dq_error_log - INFO - ErrorLogger initialized with database: dq_checks
2026-02-16 14:18:38,843 - dq_audit - INFO - Audit class initialized with database: dq_checks
2026-02-16 14:18:38,946 - dq_rules - INFO - Retrieved 7 business rules
2026-02-16 14:18:38,947 - __main__ - INFO - Completed with status 200 in 0.109s
2026-02-16 14:18:38,957 - __main__ - INFO - GET /api/rules - Request started
2026-02-16 14:18:38,959 - dq_error_log - INFO - ErrorLogger initialized with database: dq_checks
2026-02-16 14:18:38,961 - dq_audit - INFO - Audit class initialized with database: dq_checks
2026-02-16 14:18:39,068 - dq_rules - INFO - Retrieved 7 business rules
2026-02-16 14:18:39,070 - __main__ - INFO - Completed with status 200 in 0.113s
2026-02-16 14:18:56,469 - __main__ - INFO - POST /api/rules - Request started
2026-02-16 14:18:56,470 - dq_error_log - INFO - ErrorLogger initialized with database: dq_checks
2026-02-16 14:18:56,471 - dq_audit - INFO - Audit class initialized with database: dq_checks
2026-02-16 14:18:56,541 - dq_rules - INFO - Created new rule: emailvalidationpatter2914 (ID: 84)
2026-02-16 14:18:56,542 - __main__ - INFO - Completed with status 201 in 0.073s
2026-02-16 14:18:56,732 - __main__ - INFO - GET /api/rules - Request started
2026-02-16 14:18:56,732 - dq_error_log - INFO - ErrorLogger initialized with database: dq_checks
2026-02-16 14:18:56,733 - dq_audit - INFO - Audit class initialized with database: dq_checks
2026-02-16 14:18:56,807 - dq_rules - INFO - Retrieved 8 business rules
2026-02-16 14:18:56,809 - __main__ - INFO - Completed with status 200 in 0.077s
2026-02-16 14:19:01,903 - __main__ - INFO - POST /api/rules/execute - Request started
2026-02-16 14:19:01,904 - dq_rules - INFO - Starting business rules analysis in UI/API mode
2026-02-16 14:19:01,989 - dq_rules - INFO - Business rules tables created/verified successfully
2026-02-16 14:19:01,990 - dq_rules - INFO - Loading database data: .
2026-02-16 14:19:02,054 - dq_rules - ERROR - Database loading error: 1045 (28000): Access denied for user 'root'@'localhost' (using password: NO)
2026-02-16 14:19:02,055 - __main__ - INFO - Completed with status 200 in 0.152s
2026-02-16 14:19:02,372 - __main__ - INFO - GET /api/rules/violations/RULES_20260216_141902 - Request started
2026-02-16 14:19:02,373 - dq_error_log - INFO - ErrorLogger initialized with database: dq_checks
2026-02-16 14:19:02,374 - dq_audit - INFO - Audit class initialized with database: dq_checks
2026-02-16 14:19:02,445 - __main__ - INFO - Completed with status 200 in 0.074s
2026-02-16 14:19:43,127 - __main__ - INFO - POST /api/upload - Request started
2026-02-16 14:19:43,176 - __main__ - INFO - File uploaded: 20260216_141943_rulseexel_-_Copy.xlsx (excel)
2026-02-16 14:19:43,177 - __main__ - INFO - Completed with status 200 in 0.050s
2026-02-16 14:19:43,191 - __main__ - INFO - GET /api/rules - Request started
2026-02-16 14:19:43,193 - dq_error_log - INFO - ErrorLogger initialized with database: dq_checks
2026-02-16 14:19:43,193 - dq_audit - INFO - Audit class initialized with database: dq_checks
2026-02-16 14:19:43,281 - dq_rules - INFO - Retrieved 8 business rules
2026-02-16 14:19:43,283 - __main__ - INFO - Completed with status 200 in 0.092s
2026-02-16 14:19:43,295 - __main__ - INFO - GET /api/rules - Request started
2026-02-16 14:19:43,297 - dq_error_log - INFO - ErrorLogger initialized with database: dq_checks
2026-02-16 14:19:43,298 - dq_audit - INFO - Audit class initialized with database: dq_checks
2026-02-16 14:19:43,386 - dq_rules - INFO - Retrieved 8 business rules
2026-02-16 14:19:43,387 - __main__ - INFO - Completed with status 200 in 0.092s
2026-02-16 14:20:00,631 - __main__ - INFO - POST /api/rules - Request started
2026-02-16 14:20:00,632 - dq_error_log - INFO - ErrorLogger initialized with database: dq_checks
2026-02-16 14:20:00,633 - dq_audit - INFO - Audit class initialized with database: dq_checks
2026-02-16 14:20:00,705 - dq_rules - INFO - Created new rule: emailrulepattern5555 (ID: 85)
2026-02-16 14:20:00,706 - __main__ - INFO - Completed with status 201 in 0.075s
2026-02-16 14:20:00,721 - __main__ - INFO - GET /api/rules - Request started
2026-02-16 14:20:00,722 - dq_error_log - INFO - ErrorLogger initialized with database: dq_checks
2026-02-16 14:20:00,722 - dq_audit - INFO - Audit class initialized with database: dq_checks
2026-02-16 14:20:00,803 - dq_rules - INFO - Retrieved 9 business rules
2026-02-16 14:20:00,804 - __main__ - INFO - Completed with status 200 in 0.084s
2026-02-16 14:20:06,334 - __main__ - INFO - POST /api/rules/execute - Request started
2026-02-16 14:20:06,335 - dq_rules - INFO - Starting business rules analysis in UI/API mode
2026-02-16 14:20:06,406 - dq_rules - INFO - Business rules tables created/verified successfully
2026-02-16 14:20:06,407 - dq_rules - INFO - Loading data for rules analysis
2026-02-16 14:20:06,407 - dq_unified - INFO - Prompting user for data source type
2026-02-16 14:20:06,408 - dq_unified - INFO - UI Data source_type: excel
2026-02-16 14:20:06,408 - dq_unified - INFO - Using source_type from UI data: excel
2026-02-16 14:20:06,408 - dq_unified - INFO - Loading data from EXCEL
2026-02-16 14:20:06,409 - dq_unified - INFO - Loading large Excel: C:/Users/006398/Desktop/Accilerator/Data_Quality_Framework/uploads/20260216_141943_rulseexel_-_Copy.xlsx
2026-02-16 14:20:07,031 - dq_unified - INFO - Loading Excel file...
2026-02-16 14:20:07,063 - dq_unified - INFO - Loaded 370 rows from Excel
2026-02-16 14:20:07,068 - dq_unified - INFO - Memory optimization: 0.1MB -> 0.0MB (Saved: 0.1MB)
2026-02-16 14:20:07,069 - dq_unified - INFO - Loaded 370 rows, 11 columns. Memory: 119.0MB total, 0.0MB for dataframe
2026-02-16 14:20:07,070 - dq_rules - INFO - Data loaded: 370 rows, 11 columns from EXCEL: 20260216_141943_rulseexel_-_Copy.xlsx
2026-02-16 14:20:07,071 - dq_error_log - INFO - ErrorLogger initialized with database: dq_checks
2026-02-16 14:20:07,071 - dq_audit - INFO - Audit class initialized with database: dq_checks
2026-02-16 14:20:07,071 - dq_rules - INFO - BusinessRuleEngine session set to: RULES_20260216_142007_4767
2026-02-16 14:20:07,072 - dq_rules - INFO - Session ID: RULES_20260216_142007_4767
2026-02-16 14:20:07,136 - dq_rules - INFO - Retrieved 9 business rules
2026-02-16 14:20:07,137 - dq_rules - INFO - Executing specific rules: [85]
2026-02-16 14:20:07,139 - dq_rules - INFO - Executing rule: emailrulepattern5555 (pattern)
2026-02-16 14:20:07,208 - dq_rules - INFO - Logged 1 rule executions to database
2026-02-16 14:20:07,209 - dq_error_log - INFO - Starting batch logging for 94 errors, session: RULES_20260216_142007_4767
2026-02-16 14:20:07,287 - dq_error_log - INFO - Batch 1: Successfully logged 94 errors
2026-02-16 14:20:07,288 - dq_error_log - INFO - Progress: 94/94 errors processed
2026-02-16 14:20:07,289 - dq_error_log - INFO - COMPLETE: Logged 94/94 errors for session RULES_20260216_142007_4767
2026-02-16 14:20:07,397 - dq_rules - INFO - Inserted 94 into dq_rule_violations
2026-02-16 14:20:07,398 - dq_rules - INFO - Logged 94 rule violations to error logs
2026-02-16 14:20:07,398 - dq_rules - INFO - Rule execution completed: 1 rules, 94 violations, DQ Score: 74.6%
2026-02-16 14:20:07,398 - dq_audit - INFO - Starting database insertion for business_rules...
2026-02-16 14:20:07,466 - dq_audit - INFO - Inserted business_rules record with ID: 708
2026-02-16 14:20:07,468 - dq_rules - INFO - Audit record logged for business rules session: RULES_20260216_142007_4767
2026-02-16 14:20:07,544 - dq_error_log - INFO - Retrieved 94 error logs for session RULES_20260216_142007_4767
2026-02-16 14:20:07,610 - dq_error_log - INFO - Retrieved summary: 94 total errors for session RULES_20260216_142007_4767
2026-02-16 14:20:07,674 - dq_audit - INFO - Retrieved 1 audit logs for session RULES_20260216_142007_4767
2026-02-16 14:20:07,675 - dq_rules - INFO - Business rules analysis completed for session RULES_20260216_142007_4767
2026-02-16 14:20:07,682 - __main__ - INFO - Completed with status 200 in 1.347s
2026-02-16 14:20:07,696 - __main__ - INFO - GET /api/rules/violations/RULES_20260216_142007_4767 - Request started
2026-02-16 14:20:07,697 - dq_error_log - INFO - ErrorLogger initialized with database: dq_checks
2026-02-16 14:20:07,698 - dq_audit - INFO - Audit class initialized with database: dq_checks
2026-02-16 14:20:07,782 - __main__ - INFO - Completed with status 200 in 0.087s
