2025-12-27 15:48:58,997 - __main__ - INFO - 🌐 API Server Logging Initialized
2025-12-27 15:48:58,998 - __main__ - INFO - 📝 Logs saved to: logs/dq_api_20251227_154858.log
2025-12-27 15:48:59,135 - __main__ - INFO - APP_SETTINGS loaded. Audit enabled: True
2025-12-27 15:48:59,135 - __main__ - INFO - ✅ All DQ modules loaded successfully
2025-12-27 15:48:59,137 - dq_error_log - INFO - ErrorLogger initialized with database: dq_checks
2025-12-27 15:48:59,138 - dq_audit - INFO - Audit class initialized with database: dq_checks
2025-12-27 15:48:59,138 - __main__ - INFO - ✅ ErrorLogger and DataQualityAudit initialized
2025-12-27 15:48:59,146 - __main__ - INFO - 🚀 Starting Data Quality Framework API
2025-12-27 15:48:59,147 - __main__ - INFO - 📊 Modules available: True
2025-12-27 15:48:59,147 - __main__ - INFO - 🔧 Config file mode: False
2025-12-27 15:48:59,148 - __main__ - INFO - 📋 Available endpoints:
2025-12-27 15:48:59,149 - __main__ - INFO -   GET  /              - API status
2025-12-27 15:48:59,150 - __main__ - INFO -   GET  /api/health    - Health check
2025-12-27 15:48:59,151 - __main__ - INFO -   POST /api/check-single - Single source analysis
2025-12-27 15:48:59,152 - __main__ - INFO -   POST /api/compare   - Source-target comparison
2025-12-27 15:48:59,153 - __main__ - INFO -   POST /api/upload    - File upload
2025-12-27 15:48:59,154 - __main__ - INFO -   GET  /api/sessions  - List sessions
2025-12-27 15:48:59,154 - __main__ - INFO -   GET  /api/sessions/<id> - Get session data
2025-12-27 15:48:59,155 - __main__ - INFO -   GET  /api/debug-db  - Database debug
2025-12-27 15:48:59,156 - __main__ - INFO - 🌍 Server starting on 0.0.0.0:5000 (debug=False)
2025-12-27 15:49:16,023 - __main__ - INFO - GET /api/health - Request started
2025-12-27 15:49:16,024 - __main__ - INFO - Completed with status 200 in 0.001s
2025-12-27 15:49:18,066 - __main__ - INFO - POST /api/check-single - Request started
2025-12-27 15:49:18,067 - __main__ - INFO - Single source analysis request received
2025-12-27 15:49:18,068 - __main__ - INFO - Starting analysis for session SINGLE_20251227_154918_5df82158
2025-12-27 15:49:18,069 - __main__ - INFO - UI Data being passed to dq_unified:
2025-12-27 15:49:18,070 - __main__ - INFO -   source_type: csv
2025-12-27 15:49:18,070 - __main__ - INFO -   file_path: C:/Users/003160/OneDrive - wisseninfotech.com/Documents/DQ-Checks-Shashi/Test_data/sample_data.csv
2025-12-27 15:49:18,070 - __main__ - INFO -   sheet_name: None
2025-12-27 15:49:18,072 - __main__ - INFO -   mandatory_fields: all
2025-12-27 15:49:18,073 - dq_unified - INFO - ==================================================
2025-12-27 15:49:18,073 - dq_unified - INFO - RUN_SINGLE_SOURCE_ANALYSIS_UI - START
2025-12-27 15:49:18,074 - dq_unified - INFO - Prompting user for data source type
2025-12-27 15:49:18,074 - dq_unified - INFO - UI Data source_type: csv
2025-12-27 15:49:18,076 - dq_unified - INFO - Using source_type from UI data: csv
2025-12-27 15:49:18,077 - dq_unified - INFO - Loading data from CSV...
2025-12-27 15:49:18,079 - dq_unified - INFO - Loading data from CSV
2025-12-27 15:49:18,081 - dq_unified - INFO - Loading large CSV: C:/Users/003160/OneDrive - wisseninfotech.com/Documents/DQ-Checks-Shashi/Test_data/sample_data.csv
2025-12-27 15:49:18,083 - dq_unified - INFO - CSV file has 15 rows
2025-12-27 15:49:18,084 - dq_unified - INFO - Loading 15 rows from CSV...
2025-12-27 15:49:18,098 - dq_unified - INFO - Loaded 15 rows from CSV
2025-12-27 15:49:18,104 - dq_unified - INFO - Memory optimization: 0.0MB -> 0.0MB (Saved: 0.0MB)
2025-12-27 15:49:18,107 - dq_unified - INFO - Loaded 15 rows, 10 columns. Memory: 99.0MB total, 0.0MB for dataframe
2025-12-27 15:49:18,108 - dq_unified - INFO - Data loaded: 15 rows, 10 columns
2025-12-27 15:49:18,109 - dq_error_log - INFO - ErrorLogger initialized with database: dq_checks
2025-12-27 15:49:18,110 - dq_unified - INFO - Session ID: SINGLE_20251227_154918
2025-12-27 15:49:18,110 - dq_unified - INFO - ==================================================
2025-12-27 15:49:18,112 - dq_unified - INFO - Starting quality checks...
2025-12-27 15:49:18,112 - dq_unified - INFO - ==================================================
2025-12-27 15:49:18,113 - dq_unified - INFO - 1. Checking for null/empty values...
2025-12-27 15:49:18,113 - dq_unified - INFO - Checking for null/empty values
2025-12-27 15:49:18,115 - dq_unified - WARNING - Column 'CustomerName': 1 empty cells (6.7%)
2025-12-27 15:49:18,204 - dq_error_log - INFO - Batch logged 1 errors for session SINGLE_20251227_154918
2025-12-27 15:49:18,206 - dq_unified - WARNING - Column 'Email': 1 empty cells (6.7%)
2025-12-27 15:49:18,220 - dq_error_log - INFO - Batch logged 1 errors for session SINGLE_20251227_154918
2025-12-27 15:49:18,221 - dq_unified - INFO - Column 'Phone': No empty cells
2025-12-27 15:49:18,222 - dq_unified - WARNING - Column 'Salary': 2 empty cells (13.3%)
2025-12-27 15:49:18,233 - dq_error_log - INFO - Batch logged 2 errors for session SINGLE_20251227_154918
2025-12-27 15:49:18,234 - dq_unified - WARNING - Column 'Department': 1 empty cells (6.7%)
2025-12-27 15:49:18,247 - dq_error_log - INFO - Batch logged 1 errors for session SINGLE_20251227_154918
2025-12-27 15:49:18,248 - dq_unified - INFO - Column 'JoinDate': No empty cells
2025-12-27 15:49:18,249 - dq_unified - INFO - Column 'PostalCode': No empty cells
2025-12-27 15:49:18,251 - dq_unified - INFO - Column 'City': No empty cells
2025-12-27 15:49:18,251 - dq_unified - INFO - Column 'Country': No empty cells
2025-12-27 15:49:18,253 - dq_unified - WARNING - Column 'State': 1 empty cells (6.7%)
2025-12-27 15:49:18,270 - dq_error_log - INFO - Batch logged 1 errors for session SINGLE_20251227_154918
2025-12-27 15:49:18,270 - dq_unified - INFO - Total empty cells found: 6
2025-12-27 15:49:18,271 - dq_unified - INFO -    Found 6 empty cells
2025-12-27 15:49:18,272 - dq_unified - INFO - 2. Checking for duplicate rows...
2025-12-27 15:49:18,272 - dq_unified - INFO - Checking for duplicate rows
2025-12-27 15:49:18,273 - dq_unified - INFO - Cleaning data (removing whitespace)...
2025-12-27 15:49:18,275 - dq_unified - INFO - Columns after cleaning: ['CustomerName', 'Email', 'Phone', 'Salary', 'Department', 'JoinDate', 'PostalCode', 'City', 'Country', 'State']
2025-12-27 15:49:18,285 - dq_unified - INFO - Sample of first column after cleaning: 'John Doe'
2025-12-27 15:49:18,286 - dq_unified - INFO - Sample of row 6 first column: 'John Doe'
2025-12-27 15:49:18,286 - dq_unified - INFO - Total rows to check: 15
2025-12-27 15:49:18,287 - dq_unified - INFO - Checking first column 'CustomerName' for serial numbers
2025-12-27 15:49:18,288 - dq_unified - INFO - First 5 values: ['John Doe', 'Jane Smith', 'Bob Johnson', 'Alice Brown', 'Charlie Wilson']
2025-12-27 15:49:18,288 - dq_unified - INFO -   Row 1: 'John Doe' → Not numeric
2025-12-27 15:49:18,288 - dq_unified - INFO -   Row 2: 'Jane Smith' → Not numeric
2025-12-27 15:49:18,289 - dq_unified - INFO -   Row 3: 'Bob Johnson' → Not numeric
2025-12-27 15:49:18,289 - dq_unified - INFO - Not enough numeric values to be serial: []
2025-12-27 15:49:18,290 - dq_unified - INFO - Checking duplicates on ALL columns
2025-12-27 15:49:18,290 - dq_unified - INFO - First few rows for comparison:
2025-12-27 15:49:18,292 - dq_unified - INFO -   Row 0: {'CustomerName': 'John Doe', 'Email': 'john@email.com', 'Phone': '1234567890'}
2025-12-27 15:49:18,292 - dq_unified - INFO -   Row 1: {'CustomerName': 'Jane Smith', 'Email': 'jane@email.com', 'Phone': '9876543210'}
2025-12-27 15:49:18,293 - dq_unified - INFO -   Row 2: {'CustomerName': 'Bob Johnson', 'Email': 'nan', 'Phone': '5551234567'}
2025-12-27 15:49:18,296 - dq_unified - INFO - Duplicate mask found 2 rows
2025-12-27 15:49:18,297 - dq_unified - INFO - Found 2 potential duplicate rows
2025-12-27 15:49:18,299 - dq_unified - INFO - Unique duplicate groups: 1
2025-12-27 15:49:18,300 - dq_unified - INFO - Duplicate groups found:
2025-12-27 15:49:18,301 - dq_unified - INFO -   Group sample: Pandas(Index=0, CustomerName='John Doe', Email='john@email.com', Phone='1234567890', Salary='50000.0', Department='IT', JoinDate='15-01-2023', PostalCode='10001', City='New York', Country='USA', State='TS')
2025-12-27 15:49:18,302 - dq_unified - INFO - Processing 2 duplicate indices
2025-12-27 15:49:18,303 - dq_unified - INFO - FINAL RESULT: Found 1 duplicate groups
2025-12-27 15:49:18,303 - dq_unified - INFO -    Found 1 duplicate rows
2025-12-27 15:49:18,303 - dq_unified - INFO - 3. Checking data formats...
2025-12-27 15:49:18,304 - dq_unified - INFO - Checking data formats
2025-12-27 15:49:18,308 - dq_unified - INFO - Detected Email as email type
2025-12-27 15:49:18,308 - dq_unified - WARNING -   Row 9: 'invalid-email...' doesn't match Valid email format (user@domain.com)
2025-12-27 15:49:18,310 - dq_unified - INFO - Detected Phone as phone type
2025-12-27 15:49:18,310 - dq_unified - WARNING -   Row 14: '1112222...' doesn't match Valid phone number format
2025-12-27 15:49:18,312 - dq_unified - INFO - Detected Salary as numeric type
2025-12-27 15:49:18,315 - dq_unified - INFO - Detected JoinDate as date type
2025-12-27 15:49:18,316 - dq_unified - INFO -   Date format check for JoinDate: Consistent=True, Format=DD-MM-YYYY or MM-DD-YYYY
2025-12-27 15:49:18,319 - dq_unified - INFO - Detected PostalCode as numeric type
2025-12-27 15:49:18,320 - dq_unified - WARNING -   Row 9: 'ABC123...' doesn't match Numeric value (no leading zeros, no alphabets)
2025-12-27 15:49:18,331 - dq_unified - INFO - Total format issues found: 3
2025-12-27 15:49:18,332 - dq_unified - INFO -    Found 3 format issues
2025-12-27 15:49:18,333 - dq_unified - INFO - 4. Checking mandatory fields...
2025-12-27 15:49:18,334 - dq_unified - INFO - Checking mandatory fields
2025-12-27 15:49:18,335 - dq_unified - INFO - Available columns: ['CustomerName', 'Email', 'Phone', 'Salary', 'Department', 'JoinDate', 'PostalCode', 'City', 'Country', 'State']
2025-12-27 15:49:18,336 - dq_unified - INFO - Checking ALL columns as mandatory: ['CustomerName', 'Email', 'Phone', 'Salary', 'Department', 'JoinDate', 'PostalCode', 'City', 'Country', 'State']
2025-12-27 15:49:18,338 - dq_unified - WARNING - Mandatory field 'CustomerName': 1 missing values (93.3% filled)
2025-12-27 15:49:18,341 - dq_unified - WARNING - Mandatory field 'Email': 1 missing values (93.3% filled)
2025-12-27 15:49:18,344 - dq_unified - INFO - Mandatory field 'Phone': 100.0% filled
2025-12-27 15:49:18,346 - dq_unified - WARNING - Mandatory field 'Salary': 2 missing values (86.7% filled)
2025-12-27 15:49:18,347 - dq_unified - WARNING - Mandatory field 'Department': 1 missing values (93.3% filled)
2025-12-27 15:49:18,349 - dq_unified - INFO - Mandatory field 'JoinDate': 100.0% filled
2025-12-27 15:49:18,352 - dq_unified - INFO - Mandatory field 'PostalCode': 100.0% filled
2025-12-27 15:49:18,354 - dq_unified - INFO - Mandatory field 'City': 100.0% filled
2025-12-27 15:49:18,356 - dq_unified - INFO - Mandatory field 'Country': 100.0% filled
2025-12-27 15:49:18,358 - dq_unified - WARNING - Mandatory field 'State': 1 missing values (93.3% filled)
2025-12-27 15:49:18,360 - dq_unified - INFO - Mandatory field check completed: 5 columns with issues, 6 total missing values
2025-12-27 15:49:18,362 - dq_unified - INFO -    Found 6 missing mandatory values
2025-12-27 15:49:18,362 - dq_unified - INFO - 5. Calculating quality score...
2025-12-27 15:49:18,364 - dq_unified - INFO - Calculating quality score
2025-12-27 15:49:18,365 - dq_unified - INFO - Quality Score Calculation:
2025-12-27 15:49:18,365 - dq_unified - INFO -   Total rows: 15
2025-12-27 15:49:18,366 - dq_unified - INFO -   Rows with ANY issue: 8
2025-12-27 15:49:18,366 - dq_unified - INFO -   Good rows (no issues): 7
2025-12-27 15:49:18,367 - dq_unified - INFO -   Quality Score: 46.67%
2025-12-27 15:49:18,378 - dq_error_log - INFO - Retrieved 6 error logs for session SINGLE_20251227_154918
2025-12-27 15:49:18,389 - dq_error_log - INFO - Retrieved summary: 6 total errors for session SINGLE_20251227_154918
2025-12-27 15:49:18,390 - dq_unified - INFO - Added 6 error logs to results
2025-12-27 15:49:18,390 - dq_audit - INFO - Audit class initialized with database: dq_checks
2025-12-27 15:49:18,391 - dq_audit - INFO - Starting database insertion for single_source...
2025-12-27 15:49:18,404 - dq_audit - INFO - Inserted single_source record with ID: 392
2025-12-27 15:49:18,414 - dq_audit - INFO - Retrieved 1 audit logs for session SINGLE_20251227_154918
2025-12-27 15:49:18,415 - dq_unified - INFO - Added 1 audit logs to results
2025-12-27 15:49:18,415 - dq_unified - INFO - Analysis completed successfully for CSV: sample_data.csv
2025-12-27 15:49:18,416 - dq_unified - INFO - Final quality score: 46.67%
2025-12-27 15:49:18,425 - dq_error_log - INFO - Retrieved 6 error logs for session SINGLE_20251227_154918
2025-12-27 15:49:18,434 - dq_error_log - INFO - Retrieved summary: 6 total errors for session SINGLE_20251227_154918
2025-12-27 15:49:18,445 - dq_audit - INFO - Retrieved 1 audit logs for session SINGLE_20251227_154918
2025-12-27 15:49:18,446 - __main__ - INFO - Analysis completed for session SINGLE_20251227_154918
2025-12-27 15:49:18,447 - __main__ - INFO - Completed with status 200 in 0.381s
