2026-02-18 16:26:33,255 - __main__ - INFO - 🌐 API Server Logging Initialized
2026-02-18 16:26:33,256 - __main__ - INFO - 📝 Logs saved to: logs/dq_api_20260218_162633.log
2026-02-18 16:26:33,405 - __main__ - INFO - APP_SETTINGS loaded. Audit enabled: True
2026-02-18 16:26:33,406 - __main__ - INFO - ✅ All DQ modules loaded successfully
2026-02-18 16:26:33,407 - dq_error_log - INFO - ErrorLogger initialized with database: dq_checks
2026-02-18 16:26:33,408 - dq_audit - INFO - Audit class initialized with database: dq_checks
2026-02-18 16:26:33,408 - __main__ - INFO - ✅ ErrorLogger and DataQualityAudit initialized
2026-02-18 16:26:33,416 - __main__ - INFO - 🚀 Starting Data Quality Framework API
2026-02-18 16:26:33,417 - __main__ - INFO - 📊 Modules available: True
2026-02-18 16:26:33,417 - __main__ - INFO - 🔧 Config file mode: False
2026-02-18 16:26:33,418 - __main__ - INFO - 📋 Available endpoints:
2026-02-18 16:26:33,419 - __main__ - INFO -   GET  /              - API status
2026-02-18 16:26:33,420 - __main__ - INFO -   GET  /api/health    - Health check
2026-02-18 16:26:33,421 - __main__ - INFO -   POST /api/check-single - Single source analysis
2026-02-18 16:26:33,421 - __main__ - INFO -   POST /api/compare   - Source-target comparison
2026-02-18 16:26:33,422 - __main__ - INFO -   GET  /api/compare/{id} - Get comparison results
2026-02-18 16:26:33,422 - __main__ - INFO -   GET  /api/compare/{id}/mismatches - Paginated mismatches
2026-02-18 16:26:33,423 - __main__ - INFO -   GET  /api/compare/{id}/rows/count - Row counts
2026-02-18 16:26:33,424 - __main__ - INFO -   POST /api/upload    - File upload
2026-02-18 16:26:33,425 - __main__ - INFO -   GET  /api/sessions  - List sessions
2026-02-18 16:26:33,426 - __main__ - INFO -   GET  /api/sessions/<id> - Get session data
2026-02-18 16:26:33,427 - __main__ - INFO -   GET  /api/debug-db  - Database debug
2026-02-18 16:26:33,428 - __main__ - INFO - 🌍 Server starting on 0.0.0.0:5000 (debug=False)
2026-02-18 16:26:55,226 - __main__ - INFO - POST /api/database-hierarchy - Request started
2026-02-18 16:26:55,227 - __main__ - INFO - Getting database hierarchy for mysql
2026-02-18 16:26:55,228 - __main__ - INFO - Database: Not provided
2026-02-18 16:26:55,229 - __main__ - INFO - Schema: Not provided
2026-02-18 16:26:55,229 - database_navigator - INFO - DatabaseNavigator initialized
2026-02-18 16:26:55,230 - __main__ - INFO - Connecting with config: {'host': 'localhost', 'port': 3306, 'user': 'root', 'password': 'root'}
2026-02-18 16:26:55,231 - database_navigator - INFO - Connecting to MYSQL...
2026-02-18 16:26:55,468 - mysql.connector - INFO - package: mysql.connector.plugins
2026-02-18 16:26:55,469 - mysql.connector - INFO - plugin_name: caching_sha2_password
2026-02-18 16:26:55,470 - mysql.connector - INFO - AUTHENTICATION_PLUGIN_CLASS: MySQLCachingSHA2PasswordAuthPlugin
2026-02-18 16:26:55,471 - mysql.connector - INFO - package: mysql.connector.plugins
2026-02-18 16:26:55,472 - mysql.connector - INFO - plugin_name: mysql_native_password
2026-02-18 16:26:55,476 - mysql.connector - INFO - AUTHENTICATION_PLUGIN_CLASS: MySQLNativePasswordAuthPlugin
2026-02-18 16:26:55,480 - database_navigator - INFO - Successfully connected to MYSQL!
2026-02-18 16:26:55,480 - __main__ - INFO - Getting databases list...
2026-02-18 16:26:55,481 - database_navigator - INFO - get_databases() called. db_type: mysql, connection exists: True
2026-02-18 16:26:55,487 - database_navigator - INFO - Found 7 databases
2026-02-18 16:26:55,488 - __main__ - INFO - Found 7 databases
2026-02-18 16:26:55,489 - __main__ - INFO - Completed with status 200 in 0.262s
2026-02-18 16:26:56,799 - __main__ - INFO - POST /api/database-hierarchy - Request started
2026-02-18 16:26:56,800 - __main__ - INFO - Getting database hierarchy for mysql
2026-02-18 16:26:56,802 - __main__ - INFO - Database: dq_checks
2026-02-18 16:26:56,803 - __main__ - INFO - Schema: Not provided
2026-02-18 16:26:56,804 - database_navigator - INFO - DatabaseNavigator initialized
2026-02-18 16:26:56,805 - __main__ - INFO - Connecting with config: {'host': 'localhost', 'port': 3306, 'user': 'root', 'password': 'root'}
2026-02-18 16:26:56,806 - database_navigator - INFO - Connecting to MYSQL...
2026-02-18 16:26:56,867 - database_navigator - INFO - Successfully connected to MYSQL!
2026-02-18 16:26:56,868 - __main__ - INFO - Getting schemas for database: dq_checks
2026-02-18 16:26:56,869 - database_navigator - INFO - Found 1 schemas
2026-02-18 16:26:56,870 - __main__ - INFO - Found 1 schemas
2026-02-18 16:26:56,871 - __main__ - INFO - Completed with status 200 in 0.072s
2026-02-18 16:26:58,262 - __main__ - INFO - POST /api/database-hierarchy - Request started
2026-02-18 16:26:58,264 - __main__ - INFO - Getting database hierarchy for mysql
2026-02-18 16:26:58,265 - __main__ - INFO - Database: dq_checks
2026-02-18 16:26:58,265 - __main__ - INFO - Schema: dq_checks
2026-02-18 16:26:58,266 - database_navigator - INFO - DatabaseNavigator initialized
2026-02-18 16:26:58,266 - __main__ - INFO - Connecting with config: {'host': 'localhost', 'port': 3306, 'user': 'root', 'password': 'root'}
2026-02-18 16:26:58,267 - database_navigator - INFO - Connecting to MYSQL...
2026-02-18 16:26:58,331 - database_navigator - INFO - Successfully connected to MYSQL!
2026-02-18 16:26:58,331 - __main__ - INFO - Getting tables for database: dq_checks, schema: dq_checks
2026-02-18 16:26:58,344 - database_navigator - INFO - Found 28 tables in schema 'dq_checks'
2026-02-18 16:26:58,345 - __main__ - INFO - Found 28 tables
2026-02-18 16:26:58,346 - __main__ - INFO - Completed with status 200 in 0.084s
2026-02-18 16:27:01,991 - __main__ - INFO - GET /api/rules - Request started
2026-02-18 16:27:01,992 - dq_error_log - INFO - ErrorLogger initialized with database: dq_checks
2026-02-18 16:27:01,992 - dq_audit - INFO - Audit class initialized with database: dq_checks
2026-02-18 16:27:02,067 - dq_rules - INFO - Retrieved 3 business rules
2026-02-18 16:27:02,069 - __main__ - INFO - Completed with status 200 in 0.078s
2026-02-18 16:27:02,080 - __main__ - INFO - GET /api/rules - Request started
2026-02-18 16:27:02,081 - dq_error_log - INFO - ErrorLogger initialized with database: dq_checks
2026-02-18 16:27:02,081 - dq_audit - INFO - Audit class initialized with database: dq_checks
2026-02-18 16:27:02,162 - dq_rules - INFO - Retrieved 3 business rules
2026-02-18 16:27:02,163 - __main__ - INFO - Completed with status 200 in 0.084s
2026-02-18 16:27:06,987 - __main__ - INFO - POST /api/rules/execute - Request started
2026-02-18 16:27:06,988 - dq_rules - INFO - Starting business rules analysis in UI/API mode
2026-02-18 16:27:07,059 - dq_rules - INFO - Business rules tables created/verified successfully
2026-02-18 16:27:07,060 - dq_rules - INFO - Loading database data: dq_checks.rulesdata
2026-02-18 16:27:07,769 - dq_error_log - INFO - ErrorLogger initialized with database: dq_checks
2026-02-18 16:27:07,770 - dq_audit - INFO - Audit class initialized with database: dq_checks
2026-02-18 16:27:07,770 - dq_rules - INFO - BusinessRuleEngine session set to: RULES_20260218_162707_1618
2026-02-18 16:27:07,771 - dq_rules - INFO - Session ID: RULES_20260218_162707_1618
2026-02-18 16:27:07,844 - dq_rules - INFO - Retrieved 3 business rules
2026-02-18 16:27:07,845 - dq_rules - INFO - Executing specific rules: [103]
2026-02-18 16:27:07,846 - dq_rules - INFO - Executing rule: Text Comparison Rule (text_comparison)
2026-02-18 16:27:07,916 - dq_rules - INFO - Logged 1 rule executions to database
2026-02-18 16:27:07,916 - dq_error_log - INFO - Starting batch logging for 20 errors, session: RULES_20260218_162707_1618
2026-02-18 16:27:07,992 - dq_error_log - INFO - Batch 1: Successfully logged 20 errors
2026-02-18 16:27:07,994 - dq_error_log - INFO - Progress: 20/20 errors processed
2026-02-18 16:27:07,995 - dq_error_log - INFO - COMPLETE: Logged 20/20 errors for session RULES_20260218_162707_1618
2026-02-18 16:27:08,093 - dq_rules - INFO - Inserted 20 into dq_rule_violations
2026-02-18 16:27:08,094 - dq_rules - INFO - Logged 20 rule violations to error logs
2026-02-18 16:27:08,094 - dq_rules - INFO - Rule execution completed: 1 rules, 20 violations, DQ Score: 0.0%
2026-02-18 16:27:08,094 - dq_audit - INFO - Starting database insertion for business_rules...
2026-02-18 16:27:08,171 - dq_audit - INFO - Inserted business_rules record with ID: 754
2026-02-18 16:27:08,172 - dq_rules - INFO - Audit record logged for business rules session: RULES_20260218_162707_1618
2026-02-18 16:27:08,251 - dq_error_log - INFO - Retrieved 20 error logs for session RULES_20260218_162707_1618
2026-02-18 16:27:08,321 - dq_error_log - INFO - Retrieved summary: 20 total errors for session RULES_20260218_162707_1618
2026-02-18 16:27:08,392 - dq_audit - INFO - Retrieved 1 audit logs for session RULES_20260218_162707_1618
2026-02-18 16:27:08,393 - dq_rules - INFO - Business rules analysis completed for session RULES_20260218_162707_1618
2026-02-18 16:27:08,400 - __main__ - INFO - Completed with status 200 in 1.414s
2026-02-18 16:27:08,412 - __main__ - INFO - GET /api/rules/violations/RULES_20260218_162707_1618 - Request started
2026-02-18 16:27:08,413 - dq_error_log - INFO - ErrorLogger initialized with database: dq_checks
2026-02-18 16:27:08,413 - dq_audit - INFO - Audit class initialized with database: dq_checks
2026-02-18 16:27:08,492 - __main__ - INFO - Completed with status 200 in 0.080s
2026-02-18 16:29:03,406 - __main__ - INFO - GET /api/rules - Request started
2026-02-18 16:29:03,407 - dq_error_log - INFO - ErrorLogger initialized with database: dq_checks
2026-02-18 16:29:03,408 - dq_audit - INFO - Audit class initialized with database: dq_checks
2026-02-18 16:29:03,488 - dq_rules - INFO - Retrieved 3 business rules
2026-02-18 16:29:03,489 - __main__ - INFO - Completed with status 200 in 0.083s
2026-02-18 16:29:03,669 - __main__ - INFO - GET /api/rules - Request started
2026-02-18 16:29:03,670 - dq_error_log - INFO - ErrorLogger initialized with database: dq_checks
2026-02-18 16:29:03,670 - dq_audit - INFO - Audit class initialized with database: dq_checks
2026-02-18 16:29:03,744 - dq_rules - INFO - Retrieved 3 business rules
2026-02-18 16:29:03,745 - __main__ - INFO - Completed with status 200 in 0.076s
2026-02-18 16:29:06,312 - __main__ - INFO - POST /api/rules/execute - Request started
2026-02-18 16:29:06,313 - dq_rules - INFO - Starting business rules analysis in UI/API mode
2026-02-18 16:29:06,396 - dq_rules - INFO - Business rules tables created/verified successfully
2026-02-18 16:29:06,397 - dq_rules - INFO - Loading database data: dq_checks.rulesdata
2026-02-18 16:29:06,468 - dq_error_log - INFO - ErrorLogger initialized with database: dq_checks
2026-02-18 16:29:06,469 - dq_audit - INFO - Audit class initialized with database: dq_checks
2026-02-18 16:29:06,469 - dq_rules - INFO - BusinessRuleEngine session set to: RULES_20260218_162906_5098
2026-02-18 16:29:06,469 - dq_rules - INFO - Session ID: RULES_20260218_162906_5098
2026-02-18 16:29:06,538 - dq_rules - INFO - Retrieved 3 business rules
2026-02-18 16:29:06,539 - dq_rules - INFO - Executing specific rules: [103]
2026-02-18 16:29:06,540 - dq_rules - INFO - Executing rule: Text Comparison Rule (text_comparison)
2026-02-18 16:29:06,613 - dq_rules - INFO - Logged 1 rule executions to database
2026-02-18 16:29:06,614 - dq_error_log - INFO - Starting batch logging for 20 errors, session: RULES_20260218_162906_5098
2026-02-18 16:29:06,683 - dq_error_log - INFO - Batch 1: Successfully logged 20 errors
2026-02-18 16:29:06,684 - dq_error_log - INFO - Progress: 20/20 errors processed
2026-02-18 16:29:06,685 - dq_error_log - INFO - COMPLETE: Logged 20/20 errors for session RULES_20260218_162906_5098
2026-02-18 16:29:06,762 - dq_rules - INFO - Inserted 20 into dq_rule_violations
2026-02-18 16:29:06,763 - dq_rules - INFO - Logged 20 rule violations to error logs
2026-02-18 16:29:06,763 - dq_rules - INFO - Rule execution completed: 1 rules, 20 violations, DQ Score: 0.0%
2026-02-18 16:29:06,765 - dq_audit - INFO - Starting database insertion for business_rules...
2026-02-18 16:29:06,833 - dq_audit - INFO - Inserted business_rules record with ID: 755
2026-02-18 16:29:06,834 - dq_rules - INFO - Audit record logged for business rules session: RULES_20260218_162906_5098
2026-02-18 16:29:06,904 - dq_error_log - INFO - Retrieved 20 error logs for session RULES_20260218_162906_5098
2026-02-18 16:29:06,974 - dq_error_log - INFO - Retrieved summary: 20 total errors for session RULES_20260218_162906_5098
2026-02-18 16:29:07,044 - dq_audit - INFO - Retrieved 1 audit logs for session RULES_20260218_162906_5098
2026-02-18 16:29:07,045 - dq_rules - INFO - Business rules analysis completed for session RULES_20260218_162906_5098
2026-02-18 16:29:07,047 - __main__ - INFO - Completed with status 200 in 0.734s
2026-02-18 16:29:07,377 - __main__ - INFO - GET /api/rules/violations/RULES_20260218_162906_5098 - Request started
2026-02-18 16:29:07,378 - dq_error_log - INFO - ErrorLogger initialized with database: dq_checks
2026-02-18 16:29:07,378 - dq_audit - INFO - Audit class initialized with database: dq_checks
2026-02-18 16:29:07,458 - __main__ - INFO - Completed with status 200 in 0.081s
2026-02-18 16:31:10,863 - __main__ - INFO - POST /api/database-hierarchy - Request started
2026-02-18 16:31:10,864 - __main__ - INFO - Getting database hierarchy for mysql
2026-02-18 16:31:10,864 - __main__ - INFO - Database: Not provided
2026-02-18 16:31:10,865 - __main__ - INFO - Schema: Not provided
2026-02-18 16:31:10,866 - database_navigator - INFO - DatabaseNavigator initialized
2026-02-18 16:31:10,866 - __main__ - INFO - Connecting with config: {'host': 'localhost', 'port': 3306, 'user': 'root', 'password': 'root'}
2026-02-18 16:31:10,867 - database_navigator - INFO - Connecting to MYSQL...
2026-02-18 16:31:10,936 - database_navigator - INFO - Successfully connected to MYSQL!
2026-02-18 16:31:10,937 - __main__ - INFO - Getting databases list...
2026-02-18 16:31:10,938 - database_navigator - INFO - get_databases() called. db_type: mysql, connection exists: True
2026-02-18 16:31:10,944 - database_navigator - INFO - Found 7 databases
2026-02-18 16:31:10,945 - __main__ - INFO - Found 7 databases
2026-02-18 16:31:10,946 - __main__ - INFO - Completed with status 200 in 0.083s
2026-02-18 16:31:12,156 - __main__ - INFO - POST /api/database-hierarchy - Request started
2026-02-18 16:31:12,158 - __main__ - INFO - Getting database hierarchy for mysql
2026-02-18 16:31:12,159 - __main__ - INFO - Database: dq_checks
2026-02-18 16:31:12,160 - __main__ - INFO - Schema: Not provided
2026-02-18 16:31:12,160 - database_navigator - INFO - DatabaseNavigator initialized
2026-02-18 16:31:12,161 - __main__ - INFO - Connecting with config: {'host': 'localhost', 'port': 3306, 'user': 'root', 'password': 'root'}
2026-02-18 16:31:12,162 - database_navigator - INFO - Connecting to MYSQL...
2026-02-18 16:31:12,224 - database_navigator - INFO - Successfully connected to MYSQL!
2026-02-18 16:31:12,225 - __main__ - INFO - Getting schemas for database: dq_checks
2026-02-18 16:31:12,226 - database_navigator - INFO - Found 1 schemas
2026-02-18 16:31:12,227 - __main__ - INFO - Found 1 schemas
2026-02-18 16:31:12,228 - __main__ - INFO - Completed with status 200 in 0.072s
2026-02-18 16:31:14,043 - __main__ - INFO - POST /api/database-hierarchy - Request started
2026-02-18 16:31:14,044 - __main__ - INFO - Getting database hierarchy for mysql
2026-02-18 16:31:14,045 - __main__ - INFO - Database: dq_checks
2026-02-18 16:31:14,046 - __main__ - INFO - Schema: dq_checks
2026-02-18 16:31:14,047 - database_navigator - INFO - DatabaseNavigator initialized
2026-02-18 16:31:14,047 - __main__ - INFO - Connecting with config: {'host': 'localhost', 'port': 3306, 'user': 'root', 'password': 'root'}
2026-02-18 16:31:14,048 - database_navigator - INFO - Connecting to MYSQL...
2026-02-18 16:31:14,108 - database_navigator - INFO - Successfully connected to MYSQL!
2026-02-18 16:31:14,109 - __main__ - INFO - Getting tables for database: dq_checks, schema: dq_checks
2026-02-18 16:31:14,124 - database_navigator - INFO - Found 28 tables in schema 'dq_checks'
2026-02-18 16:31:14,125 - __main__ - INFO - Found 28 tables
2026-02-18 16:31:14,126 - __main__ - INFO - Completed with status 200 in 0.084s
2026-02-18 16:31:20,956 - __main__ - INFO - GET /api/rules - Request started
2026-02-18 16:31:20,957 - dq_error_log - INFO - ErrorLogger initialized with database: dq_checks
2026-02-18 16:31:20,958 - dq_audit - INFO - Audit class initialized with database: dq_checks
2026-02-18 16:31:21,045 - dq_rules - INFO - Retrieved 3 business rules
2026-02-18 16:31:21,046 - __main__ - INFO - Completed with status 200 in 0.091s
2026-02-18 16:31:21,374 - __main__ - INFO - GET /api/rules - Request started
2026-02-18 16:31:21,375 - dq_error_log - INFO - ErrorLogger initialized with database: dq_checks
2026-02-18 16:31:21,376 - dq_audit - INFO - Audit class initialized with database: dq_checks
2026-02-18 16:31:21,451 - dq_rules - INFO - Retrieved 3 business rules
2026-02-18 16:31:21,453 - __main__ - INFO - Completed with status 200 in 0.079s
2026-02-18 16:31:30,498 - __main__ - INFO - POST /api/rules/execute - Request started
2026-02-18 16:31:30,499 - dq_rules - INFO - Starting business rules analysis in UI/API mode
2026-02-18 16:31:30,571 - dq_rules - INFO - Business rules tables created/verified successfully
2026-02-18 16:31:30,572 - dq_rules - INFO - Loading database data: dq_checks.rulesdata
2026-02-18 16:31:30,644 - dq_error_log - INFO - ErrorLogger initialized with database: dq_checks
2026-02-18 16:31:30,645 - dq_audit - INFO - Audit class initialized with database: dq_checks
2026-02-18 16:31:30,646 - dq_rules - INFO - BusinessRuleEngine session set to: RULES_20260218_163130_2503
2026-02-18 16:31:30,647 - dq_rules - INFO - Session ID: RULES_20260218_163130_2503
2026-02-18 16:31:30,712 - dq_rules - INFO - Retrieved 3 business rules
2026-02-18 16:31:30,713 - dq_rules - INFO - Executing specific rules: [103]
2026-02-18 16:31:30,713 - dq_rules - INFO - Executing rule: Text Comparison Rule (text_comparison)
2026-02-18 16:31:30,782 - dq_rules - INFO - Logged 1 rule executions to database
2026-02-18 16:31:30,782 - dq_error_log - INFO - Starting batch logging for 20 errors, session: RULES_20260218_163130_2503
2026-02-18 16:31:30,850 - dq_error_log - INFO - Batch 1: Successfully logged 20 errors
2026-02-18 16:31:30,852 - dq_error_log - INFO - Progress: 20/20 errors processed
2026-02-18 16:31:30,852 - dq_error_log - INFO - COMPLETE: Logged 20/20 errors for session RULES_20260218_163130_2503
2026-02-18 16:31:30,924 - dq_rules - INFO - Inserted 20 into dq_rule_violations
2026-02-18 16:31:30,926 - dq_rules - INFO - Logged 20 rule violations to error logs
2026-02-18 16:31:30,926 - dq_rules - INFO - Rule execution completed: 1 rules, 20 violations, DQ Score: 0.0%
2026-02-18 16:31:30,926 - dq_audit - INFO - Starting database insertion for business_rules...
2026-02-18 16:31:30,994 - dq_audit - INFO - Inserted business_rules record with ID: 756
2026-02-18 16:31:30,996 - dq_rules - INFO - Audit record logged for business rules session: RULES_20260218_163130_2503
2026-02-18 16:31:31,072 - dq_error_log - INFO - Retrieved 20 error logs for session RULES_20260218_163130_2503
2026-02-18 16:31:31,135 - dq_error_log - INFO - Retrieved summary: 20 total errors for session RULES_20260218_163130_2503
2026-02-18 16:31:31,200 - dq_audit - INFO - Retrieved 1 audit logs for session RULES_20260218_163130_2503
2026-02-18 16:31:31,201 - dq_rules - INFO - Business rules analysis completed for session RULES_20260218_163130_2503
2026-02-18 16:31:31,204 - __main__ - INFO - Completed with status 200 in 0.706s
2026-02-18 16:31:31,216 - __main__ - INFO - GET /api/rules/violations/RULES_20260218_163130_2503 - Request started
2026-02-18 16:31:31,217 - dq_error_log - INFO - ErrorLogger initialized with database: dq_checks
2026-02-18 16:31:31,217 - dq_audit - INFO - Audit class initialized with database: dq_checks
2026-02-18 16:31:31,299 - __main__ - INFO - Completed with status 200 in 0.084s
