2026-01-05 22:43:50,484 - __main__ - INFO - 🌐 API Server Logging Initialized
2026-01-05 22:43:50,486 - __main__ - INFO - 📝 Logs saved to: logs/dq_api_20260105_224350.log
2026-01-05 22:43:50,574 - __main__ - INFO - APP_SETTINGS loaded. Audit enabled: True
2026-01-05 22:43:50,575 - __main__ - INFO - ✅ All DQ modules loaded successfully
2026-01-05 22:43:50,581 - dq_error_log - INFO - ErrorLogger initialized with database: dq_checks
2026-01-05 22:43:50,582 - dq_audit - INFO - Audit class initialized with database: dq_checks
2026-01-05 22:43:50,582 - __main__ - INFO - ✅ ErrorLogger and DataQualityAudit initialized
2026-01-05 22:43:50,599 - __main__ - INFO - 🚀 Starting Data Quality Framework API
2026-01-05 22:43:50,601 - __main__ - INFO - 📊 Modules available: True
2026-01-05 22:43:50,602 - __main__ - INFO - 🔧 Config file mode: False
2026-01-05 22:43:50,603 - __main__ - INFO - 📋 Available endpoints:
2026-01-05 22:43:50,604 - __main__ - INFO -   GET  /              - API status
2026-01-05 22:43:50,606 - __main__ - INFO -   GET  /api/health    - Health check
2026-01-05 22:43:50,606 - __main__ - INFO -   POST /api/check-single - Single source analysis
2026-01-05 22:43:50,607 - __main__ - INFO -   POST /api/compare   - Source-target comparison
2026-01-05 22:43:50,609 - __main__ - INFO -   POST /api/upload    - File upload
2026-01-05 22:43:50,610 - __main__ - INFO -   GET  /api/sessions  - List sessions
2026-01-05 22:43:50,612 - __main__ - INFO -   GET  /api/sessions/<id> - Get session data
2026-01-05 22:43:50,613 - __main__ - INFO -   GET  /api/debug-db  - Database debug
2026-01-05 22:43:50,613 - __main__ - INFO - 🌍 Server starting on 0.0.0.0:5000 (debug=False)
2026-01-05 22:43:55,342 - __main__ - INFO - POST /api/database-hierarchy - Request started
2026-01-05 22:43:55,343 - __main__ - INFO - Getting database hierarchy for postgresql
2026-01-05 22:43:55,346 - __main__ - INFO - Database: Not provided
2026-01-05 22:43:55,347 - __main__ - INFO - Schema: Not provided
2026-01-05 22:43:55,349 - database_navigator - INFO - DatabaseNavigator initialized
2026-01-05 22:43:55,351 - __main__ - INFO - Connecting with config: {'host': 'localhost', 'port': 5432, 'user': 'postgres', 'password': 'postgres'}
2026-01-05 22:43:55,354 - database_navigator - INFO - Connecting to POSTGRESQL...
2026-01-05 22:43:55,355 - database_navigator - INFO - Connecting to PostgreSQL...
2026-01-05 22:43:55,538 - database_navigator - ERROR - ❌ PostgreSQL connection failed: set_session cannot be used inside a transaction
2026-01-05 22:43:55,539 - __main__ - INFO - Completed with status 500 in 0.198s
