2025-12-18 13:20:40,224 - root - INFO - ðŸŒ API Server Logging Initialized
2025-12-18 13:20:40,441 - root - WARNING - run_rules_analysis_ui not available yet
2025-12-18 13:20:40,446 - dq_error_log - INFO - ErrorLogger initialized with database: dq_checks
2025-12-18 13:20:40,447 - dq_audit - INFO - Audit class initialized with database: dq_checks
2025-12-18 13:20:40,452 - root - INFO - Starting Data Quality API on 0.0.0.0:5000 (debug=False)
2025-12-18 13:20:40,453 - root - INFO - DQ modules available: True
2025-12-18 13:20:40,453 - root - INFO - Config file mode: False
2025-12-18 13:20:40,454 - root - INFO - Database config: localhost/dq_checks
2025-12-18 13:20:41,415 - werkzeug - INFO - [31m[1mWARNING: This is a development server. Do not use it in a production deployment. Use a production WSGI server instead.[0m
 * Running on all addresses (0.0.0.0)
 * Running on http://127.0.0.1:5000
 * Running on http://10.1.185.54:5000
2025-12-18 13:20:41,415 - werkzeug - INFO - [33mPress CTRL+C to quit[0m
2025-12-18 13:20:48,209 - werkzeug - INFO - 127.0.0.1 - - [18/Dec/2025 13:20:48] "GET /api/health HTTP/1.1" 200 -
2025-12-18 13:20:50,421 - root - INFO - Advanced checks request received: dict_keys(['source_type', 'file_path', 'analysis_type', 'check_whitespace', 'check_zero_padding', 'check_numeric', 'columns_to_check', 'allow_negative_Phone', 'allow_negative_Salary'])
2025-12-18 13:20:50,422 - root - INFO - Starting advanced checks for session ADV_20251218_132050_1aafba0e
2025-12-18 13:20:50,423 - dq_advanced - INFO - LOADING DATA FOR ADVANCED CHECKS
2025-12-18 13:20:50,423 - dq_unified - INFO - PROMPTING USER FOR DATA SOURCE TYPE
2025-12-18 13:20:50,423 - dq_unified - INFO - User selected source type: 1
2025-12-18 13:20:50,423 - dq_unified - INFO - LOADING DATA FROM CSV
2025-12-18 13:20:50,423 - dq_unified - INFO - Loading large CSV: C:\Users\003160\OneDrive - wisseninfotech.com\Documents\DQ-Checks-Shashi\Test_data\sample_data.csv
2025-12-18 13:20:50,426 - dq_unified - INFO - CSV file has 15 rows
2025-12-18 13:20:50,426 - dq_unified - INFO - Loading 15 rows from CSV...
2025-12-18 13:20:50,435 - dq_unified - INFO - Loaded 15 rows from CSV
2025-12-18 13:20:50,439 - dq_unified - INFO - Memory optimization: 0.0MB -> 0.0MB (Saved: 0.0MB)
2025-12-18 13:20:50,439 - dq_unified - INFO - Loaded 15 rows, 10 columns. Memory: 98.7MB total, 0.0MB for dataframe
2025-12-18 13:20:50,441 - dq_error_log - INFO - ErrorLogger initialized with database: dq_checks
2025-12-18 13:20:50,525 - dq_error_log - INFO - Database connection successful
2025-12-18 13:20:50,526 - dq_advanced - INFO - Session ID: ADV_20251218_132050
2025-12-18 13:20:50,528 - dq_advanced - INFO - CHECKING WHITESPACE VALIDATION
2025-12-18 13:20:50,529 - dq_advanced - INFO - Checking 6 text columns for whitespace issues...
2025-12-18 13:20:50,530 - dq_advanced - WARNING - CustomerName: 4 whitespace issues
2025-12-18 13:20:50,530 - dq_advanced - WARNING - Email: 1 whitespace issues
2025-12-18 13:20:50,530 - dq_advanced - INFO - JoinDate: No whitespace issues
2025-12-18 13:20:50,530 - dq_advanced - INFO - PostalCode: No whitespace issues
2025-12-18 13:20:50,531 - dq_advanced - INFO - City: No whitespace issues
2025-12-18 13:20:50,531 - dq_advanced - INFO - State: No whitespace issues
2025-12-18 13:20:50,544 - dq_error_log - INFO - Batch logged 5 errors for session ADV_20251218_132050
2025-12-18 13:20:50,545 - dq_advanced - INFO - Total whitespace errors: 5
2025-12-18 13:20:50,548 - dq_advanced - INFO - CHECKING ZERO-PADDING VALIDATION
2025-12-18 13:20:50,551 - dq_advanced - INFO - Checking ALL columns: ['CustomerName', 'Email', 'Phone', 'Salary', 'Department', 'JoinDate', 'PostalCode', 'City', 'Country', 'State']
2025-12-18 13:20:50,551 - dq_advanced - INFO - Checking 10 columns for zero-padding issues...
2025-12-18 13:20:50,552 - dq_advanced - INFO - CustomerName: No zero-padding issues
2025-12-18 13:20:50,552 - dq_advanced - INFO - Email: No zero-padding issues
2025-12-18 13:20:50,552 - dq_advanced - INFO - Phone: No zero-padding issues
2025-12-18 13:20:50,553 - dq_advanced - INFO - Salary: No zero-padding issues
2025-12-18 13:20:50,553 - dq_advanced - INFO - Department: No zero-padding issues
2025-12-18 13:20:50,554 - dq_advanced - WARNING - JoinDate: 2 rows with unnecessary zero-padding
2025-12-18 13:20:50,554 - dq_advanced - INFO - PostalCode: No zero-padding issues
2025-12-18 13:20:50,554 - dq_advanced - INFO - City: No zero-padding issues
2025-12-18 13:20:50,555 - dq_advanced - INFO - Country: No zero-padding issues
2025-12-18 13:20:50,555 - dq_advanced - INFO - State: No zero-padding issues
2025-12-18 13:20:50,568 - dq_error_log - INFO - Batch logged 2 errors for session ADV_20251218_132050
2025-12-18 13:20:50,568 - dq_advanced - INFO - Total zero-padding errors: 2
2025-12-18 13:20:50,570 - dq_advanced - INFO - CHECKING NUMERIC CONSISTENCY
2025-12-18 13:20:50,573 - dq_advanced - INFO - Checking 6 columns for numeric consistency...
2025-12-18 13:20:50,573 - dq_advanced - WARNING - Column '['CustomerName'' not found in dataset
2025-12-18 13:20:50,574 - dq_advanced - WARNING - Column ''CustomerID'' not found in dataset
2025-12-18 13:20:50,575 - dq_advanced - WARNING - Column ''CustomerEmail'' not found in dataset
2025-12-18 13:20:50,575 - dq_advanced - WARNING - Column ''CustomerMobile'' not found in dataset
2025-12-18 13:20:50,576 - dq_advanced - WARNING - Column ''Salary'' not found in dataset
2025-12-18 13:20:50,577 - dq_advanced - WARNING - Column ''DateOfBirth']' not found in dataset
2025-12-18 13:20:50,578 - dq_advanced - INFO - Numeric fields are consistent
2025-12-18 13:20:50,578 - dq_advanced - INFO - GENERATING ADVANCED DATA QUALITY REPORT
2025-12-18 13:20:50,578 - dq_audit - INFO - Audit class initialized with database: dq_checks
2025-12-18 13:20:50,578 - dq_audit - INFO - Starting database insertion for advanced...
2025-12-18 13:20:50,590 - dq_audit - INFO - Inserted advanced record
2025-12-18 13:20:50,590 - dq_audit - INFO - advanced audit record successfully stored in database
2025-12-18 13:20:50,590 - dq_advanced - INFO - Audit record logged for UI/API mode: ADV_20251218_132050
2025-12-18 13:20:50,611 - dq_audit - INFO - Audit class initialized with database: dq_checks
2025-12-18 13:20:50,652 - root - INFO - Completed advanced checks for session ADV_20251218_132050_1aafba0e
2025-12-18 13:20:50,652 - werkzeug - INFO - 127.0.0.1 - - [18/Dec/2025 13:20:50] "POST /api/advanced HTTP/1.1" 200 -
