2025-12-27 17:32:30,173 - __main__ - INFO - 🌐 API Server Logging Initialized
2025-12-27 17:32:30,173 - __main__ - INFO - 📝 Logs saved to: logs/dq_api_20251227_173230.log
2025-12-27 17:32:30,298 - __main__ - INFO - APP_SETTINGS loaded. Audit enabled: True
2025-12-27 17:32:30,299 - __main__ - INFO - ✅ All DQ modules loaded successfully
2025-12-27 17:32:30,301 - dq_error_log - INFO - ErrorLogger initialized with database: dq_checks
2025-12-27 17:32:30,301 - dq_audit - INFO - Audit class initialized with database: dq_checks
2025-12-27 17:32:30,302 - __main__ - INFO - ✅ ErrorLogger and DataQualityAudit initialized
2025-12-27 17:32:30,307 - __main__ - INFO - 🚀 Starting Data Quality Framework API
2025-12-27 17:32:30,308 - __main__ - INFO - 📊 Modules available: True
2025-12-27 17:32:30,308 - __main__ - INFO - 🔧 Config file mode: False
2025-12-27 17:32:30,309 - __main__ - INFO - 📋 Available endpoints:
2025-12-27 17:32:30,309 - __main__ - INFO -   GET  /              - API status
2025-12-27 17:32:30,311 - __main__ - INFO -   GET  /api/health    - Health check
2025-12-27 17:32:30,312 - __main__ - INFO -   POST /api/check-single - Single source analysis
2025-12-27 17:32:30,313 - __main__ - INFO -   POST /api/compare   - Source-target comparison
2025-12-27 17:32:30,313 - __main__ - INFO -   POST /api/upload    - File upload
2025-12-27 17:32:30,314 - __main__ - INFO -   GET  /api/sessions  - List sessions
2025-12-27 17:32:30,315 - __main__ - INFO -   GET  /api/sessions/<id> - Get session data
2025-12-27 17:32:30,316 - __main__ - INFO -   GET  /api/debug-db  - Database debug
2025-12-27 17:32:30,316 - __main__ - INFO - 🌍 Server starting on 0.0.0.0:5000 (debug=False)
2025-12-27 17:32:37,360 - __main__ - INFO - GET /api/health - Request started
2025-12-27 17:32:37,362 - __main__ - INFO - Completed with status 200 in 0.002s
2025-12-27 17:32:39,434 - __main__ - INFO - POST /api/check-single - Request started
2025-12-27 17:32:39,435 - __main__ - INFO - Single source analysis request received
2025-12-27 17:32:39,436 - __main__ - INFO - Starting analysis for session SINGLE_20251227_173239_fdb66a60
2025-12-27 17:32:39,438 - __main__ - INFO - UI Data being passed to dq_unified:
2025-12-27 17:32:39,438 - __main__ - INFO -   source_type: csv
2025-12-27 17:32:39,439 - __main__ - INFO -   file_path: C:/Users/003160/OneDrive - wisseninfotech.com/Documents/DQ-Checks-Shashi/Test_data/sample_data.csv
2025-12-27 17:32:39,440 - __main__ - INFO -   sheet_name: None
2025-12-27 17:32:39,440 - __main__ - INFO -   mandatory_fields: all
2025-12-27 17:32:39,441 - dq_unified - INFO - ==================================================
2025-12-27 17:32:39,441 - dq_unified - INFO - RUN_SINGLE_SOURCE_ANALYSIS_UI - START
2025-12-27 17:32:39,442 - dq_unified - INFO - Prompting user for data source type
2025-12-27 17:32:39,442 - dq_unified - INFO - UI Data source_type: csv
2025-12-27 17:32:39,443 - dq_unified - INFO - Using source_type from UI data: csv
2025-12-27 17:32:39,443 - dq_unified - INFO - Loading data from CSV...
2025-12-27 17:32:39,444 - dq_unified - INFO - Loading data from CSV
2025-12-27 17:32:39,444 - dq_unified - INFO - Loading large CSV: C:/Users/003160/OneDrive - wisseninfotech.com/Documents/DQ-Checks-Shashi/Test_data/sample_data.csv
2025-12-27 17:32:39,447 - dq_unified - INFO - CSV file has 15 rows
2025-12-27 17:32:39,447 - dq_unified - INFO - Loading 15 rows from CSV...
2025-12-27 17:32:39,456 - dq_unified - INFO - Loaded 15 rows from CSV
2025-12-27 17:32:39,460 - dq_unified - INFO - Memory optimization: 0.0MB -> 0.0MB (Saved: 0.0MB)
2025-12-27 17:32:39,461 - dq_unified - INFO - Loaded 15 rows, 10 columns. Memory: 98.9MB total, 0.0MB for dataframe
2025-12-27 17:32:39,462 - dq_unified - INFO - Data loaded: 15 rows, 10 columns
2025-12-27 17:32:39,462 - dq_error_log - INFO - ErrorLogger initialized with database: dq_checks
2025-12-27 17:32:39,463 - dq_unified - INFO - Session ID: SINGLE_20251227_173239
2025-12-27 17:32:39,463 - dq_unified - INFO - ==================================================
2025-12-27 17:32:39,464 - dq_unified - INFO - Starting quality checks...
2025-12-27 17:32:39,465 - dq_unified - INFO - ==================================================
2025-12-27 17:32:39,466 - dq_unified - INFO - 1. Checking for null/empty values...
2025-12-27 17:32:39,467 - dq_unified - INFO - Checking for null/empty values
2025-12-27 17:32:39,468 - dq_unified - WARNING - Column 'CustomerName': 1 empty cells (6.7%)
2025-12-27 17:32:39,552 - dq_error_log - INFO - Batch logged 1 errors for session SINGLE_20251227_173239
2025-12-27 17:32:39,553 - dq_unified - WARNING - Column 'Email': 1 empty cells (6.7%)
2025-12-27 17:32:39,563 - dq_error_log - INFO - Batch logged 1 errors for session SINGLE_20251227_173239
2025-12-27 17:32:39,564 - dq_unified - INFO - Column 'Phone': No empty cells
2025-12-27 17:32:39,564 - dq_unified - WARNING - Column 'Salary': 2 empty cells (13.3%)
2025-12-27 17:32:39,574 - dq_error_log - INFO - Batch logged 2 errors for session SINGLE_20251227_173239
2025-12-27 17:32:39,576 - dq_unified - WARNING - Column 'Department': 1 empty cells (6.7%)
2025-12-27 17:32:39,585 - dq_error_log - INFO - Batch logged 1 errors for session SINGLE_20251227_173239
2025-12-27 17:32:39,586 - dq_unified - INFO - Column 'JoinDate': No empty cells
2025-12-27 17:32:39,587 - dq_unified - INFO - Column 'PostalCode': No empty cells
2025-12-27 17:32:39,588 - dq_unified - INFO - Column 'City': No empty cells
2025-12-27 17:32:39,589 - dq_unified - INFO - Column 'Country': No empty cells
2025-12-27 17:32:39,590 - dq_unified - WARNING - Column 'State': 1 empty cells (6.7%)
2025-12-27 17:32:39,601 - dq_error_log - INFO - Batch logged 1 errors for session SINGLE_20251227_173239
2025-12-27 17:32:39,601 - dq_unified - INFO - Total empty cells found: 6
2025-12-27 17:32:39,602 - dq_unified - INFO -    Found 6 empty cells
2025-12-27 17:32:39,602 - dq_unified - INFO - 2. Checking for duplicate rows...
2025-12-27 17:32:39,603 - dq_unified - INFO - Checking for duplicate rows
2025-12-27 17:32:39,603 - dq_unified - INFO - Cleaning data (removing whitespace)...
2025-12-27 17:32:39,604 - dq_unified - INFO - Columns after cleaning: ['CustomerName', 'Email', 'Phone', 'Salary', 'Department', 'JoinDate', 'PostalCode', 'City', 'Country', 'State']
2025-12-27 17:32:39,609 - dq_unified - INFO - Sample of first column after cleaning: 'John Doe'
2025-12-27 17:32:39,609 - dq_unified - INFO - Sample of row 6 first column: 'John Doe'
2025-12-27 17:32:39,609 - dq_unified - INFO - Total rows to check: 15
2025-12-27 17:32:39,610 - dq_unified - INFO - Checking first column 'CustomerName' for serial numbers
2025-12-27 17:32:39,611 - dq_unified - INFO - First 5 values: ['John Doe', 'Jane Smith', 'Bob Johnson', 'Alice Brown', 'Charlie Wilson']
2025-12-27 17:32:39,611 - dq_unified - INFO -   Row 1: 'John Doe' → Not numeric
2025-12-27 17:32:39,612 - dq_unified - INFO -   Row 2: 'Jane Smith' → Not numeric
2025-12-27 17:32:39,612 - dq_unified - INFO -   Row 3: 'Bob Johnson' → Not numeric
2025-12-27 17:32:39,613 - dq_unified - INFO - Not enough numeric values to be serial: []
2025-12-27 17:32:39,613 - dq_unified - INFO - Checking duplicates on ALL columns
2025-12-27 17:32:39,614 - dq_unified - INFO - First few rows for comparison:
2025-12-27 17:32:39,615 - dq_unified - INFO -   Row 0: {'CustomerName': 'John Doe', 'Email': 'john@email.com', 'Phone': '1234567890'}
2025-12-27 17:32:39,615 - dq_unified - INFO -   Row 1: {'CustomerName': 'Jane Smith', 'Email': 'jane@email.com', 'Phone': '9876543210'}
2025-12-27 17:32:39,616 - dq_unified - INFO -   Row 2: {'CustomerName': 'Bob Johnson', 'Email': 'nan', 'Phone': '5551234567'}
2025-12-27 17:32:39,618 - dq_unified - INFO - Duplicate mask found 2 rows
2025-12-27 17:32:39,619 - dq_unified - INFO - Found 2 potential duplicate rows
2025-12-27 17:32:39,620 - dq_unified - INFO - Unique duplicate groups: 1
2025-12-27 17:32:39,620 - dq_unified - INFO - Duplicate groups found:
2025-12-27 17:32:39,622 - dq_unified - INFO -   Group sample: Pandas(Index=0, CustomerName='John Doe', Email='john@email.com', Phone='1234567890', Salary='50000.0', Department='IT', JoinDate='15-01-2023', PostalCode='10001', City='New York', Country='USA', State='TS')
2025-12-27 17:32:39,623 - dq_unified - INFO - Processing 2 duplicate indices
2025-12-27 17:32:39,624 - dq_unified - INFO - FINAL RESULT: Found 2 duplicate groups
2025-12-27 17:32:39,635 - dq_error_log - INFO - Batch logged 2 errors for session SINGLE_20251227_173239
2025-12-27 17:32:39,636 - dq_unified - INFO -    Found 2 duplicate rows
2025-12-27 17:32:39,636 - dq_unified - INFO - 3. Checking data formats...
2025-12-27 17:32:39,637 - dq_unified - INFO - Checking data formats
2025-12-27 17:32:39,642 - dq_unified - INFO - Detected Email as email type
2025-12-27 17:32:39,643 - dq_unified - WARNING -   Row 9: 'invalid-email...' doesn't match Valid email format (user@domain.com)
2025-12-27 17:32:39,644 - dq_unified - INFO - Detected Phone as phone type
2025-12-27 17:32:39,645 - dq_unified - WARNING -   Row 14: '1112222...' doesn't match Valid phone number format
2025-12-27 17:32:39,647 - dq_unified - INFO - Detected Salary as numeric type
2025-12-27 17:32:39,649 - dq_unified - INFO - Detected JoinDate as date type
2025-12-27 17:32:39,650 - dq_unified - INFO -   Date format check for JoinDate: Consistent=True, Format=DD-MM-YYYY or MM-DD-YYYY
2025-12-27 17:32:39,652 - dq_unified - INFO - Detected PostalCode as numeric type
2025-12-27 17:32:39,652 - dq_unified - WARNING -   Row 9: 'ABC123...' doesn't match Numeric value (no leading zeros, no alphabets)
2025-12-27 17:32:39,656 - dq_unified - INFO - Total format issues found: 3
2025-12-27 17:32:39,667 - dq_error_log - INFO - Batch logged 3 errors for session SINGLE_20251227_173239
2025-12-27 17:32:39,668 - dq_unified - INFO -    Found 3 format issues
2025-12-27 17:32:39,669 - dq_unified - INFO - 4. Checking mandatory fields...
2025-12-27 17:32:39,670 - dq_unified - INFO - Checking mandatory fields
2025-12-27 17:32:39,670 - dq_unified - INFO - Available columns: ['CustomerName', 'Email', 'Phone', 'Salary', 'Department', 'JoinDate', 'PostalCode', 'City', 'Country', 'State']
2025-12-27 17:32:39,671 - dq_unified - INFO - Checking ALL columns as mandatory: ['CustomerName', 'Email', 'Phone', 'Salary', 'Department', 'JoinDate', 'PostalCode', 'City', 'Country', 'State']
2025-12-27 17:32:39,672 - dq_unified - WARNING - Mandatory field 'CustomerName': 1 missing values (93.3% filled)
2025-12-27 17:32:39,674 - dq_unified - WARNING - Mandatory field 'Email': 1 missing values (93.3% filled)
2025-12-27 17:32:39,675 - dq_unified - INFO - Mandatory field 'Phone': 100.0% filled
2025-12-27 17:32:39,675 - dq_unified - WARNING - Mandatory field 'Salary': 2 missing values (86.7% filled)
2025-12-27 17:32:39,676 - dq_unified - WARNING - Mandatory field 'Department': 1 missing values (93.3% filled)
2025-12-27 17:32:39,677 - dq_unified - INFO - Mandatory field 'JoinDate': 100.0% filled
2025-12-27 17:32:39,678 - dq_unified - INFO - Mandatory field 'PostalCode': 100.0% filled
2025-12-27 17:32:39,679 - dq_unified - INFO - Mandatory field 'City': 100.0% filled
2025-12-27 17:32:39,680 - dq_unified - INFO - Mandatory field 'Country': 100.0% filled
2025-12-27 17:32:39,680 - dq_unified - WARNING - Mandatory field 'State': 1 missing values (93.3% filled)
2025-12-27 17:32:39,693 - dq_error_log - INFO - Batch logged 6 errors for session SINGLE_20251227_173239
2025-12-27 17:32:39,694 - dq_unified - INFO - Mandatory field check completed: 5 columns with issues, 6 total missing values
2025-12-27 17:32:39,694 - dq_unified - INFO -    Found 6 missing mandatory values
2025-12-27 17:32:39,695 - dq_unified - INFO - 5. Calculating quality score...
2025-12-27 17:32:39,695 - dq_unified - INFO - Calculating quality score
2025-12-27 17:32:39,696 - dq_unified - INFO - Quality Score Calculation:
2025-12-27 17:32:39,696 - dq_unified - INFO -   Total rows: 15
2025-12-27 17:32:39,697 - dq_unified - INFO -   Rows with ANY issue: 8
2025-12-27 17:32:39,697 - dq_unified - INFO -   Good rows (no issues): 7
2025-12-27 17:32:39,697 - dq_unified - INFO -   Quality Score: 46.67%
2025-12-27 17:32:39,706 - dq_error_log - INFO - Retrieved 17 error logs for session SINGLE_20251227_173239
2025-12-27 17:32:39,715 - dq_error_log - INFO - Retrieved summary: 17 total errors for session SINGLE_20251227_173239
2025-12-27 17:32:39,715 - dq_unified - INFO - Added 17 error logs to results
2025-12-27 17:32:39,716 - dq_audit - INFO - Audit class initialized with database: dq_checks
2025-12-27 17:32:39,716 - dq_audit - INFO - Starting database insertion for single_source...
2025-12-27 17:32:39,727 - dq_audit - INFO - Inserted single_source record with ID: 402
2025-12-27 17:32:39,738 - dq_audit - INFO - Retrieved 1 audit logs for session SINGLE_20251227_173239
2025-12-27 17:32:39,738 - dq_unified - INFO - Added 1 audit logs to results
2025-12-27 17:32:39,739 - dq_unified - INFO - Analysis completed successfully for CSV: sample_data.csv
2025-12-27 17:32:39,740 - dq_unified - INFO - Final quality score: 46.67%
2025-12-27 17:32:39,748 - dq_error_log - INFO - Retrieved 17 error logs for session SINGLE_20251227_173239
2025-12-27 17:32:39,756 - dq_error_log - INFO - Retrieved summary: 17 total errors for session SINGLE_20251227_173239
2025-12-27 17:32:39,767 - dq_audit - INFO - Retrieved 1 audit logs for session SINGLE_20251227_173239
2025-12-27 17:32:39,768 - __main__ - INFO - Analysis completed for session SINGLE_20251227_173239
2025-12-27 17:32:39,769 - __main__ - INFO - Completed with status 200 in 0.335s
