2026-02-11 16:46:19,003 - run_api - INFO - 🌐 API Server Logging Initialized
2026-02-11 16:46:19,004 - run_api - INFO - 📝 Logs saved to: logs/dq_api_20260211_164619.log
2026-02-11 16:46:19,005 - run_api - INFO - APP_SETTINGS loaded. Audit enabled: True
2026-02-11 16:46:19,006 - run_api - INFO - ✅ All DQ modules loaded successfully
2026-02-11 16:46:19,008 - dq_error_log - INFO - ErrorLogger initialized with database: dq_checks
2026-02-11 16:46:19,010 - dq_audit - INFO - Audit class initialized with database: dq_checks
2026-02-11 16:46:19,011 - run_api - INFO - ✅ ErrorLogger and DataQualityAudit initialized
2026-02-11 16:46:19,028 - dq_audit - INFO - Audit class initialized with database: dq_checks
2026-02-11 16:46:19,030 - dq_audit - INFO - Starting database insertion for advanced...
2026-02-11 16:46:19,047 - dq_audit - INFO - Inserted advanced record with ID: 925
2026-02-11 16:46:19,049 - dq_advanced - INFO - Audit record logged with ID: 925
2026-02-11 16:46:19,425 - dq_error_log - INFO - Retrieved 100 error logs for session ADV_20260211_164552_7267
2026-02-11 16:46:20,127 - dq_error_log - INFO - Retrieved summary: 69252 total errors for session ADV_20260211_164552_7267
2026-02-11 16:46:20,129 - dq_audit - INFO - Audit class initialized with database: dq_checks
2026-02-11 16:46:20,146 - dq_audit - INFO - Retrieved 1 audit logs for session ADV_20260211_164552_7267
2026-02-11 16:46:20,148 - dq_advanced - INFO - Advanced checks completed for session ADV_20260211_164552_7267
2026-02-11 16:46:20,537 - dq_error_log - INFO - Retrieved 100 error logs for session ADV_20260211_164552_7267
2026-02-11 16:46:21,026 - dq_error_log - INFO - Retrieved summary: 69252 total errors for session ADV_20260211_164552_7267
2026-02-11 16:46:21,046 - dq_audit - INFO - Retrieved 1 audit logs for session ADV_20260211_164552_7267
2026-02-11 16:46:21,050 - __main__ - INFO - Advanced checks completed for session ADV_20260211_164552_7267
2026-02-11 16:46:21,058 - __main__ - INFO - Completed with status 200 in 29.149s
