2025-12-22 12:46:49,822 - root - INFO - 🌐 API Server Logging Initialized
2025-12-22 12:46:50,057 - dq_error_log - INFO - ErrorLogger initialized with database: dq_checks
2025-12-22 12:46:50,057 - dq_audit - INFO - Audit class initialized with database: dq_checks
2025-12-22 12:46:50,064 - root - INFO - Starting Data Quality API on 0.0.0.0:5000 (debug=False)
2025-12-22 12:46:50,065 - root - INFO - DQ modules available: True
2025-12-22 12:46:50,065 - root - INFO - Config file mode: False
2025-12-22 12:46:50,065 - root - INFO - Database config: localhost/dq_checks
2025-12-22 12:46:51,088 - werkzeug - INFO - [31m[1mWARNING: This is a development server. Do not use it in a production deployment. Use a production WSGI server instead.[0m
 * Running on all addresses (0.0.0.0)
 * Running on http://127.0.0.1:5000
 * Running on http://10.1.185.54:5000
2025-12-22 12:46:51,088 - werkzeug - INFO - [33mPress CTRL+C to quit[0m
2025-12-22 12:47:08,927 - root - INFO - Comparison analysis request received: dict_keys(['source_type', 'source_file_path', 'target_source_type', 'target_file_path', 'selected_columns'])
2025-12-22 12:47:08,933 - root - INFO - Starting comparison for session CMP_20251222_124708_e77aa6a2
2025-12-22 12:47:08,934 - dq_comparison - INFO - LOADING SOURCE AND TARGET DATA
2025-12-22 12:47:08,969 - dq_comparison - INFO - SELECTING COLUMNS FOR COMPARISON
2025-12-22 12:47:08,969 - dq_comparison - INFO - Found 10 common columns between source and target (case-insensitive)
2025-12-22 12:47:08,970 - dq_comparison - INFO - User column selection input: all
2025-12-22 12:47:08,970 - dq_comparison - INFO - User selected ALL common columns for comparison
2025-12-22 12:47:08,970 - dq_comparison - INFO - GENERATING COMPREHENSIVE COMPARISON REPORT
2025-12-22 12:47:08,970 - dq_comparison - INFO - Report details - Source: CSV: sample_data.csv, Target: CSV: sample_data.csv, Selected columns: 10
2025-12-22 12:47:08,970 - dq_comparison - INFO - Initializing Error Logger...
2025-12-22 12:47:08,970 - dq_error_log - INFO - ErrorLogger initialized with database: dq_checks
2025-12-22 12:47:09,172 - dq_error_log - INFO - Database connection successful
2025-12-22 12:47:09,173 - dq_comparison - INFO - Session ID: CMP_20251222_124709
2025-12-22 12:47:09,178 - dq_comparison - INFO - FIRST CHECK: ROW COUNT COMPARISON
2025-12-22 12:47:09,179 - dq_comparison - INFO - Source rows: 15, Target rows: 15
2025-12-22 12:47:09,179 - dq_comparison - INFO - ✅ Row counts match perfectly
2025-12-22 12:47:09,179 - dq_comparison - INFO - SECOND CHECK: HASH-BASED COMPARISON WITH PERFECT NORMALIZATION
2025-12-22 12:47:09,179 - dq_comparison - INFO - Using 10 common columns for hash comparison
2025-12-22 12:47:09,179 - dq_comparison - INFO - Source columns: ['JoinDate', 'Email', 'Department', 'Salary', 'Country', 'State', 'PostalCode', 'CustomerName', 'Phone', 'City']
2025-12-22 12:47:09,179 - dq_comparison - INFO - Target columns: ['JoinDate', 'Email', 'Department', 'Salary', 'Country', 'State', 'PostalCode', 'CustomerName', 'Phone', 'City']
2025-12-22 12:47:09,179 - dq_comparison - INFO - Generating hashes for source data...
2025-12-22 12:47:09,186 - dq_comparison - INFO - Generating hashes for target data...
2025-12-22 12:47:09,188 - dq_comparison - INFO - Hash-based Comparison Results:
2025-12-22 12:47:09,189 - dq_comparison - INFO -   • Common rows: 14
2025-12-22 12:47:09,189 - dq_comparison - INFO -   • Rows only in source: 0
2025-12-22 12:47:09,189 - dq_comparison - INFO -   • Rows only in target: 0
2025-12-22 12:47:09,189 - dq_comparison - INFO - PERFORMING DETAILED COLUMN-BY-COLUMN COMPARISON...
2025-12-22 12:47:09,193 - dq_comparison - INFO - Found 0 column value mismatches across all rows
2025-12-22 12:47:09,193 - dq_comparison - INFO - Analyzing data quality metrics...
2025-12-22 12:47:09,208 - dq_comparison - INFO - Null values - Source: 6 (4.00%), Target: 6 (4.00%)
2025-12-22 12:47:09,211 - dq_comparison - INFO - Duplicate rows (normalized) - Source: 1, Target: 1
2025-12-22 12:47:09,212 - dq_comparison - INFO - Source duplicate samples: ['Row 2', 'Row 7']
2025-12-22 12:47:09,213 - dq_comparison - INFO - Target duplicate samples: ['Row 2', 'Row 7']
2025-12-22 12:47:09,239 - dq_error_log - INFO - Retrieved 0 errors for session CMP_20251222_124709
2025-12-22 12:47:09,259 - dq_audit - INFO - Audit class initialized with database: dq_checks
2025-12-22 12:47:09,333 - dq_audit - INFO - Starting database insertion for comparison...
2025-12-22 12:47:09,366 - dq_audit - INFO - Inserted comparison record with ID: 185
2025-12-22 12:47:09,366 - dq_audit - INFO - Inserted comparison record with ID: 185
2025-12-22 12:47:09,423 - dq_audit - INFO - Audit class initialized with database: dq_checks
2025-12-22 12:47:09,492 - dq_comparison - INFO - Comparison analysis completed successfully
2025-12-22 12:47:09,585 - root - INFO - Completed comparison for session CMP_20251222_124708_e77aa6a2
2025-12-22 12:47:09,589 - werkzeug - INFO - 127.0.0.1 - - [22/Dec/2025 12:47:09] "POST /api/compare HTTP/1.1" 200 -
