2025-12-22 14:50:10,308 - root - INFO - 🌐 API Server Logging Initialized
2025-12-22 14:50:10,571 - dq_error_log - INFO - ErrorLogger initialized with database: dq_checks
2025-12-22 14:50:10,571 - dq_audit - INFO - Audit class initialized with database: dq_checks
2025-12-22 14:50:10,578 - root - INFO - Starting Data Quality API on 0.0.0.0:5000 (debug=False)
2025-12-22 14:50:10,578 - root - INFO - DQ modules available: True
2025-12-22 14:50:10,578 - root - INFO - Config file mode: False
2025-12-22 14:50:10,578 - root - INFO - Database config: localhost/dq_checks
2025-12-22 14:50:11,550 - werkzeug - INFO - [31m[1mWARNING: This is a development server. Do not use it in a production deployment. Use a production WSGI server instead.[0m
 * Running on all addresses (0.0.0.0)
 * Running on http://127.0.0.1:5000
 * Running on http://10.1.185.54:5000
2025-12-22 14:50:11,550 - werkzeug - INFO - [33mPress CTRL+C to quit[0m
2025-12-22 14:50:22,476 - werkzeug - INFO - 127.0.0.1 - - [22/Dec/2025 14:50:22] "GET /api/health HTTP/1.1" 200 -
2025-12-22 14:50:30,028 - root - INFO - Comparison analysis request received: dict_keys(['source_type', 'source_file_path', 'target_source_type', 'target_db_type', 'target_host', 'target_port', 'target_database', 'target_user', 'target_password', 'target_table', 'selected_columns'])
2025-12-22 14:50:30,032 - root - INFO - Starting comparison for session CMP_20251222_145030
2025-12-22 14:50:30,032 - dq_comparison - INFO - LOADING SOURCE AND TARGET DATA
2025-12-22 14:50:30,046 - dq_unified - INFO - LOADING DATA FROM DATABASE
2025-12-22 14:50:30,048 - dq_unified - INFO - Loading large database table: customers
2025-12-22 14:50:30,136 - dq_unified - INFO - MySQL table has 0 rows
2025-12-22 14:50:30,136 - dq_unified - WARNING - Table is empty
2025-12-22 14:50:30,138 - dq_unified - ERROR - No data loaded from database
2025-12-22 14:50:30,140 - dq_comparison - ERROR - Failed to load source or target data
2025-12-22 14:50:30,140 - werkzeug - INFO - 127.0.0.1 - - [22/Dec/2025 14:50:30] "[31m[1mPOST /api/compare HTTP/1.1[0m" 400 -
2025-12-22 14:50:32,194 - root - INFO - Comparison analysis request received: dict_keys(['source_type', 'db_type', 'host', 'port', 'database', 'user', 'password', 'table', 'target_source_type', 'target_file_path', 'selected_columns'])
2025-12-22 14:50:32,201 - root - INFO - Starting comparison for session CMP_20251222_145032
2025-12-22 14:50:32,201 - dq_comparison - INFO - LOADING SOURCE AND TARGET DATA
2025-12-22 14:50:32,202 - dq_unified - INFO - LOADING DATA FROM DATABASE
2025-12-22 14:50:32,203 - dq_unified - INFO - Loading large database table: customers
2025-12-22 14:50:32,211 - dq_unified - INFO - MySQL table has 0 rows
2025-12-22 14:50:32,211 - dq_unified - WARNING - Table is empty
2025-12-22 14:50:32,212 - dq_unified - ERROR - No data loaded from database
2025-12-22 14:50:32,216 - dq_comparison - ERROR - Failed to load source or target data
2025-12-22 14:50:32,217 - werkzeug - INFO - 127.0.0.1 - - [22/Dec/2025 14:50:32] "[31m[1mPOST /api/compare HTTP/1.1[0m" 400 -
2025-12-22 14:50:34,276 - root - INFO - Comparison analysis request received: dict_keys(['source_type', 'db_type', 'host', 'port', 'database', 'user', 'password', 'table', 'target_source_type', 'target_db_type', 'target_host', 'target_port', 'target_database', 'target_user', 'target_password', 'target_table', 'selected_columns'])
2025-12-22 14:50:34,284 - root - INFO - Starting comparison for session CMP_20251222_145034
2025-12-22 14:50:34,284 - dq_comparison - INFO - LOADING SOURCE AND TARGET DATA
2025-12-22 14:50:34,285 - dq_unified - INFO - LOADING DATA FROM DATABASE
2025-12-22 14:50:34,286 - dq_unified - INFO - Loading large database table: customers
2025-12-22 14:50:34,298 - dq_unified - INFO - MySQL table has 0 rows
2025-12-22 14:50:34,298 - dq_unified - WARNING - Table is empty
2025-12-22 14:50:34,299 - dq_unified - ERROR - No data loaded from database
2025-12-22 14:50:34,300 - dq_unified - INFO - LOADING DATA FROM DATABASE
2025-12-22 14:50:34,301 - dq_unified - INFO - Loading large database table: customers
2025-12-22 14:50:34,309 - dq_unified - INFO - MySQL table has 0 rows
2025-12-22 14:50:34,309 - dq_unified - WARNING - Table is empty
2025-12-22 14:50:34,310 - dq_unified - ERROR - No data loaded from database
2025-12-22 14:50:34,311 - dq_comparison - ERROR - Failed to load source or target data
2025-12-22 14:50:34,311 - werkzeug - INFO - 127.0.0.1 - - [22/Dec/2025 14:50:34] "[31m[1mPOST /api/compare HTTP/1.1[0m" 400 -
