2026-01-05 22:57:12,945 - __main__ - INFO - 🌐 API Server Logging Initialized
2026-01-05 22:57:12,947 - __main__ - INFO - 📝 Logs saved to: logs/dq_api_20260105_225712.log
2026-01-05 22:57:13,018 - __main__ - INFO - APP_SETTINGS loaded. Audit enabled: True
2026-01-05 22:57:13,019 - __main__ - INFO - ✅ All DQ modules loaded successfully
2026-01-05 22:57:13,024 - dq_error_log - INFO - ErrorLogger initialized with database: dq_checks
2026-01-05 22:57:13,025 - dq_audit - INFO - Audit class initialized with database: dq_checks
2026-01-05 22:57:13,025 - __main__ - INFO - ✅ ErrorLogger and DataQualityAudit initialized
2026-01-05 22:57:13,036 - __main__ - INFO - 🚀 Starting Data Quality Framework API
2026-01-05 22:57:13,037 - __main__ - INFO - 📊 Modules available: True
2026-01-05 22:57:13,040 - __main__ - INFO - 🔧 Config file mode: False
2026-01-05 22:57:13,042 - __main__ - INFO - 📋 Available endpoints:
2026-01-05 22:57:13,043 - __main__ - INFO -   GET  /              - API status
2026-01-05 22:57:13,045 - __main__ - INFO -   GET  /api/health    - Health check
2026-01-05 22:57:13,047 - __main__ - INFO -   POST /api/check-single - Single source analysis
2026-01-05 22:57:13,048 - __main__ - INFO -   POST /api/compare   - Source-target comparison
2026-01-05 22:57:13,050 - __main__ - INFO -   POST /api/upload    - File upload
2026-01-05 22:57:13,052 - __main__ - INFO -   GET  /api/sessions  - List sessions
2026-01-05 22:57:13,056 - __main__ - INFO -   GET  /api/sessions/<id> - Get session data
2026-01-05 22:57:13,058 - __main__ - INFO -   GET  /api/debug-db  - Database debug
2026-01-05 22:57:13,059 - __main__ - INFO - 🌍 Server starting on 0.0.0.0:5000 (debug=False)
2026-01-05 22:57:20,476 - __main__ - INFO - POST /api/database-hierarchy - Request started
2026-01-05 22:57:20,477 - __main__ - INFO - Getting database hierarchy for postgresql
2026-01-05 22:57:20,481 - __main__ - INFO - Database: Not provided
2026-01-05 22:57:20,483 - __main__ - INFO - Schema: Not provided
2026-01-05 22:57:20,485 - database_navigator - INFO - DatabaseNavigator initialized
2026-01-05 22:57:20,487 - __main__ - INFO - Connecting with config: {'host': 'localhost', 'port': 5432, 'user': 'postgres', 'password': 'postgres'}
2026-01-05 22:57:20,489 - database_navigator - INFO - Connecting to POSTGRESQL...
2026-01-05 22:57:20,491 - database_navigator - INFO - Connecting to PostgreSQL...
2026-01-05 22:57:20,494 - database_navigator - INFO - Connecting to PostgreSQL: host=localhost, port=5432, database=postgres, user=postgres
2026-01-05 22:57:20,688 - database_navigator - INFO - Connection object created: <connection object at 0x000001D3087B0150; dsn: 'user=postgres password=xxx dbname=postgres host=localhost port=5432', closed: 0>
2026-01-05 22:57:20,690 - database_navigator - INFO - ✅ PostgreSQL connection successful to database: postgres
2026-01-05 22:57:20,692 - __main__ - INFO - Getting databases list...
2026-01-05 22:57:20,696 - database_navigator - INFO - get_databases() called. db_type: postgresql, connection exists: True
2026-01-05 22:57:20,697 - database_navigator - INFO - DEBUG: Checking connection - self.connection = <connection object at 0x000001D3087B0150; dsn: 'user=postgres password=xxx dbname=postgres host=localhost port=5432', closed: 0>
2026-01-05 22:57:20,698 - database_navigator - INFO - Found 0 databases
2026-01-05 22:57:20,699 - __main__ - INFO - Found 0 databases
2026-01-05 22:57:20,702 - __main__ - INFO - Completed with status 200 in 0.226s
