2026-02-14 17:31:19,435 - __main__ - INFO - 🌐 API Server Logging Initialized
2026-02-14 17:31:19,437 - __main__ - INFO - 📝 Logs saved to: logs/dq_api_20260214_173119.log
2026-02-14 17:31:19,542 - __main__ - INFO - APP_SETTINGS loaded. Audit enabled: True
2026-02-14 17:31:19,543 - __main__ - INFO - ✅ All DQ modules loaded successfully
2026-02-14 17:31:19,544 - dq_error_log - INFO - ErrorLogger initialized with database: dq_checks
2026-02-14 17:31:19,546 - dq_audit - INFO - Audit class initialized with database: dq_checks
2026-02-14 17:31:19,546 - __main__ - INFO - ✅ ErrorLogger and DataQualityAudit initialized
2026-02-14 17:31:19,558 - __main__ - INFO - 🚀 Starting Data Quality Framework API
2026-02-14 17:31:19,559 - __main__ - INFO - 📊 Modules available: True
2026-02-14 17:31:19,560 - __main__ - INFO - 🔧 Config file mode: False
2026-02-14 17:31:19,561 - __main__ - INFO - 📋 Available endpoints:
2026-02-14 17:31:19,561 - __main__ - INFO -   GET  /              - API status
2026-02-14 17:31:19,562 - __main__ - INFO -   GET  /api/health    - Health check
2026-02-14 17:31:19,563 - __main__ - INFO -   POST /api/check-single - Single source analysis
2026-02-14 17:31:19,563 - __main__ - INFO -   POST /api/compare   - Source-target comparison
2026-02-14 17:31:19,564 - __main__ - INFO -   GET  /api/compare/{id} - Get comparison results
2026-02-14 17:31:19,564 - __main__ - INFO -   GET  /api/compare/{id}/mismatches - Paginated mismatches
2026-02-14 17:31:19,565 - __main__ - INFO -   GET  /api/compare/{id}/rows/count - Row counts
2026-02-14 17:31:19,566 - __main__ - INFO -   POST /api/upload    - File upload
2026-02-14 17:31:19,566 - __main__ - INFO -   GET  /api/sessions  - List sessions
2026-02-14 17:31:19,567 - __main__ - INFO -   GET  /api/sessions/<id> - Get session data
2026-02-14 17:31:19,567 - __main__ - INFO -   GET  /api/debug-db  - Database debug
2026-02-14 17:31:19,568 - __main__ - INFO - 🌍 Server starting on 0.0.0.0:5000 (debug=False)
2026-02-14 17:31:59,746 - __main__ - INFO - POST /api/upload - Request started
2026-02-14 17:31:59,761 - __main__ - INFO - File uploaded: 20260214_173159_finance100.csv (csv)
2026-02-14 17:31:59,762 - __main__ - INFO - Completed with status 200 in 0.016s
2026-02-14 17:31:59,992 - __main__ - INFO - POST /api/advanced - Request started
2026-02-14 17:31:59,992 - __main__ - INFO - Advanced checks request received
2026-02-14 17:31:59,994 - __main__ - INFO - DEBUG: Received columns_input: [] (type: <class 'list'>)
2026-02-14 17:31:59,995 - __main__ - INFO - DEBUG: Using as-is: []
2026-02-14 17:31:59,995 - __main__ - INFO - Starting advanced checks for session ADV_20260214_173159_ae70cd60
2026-02-14 17:31:59,995 - dq_advanced - INFO - Starting advanced checks in UI/API mode
2026-02-14 17:31:59,995 - dq_advanced - INFO - LOADING DATA FOR ADVANCED CHECKS
2026-02-14 17:31:59,995 - dq_unified - INFO - Prompting user for data source type
2026-02-14 17:31:59,996 - dq_unified - INFO - UI Data source_type: csv
2026-02-14 17:31:59,996 - dq_unified - INFO - Using source_type from UI data: csv
2026-02-14 17:31:59,996 - dq_unified - INFO - Loading data from CSV
2026-02-14 17:31:59,996 - dq_unified - INFO - Loading large CSV: C:/Users/006398/Desktop/Accilerator/BACKEND/Data_Quality_Framework/uploads/20260214_173159_finance100.csv
2026-02-14 17:32:00,000 - dq_unified - INFO - CSV file has 100 rows
2026-02-14 17:32:00,000 - dq_unified - INFO - Loading 100 rows from CSV...
2026-02-14 17:32:00,014 - dq_unified - INFO - Loaded 100 rows from CSV
2026-02-14 17:32:00,020 - dq_unified - INFO - Memory optimization: 0.0MB -> 0.0MB (Saved: 0.0MB)
2026-02-14 17:32:00,021 - dq_unified - INFO - Loaded 100 rows, 10 columns. Memory: 104.4MB total, 0.0MB for dataframe
2026-02-14 17:32:00,021 - dq_advanced - INFO - Data loaded: 100 rows, 10 columns from CSV: 20260214_173159_finance100.csv
2026-02-14 17:32:00,022 - dq_error_log - INFO - ErrorLogger initialized with database: dq_checks
2026-02-14 17:32:00,245 - mysql.connector - INFO - package: mysql.connector.plugins
2026-02-14 17:32:00,246 - mysql.connector - INFO - plugin_name: caching_sha2_password
2026-02-14 17:32:00,247 - mysql.connector - INFO - AUTHENTICATION_PLUGIN_CLASS: MySQLCachingSHA2PasswordAuthPlugin
2026-02-14 17:32:00,248 - mysql.connector - INFO - package: mysql.connector.plugins
2026-02-14 17:32:00,249 - mysql.connector - INFO - plugin_name: mysql_native_password
2026-02-14 17:32:00,255 - mysql.connector - INFO - AUTHENTICATION_PLUGIN_CLASS: MySQLNativePasswordAuthPlugin
2026-02-14 17:32:00,272 - dq_error_log - INFO - Database connection successful
2026-02-14 17:32:00,273 - dq_advanced - INFO - Session ID: ADV_20260214_173200_6346
2026-02-14 17:32:00,274 - dq_advanced - INFO - Starting comprehensive validations on 100 rows, 10 columns
2026-02-14 17:32:00,283 - dq_advanced - INFO - Memory: 2088MB available, 0.0002MB/row, Optimal batch: 50000 rows
2026-02-14 17:32:00,284 - dq_advanced - INFO - Auto-calculated batch size: 50000 rows
2026-02-14 17:32:00,284 - dq_advanced - INFO - Analyzing 10 columns...
2026-02-14 17:32:00,287 - dq_advanced - INFO - Analyzed column 'transaction_id': numeric with 1 patterns
2026-02-14 17:32:00,288 - dq_advanced - INFO - Analyzed column 'account_number': numeric with 3 patterns
2026-02-14 17:32:00,290 - dq_advanced - INFO - Analyzed column 'customer_name': text with 0 patterns
2026-02-14 17:32:00,292 - dq_advanced - INFO - Analyzed column 'email': text with 1 patterns
2026-02-14 17:32:00,294 - dq_advanced - INFO - Analyzed column 'transaction_date': date with 2 patterns
2026-02-14 17:32:00,296 - dq_advanced - INFO - Analyzed column 'amount': numeric with 0 patterns
2026-02-14 17:32:00,298 - dq_advanced - INFO - Analyzed column 'currency': text with 1 patterns
2026-02-14 17:32:00,300 - dq_advanced - INFO - Analyzed column 'balance': numeric with 0 patterns
2026-02-14 17:32:00,302 - dq_advanced - INFO - Analyzed column 'status': text with 0 patterns
2026-02-14 17:32:00,304 - dq_advanced - INFO - Analyzed column 'remarks': text with 0 patterns
2026-02-14 17:32:00,326 - dq_error_log - INFO - Starting batch logging for 158 errors, session: ADV_20260214_173200_6346
2026-02-14 17:32:00,436 - dq_error_log - INFO - Batch 1: Successfully logged 158 errors
2026-02-14 17:32:00,438 - dq_error_log - INFO - Progress: 158/158 errors processed
2026-02-14 17:32:00,438 - dq_error_log - INFO - COMPLETE: Logged 158/158 errors for session ADV_20260214_173200_6346
2026-02-14 17:32:00,440 - dq_audit - INFO - Audit class initialized with database: dq_checks
2026-02-14 17:32:00,440 - dq_audit - INFO - Starting database insertion for advanced...
2026-02-14 17:32:00,525 - dq_audit - INFO - Inserted advanced record with ID: 591
2026-02-14 17:32:00,527 - dq_advanced - INFO - Audit record logged with ID: 591
2026-02-14 17:32:00,639 - dq_error_log - INFO - Retrieved 100 error logs for session ADV_20260214_173200_6346
2026-02-14 17:32:00,715 - dq_error_log - INFO - Retrieved summary: 158 total errors for session ADV_20260214_173200_6346
2026-02-14 17:32:00,717 - dq_audit - INFO - Audit class initialized with database: dq_checks
2026-02-14 17:32:00,810 - dq_audit - INFO - Retrieved 1 audit logs for session ADV_20260214_173200_6346
2026-02-14 17:32:00,811 - dq_advanced - INFO - Advanced checks completed for session ADV_20260214_173200_6346
2026-02-14 17:32:00,899 - dq_error_log - INFO - Retrieved 100 error logs for session ADV_20260214_173200_6346
2026-02-14 17:32:00,977 - dq_error_log - INFO - Retrieved summary: 158 total errors for session ADV_20260214_173200_6346
2026-02-14 17:32:01,060 - dq_audit - INFO - Retrieved 1 audit logs for session ADV_20260214_173200_6346
2026-02-14 17:32:01,062 - __main__ - INFO - Advanced checks completed for session ADV_20260214_173200_6346
2026-02-14 17:32:01,064 - __main__ - INFO - Completed with status 200 in 1.071s
2026-02-14 17:32:01,102 - __main__ - INFO - GET /api/advanced/ADV_20260214_173200_6346 - Request started
2026-02-14 17:32:01,103 - __main__ - INFO - Completed with status 404 in 0.001s
2026-02-14 17:32:01,423 - __main__ - INFO - GET /api/advanced/ADV_20260214_173200_6346 - Request started
2026-02-14 17:32:01,424 - __main__ - INFO - Completed with status 404 in 0.001s
2026-02-14 17:32:30,619 - __main__ - INFO - POST /api/upload - Request started
2026-02-14 17:32:30,633 - __main__ - INFO - File uploaded: 20260214_173230_finance100.csv (csv)
2026-02-14 17:32:30,634 - __main__ - INFO - Completed with status 200 in 0.015s
2026-02-14 17:32:30,886 - __main__ - INFO - POST /api/advanced - Request started
2026-02-14 17:32:30,887 - __main__ - INFO - Advanced checks request received
2026-02-14 17:32:30,887 - __main__ - INFO - DEBUG: Received columns_input: [] (type: <class 'list'>)
2026-02-14 17:32:30,888 - __main__ - INFO - DEBUG: Using as-is: []
2026-02-14 17:32:30,889 - __main__ - INFO - Starting advanced checks for session ADV_20260214_173230_2e8128df
2026-02-14 17:32:30,889 - dq_advanced - INFO - Starting advanced checks in UI/API mode
2026-02-14 17:32:30,890 - dq_advanced - INFO - LOADING DATA FOR ADVANCED CHECKS
2026-02-14 17:32:30,890 - dq_unified - INFO - Prompting user for data source type
2026-02-14 17:32:30,890 - dq_unified - INFO - UI Data source_type: csv
2026-02-14 17:32:30,891 - dq_unified - INFO - Using source_type from UI data: csv
2026-02-14 17:32:30,891 - dq_unified - INFO - Loading data from CSV
2026-02-14 17:32:30,891 - dq_unified - INFO - Loading large CSV: C:/Users/006398/Desktop/Accilerator/BACKEND/Data_Quality_Framework/uploads/20260214_173230_finance100.csv
2026-02-14 17:32:30,894 - dq_unified - INFO - CSV file has 100 rows
2026-02-14 17:32:30,894 - dq_unified - INFO - Loading 100 rows from CSV...
2026-02-14 17:32:30,898 - dq_unified - INFO - Loaded 100 rows from CSV
2026-02-14 17:32:30,902 - dq_unified - INFO - Memory optimization: 0.0MB -> 0.0MB (Saved: 0.0MB)
2026-02-14 17:32:30,903 - dq_unified - INFO - Loaded 100 rows, 10 columns. Memory: 112.5MB total, 0.0MB for dataframe
2026-02-14 17:32:30,904 - dq_advanced - INFO - Data loaded: 100 rows, 10 columns from CSV: 20260214_173230_finance100.csv
2026-02-14 17:32:30,904 - dq_error_log - INFO - ErrorLogger initialized with database: dq_checks
2026-02-14 17:32:30,999 - dq_error_log - INFO - Database connection successful
2026-02-14 17:32:31,001 - dq_advanced - INFO - Session ID: ADV_20260214_173231_5536
2026-02-14 17:32:31,001 - dq_advanced - INFO - Starting comprehensive validations on 100 rows, 10 columns
2026-02-14 17:32:31,010 - dq_advanced - INFO - Memory: 1876MB available, 0.0002MB/row, Optimal batch: 50000 rows
2026-02-14 17:32:31,011 - dq_advanced - INFO - Auto-calculated batch size: 50000 rows
2026-02-14 17:32:31,012 - dq_advanced - INFO - Analyzing 10 columns...
2026-02-14 17:32:31,013 - dq_advanced - INFO - Analyzed column 'transaction_id': numeric with 1 patterns
2026-02-14 17:32:31,015 - dq_advanced - INFO - Analyzed column 'account_number': numeric with 3 patterns
2026-02-14 17:32:31,017 - dq_advanced - INFO - Analyzed column 'customer_name': text with 0 patterns
2026-02-14 17:32:31,019 - dq_advanced - INFO - Analyzed column 'email': text with 1 patterns
2026-02-14 17:32:31,022 - dq_advanced - INFO - Analyzed column 'transaction_date': date with 2 patterns
2026-02-14 17:32:31,024 - dq_advanced - INFO - Analyzed column 'amount': numeric with 0 patterns
2026-02-14 17:32:31,026 - dq_advanced - INFO - Analyzed column 'currency': text with 1 patterns
2026-02-14 17:32:31,028 - dq_advanced - INFO - Analyzed column 'balance': numeric with 0 patterns
2026-02-14 17:32:31,030 - dq_advanced - INFO - Analyzed column 'status': text with 0 patterns
2026-02-14 17:32:31,032 - dq_advanced - INFO - Analyzed column 'remarks': text with 0 patterns
2026-02-14 17:32:31,055 - dq_error_log - INFO - Starting batch logging for 158 errors, session: ADV_20260214_173231_5536
2026-02-14 17:32:31,174 - dq_error_log - INFO - Batch 1: Successfully logged 158 errors
2026-02-14 17:32:31,175 - dq_error_log - INFO - Progress: 158/158 errors processed
2026-02-14 17:32:31,176 - dq_error_log - INFO - COMPLETE: Logged 158/158 errors for session ADV_20260214_173231_5536
2026-02-14 17:32:31,178 - dq_audit - INFO - Audit class initialized with database: dq_checks
2026-02-14 17:32:31,179 - dq_audit - INFO - Starting database insertion for advanced...
2026-02-14 17:32:31,264 - dq_audit - INFO - Inserted advanced record with ID: 592
2026-02-14 17:32:31,265 - dq_advanced - INFO - Audit record logged with ID: 592
2026-02-14 17:32:31,369 - dq_error_log - INFO - Retrieved 100 error logs for session ADV_20260214_173231_5536
2026-02-14 17:32:31,457 - dq_error_log - INFO - Retrieved summary: 158 total errors for session ADV_20260214_173231_5536
2026-02-14 17:32:31,459 - dq_audit - INFO - Audit class initialized with database: dq_checks
2026-02-14 17:32:31,552 - dq_audit - INFO - Retrieved 1 audit logs for session ADV_20260214_173231_5536
2026-02-14 17:32:31,554 - dq_advanced - INFO - Advanced checks completed for session ADV_20260214_173231_5536
2026-02-14 17:32:31,662 - dq_error_log - INFO - Retrieved 100 error logs for session ADV_20260214_173231_5536
2026-02-14 17:32:31,751 - dq_error_log - INFO - Retrieved summary: 158 total errors for session ADV_20260214_173231_5536
2026-02-14 17:32:31,852 - dq_audit - INFO - Retrieved 1 audit logs for session ADV_20260214_173231_5536
2026-02-14 17:32:31,854 - __main__ - INFO - Advanced checks completed for session ADV_20260214_173231_5536
2026-02-14 17:32:31,857 - __main__ - INFO - Completed with status 200 in 0.971s
2026-02-14 17:32:31,908 - __main__ - INFO - GET /api/advanced/ADV_20260214_173231_5536 - Request started
2026-02-14 17:32:31,909 - __main__ - INFO - Completed with status 404 in 0.001s
2026-02-14 17:32:32,228 - __main__ - INFO - GET /api/advanced/ADV_20260214_173231_5536 - Request started
2026-02-14 17:32:32,229 - __main__ - INFO - Completed with status 404 in 0.001s
2026-02-14 17:37:17,314 - __main__ - INFO - POST /api/upload - Request started
2026-02-14 17:37:17,327 - __main__ - INFO - File uploaded: 20260214_173717_finance100.csv (csv)
2026-02-14 17:37:17,328 - __main__ - INFO - Completed with status 200 in 0.014s
2026-02-14 17:37:17,562 - __main__ - INFO - POST /api/advanced - Request started
2026-02-14 17:37:17,563 - __main__ - INFO - Advanced checks request received
2026-02-14 17:37:17,564 - __main__ - INFO - DEBUG: Received columns_input: [] (type: <class 'list'>)
2026-02-14 17:37:17,566 - __main__ - INFO - DEBUG: Using as-is: []
2026-02-14 17:37:17,566 - __main__ - INFO - Starting advanced checks for session ADV_20260214_173717_0acec98f
2026-02-14 17:37:17,567 - dq_advanced - INFO - Starting advanced checks in UI/API mode
2026-02-14 17:37:17,567 - dq_advanced - INFO - LOADING DATA FOR ADVANCED CHECKS
2026-02-14 17:37:17,568 - dq_unified - INFO - Prompting user for data source type
2026-02-14 17:37:17,568 - dq_unified - INFO - UI Data source_type: csv
2026-02-14 17:37:17,568 - dq_unified - INFO - Using source_type from UI data: csv
2026-02-14 17:37:17,568 - dq_unified - INFO - Loading data from CSV
2026-02-14 17:37:17,569 - dq_unified - INFO - Loading large CSV: C:/Users/006398/Desktop/Accilerator/BACKEND/Data_Quality_Framework/uploads/20260214_173717_finance100.csv
2026-02-14 17:37:17,572 - dq_unified - INFO - CSV file has 100 rows
2026-02-14 17:37:17,572 - dq_unified - INFO - Loading 100 rows from CSV...
2026-02-14 17:37:17,576 - dq_unified - INFO - Loaded 100 rows from CSV
2026-02-14 17:37:17,579 - dq_unified - INFO - Memory optimization: 0.0MB -> 0.0MB (Saved: 0.0MB)
2026-02-14 17:37:17,580 - dq_unified - INFO - Loaded 100 rows, 10 columns. Memory: 113.1MB total, 0.0MB for dataframe
2026-02-14 17:37:17,581 - dq_advanced - INFO - Data loaded: 100 rows, 10 columns from CSV: 20260214_173717_finance100.csv
2026-02-14 17:37:17,581 - dq_error_log - INFO - ErrorLogger initialized with database: dq_checks
2026-02-14 17:37:17,660 - dq_error_log - INFO - Database connection successful
2026-02-14 17:37:17,662 - dq_advanced - INFO - Session ID: ADV_20260214_173717_8362
2026-02-14 17:37:17,663 - dq_advanced - INFO - Starting comprehensive validations on 100 rows, 10 columns
2026-02-14 17:37:17,670 - dq_advanced - INFO - Memory: 2357MB available, 0.0002MB/row, Optimal batch: 50000 rows
2026-02-14 17:37:17,671 - dq_advanced - INFO - Auto-calculated batch size: 50000 rows
2026-02-14 17:37:17,671 - dq_advanced - INFO - Analyzing 10 columns...
2026-02-14 17:37:17,673 - dq_advanced - INFO - Analyzed column 'transaction_id': numeric with 1 patterns
2026-02-14 17:37:17,675 - dq_advanced - INFO - Analyzed column 'account_number': numeric with 3 patterns
2026-02-14 17:37:17,677 - dq_advanced - INFO - Analyzed column 'customer_name': text with 0 patterns
2026-02-14 17:37:17,679 - dq_advanced - INFO - Analyzed column 'email': text with 1 patterns
2026-02-14 17:37:17,681 - dq_advanced - INFO - Analyzed column 'transaction_date': date with 2 patterns
2026-02-14 17:37:17,684 - dq_advanced - INFO - Analyzed column 'amount': numeric with 0 patterns
2026-02-14 17:37:17,686 - dq_advanced - INFO - Analyzed column 'currency': text with 1 patterns
2026-02-14 17:37:17,688 - dq_advanced - INFO - Analyzed column 'balance': numeric with 0 patterns
2026-02-14 17:37:17,690 - dq_advanced - INFO - Analyzed column 'status': text with 0 patterns
2026-02-14 17:37:17,693 - dq_advanced - INFO - Analyzed column 'remarks': text with 0 patterns
2026-02-14 17:37:17,721 - dq_error_log - INFO - Starting batch logging for 158 errors, session: ADV_20260214_173717_8362
2026-02-14 17:37:17,839 - dq_error_log - INFO - Batch 1: Successfully logged 158 errors
2026-02-14 17:37:17,840 - dq_error_log - INFO - Progress: 158/158 errors processed
2026-02-14 17:37:17,840 - dq_error_log - INFO - COMPLETE: Logged 158/158 errors for session ADV_20260214_173717_8362
2026-02-14 17:37:17,841 - dq_audit - INFO - Audit class initialized with database: dq_checks
2026-02-14 17:37:17,842 - dq_audit - INFO - Starting database insertion for advanced...
2026-02-14 17:37:17,923 - dq_audit - INFO - Inserted advanced record with ID: 593
2026-02-14 17:37:17,924 - dq_advanced - INFO - Audit record logged with ID: 593
2026-02-14 17:37:18,019 - dq_error_log - INFO - Retrieved 100 error logs for session ADV_20260214_173717_8362
2026-02-14 17:37:18,121 - dq_error_log - INFO - Retrieved summary: 158 total errors for session ADV_20260214_173717_8362
2026-02-14 17:37:18,124 - dq_audit - INFO - Audit class initialized with database: dq_checks
2026-02-14 17:37:18,215 - dq_audit - INFO - Retrieved 1 audit logs for session ADV_20260214_173717_8362
2026-02-14 17:37:18,217 - dq_advanced - INFO - Advanced checks completed for session ADV_20260214_173717_8362
2026-02-14 17:37:18,313 - dq_error_log - INFO - Retrieved 100 error logs for session ADV_20260214_173717_8362
2026-02-14 17:37:18,396 - dq_error_log - INFO - Retrieved summary: 158 total errors for session ADV_20260214_173717_8362
2026-02-14 17:37:18,478 - dq_audit - INFO - Retrieved 1 audit logs for session ADV_20260214_173717_8362
2026-02-14 17:37:18,479 - __main__ - INFO - Advanced checks completed for session ADV_20260214_173717_8362
2026-02-14 17:37:18,482 - __main__ - INFO - Completed with status 200 in 0.921s
2026-02-14 17:37:18,533 - __main__ - INFO - GET /api/advanced/ADV_20260214_173717_8362 - Request started
2026-02-14 17:37:18,534 - __main__ - INFO - Completed with status 404 in 0.002s
2026-02-14 17:37:18,848 - __main__ - INFO - GET /api/advanced/ADV_20260214_173717_8362 - Request started
2026-02-14 17:37:18,849 - __main__ - INFO - Completed with status 404 in 0.001s
2026-02-14 17:41:51,515 - __main__ - INFO - GET /api/advanced/ADV_20260214_173717_0acec98f - Request started
2026-02-14 17:41:51,606 - dq_error_log - INFO - Retrieved 0 error logs for session ADV_20260214_173717_0acec98f
2026-02-14 17:41:51,609 - __main__ - INFO - Completed with status 200 in 0.095s
2026-02-14 17:43:09,478 - __main__ - INFO - POST /api/upload - Request started
2026-02-14 17:43:09,490 - __main__ - INFO - File uploaded: 20260214_174309_finance100.csv (csv)
2026-02-14 17:43:09,491 - __main__ - INFO - Completed with status 200 in 0.013s
2026-02-14 17:43:09,698 - __main__ - INFO - POST /api/advanced - Request started
2026-02-14 17:43:09,699 - __main__ - INFO - Advanced checks request received
2026-02-14 17:43:09,700 - __main__ - INFO - DEBUG: Received columns_input: [] (type: <class 'list'>)
2026-02-14 17:43:09,700 - __main__ - INFO - DEBUG: Using as-is: []
2026-02-14 17:43:09,701 - __main__ - INFO - Starting advanced checks for session ADV_20260214_174309_3a2b6afd
2026-02-14 17:43:09,701 - dq_advanced - INFO - Starting advanced checks in UI/API mode
2026-02-14 17:43:09,704 - dq_advanced - INFO - LOADING DATA FOR ADVANCED CHECKS
2026-02-14 17:43:09,704 - dq_unified - INFO - Prompting user for data source type
2026-02-14 17:43:09,705 - dq_unified - INFO - UI Data source_type: csv
2026-02-14 17:43:09,705 - dq_unified - INFO - Using source_type from UI data: csv
2026-02-14 17:43:09,705 - dq_unified - INFO - Loading data from CSV
2026-02-14 17:43:09,705 - dq_unified - INFO - Loading large CSV: C:/Users/006398/Desktop/Accilerator/BACKEND/Data_Quality_Framework/uploads/20260214_174309_finance100.csv
2026-02-14 17:43:09,707 - dq_unified - INFO - CSV file has 100 rows
2026-02-14 17:43:09,708 - dq_unified - INFO - Loading 100 rows from CSV...
2026-02-14 17:43:09,711 - dq_unified - INFO - Loaded 100 rows from CSV
2026-02-14 17:43:09,714 - dq_unified - INFO - Memory optimization: 0.0MB -> 0.0MB (Saved: 0.0MB)
2026-02-14 17:43:09,715 - dq_unified - INFO - Loaded 100 rows, 10 columns. Memory: 113.5MB total, 0.0MB for dataframe
2026-02-14 17:43:09,715 - dq_advanced - INFO - Data loaded: 100 rows, 10 columns from CSV: 20260214_174309_finance100.csv
2026-02-14 17:43:09,715 - dq_error_log - INFO - ErrorLogger initialized with database: dq_checks
2026-02-14 17:43:09,782 - dq_error_log - INFO - Database connection successful
2026-02-14 17:43:09,784 - dq_advanced - INFO - Session ID: ADV_20260214_174309_5746
2026-02-14 17:43:09,784 - dq_advanced - INFO - Starting comprehensive validations on 100 rows, 10 columns
2026-02-14 17:43:09,793 - dq_advanced - INFO - Memory: 3152MB available, 0.0002MB/row, Optimal batch: 50000 rows
2026-02-14 17:43:09,794 - dq_advanced - INFO - Auto-calculated batch size: 50000 rows
2026-02-14 17:43:09,794 - dq_advanced - INFO - Analyzing 10 columns...
2026-02-14 17:43:09,796 - dq_advanced - INFO - Analyzed column 'transaction_id': numeric with 1 patterns
2026-02-14 17:43:09,797 - dq_advanced - INFO - Analyzed column 'account_number': numeric with 3 patterns
2026-02-14 17:43:09,799 - dq_advanced - INFO - Analyzed column 'customer_name': text with 0 patterns
2026-02-14 17:43:09,801 - dq_advanced - INFO - Analyzed column 'email': text with 1 patterns
2026-02-14 17:43:09,804 - dq_advanced - INFO - Analyzed column 'transaction_date': date with 2 patterns
2026-02-14 17:43:09,806 - dq_advanced - INFO - Analyzed column 'amount': numeric with 0 patterns
2026-02-14 17:43:09,808 - dq_advanced - INFO - Analyzed column 'currency': text with 1 patterns
2026-02-14 17:43:09,811 - dq_advanced - INFO - Analyzed column 'balance': numeric with 0 patterns
2026-02-14 17:43:09,814 - dq_advanced - INFO - Analyzed column 'status': text with 0 patterns
2026-02-14 17:43:09,816 - dq_advanced - INFO - Analyzed column 'remarks': text with 0 patterns
2026-02-14 17:43:09,838 - dq_error_log - INFO - Starting batch logging for 158 errors, session: ADV_20260214_174309_5746
2026-02-14 17:43:09,943 - dq_error_log - INFO - Batch 1: Successfully logged 158 errors
2026-02-14 17:43:09,944 - dq_error_log - INFO - Progress: 158/158 errors processed
2026-02-14 17:43:09,945 - dq_error_log - INFO - COMPLETE: Logged 158/158 errors for session ADV_20260214_174309_5746
2026-02-14 17:43:09,945 - dq_audit - INFO - Audit class initialized with database: dq_checks
2026-02-14 17:43:09,946 - dq_audit - INFO - Starting database insertion for advanced...
2026-02-14 17:43:10,029 - dq_audit - INFO - Inserted advanced record with ID: 594
2026-02-14 17:43:10,032 - dq_advanced - INFO - Audit record logged with ID: 594
2026-02-14 17:43:10,138 - dq_error_log - INFO - Retrieved 100 error logs for session ADV_20260214_174309_5746
2026-02-14 17:43:10,210 - dq_error_log - INFO - Retrieved summary: 158 total errors for session ADV_20260214_174309_5746
2026-02-14 17:43:10,211 - dq_audit - INFO - Audit class initialized with database: dq_checks
2026-02-14 17:43:10,285 - dq_audit - INFO - Retrieved 1 audit logs for session ADV_20260214_174309_5746
2026-02-14 17:43:10,287 - dq_advanced - INFO - Advanced checks completed for session ADV_20260214_174309_5746
2026-02-14 17:43:10,385 - dq_error_log - INFO - Retrieved 100 error logs for session ADV_20260214_174309_5746
2026-02-14 17:43:10,466 - dq_error_log - INFO - Retrieved summary: 158 total errors for session ADV_20260214_174309_5746
2026-02-14 17:43:10,541 - dq_audit - INFO - Retrieved 1 audit logs for session ADV_20260214_174309_5746
2026-02-14 17:43:10,542 - __main__ - INFO - Advanced checks completed for session ADV_20260214_174309_5746
2026-02-14 17:43:10,544 - __main__ - INFO - Completed with status 200 in 0.846s
2026-02-14 17:43:10,571 - __main__ - INFO - GET /api/advanced/ADV_20260214_174309_3a2b6afd - Request started
2026-02-14 17:43:10,663 - dq_error_log - INFO - Retrieved 0 error logs for session ADV_20260214_174309_3a2b6afd
2026-02-14 17:43:10,666 - __main__ - INFO - Completed with status 200 in 0.095s
2026-02-14 17:43:10,992 - __main__ - INFO - GET /api/advanced/ADV_20260214_174309_3a2b6afd - Request started
2026-02-14 17:43:11,092 - dq_error_log - INFO - Retrieved 0 error logs for session ADV_20260214_174309_3a2b6afd
2026-02-14 17:43:11,094 - __main__ - INFO - Completed with status 200 in 0.101s
2026-02-14 18:09:24,968 - __main__ - INFO - POST /api/upload - Request started
2026-02-14 18:09:24,980 - __main__ - INFO - File uploaded: 20260214_180924_finance100.csv (csv)
2026-02-14 18:09:24,981 - __main__ - INFO - Completed with status 200 in 0.012s
2026-02-14 18:09:25,225 - __main__ - INFO - POST /api/advanced - Request started
2026-02-14 18:09:25,226 - __main__ - INFO - Advanced checks request received
2026-02-14 18:09:25,227 - __main__ - INFO - DEBUG: Received columns_input: [] (type: <class 'list'>)
2026-02-14 18:09:25,228 - __main__ - INFO - DEBUG: Using as-is: []
2026-02-14 18:09:25,229 - __main__ - INFO - Starting advanced checks for session ADV_20260214_180925_7ee714dd
2026-02-14 18:09:25,230 - dq_advanced - INFO - Starting advanced checks in UI/API mode
2026-02-14 18:09:25,230 - dq_advanced - INFO - LOADING DATA FOR ADVANCED CHECKS
2026-02-14 18:09:25,231 - dq_unified - INFO - Prompting user for data source type
2026-02-14 18:09:25,231 - dq_unified - INFO - UI Data source_type: csv
2026-02-14 18:09:25,231 - dq_unified - INFO - Using source_type from UI data: csv
2026-02-14 18:09:25,232 - dq_unified - INFO - Loading data from CSV
2026-02-14 18:09:25,232 - dq_unified - INFO - Loading large CSV: C:/Users/006398/Desktop/Accilerator/BACKEND/Data_Quality_Framework/uploads/20260214_180924_finance100.csv
2026-02-14 18:09:25,234 - dq_unified - INFO - CSV file has 100 rows
2026-02-14 18:09:25,234 - dq_unified - INFO - Loading 100 rows from CSV...
2026-02-14 18:09:25,238 - dq_unified - INFO - Loaded 100 rows from CSV
2026-02-14 18:09:25,242 - dq_unified - INFO - Memory optimization: 0.0MB -> 0.0MB (Saved: 0.0MB)
2026-02-14 18:09:25,243 - dq_unified - INFO - Loaded 100 rows, 10 columns. Memory: 75.1MB total, 0.0MB for dataframe
2026-02-14 18:09:25,244 - dq_advanced - INFO - Data loaded: 100 rows, 10 columns from CSV: 20260214_180924_finance100.csv
2026-02-14 18:09:25,244 - dq_error_log - INFO - ErrorLogger initialized with database: dq_checks
2026-02-14 18:09:25,316 - dq_error_log - INFO - Database connection successful
2026-02-14 18:09:25,318 - dq_advanced - INFO - Session ID: ADV_20260214_180925_8948
2026-02-14 18:09:25,319 - dq_advanced - INFO - Starting comprehensive validations on 100 rows, 10 columns
2026-02-14 18:09:25,328 - dq_advanced - INFO - Memory: 2882MB available, 0.0002MB/row, Optimal batch: 50000 rows
2026-02-14 18:09:25,328 - dq_advanced - INFO - Auto-calculated batch size: 50000 rows
2026-02-14 18:09:25,329 - dq_advanced - INFO - Analyzing 10 columns...
2026-02-14 18:09:25,330 - dq_advanced - INFO - Analyzed column 'transaction_id': numeric with 1 patterns
2026-02-14 18:09:25,332 - dq_advanced - INFO - Analyzed column 'account_number': numeric with 3 patterns
2026-02-14 18:09:25,334 - dq_advanced - INFO - Analyzed column 'customer_name': text with 0 patterns
2026-02-14 18:09:25,336 - dq_advanced - INFO - Analyzed column 'email': text with 1 patterns
2026-02-14 18:09:25,339 - dq_advanced - INFO - Analyzed column 'transaction_date': date with 2 patterns
2026-02-14 18:09:25,342 - dq_advanced - INFO - Analyzed column 'amount': numeric with 0 patterns
2026-02-14 18:09:25,344 - dq_advanced - INFO - Analyzed column 'currency': text with 1 patterns
2026-02-14 18:09:25,346 - dq_advanced - INFO - Analyzed column 'balance': numeric with 0 patterns
2026-02-14 18:09:25,348 - dq_advanced - INFO - Analyzed column 'status': text with 0 patterns
2026-02-14 18:09:25,350 - dq_advanced - INFO - Analyzed column 'remarks': text with 0 patterns
2026-02-14 18:09:25,374 - dq_error_log - INFO - Starting batch logging for 158 errors, session: ADV_20260214_180925_8948
2026-02-14 18:09:25,472 - dq_error_log - INFO - Batch 1: Successfully logged 158 errors
2026-02-14 18:09:25,473 - dq_error_log - INFO - Progress: 158/158 errors processed
2026-02-14 18:09:25,473 - dq_error_log - INFO - COMPLETE: Logged 158/158 errors for session ADV_20260214_180925_8948
2026-02-14 18:09:25,474 - dq_audit - INFO - Audit class initialized with database: dq_checks
2026-02-14 18:09:25,475 - dq_audit - INFO - Starting database insertion for advanced...
2026-02-14 18:09:25,549 - dq_audit - INFO - Inserted advanced record with ID: 595
2026-02-14 18:09:25,550 - dq_advanced - INFO - Audit record logged with ID: 595
2026-02-14 18:09:25,643 - dq_error_log - INFO - Retrieved 100 error logs for session ADV_20260214_180925_8948
2026-02-14 18:09:25,723 - dq_error_log - INFO - Retrieved summary: 158 total errors for session ADV_20260214_180925_8948
2026-02-14 18:09:25,724 - dq_audit - INFO - Audit class initialized with database: dq_checks
2026-02-14 18:09:25,801 - dq_audit - INFO - Retrieved 1 audit logs for session ADV_20260214_180925_8948
2026-02-14 18:09:25,803 - dq_advanced - INFO - Advanced checks completed for session ADV_20260214_180925_8948
2026-02-14 18:09:25,883 - dq_error_log - INFO - Retrieved 100 error logs for session ADV_20260214_180925_8948
2026-02-14 18:09:25,954 - dq_error_log - INFO - Retrieved summary: 158 total errors for session ADV_20260214_180925_8948
2026-02-14 18:09:26,033 - dq_audit - INFO - Retrieved 1 audit logs for session ADV_20260214_180925_8948
2026-02-14 18:09:26,034 - __main__ - INFO - Advanced checks completed for session ADV_20260214_180925_8948
2026-02-14 18:09:26,037 - __main__ - INFO - Completed with status 200 in 0.812s
2026-02-14 18:09:26,080 - __main__ - INFO - GET /api/advanced/ADV_20260214_180925_7ee714dd - Request started
2026-02-14 18:09:26,171 - dq_error_log - INFO - Retrieved 0 error logs for session ADV_20260214_180925_7ee714dd
2026-02-14 18:09:26,173 - __main__ - INFO - Completed with status 200 in 0.093s
2026-02-14 18:09:26,502 - __main__ - INFO - GET /api/advanced/ADV_20260214_180925_7ee714dd - Request started
2026-02-14 18:09:26,588 - dq_error_log - INFO - Retrieved 0 error logs for session ADV_20260214_180925_7ee714dd
2026-02-14 18:09:26,590 - __main__ - INFO - Completed with status 200 in 0.088s
2026-02-14 18:11:15,044 - __main__ - INFO - POST /api/upload - Request started
2026-02-14 18:11:15,064 - __main__ - INFO - File uploaded: 20260214_181115_finance1000.csv (csv)
2026-02-14 18:11:15,065 - __main__ - INFO - Completed with status 200 in 0.021s
2026-02-14 18:11:15,081 - __main__ - INFO - POST /api/advanced - Request started
2026-02-14 18:11:15,082 - __main__ - INFO - Advanced checks request received
2026-02-14 18:11:15,083 - __main__ - INFO - DEBUG: Received columns_input: [] (type: <class 'list'>)
2026-02-14 18:11:15,084 - __main__ - INFO - DEBUG: Using as-is: []
2026-02-14 18:11:15,085 - __main__ - INFO - Starting advanced checks for session ADV_20260214_181115_501c0c70
2026-02-14 18:11:15,087 - dq_advanced - INFO - Starting advanced checks in UI/API mode
2026-02-14 18:11:15,088 - dq_advanced - INFO - LOADING DATA FOR ADVANCED CHECKS
2026-02-14 18:11:15,090 - dq_unified - INFO - Prompting user for data source type
2026-02-14 18:11:15,090 - dq_unified - INFO - UI Data source_type: csv
2026-02-14 18:11:15,091 - dq_unified - INFO - Using source_type from UI data: csv
2026-02-14 18:11:15,091 - dq_unified - INFO - Loading data from CSV
2026-02-14 18:11:15,092 - dq_unified - INFO - Loading large CSV: C:/Users/006398/Desktop/Accilerator/BACKEND/Data_Quality_Framework/uploads/20260214_181115_finance1000.csv
2026-02-14 18:11:15,094 - dq_unified - INFO - CSV file has 1,000 rows
2026-02-14 18:11:15,095 - dq_unified - INFO - Loading 1,000 rows from CSV...
2026-02-14 18:11:15,100 - dq_unified - INFO - Loaded 1,000 rows from CSV
2026-02-14 18:11:15,110 - dq_unified - INFO - Memory optimization: 0.4MB -> 0.2MB (Saved: 0.2MB)
2026-02-14 18:11:15,112 - dq_unified - INFO - Loaded 1,000 rows, 10 columns. Memory: 71.3MB total, 0.2MB for dataframe
2026-02-14 18:11:15,112 - dq_advanced - INFO - Data loaded: 1,000 rows, 10 columns from CSV: 20260214_181115_finance1000.csv
2026-02-14 18:11:15,113 - dq_error_log - INFO - ErrorLogger initialized with database: dq_checks
2026-02-14 18:11:15,184 - dq_error_log - INFO - Database connection successful
2026-02-14 18:11:15,186 - dq_advanced - INFO - Session ID: ADV_20260214_181115_4056
2026-02-14 18:11:15,186 - dq_advanced - INFO - Starting comprehensive validations on 1,000 rows, 10 columns
2026-02-14 18:11:15,199 - dq_advanced - INFO - Memory: 3300MB available, 0.0002MB/row, Optimal batch: 50000 rows
2026-02-14 18:11:15,200 - dq_advanced - INFO - Auto-calculated batch size: 50000 rows
2026-02-14 18:11:15,200 - dq_advanced - INFO - Analyzing 10 columns...
2026-02-14 18:11:15,205 - dq_advanced - INFO - Analyzed column 'transaction_id': numeric with 1 patterns
2026-02-14 18:11:15,208 - dq_advanced - INFO - Analyzed column 'account_number': numeric with 3 patterns
2026-02-14 18:11:15,210 - dq_advanced - INFO - Analyzed column 'customer_name': text with 0 patterns
2026-02-14 18:11:15,213 - dq_advanced - INFO - Analyzed column 'email': text with 1 patterns
2026-02-14 18:11:15,217 - dq_advanced - INFO - Analyzed column 'transaction_date': date with 2 patterns
2026-02-14 18:11:15,220 - dq_advanced - INFO - Analyzed column 'amount': numeric with 0 patterns
2026-02-14 18:11:15,222 - dq_advanced - INFO - Analyzed column 'currency': text with 1 patterns
2026-02-14 18:11:15,226 - dq_advanced - INFO - Analyzed column 'balance': numeric with 0 patterns
2026-02-14 18:11:15,230 - dq_advanced - INFO - Analyzed column 'status': text with 0 patterns
2026-02-14 18:11:15,232 - dq_advanced - INFO - Analyzed column 'remarks': text with 0 patterns
2026-02-14 18:11:15,490 - dq_error_log - INFO - Starting batch logging for 1575 errors, session: ADV_20260214_181115_4056
2026-02-14 18:11:15,634 - dq_error_log - INFO - Batch 1: Successfully logged 500 errors
2026-02-14 18:11:16,079 - dq_error_log - INFO - Batch 2: Successfully logged 500 errors
2026-02-14 18:11:16,222 - dq_error_log - INFO - Batch 3: Successfully logged 500 errors
2026-02-14 18:11:16,296 - dq_error_log - INFO - Batch 4: Successfully logged 75 errors
2026-02-14 18:11:16,296 - dq_error_log - INFO - Progress: 1575/1575 errors processed
2026-02-14 18:11:16,297 - dq_error_log - INFO - COMPLETE: Logged 1575/1575 errors for session ADV_20260214_181115_4056
2026-02-14 18:11:16,298 - dq_audit - INFO - Audit class initialized with database: dq_checks
2026-02-14 18:11:16,298 - dq_audit - INFO - Starting database insertion for advanced...
2026-02-14 18:11:16,379 - dq_audit - INFO - Inserted advanced record with ID: 596
2026-02-14 18:11:16,381 - dq_advanced - INFO - Audit record logged with ID: 596
2026-02-14 18:11:16,554 - dq_error_log - INFO - Retrieved 100 error logs for session ADV_20260214_181115_4056
2026-02-14 18:11:16,633 - dq_error_log - INFO - Retrieved summary: 1575 total errors for session ADV_20260214_181115_4056
2026-02-14 18:11:16,635 - dq_audit - INFO - Audit class initialized with database: dq_checks
2026-02-14 18:11:16,712 - dq_audit - INFO - Retrieved 1 audit logs for session ADV_20260214_181115_4056
2026-02-14 18:11:16,713 - dq_advanced - INFO - Advanced checks completed for session ADV_20260214_181115_4056
2026-02-14 18:11:16,892 - dq_error_log - INFO - Retrieved 100 error logs for session ADV_20260214_181115_4056
2026-02-14 18:11:16,974 - dq_error_log - INFO - Retrieved summary: 1575 total errors for session ADV_20260214_181115_4056
2026-02-14 18:11:17,044 - dq_audit - INFO - Retrieved 1 audit logs for session ADV_20260214_181115_4056
2026-02-14 18:11:17,046 - __main__ - INFO - Advanced checks completed for session ADV_20260214_181115_4056
2026-02-14 18:11:17,049 - __main__ - INFO - Completed with status 200 in 1.969s
2026-02-14 18:11:17,091 - __main__ - INFO - GET /api/advanced/ADV_20260214_181115_501c0c70 - Request started
2026-02-14 18:11:17,179 - dq_error_log - INFO - Retrieved 0 error logs for session ADV_20260214_181115_501c0c70
2026-02-14 18:11:17,181 - __main__ - INFO - Completed with status 200 in 0.090s
2026-02-14 18:11:17,192 - __main__ - INFO - GET /api/advanced/ADV_20260214_181115_501c0c70 - Request started
2026-02-14 18:11:17,279 - dq_error_log - INFO - Retrieved 0 error logs for session ADV_20260214_181115_501c0c70
2026-02-14 18:11:17,280 - __main__ - INFO - Completed with status 200 in 0.088s
2026-02-14 18:11:50,329 - __main__ - INFO - POST /api/upload - Request started
2026-02-14 18:11:50,368 - __main__ - INFO - File uploaded: 20260214_181150_finance10000.csv (csv)
2026-02-14 18:11:50,369 - __main__ - INFO - Completed with status 200 in 0.040s
2026-02-14 18:11:50,388 - __main__ - INFO - POST /api/advanced - Request started
2026-02-14 18:11:50,389 - __main__ - INFO - Advanced checks request received
2026-02-14 18:11:50,390 - __main__ - INFO - DEBUG: Received columns_input: [] (type: <class 'list'>)
2026-02-14 18:11:50,391 - __main__ - INFO - DEBUG: Using as-is: []
2026-02-14 18:11:50,391 - __main__ - INFO - Starting advanced checks for session ADV_20260214_181150_eb62a32b
2026-02-14 18:11:50,392 - dq_advanced - INFO - Starting advanced checks in UI/API mode
2026-02-14 18:11:50,393 - dq_advanced - INFO - LOADING DATA FOR ADVANCED CHECKS
2026-02-14 18:11:50,393 - dq_unified - INFO - Prompting user for data source type
2026-02-14 18:11:50,393 - dq_unified - INFO - UI Data source_type: csv
2026-02-14 18:11:50,394 - dq_unified - INFO - Using source_type from UI data: csv
2026-02-14 18:11:50,394 - dq_unified - INFO - Loading data from CSV
2026-02-14 18:11:50,395 - dq_unified - INFO - Loading large CSV: C:/Users/006398/Desktop/Accilerator/BACKEND/Data_Quality_Framework/uploads/20260214_181150_finance10000.csv
2026-02-14 18:11:50,398 - dq_unified - INFO - CSV file has 10,000 rows
2026-02-14 18:11:50,399 - dq_unified - INFO - Loading 10,000 rows from CSV...
2026-02-14 18:11:50,417 - dq_unified - INFO - Loaded 10,000 rows from CSV
2026-02-14 18:11:50,444 - dq_unified - INFO - Memory optimization: 4.1MB -> 2.1MB (Saved: 2.0MB)
2026-02-14 18:11:50,449 - dq_unified - INFO - Loaded 10,000 rows, 10 columns. Memory: 76.6MB total, 2.1MB for dataframe
2026-02-14 18:11:50,450 - dq_advanced - INFO - Data loaded: 10,000 rows, 10 columns from CSV: 20260214_181150_finance10000.csv
2026-02-14 18:11:50,451 - dq_error_log - INFO - ErrorLogger initialized with database: dq_checks
2026-02-14 18:11:50,529 - dq_error_log - INFO - Database connection successful
2026-02-14 18:11:50,531 - dq_advanced - INFO - Session ID: ADV_20260214_181150_6886
2026-02-14 18:11:50,531 - dq_advanced - INFO - Starting comprehensive validations on 10,000 rows, 10 columns
2026-02-14 18:11:50,541 - dq_advanced - INFO - Memory: 3310MB available, 0.0004MB/row, Optimal batch: 50000 rows
2026-02-14 18:11:50,541 - dq_advanced - INFO - Auto-calculated batch size: 50000 rows
2026-02-14 18:11:50,542 - dq_advanced - INFO - Analyzing 10 columns...
2026-02-14 18:11:50,544 - dq_advanced - INFO - Analyzed column 'transaction_id': numeric with 1 patterns
2026-02-14 18:11:50,547 - dq_advanced - INFO - Analyzed column 'account_number': numeric with 3 patterns
2026-02-14 18:11:50,552 - dq_advanced - INFO - Analyzed column 'customer_name': text with 0 patterns
2026-02-14 18:11:50,558 - dq_advanced - INFO - Analyzed column 'email': text with 1 patterns
2026-02-14 18:11:50,570 - dq_advanced - INFO - Analyzed column 'transaction_date': date with 2 patterns
2026-02-14 18:11:50,578 - dq_advanced - INFO - Analyzed column 'amount': numeric with 0 patterns
2026-02-14 18:11:50,583 - dq_advanced - INFO - Analyzed column 'currency': text with 1 patterns
2026-02-14 18:11:50,586 - dq_advanced - INFO - Analyzed column 'balance': numeric with 0 patterns
2026-02-14 18:11:50,591 - dq_advanced - INFO - Analyzed column 'status': text with 0 patterns
2026-02-14 18:11:50,597 - dq_advanced - INFO - Analyzed column 'remarks': text with 0 patterns
2026-02-14 18:11:52,893 - dq_error_log - INFO - Starting batch logging for 15314 errors, session: ADV_20260214_181150_6886
2026-02-14 18:11:53,028 - dq_error_log - INFO - Batch 1: Successfully logged 500 errors
2026-02-14 18:11:53,138 - dq_error_log - INFO - Batch 2: Successfully logged 500 errors
2026-02-14 18:11:53,271 - dq_error_log - INFO - Batch 3: Successfully logged 500 errors
2026-02-14 18:11:53,400 - dq_error_log - INFO - Batch 4: Successfully logged 500 errors
2026-02-14 18:11:53,512 - dq_error_log - INFO - Batch 5: Successfully logged 500 errors
2026-02-14 18:11:53,637 - dq_error_log - INFO - Batch 6: Successfully logged 500 errors
2026-02-14 18:11:53,744 - dq_error_log - INFO - Batch 7: Successfully logged 500 errors
2026-02-14 18:11:53,902 - dq_error_log - INFO - Batch 8: Successfully logged 500 errors
2026-02-14 18:11:54,038 - dq_error_log - INFO - Batch 9: Successfully logged 500 errors
2026-02-14 18:11:54,164 - dq_error_log - INFO - Batch 10: Successfully logged 500 errors
2026-02-14 18:11:54,166 - dq_error_log - INFO - Progress: 5000/15314 errors processed
2026-02-14 18:11:54,280 - dq_error_log - INFO - Batch 11: Successfully logged 500 errors
2026-02-14 18:11:54,411 - dq_error_log - INFO - Batch 12: Successfully logged 500 errors
2026-02-14 18:11:54,537 - dq_error_log - INFO - Batch 13: Successfully logged 500 errors
2026-02-14 18:11:54,650 - dq_error_log - INFO - Batch 14: Successfully logged 500 errors
2026-02-14 18:11:54,773 - dq_error_log - INFO - Batch 15: Successfully logged 500 errors
2026-02-14 18:11:54,888 - dq_error_log - INFO - Batch 16: Successfully logged 500 errors
2026-02-14 18:11:55,000 - dq_error_log - INFO - Batch 17: Successfully logged 500 errors
2026-02-14 18:11:55,122 - dq_error_log - INFO - Batch 18: Successfully logged 500 errors
2026-02-14 18:11:55,241 - dq_error_log - INFO - Batch 19: Successfully logged 500 errors
2026-02-14 18:11:55,364 - dq_error_log - INFO - Batch 20: Successfully logged 500 errors
2026-02-14 18:11:55,367 - dq_error_log - INFO - Progress: 10000/15314 errors processed
2026-02-14 18:11:55,491 - dq_error_log - INFO - Batch 21: Successfully logged 500 errors
2026-02-14 18:11:55,631 - dq_error_log - INFO - Batch 22: Successfully logged 500 errors
2026-02-14 18:11:55,767 - dq_error_log - INFO - Batch 23: Successfully logged 500 errors
2026-02-14 18:11:55,975 - dq_error_log - INFO - Batch 24: Successfully logged 500 errors
2026-02-14 18:11:56,116 - dq_error_log - INFO - Batch 25: Successfully logged 500 errors
2026-02-14 18:11:56,240 - dq_error_log - INFO - Batch 26: Successfully logged 500 errors
2026-02-14 18:11:56,393 - dq_error_log - INFO - Batch 27: Successfully logged 500 errors
2026-02-14 18:11:56,555 - dq_error_log - INFO - Batch 28: Successfully logged 500 errors
2026-02-14 18:11:56,686 - dq_error_log - INFO - Batch 29: Successfully logged 500 errors
2026-02-14 18:11:56,829 - dq_error_log - INFO - Batch 30: Successfully logged 500 errors
2026-02-14 18:11:56,831 - dq_error_log - INFO - Progress: 15000/15314 errors processed
2026-02-14 18:11:56,942 - dq_error_log - INFO - Batch 31: Successfully logged 314 errors
2026-02-14 18:11:56,944 - dq_error_log - INFO - Progress: 15314/15314 errors processed
2026-02-14 18:11:56,945 - dq_error_log - INFO - COMPLETE: Logged 15314/15314 errors for session ADV_20260214_181150_6886
2026-02-14 18:11:56,946 - dq_audit - INFO - Audit class initialized with database: dq_checks
2026-02-14 18:11:56,947 - dq_audit - INFO - Starting database insertion for advanced...
2026-02-14 18:11:57,028 - dq_audit - INFO - Inserted advanced record with ID: 597
2026-02-14 18:11:57,029 - dq_advanced - INFO - Audit record logged with ID: 597
2026-02-14 18:11:57,300 - dq_error_log - INFO - Retrieved 100 error logs for session ADV_20260214_181150_6886
2026-02-14 18:11:57,441 - dq_error_log - INFO - Retrieved summary: 15314 total errors for session ADV_20260214_181150_6886
2026-02-14 18:11:57,443 - dq_audit - INFO - Audit class initialized with database: dq_checks
2026-02-14 18:11:57,519 - dq_audit - INFO - Retrieved 1 audit logs for session ADV_20260214_181150_6886
2026-02-14 18:11:57,521 - dq_advanced - INFO - Advanced checks completed for session ADV_20260214_181150_6886
2026-02-14 18:11:57,763 - dq_error_log - INFO - Retrieved 100 error logs for session ADV_20260214_181150_6886
2026-02-14 18:11:57,908 - dq_error_log - INFO - Retrieved summary: 15314 total errors for session ADV_20260214_181150_6886
2026-02-14 18:11:57,988 - dq_audit - INFO - Retrieved 1 audit logs for session ADV_20260214_181150_6886
2026-02-14 18:11:57,990 - __main__ - INFO - Advanced checks completed for session ADV_20260214_181150_6886
2026-02-14 18:11:57,992 - __main__ - INFO - Completed with status 200 in 7.604s
2026-02-14 18:11:58,038 - __main__ - INFO - GET /api/advanced/ADV_20260214_181150_eb62a32b - Request started
2026-02-14 18:11:58,116 - dq_error_log - INFO - Retrieved 0 error logs for session ADV_20260214_181150_eb62a32b
2026-02-14 18:11:58,119 - __main__ - INFO - Completed with status 200 in 0.081s
2026-02-14 18:11:58,129 - __main__ - INFO - GET /api/advanced/ADV_20260214_181150_eb62a32b - Request started
2026-02-14 18:11:58,218 - dq_error_log - INFO - Retrieved 0 error logs for session ADV_20260214_181150_eb62a32b
2026-02-14 18:11:58,221 - __main__ - INFO - Completed with status 200 in 0.092s
2026-02-14 18:13:17,785 - __main__ - INFO - POST /api/upload - Request started
2026-02-14 18:13:17,929 - __main__ - INFO - File uploaded: 20260214_181317_advanced_financial_perf_100000.csv (csv)
2026-02-14 18:13:17,930 - __main__ - INFO - Completed with status 200 in 0.146s
2026-02-14 18:13:17,946 - __main__ - INFO - POST /api/advanced - Request started
2026-02-14 18:13:17,947 - __main__ - INFO - Advanced checks request received
2026-02-14 18:13:17,948 - __main__ - INFO - DEBUG: Received columns_input: [] (type: <class 'list'>)
2026-02-14 18:13:17,948 - __main__ - INFO - DEBUG: Using as-is: []
2026-02-14 18:13:17,949 - __main__ - INFO - Starting advanced checks for session ADV_20260214_181317_014bb3a9
2026-02-14 18:13:17,949 - dq_advanced - INFO - Starting advanced checks in UI/API mode
2026-02-14 18:13:17,950 - dq_advanced - INFO - LOADING DATA FOR ADVANCED CHECKS
2026-02-14 18:13:17,951 - dq_unified - INFO - Prompting user for data source type
2026-02-14 18:13:17,951 - dq_unified - INFO - UI Data source_type: csv
2026-02-14 18:13:17,952 - dq_unified - INFO - Using source_type from UI data: csv
2026-02-14 18:13:17,952 - dq_unified - INFO - Loading data from CSV
2026-02-14 18:13:17,952 - dq_unified - INFO - Loading large CSV: C:/Users/006398/Desktop/Accilerator/BACKEND/Data_Quality_Framework/uploads/20260214_181317_advanced_financial_perf_100000.csv
2026-02-14 18:13:17,977 - dq_unified - INFO - CSV file has 100,000 rows
2026-02-14 18:13:17,978 - dq_unified - INFO - Loading 100,000 rows from CSV...
2026-02-14 18:13:18,140 - dq_unified - INFO - Loaded 100,000 rows from CSV
2026-02-14 18:13:18,353 - dq_unified - INFO - Memory optimization: 49.7MB -> 18.2MB (Saved: 31.6MB)
2026-02-14 18:13:18,387 - dq_unified - INFO - Loaded 100,000 rows, 10 columns. Memory: 107.0MB total, 18.2MB for dataframe
2026-02-14 18:13:18,388 - dq_advanced - INFO - Data loaded: 100,000 rows, 10 columns from CSV: 20260214_181317_advanced_financial_perf_100000.csv
2026-02-14 18:13:18,388 - dq_error_log - INFO - ErrorLogger initialized with database: dq_checks
2026-02-14 18:13:18,462 - dq_error_log - INFO - Database connection successful
2026-02-14 18:13:18,464 - dq_advanced - INFO - Session ID: ADV_20260214_181318_4473
2026-02-14 18:13:18,465 - dq_advanced - INFO - Starting comprehensive validations on 100,000 rows, 10 columns
2026-02-14 18:13:18,474 - dq_advanced - INFO - Memory: 3195MB available, 0.0002MB/row, Optimal batch: 50000 rows
2026-02-14 18:13:18,474 - dq_advanced - INFO - Auto-calculated batch size: 50000 rows
2026-02-14 18:13:18,474 - dq_advanced - INFO - Analyzing 10 columns...
2026-02-14 18:13:18,521 - dq_advanced - INFO - Analyzed column 'transaction_id': text with 1 patterns
2026-02-14 18:13:18,551 - dq_advanced - INFO - Analyzed column 'customer_id': text with 1 patterns
2026-02-14 18:13:18,563 - dq_advanced - INFO - Analyzed column 'account_number': numeric with 2 patterns
2026-02-14 18:13:18,576 - dq_advanced - INFO - Analyzed column 'transaction_date': date with 2 patterns
2026-02-14 18:13:18,584 - dq_advanced - INFO - Analyzed column 'posting_date': date with 2 patterns
2026-02-14 18:13:18,637 - dq_advanced - INFO - Analyzed column 'transaction_amount': numeric with 0 patterns
2026-02-14 18:13:18,668 - dq_advanced - INFO - Analyzed column 'currency': text with 1 patterns
2026-02-14 18:13:18,723 - dq_advanced - INFO - Analyzed column 'balance': numeric with 0 patterns
2026-02-14 18:13:18,758 - dq_advanced - INFO - Analyzed column 'merchant_name': text with 0 patterns
2026-02-14 18:13:18,788 - dq_advanced - INFO - Analyzed column 'transaction_type': text with 0 patterns
2026-02-14 18:14:01,183 - dq_error_log - INFO - Starting batch logging for 29169 errors, session: ADV_20260214_181318_4473
2026-02-14 18:14:01,302 - dq_error_log - INFO - Batch 1: Successfully logged 500 errors
2026-02-14 18:14:01,426 - dq_error_log - INFO - Batch 2: Successfully logged 500 errors
2026-02-14 18:14:01,567 - dq_error_log - INFO - Batch 3: Successfully logged 500 errors
2026-02-14 18:14:01,723 - dq_error_log - INFO - Batch 4: Successfully logged 500 errors
2026-02-14 18:14:01,861 - dq_error_log - INFO - Batch 5: Successfully logged 500 errors
2026-02-14 18:14:02,004 - dq_error_log - INFO - Batch 6: Successfully logged 500 errors
2026-02-14 18:14:02,141 - dq_error_log - INFO - Batch 7: Successfully logged 500 errors
2026-02-14 18:14:02,275 - dq_error_log - INFO - Batch 8: Successfully logged 500 errors
2026-02-14 18:14:02,469 - dq_error_log - INFO - Batch 9: Successfully logged 500 errors
2026-02-14 18:14:02,609 - dq_error_log - INFO - Batch 10: Successfully logged 500 errors
2026-02-14 18:14:02,611 - dq_error_log - INFO - Progress: 5000/29169 errors processed
2026-02-14 18:14:02,736 - dq_error_log - INFO - Batch 11: Successfully logged 500 errors
2026-02-14 18:14:02,884 - dq_error_log - INFO - Batch 12: Successfully logged 500 errors
2026-02-14 18:14:03,028 - dq_error_log - INFO - Batch 13: Successfully logged 500 errors
2026-02-14 18:14:03,163 - dq_error_log - INFO - Batch 14: Successfully logged 500 errors
2026-02-14 18:14:03,316 - dq_error_log - INFO - Batch 15: Successfully logged 500 errors
2026-02-14 18:14:03,467 - dq_error_log - INFO - Batch 16: Successfully logged 500 errors
2026-02-14 18:14:03,587 - dq_error_log - INFO - Batch 17: Successfully logged 500 errors
2026-02-14 18:14:03,729 - dq_error_log - INFO - Batch 18: Successfully logged 500 errors
2026-02-14 18:14:03,878 - dq_error_log - INFO - Batch 19: Successfully logged 500 errors
2026-02-14 18:14:04,312 - dq_error_log - INFO - Batch 20: Successfully logged 500 errors
2026-02-14 18:14:04,313 - dq_error_log - INFO - Progress: 10000/29169 errors processed
2026-02-14 18:14:04,456 - dq_error_log - INFO - Batch 21: Successfully logged 500 errors
2026-02-14 18:14:04,913 - dq_error_log - INFO - Batch 22: Successfully logged 500 errors
2026-02-14 18:14:05,061 - dq_error_log - INFO - Batch 23: Successfully logged 500 errors
2026-02-14 18:14:05,268 - dq_error_log - INFO - Batch 24: Successfully logged 500 errors
2026-02-14 18:14:05,391 - dq_error_log - INFO - Batch 25: Successfully logged 500 errors
2026-02-14 18:14:05,530 - dq_error_log - INFO - Batch 26: Successfully logged 500 errors
2026-02-14 18:14:05,671 - dq_error_log - INFO - Batch 27: Successfully logged 500 errors
2026-02-14 18:14:06,126 - dq_error_log - INFO - Batch 28: Successfully logged 500 errors
2026-02-14 18:14:06,255 - dq_error_log - INFO - Batch 29: Successfully logged 500 errors
2026-02-14 18:14:06,397 - dq_error_log - INFO - Batch 30: Successfully logged 500 errors
2026-02-14 18:14:06,400 - dq_error_log - INFO - Progress: 15000/29169 errors processed
2026-02-14 18:14:06,536 - dq_error_log - INFO - Batch 31: Successfully logged 500 errors
2026-02-14 18:14:06,663 - dq_error_log - INFO - Batch 32: Successfully logged 500 errors
2026-02-14 18:14:06,810 - dq_error_log - INFO - Batch 33: Successfully logged 500 errors
2026-02-14 18:14:06,957 - dq_error_log - INFO - Batch 34: Successfully logged 500 errors
2026-02-14 18:14:07,099 - dq_error_log - INFO - Batch 35: Successfully logged 500 errors
2026-02-14 18:14:07,246 - dq_error_log - INFO - Batch 36: Successfully logged 500 errors
2026-02-14 18:14:07,391 - dq_error_log - INFO - Batch 37: Successfully logged 500 errors
2026-02-14 18:14:07,531 - dq_error_log - INFO - Batch 38: Successfully logged 500 errors
2026-02-14 18:14:07,673 - dq_error_log - INFO - Batch 39: Successfully logged 500 errors
2026-02-14 18:14:07,859 - dq_error_log - INFO - Batch 40: Successfully logged 500 errors
2026-02-14 18:14:07,861 - dq_error_log - INFO - Progress: 20000/29169 errors processed
2026-02-14 18:14:08,008 - dq_error_log - INFO - Batch 41: Successfully logged 500 errors
2026-02-14 18:14:08,149 - dq_error_log - INFO - Batch 42: Successfully logged 500 errors
2026-02-14 18:14:08,287 - dq_error_log - INFO - Batch 43: Successfully logged 500 errors
2026-02-14 18:14:08,430 - dq_error_log - INFO - Batch 44: Successfully logged 500 errors
2026-02-14 18:14:08,573 - dq_error_log - INFO - Batch 45: Successfully logged 500 errors
2026-02-14 18:14:08,707 - dq_error_log - INFO - Batch 46: Successfully logged 500 errors
2026-02-14 18:14:08,848 - dq_error_log - INFO - Batch 47: Successfully logged 500 errors
2026-02-14 18:14:08,989 - dq_error_log - INFO - Batch 48: Successfully logged 500 errors
2026-02-14 18:14:09,134 - dq_error_log - INFO - Batch 49: Successfully logged 500 errors
2026-02-14 18:14:09,262 - dq_error_log - INFO - Batch 50: Successfully logged 500 errors
2026-02-14 18:14:09,264 - dq_error_log - INFO - Progress: 25000/29169 errors processed
2026-02-14 18:14:09,398 - dq_error_log - INFO - Batch 51: Successfully logged 500 errors
2026-02-14 18:14:09,538 - dq_error_log - INFO - Batch 52: Successfully logged 500 errors
2026-02-14 18:14:09,674 - dq_error_log - INFO - Batch 53: Successfully logged 500 errors
2026-02-14 18:14:09,810 - dq_error_log - INFO - Batch 54: Successfully logged 500 errors
2026-02-14 18:14:09,996 - dq_error_log - INFO - Batch 55: Successfully logged 500 errors
2026-02-14 18:14:10,136 - dq_error_log - INFO - Batch 56: Successfully logged 500 errors
2026-02-14 18:14:10,267 - dq_error_log - INFO - Batch 57: Successfully logged 500 errors
2026-02-14 18:14:10,400 - dq_error_log - INFO - Batch 58: Successfully logged 500 errors
2026-02-14 18:14:10,506 - dq_error_log - INFO - Batch 59: Successfully logged 169 errors
2026-02-14 18:14:10,508 - dq_error_log - INFO - Progress: 29169/29169 errors processed
2026-02-14 18:14:10,509 - dq_error_log - INFO - COMPLETE: Logged 29169/29169 errors for session ADV_20260214_181318_4473
2026-02-14 18:14:10,510 - dq_audit - INFO - Audit class initialized with database: dq_checks
2026-02-14 18:14:10,511 - dq_audit - INFO - Starting database insertion for advanced...
2026-02-14 18:14:10,580 - dq_audit - INFO - Inserted advanced record with ID: 598
2026-02-14 18:14:10,583 - dq_advanced - INFO - Audit record logged with ID: 598
2026-02-14 18:14:10,950 - dq_error_log - INFO - Retrieved 100 error logs for session ADV_20260214_181318_4473
2026-02-14 18:14:11,164 - dq_error_log - INFO - Retrieved summary: 29169 total errors for session ADV_20260214_181318_4473
2026-02-14 18:14:11,166 - dq_audit - INFO - Audit class initialized with database: dq_checks
2026-02-14 18:14:11,242 - dq_audit - INFO - Retrieved 1 audit logs for session ADV_20260214_181318_4473
2026-02-14 18:14:11,244 - dq_advanced - INFO - Advanced checks completed for session ADV_20260214_181318_4473
2026-02-14 18:14:11,531 - dq_error_log - INFO - Retrieved 100 error logs for session ADV_20260214_181318_4473
2026-02-14 18:14:11,743 - dq_error_log - INFO - Retrieved summary: 29169 total errors for session ADV_20260214_181318_4473
2026-02-14 18:14:11,821 - dq_audit - INFO - Retrieved 1 audit logs for session ADV_20260214_181318_4473
2026-02-14 18:14:11,823 - __main__ - INFO - Advanced checks completed for session ADV_20260214_181318_4473
2026-02-14 18:14:11,942 - __main__ - INFO - Completed with status 200 in 53.996s
2026-02-14 18:14:12,322 - __main__ - INFO - GET /api/advanced/ADV_20260214_181317_014bb3a9 - Request started
2026-02-14 18:14:12,403 - dq_error_log - INFO - Retrieved 0 error logs for session ADV_20260214_181317_014bb3a9
2026-02-14 18:14:12,405 - __main__ - INFO - Completed with status 200 in 0.083s
2026-02-14 18:14:12,585 - __main__ - INFO - GET /api/advanced/ADV_20260214_181317_014bb3a9 - Request started
2026-02-14 18:14:12,661 - dq_error_log - INFO - Retrieved 0 error logs for session ADV_20260214_181317_014bb3a9
2026-02-14 18:14:12,663 - __main__ - INFO - Completed with status 200 in 0.078s
2026-02-14 18:22:46,960 - __main__ - INFO - POST /api/upload - Request started
2026-02-14 18:22:46,983 - __main__ - INFO - File uploaded: 20260214_182246_advanced_financial_batch_15000.csv (csv)
2026-02-14 18:22:46,984 - __main__ - INFO - Completed with status 200 in 0.024s
2026-02-14 18:22:47,194 - __main__ - INFO - POST /api/advanced - Request started
2026-02-14 18:22:47,195 - __main__ - INFO - Advanced checks request received
2026-02-14 18:22:47,196 - __main__ - INFO - DEBUG: Received columns_input: [] (type: <class 'list'>)
2026-02-14 18:22:47,197 - __main__ - INFO - DEBUG: Using as-is: []
2026-02-14 18:22:47,197 - __main__ - INFO - Starting advanced checks for session ADV_20260214_182247_735fbe3b
2026-02-14 18:22:47,198 - dq_advanced - INFO - Starting advanced checks in UI/API mode
2026-02-14 18:22:47,198 - dq_advanced - INFO - LOADING DATA FOR ADVANCED CHECKS
2026-02-14 18:22:47,200 - dq_unified - INFO - Prompting user for data source type
2026-02-14 18:22:47,200 - dq_unified - INFO - UI Data source_type: csv
2026-02-14 18:22:47,201 - dq_unified - INFO - Using source_type from UI data: csv
2026-02-14 18:22:47,201 - dq_unified - INFO - Loading data from CSV
2026-02-14 18:22:47,202 - dq_unified - INFO - Loading large CSV: C:/Users/006398/Desktop/Accilerator/BACKEND/Data_Quality_Framework/uploads/20260214_182246_advanced_financial_batch_15000.csv
2026-02-14 18:22:47,206 - dq_unified - INFO - CSV file has 15,000 rows
2026-02-14 18:22:47,207 - dq_unified - INFO - Loading 15,000 rows from CSV...
2026-02-14 18:22:47,232 - dq_unified - INFO - Loaded 15,000 rows from CSV
2026-02-14 18:22:47,261 - dq_unified - INFO - Memory optimization: 7.4MB -> 2.8MB (Saved: 4.7MB)
2026-02-14 18:22:47,268 - dq_unified - INFO - Loaded 15,000 rows, 10 columns. Memory: 127.4MB total, 2.8MB for dataframe
2026-02-14 18:22:47,269 - dq_advanced - INFO - Data loaded: 15,000 rows, 10 columns from CSV: 20260214_182246_advanced_financial_batch_15000.csv
2026-02-14 18:22:47,269 - dq_error_log - INFO - ErrorLogger initialized with database: dq_checks
2026-02-14 18:22:47,333 - dq_error_log - INFO - Database connection successful
2026-02-14 18:22:47,334 - dq_advanced - INFO - Session ID: ADV_20260214_182247_9653
2026-02-14 18:22:47,335 - dq_advanced - INFO - Starting comprehensive validations on 15,000 rows, 10 columns
2026-02-14 18:22:47,346 - dq_advanced - INFO - Memory: 3682MB available, 0.0002MB/row, Optimal batch: 50000 rows
2026-02-14 18:22:47,347 - dq_advanced - INFO - Auto-calculated batch size: 50000 rows
2026-02-14 18:22:47,347 - dq_advanced - INFO - Analyzing 10 columns...
2026-02-14 18:22:47,358 - dq_advanced - INFO - Analyzed column 'transaction_id': text with 1 patterns
2026-02-14 18:22:47,364 - dq_advanced - INFO - Analyzed column 'customer_id': text with 1 patterns
2026-02-14 18:22:47,366 - dq_advanced - INFO - Analyzed column 'account_number': numeric with 2 patterns
2026-02-14 18:22:47,368 - dq_advanced - INFO - Analyzed column 'transaction_date': date with 2 patterns
2026-02-14 18:22:47,371 - dq_advanced - INFO - Analyzed column 'posting_date': date with 2 patterns
2026-02-14 18:22:47,379 - dq_advanced - INFO - Analyzed column 'transaction_amount': numeric with 0 patterns
2026-02-14 18:22:47,384 - dq_advanced - INFO - Analyzed column 'currency': text with 1 patterns
2026-02-14 18:22:47,393 - dq_advanced - INFO - Analyzed column 'balance': numeric with 0 patterns
2026-02-14 18:22:47,400 - dq_advanced - INFO - Analyzed column 'merchant_name': text with 0 patterns
2026-02-14 18:22:47,406 - dq_advanced - INFO - Analyzed column 'transaction_type': text with 0 patterns
2026-02-14 18:22:53,444 - dq_error_log - INFO - Starting batch logging for 4375 errors, session: ADV_20260214_182247_9653
2026-02-14 18:22:53,594 - dq_error_log - INFO - Batch 1: Successfully logged 500 errors
2026-02-14 18:22:53,711 - dq_error_log - INFO - Batch 2: Successfully logged 500 errors
2026-02-14 18:22:53,833 - dq_error_log - INFO - Batch 3: Successfully logged 500 errors
2026-02-14 18:22:53,962 - dq_error_log - INFO - Batch 4: Successfully logged 500 errors
2026-02-14 18:22:54,096 - dq_error_log - INFO - Batch 5: Successfully logged 500 errors
2026-02-14 18:22:54,208 - dq_error_log - INFO - Batch 6: Successfully logged 500 errors
2026-02-14 18:22:54,337 - dq_error_log - INFO - Batch 7: Successfully logged 500 errors
2026-02-14 18:22:54,458 - dq_error_log - INFO - Batch 8: Successfully logged 500 errors
2026-02-14 18:22:54,573 - dq_error_log - INFO - Batch 9: Successfully logged 375 errors
2026-02-14 18:22:54,575 - dq_error_log - INFO - Progress: 4375/4375 errors processed
2026-02-14 18:22:54,575 - dq_error_log - INFO - COMPLETE: Logged 4375/4375 errors for session ADV_20260214_182247_9653
2026-02-14 18:22:54,576 - dq_audit - INFO - Audit class initialized with database: dq_checks
2026-02-14 18:22:54,576 - dq_audit - INFO - Starting database insertion for advanced...
2026-02-14 18:22:54,649 - dq_audit - INFO - Inserted advanced record with ID: 599
2026-02-14 18:22:54,651 - dq_advanced - INFO - Audit record logged with ID: 599
2026-02-14 18:22:54,811 - dq_error_log - INFO - Retrieved 100 error logs for session ADV_20260214_182247_9653
2026-02-14 18:22:54,890 - dq_error_log - INFO - Retrieved summary: 4375 total errors for session ADV_20260214_182247_9653
2026-02-14 18:22:54,892 - dq_audit - INFO - Audit class initialized with database: dq_checks
2026-02-14 18:22:54,958 - dq_audit - INFO - Retrieved 1 audit logs for session ADV_20260214_182247_9653
2026-02-14 18:22:54,959 - dq_advanced - INFO - Advanced checks completed for session ADV_20260214_182247_9653
2026-02-14 18:22:55,108 - dq_error_log - INFO - Retrieved 100 error logs for session ADV_20260214_182247_9653
2026-02-14 18:22:55,196 - dq_error_log - INFO - Retrieved summary: 4375 total errors for session ADV_20260214_182247_9653
2026-02-14 18:22:55,270 - dq_audit - INFO - Retrieved 1 audit logs for session ADV_20260214_182247_9653
2026-02-14 18:22:55,272 - __main__ - INFO - Advanced checks completed for session ADV_20260214_182247_9653
2026-02-14 18:22:55,287 - __main__ - INFO - Completed with status 200 in 8.093s
2026-02-14 18:27:33,343 - __main__ - INFO - POST /api/upload - Request started
2026-02-14 18:27:33,354 - __main__ - INFO - File uploaded: 20260214_182733_advanced_financial_logic_15.csv (csv)
2026-02-14 18:27:33,355 - __main__ - INFO - Completed with status 200 in 0.012s
2026-02-14 18:27:33,569 - __main__ - INFO - POST /api/advanced - Request started
2026-02-14 18:27:33,570 - __main__ - INFO - Advanced checks request received
2026-02-14 18:27:33,570 - __main__ - INFO - DEBUG: Received columns_input: [] (type: <class 'list'>)
2026-02-14 18:27:33,571 - __main__ - INFO - DEBUG: Using as-is: []
2026-02-14 18:27:33,572 - __main__ - INFO - Starting advanced checks for session ADV_20260214_182733_2c968543
2026-02-14 18:27:33,573 - dq_advanced - INFO - Starting advanced checks in UI/API mode
2026-02-14 18:27:33,573 - dq_advanced - INFO - LOADING DATA FOR ADVANCED CHECKS
2026-02-14 18:27:33,574 - dq_unified - INFO - Prompting user for data source type
2026-02-14 18:27:33,574 - dq_unified - INFO - UI Data source_type: csv
2026-02-14 18:27:33,574 - dq_unified - INFO - Using source_type from UI data: csv
2026-02-14 18:27:33,574 - dq_unified - INFO - Loading data from CSV
2026-02-14 18:27:33,575 - dq_unified - INFO - Loading large CSV: C:/Users/006398/Desktop/Accilerator/BACKEND/Data_Quality_Framework/uploads/20260214_182733_advanced_financial_logic_15.csv
2026-02-14 18:27:33,578 - dq_unified - INFO - CSV file has 15 rows
2026-02-14 18:27:33,579 - dq_unified - INFO - Loading 15 rows from CSV...
2026-02-14 18:27:33,586 - dq_unified - INFO - Loaded 15 rows from CSV
2026-02-14 18:27:33,592 - dq_unified - INFO - Memory optimization: 0.0MB -> 0.0MB (Saved: 0.0MB)
2026-02-14 18:27:33,594 - dq_unified - INFO - Loaded 15 rows, 10 columns. Memory: 129.3MB total, 0.0MB for dataframe
2026-02-14 18:27:33,594 - dq_advanced - INFO - Data loaded: 15 rows, 10 columns from CSV: 20260214_182733_advanced_financial_logic_15.csv
2026-02-14 18:27:33,594 - dq_error_log - INFO - ErrorLogger initialized with database: dq_checks
2026-02-14 18:27:33,689 - dq_error_log - INFO - Database connection successful
2026-02-14 18:27:33,691 - dq_advanced - INFO - Session ID: ADV_20260214_182733_4530
2026-02-14 18:27:33,691 - dq_advanced - INFO - Starting comprehensive validations on 15 rows, 10 columns
2026-02-14 18:27:33,700 - dq_advanced - INFO - Memory: 3653MB available, 0.0004MB/row, Optimal batch: 50000 rows
2026-02-14 18:27:33,701 - dq_advanced - INFO - Auto-calculated batch size: 50000 rows
2026-02-14 18:27:33,701 - dq_advanced - INFO - Analyzing 10 columns...
2026-02-14 18:27:33,702 - dq_advanced - INFO - Analyzed column 'transaction_id': text with 1 patterns
2026-02-14 18:27:33,703 - dq_advanced - INFO - Analyzed column 'customer_id': text with 1 patterns
2026-02-14 18:27:33,705 - dq_advanced - INFO - Analyzed column 'account_number': numeric with 1 patterns
2026-02-14 18:27:33,705 - dq_advanced - INFO - Analyzed column 'transaction_date': text with 0 patterns
2026-02-14 18:27:33,706 - dq_advanced - INFO - Analyzed column 'posting_date': text with 0 patterns
2026-02-14 18:27:33,707 - dq_advanced - INFO - Analyzed column 'transaction_amount': numeric with 0 patterns
2026-02-14 18:27:33,709 - dq_advanced - INFO - Analyzed column 'currency': text with 1 patterns
2026-02-14 18:27:33,710 - dq_advanced - INFO - Analyzed column 'balance': numeric with 0 patterns
2026-02-14 18:27:33,711 - dq_advanced - INFO - Analyzed column 'merchant_name': text with 0 patterns
2026-02-14 18:27:33,712 - dq_advanced - INFO - Analyzed column 'transaction_type': text with 0 patterns
2026-02-14 18:27:33,712 - dq_error_log - INFO - Starting batch logging for 9 errors, session: ADV_20260214_182733_4530
2026-02-14 18:27:33,785 - dq_error_log - INFO - Batch 1: Successfully logged 9 errors
2026-02-14 18:27:33,786 - dq_error_log - INFO - Progress: 9/9 errors processed
2026-02-14 18:27:33,786 - dq_error_log - INFO - COMPLETE: Logged 9/9 errors for session ADV_20260214_182733_4530
2026-02-14 18:27:33,787 - dq_audit - INFO - Audit class initialized with database: dq_checks
2026-02-14 18:27:33,787 - dq_audit - INFO - Starting database insertion for advanced...
2026-02-14 18:27:33,891 - dq_audit - INFO - Inserted advanced record with ID: 600
2026-02-14 18:27:33,893 - dq_advanced - INFO - Audit record logged with ID: 600
2026-02-14 18:27:33,979 - dq_error_log - INFO - Retrieved 9 error logs for session ADV_20260214_182733_4530
2026-02-14 18:27:34,063 - dq_error_log - INFO - Retrieved summary: 9 total errors for session ADV_20260214_182733_4530
2026-02-14 18:27:34,065 - dq_audit - INFO - Audit class initialized with database: dq_checks
2026-02-14 18:27:34,144 - dq_audit - INFO - Retrieved 1 audit logs for session ADV_20260214_182733_4530
2026-02-14 18:27:34,145 - dq_advanced - INFO - Advanced checks completed for session ADV_20260214_182733_4530
2026-02-14 18:27:34,215 - dq_error_log - INFO - Retrieved 9 error logs for session ADV_20260214_182733_4530
2026-02-14 18:27:34,297 - dq_error_log - INFO - Retrieved summary: 9 total errors for session ADV_20260214_182733_4530
2026-02-14 18:27:34,388 - dq_audit - INFO - Retrieved 1 audit logs for session ADV_20260214_182733_4530
2026-02-14 18:27:34,388 - __main__ - INFO - Advanced checks completed for session ADV_20260214_182733_4530
2026-02-14 18:27:34,390 - __main__ - INFO - Completed with status 200 in 0.822s
2026-02-14 18:27:52,952 - __main__ - INFO - POST /api/upload - Request started
2026-02-14 18:27:52,992 - __main__ - INFO - File uploaded: 20260214_182752_advanced_financial_batch_15000.csv (csv)
2026-02-14 18:27:52,994 - __main__ - INFO - Completed with status 200 in 0.043s
2026-02-14 18:27:53,013 - __main__ - INFO - POST /api/advanced - Request started
2026-02-14 18:27:53,015 - __main__ - INFO - Advanced checks request received
2026-02-14 18:27:53,016 - __main__ - INFO - DEBUG: Received columns_input: [] (type: <class 'list'>)
2026-02-14 18:27:53,017 - __main__ - INFO - DEBUG: Using as-is: []
2026-02-14 18:27:53,018 - __main__ - INFO - Starting advanced checks for session ADV_20260214_182753_60ee06aa
2026-02-14 18:27:53,019 - dq_advanced - INFO - Starting advanced checks in UI/API mode
2026-02-14 18:27:53,020 - dq_advanced - INFO - LOADING DATA FOR ADVANCED CHECKS
2026-02-14 18:27:53,020 - dq_unified - INFO - Prompting user for data source type
2026-02-14 18:27:53,021 - dq_unified - INFO - UI Data source_type: csv
2026-02-14 18:27:53,022 - dq_unified - INFO - Using source_type from UI data: csv
2026-02-14 18:27:53,023 - dq_unified - INFO - Loading data from CSV
2026-02-14 18:27:53,023 - dq_unified - INFO - Loading large CSV: C:/Users/006398/Desktop/Accilerator/BACKEND/Data_Quality_Framework/uploads/20260214_182752_advanced_financial_batch_15000.csv
2026-02-14 18:27:53,030 - dq_unified - INFO - CSV file has 15,000 rows
2026-02-14 18:27:53,031 - dq_unified - INFO - Loading 15,000 rows from CSV...
2026-02-14 18:27:53,073 - dq_unified - INFO - Loaded 15,000 rows from CSV
2026-02-14 18:27:53,113 - dq_unified - INFO - Memory optimization: 7.4MB -> 2.8MB (Saved: 4.7MB)
2026-02-14 18:27:53,121 - dq_unified - INFO - Loaded 15,000 rows, 10 columns. Memory: 128.3MB total, 2.8MB for dataframe
2026-02-14 18:27:53,122 - dq_advanced - INFO - Data loaded: 15,000 rows, 10 columns from CSV: 20260214_182752_advanced_financial_batch_15000.csv
2026-02-14 18:27:53,122 - dq_error_log - INFO - ErrorLogger initialized with database: dq_checks
2026-02-14 18:27:53,210 - dq_error_log - INFO - Database connection successful
2026-02-14 18:27:53,211 - dq_advanced - INFO - Session ID: ADV_20260214_182753_1158
2026-02-14 18:27:53,212 - dq_advanced - INFO - Starting comprehensive validations on 15,000 rows, 10 columns
2026-02-14 18:27:53,224 - dq_advanced - INFO - Memory: 3626MB available, 0.0002MB/row, Optimal batch: 50000 rows
2026-02-14 18:27:53,225 - dq_advanced - INFO - Auto-calculated batch size: 50000 rows
2026-02-14 18:27:53,226 - dq_advanced - INFO - Analyzing 10 columns...
2026-02-14 18:27:53,237 - dq_advanced - INFO - Analyzed column 'transaction_id': text with 1 patterns
2026-02-14 18:27:53,248 - dq_advanced - INFO - Analyzed column 'customer_id': text with 1 patterns
2026-02-14 18:27:53,252 - dq_advanced - INFO - Analyzed column 'account_number': numeric with 2 patterns
2026-02-14 18:27:53,257 - dq_advanced - INFO - Analyzed column 'transaction_date': date with 2 patterns
2026-02-14 18:27:53,263 - dq_advanced - INFO - Analyzed column 'posting_date': date with 2 patterns
2026-02-14 18:27:53,277 - dq_advanced - INFO - Analyzed column 'transaction_amount': numeric with 0 patterns
2026-02-14 18:27:53,286 - dq_advanced - INFO - Analyzed column 'currency': text with 1 patterns
2026-02-14 18:27:53,299 - dq_advanced - INFO - Analyzed column 'balance': numeric with 0 patterns
2026-02-14 18:27:53,309 - dq_advanced - INFO - Analyzed column 'merchant_name': text with 0 patterns
2026-02-14 18:27:53,318 - dq_advanced - INFO - Analyzed column 'transaction_type': text with 0 patterns
2026-02-14 18:28:00,535 - dq_error_log - INFO - Starting batch logging for 4375 errors, session: ADV_20260214_182753_1158
2026-02-14 18:28:00,668 - dq_error_log - INFO - Batch 1: Successfully logged 500 errors
2026-02-14 18:28:00,810 - dq_error_log - INFO - Batch 2: Successfully logged 500 errors
2026-02-14 18:28:01,048 - dq_error_log - INFO - Batch 3: Successfully logged 500 errors
2026-02-14 18:28:01,199 - dq_error_log - INFO - Batch 4: Successfully logged 500 errors
2026-02-14 18:28:01,346 - dq_error_log - INFO - Batch 5: Successfully logged 500 errors
2026-02-14 18:28:01,486 - dq_error_log - INFO - Batch 6: Successfully logged 500 errors
2026-02-14 18:28:01,624 - dq_error_log - INFO - Batch 7: Successfully logged 500 errors
2026-02-14 18:28:01,772 - dq_error_log - INFO - Batch 8: Successfully logged 500 errors
2026-02-14 18:28:01,888 - dq_error_log - INFO - Batch 9: Successfully logged 375 errors
2026-02-14 18:28:01,890 - dq_error_log - INFO - Progress: 4375/4375 errors processed
2026-02-14 18:28:01,890 - dq_error_log - INFO - COMPLETE: Logged 4375/4375 errors for session ADV_20260214_182753_1158
2026-02-14 18:28:01,891 - dq_audit - INFO - Audit class initialized with database: dq_checks
2026-02-14 18:28:01,892 - dq_audit - INFO - Starting database insertion for advanced...
2026-02-14 18:28:01,982 - dq_audit - INFO - Inserted advanced record with ID: 601
2026-02-14 18:28:01,984 - dq_advanced - INFO - Audit record logged with ID: 601
2026-02-14 18:28:02,148 - dq_error_log - INFO - Retrieved 100 error logs for session ADV_20260214_182753_1158
2026-02-14 18:28:02,238 - dq_error_log - INFO - Retrieved summary: 4375 total errors for session ADV_20260214_182753_1158
2026-02-14 18:28:02,240 - dq_audit - INFO - Audit class initialized with database: dq_checks
2026-02-14 18:28:02,324 - dq_audit - INFO - Retrieved 1 audit logs for session ADV_20260214_182753_1158
2026-02-14 18:28:02,325 - dq_advanced - INFO - Advanced checks completed for session ADV_20260214_182753_1158
2026-02-14 18:28:02,503 - dq_error_log - INFO - Retrieved 100 error logs for session ADV_20260214_182753_1158
2026-02-14 18:28:02,609 - dq_error_log - INFO - Retrieved summary: 4375 total errors for session ADV_20260214_182753_1158
2026-02-14 18:28:02,696 - dq_audit - INFO - Retrieved 1 audit logs for session ADV_20260214_182753_1158
2026-02-14 18:28:02,698 - __main__ - INFO - Advanced checks completed for session ADV_20260214_182753_1158
2026-02-14 18:28:02,722 - __main__ - INFO - Completed with status 200 in 9.709s
