2026-02-05 14:40:26,763 - __main__ - INFO - 🌐 API Server Logging Initialized
2026-02-05 14:40:26,763 - __main__ - INFO - 📝 Logs saved to: logs/dq_api_20260205_144026.log
2026-02-05 14:40:26,892 - __main__ - INFO - APP_SETTINGS loaded. Audit enabled: True
2026-02-05 14:40:26,893 - __main__ - INFO - ✅ All DQ modules loaded successfully
2026-02-05 14:40:26,898 - dq_error_log - INFO - ErrorLogger initialized with database: dq_checks
2026-02-05 14:40:26,899 - dq_audit - INFO - Audit class initialized with database: dq_checks
2026-02-05 14:40:26,899 - __main__ - INFO - ✅ ErrorLogger and DataQualityAudit initialized
2026-02-05 14:40:26,922 - __main__ - INFO - 🚀 Starting Data Quality Framework API
2026-02-05 14:40:26,924 - __main__ - INFO - 📊 Modules available: True
2026-02-05 14:40:26,927 - __main__ - INFO - 🔧 Config file mode: False
2026-02-05 14:40:26,928 - __main__ - INFO - 📋 Available endpoints:
2026-02-05 14:40:26,929 - __main__ - INFO -   GET  /              - API status
2026-02-05 14:40:26,930 - __main__ - INFO -   GET  /api/health    - Health check
2026-02-05 14:40:26,931 - __main__ - INFO -   POST /api/check-single - Single source analysis
2026-02-05 14:40:26,931 - __main__ - INFO -   POST /api/compare   - Source-target comparison
2026-02-05 14:40:26,934 - __main__ - INFO -   GET  /api/compare/{id} - Get comparison results
2026-02-05 14:40:26,935 - __main__ - INFO -   GET  /api/compare/{id}/mismatches - Paginated mismatches
2026-02-05 14:40:26,936 - __main__ - INFO -   GET  /api/compare/{id}/rows/count - Row counts
2026-02-05 14:40:26,938 - __main__ - INFO -   POST /api/upload    - File upload
2026-02-05 14:40:26,939 - __main__ - INFO -   GET  /api/sessions  - List sessions
2026-02-05 14:40:26,940 - __main__ - INFO -   GET  /api/sessions/<id> - Get session data
2026-02-05 14:40:26,941 - __main__ - INFO -   GET  /api/debug-db  - Database debug
2026-02-05 14:40:26,943 - __main__ - INFO - 🌍 Server starting on 0.0.0.0:5000 (debug=False)
2026-02-05 14:41:30,676 - __main__ - INFO - POST /api/upload - Request started
2026-02-05 14:41:30,790 - __main__ - INFO - File uploaded: 20260205_144130_product_master_9k.xlsx (excel)
2026-02-05 14:41:30,793 - __main__ - INFO - Completed with status 200 in 0.116s
2026-02-05 14:41:30,906 - __main__ - INFO - POST /api/upload - Request started
2026-02-05 14:41:30,929 - __main__ - INFO - File uploaded: 20260205_144130_product_master_10k.csv (csv)
2026-02-05 14:41:30,930 - __main__ - INFO - Completed with status 200 in 0.024s
2026-02-05 14:41:31,122 - __main__ - INFO - POST /api/compare - Request started
2026-02-05 14:41:31,123 - __main__ - INFO - Comparison request - Source: csv, Target: csv
2026-02-05 14:41:31,124 - __main__ - INFO - Comparison analysis request received
2026-02-05 14:41:31,126 - __main__ - INFO - DEBUG source_data from nested: {'source_type': 'csv', 'source_file_path': 'uploads\\20260205_144130_product_master_9k.xlsx'}
2026-02-05 14:41:31,127 - __main__ - INFO - Starting comparison for session CMP_20260205_144131
2026-02-05 14:41:31,128 - dq_comparison - INFO - Starting comparison analysis in UI mode
2026-02-05 14:41:31,129 - dq_comparison - INFO - LOADING SOURCE AND TARGET DATA
2026-02-05 14:41:31,129 - dq_comparison - INFO - 
==================================================
2026-02-05 14:41:31,130 - dq_comparison - INFO - 🔗 SOURCE DATA CONFIGURATION
2026-02-05 14:41:31,130 - dq_comparison - INFO - ==================================================
2026-02-05 14:41:31,130 - dq_comparison - INFO - DEBUG load_csv_source called for SOURCE
2026-02-05 14:41:31,132 - dq_comparison - INFO - DEBUG: Using file_path from 'file_path': uploads\20260205_144130_product_master_9k.xlsx
2026-02-05 14:41:31,137 - dq_comparison - ERROR - Error loading SOURCE CSV: 'utf-8' codec can't decode bytes in position 15-16: invalid continuation byte
2026-02-05 14:41:31,137 - dq_comparison - INFO - 
==================================================
2026-02-05 14:41:31,138 - dq_comparison - INFO - 🔗 TARGET DATA CONFIGURATION
2026-02-05 14:41:31,139 - dq_comparison - INFO - ==================================================
2026-02-05 14:41:31,140 - dq_comparison - INFO - DEBUG load_csv_source called for TARGET
2026-02-05 14:41:31,140 - dq_comparison - INFO - DEBUG: Using file_path from 'target_file_path': uploads\20260205_144130_product_master_10k.csv
2026-02-05 14:41:31,172 - dq_comparison - INFO - TARGET CSV loaded: 10,000 rows, 13 columns
2026-02-05 14:41:31,172 - dq_comparison - ERROR - Failed to load source or target data
2026-02-05 14:41:31,174 - __main__ - WARNING - Comparison completed with errors: Failed to load source or target data
2026-02-05 14:41:31,174 - __main__ - INFO - Completed with status 200 in 0.052s
2026-02-05 14:42:54,517 - __main__ - INFO - POST /api/upload - Request started
2026-02-05 14:42:54,631 - __main__ - INFO - File uploaded: 20260205_144254_product_master_9k.xlsx (excel)
2026-02-05 14:42:54,632 - __main__ - INFO - Completed with status 200 in 0.115s
2026-02-05 14:42:54,648 - __main__ - INFO - POST /api/upload - Request started
2026-02-05 14:42:54,682 - __main__ - INFO - File uploaded: 20260205_144254_product_master_10k.csv (csv)
2026-02-05 14:42:54,684 - __main__ - INFO - Completed with status 200 in 0.035s
2026-02-05 14:42:54,697 - __main__ - INFO - POST /api/compare - Request started
2026-02-05 14:42:54,698 - __main__ - INFO - Comparison request - Source: excel, Target: csv
2026-02-05 14:42:54,699 - __main__ - INFO - Comparison analysis request received
2026-02-05 14:42:54,701 - __main__ - INFO - DEBUG source_data from nested: {'source_type': 'excel', 'source_file_path': 'uploads\\20260205_144254_product_master_9k.xlsx'}
2026-02-05 14:42:54,703 - __main__ - INFO - Starting comparison for session CMP_20260205_144254
2026-02-05 14:42:54,703 - dq_comparison - INFO - Starting comparison analysis in UI mode
2026-02-05 14:42:54,705 - dq_comparison - INFO - LOADING SOURCE AND TARGET DATA
2026-02-05 14:42:54,706 - dq_comparison - INFO - 
==================================================
2026-02-05 14:42:54,707 - dq_comparison - INFO - 🔗 SOURCE DATA CONFIGURATION
2026-02-05 14:42:54,708 - dq_comparison - INFO - ==================================================
2026-02-05 14:42:54,708 - dq_comparison - INFO - DEBUG load_excel_source called for SOURCE
2026-02-05 14:42:54,709 - dq_comparison - INFO - DEBUG ui_data: {'source_type': 'excel', 'source_file_path': 'uploads\\20260205_144254_product_master_9k.xlsx', 'file_path': 'uploads\\20260205_144254_product_master_9k.xlsx', 'sheet_name': None}
2026-02-05 14:42:54,709 - dq_comparison - INFO - DEBUG ui_data type: <class 'dict'>
2026-02-05 14:42:54,710 - dq_comparison - INFO - DEBUG Found file_path in ui_data: uploads\20260205_144254_product_master_9k.xlsx
2026-02-05 14:43:00,418 - dq_comparison - INFO - SOURCE Excel loaded: 8,999 rows, 13 columns
2026-02-05 14:43:00,420 - dq_comparison - INFO - 
==================================================
2026-02-05 14:43:00,421 - dq_comparison - INFO - 🔗 TARGET DATA CONFIGURATION
2026-02-05 14:43:00,422 - dq_comparison - INFO - ==================================================
2026-02-05 14:43:00,423 - dq_comparison - INFO - DEBUG load_csv_source called for TARGET
2026-02-05 14:43:00,425 - dq_comparison - INFO - DEBUG: Using file_path from 'target_file_path': uploads\20260205_144254_product_master_10k.csv
2026-02-05 14:43:00,473 - dq_comparison - INFO - TARGET CSV loaded: 10,000 rows, 13 columns
2026-02-05 14:43:00,473 - dq_comparison - INFO - Source data loaded: 8999 rows, 13 columns
2026-02-05 14:43:00,475 - dq_comparison - INFO - Target data loaded: 10000 rows, 13 columns
2026-02-05 14:43:00,475 - dq_comparison - INFO - SELECTING COLUMNS FOR COMPARISON
2026-02-05 14:43:00,476 - dq_comparison - INFO - Source columns (original): ['ProductID', 'ProductName', 'Category', 'SubCategory', 'Brand', 'UOM', 'Length_cm', 'Width_cm', 'Height_cm', 'Weight_kg', 'Price', 'CountryOfOrigin', 'Barcode']
2026-02-05 14:43:00,477 - dq_comparison - INFO - Target columns (original): ['ProductID', 'ProductName', 'Category', 'SubCategory', 'Brand', 'UOM', 'Length_cm', 'Width_cm', 'Height_cm', 'Weight_kg', 'Price', 'CountryOfOrigin', 'Barcode']
2026-02-05 14:43:00,479 - dq_comparison - INFO - Common columns lowercased: ['weight_kg', 'height_cm', 'productid', 'length_cm', 'category', 'productname', 'subcategory', 'barcode', 'width_cm', 'uom', 'countryoforigin', 'price', 'brand']
2026-02-05 14:43:00,480 - dq_comparison - INFO - Found 13 common columns between source and target (case-insensitive)
2026-02-05 14:43:00,480 - dq_comparison - INFO - User column selection input: all
2026-02-05 14:43:00,482 - dq_comparison - INFO - User selected ALL common columns for comparison
2026-02-05 14:43:00,482 - dq_comparison - INFO - Selected 13 columns for comparison: ['Weight_kg', 'Height_cm', 'ProductID', 'Length_cm', 'Category']...
2026-02-05 14:43:00,484 - dq_comparison - INFO - GENERATING COMPREHENSIVE COMPARISON REPORT
2026-02-05 14:43:00,484 - dq_comparison - INFO - Report details - Source: Excel: 20260205_144254_product_master_9k.xlsx (product_master_9k), Target: CSV: 20260205_144254_product_master_10k.csv, Selected columns: 13
2026-02-05 14:43:00,485 - dq_comparison - INFO - Initializing Error Logger...
2026-02-05 14:43:00,485 - dq_error_log - INFO - ErrorLogger initialized with database: dq_checks
2026-02-05 14:43:00,844 - dq_error_log - INFO - Database connection successful
2026-02-05 14:43:00,846 - dq_comparison - INFO - Session ID: CMP_20260205_144300
2026-02-05 14:43:00,847 - dq_comparison - WARNING - ❌ Row count mismatch: Source=8,999, Target=10,000, Difference=1,001
2026-02-05 14:43:00,847 - dq_comparison - WARNING -    Extra in target: 1,001 rows
2026-02-05 14:43:00,848 - dq_comparison - INFO - Comparing column structures...
2026-02-05 14:43:00,850 - dq_comparison - INFO - Column structure comparison complete. Match: True
2026-02-05 14:43:00,851 - dq_comparison - INFO - Validating primary key/unique fields...
2026-02-05 14:43:00,851 - dq_comparison - INFO - Auto-detecting key fields from data...
2026-02-05 14:43:00,898 - dq_comparison - INFO - Auto-detected common key fields: ['ProductID', 'Weight_kg', 'ProductName']
2026-02-05 14:43:00,905 - dq_comparison - INFO - Primary key validation passed for fields: ['ProductID', 'Weight_kg', 'ProductName']
2026-02-05 14:43:00,907 - dq_comparison - INFO - Primary key validation complete. Status: VALIDATION_PASSED
2026-02-05 14:43:00,908 - dq_comparison - INFO - Comparing table-level metadata...
2026-02-05 14:43:00,999 - dq_comparison - INFO - Table metadata comparison complete. Match: False
2026-02-05 14:43:01,000 - dq_comparison - INFO - SECOND CHECK: HASH-BASED COMPARISON WITH PERFECT NORMALIZATION
2026-02-05 14:43:01,059 - dq_comparison - INFO - Starting comparison of 18,999 total rows...
2026-02-05 14:43:01,060 - dq_comparison - INFO - === DEBUG: DATA TYPE CHECK ===
2026-02-05 14:43:01,061 - dq_comparison - INFO - Column: Weight_kg
2026-02-05 14:43:01,062 - dq_comparison - INFO -   Source type: <class 'numpy.float64'>, value: 11.406860484272212
2026-02-05 14:43:01,063 - dq_comparison - INFO -   Target type: <class 'numpy.float64'>, value: 11.406860484272212
2026-02-05 14:43:01,066 - dq_comparison - INFO -   Normalized: '11.4068604843' vs '11.4068604843'
2026-02-05 14:43:01,067 - dq_comparison - INFO -   Match: True
2026-02-05 14:43:01,068 - dq_comparison - INFO - Column: Height_cm
2026-02-05 14:43:01,069 - dq_comparison - INFO -   Source type: <class 'numpy.int64'>, value: 131
2026-02-05 14:43:01,069 - dq_comparison - INFO -   Target type: <class 'numpy.int64'>, value: 131
2026-02-05 14:43:01,071 - dq_comparison - INFO -   Normalized: '131' vs '131'
2026-02-05 14:43:01,072 - dq_comparison - INFO -   Match: True
2026-02-05 14:43:01,072 - dq_comparison - INFO - Column: ProductID
2026-02-05 14:43:01,073 - dq_comparison - INFO -   Source type: <class 'numpy.int64'>, value: 1001
2026-02-05 14:43:01,074 - dq_comparison - INFO -   Target type: <class 'numpy.int64'>, value: 1001
2026-02-05 14:43:01,076 - dq_comparison - INFO -   Normalized: '1001' vs '1001'
2026-02-05 14:43:01,076 - dq_comparison - INFO -   Match: True
2026-02-05 14:43:01,078 - dq_comparison - INFO - Source DF columns: ['ProductID', 'ProductName', 'Category', 'SubCategory', 'Brand', 'UOM', 'Length_cm', 'Width_cm', 'Height_cm', 'Weight_kg', 'Price', 'CountryOfOrigin', 'Barcode']
2026-02-05 14:43:01,079 - dq_comparison - INFO - Target DF columns: ['ProductID', 'ProductName', 'Category', 'SubCategory', 'Brand', 'UOM', 'Length_cm', 'Width_cm', 'Height_cm', 'Weight_kg', 'Price', 'CountryOfOrigin', 'Barcode']
2026-02-05 14:43:01,080 - dq_comparison - INFO - Selected columns for comparison: ['Weight_kg', 'Height_cm', 'ProductID', 'Length_cm', 'Category', 'ProductName', 'SubCategory', 'Barcode', 'Width_cm', 'UOM', 'CountryOfOrigin', 'Price', 'Brand']
2026-02-05 14:43:01,080 - dq_comparison - INFO - Using 13 common columns for hash comparison
2026-02-05 14:43:01,081 - dq_comparison - INFO - Source columns: ['Weight_kg', 'Height_cm', 'ProductID', 'Length_cm', 'Category', 'ProductName', 'SubCategory', 'Barcode', 'Width_cm', 'UOM', 'CountryOfOrigin', 'Price', 'Brand']
2026-02-05 14:43:01,081 - dq_comparison - INFO - Target columns: ['Weight_kg', 'Height_cm', 'ProductID', 'Length_cm', 'Category', 'ProductName', 'SubCategory', 'Barcode', 'Width_cm', 'UOM', 'CountryOfOrigin', 'Price', 'Brand']
2026-02-05 14:43:01,083 - dq_comparison - INFO - Generating hashes for source data (8999 rows)...
2026-02-05 14:43:02,405 - dq_comparison - INFO -    Hashing source data: 10.0% complete (1,900/18,999 rows)
2026-02-05 14:43:03,688 - dq_comparison - INFO -    Hashing source data: 20.0% complete (3,800/18,999 rows)
2026-02-05 14:43:04,539 - dq_comparison - INFO -    Hashing source data: 30.0% complete (5,700/18,999 rows)
2026-02-05 14:43:05,409 - dq_comparison - INFO -    Hashing source data: 40.0% complete (7,600/18,999 rows)
2026-02-05 14:43:06,033 - dq_comparison - INFO - === DEBUG: SAMPLE HASHES ===
2026-02-05 14:43:06,034 - dq_comparison - INFO - Hash 1: 5785e10e73347d98... (sample row 0)
2026-02-05 14:43:06,035 - dq_comparison - INFO - Hash 2: 1c854579c294e2e7... (sample row 1)
2026-02-05 14:43:06,035 - dq_comparison - INFO - Hash 3: 72196ede3efa0d75... (sample row 2)
2026-02-05 14:43:06,035 - dq_comparison - INFO - Generating hashes for target data (10000 rows)...
2026-02-05 14:43:06,254 - dq_comparison - INFO -    Hashing target data: 50.0% complete (9,500/18,999 rows)
2026-02-05 14:43:07,382 - dq_comparison - INFO -    Hashing target data: 60.0% complete (11,400/18,999 rows)
2026-02-05 14:43:08,566 - dq_comparison - INFO -    Hashing target data: 70.0% complete (13,300/18,999 rows)
2026-02-05 14:43:09,415 - dq_comparison - INFO -    Hashing target data: 80.0% complete (15,200/18,999 rows)
2026-02-05 14:43:10,205 - dq_comparison - INFO -    Hashing target data: 90.0% complete (17,100/18,999 rows)
2026-02-05 14:43:10,994 - dq_comparison - INFO - 
======================================================================
2026-02-05 14:43:10,995 - dq_comparison - INFO - 🔍 DEBUG: ANALYZING WHY HASHES DON'T MATCH
2026-02-05 14:43:10,996 - dq_comparison - INFO - ======================================================================
2026-02-05 14:43:10,996 - dq_comparison - INFO - 
--- Analyzing Row 0 ---
2026-02-05 14:43:10,998 - dq_comparison - INFO - Column 'Weight_kg' → 'Weight_kg':
2026-02-05 14:43:10,999 - dq_comparison - INFO -   Source: '11.406860484272212' (type: float64) → '11.4068604843'
2026-02-05 14:43:11,000 - dq_comparison - INFO -   Target: '11.406860484272212' (type: float64) → '11.4068604843'
2026-02-05 14:43:11,000 - dq_comparison - INFO -   Match after normalization: ✅ YES
2026-02-05 14:43:11,001 - dq_comparison - INFO - Column 'Height_cm' → 'Height_cm':
2026-02-05 14:43:11,001 - dq_comparison - INFO -   Source: '131' (type: int64) → '131'
2026-02-05 14:43:11,002 - dq_comparison - INFO -   Target: '131' (type: int64) → '131'
2026-02-05 14:43:11,002 - dq_comparison - INFO -   Match after normalization: ✅ YES
2026-02-05 14:43:11,003 - dq_comparison - INFO - Column 'ProductID' → 'ProductID':
2026-02-05 14:43:11,004 - dq_comparison - INFO -   Source: '1001' (type: int64) → '1001'
2026-02-05 14:43:11,004 - dq_comparison - INFO -   Target: '1001' (type: int64) → '1001'
2026-02-05 14:43:11,005 - dq_comparison - INFO -   Match after normalization: ✅ YES
2026-02-05 14:43:11,005 - dq_comparison - INFO - Column 'Length_cm' → 'Length_cm':
2026-02-05 14:43:11,006 - dq_comparison - INFO -   Source: '139' (type: int64) → '139'
2026-02-05 14:43:11,007 - dq_comparison - INFO -   Target: '139' (type: int64) → '139'
2026-02-05 14:43:11,007 - dq_comparison - INFO -   Match after normalization: ✅ YES
2026-02-05 14:43:11,009 - dq_comparison - INFO - Column 'Category' → 'Category':
2026-02-05 14:43:11,009 - dq_comparison - INFO -   Source: 'Apparel' (type: str) → 'apparel'
2026-02-05 14:43:11,010 - dq_comparison - INFO -   Target: 'Apparel' (type: str) → 'apparel'
2026-02-05 14:43:11,010 - dq_comparison - INFO -   Match after normalization: ✅ YES
2026-02-05 14:43:11,011 - dq_comparison - INFO - 
Hash components for Row 0:
2026-02-05 14:43:11,012 - dq_comparison - INFO - Source hash string start: 11.4068604843|131|1001...
2026-02-05 14:43:11,012 - dq_comparison - INFO - Target hash string start: 11.4068604843|131|1001...
2026-02-05 14:43:11,013 - dq_comparison - INFO - Same? ✅ YES
2026-02-05 14:43:11,013 - dq_comparison - INFO - 
--- Analyzing Row 1 ---
2026-02-05 14:43:11,014 - dq_comparison - INFO - Column 'Weight_kg' → 'Weight_kg':
2026-02-05 14:43:11,015 - dq_comparison - INFO -   Source: '6.274001814155059' (type: float64) → '6.2740018142'
2026-02-05 14:43:11,017 - dq_comparison - INFO -   Target: '6.274001814155059' (type: float64) → '6.2740018142'
2026-02-05 14:43:11,017 - dq_comparison - INFO -   Match after normalization: ✅ YES
2026-02-05 14:43:11,018 - dq_comparison - INFO - Column 'Height_cm' → 'Height_cm':
2026-02-05 14:43:11,018 - dq_comparison - INFO -   Source: '-1' (type: int64) → '-1'
2026-02-05 14:43:11,018 - dq_comparison - INFO -   Target: '-1' (type: int64) → '-1'
2026-02-05 14:43:11,019 - dq_comparison - INFO -   Match after normalization: ✅ YES
2026-02-05 14:43:11,020 - dq_comparison - INFO - Column 'ProductID' → 'ProductID':
2026-02-05 14:43:11,021 - dq_comparison - INFO -   Source: '1002' (type: int64) → '1002'
2026-02-05 14:43:11,022 - dq_comparison - INFO -   Target: '1002' (type: int64) → '1002'
2026-02-05 14:43:11,022 - dq_comparison - INFO -   Match after normalization: ✅ YES
2026-02-05 14:43:11,023 - dq_comparison - INFO - Column 'Length_cm' → 'Length_cm':
2026-02-05 14:43:11,024 - dq_comparison - INFO -   Source: '66' (type: int64) → '66'
2026-02-05 14:43:11,024 - dq_comparison - INFO -   Target: '66' (type: int64) → '66'
2026-02-05 14:43:11,025 - dq_comparison - INFO -   Match after normalization: ✅ YES
2026-02-05 14:43:11,026 - dq_comparison - INFO - Column 'Category' → 'Category':
2026-02-05 14:43:11,026 - dq_comparison - INFO -   Source: 'Appliances' (type: str) → 'appliances'
2026-02-05 14:43:11,027 - dq_comparison - INFO -   Target: 'Appliances' (type: str) → 'appliances'
2026-02-05 14:43:11,027 - dq_comparison - INFO -   Match after normalization: ✅ YES
2026-02-05 14:43:11,028 - dq_comparison - INFO - 
Hash components for Row 1:
2026-02-05 14:43:11,029 - dq_comparison - INFO - Source hash string start: 6.2740018142|-1|1002...
2026-02-05 14:43:11,030 - dq_comparison - INFO - Target hash string start: 6.2740018142|-1|1002...
2026-02-05 14:43:11,030 - dq_comparison - INFO - Same? ✅ YES
2026-02-05 14:43:11,030 - dq_comparison - INFO - 
--- Analyzing Row 2 ---
2026-02-05 14:43:11,032 - dq_comparison - INFO - Column 'Weight_kg' → 'Weight_kg':
2026-02-05 14:43:11,033 - dq_comparison - INFO -   Source: '6.376870485395735' (type: float64) → '6.3768704854'
2026-02-05 14:43:11,033 - dq_comparison - INFO -   Target: '6.376870485395735' (type: float64) → '6.3768704854'
2026-02-05 14:43:11,033 - dq_comparison - INFO -   Match after normalization: ✅ YES
2026-02-05 14:43:11,034 - dq_comparison - INFO - Column 'Height_cm' → 'Height_cm':
2026-02-05 14:43:11,034 - dq_comparison - INFO -   Source: '66' (type: int64) → '66'
2026-02-05 14:43:11,035 - dq_comparison - INFO -   Target: '66' (type: int64) → '66'
2026-02-05 14:43:11,035 - dq_comparison - INFO -   Match after normalization: ✅ YES
2026-02-05 14:43:11,036 - dq_comparison - INFO - Column 'ProductID' → 'ProductID':
2026-02-05 14:43:11,037 - dq_comparison - INFO -   Source: '1003' (type: int64) → '1003'
2026-02-05 14:43:11,038 - dq_comparison - INFO -   Target: '1003' (type: int64) → '1003'
2026-02-05 14:43:11,039 - dq_comparison - INFO -   Match after normalization: ✅ YES
2026-02-05 14:43:11,040 - dq_comparison - INFO - Column 'Length_cm' → 'Length_cm':
2026-02-05 14:43:11,040 - dq_comparison - INFO -   Source: '86' (type: int64) → '86'
2026-02-05 14:43:11,041 - dq_comparison - INFO -   Target: '86' (type: int64) → '86'
2026-02-05 14:43:11,042 - dq_comparison - INFO -   Match after normalization: ✅ YES
2026-02-05 14:43:11,043 - dq_comparison - INFO - Column 'Category' → 'Category':
2026-02-05 14:43:11,043 - dq_comparison - INFO -   Source: 'Appliances' (type: str) → 'appliances'
2026-02-05 14:43:11,045 - dq_comparison - INFO -   Target: 'Appliances' (type: str) → 'appliances'
2026-02-05 14:43:11,045 - dq_comparison - INFO -   Match after normalization: ✅ YES
2026-02-05 14:43:11,045 - dq_comparison - INFO - 
Hash components for Row 2:
2026-02-05 14:43:11,047 - dq_comparison - INFO - Source hash string start: 6.3768704854|66|1003...
2026-02-05 14:43:11,047 - dq_comparison - INFO - Target hash string start: 6.3768704854|66|1003...
2026-02-05 14:43:11,048 - dq_comparison - INFO - Same? ✅ YES
2026-02-05 14:43:11,049 - dq_comparison - INFO - 
--- Column Data Types Analysis ---
2026-02-05 14:43:11,050 - dq_comparison - INFO - Column 1: 'Weight_kg' (float64) ↔ 'Weight_kg' (float64)
2026-02-05 14:43:11,050 - dq_comparison - INFO -   Sample: Source='11.406860484272212', Target='11.406860484272212'
2026-02-05 14:43:11,050 - dq_comparison - INFO - Column 2: 'Height_cm' (int64) ↔ 'Height_cm' (int64)
2026-02-05 14:43:11,051 - dq_comparison - INFO -   Sample: Source='131', Target='131'
2026-02-05 14:43:11,052 - dq_comparison - INFO - Column 3: 'ProductID' (int64) ↔ 'ProductID' (int64)
2026-02-05 14:43:11,052 - dq_comparison - INFO -   Sample: Source='1001', Target='1001'
2026-02-05 14:43:11,053 - dq_comparison - INFO - Column 4: 'Length_cm' (int64) ↔ 'Length_cm' (int64)
2026-02-05 14:43:11,054 - dq_comparison - INFO -   Sample: Source='139', Target='139'
2026-02-05 14:43:11,054 - dq_comparison - INFO - Column 5: 'Category' (object) ↔ 'Category' (object)
2026-02-05 14:43:11,056 - dq_comparison - INFO -   Sample: Source='Apparel', Target='Apparel'
2026-02-05 14:43:11,056 - dq_comparison - INFO - PERFORMING DETAILED ROW-LEVEL COMPARISON WITH PAGINATION...
2026-02-05 14:43:11,059 - dq_comparison - INFO - Found 1,005 total mismatches
2026-02-05 14:43:11,061 - dq_comparison - INFO - Will process detailed comparisons for first 1,005 rows
2026-02-05 14:43:18,533 - dq_comparison - INFO - Progress: 500/1,005 rows (7.5s)
2026-02-05 14:43:27,338 - dq_comparison - INFO - Progress: 1,000/1,005 rows (16.3s)
2026-02-05 14:43:27,434 - dq_comparison - INFO - 
================================================================================
2026-02-05 14:43:27,435 - dq_comparison - INFO - DETAILED MISMATCH SUMMARY:
2026-02-05 14:43:27,436 - dq_comparison - INFO -   Total mismatches found: 1003
2026-02-05 14:43:27,436 - dq_comparison - INFO -   Detailed comparisons logged: 1003
2026-02-05 14:43:27,437 - dq_comparison - INFO -   First 10 rows displayed above
2026-02-05 14:43:27,438 - dq_comparison - INFO -   All mismatches stored in database with complete data
2026-02-05 14:43:27,439 - dq_comparison - INFO -   Use API to retrieve all 1003 mismatches
2026-02-05 14:43:27,439 - dq_comparison - INFO - ================================================================================
2026-02-05 14:43:27,449 - dq_comparison - INFO - Hash-based Comparison Results (with duplicate handling):
2026-02-05 14:43:27,450 - dq_comparison - INFO -   • Unique source hashes: 8999
2026-02-05 14:43:27,450 - dq_comparison - INFO -   • Unique target hashes: 10000
2026-02-05 14:43:27,452 - dq_comparison - INFO -   • Common hashes: 8997
2026-02-05 14:43:27,452 - dq_comparison - INFO -   • Common rows (counting duplicates): 8,997
2026-02-05 14:43:27,453 - dq_comparison - INFO -   • Rows only in source (counting duplicates): 2
2026-02-05 14:43:27,454 - dq_comparison - INFO -   • Rows only in target (counting duplicates): 1,003
2026-02-05 14:43:27,466 - dq_comparison - INFO - HASH-ONLY COMPARISON COMPLETED
2026-02-05 14:43:27,466 - dq_comparison - INFO - Returning counts for simple scoring:
2026-02-05 14:43:27,467 - dq_comparison - INFO -   Common rows: 8,997
2026-02-05 14:43:27,468 - dq_comparison - INFO -   Unique to source: 2
2026-02-05 14:43:27,469 - dq_comparison - INFO -   Unique to target: 1,003
2026-02-05 14:43:27,470 - dq_comparison - INFO -   Value mismatches: 13065
2026-02-05 14:43:27,470 - dq_comparison - INFO -   Missing rows: 2
2026-02-05 14:43:27,472 - dq_comparison - INFO -   Extra rows: 1,003
2026-02-05 14:43:27,473 - dq_comparison - INFO - 
========================================================================================================================
COMPARISON: Excel (20260205_144254_product_master_9k.xlsx (product_master_9k)) vs CSV (20260205_144254_product_master_10k.csv)
========================================================================================================================
Row   | Diff Count | Source (Sample)                          | Target (Sample)                         
------------------------------------------------------------------------------------------------------------------------
8996  | 1          | Weight_kg: 6.0440640993485095            | Weight_kg: 6.0440640993485095           
8999  | 1          | Weight_kg: 1.728838253915784             | Weight_kg: 1.728838253915784            
9001  | 13         | Weight_kg: NULL                          | Weight_kg: 9.32632837                   
9002  | 13         | Weight_kg: NULL                          | Weight_kg: 6.580484988164409            
9003  | 13         | Weight_kg: NULL                          | Weight_kg: -0.211467826                 
9004  | 13         | Weight_kg: NULL                          | Weight_kg: 1.037186531629235            
9005  | 13         | Weight_kg: NULL                          | Weight_kg: 3.252276028590048            
9006  | 13         | Weight_kg: NULL                          | Weight_kg: 6.6019851722020935           
9007  | 13         | Weight_kg: NULL                          | Weight_kg: 1.9331787452443807           
9008  | 13         | Weight_kg: NULL                          | Weight_kg: -0.118711946                 
------------------------------------------------------------------------------------------------------------------------
Showing 1-10 of 1003 mismatched rows. Use API for complete data.
========================================================================================================================
2026-02-05 14:43:27,474 - dq_comparison - INFO - Returning enhanced mismatch structure with 1003 detailed mismatches
2026-02-05 14:43:27,484 - dq_comparison - INFO - New structure: 100 detailed mismatches
2026-02-05 14:43:27,485 - dq_comparison - INFO - Analyzing data quality metrics...
2026-02-05 14:43:36,728 - dq_comparison - INFO - Null values - Source: 486 (0.42%), Target: 534 (0.41%)
2026-02-05 14:43:36,760 - dq_comparison - INFO - Duplicate rows (normalized) - Source: 0, Target: 0
2026-02-05 14:43:36,806 - dq_error_log - INFO - Retrieved 100 error logs for session CMP_20260205_144300
2026-02-05 14:43:36,807 - dq_comparison - INFO - 
📊 SIMPLE SCORING CALCULATION:
2026-02-05 14:43:36,808 - dq_comparison - INFO -   Source rows: 8999
2026-02-05 14:43:36,808 - dq_comparison - INFO -   Common rows (matched): 8997
2026-02-05 14:43:36,808 - dq_comparison - INFO -   Calculation: (8997 / 8999) * 100 = 99.98%
2026-02-05 14:43:36,809 - dq_comparison - INFO -   Explanation: 8997 matched rows out of 8999 total source rows
2026-02-05 14:43:36,810 - dq_comparison - INFO - 
=== AUDIT LOGGING SECTION ===
2026-02-05 14:43:36,810 - dq_comparison - INFO - 🔍 Audit logging is ENABLED in APP_SETTINGS
2026-02-05 14:43:36,812 - dq_audit - INFO - Audit class initialized with database: dq_checks
2026-02-05 14:43:36,813 - dq_comparison - INFO - Attempting to log audit record for session: CMP_20260205_144300
2026-02-05 14:43:36,813 - dq_audit - INFO - Starting database insertion for comparison...
2026-02-05 14:43:36,833 - dq_audit - INFO - Inserted comparison record with ID: 891
2026-02-05 14:43:36,834 - dq_comparison - INFO - ✅ Audit record logged successfully (ID: 891)
2026-02-05 14:43:36,876 - dq_error_log - INFO - Retrieved 100 error logs for session CMP_20260205_144300
2026-02-05 14:43:36,897 - dq_error_log - INFO - Retrieved summary: 1003 total errors for session CMP_20260205_144300
2026-02-05 14:43:36,898 - dq_audit - INFO - Audit class initialized with database: dq_checks
2026-02-05 14:43:36,916 - dq_audit - INFO - Retrieved 1 audit logs for session CMP_20260205_144300
2026-02-05 14:43:36,917 - dq_comparison - INFO - 
🔍 Final results verification:
2026-02-05 14:43:36,918 - dq_comparison - INFO -    Session ID: CMP_20260205_144300
2026-02-05 14:43:36,919 - dq_comparison - INFO -    DQ Score (Simple %): 99.98%
2026-02-05 14:43:36,919 - dq_comparison - INFO -    Source rows: 8999
2026-02-05 14:43:36,919 - dq_comparison - INFO -    Matched rows: 8997
2026-02-05 14:43:36,921 - dq_comparison - INFO -    Calculation: (8997 / 8999) * 100
2026-02-05 14:43:36,922 - dq_comparison - INFO - Comparison analysis completed successfully
2026-02-05 14:43:36,943 - dq_audit - INFO - Retrieved 1 audit logs for session CMP_20260205_144300
2026-02-05 14:43:36,996 - dq_error_log - INFO - Retrieved 200 error logs for session CMP_20260205_144300
2026-02-05 14:43:37,021 - dq_error_log - INFO - Retrieved summary: 1003 total errors for session CMP_20260205_144300
2026-02-05 14:43:37,072 - __main__ - INFO - Completed with status 200 in 42.375s
