2026-01-05 23:02:08,184 - __main__ - INFO - 🌐 API Server Logging Initialized
2026-01-05 23:02:08,185 - __main__ - INFO - 📝 Logs saved to: logs/dq_api_20260105_230208.log
2026-01-05 23:02:08,248 - __main__ - INFO - APP_SETTINGS loaded. Audit enabled: True
2026-01-05 23:02:08,250 - __main__ - INFO - ✅ All DQ modules loaded successfully
2026-01-05 23:02:08,254 - dq_error_log - INFO - ErrorLogger initialized with database: dq_checks
2026-01-05 23:02:08,255 - dq_audit - INFO - Audit class initialized with database: dq_checks
2026-01-05 23:02:08,255 - __main__ - INFO - ✅ ErrorLogger and DataQualityAudit initialized
2026-01-05 23:02:08,264 - __main__ - INFO - 🚀 Starting Data Quality Framework API
2026-01-05 23:02:08,265 - __main__ - INFO - 📊 Modules available: True
2026-01-05 23:02:08,265 - __main__ - INFO - 🔧 Config file mode: False
2026-01-05 23:02:08,266 - __main__ - INFO - 📋 Available endpoints:
2026-01-05 23:02:08,267 - __main__ - INFO -   GET  /              - API status
2026-01-05 23:02:08,268 - __main__ - INFO -   GET  /api/health    - Health check
2026-01-05 23:02:08,269 - __main__ - INFO -   POST /api/check-single - Single source analysis
2026-01-05 23:02:08,269 - __main__ - INFO -   POST /api/compare   - Source-target comparison
2026-01-05 23:02:08,270 - __main__ - INFO -   POST /api/upload    - File upload
2026-01-05 23:02:08,272 - __main__ - INFO -   GET  /api/sessions  - List sessions
2026-01-05 23:02:08,272 - __main__ - INFO -   GET  /api/sessions/<id> - Get session data
2026-01-05 23:02:08,273 - __main__ - INFO -   GET  /api/debug-db  - Database debug
2026-01-05 23:02:08,274 - __main__ - INFO - 🌍 Server starting on 0.0.0.0:5000 (debug=False)
2026-01-05 23:02:14,193 - __main__ - INFO - POST /api/database-hierarchy - Request started
2026-01-05 23:02:14,196 - __main__ - INFO - Getting database hierarchy for postgresql
2026-01-05 23:02:14,197 - __main__ - INFO - Database: Not provided
2026-01-05 23:02:14,199 - __main__ - INFO - Schema: Not provided
2026-01-05 23:02:14,200 - database_navigator - INFO - DatabaseNavigator initialized
2026-01-05 23:02:14,201 - __main__ - INFO - Connecting with config: {'host': 'localhost', 'port': 5432, 'user': 'postgres', 'password': 'postgres'}
2026-01-05 23:02:14,201 - database_navigator - INFO - Connecting to POSTGRESQL...
2026-01-05 23:02:14,204 - database_navigator - INFO - Connecting to PostgreSQL...
2026-01-05 23:02:14,207 - database_navigator - INFO - Connecting to PostgreSQL: host=localhost, port=5432, database=postgres, user=postgres
2026-01-05 23:02:14,402 - database_navigator - INFO - Connection object created: <connection object at 0x00000261C3F80040; dsn: 'user=postgres password=xxx dbname=postgres host=localhost port=5432', closed: 0>
2026-01-05 23:02:14,405 - database_navigator - INFO - ✅ PostgreSQL connection successful to database: postgres
2026-01-05 23:02:14,409 - __main__ - INFO - Getting databases list...
2026-01-05 23:02:14,412 - database_navigator - INFO - get_databases() called. db_type: postgresql, connection exists: True
2026-01-05 23:02:14,414 - database_navigator - INFO - DEBUG: Checking connection - self.connection = <connection object at 0x00000261C3F80040; dsn: 'user=postgres password=xxx dbname=postgres host=localhost port=5432', closed: 0>
2026-01-05 23:02:14,416 - database_navigator - INFO - Found 0 databases
2026-01-05 23:02:14,416 - __main__ - INFO - Found 0 databases
2026-01-05 23:02:14,419 - __main__ - INFO - Completed with status 200 in 0.226s
