2025-12-26 19:20:13,921 - __main__ - INFO - 🌐 API Server Logging Initialized
2025-12-26 19:20:13,922 - __main__ - INFO - 📝 Logs saved to: logs/dq_api_20251226_192013.log
2025-12-26 19:20:14,110 - __main__ - INFO - APP_SETTINGS loaded. Audit enabled: True
2025-12-26 19:20:14,111 - __main__ - INFO - ✅ All DQ modules loaded successfully
2025-12-26 19:20:14,112 - dq_error_log - INFO - ErrorLogger initialized with database: dq_checks
2025-12-26 19:20:14,113 - dq_audit - INFO - Audit class initialized with database: dq_checks
2025-12-26 19:20:14,113 - __main__ - INFO - ✅ ErrorLogger and DataQualityAudit initialized
2025-12-26 19:20:14,119 - __main__ - INFO - 🚀 Starting Data Quality Framework API
2025-12-26 19:20:14,119 - __main__ - INFO - 📊 Modules available: True
2025-12-26 19:20:14,120 - __main__ - INFO - 🔧 Config file mode: False
2025-12-26 19:20:14,121 - __main__ - INFO - 📋 Available endpoints:
2025-12-26 19:20:14,121 - __main__ - INFO -   GET  /              - API status
2025-12-26 19:20:14,122 - __main__ - INFO -   GET  /api/health    - Health check
2025-12-26 19:20:14,123 - __main__ - INFO -   POST /api/check-single - Single source analysis
2025-12-26 19:20:14,124 - __main__ - INFO -   POST /api/compare   - Source-target comparison
2025-12-26 19:20:14,124 - __main__ - INFO -   POST /api/upload    - File upload
2025-12-26 19:20:14,125 - __main__ - INFO -   GET  /api/sessions  - List sessions
2025-12-26 19:20:14,126 - __main__ - INFO -   GET  /api/sessions/<id> - Get session data
2025-12-26 19:20:14,127 - __main__ - INFO -   GET  /api/debug-db  - Database debug
2025-12-26 19:20:14,128 - __main__ - INFO - 🌍 Server starting on 0.0.0.0:5000 (debug=False)
2025-12-26 19:20:24,697 - __main__ - INFO - GET /api/health - Request started
2025-12-26 19:20:24,700 - __main__ - INFO - Completed with status 200 in 0.002s
2025-12-26 19:20:26,762 - __main__ - INFO - POST /api/check-single - Request started
2025-12-26 19:20:26,762 - __main__ - INFO - Single source analysis request received
2025-12-26 19:20:26,763 - __main__ - INFO - Starting analysis for session SINGLE_20251226_192026_0eae471e
2025-12-26 19:20:26,765 - __main__ - INFO - UI Data being passed to dq_unified:
2025-12-26 19:20:26,766 - __main__ - INFO -   source_type: csv
2025-12-26 19:20:26,766 - __main__ - INFO -   file_path: C:/Users/003160/OneDrive - wisseninfotech.com/Documents/DQ-Checks-Shashi/Test_data/source_data_90k.csv
2025-12-26 19:20:26,766 - __main__ - INFO -   sheet_name: None
2025-12-26 19:20:26,767 - __main__ - INFO -   mandatory_fields: all
2025-12-26 19:20:26,769 - dq_unified - INFO - ==================================================
2025-12-26 19:20:26,770 - dq_unified - INFO - RUN_SINGLE_SOURCE_ANALYSIS_UI - START
2025-12-26 19:20:26,771 - dq_unified - INFO - UI Data received: {'analysis_type': 'single', 'source_type': 'csv', 'mandatory_fields': 'all', 'file_path': 'C:/Users/003160/OneDrive - wisseninfotech.com/Documents/DQ-Checks-Shashi/Test_data/source_data_90k.csv'}
2025-12-26 19:20:26,772 - dq_unified - INFO - UI Data keys: ['analysis_type', 'source_type', 'mandatory_fields', 'file_path']
2025-12-26 19:20:26,773 - dq_unified - INFO - Prompting user for data source type
2025-12-26 19:20:26,774 - dq_unified - INFO - UI Data source_type: csv
2025-12-26 19:20:26,775 - dq_unified - INFO - Using source_type from UI data: csv
2025-12-26 19:20:26,776 - dq_unified - INFO - Loading data from CSV
2025-12-26 19:20:26,777 - dq_unified - INFO - Loading data from CSV
2025-12-26 19:20:26,778 - dq_unified - INFO - Loading large CSV: C:/Users/003160/OneDrive - wisseninfotech.com/Documents/DQ-Checks-Shashi/Test_data/source_data_90k.csv
2025-12-26 19:20:26,814 - dq_unified - INFO - CSV file has 92,875 rows
2025-12-26 19:20:26,814 - dq_unified - INFO - Loading 92,875 rows from CSV...
2025-12-26 19:20:27,143 - dq_unified - INFO - Loaded 89,999 rows from CSV
2025-12-26 19:20:27,537 - dq_unified - INFO - Memory optimization: 45.4MB -> 17.1MB (Saved: 28.3MB)
2025-12-26 19:20:27,624 - dq_unified - INFO - Loaded 89,999 rows, 12 columns. Memory: 125.1MB total, 17.1MB for dataframe
2025-12-26 19:20:27,624 - dq_error_log - INFO - ErrorLogger initialized with database: dq_checks
2025-12-26 19:20:27,625 - dq_unified - INFO - API Mode: Created ErrorLogger for session SINGLE_20251226_192027
2025-12-26 19:20:27,626 - dq_unified - INFO - Checking for null cells (not empty strings)
2025-12-26 19:20:27,627 - dq_unified - INFO - Column 'id': No null cells
2025-12-26 19:20:27,631 - dq_unified - INFO - Column 'customer_id': No null cells
2025-12-26 19:20:27,634 - dq_unified - INFO - Column 'transaction_id': No null cells
2025-12-26 19:20:27,635 - dq_unified - WARNING - Column 'customer_name': 3510 null cells (3.9%)
2025-12-26 19:20:27,888 - dq_error_log - INFO - Batch logged 1000 errors for session SINGLE_20251226_192027
2025-12-26 19:20:27,890 - dq_unified - WARNING - Column 'email': 1516 null cells (1.7%)
2025-12-26 19:20:27,974 - dq_error_log - INFO - Batch logged 1000 errors for session SINGLE_20251226_192027
2025-12-26 19:20:27,977 - dq_unified - WARNING - Column 'phone': 1280 null cells (1.4%)
2025-12-26 19:20:28,048 - dq_error_log - INFO - Batch logged 1000 errors for session SINGLE_20251226_192027
2025-12-26 19:20:28,049 - dq_unified - INFO - Column 'transaction_date': No null cells
2025-12-26 19:20:28,050 - dq_unified - WARNING - Column 'amount': 1133 null cells (1.3%)
2025-12-26 19:20:28,161 - dq_error_log - INFO - Batch logged 1000 errors for session SINGLE_20251226_192027
2025-12-26 19:20:28,163 - dq_unified - INFO - Column 'quantity': No null cells
2025-12-26 19:20:28,164 - dq_unified - INFO - Column 'age': No null cells
2025-12-26 19:20:28,165 - dq_unified - INFO - Column 'status': No null cells
2025-12-26 19:20:28,167 - dq_unified - INFO - Column 'description': No null cells
2025-12-26 19:20:28,167 - dq_unified - INFO - Total null cells found: 7,439
2025-12-26 19:20:28,168 - dq_unified - INFO - Checking for duplicate rows
2025-12-26 19:20:28,168 - dq_unified - INFO - Processing 89,999 rows for duplicates
2025-12-26 19:20:28,359 - dq_unified - INFO - Full row duplicates (entire rows): 203
2025-12-26 19:20:28,447 - dq_unified - INFO - DEBUG: check_duplicates() returned: 203, 50, 0, 0
2025-12-26 19:20:28,448 - dq_unified - INFO - DEBUG: This should be 203: 203
2025-12-26 19:20:28,449 - dq_unified - INFO - Automatically detecting key field duplicates
2025-12-26 19:20:28,506 - dq_unified - INFO - Detected potential key fields: ['id', 'customer_id', 'transaction_id', 'customer_name', 'email', 'transaction_date']
2025-12-26 19:20:28,510 - dq_unified - WARNING - Found 203 duplicate values in field 'id'
2025-12-26 19:20:28,537 - dq_unified - WARNING - Found 402 duplicate values in field 'customer_id'
2025-12-26 19:20:28,563 - dq_unified - WARNING - Found 402 duplicate values in field 'transaction_id'
2025-12-26 19:20:28,569 - dq_unified - WARNING - Found 89,799 duplicate values in field 'customer_name'
2025-12-26 19:20:28,581 - dq_unified - WARNING - Found 89,318 duplicate values in field 'email'
2025-12-26 19:20:28,593 - dq_unified - WARNING - Found 89,412 duplicate values in field 'transaction_date'
2025-12-26 19:20:28,613 - dq_unified - INFO - Checking data formats with intelligent, adaptive detection
2025-12-26 19:20:28,614 - dq_unified - INFO - Analyzing column 'id' with 89999 non-null values
2025-12-26 19:20:28,616 - dq_unified - INFO -   ✓ Column 'id' matches 'numeric' pattern with 100.0% confidence
2025-12-26 19:20:28,763 - dq_unified - INFO - Analyzing column 'customer_id' with 89999 non-null values
2025-12-26 19:20:28,765 - dq_unified - INFO -   ✓ Column 'customer_id' matches 'code_id' pattern with 100.0% confidence
2025-12-26 19:20:28,920 - dq_unified - INFO - Analyzing column 'transaction_id' with 89999 non-null values
2025-12-26 19:20:28,920 - dq_unified - INFO -   ✓ Column 'transaction_id' matches 'code_id' pattern with 100.0% confidence
2025-12-26 19:20:29,098 - dq_unified - INFO - Analyzing column 'customer_name' with 86489 non-null values
2025-12-26 19:20:29,101 - dq_unified - INFO - Analyzing column 'email' with 88483 non-null values
2025-12-26 19:20:29,103 - dq_unified - INFO -   ✓ Column 'email' matches 'email' pattern with 100.0% confidence
2025-12-26 19:20:29,106 - dq_unified - WARNING -     Row 38: 'lisa.miller_outlook.com...' doesn't match Valid email format (user@domain.com)
2025-12-26 19:20:29,108 - dq_unified - WARNING -     Row 41: EMPTY value doesn't match Valid email format (user@domain.com)
2025-12-26 19:20:29,108 - dq_unified - WARNING -     Row 223: 'richard.miller.company.com...' doesn't match Valid email format (user@domain.com)
2025-12-26 19:20:29,334 - dq_unified - INFO -     Found 2242 format issues in column 'email'
2025-12-26 19:20:29,342 - dq_unified - INFO - Analyzing column 'phone' with 88719 non-null values
2025-12-26 19:20:29,343 - dq_unified - INFO -   ✓ Column 'phone' matches 'phone' pattern with 90.0% confidence
2025-12-26 19:20:29,344 - dq_unified - WARNING -     Row 19: '1-212-661-4003...' doesn't match Valid phone number (10-15 digits, optional country code)
2025-12-26 19:20:29,345 - dq_unified - WARNING -     Row 20: '1-212-914-1864...' doesn't match Valid phone number (10-15 digits, optional country code)
2025-12-26 19:20:29,345 - dq_unified - WARNING -     Row 23: '1-212-668-8253...' doesn't match Valid phone number (10-15 digits, optional country code)
2025-12-26 19:20:30,079 - dq_unified - INFO -     Found 19032 format issues in column 'phone'
2025-12-26 19:20:30,082 - dq_unified - INFO - Analyzing column 'transaction_date' with 89999 non-null values
2025-12-26 19:20:30,083 - dq_unified - INFO -   ✓ Column 'transaction_date' matches 'code_id' pattern with 100.0% confidence
2025-12-26 19:20:30,087 - dq_unified - WARNING -     Row 27: '10/18/2023...' doesn't match Alphanumeric code or ID
2025-12-26 19:20:30,088 - dq_unified - WARNING -     Row 28: '04/22/2023...' doesn't match Alphanumeric code or ID
2025-12-26 19:20:30,089 - dq_unified - WARNING -     Row 31: '05/15/2023...' doesn't match Alphanumeric code or ID
2025-12-26 19:20:30,553 - dq_unified - INFO -     Found 10847 format issues in column 'transaction_date'
2025-12-26 19:20:30,555 - dq_unified - INFO - Analyzing column 'amount' with 88866 non-null values
2025-12-26 19:20:30,557 - dq_unified - INFO -   ✓ Column 'amount' matches 'numeric' pattern with 100.0% confidence
2025-12-26 19:20:30,559 - dq_unified - WARNING -     Row 268: EMPTY value doesn't match Valid numeric value (integers or decimals)
2025-12-26 19:20:30,560 - dq_unified - WARNING -     Row 311: EMPTY value doesn't match Valid numeric value (integers or decimals)
2025-12-26 19:20:30,561 - dq_unified - WARNING -     Row 317: EMPTY value doesn't match Valid numeric value (integers or decimals)
2025-12-26 19:20:30,804 - dq_unified - INFO -     Found 1133 format issues in column 'amount'
2025-12-26 19:20:30,807 - dq_unified - INFO - Analyzing column 'quantity' with 89999 non-null values
2025-12-26 19:20:30,808 - dq_unified - INFO -   ✓ Column 'quantity' matches 'numeric' pattern with 100.0% confidence
2025-12-26 19:20:30,950 - dq_unified - INFO - Analyzing column 'age' with 89999 non-null values
2025-12-26 19:20:30,951 - dq_unified - INFO -   ✓ Column 'age' matches 'numeric' pattern with 100.0% confidence
2025-12-26 19:20:31,067 - dq_unified - INFO - Analyzing column 'status' with 89999 non-null values
2025-12-26 19:20:31,068 - dq_unified - INFO -   ✓ Column 'status' matches 'code_id' pattern with 100.0% confidence
2025-12-26 19:20:31,202 - dq_unified - INFO - Analyzing column 'description' with 89999 non-null values
2025-12-26 19:20:31,203 - dq_unified - INFO - Total format issues found: 33,254
2025-12-26 19:20:31,221 - dq_error_log - INFO - Batch logged 100 errors for session SINGLE_20251226_192027
2025-12-26 19:20:31,221 - dq_unified - INFO - Logged 100 format issues to error database
2025-12-26 19:20:31,223 - dq_unified - INFO - Checking mandatory fields
2025-12-26 19:20:31,223 - dq_unified - INFO - DEBUG: UI data for mandatory fields: {'analysis_type': 'single', 'source_type': 'csv', 'mandatory_fields': 'all', 'file_path': 'C:/Users/003160/OneDrive - wisseninfotech.com/Documents/DQ-Checks-Shashi/Test_data/source_data_90k.csv'}
2025-12-26 19:20:31,224 - dq_unified - INFO - Available columns: ['id', 'customer_id', 'transaction_id', 'customer_name', 'email', 'phone', 'transaction_date', 'amount', 'quantity', 'age', 'status', 'description']
2025-12-26 19:20:31,225 - dq_unified - INFO - Checking ALL columns as mandatory: ['id', 'customer_id', 'transaction_id', 'customer_name', 'email', 'phone', 'transaction_date', 'amount', 'quantity', 'age', 'status', 'description']
2025-12-26 19:20:31,226 - dq_unified - INFO - Mandatory field 'id': 100.0% filled
2025-12-26 19:20:31,249 - dq_unified - INFO - Mandatory field 'customer_id': 100.0% filled
2025-12-26 19:20:31,280 - dq_unified - INFO - Mandatory field 'transaction_id': 100.0% filled
2025-12-26 19:20:31,282 - dq_unified - WARNING - Mandatory field 'customer_name': 3,510 missing values (96.1% filled)
2025-12-26 19:20:31,351 - dq_unified - WARNING - Mandatory field 'email': 1,516 missing values (98.3% filled)
2025-12-26 19:20:31,396 - dq_unified - WARNING - Mandatory field 'phone': 1,280 missing values (98.6% filled)
2025-12-26 19:20:31,447 - dq_unified - INFO - Mandatory field 'transaction_date': 100.0% filled
2025-12-26 19:20:31,448 - dq_unified - WARNING - Mandatory field 'amount': 1,133 missing values (98.7% filled)
2025-12-26 19:20:31,474 - dq_unified - INFO - Mandatory field 'quantity': 100.0% filled
2025-12-26 19:20:31,475 - dq_unified - INFO - Mandatory field 'age': 100.0% filled
2025-12-26 19:20:31,477 - dq_unified - INFO - Mandatory field 'status': 100.0% filled
2025-12-26 19:20:31,478 - dq_unified - INFO - Mandatory field 'description': 100.0% filled
2025-12-26 19:20:31,479 - dq_unified - INFO - Mandatory field check completed: 4 columns with issues, 7439 total missing values
2025-12-26 19:20:31,865 - dq_unified - INFO - Calculating overall quality score
2025-12-26 19:20:31,872 - dq_unified - INFO - Quality Score Calculation:
2025-12-26 19:20:31,873 - dq_unified - INFO -   Total rows: 89,999
2025-12-26 19:20:31,874 - dq_unified - INFO -   Rows with issues: 31,603
2025-12-26 19:20:31,875 - dq_unified - INFO -   Good rows: 58,396
2025-12-26 19:20:31,875 - dq_unified - INFO -   Quality Score: 64.89%
2025-12-26 19:20:31,877 - dq_unified - INFO - Generating detailed data quality report
2025-12-26 19:20:31,926 - dq_error_log - INFO - Retrieved 200 error logs for session SINGLE_20251226_192027
2025-12-26 19:20:31,952 - dq_error_log - INFO - Retrieved summary: 4140 total errors for session SINGLE_20251226_192027
2025-12-26 19:20:31,954 - dq_unified - INFO - Added 200 error logs to API response
2025-12-26 19:20:31,955 - dq_unified - INFO - Returning JSON report for API, Session: SINGLE_20251226_192027
2025-12-26 19:20:31,955 - dq_unified - INFO - Starting audit logging for session: SINGLE_20251226_192027
2025-12-26 19:20:31,956 - dq_unified - INFO - Quality score: 64.89
2025-12-26 19:20:31,957 - dq_unified - INFO - APP_SETTINGS['audit_enabled'] = True
2025-12-26 19:20:31,957 - dq_audit - INFO - Audit class initialized with database: dq_checks
2025-12-26 19:20:31,958 - dq_unified - INFO - Audit logger created
2025-12-26 19:20:31,959 - dq_unified - INFO - Audit data prepared
2025-12-26 19:20:31,960 - dq_unified - INFO -    Session: SINGLE_20251226_192027
2025-12-26 19:20:31,961 - dq_unified - INFO -    Check Type: single_source
2025-12-26 19:20:31,962 - dq_unified - INFO -    Score: 64.89%
2025-12-26 19:20:31,964 - dq_unified - INFO - Audit enabled, calling log_audit_record...
2025-12-26 19:20:31,964 - dq_audit - INFO - Starting database insertion for single_source...
2025-12-26 19:20:31,981 - dq_audit - INFO - Inserted single_source record with ID: 373
2025-12-26 19:20:31,981 - dq_unified - INFO - Audit record logged with ID: DQ_20251226_192031
2025-12-26 19:20:31,993 - dq_audit - INFO - Retrieved 1 audit logs for session SINGLE_20251226_192027
2025-12-26 19:20:31,994 - dq_unified - INFO - Added 1 audit logs to results
2025-12-26 19:20:31,994 - dq_unified - INFO - Analysis completed successfully for CSV: source_data_90k.csv
2025-12-26 19:20:32,054 - dq_error_log - INFO - Retrieved 200 error logs for session SINGLE_20251226_192027
2025-12-26 19:20:32,083 - dq_error_log - INFO - Retrieved summary: 4140 total errors for session SINGLE_20251226_192027
2025-12-26 19:20:32,097 - dq_audit - INFO - Retrieved 1 audit logs for session SINGLE_20251226_192027
2025-12-26 19:20:32,098 - __main__ - INFO - Analysis completed for session SINGLE_20251226_192027
2025-12-26 19:20:32,223 - __main__ - INFO - Completed with status 200 in 5.461s
