2025-12-23 16:28:35,650 - __main__ - INFO - 🌐 API Server Logging Initialized
2025-12-23 16:28:35,651 - __main__ - INFO - 📝 Logs saved to: logs/dq_api_20251223_162835.log
2025-12-23 16:28:35,841 - __main__ - INFO - APP_SETTINGS loaded. Audit enabled: True
2025-12-23 16:28:35,843 - __main__ - INFO - ✅ All DQ modules loaded successfully
2025-12-23 16:28:35,846 - dq_error_log - INFO - ErrorLogger initialized with database: dq_checks
2025-12-23 16:28:35,847 - dq_audit - INFO - Audit class initialized with database: dq_checks
2025-12-23 16:28:35,847 - __main__ - INFO - ✅ ErrorLogger and DataQualityAudit initialized
2025-12-23 16:28:35,860 - __main__ - INFO - 🚀 Starting Data Quality Framework API
2025-12-23 16:28:35,861 - __main__ - INFO - 📊 Modules available: True
2025-12-23 16:28:35,862 - __main__ - INFO - 🔧 Config file mode: False
2025-12-23 16:28:35,862 - __main__ - INFO - 📋 Available endpoints:
2025-12-23 16:28:35,864 - __main__ - INFO -   GET  /              - API status
2025-12-23 16:28:35,864 - __main__ - INFO -   GET  /api/health    - Health check
2025-12-23 16:28:35,865 - __main__ - INFO -   POST /api/check-single - Single source analysis
2025-12-23 16:28:35,866 - __main__ - INFO -   POST /api/compare   - Source-target comparison
2025-12-23 16:28:35,867 - __main__ - INFO -   POST /api/upload    - File upload
2025-12-23 16:28:35,869 - __main__ - INFO -   GET  /api/sessions  - List sessions
2025-12-23 16:28:35,870 - __main__ - INFO -   GET  /api/sessions/<id> - Get session data
2025-12-23 16:28:35,871 - __main__ - INFO -   GET  /api/debug-db  - Database debug
2025-12-23 16:28:35,872 - __main__ - INFO - 🌍 Server starting on 0.0.0.0:5000 (debug=False)
2025-12-23 16:28:48,540 - __main__ - INFO - GET /api/compare/CMP_20251223_150017 - Request started
2025-12-23 16:28:48,659 - dq_audit - INFO - Retrieved 1 audit logs for session CMP_20251223_150017
2025-12-23 16:28:48,670 - dq_error_log - INFO - Retrieved 1 error logs for session CMP_20251223_150017
2025-12-23 16:28:48,681 - dq_error_log - INFO - Retrieved summary: 1 total errors for session CMP_20251223_150017
2025-12-23 16:28:48,683 - __main__ - INFO - Retrieved comparison session data for CMP_20251223_150017
2025-12-23 16:28:48,683 - __main__ - INFO - Completed with status 200 in 0.143s
2025-12-23 16:28:49,623 - __main__ - INFO - GET /api/advanced/ADV_20251223_155659 - Request started
2025-12-23 16:28:49,641 - dq_audit - INFO - Retrieved 1 audit logs for session ADV_20251223_155659
2025-12-23 16:28:49,654 - dq_error_log - INFO - Retrieved 5 error logs for session ADV_20251223_155659
2025-12-23 16:28:49,668 - dq_error_log - INFO - Retrieved summary: 5 total errors for session ADV_20251223_155659
2025-12-23 16:28:49,670 - __main__ - INFO - Retrieved advanced session data for ADV_20251223_155659
2025-12-23 16:28:49,672 - __main__ - INFO - Completed with status 200 in 0.049s
2025-12-23 16:29:10,854 - __main__ - INFO - GET /api/advanced/ADV_20251223_155659 - Request started
2025-12-23 16:29:10,884 - dq_audit - INFO - Retrieved 1 audit logs for session ADV_20251223_155659
2025-12-23 16:29:10,901 - dq_error_log - INFO - Retrieved 5 error logs for session ADV_20251223_155659
2025-12-23 16:29:10,918 - dq_error_log - INFO - Retrieved summary: 5 total errors for session ADV_20251223_155659
2025-12-23 16:29:10,920 - __main__ - INFO - Retrieved advanced session data for ADV_20251223_155659
2025-12-23 16:29:10,932 - __main__ - INFO - Completed with status 200 in 0.078s
2025-12-23 16:29:39,129 - __main__ - INFO - GET /api/compare/CMP_20251223_150017 - Request started
2025-12-23 16:29:39,148 - dq_audit - INFO - Retrieved 1 audit logs for session CMP_20251223_150017
2025-12-23 16:29:39,166 - dq_error_log - INFO - Retrieved 1 error logs for session CMP_20251223_150017
2025-12-23 16:29:39,181 - dq_error_log - INFO - Retrieved summary: 1 total errors for session CMP_20251223_150017
2025-12-23 16:29:39,182 - __main__ - INFO - Retrieved comparison session data for CMP_20251223_150017
2025-12-23 16:29:39,184 - __main__ - INFO - Completed with status 200 in 0.054s
2025-12-23 16:30:16,353 - __main__ - INFO - GET /api/check-single/RULES_20251222_165217 - Request started
2025-12-23 16:30:16,353 - __main__ - WARNING - Not Found: 404 Not Found: The requested URL was not found on the server. If you entered the URL manually please check your spelling and try again.
2025-12-23 16:30:16,355 - __main__ - INFO - Completed with status 404 in 0.003s
2025-12-23 16:30:34,178 - __main__ - INFO - GET /api/check-single/SINGLE_20251223_115925 - Request started
2025-12-23 16:30:34,179 - __main__ - WARNING - Not Found: 404 Not Found: The requested URL was not found on the server. If you entered the URL manually please check your spelling and try again.
2025-12-23 16:30:34,181 - __main__ - INFO - Completed with status 404 in 0.003s
2025-12-23 16:30:49,204 - __main__ - INFO - GET /api/check-single/SINGLE_20251223_124559 - Request started
2025-12-23 16:30:49,205 - __main__ - WARNING - Not Found: 404 Not Found: The requested URL was not found on the server. If you entered the URL manually please check your spelling and try again.
2025-12-23 16:30:49,206 - __main__ - INFO - Completed with status 404 in 0.002s
2025-12-23 16:31:11,071 - __main__ - INFO - GET /api/single/SINGLE_20251223_124559 - Request started
2025-12-23 16:31:11,086 - dq_audit - INFO - Retrieved 1 audit logs for session SINGLE_20251223_124559
2025-12-23 16:31:11,101 - dq_error_log - INFO - Retrieved 16 error logs for session SINGLE_20251223_124559
2025-12-23 16:31:11,115 - dq_error_log - INFO - Retrieved summary: 16 total errors for session SINGLE_20251223_124559
2025-12-23 16:31:11,117 - __main__ - INFO - Retrieved single source session data for SINGLE_20251223_124559
2025-12-23 16:31:11,120 - __main__ - INFO - Completed with status 200 in 0.049s
