2025-12-28 14:44:21,294 - __main__ - INFO - 🌐 API Server Logging Initialized
2025-12-28 14:44:21,295 - __main__ - INFO - 📝 Logs saved to: logs/dq_api_20251228_144421.log
2025-12-28 14:44:21,433 - __main__ - INFO - APP_SETTINGS loaded. Audit enabled: True
2025-12-28 14:44:21,434 - __main__ - INFO - ✅ All DQ modules loaded successfully
2025-12-28 14:44:21,436 - dq_error_log - INFO - ErrorLogger initialized with database: dq_checks
2025-12-28 14:44:21,436 - dq_audit - INFO - Audit class initialized with database: dq_checks
2025-12-28 14:44:21,437 - __main__ - INFO - ✅ ErrorLogger and DataQualityAudit initialized
2025-12-28 14:44:21,443 - __main__ - INFO - 🚀 Starting Data Quality Framework API
2025-12-28 14:44:21,444 - __main__ - INFO - 📊 Modules available: True
2025-12-28 14:44:21,444 - __main__ - INFO - 🔧 Config file mode: False
2025-12-28 14:44:21,445 - __main__ - INFO - 📋 Available endpoints:
2025-12-28 14:44:21,446 - __main__ - INFO -   GET  /              - API status
2025-12-28 14:44:21,447 - __main__ - INFO -   GET  /api/health    - Health check
2025-12-28 14:44:21,448 - __main__ - INFO -   POST /api/check-single - Single source analysis
2025-12-28 14:44:21,449 - __main__ - INFO -   POST /api/compare   - Source-target comparison
2025-12-28 14:44:21,450 - __main__ - INFO -   POST /api/upload    - File upload
2025-12-28 14:44:21,451 - __main__ - INFO -   GET  /api/sessions  - List sessions
2025-12-28 14:44:21,452 - __main__ - INFO -   GET  /api/sessions/<id> - Get session data
2025-12-28 14:44:21,453 - __main__ - INFO -   GET  /api/debug-db  - Database debug
2025-12-28 14:44:21,454 - __main__ - INFO - 🌍 Server starting on 0.0.0.0:5000 (debug=False)
2025-12-28 14:45:07,423 - __main__ - INFO - GET /api/health - Request started
2025-12-28 14:45:07,423 - __main__ - INFO - Completed with status 200 in 0.000s
2025-12-28 14:45:09,470 - __main__ - INFO - POST /api/check-single - Request started
2025-12-28 14:45:09,471 - __main__ - INFO - Single source analysis request received
2025-12-28 14:45:09,472 - __main__ - INFO - Starting analysis for session SINGLE_20251228_144509_d7a754fd
2025-12-28 14:45:09,473 - __main__ - INFO - UI Data being passed to dq_unified:
2025-12-28 14:45:09,473 - __main__ - INFO -   source_type: database
2025-12-28 14:45:09,474 - __main__ - INFO -   db_config: {'type': 'oracle', 'host': 'localhost', 'port': 1521, 'database': None, 'user': 'system', 'password': 'manager', 'table': 'employee', 'service_name': 'XE', 'encoding': 'UTF-8'}
2025-12-28 14:45:09,474 - __main__ - INFO -   mandatory_fields: all
2025-12-28 14:45:09,475 - dq_unified - INFO - ==================================================
2025-12-28 14:45:09,475 - dq_unified - INFO - RUN_SINGLE_SOURCE_ANALYSIS_UI - START
2025-12-28 14:45:09,476 - dq_unified - INFO - Prompting user for data source type
2025-12-28 14:45:09,476 - dq_unified - INFO - UI Data source_type: database
2025-12-28 14:45:09,477 - dq_unified - INFO - Using source_type from UI data: database
2025-12-28 14:45:09,477 - dq_unified - INFO - Loading data from DATABASE...
2025-12-28 14:45:09,478 - dq_unified - INFO - Loading data from DATABASE
2025-12-28 14:45:09,478 - dq_unified - INFO - Loading large database table: employee
2025-12-28 14:45:09,553 - dq_unified - INFO - Oracle table has 89,999 rows
2025-12-28 14:45:09,554 - dq_unified - INFO - Loading 89,999 rows from Oracle...
2025-12-28 14:45:09,890 - dq_unified - INFO - Loaded 89,999 rows from Oracle
2025-12-28 14:45:10,432 - dq_unified - INFO - Memory optimization: 60.7MB -> 25.7MB (Saved: 35.0MB)
2025-12-28 14:45:10,433 - dq_unified - INFO - Standardizing data types...
2025-12-28 14:45:11,125 - dq_unified - INFO - Data type standardization complete
2025-12-28 14:45:11,216 - dq_unified - INFO - Loaded 89,999 rows, 12 columns. Memory: 191.6MB total, 18.9MB for dataframe
2025-12-28 14:45:11,217 - dq_unified - INFO - Data loaded: 89,999 rows, 12 columns
2025-12-28 14:45:11,217 - dq_error_log - INFO - ErrorLogger initialized with database: dq_checks
2025-12-28 14:45:11,218 - dq_unified - INFO - Session ID: SINGLE_20251228_144511
2025-12-28 14:45:11,218 - dq_unified - INFO - ==================================================
2025-12-28 14:45:11,219 - dq_unified - INFO - Starting quality checks...
2025-12-28 14:45:11,220 - dq_unified - INFO - ==================================================
2025-12-28 14:45:11,220 - dq_unified - INFO - 1. Checking for null/empty values...
2025-12-28 14:45:11,221 - dq_unified - INFO - Checking for null/empty values
2025-12-28 14:45:11,221 - dq_unified - INFO - DataFrame shape: (89999, 12)
2025-12-28 14:45:11,222 - dq_unified - INFO - Columns: ['id', 'customer_id', 'transaction_id', 'customer_name', 'email', 'phone', 'transaction_date', 'amount', 'quantity', 'age', 'status', 'description']
2025-12-28 14:45:11,222 - dq_unified - INFO - Data source: Database: oracle - Table: employee
2025-12-28 14:45:11,224 - dq_unified - INFO - DataFrame dtypes: {'id': dtype('int64'), 'customer_id': dtype('O'), 'transaction_id': dtype('O'), 'customer_name': CategoricalDtype(categories=['David Brown', 'David Brown  ', 'David Davis',
                  'David Davis  ', 'David Johnson', 'David Johnson  ',
                  'David Jones', 'David Jones  ', 'David Miller',
                  'David Miller  ',
                  ...
                  'William Johnson', 'William Johnson  ', 'William Jones',
                  'William Jones  ', 'William Miller', 'William Miller  ',
                  'William Smith', 'William Smith  ', 'William Williams',
                  'William Williams  '],
, ordered=False, categories_dtype=object), 'email': CategoricalDtype(categories=['david.brown.company.com', 'david.brown@company.com',
                  'david.brown@gmail.com', 'david.brown@hotmail.com',
                  'david.brown@invalid', 'david.brown@outlook.com',
                  'david.brown@yahoo.com', 'david.davis.company.com',
                  'david.davis@company.com', 'david.davis@gmail.com',
                  ...
                  'william.smith@invalid', 'william.smith@outlook.com',
                  'william.smith@yahoo.com', 'william.williams.company.com',
                  'william.williams@company.com', 'william.williams@gmail.com',
                  'william.williams@hotmail.com', 'william.williams@invalid',
                  'william.williams@outlook.com',
                  'william.williams@yahoo.com'],
, ordered=False, categories_dtype=object), 'phone': dtype('O'), 'transaction_date': CategoricalDtype(categories=['01-01-2023', '01-01-2024', '01-02-2023', '01-03-2023',
                  '01-04-2023', '01-05-2023', '01-06-2023', '01-07-2023',
                  '01-08-2023', '01-09-2023',
                  ...
                  '30-10-2023', '30-11-2023', '30-12-2023', '31-01-2023',
                  '31-03-2023', '31-05-2023', '31-07-2023', '31-08-2023',
                  '31-10-2023', '31-12-2023'],
, ordered=False, categories_dtype=object), 'amount': dtype('float64'), 'quantity': dtype('int64'), 'age': dtype('int64'), 'status': CategoricalDtype(categories=['ACTIVE', 'CANCELLED', 'COMPLETED', 'INACTIVE', 'PENDING'], ordered=False, categories_dtype=object), 'description': CategoricalDtype(categories=['  Text with leading spaces', 'Normal text without issues',
                  'Text with\ttabs', 'Text with\nnewlines',
                  'Text with  multiple   spaces', 'Text with - dashes',
                  'Text with mixed CAPITAL and lowercase',
                  'Text with trailing spaces  ', 'Text with! exclamations',
                  'Text with"quotes"', 'Text with#hashtags',
                  'Text with$dollar signs', 'Text with%percent signs',
                  'Text with& ampersands', 'Text with'apostrophes',
                  'Text with(parentheses)', 'Text with*asterisks',
                  'Text with, commas', 'Text with. periods',
                  'Text with/slashes', 'Text with; semicolons',
                  'Text with<angle brackets>', 'Text with? questions',
                  'Text with@at signs', 'Text with[brackets]',
                  'Text with\backslashes', 'Text with_underscores',
                  'Text with`backticks', 'Text with{braces}',
                  'Text with|pipes', 'Text with~tildes'],
, ordered=False, categories_dtype=object)}
2025-12-28 14:45:11,225 - dq_unified - INFO - Column 'id': No missing cells
2025-12-28 14:45:11,471 - dq_unified - INFO - Column 'customer_id': No missing cells
2025-12-28 14:45:11,692 - dq_unified - INFO - Column 'transaction_id': No missing cells
2025-12-28 14:45:11,693 - dq_unified - INFO -   Sample missing in 'customer_name': ['nan', 'nan', 'nan']
2025-12-28 14:45:11,694 - dq_unified - WARNING - Column 'customer_name': 3,510 missing cells (3.9%)
2025-12-28 14:45:20,212 - dq_error_log - INFO - Starting batch logging for 3510 errors, session: SINGLE_20251228_144511
2025-12-28 14:45:20,335 - dq_error_log - INFO - Batch 1: Successfully logged 500 errors
2025-12-28 14:45:20,375 - dq_error_log - INFO - Batch 2: Successfully logged 500 errors
2025-12-28 14:45:20,419 - dq_error_log - INFO - Batch 3: Successfully logged 500 errors
2025-12-28 14:45:20,464 - dq_error_log - INFO - Batch 4: Successfully logged 500 errors
2025-12-28 14:45:20,502 - dq_error_log - INFO - Batch 5: Successfully logged 500 errors
2025-12-28 14:45:20,545 - dq_error_log - INFO - Batch 6: Successfully logged 500 errors
2025-12-28 14:45:20,583 - dq_error_log - INFO - Batch 7: Successfully logged 500 errors
2025-12-28 14:45:20,597 - dq_error_log - INFO - Batch 8: Successfully logged 10 errors
2025-12-28 14:45:20,598 - dq_error_log - INFO - Progress: 3510/3510 errors processed
2025-12-28 14:45:20,598 - dq_error_log - INFO - COMPLETE: Logged 3510/3510 errors for session SINGLE_20251228_144511
2025-12-28 14:45:20,601 - dq_unified - INFO -   Sample missing in 'email': ['nan', 'nan', 'nan']
2025-12-28 14:45:20,601 - dq_unified - WARNING - Column 'email': 1,516 missing cells (1.7%)
2025-12-28 14:45:24,420 - dq_error_log - INFO - Starting batch logging for 1516 errors, session: SINGLE_20251228_144511
2025-12-28 14:45:24,506 - dq_error_log - INFO - Batch 1: Successfully logged 500 errors
2025-12-28 14:45:24,588 - dq_error_log - INFO - Batch 2: Successfully logged 500 errors
2025-12-28 14:45:24,668 - dq_error_log - INFO - Batch 3: Successfully logged 500 errors
2025-12-28 14:45:24,681 - dq_error_log - INFO - Batch 4: Successfully logged 16 errors
2025-12-28 14:45:24,682 - dq_error_log - INFO - Progress: 1516/1516 errors processed
2025-12-28 14:45:24,683 - dq_error_log - INFO - COMPLETE: Logged 1516/1516 errors for session SINGLE_20251228_144511
2025-12-28 14:45:24,904 - dq_unified - INFO -   Sample missing in 'phone': ['None', 'None', 'None']
2025-12-28 14:45:24,904 - dq_unified - WARNING - Column 'phone': 1,280 missing cells (1.4%)
2025-12-28 14:45:28,062 - dq_error_log - INFO - Starting batch logging for 1280 errors, session: SINGLE_20251228_144511
2025-12-28 14:45:28,155 - dq_error_log - INFO - Batch 1: Successfully logged 500 errors
2025-12-28 14:45:28,240 - dq_error_log - INFO - Batch 2: Successfully logged 500 errors
2025-12-28 14:45:28,303 - dq_error_log - INFO - Batch 3: Successfully logged 280 errors
2025-12-28 14:45:28,304 - dq_error_log - INFO - Progress: 1280/1280 errors processed
2025-12-28 14:45:28,306 - dq_error_log - INFO - COMPLETE: Logged 1280/1280 errors for session SINGLE_20251228_144511
2025-12-28 14:45:28,307 - dq_unified - INFO - Column 'transaction_date': No missing cells
2025-12-28 14:45:28,309 - dq_unified - INFO -   Sample missing in 'amount': ['nan', 'nan', 'nan']
2025-12-28 14:45:28,309 - dq_unified - WARNING - Column 'amount': 1,133 missing cells (1.3%)
2025-12-28 14:45:31,073 - dq_error_log - INFO - Starting batch logging for 1133 errors, session: SINGLE_20251228_144511
2025-12-28 14:45:31,168 - dq_error_log - INFO - Batch 1: Successfully logged 500 errors
2025-12-28 14:45:31,265 - dq_error_log - INFO - Batch 2: Successfully logged 500 errors
2025-12-28 14:45:31,284 - dq_error_log - INFO - Batch 3: Successfully logged 133 errors
2025-12-28 14:45:31,285 - dq_error_log - INFO - Progress: 1133/1133 errors processed
2025-12-28 14:45:31,286 - dq_error_log - INFO - COMPLETE: Logged 1133/1133 errors for session SINGLE_20251228_144511
2025-12-28 14:45:31,288 - dq_unified - INFO - Column 'quantity': No missing cells
2025-12-28 14:45:31,289 - dq_unified - INFO - Column 'age': No missing cells
2025-12-28 14:45:31,289 - dq_unified - INFO - Column 'status': No missing cells
2025-12-28 14:45:31,291 - dq_unified - INFO - Column 'description': No missing cells
2025-12-28 14:45:31,291 - dq_unified - INFO - Total missing cells found: 7,439
2025-12-28 14:45:31,292 - dq_unified - INFO - ============================================================
2025-12-28 14:45:31,292 - dq_unified - INFO - MISSING VALUE SUMMARY
2025-12-28 14:45:31,293 - dq_unified - INFO - ============================================================
2025-12-28 14:45:31,294 - dq_unified - INFO - customer_name: 3,510 missing (3.9%)
2025-12-28 14:45:31,295 - dq_unified - INFO - email: 1,516 missing (1.7%)
2025-12-28 14:45:31,295 - dq_unified - INFO - phone: 1,280 missing (1.4%)
2025-12-28 14:45:31,296 - dq_unified - INFO - amount: 1,133 missing (1.3%)
2025-12-28 14:45:31,296 - dq_unified - INFO - ============================================================
2025-12-28 14:45:31,297 - dq_unified - INFO -    Found 7,439 empty cells
2025-12-28 14:45:31,299 - dq_unified - INFO - 2. Checking for duplicate rows...
2025-12-28 14:45:31,299 - dq_unified - INFO - Checking for duplicate rows
2025-12-28 14:45:31,300 - dq_unified - INFO - Cleaning data (removing whitespace)...
2025-12-28 14:45:31,309 - dq_unified - INFO - Columns after cleaning: ['id', 'customer_id', 'transaction_id', 'customer_name', 'email', 'phone', 'transaction_date', 'amount', 'quantity', 'age', 'status', 'description']
2025-12-28 14:45:41,320 - dq_unified - INFO - Sample of first column after cleaning: '78303'
2025-12-28 14:45:41,320 - dq_unified - INFO - Sample of row 6 first column: '19261'
2025-12-28 14:45:41,321 - dq_unified - INFO - Total rows to check: 89999
2025-12-28 14:45:41,322 - dq_unified - INFO - Checking first column 'id' for serial numbers
2025-12-28 14:45:41,322 - dq_unified - INFO - First 5 values: ['78303', '66465', '93228', '1748', '80005']
2025-12-28 14:45:41,323 - dq_unified - INFO -   Row 1: '78303' → 78303.0 (numeric)
2025-12-28 14:45:41,324 - dq_unified - INFO -   Row 2: '66465' → 66465.0 (numeric)
2025-12-28 14:45:41,326 - dq_unified - INFO -   Row 3: '93228' → 93228.0 (numeric)
2025-12-28 14:45:41,327 - dq_unified - INFO - First column values not sequential: [78303.0, 66465.0, 93228.0]
2025-12-28 14:45:41,327 - dq_unified - INFO - Checking duplicates on ALL columns
2025-12-28 14:45:41,328 - dq_unified - INFO - First few rows for comparison:
2025-12-28 14:45:41,328 - dq_unified - INFO -   Row 0: {'id': '78303', 'customer_id': 'CUST078303', 'transaction_id': 'TX00078303'}
2025-12-28 14:45:41,329 - dq_unified - INFO -   Row 1: {'id': '66465', 'customer_id': 'CUST066465', 'transaction_id': 'TX00066465'}
2025-12-28 14:45:41,331 - dq_unified - INFO -   Row 2: {'id': '93228', 'customer_id': 'CUST093228', 'transaction_id': 'TX00093228'}
2025-12-28 14:45:41,466 - dq_unified - INFO - Duplicate mask found 406 rows
2025-12-28 14:45:41,466 - dq_unified - INFO - Found 406 potential duplicate rows
2025-12-28 14:45:41,488 - dq_unified - INFO - Unique duplicate groups: 203
2025-12-28 14:45:41,488 - dq_unified - INFO - Duplicate groups found:
2025-12-28 14:45:41,489 - dq_unified - INFO -   Group sample: Pandas(Index=167, id='42732', customer_id='CUST042732', transaction_id='TX00042732', customer_name='William Davis', email='james.miller@gmail.com', phone='12127948623', transaction_date='20-01-2023', amount='7954.53', quantity='60', age='64', status='PENDING', description='Text with trailing spaces')
2025-12-28 14:45:41,491 - dq_unified - INFO -   Group sample: Pandas(Index=381, id='34440', customer_id='CUST034440', transaction_id='TX00034440', customer_name='William Miller', email='nan', phone='None', transaction_date='05-09-2023', amount='1954.43', quantity='64', age='75', status='CANCELLED', description='Text with. periods')
2025-12-28 14:45:41,491 - dq_unified - INFO -   Group sample: Pandas(Index=637, id='58427', customer_id='CUST058427', transaction_id='TX00058427', customer_name='Richard Brown', email='jennifer.johnson@gmail.com', phone='2124608202', transaction_date='29-09-2023', amount='9156.7', quantity='69', age='45', status='PENDING', description='Text with multiple spaces')
2025-12-28 14:45:41,492 - dq_unified - INFO - Processing 406 duplicate indices
2025-12-28 14:45:41,512 - dq_unified - INFO - FINAL RESULT: Found 406 duplicate groups
2025-12-28 14:45:41,513 - dq_error_log - INFO - Starting batch logging for 406 errors, session: SINGLE_20251228_144511
2025-12-28 14:45:41,584 - dq_error_log - INFO - Batch 1: Successfully logged 406 errors
2025-12-28 14:45:41,585 - dq_error_log - INFO - Progress: 406/406 errors processed
2025-12-28 14:45:41,585 - dq_error_log - INFO - COMPLETE: Logged 406/406 errors for session SINGLE_20251228_144511
2025-12-28 14:45:41,603 - dq_unified - INFO -    Found 406 duplicate rows
2025-12-28 14:45:41,603 - dq_unified - INFO - 3. Checking data formats...
2025-12-28 14:45:41,604 - dq_unified - INFO - Checking data formats
2025-12-28 14:45:41,617 - dq_unified - INFO - Detected id as numeric type
2025-12-28 14:45:41,852 - dq_unified - INFO - Detected email as email type
2025-12-28 14:45:41,856 - dq_unified - WARNING -   Row 223: 'richard.miller.company.com...' doesn't match Valid email format (user@domain.com)
2025-12-28 14:45:41,858 - dq_unified - WARNING -   Row 311: 'james.miller@invalid...' doesn't match Valid email format (user@domain.com)
2025-12-28 14:45:41,858 - dq_unified - WARNING -   Row 355: 'richard.williams@invalid...' doesn't match Valid email format (user@domain.com)
2025-12-28 14:45:41,859 - dq_unified - WARNING -   Row 416: 'susan.brown.company.com...' doesn't match Valid email format (user@domain.com)
2025-12-28 14:45:41,860 - dq_unified - WARNING -   Row 452: 'john.jones.company.com...' doesn't match Valid email format (user@domain.com)
2025-12-28 14:45:42,599 - dq_unified - INFO - Detected phone as phone type
2025-12-28 14:45:43,352 - dq_unified - INFO - Detected transaction_date as date type
2025-12-28 14:45:46,544 - dq_unified - INFO -   Date format check for transaction_date: Consistent=False, Format=['MM/DD/YYYY', 'DD-MM-YYYY or MM-DD-YYYY']
2025-12-28 14:45:46,545 - dq_unified - WARNING -   transaction_date: Inconsistent date formats: ['MM/DD/YYYY', 'DD-MM-YYYY or MM-DD-YYYY']
2025-12-28 14:45:49,261 - dq_unified - INFO - Detected amount as numeric type
2025-12-28 14:45:49,507 - dq_unified - INFO - Detected quantity as numeric type
2025-12-28 14:45:49,823 - dq_unified - INFO - Detected age as numeric type
2025-12-28 14:45:53,621 - dq_unified - INFO - Total format issues found: 725
2025-12-28 14:45:53,622 - dq_error_log - INFO - Starting batch logging for 725 errors, session: SINGLE_20251228_144511
2025-12-28 14:45:53,709 - dq_error_log - INFO - Batch 1: Successfully logged 500 errors
2025-12-28 14:45:53,758 - dq_error_log - INFO - Batch 2: Successfully logged 225 errors
2025-12-28 14:45:53,759 - dq_error_log - INFO - Progress: 725/725 errors processed
2025-12-28 14:45:53,760 - dq_error_log - INFO - COMPLETE: Logged 725/725 errors for session SINGLE_20251228_144511
2025-12-28 14:45:53,761 - dq_unified - INFO -    Found 725 format issues
2025-12-28 14:45:53,762 - dq_unified - INFO - 4. Checking mandatory fields...
2025-12-28 14:45:53,762 - dq_unified - INFO - Checking mandatory fields
2025-12-28 14:45:53,763 - dq_unified - INFO - Available columns: ['id', 'customer_id', 'transaction_id', 'customer_name', 'email', 'phone', 'transaction_date', 'amount', 'quantity', 'age', 'status', 'description']
2025-12-28 14:45:53,763 - dq_unified - INFO - Checking ALL columns as mandatory: ['id', 'customer_id', 'transaction_id', 'customer_name', 'email', 'phone', 'transaction_date', 'amount', 'quantity', 'age', 'status', 'description']
2025-12-28 14:45:53,764 - dq_unified - INFO - Mandatory field 'id': 100.0% filled
2025-12-28 14:45:53,983 - dq_unified - INFO - Mandatory field 'customer_id': 100.0% filled
2025-12-28 14:45:54,208 - dq_unified - INFO - Mandatory field 'transaction_id': 100.0% filled
2025-12-28 14:45:54,209 - dq_unified - WARNING - Mandatory field 'customer_name': 3,510 missing values (96.1% filled)
2025-12-28 14:45:54,255 - dq_unified - WARNING - Mandatory field 'email': 1,516 missing values (98.3% filled)
2025-12-28 14:45:54,491 - dq_unified - WARNING - Mandatory field 'phone': 1,280 missing values (98.6% filled)
2025-12-28 14:45:54,509 - dq_unified - INFO - Mandatory field 'transaction_date': 100.0% filled
2025-12-28 14:45:54,511 - dq_unified - WARNING - Mandatory field 'amount': 1,133 missing values (98.7% filled)
2025-12-28 14:45:54,523 - dq_unified - INFO - Mandatory field 'quantity': 100.0% filled
2025-12-28 14:45:54,524 - dq_unified - INFO - Mandatory field 'age': 100.0% filled
2025-12-28 14:45:54,525 - dq_unified - INFO - Mandatory field 'status': 100.0% filled
2025-12-28 14:45:54,526 - dq_unified - INFO - Mandatory field 'description': 100.0% filled
2025-12-28 14:45:55,321 - dq_error_log - INFO - Starting batch logging for 7439 errors, session: SINGLE_20251228_144511
2025-12-28 14:45:55,406 - dq_error_log - INFO - Batch 1: Successfully logged 500 errors
2025-12-28 14:45:55,488 - dq_error_log - INFO - Batch 2: Successfully logged 500 errors
2025-12-28 14:45:55,605 - dq_error_log - INFO - Batch 3: Successfully logged 500 errors
2025-12-28 14:45:55,692 - dq_error_log - INFO - Batch 4: Successfully logged 500 errors
2025-12-28 14:45:55,774 - dq_error_log - INFO - Batch 5: Successfully logged 500 errors
2025-12-28 14:45:55,856 - dq_error_log - INFO - Batch 6: Successfully logged 500 errors
2025-12-28 14:45:55,947 - dq_error_log - INFO - Batch 7: Successfully logged 500 errors
2025-12-28 14:45:56,028 - dq_error_log - INFO - Batch 8: Successfully logged 500 errors
2025-12-28 14:45:56,110 - dq_error_log - INFO - Batch 9: Successfully logged 500 errors
2025-12-28 14:45:56,189 - dq_error_log - INFO - Batch 10: Successfully logged 500 errors
2025-12-28 14:45:56,190 - dq_error_log - INFO - Progress: 5000/7439 errors processed
2025-12-28 14:45:56,287 - dq_error_log - INFO - Batch 11: Successfully logged 500 errors
2025-12-28 14:45:56,382 - dq_error_log - INFO - Batch 12: Successfully logged 500 errors
2025-12-28 14:45:56,466 - dq_error_log - INFO - Batch 13: Successfully logged 500 errors
2025-12-28 14:45:56,544 - dq_error_log - INFO - Batch 14: Successfully logged 500 errors
2025-12-28 14:45:56,617 - dq_error_log - INFO - Batch 15: Successfully logged 439 errors
2025-12-28 14:45:56,618 - dq_error_log - INFO - Progress: 7439/7439 errors processed
2025-12-28 14:45:56,618 - dq_error_log - INFO - COMPLETE: Logged 7439/7439 errors for session SINGLE_20251228_144511
2025-12-28 14:45:56,620 - dq_unified - INFO - All columns mandatory: 6012 unique rows with missing values
2025-12-28 14:45:56,621 - dq_unified - INFO -    Found 6,012 missing mandatory values
2025-12-28 14:45:56,622 - dq_unified - INFO - 5. Calculating quality score...
2025-12-28 14:45:56,622 - dq_unified - INFO - Calculating quality score
2025-12-28 14:45:56,626 - dq_unified - INFO - Quality Score Calculation:
2025-12-28 14:45:56,627 - dq_unified - INFO -   Total rows: 89,999
2025-12-28 14:45:56,627 - dq_unified - INFO -   Bad Rows: 6,783
2025-12-28 14:45:56,628 - dq_unified - INFO -   Good rows (no issues): 83,216
2025-12-28 14:45:56,628 - dq_unified - INFO -   Quality Score: 92.46%
2025-12-28 14:45:56,742 - dq_error_log - INFO - Retrieved 200 error logs for session SINGLE_20251228_144511
2025-12-28 14:45:56,830 - dq_error_log - INFO - Retrieved summary: 16009 total errors for session SINGLE_20251228_144511
2025-12-28 14:45:56,831 - dq_unified - INFO - Added 200 error logs to results
2025-12-28 14:45:56,832 - dq_audit - INFO - Audit class initialized with database: dq_checks
2025-12-28 14:45:56,833 - dq_audit - INFO - Starting database insertion for single_source...
2025-12-28 14:45:56,848 - dq_audit - INFO - Inserted single_source record with ID: 468
2025-12-28 14:45:56,859 - dq_audit - INFO - Retrieved 1 audit logs for session SINGLE_20251228_144511
2025-12-28 14:45:56,860 - dq_unified - INFO - Added 1 audit logs to results
2025-12-28 14:45:56,861 - dq_unified - INFO - Analysis completed successfully for Database: oracle - Table: employee
2025-12-28 14:45:56,861 - dq_unified - INFO - Final quality score: 92.46%
2025-12-28 14:45:56,965 - dq_error_log - INFO - Retrieved 200 error logs for session SINGLE_20251228_144511
2025-12-28 14:45:57,058 - dq_error_log - INFO - Retrieved summary: 16009 total errors for session SINGLE_20251228_144511
2025-12-28 14:45:57,073 - dq_audit - INFO - Retrieved 1 audit logs for session SINGLE_20251228_144511
2025-12-28 14:45:57,074 - __main__ - INFO - Analysis completed for session SINGLE_20251228_144511
2025-12-28 14:45:57,166 - __main__ - INFO - Completed with status 200 in 47.696s
