2026-01-07 14:45:26,687 - root - INFO - CLI Mode Logging Initialized
2026-01-07 14:45:26,688 - root - INFO - CLI logs will be saved to: logs/dq_framework_20260107_144526.log
2026-01-07 14:45:26,688 - __main__ - INFO - 🚀 UNIVERSAL DATA QUALITY FRAMEWORK INITIALIZED
2026-01-07 14:45:26,688 - __main__ - INFO - Starting system resource check
2026-01-07 14:45:26,696 - __main__ - INFO - Total RAM: 15.7 GB
2026-01-07 14:45:26,696 - __main__ - INFO - Available RAM: 2.6 GB
2026-01-07 14:45:26,697 - __main__ - INFO - Memory used: 83.7%
2026-01-07 14:45:26,697 - __main__ - INFO - Memory status: OK
2026-01-07 14:45:26,698 - __main__ - INFO - Free disk space: 259.9 GB
2026-01-07 14:45:26,698 - __main__ - INFO - Disk used: 45.4%
2026-01-07 14:45:26,698 - __main__ - INFO - Disk space: OK
2026-01-07 14:45:27,200 - __main__ - INFO - CPU cores: 8
2026-01-07 14:45:27,200 - __main__ - INFO - CPU usage: 54.8%
2026-01-07 14:45:27,200 - __main__ - INFO - Python version: 3.12.4
2026-01-07 14:45:27,200 - __main__ - INFO - System platform: win32
2026-01-07 14:45:27,201 - __main__ - INFO - User session started at: 2026-01-07 14:45:27.201069
2026-01-07 14:45:27,201 - __main__ - INFO - Displaying main menu options to user
2026-01-07 14:45:28,945 - __main__ - INFO - User selected option: 2
2026-01-07 14:45:28,947 - __main__ - INFO - Starting Source-Target Comparison module
2026-01-07 14:45:28,950 - dq_comparison - INFO - STARTING UNIVERSAL SOURCE-TARGET COMPARISON TOOL
2026-01-07 14:45:28,951 - dq_comparison - INFO - LOADING SOURCE AND TARGET DATA
2026-01-07 14:45:28,952 - dq_comparison - INFO - 
==================================================
2026-01-07 14:45:28,952 - dq_comparison - INFO - 🔗 SOURCE DATA CONFIGURATION
2026-01-07 14:45:28,954 - dq_comparison - INFO - ==================================================
2026-01-07 14:45:38,916 - dq_comparison - INFO - SOURCE CSV loaded: 50 rows, 8 columns
2026-01-07 14:45:38,916 - dq_comparison - INFO - 
==================================================
2026-01-07 14:45:38,916 - dq_comparison - INFO - 🔗 TARGET DATA CONFIGURATION
2026-01-07 14:45:38,917 - dq_comparison - INFO - ==================================================
2026-01-07 14:45:50,506 - dq_comparison - INFO - TARGET Excel loaded: 50 rows, 8 columns
2026-01-07 14:45:50,506 - dq_comparison - INFO - SELECTING COLUMNS FOR COMPARISON
2026-01-07 14:45:50,507 - dq_comparison - INFO - Source columns (original): ['CustomerID', 'FirstName', 'LastName', 'PhoneNumber', 'Email', 'Salary', 'JoinDate', 'Address']
2026-01-07 14:45:50,509 - dq_comparison - INFO - Target columns (original): ['CustomerID', 'FirstName', 'LastName', 'PhoneNumber', 'Email', 'Salary', 'JoinDate', 'Address']
2026-01-07 14:45:50,509 - dq_comparison - INFO - Common columns lowercased: ['joindate', 'customerid', 'firstname', 'lastname', 'email', 'phonenumber', 'address', 'salary']
2026-01-07 14:45:50,510 - dq_comparison - INFO - Found 8 common columns between source and target (case-insensitive)
2026-01-07 14:45:50,510 - dq_comparison - INFO - 
📋 Common columns available for comparison:
2026-01-07 14:45:50,510 - dq_comparison - INFO -   1. JoinDate (Source) ↔ JoinDate (Target)
2026-01-07 14:45:50,511 - dq_comparison - INFO -   2. CustomerID (Source) ↔ CustomerID (Target)
2026-01-07 14:45:50,511 - dq_comparison - INFO -   3. FirstName (Source) ↔ FirstName (Target)
2026-01-07 14:45:50,512 - dq_comparison - INFO -   4. LastName (Source) ↔ LastName (Target)
2026-01-07 14:45:50,512 - dq_comparison - INFO -   5. Email (Source) ↔ Email (Target)
2026-01-07 14:45:50,512 - dq_comparison - INFO -   6. PhoneNumber (Source) ↔ PhoneNumber (Target)
2026-01-07 14:45:50,512 - dq_comparison - INFO -   7. Address (Source) ↔ Address (Target)
2026-01-07 14:45:50,513 - dq_comparison - INFO -   8. Salary (Source) ↔ Salary (Target)
2026-01-07 14:45:53,711 - dq_comparison - INFO - User column selection input: all
2026-01-07 14:45:53,712 - dq_comparison - INFO - User selected ALL common columns for comparison
2026-01-07 14:45:53,713 - dq_comparison - INFO - GENERATING COMPREHENSIVE COMPARISON REPORT
2026-01-07 14:45:53,715 - dq_comparison - INFO - Report details - Source: CSV: test_target.csv, Target: Excel: test_source.xlsx (Sheet1), Selected columns: 8
2026-01-07 14:45:53,715 - dq_comparison - INFO - Initializing Error Logger...
2026-01-07 14:45:53,716 - dq_error_log - INFO - ErrorLogger initialized with database: dq_checks
2026-01-07 14:45:53,893 - dq_error_log - INFO - Database connection successful
2026-01-07 14:45:53,894 - dq_comparison - INFO - Session ID: CMP_20260107_144553
2026-01-07 14:45:53,894 - dq_comparison - INFO - 
======================================================================
2026-01-07 14:45:53,895 - dq_comparison - INFO - 🔄 RUNNING SOURCE-TARGET COMPARISON WITH PERFECT NORMALIZATION
2026-01-07 14:45:53,896 - dq_comparison - INFO - ======================================================================
2026-01-07 14:45:53,896 - dq_comparison - INFO - Session ID: CMP_20260107_144553
2026-01-07 14:45:53,897 - dq_comparison - INFO - Source: CSV: test_target.csv
2026-01-07 14:45:53,897 - dq_comparison - INFO - Target: Excel: test_source.xlsx (Sheet1)
2026-01-07 14:45:53,897 - dq_comparison - INFO - Selected columns: 8
2026-01-07 14:45:53,898 - dq_comparison - INFO - ======================================================================
2026-01-07 14:45:53,898 - dq_comparison - INFO - 
1️⃣ FIRST: ROW COUNT CHECK
2026-01-07 14:45:53,898 - dq_comparison - INFO - ✅ Row counts match: 50 rows
2026-01-07 14:45:53,898 - dq_comparison - INFO - 
2️⃣ COLUMN STRUCTURE COMPARISON
2026-01-07 14:45:53,899 - dq_comparison - INFO - Comparing column structures...
2026-01-07 14:45:53,899 - dq_comparison - INFO - Column structure comparison complete. Match: True
2026-01-07 14:45:53,899 - dq_comparison - INFO - 
3️⃣ PRIMARY KEY VALIDATION
2026-01-07 14:45:53,900 - dq_comparison - INFO - Validating primary key/unique fields...
2026-01-07 14:45:53,900 - dq_comparison - INFO - Checking key fields: ['CustomerID', 'CustomerID']
2026-01-07 14:45:53,902 - dq_comparison - INFO - Primary key validation complete. Passed: True
2026-01-07 14:45:53,903 - dq_comparison - INFO -    Key fields found: ['CustomerID', 'CustomerID']
2026-01-07 14:45:53,903 - dq_comparison - INFO -    Unique in source: ✅
2026-01-07 14:45:53,903 - dq_comparison - INFO -    Unique in target: ✅
2026-01-07 14:45:53,903 - dq_comparison - INFO -    Validation passed: ✅
2026-01-07 14:45:53,903 - dq_comparison - INFO -    Column names match: ✅
2026-01-07 14:45:53,904 - dq_comparison - INFO -    Column order match: ✅
2026-01-07 14:45:53,904 - dq_comparison - INFO -    Data types match: ✅
2026-01-07 14:45:53,904 - dq_comparison - INFO - 
4️⃣ TABLE METADATA COMPARISON
2026-01-07 14:45:53,904 - dq_comparison - INFO - Comparing table-level metadata...
2026-01-07 14:45:53,913 - dq_comparison - INFO - Table metadata comparison complete. Match: True
2026-01-07 14:45:53,913 - dq_comparison - INFO -    Table metadata match: ✅
2026-01-07 14:45:53,913 - dq_comparison - INFO -    Source: 50 rows, 8 cols, 0.02 MB
2026-01-07 14:45:53,914 - dq_comparison - INFO -    Target: 50 rows, 8 cols, 0.02 MB
2026-01-07 14:45:53,914 - dq_comparison - INFO - 
5️⃣ HASH-BASED COMPARISON
2026-01-07 14:45:53,914 - dq_comparison - INFO - ℹ️  Note: All NULL values normalized to 'NULL'
2026-01-07 14:45:53,915 - dq_comparison - INFO - ℹ️  Note: Dates normalized to YYYY-MM-DD
2026-01-07 14:45:53,915 - dq_comparison - INFO - ℹ️  Note: Strings trimmed and case-normalized
2026-01-07 14:45:53,916 - dq_comparison - INFO - ℹ️  Note: Phone numbers stripped to digits only, leading zeros removed
2026-01-07 14:45:53,916 - dq_comparison - INFO - SECOND CHECK: HASH-BASED COMPARISON WITH PERFECT NORMALIZATION
2026-01-07 14:45:53,916 - dq_comparison - INFO - Source DF columns: ['CustomerID', 'FirstName', 'LastName', 'PhoneNumber', 'Email', 'Salary', 'JoinDate', 'Address']
2026-01-07 14:45:53,917 - dq_comparison - INFO - Target DF columns: ['CustomerID', 'FirstName', 'LastName', 'PhoneNumber', 'Email', 'Salary', 'JoinDate', 'Address']
2026-01-07 14:45:53,917 - dq_comparison - INFO - Selected columns for comparison: ['JoinDate', 'CustomerID', 'FirstName', 'LastName', 'Email', 'PhoneNumber', 'Address', 'Salary']
2026-01-07 14:45:53,917 - dq_comparison - INFO - Using 8 common columns for hash comparison
2026-01-07 14:45:53,918 - dq_comparison - INFO - Source columns: ['JoinDate', 'CustomerID', 'FirstName', 'LastName', 'Email', 'PhoneNumber', 'Address', 'Salary']
2026-01-07 14:45:53,918 - dq_comparison - INFO - Target columns: ['JoinDate', 'CustomerID', 'FirstName', 'LastName', 'Email', 'PhoneNumber', 'Address', 'Salary']
2026-01-07 14:45:53,918 - dq_comparison - INFO - Generating hashes for source data (50 rows)...
2026-01-07 14:45:53,927 - dq_comparison - INFO - Generating hashes for target data (50 rows)...
2026-01-07 14:45:53,933 - dq_comparison - INFO - Hash-based Comparison Results (with duplicate handling):
2026-01-07 14:45:53,934 - dq_comparison - INFO -   • Unique source hashes: 50
2026-01-07 14:45:53,934 - dq_comparison - INFO -   • Unique target hashes: 50
2026-01-07 14:45:53,935 - dq_comparison - INFO -   • Common hashes: 10
2026-01-07 14:45:53,935 - dq_comparison - INFO -   • Common rows (counting duplicates): 10
2026-01-07 14:45:53,935 - dq_comparison - INFO -   • Rows only in source (counting duplicates): 40
2026-01-07 14:45:53,936 - dq_comparison - INFO -   • Rows only in target (counting duplicates): 40
2026-01-07 14:45:53,936 - dq_comparison - INFO - Found 40 rows missing in target
2026-01-07 14:45:53,950 - dq_error_log - ERROR - General Error logging error: slice(None, 200, None)
2026-01-07 14:45:53,976 - dq_error_log - ERROR - General Error logging error: slice(None, 200, None)
2026-01-07 14:45:53,992 - dq_error_log - ERROR - General Error logging error: slice(None, 200, None)
2026-01-07 14:45:54,009 - dq_error_log - ERROR - General Error logging error: slice(None, 200, None)
2026-01-07 14:45:54,025 - dq_error_log - ERROR - General Error logging error: slice(None, 200, None)
2026-01-07 14:45:54,033 - dq_comparison - INFO - Found 40 extra rows in target
2026-01-07 14:45:54,045 - dq_error_log - ERROR - General Error logging error: slice(None, 200, None)
2026-01-07 14:45:54,066 - dq_error_log - ERROR - General Error logging error: slice(None, 200, None)
2026-01-07 14:45:54,084 - dq_error_log - ERROR - General Error logging error: slice(None, 200, None)
2026-01-07 14:45:54,102 - dq_error_log - ERROR - General Error logging error: slice(None, 200, None)
2026-01-07 14:45:54,120 - dq_error_log - ERROR - General Error logging error: slice(None, 200, None)
2026-01-07 14:45:54,128 - dq_comparison - INFO - PERFORMING DETAILED COLUMN-BY-COLUMN COMPARISON...
2026-01-07 14:45:54,129 - dq_comparison - INFO - Will compare 50 rows (min of source:50 and target:50)
2026-01-07 14:45:54,144 - dq_error_log - ERROR - General Error logging error: slice(None, 200, None)
2026-01-07 14:45:54,164 - dq_error_log - ERROR - General Error logging error: slice(None, 200, None)
2026-01-07 14:45:54,185 - dq_error_log - ERROR - General Error logging error: slice(None, 200, None)
2026-01-07 14:45:54,204 - dq_error_log - ERROR - General Error logging error: slice(None, 200, None)
2026-01-07 14:45:54,220 - dq_error_log - ERROR - General Error logging error: slice(None, 200, None)
2026-01-07 14:45:54,240 - dq_error_log - ERROR - General Error logging error: slice(None, 200, None)
2026-01-07 14:45:54,260 - dq_error_log - ERROR - General Error logging error: slice(None, 200, None)
2026-01-07 14:45:54,278 - dq_error_log - ERROR - General Error logging error: slice(None, 200, None)
2026-01-07 14:45:54,297 - dq_error_log - ERROR - General Error logging error: slice(None, 200, None)
2026-01-07 14:45:54,317 - dq_error_log - ERROR - General Error logging error: slice(None, 200, None)
2026-01-07 14:45:54,335 - dq_error_log - ERROR - General Error logging error: slice(None, 200, None)
2026-01-07 14:45:54,353 - dq_error_log - ERROR - General Error logging error: slice(None, 200, None)
2026-01-07 14:45:54,372 - dq_error_log - ERROR - General Error logging error: slice(None, 200, None)
2026-01-07 14:45:54,390 - dq_error_log - ERROR - General Error logging error: slice(None, 200, None)
2026-01-07 14:45:54,410 - dq_error_log - ERROR - General Error logging error: slice(None, 200, None)
2026-01-07 14:45:54,430 - dq_error_log - ERROR - General Error logging error: slice(None, 200, None)
2026-01-07 14:45:54,446 - dq_error_log - ERROR - General Error logging error: slice(None, 200, None)
2026-01-07 14:45:54,465 - dq_error_log - ERROR - General Error logging error: slice(None, 200, None)
2026-01-07 14:45:54,485 - dq_error_log - ERROR - General Error logging error: slice(None, 200, None)
2026-01-07 14:45:54,506 - dq_error_log - ERROR - General Error logging error: slice(None, 200, None)
2026-01-07 14:45:54,528 - dq_error_log - ERROR - General Error logging error: slice(None, 200, None)
2026-01-07 14:45:54,544 - dq_error_log - ERROR - General Error logging error: slice(None, 200, None)
2026-01-07 14:45:54,561 - dq_error_log - ERROR - General Error logging error: slice(None, 200, None)
2026-01-07 14:45:54,578 - dq_error_log - ERROR - General Error logging error: slice(None, 200, None)
2026-01-07 14:45:54,594 - dq_error_log - ERROR - General Error logging error: slice(None, 200, None)
2026-01-07 14:45:54,616 - dq_error_log - ERROR - General Error logging error: slice(None, 200, None)
2026-01-07 14:45:54,636 - dq_error_log - ERROR - General Error logging error: slice(None, 200, None)
2026-01-07 14:45:54,655 - dq_error_log - ERROR - General Error logging error: slice(None, 200, None)
2026-01-07 14:45:54,675 - dq_error_log - ERROR - General Error logging error: slice(None, 200, None)
2026-01-07 14:45:54,696 - dq_error_log - ERROR - General Error logging error: slice(None, 200, None)
2026-01-07 14:45:54,712 - dq_error_log - ERROR - General Error logging error: slice(None, 200, None)
2026-01-07 14:45:54,731 - dq_error_log - ERROR - General Error logging error: slice(None, 200, None)
2026-01-07 14:45:54,748 - dq_error_log - ERROR - General Error logging error: slice(None, 200, None)
2026-01-07 14:45:54,767 - dq_error_log - ERROR - General Error logging error: slice(None, 200, None)
2026-01-07 14:45:54,787 - dq_error_log - ERROR - General Error logging error: slice(None, 200, None)
2026-01-07 14:45:54,806 - dq_error_log - ERROR - General Error logging error: slice(None, 200, None)
2026-01-07 14:45:54,825 - dq_error_log - ERROR - General Error logging error: slice(None, 200, None)
2026-01-07 14:45:54,843 - dq_error_log - ERROR - General Error logging error: slice(None, 200, None)
2026-01-07 14:45:54,859 - dq_error_log - ERROR - General Error logging error: slice(None, 200, None)
2026-01-07 14:45:54,876 - dq_error_log - ERROR - General Error logging error: slice(None, 200, None)
2026-01-07 14:45:54,884 - dq_comparison - INFO - Found 40 column value mismatches across all rows
2026-01-07 14:45:54,884 - dq_comparison - INFO - Returning counts for simple scoring:
2026-01-07 14:45:54,884 - dq_comparison - INFO -   Common rows: 10
2026-01-07 14:45:54,887 - dq_comparison - INFO -   Unique to source: 40
2026-01-07 14:45:54,887 - dq_comparison - INFO -   Unique to target: 40
2026-01-07 14:45:54,887 - dq_comparison - INFO -   Value mismatches: 40
2026-01-07 14:45:54,888 - dq_comparison - INFO - 
6️⃣ DATA QUALITY ANALYSIS
2026-01-07 14:45:54,888 - dq_comparison - INFO - Analyzing data quality metrics...
2026-01-07 14:45:54,899 - dq_comparison - INFO - Null values - Source: 5 (1.25%), Target: 5 (1.25%)
2026-01-07 14:45:54,901 - dq_comparison - INFO - Duplicate rows (normalized) - Source: 0, Target: 0
2026-01-07 14:45:54,914 - dq_error_log - INFO - Retrieved 0 error logs for session CMP_20260107_144553
2026-01-07 14:45:54,915 - dq_comparison - INFO - 
📊 SIMPLE SCORING CALCULATION:
2026-01-07 14:45:54,915 - dq_comparison - INFO -   Source rows: 50
2026-01-07 14:45:54,916 - dq_comparison - INFO -   Common rows (matched): 10
2026-01-07 14:45:54,916 - dq_comparison - INFO -   Calculation: (10 / 50) * 100 = 20.00%
2026-01-07 14:45:54,917 - dq_comparison - INFO -   Explanation: 10 matched rows out of 50 total source rows
2026-01-07 14:45:54,917 - dq_comparison - INFO - 
=== AUDIT LOGGING SECTION ===
2026-01-07 14:45:54,921 - dq_comparison - INFO - 🔍 Audit logging is ENABLED in APP_SETTINGS
2026-01-07 14:45:54,922 - dq_audit - INFO - Audit class initialized with database: dq_checks
2026-01-07 14:45:54,922 - dq_comparison - INFO - Attempting to log audit record for session: CMP_20260107_144553
2026-01-07 14:45:54,923 - dq_audit - INFO - Starting database insertion for comparison...
2026-01-07 14:45:54,946 - dq_audit - INFO - Inserted comparison record with ID: 529
2026-01-07 14:45:54,946 - dq_comparison - INFO - ✅ Audit record logged successfully (ID: 529)
2026-01-07 14:45:54,948 - dq_comparison - INFO - 
======================================================================
2026-01-07 14:45:54,948 - dq_comparison - INFO - 📊 COMPARISON RESULTS SUMMARY
2026-01-07 14:45:54,950 - dq_comparison - INFO - ======================================================================
2026-01-07 14:45:54,950 - dq_comparison - INFO - Session ID: CMP_20260107_144553
2026-01-07 14:45:54,951 - dq_comparison - INFO - Source: CSV: test_target.csv (50 rows)
2026-01-07 14:45:54,951 - dq_comparison - INFO - Target: Excel: test_source.xlsx (Sheet1) (50 rows)
2026-01-07 14:45:54,952 - dq_comparison - INFO - Selected columns: 8
2026-01-07 14:45:54,952 - dq_comparison - INFO - ----------------------------------------------------------------------
2026-01-07 14:45:54,952 - dq_comparison - INFO - 1️⃣ Row count match: ✅ Yes
2026-01-07 14:45:54,953 - dq_comparison - INFO - 2️⃣ Column structure match: ✅ Yes
2026-01-07 14:45:54,953 - dq_comparison - INFO - 3️ Primary key validation: ✅ Passed
2026-01-07 14:45:54,954 - dq_comparison - INFO -    Key fields: ['CustomerID', 'CustomerID']
2026-01-07 14:45:54,954 - dq_comparison - INFO - 4️ Table metadata: ✅ Match
2026-01-07 14:45:54,954 - dq_comparison - INFO - 5️ Common rows (hash match): 10 (20.00% of source)
2026-01-07 14:45:54,954 - dq_comparison - INFO - 6️ Rows only in source: 40
2026-01-07 14:45:54,955 - dq_comparison - INFO - 7️ Rows only in target: 40
2026-01-07 14:45:54,955 - dq_comparison - INFO - 8️ Column value mismatches: 0
2026-01-07 14:45:54,955 - dq_comparison - INFO - 9️ Data quality match: ✅ Yes
2026-01-07 14:45:54,955 - dq_comparison - INFO - 📈 DQ Score: 20.00%
2026-01-07 14:45:54,956 - dq_comparison - INFO - 📊 Calculation: (10 / 50) * 100 = 20.00%
2026-01-07 14:45:54,956 - dq_comparison - INFO - ======================================================================
2026-01-07 14:45:54,956 - dq_comparison - INFO - 
❌ LOW MATCH! Major differences found.
2026-01-07 14:45:54,957 - dq_comparison - INFO - 
🔍 NORMALIZATION APPLIED:
2026-01-07 14:45:54,957 - dq_comparison - INFO -    • NULL values → 'NULL' (consistent representation)
2026-01-07 14:45:54,957 - dq_comparison - INFO -    • Dates → YYYY-MM-DD format
2026-01-07 14:45:54,957 - dq_comparison - INFO -    • Strings → trimmed + lowercase
2026-01-07 14:45:54,958 - dq_comparison - INFO -    • Numeric values → standardized format
2026-01-07 14:45:54,961 - dq_comparison - INFO -    • Phone numbers → digits only, ALL leading zeros removed
2026-01-07 14:45:54,961 - dq_comparison - INFO -    • Extra whitespace removed
2026-01-07 14:45:54,962 - dq_comparison - INFO - 
🔍 DETAILED ERROR ANALYSIS:
2026-01-07 14:45:54,962 - dq_comparison - INFO - --------------------------------------------------
2026-01-07 14:45:54,971 - dq_error_log - INFO - Retrieved 0 errors for session CMP_20260107_144553
2026-01-07 14:45:54,972 - dq_comparison - INFO - 
💡 For complete error details, run:
2026-01-07 14:45:54,972 - dq_comparison - INFO -    USE dq_checks;
2026-01-07 14:45:54,973 - dq_comparison - INFO -    SELECT excel_row, column_name, error_type, error_description,
2026-01-07 14:45:54,973 - dq_comparison - INFO -           actual_value, expected_value
2026-01-07 14:45:54,973 - dq_comparison - INFO -    FROM dq_error_logs
2026-01-07 14:45:54,974 - dq_comparison - INFO -    WHERE session_id = 'CMP_20260107_144553'
2026-01-07 14:45:54,975 - dq_comparison - INFO -    ORDER BY excel_row, column_name;
2026-01-07 14:45:54,988 - dq_comparison - INFO - 
✅ Comparison completed! Session ID: CMP_20260107_144553
2026-01-07 14:45:55,000 - dq_error_log - INFO - Retrieved 1 error logs for session CMP_20260107_144553
2026-01-07 14:45:55,017 - dq_error_log - INFO - Retrieved summary: 1 total errors for session CMP_20260107_144553
2026-01-07 14:45:55,017 - dq_audit - INFO - Audit class initialized with database: dq_checks
2026-01-07 14:45:55,032 - dq_audit - INFO - Retrieved 1 audit logs for session CMP_20260107_144553
2026-01-07 14:45:55,032 - dq_comparison - INFO - 
🔍 Final results verification:
2026-01-07 14:45:55,033 - dq_comparison - INFO -    Session ID: CMP_20260107_144553
2026-01-07 14:45:55,033 - dq_comparison - INFO -    DQ Score (Simple %): 20.00%
2026-01-07 14:45:55,033 - dq_comparison - INFO -    Source rows: 50
2026-01-07 14:45:55,034 - dq_comparison - INFO -    Matched rows: 10
2026-01-07 14:45:55,034 - dq_comparison - INFO -    Calculation: (10 / 50) * 100
2026-01-07 14:45:55,036 - __main__ - INFO - Source-Target Comparison completed successfully
2026-01-07 14:45:55,038 - __main__ - INFO - Displaying main menu options to user
2026-01-07 14:46:05,249 - __main__ - INFO - User selected option: 6
2026-01-07 14:46:05,254 - __main__ - INFO - User session ended. Duration: 0:00:38.053382
2026-01-07 14:46:05,271 - __main__ - INFO - 👋 Thank you for using Universal Data Quality Framework!
