2026-01-09 23:05:37,761 - root - INFO - CLI Mode Logging Initialized
2026-01-09 23:05:37,761 - root - INFO - CLI logs will be saved to: logs/dq_framework_20260109_230537.log
2026-01-09 23:05:37,761 - __main__ - INFO - 🚀 UNIVERSAL DATA QUALITY FRAMEWORK INITIALIZED
2026-01-09 23:05:37,762 - __main__ - INFO - Starting system resource check
2026-01-09 23:05:37,768 - __main__ - INFO - Total RAM: 15.7 GB
2026-01-09 23:05:37,768 - __main__ - INFO - Available RAM: 3.1 GB
2026-01-09 23:05:37,768 - __main__ - INFO - Memory used: 80.6%
2026-01-09 23:05:37,769 - __main__ - INFO - Memory status: OK
2026-01-09 23:05:37,770 - __main__ - INFO - Free disk space: 261.0 GB
2026-01-09 23:05:37,770 - __main__ - INFO - Disk used: 45.2%
2026-01-09 23:05:37,770 - __main__ - INFO - Disk space: OK
2026-01-09 23:05:38,271 - __main__ - INFO - CPU cores: 8
2026-01-09 23:05:38,272 - __main__ - INFO - CPU usage: 15.6%
2026-01-09 23:05:38,272 - __main__ - INFO - Python version: 3.12.4
2026-01-09 23:05:38,272 - __main__ - INFO - System platform: win32
2026-01-09 23:05:38,272 - __main__ - INFO - User session started at: 2026-01-09 23:05:38.272919
2026-01-09 23:05:38,273 - __main__ - INFO - Displaying main menu options to user
2026-01-09 23:05:40,359 - __main__ - INFO - User selected option: 4
2026-01-09 23:05:40,360 - __main__ - INFO - Starting Business Rules Engine module
2026-01-09 23:05:40,364 - dq_rules - INFO - STARTING BUSINESS RULES VALIDATION
2026-01-09 23:05:40,366 - dq_rules - INFO - LOADING DATA FOR BUSINESS RULES
2026-01-09 23:05:40,366 - dq_rules - INFO - === DEBUG load_data_for_rules ===
2026-01-09 23:05:40,366 - dq_rules - INFO - UI data type: <class 'NoneType'>
2026-01-09 23:05:40,367 - dq_rules - INFO - ===============================
2026-01-09 23:05:40,367 - dq_rules - INFO - Prompting user for data source type for rules
2026-01-09 23:05:41,751 - dq_rules - INFO - User selected source type: 3
2026-01-09 23:05:41,751 - dq_rules - INFO - Getting database configuration for rules - with navigator support
2026-01-09 23:05:43,368 - dq_rules - INFO - User selected Browse and Select mode
2026-01-09 23:05:43,375 - database_navigator - INFO - DatabaseNavigator initialized
2026-01-09 23:05:43,375 - database_navigator - INFO - Starting database navigation...
2026-01-09 23:05:47,318 - database_navigator - INFO - Database type: oracle
2026-01-09 23:05:47,319 - database_navigator - INFO - Getting database configuration...
2026-01-09 23:05:51,258 - database_navigator - INFO - Connecting to ORACLE...
2026-01-09 23:05:51,689 - database_navigator - INFO - Successfully connected to ORACLE!
2026-01-09 23:05:51,694 - database_navigator - INFO - get_databases() called. db_type: oracle, connection exists: True
2026-01-09 23:05:51,700 - database_navigator - INFO - Found 16 databases
2026-01-09 23:05:55,271 - database_navigator - INFO - Selected database: SYSTEM
2026-01-09 23:05:55,274 - database_navigator - INFO - Found 1 schemas
2026-01-09 23:05:56,555 - database_navigator - INFO - Selected schema: SYSTEM
2026-01-09 23:05:56,585 - database_navigator - INFO - Found 157 tables in schema 'SYSTEM'
2026-01-09 23:06:10,243 - database_navigator - INFO - Selected table: CUSTOMERS
2026-01-09 23:06:10,250 - database_navigator - INFO - Selection complete: {'type': 'oracle', 'database': 'SYSTEM', 'schema': 'SYSTEM', 'table': 'CUSTOMERS', 'selection_mode': 'hierarchical', 'host': 'localhost', 'port': '1521', 'user': 'system', 'password': 'manager', 'service_name': 'XE', 'encoding': 'UTF-8'}
2026-01-09 23:06:10,261 - dq_rules - INFO - Selected via navigation: SYSTEM.SYSTEM.CUSTOMERS
2026-01-09 23:06:10,261 - dq_rules - INFO - Source type: database, Source config: {'type': 'oracle', 'host': 'localhost', 'port': '1521', 'database': 'SYSTEM', 'schema': 'SYSTEM', 'table': 'CUSTOMERS', 'user': 'system', 'password': 'manager', 'selection_mode': 'hierarchical', 'service_name': 'XE', 'encoding': 'UTF-8'}
2026-01-09 23:06:10,261 - dq_unified - INFO - Loading data from DATABASE
2026-01-09 23:06:10,262 - dq_unified - INFO - Loading large database table: CUSTOMERS
2026-01-09 23:06:10,262 - dq_unified - INFO - Normalized DB config with schema: SYSTEM
2026-01-09 23:06:10,288 - dq_unified - INFO - Oracle table "SYSTEM"."CUSTOMERS" has 15 rows
2026-01-09 23:06:10,288 - dq_unified - INFO - Loading 15 rows from Oracle...
2026-01-09 23:06:11,394 - dq_unified - INFO - Loaded 15 rows from Oracle
2026-01-09 23:06:11,404 - dq_unified - INFO - Memory optimization: 0.0MB -> 0.0MB (Saved: 0.0MB)
2026-01-09 23:06:11,404 - dq_unified - INFO - Standardizing data types...
2026-01-09 23:06:11,406 - dq_unified - INFO - Data type standardization complete
2026-01-09 23:06:11,407 - dq_unified - INFO - Loaded 15 rows, 10 columns. Memory: 117.9MB total, 0.0MB for dataframe
2026-01-09 23:06:11,408 - dq_rules - INFO - Loaded data: 15 rows, 10 columns
2026-01-09 23:06:11,409 - dq_error_log - INFO - ErrorLogger initialized with database: dq_checks
2026-01-09 23:06:11,409 - dq_rules - INFO - DEFINING CUSTOM BUSINESS RULES
2026-01-09 23:06:11,410 - dq_rules - INFO - Available columns: ['CUSTOMERNAME', 'EMAIL', 'PHONE', 'SALARY', 'DEPARTMENT', 'JOINDATE', 'POSTALCODE', 'CITY', 'COUNTRY', 'STATE']
2026-01-09 23:06:52,188 - dq_rules - INFO - User selected rule type: 6
2026-01-09 23:06:52,189 - dq_rules - INFO - CREATING COMPREHENSIVE RULE SET
2026-01-09 23:06:52,195 - dq_rules - INFO - THRESHOLD RULES SETUP
2026-01-09 23:06:52,197 - dq_rules - INFO - Available numeric columns: ['PHONE', 'SALARY', 'JOINDATE', 'POSTALCODE']
2026-01-09 23:07:02,761 - dq_rules - INFO - PATTERN RULES SETUP
2026-01-09 23:07:02,762 - dq_rules - INFO - Available string columns: ['CUSTOMERNAME', 'EMAIL', 'CITY', 'STATE']
2026-01-09 23:07:03,790 - dq_rules - INFO - RANGE RULES SETUP
2026-01-09 23:07:03,790 - dq_rules - INFO - Available numeric columns: ['PHONE', 'SALARY', 'JOINDATE', 'POSTALCODE']
2026-01-09 23:07:04,741 - dq_rules - INFO - NULL CHECK RULES SETUP
2026-01-09 23:07:08,546 - dq_rules - INFO - Checking for columns with null values...
2026-01-09 23:07:08,547 - dq_rules - INFO - Found 1 null values in 'CUSTOMERNAME'
2026-01-09 23:07:08,549 - dq_rules - INFO - Created null check rule for CUSTOMERNAME
2026-01-09 23:07:08,550 - dq_rules - INFO - Found 1 null values in 'EMAIL'
2026-01-09 23:07:08,551 - dq_rules - INFO - Created null check rule for EMAIL
2026-01-09 23:07:08,552 - dq_rules - INFO - Found 2 null values in 'SALARY'
2026-01-09 23:07:08,553 - dq_rules - INFO - Created null check rule for SALARY
2026-01-09 23:07:08,554 - dq_rules - INFO - Found 1 null values in 'DEPARTMENT'
2026-01-09 23:07:08,555 - dq_rules - INFO - Created null check rule for DEPARTMENT
2026-01-09 23:07:08,555 - dq_rules - INFO - Found 1 null values in 'POSTALCODE'
2026-01-09 23:07:08,556 - dq_rules - INFO - Created null check rule for POSTALCODE
2026-01-09 23:07:08,556 - dq_rules - INFO - Found 1 null values in 'STATE'
2026-01-09 23:07:08,557 - dq_rules - INFO - Created null check rule for STATE
2026-01-09 23:07:08,558 - dq_rules - INFO - KPI THRESHOLD RULES SETUP
2026-01-09 23:07:21,951 - dq_rules - INFO - Current row count: 15
2026-01-09 23:07:36,747 - dq_rules - INFO - Storing KPI history for: row_count
2026-01-09 23:07:36,749 - dq_rules - INFO - Storing KPI history for: row_count
2026-01-09 23:07:36,749 - dq_rules - INFO - Connecting to database: dq_checks at localhost
2026-01-09 23:07:36,842 - dq_rules - INFO - Database connection successful!
2026-01-09 23:07:36,842 - dq_rules - INFO - Checking kpi_history table structure...
2026-01-09 23:07:36,846 - dq_rules - INFO - kpi_history table exists, checking structure...
2026-01-09 23:07:36,859 - dq_rules - INFO - Current columns in kpi_history: ['id', 'session_id', 'kpi_name', 'kpi_value', 'threshold_value', 'check_timestamp', 'created_at']
2026-01-09 23:07:36,859 - dq_rules - INFO - Table has correct schema, using existing table
2026-01-09 23:07:36,859 - dq_rules - INFO - Inserting KPI: row_count = 15.0 for session RULES_20260109_230611
2026-01-09 23:07:36,882 - dq_rules - INFO - ✅ KPI history stored successfully for: row_count (ID: 11)
2026-01-09 23:07:36,883 - dq_rules - INFO - Created KPI rule: KPI: Total row count | Percentage threshold: 10.0% | Max growth: 20.0%
2026-01-09 23:07:36,885 - dq_rules - INFO - Created comprehensive rule set with 6 rules
2026-01-09 23:07:36,886 - dq_rules - INFO - Defined 6 business rules
2026-01-09 23:07:36,886 - dq_rules - INFO - EXECUTING 6 BUSINESS RULES
2026-01-09 23:07:36,888 - dq_rules - INFO - Executing rule: CUSTOMERNAME should have no null values (currently 1 nulls)
2026-01-09 23:07:36,889 - dq_rules - INFO - Executing threshold rule: CUSTOMERNAME should have no null values (currently 1 nulls)
2026-01-09 23:07:36,890 - dq_rules - INFO - Threshold rule 'CUSTOMERNAME should have no null values (currently 1 nulls)': 0 violations found
2026-01-09 23:07:36,891 - dq_rules - INFO - No violations found
2026-01-09 23:07:36,891 - dq_rules - INFO - Rule 'CUSTOMERNAME should have no null values (currently 1 nulls)' completed with status: PASS
2026-01-09 23:07:36,891 - dq_rules - INFO - Executing rule: EMAIL should have no null values (currently 1 nulls)
2026-01-09 23:07:36,891 - dq_rules - INFO - Executing threshold rule: EMAIL should have no null values (currently 1 nulls)
2026-01-09 23:07:36,892 - dq_rules - INFO - Threshold rule 'EMAIL should have no null values (currently 1 nulls)': 0 violations found
2026-01-09 23:07:36,893 - dq_rules - INFO - No violations found
2026-01-09 23:07:36,896 - dq_rules - INFO - Rule 'EMAIL should have no null values (currently 1 nulls)' completed with status: PASS
2026-01-09 23:07:36,896 - dq_rules - INFO - Executing rule: SALARY should have no null values (currently 2 nulls)
2026-01-09 23:07:36,897 - dq_rules - INFO - Executing threshold rule: SALARY should have no null values (currently 2 nulls)
2026-01-09 23:07:36,898 - dq_rules - INFO - Threshold rule 'SALARY should have no null values (currently 2 nulls)': 0 violations found
2026-01-09 23:07:36,898 - dq_rules - INFO - No violations found
2026-01-09 23:07:36,899 - dq_rules - INFO - Rule 'SALARY should have no null values (currently 2 nulls)' completed with status: PASS
2026-01-09 23:07:36,899 - dq_rules - INFO - Executing rule: DEPARTMENT should have no null values (currently 1 nulls)
2026-01-09 23:07:36,900 - dq_rules - INFO - Executing threshold rule: DEPARTMENT should have no null values (currently 1 nulls)
2026-01-09 23:07:36,900 - dq_rules - INFO - Threshold rule 'DEPARTMENT should have no null values (currently 1 nulls)': 0 violations found
2026-01-09 23:07:36,901 - dq_rules - INFO - No violations found
2026-01-09 23:07:36,901 - dq_rules - INFO - Rule 'DEPARTMENT should have no null values (currently 1 nulls)' completed with status: PASS
2026-01-09 23:07:36,902 - dq_rules - INFO - Executing rule: POSTALCODE should have no null values (currently 1 nulls)
2026-01-09 23:07:36,902 - dq_rules - INFO - Executing threshold rule: POSTALCODE should have no null values (currently 1 nulls)
2026-01-09 23:07:36,903 - dq_rules - INFO - Threshold rule 'POSTALCODE should have no null values (currently 1 nulls)': 0 violations found
2026-01-09 23:07:36,903 - dq_rules - INFO - No violations found
2026-01-09 23:07:36,904 - dq_rules - INFO - Rule 'POSTALCODE should have no null values (currently 1 nulls)' completed with status: PASS
2026-01-09 23:07:36,904 - dq_rules - INFO - Executing rule: STATE should have no null values (currently 1 nulls)
2026-01-09 23:07:36,905 - dq_rules - INFO - Executing threshold rule: STATE should have no null values (currently 1 nulls)
2026-01-09 23:07:36,906 - dq_rules - INFO - Threshold rule 'STATE should have no null values (currently 1 nulls)': 0 violations found
2026-01-09 23:07:36,906 - dq_rules - INFO - No violations found
2026-01-09 23:07:36,907 - dq_rules - INFO - Rule 'STATE should have no null values (currently 1 nulls)' completed with status: PASS
2026-01-09 23:07:36,907 - dq_rules - INFO - TOTAL VIOLATIONS ACROSS ALL RULES: 0
2026-01-09 23:07:36,908 - dq_rules - INFO - GENERATING BUSINESS RULES VALIDATION REPORT
2026-01-09 23:07:36,908 - dq_rules - INFO - Report for: Database: oracle - Table: CUSTOMERS, Records: 15, Columns: 10
2026-01-09 23:07:36,912 - dq_audit - INFO - Audit class initialized with database: dq_checks
2026-01-09 23:07:36,912 - dq_audit - INFO - Starting database insertion for rules...
2026-01-09 23:07:36,930 - dq_audit - INFO - Inserted rules record with ID: 599
2026-01-09 23:07:36,930 - dq_rules - INFO - Audit record logged with ID: 599
2026-01-09 23:07:36,936 - dq_rules - INFO - RULES SUMMARY: Total Rules: 6, Passed: 6, Failed: 0, Errors: 0, Total Violations: 0
2026-01-09 23:07:36,953 - dq_error_log - INFO - Retrieved 0 errors for session RULES_20260109_230611
2026-01-09 23:07:36,954 - dq_rules - INFO - ERROR LOGGING: Session ID: RULES_20260109_230611, Total errors logged: 0
2026-01-09 23:07:43,299 - __main__ - INFO - Business Rules Engine completed successfully
2026-01-09 23:07:43,301 - __main__ - INFO - Displaying main menu options to user
2026-01-09 23:07:45,647 - __main__ - INFO - User selected option: 6
2026-01-09 23:07:45,648 - __main__ - INFO - User session ended. Duration: 0:02:07.375525
2026-01-09 23:07:45,648 - __main__ - INFO - 👋 Thank you for using Universal Data Quality Framework!
