2026-02-02 16:47:01,566 - root - INFO - CLI Mode Logging Initialized
2026-02-02 16:47:01,566 - root - INFO - CLI logs will be saved to: logs/dq_framework_20260202_164701.log
2026-02-02 16:47:01,566 - __main__ - INFO - 🚀 UNIVERSAL DATA QUALITY FRAMEWORK INITIALIZED
2026-02-02 16:47:01,567 - __main__ - INFO - Starting system resource check
2026-02-02 16:47:01,572 - __main__ - INFO - Total RAM: 15.7 GB
2026-02-02 16:47:01,573 - __main__ - INFO - Available RAM: 2.7 GB
2026-02-02 16:47:01,573 - __main__ - INFO - Memory used: 83.0%
2026-02-02 16:47:01,573 - __main__ - INFO - Memory status: OK
2026-02-02 16:47:01,574 - __main__ - INFO - Free disk space: 256.0 GB
2026-02-02 16:47:01,574 - __main__ - INFO - Disk used: 46.2%
2026-02-02 16:47:01,575 - __main__ - INFO - Disk space: OK
2026-02-02 16:47:02,076 - __main__ - INFO - CPU cores: 8
2026-02-02 16:47:02,076 - __main__ - INFO - CPU usage: 15.2%
2026-02-02 16:47:02,077 - __main__ - INFO - Python version: 3.12.4
2026-02-02 16:47:02,077 - __main__ - INFO - System platform: win32
2026-02-02 16:47:02,078 - __main__ - INFO - User session started at: 2026-02-02 16:47:02.078506
2026-02-02 16:47:02,078 - __main__ - INFO - Displaying main menu options to user
2026-02-02 16:47:03,766 - __main__ - INFO - User selected option: 4
2026-02-02 16:47:03,767 - __main__ - INFO - Starting Business Rules Engine module
2026-02-02 16:47:03,770 - dq_rules - INFO - Starting business rules engine
2026-02-02 16:47:03,914 - dq_rules - INFO - Business rules tables created/verified successfully
2026-02-02 16:47:03,918 - dq_error_log - INFO - ErrorLogger initialized with database: dq_checks
2026-02-02 16:47:03,918 - dq_audit - INFO - Audit class initialized with database: dq_checks
2026-02-02 16:47:46,862 - dq_rules - INFO - Loading data for rules analysis
2026-02-02 16:47:46,867 - dq_unified - INFO - Prompting user for data source type
2026-02-02 16:47:46,867 - dq_unified - INFO - UI Data source_type: No UI data
2026-02-02 16:47:48,960 - dq_unified - INFO - User selected source type: 2
2026-02-02 16:47:51,923 - dq_unified - INFO - Loading data from EXCEL
2026-02-02 16:47:51,925 - dq_unified - INFO - Loading large Excel: C:\Users\003160\OneDrive - wisseninfotech.com\Documents\DQ-Checks-Shashi\Test_data\rulse.xlsx
2026-02-02 16:47:52,660 - dq_unified - INFO - Loading Excel file...
2026-02-02 16:47:52,685 - dq_unified - INFO - Loaded 20 rows from Excel
2026-02-02 16:47:52,692 - dq_unified - INFO - Memory optimization: 0.0MB -> 0.0MB (Saved: 0.0MB)
2026-02-02 16:47:52,694 - dq_unified - INFO - Loaded 20 rows, 11 columns. Memory: 110.4MB total, 0.0MB for dataframe
2026-02-02 16:47:52,695 - dq_rules - INFO - Data loaded: 20 rows, 11 columns from EXCEL: rulse.xlsx
2026-02-02 16:47:52,715 - dq_rules - INFO - Retrieved 10 business rules
2026-02-02 16:47:59,969 - dq_rules - INFO - BusinessRuleEngine session set to: RULES_20260202_164759
2026-02-02 16:47:59,972 - dq_rules - INFO - Executing rule: text-comparison (text_comparison)
2026-02-02 16:48:00,019 - dq_rules - INFO - Logged 1 rule executions to database
2026-02-02 16:48:00,020 - dq_error_log - INFO - Starting batch logging for 20 errors, session: RULES_20260202_164759
2026-02-02 16:48:00,056 - dq_error_log - INFO - Batch 1: Successfully logged 20 errors
2026-02-02 16:48:00,058 - dq_error_log - INFO - Progress: 20/20 errors processed
2026-02-02 16:48:00,059 - dq_error_log - INFO - COMPLETE: Logged 20/20 errors for session RULES_20260202_164759
2026-02-02 16:48:00,083 - dq_rules - INFO - Inserted 20 into dq_rule_violations
2026-02-02 16:48:00,083 - dq_rules - INFO - Logged 20 rule violations to error logs
2026-02-02 16:48:00,084 - dq_rules - INFO - Rule execution completed: 1 rules, 20 violations, DQ Score: 0.0%
2026-02-02 16:48:00,120 - dq_audit - INFO - Starting database insertion for business_rules...
2026-02-02 16:48:00,158 - dq_audit - INFO - Inserted business_rules record with ID: 886
2026-02-02 16:48:00,159 - dq_rules - INFO - Audit record logged for business rules session: RULES_20260202_164759
2026-02-02 16:49:38,870 - __main__ - INFO - Business Rules Engine completed successfully
2026-02-02 16:49:38,873 - __main__ - INFO - Displaying main menu options to user
2026-02-02 16:49:39,541 - __main__ - INFO - User selected option: 6
2026-02-02 16:49:39,543 - __main__ - INFO - User session ended. Duration: 0:02:37.464505
2026-02-02 16:49:39,543 - __main__ - INFO - 👋 Thank you for using Universal Data Quality Framework!
