2025-12-08 15:16:02,164 - __main__ - INFO - 🚀 UNIVERSAL DATA QUALITY FRAMEWORK INITIALIZED
2025-12-08 15:16:02,681 - __main__ - INFO - User session started at: 2025-12-08 15:16:02.680983
2025-12-08 15:16:02,681 - __main__ - INFO - Displaying main menu options to user
2025-12-08 15:16:03,861 - __main__ - INFO - User selected option: 2
2025-12-08 15:16:03,862 - __main__ - INFO - Starting Source-Target Comparison module
2025-12-08 15:16:03,868 - dq_comparison - INFO - STARTING UNIVERSAL SOURCE-TARGET COMPARISON TOOL
2025-12-08 15:16:03,869 - dq_comparison - INFO - LOADING SOURCE AND TARGET DATA
2025-12-08 15:16:03,869 - dq_comparison - INFO - SOURCE DATA:
2025-12-08 15:16:03,871 - dq_unified - INFO - PROMPTING USER FOR DATA SOURCE TYPE
2025-12-08 15:16:11,165 - dq_unified - INFO - User selected source type: 1
2025-12-08 15:16:11,167 - dq_unified - INFO - Getting CSV file path from user
2025-12-08 15:16:21,453 - dq_unified - INFO - File path validated: C:\Users\003160\OneDrive - wisseninfotech.com\Documents\DQ-Checks-Shashi\Test_data\sample_data.csv (0.0MB)
2025-12-08 15:16:21,454 - dq_comparison - INFO - TARGET DATA:
2025-12-08 15:16:21,457 - dq_unified - INFO - PROMPTING USER FOR DATA SOURCE TYPE
2025-12-08 15:16:25,595 - dq_unified - INFO - User selected source type: 3
2025-12-08 15:16:25,596 - dq_unified - INFO - GETTING DATABASE CONFIGURATION
2025-12-08 15:16:26,350 - dq_unified - INFO - User selected database type: 1
2025-12-08 15:16:31,766 - dq_unified - INFO - Database configuration collected: postgresql, Table: customers
2025-12-08 15:16:31,769 - dq_unified - INFO - LOADING DATA FROM CSV
2025-12-08 15:16:31,774 - dq_unified - INFO - Loading large CSV: C:\Users\003160\OneDrive - wisseninfotech.com\Documents\DQ-Checks-Shashi\Test_data\sample_data.csv
2025-12-08 15:16:31,780 - dq_unified - INFO - CSV file has 15 rows
2025-12-08 15:16:31,784 - dq_unified - INFO - Loading 15 rows from CSV...
2025-12-08 15:16:31,798 - dq_unified - INFO - Loaded 15 rows from CSV
2025-12-08 15:16:31,807 - dq_unified - INFO - Memory optimization: 0.0MB -> 0.0MB (Saved: 0.0MB)
2025-12-08 15:16:31,809 - dq_unified - INFO - Loaded 15 rows, 10 columns. Memory: 86.0MB total, 0.0MB for dataframe
2025-12-08 15:16:31,815 - dq_unified - INFO - LOADING DATA FROM DATABASE
2025-12-08 15:16:31,822 - dq_unified - INFO - Loading large database table: customers
2025-12-08 15:16:32,077 - dq_unified - INFO - PostgreSQL table has 15 rows
2025-12-08 15:16:32,077 - dq_unified - INFO - Loading 15 rows from PostgreSQL...
2025-12-08 15:16:32,918 - dq_unified - INFO - Loaded 15 rows from PostgreSQL
2025-12-08 15:16:32,929 - dq_unified - INFO - Memory optimization: 0.0MB -> 0.0MB (Saved: 0.0MB)
2025-12-08 15:16:32,931 - dq_unified - INFO - Loaded 15 rows, 11 columns. Memory: 104.0MB total, 0.0MB for dataframe
2025-12-08 15:16:32,934 - dq_comparison - INFO - SELECTING COLUMNS FOR COMPARISON
2025-12-08 15:16:32,934 - dq_comparison - INFO - Found 10 common columns between source and target (case-insensitive)
2025-12-08 15:16:35,561 - dq_comparison - INFO - User column selection input: all
2025-12-08 15:16:35,563 - dq_comparison - INFO - User selected ALL common columns for comparison
2025-12-08 15:16:35,567 - dq_comparison - INFO - GENERATING COMPREHENSIVE COMPARISON REPORT
2025-12-08 15:16:35,568 - dq_comparison - INFO - Report details - Source: CSV: sample_data.csv, Target: Database: postgresql - Table: customers, Selected columns: 10
2025-12-08 15:16:35,570 - dq_comparison - INFO - Initializing Error Logger...
2025-12-08 15:16:35,570 - dq_error_log - INFO - ErrorLogger initialized with database: dq_checks
2025-12-08 15:16:35,641 - dq_error_log - INFO - Database connection and table check successful!
2025-12-08 15:16:35,642 - dq_comparison - INFO - Session ID: CMP_20251208_151635
2025-12-08 15:16:35,643 - dq_comparison - INFO - RUNNING COMPARISON CHECKS
2025-12-08 15:16:35,647 - dq_comparison - INFO - STARTING STRUCTURE COMPARISON
2025-12-08 15:16:35,648 - dq_comparison - INFO - Source columns: 10, Target columns: 11, Selected: 10
2025-12-08 15:16:35,649 - dq_comparison - INFO - Starting data type comparison for selected columns
2025-12-08 15:16:35,650 - dq_comparison - INFO - All selected columns have compatible data types
2025-12-08 15:16:35,650 - dq_comparison - INFO - STARTING ROW COUNT COMPARISON
2025-12-08 15:16:35,651 - dq_comparison - INFO - Source rows: 15, Target rows: 15
2025-12-08 15:16:35,651 - dq_comparison - INFO - Row counts match perfectly
2025-12-08 15:16:35,655 - dq_comparison - INFO - STARTING DATA QUALITY COMPARISON
2025-12-08 15:16:35,665 - dq_comparison - INFO - Null values - Source: 6 (4.00%), Target: 6 (4.00%)
2025-12-08 15:16:35,665 - dq_comparison - INFO - Null counts match between source and target
2025-12-08 15:16:35,680 - dq_comparison - INFO - Duplicate rows - Source: 0, Target: 1
2025-12-08 15:16:35,705 - dq_comparison - WARNING - Target has MORE duplicates than source
2025-12-08 15:16:35,705 - dq_comparison - INFO - STARTING VALUE MISMATCH DETECTION
2025-12-08 15:16:35,814 - dq_comparison - WARNING - Found 5 value mismatches across 10 columns
2025-12-08 15:16:35,814 - dq_comparison - INFO - RUNNING ADVANCED HASH COMPARISON...
2025-12-08 15:16:35,816 - dq_comparison - INFO - STARTING HASH-BASED COMPARISON
2025-12-08 15:16:35,820 - dq_comparison - INFO - Using 10 common columns for hash comparison
2025-12-08 15:16:35,829 - dq_comparison - INFO - Hash-based Comparison: Common rows: 9, Rows only in source: 5, Rows only in target: 5
2025-12-08 15:16:36,040 - dq_comparison - INFO - CHECKING VALUE MISMATCHES IN COMMON ROWS
2025-12-08 15:16:36,043 - dq_comparison - INFO - OVERALL ASSESSMENT
2025-12-08 15:16:36,044 - dq_comparison - INFO - Structure: Perfect column match
2025-12-08 15:16:36,046 - dq_comparison - INFO - Row Count: Perfect match
2025-12-08 15:16:36,050 - dq_comparison - INFO - Data Types: All selected columns compatible
2025-12-08 15:16:36,050 - dq_comparison - WARNING - Data Quality: Data quality differences
2025-12-08 15:16:36,051 - dq_comparison - WARNING - Value Match: Value mismatches found
2025-12-08 15:16:36,053 - dq_comparison - INFO - Advanced: Significant data matching found
2025-12-08 15:16:36,054 - dq_comparison - INFO - REAL MATCH SCORE: 4/6 (66.7%)
2025-12-08 15:16:36,055 - dq_comparison - WARNING - FAIR - Some differences need attention
2025-12-08 15:16:36,066 - dq_audit - INFO - Audit class initialized with database: dq_checks
2025-12-08 15:16:36,066 - dq_audit - INFO - Starting database insertion for comparison...
2025-12-08 15:16:36,103 - dq_audit - INFO - Inserted comparison record
2025-12-08 15:16:36,103 - dq_audit - INFO - comparison audit record successfully stored in database
2025-12-08 15:16:36,105 - dq_comparison - INFO - ERROR LOGGING SUMMARY: Session ID: CMP_20251208_151635
2025-12-08 15:16:36,109 - dq_comparison - INFO - COMPARISON RESULTS: Structure issues: 0, Row count match: Yes, Value mismatches: 5
2025-12-08 15:16:36,110 - dq_comparison - INFO - Common rows: 9, Rows only in source: 5, Rows only in target: 5, Overall score: 66.7%
2025-12-08 15:16:36,111 - dq_comparison - INFO - Comparison completed! Check dq_error_logs table for error details.
2025-12-08 15:16:36,112 - dq_comparison - INFO - Comparison analysis completed successfully
2025-12-08 15:16:36,113 - __main__ - INFO - Source-Target Comparison completed successfully
2025-12-08 15:16:36,113 - __main__ - INFO - Displaying main menu options to user
2025-12-08 15:46:08,395 - __main__ - INFO - User selected option: 6
2025-12-08 15:46:08,397 - __main__ - INFO - User session ended. Duration: 0:30:05.716335
2025-12-08 15:46:08,418 - __main__ - INFO - 👋 Thank you for using Universal Data Quality Framework!
