2025-12-29 12:52:57,798 - root - INFO - CLI Mode Logging Initialized
2025-12-29 12:52:57,799 - root - INFO - CLI logs will be saved to: logs/dq_framework_20251229_125257.log
2025-12-29 12:52:57,800 - __main__ - INFO - 🚀 UNIVERSAL DATA QUALITY FRAMEWORK INITIALIZED
2025-12-29 12:52:57,801 - __main__ - INFO - Starting system resource check
2025-12-29 12:52:57,808 - __main__ - INFO - Total RAM: 15.7 GB
2025-12-29 12:52:57,808 - __main__ - INFO - Available RAM: 3.1 GB
2025-12-29 12:52:57,808 - __main__ - INFO - Memory used: 80.1%
2025-12-29 12:52:57,808 - __main__ - INFO - Memory status: OK
2025-12-29 12:52:57,810 - __main__ - INFO - Free disk space: 263.3 GB
2025-12-29 12:52:57,810 - __main__ - INFO - Disk used: 44.7%
2025-12-29 12:52:57,810 - __main__ - INFO - Disk space: OK
2025-12-29 12:52:58,312 - __main__ - INFO - CPU cores: 8
2025-12-29 12:52:58,312 - __main__ - INFO - CPU usage: 37.7%
2025-12-29 12:52:58,313 - __main__ - INFO - Python version: 3.12.4
2025-12-29 12:52:58,313 - __main__ - INFO - System platform: win32
2025-12-29 12:52:58,313 - __main__ - INFO - User session started at: 2025-12-29 12:52:58.313227
2025-12-29 12:52:58,314 - __main__ - INFO - Displaying main menu options to user
2025-12-29 12:52:59,210 - __main__ - INFO - User selected option: 1
2025-12-29 12:52:59,212 - __main__ - INFO - Starting Single Source Analysis module
2025-12-29 12:52:59,220 - dq_unified - INFO - Starting unified data quality analysis
2025-12-29 12:52:59,221 - dq_unified - INFO - Prompting user for data source type
2025-12-29 12:52:59,222 - dq_unified - INFO - UI Data source_type: No UI data
2025-12-29 12:53:00,600 - dq_unified - INFO - User selected source type: 3
2025-12-29 12:53:00,602 - dq_unified - INFO - Getting database configuration - Dual mode
2025-12-29 12:53:04,814 - dq_unified - INFO - Getting database config from config file
2025-12-29 12:53:06,295 - dq_unified - INFO - Using POSTGRESQL configuration from config file
2025-12-29 12:53:10,663 - dq_unified - INFO - Database configuration from config file: postgresql, Table: employee
2025-12-29 12:53:10,665 - dq_unified - INFO - Loading data from DATABASE
2025-12-29 12:53:10,668 - dq_unified - INFO - Loading data from DATABASE
2025-12-29 12:53:10,670 - dq_unified - INFO - Loading large database table: employee
2025-12-29 12:53:10,911 - dq_unified - INFO - PostgreSQL table has 89,999 rows
2025-12-29 12:53:10,911 - dq_unified - INFO - Loading 89,999 rows from PostgreSQL...
2025-12-29 12:53:11,310 - dq_unified - INFO - Loaded 89,999 rows from PostgreSQL
2025-12-29 12:53:12,106 - dq_unified - INFO - Memory optimization: 60.9MB -> 25.8MB (Saved: 35.1MB)
2025-12-29 12:53:12,107 - dq_unified - INFO - Standardizing data types...
2025-12-29 12:53:13,204 - dq_unified - INFO - Data type standardization complete
2025-12-29 12:53:13,314 - dq_unified - INFO - Loaded 89,999 rows, 12 columns. Memory: 168.8MB total, 18.9MB for dataframe
2025-12-29 12:53:13,314 - dq_unified - INFO - DATA PREVIEW:
2025-12-29 12:53:13,315 - dq_unified - INFO -    Total rows: 89,999
2025-12-29 12:53:13,320 - dq_unified - INFO -    Total columns: 12
2025-12-29 12:53:13,321 - dq_unified - INFO -    Columns: ['id', 'customer_id', 'transaction_id', 'customer_name', 'email', 'phone', 'transaction_date', 'amount', 'quantity', 'age', 'status', 'description']
2025-12-29 12:53:13,321 - dq_unified - INFO - Running quality checks
2025-12-29 12:53:13,322 - dq_unified - INFO - Checking for null/empty values
2025-12-29 12:53:13,323 - dq_unified - INFO - DataFrame shape: (89999, 12)
2025-12-29 12:53:13,323 - dq_unified - INFO - Columns: ['id', 'customer_id', 'transaction_id', 'customer_name', 'email', 'phone', 'transaction_date', 'amount', 'quantity', 'age', 'status', 'description']
2025-12-29 12:53:13,324 - dq_unified - INFO - Data source: 
2025-12-29 12:53:13,326 - dq_unified - INFO - DataFrame dtypes: {'id': dtype('int64'), 'customer_id': dtype('O'), 'transaction_id': dtype('O'), 'customer_name': CategoricalDtype(categories=['                     Michael Smith', '      Susan Miller',
                  'David Brown', 'David Brown  ', 'David Davis',
                  'David Davis  ', 'David Johnson', 'David Johnson  ',
                  'David Jones', 'David Jones  ',
                  ...
                  'William Johnson', 'William Johnson  ', 'William Jones',
                  'William Jones  ', 'William Miller', 'William Miller  ',
                  'William Smith', 'William Smith  ', 'William Williams',
                  'William Williams  '],
, ordered=False, categories_dtype=object), 'email': CategoricalDtype(categories=['                             robert.johnson@outlook.com',
                  'NaN', 'david.brown.company.com', 'david.brown@company.com',
                  'david.brown@gmail.com', 'david.brown@hotmail.com',
                  'david.brown@invalid', 'david.brown@outlook.com',
                  'david.brown@yahoo.com', 'david.davis.company.com',
                  ...
                  'william.smith@invalid', 'william.smith@outlook.com',
                  'william.smith@yahoo.com', 'william.williams.company.com',
                  'william.williams@company.com', 'william.williams@gmail.com',
                  'william.williams@hotmail.com', 'william.williams@invalid',
                  'william.williams@outlook.com',
                  'william.williams@yahoo.com'],
, ordered=False, categories_dtype=object), 'phone': dtype('O'), 'transaction_date': CategoricalDtype(categories=['01-01-2023', '01-01-2024', '01-02-2023', '01-03-2023',
                  '01-04-2023', '01-05-2023', '01-06-2023', '01-07-2023',
                  '01-08-2023', '01-09-2023',
                  ...
                  '30-10-2023', '30-11-2023', '30-12-2023', '31-01-2023',
                  '31-03-2023', '31-05-2023', '31-07-2023', '31-08-2023',
                  '31-10-2023', '31-12-2023'],
, ordered=False, categories_dtype=object), 'amount': dtype('float64'), 'quantity': dtype('int64'), 'age': dtype('int64'), 'status': CategoricalDtype(categories=['ACTIVE', 'CANCELLED', 'COMPLETED', 'INACTIVE', 'PENDING'], ordered=False, categories_dtype=object), 'description': CategoricalDtype(categories=['  Text with leading spaces', 'Normal text without issues',
                  'Text with\ttabs', 'Text with\nnewlines',
                  'Text with  multiple   spaces', 'Text with - dashes',
                  'Text with mixed CAPITAL and lowercase',
                  'Text with trailing spaces  ', 'Text with! exclamations',
                  'Text with"quotes"', 'Text with#hashtags',
                  'Text with$dollar signs',
                  'Text with$dollar signs                       ',
                  'Text with%percent signs', 'Text with& ampersands',
                  'Text with'apostrophes', 'Text with(parentheses)',
                  'Text with*asterisks', 'Text with, commas',
                  'Text with. periods', 'Text with/slashes',
                  'Text with; semicolons', 'Text with<angle brackets>',
                  'Text with? questions', 'Text with@at signs',
                  'Text with[brackets]', 'Text with\backslashes',
                  'Text with_underscores', 'Text with`backticks',
                  'Text with{braces}', 'Text with|pipes', 'Text with~tildes'],
, ordered=False, categories_dtype=object)}
2025-12-29 12:53:13,327 - dq_unified - INFO - First 2 rows (first 3 columns only):
2025-12-29 12:53:13,329 - dq_unified - INFO -   Row 0: {'id': 'np.int64(78303)', 'customer_id': "'CUST078303'", 'transaction_id': "'TX00078303'"}
2025-12-29 12:53:13,330 - dq_unified - INFO -   Row 1: {'id': 'np.int64(66465)', 'customer_id': "'CUST066465'", 'transaction_id': "'TX00066465'"}
2025-12-29 12:53:14,072 - dq_unified - INFO - Column 'id': No missing cells
2025-12-29 12:53:14,765 - dq_unified - INFO - Column 'customer_id': No missing cells
2025-12-29 12:53:15,430 - dq_unified - INFO - Column 'transaction_id': No missing cells
2025-12-29 12:53:16,210 - dq_unified - INFO -   Missing samples: ["'NaN'", "'NaN'", "'NaN'"]
2025-12-29 12:53:16,210 - dq_unified - INFO -   Not missing samples: ["'Michael Davis'", "'Susan Brown'", "'Sarah Davis'"]
2025-12-29 12:53:16,211 - dq_unified - WARNING - Column 'customer_name': 3,510 missing cells (3.9%)
2025-12-29 12:53:16,215 - dq_unified - WARNING - Column 'customer_name': 3,510 missing cells (3.9%)
2025-12-29 12:53:57,639 - dq_unified - INFO -   Missing samples: ["'NaN'", "'NaN'", "'NaN'"]
2025-12-29 12:53:57,640 - dq_unified - INFO -   Not missing samples: ["'david.jones@company.com'", "'jennifer.williams@gmail.com'", "'james.davis@hotmail.com'"]
2025-12-29 12:53:57,643 - dq_unified - WARNING - Column 'email': 1,516 missing cells (1.7%)
2025-12-29 12:53:57,643 - dq_unified - WARNING - Column 'email': 1,516 missing cells (1.7%)
2025-12-29 12:54:17,365 - dq_unified - INFO -   Missing samples: ["'NaN'", "'NaN'", "'NaN'"]
2025-12-29 12:54:17,365 - dq_unified - INFO -   Not missing samples: ["'212-127-8383'", "'(212) 706-7216'", "'12123928735'"]
2025-12-29 12:54:17,368 - dq_unified - WARNING - Column 'phone': 1,280 missing cells (1.4%)
2025-12-29 12:54:17,368 - dq_unified - WARNING - Column 'phone': 1,280 missing cells (1.4%)
2025-12-29 12:54:25,978 - dq_unified - INFO - Column 'transaction_date': No missing cells
2025-12-29 12:54:26,499 - dq_unified - INFO -   Missing samples: ['nan', 'nan', 'nan']
2025-12-29 12:54:26,500 - dq_unified - INFO -   Not missing samples: ['8653.56', '1948.44', '237.49']
2025-12-29 12:54:26,501 - dq_unified - WARNING - Column 'amount': 1,133 missing cells (1.3%)
2025-12-29 12:54:26,505 - dq_unified - WARNING - Column 'amount': 1,133 missing cells (1.3%)
2025-12-29 12:54:33,603 - dq_unified - INFO - Column 'quantity': No missing cells
2025-12-29 12:54:34,012 - dq_unified - INFO - Column 'age': No missing cells
2025-12-29 12:54:34,491 - dq_unified - INFO - Column 'status': No missing cells
2025-12-29 12:54:34,976 - dq_unified - INFO - Column 'description': No missing cells
2025-12-29 12:54:34,977 - dq_unified - INFO - Total missing cells found: 7,439
2025-12-29 12:54:34,978 - dq_unified - INFO - ============================================================
2025-12-29 12:54:34,979 - dq_unified - INFO - MISSING VALUE SUMMARY
2025-12-29 12:54:34,982 - dq_unified - INFO - ============================================================
2025-12-29 12:54:34,983 - dq_unified - INFO - customer_name: 3,510 missing (3.9%)
2025-12-29 12:54:34,984 - dq_unified - INFO - email: 1,516 missing (1.7%)
2025-12-29 12:54:34,985 - dq_unified - INFO - phone: 1,280 missing (1.4%)
2025-12-29 12:54:34,985 - dq_unified - INFO - amount: 1,133 missing (1.3%)
2025-12-29 12:54:34,986 - dq_unified - INFO - ============================================================
2025-12-29 12:54:34,993 - dq_unified - INFO - Checking for duplicate rows
2025-12-29 12:54:34,994 - dq_unified - INFO - Cleaning data (removing whitespace)...
2025-12-29 12:54:35,005 - dq_unified - INFO - Columns after cleaning: ['id', 'customer_id', 'transaction_id', 'customer_name', 'email', 'phone', 'transaction_date', 'amount', 'quantity', 'age', 'status', 'description']
2025-12-29 12:54:36,360 - dq_unified - INFO - Sample of first column after cleaning: '78303'
2025-12-29 12:54:36,360 - dq_unified - INFO - Sample of row 6 first column: '19261'
2025-12-29 12:54:36,362 - dq_unified - INFO - Total rows to check: 89999
2025-12-29 12:54:36,366 - dq_unified - INFO - Checking first column 'id' for serial numbers
2025-12-29 12:54:36,366 - dq_unified - INFO - First 5 values: ['78303', '66465', '93228', '1748', '80005']
2025-12-29 12:54:36,367 - dq_unified - INFO -   Row 1: '78303' → 78303.0 (numeric)
2025-12-29 12:54:36,367 - dq_unified - INFO -   Row 2: '66465' → 66465.0 (numeric)
2025-12-29 12:54:36,368 - dq_unified - INFO -   Row 3: '93228' → 93228.0 (numeric)
2025-12-29 12:54:36,369 - dq_unified - INFO - First column values not sequential: [78303.0, 66465.0, 93228.0]
2025-12-29 12:54:36,369 - dq_unified - INFO - Checking duplicates on ALL columns
2025-12-29 12:54:36,370 - dq_unified - INFO - First few rows for comparison:
2025-12-29 12:54:36,371 - dq_unified - INFO -   Row 0: {'id': '78303', 'customer_id': 'CUST078303', 'transaction_id': 'TX00078303'}
2025-12-29 12:54:36,371 - dq_unified - INFO -   Row 1: {'id': '66465', 'customer_id': 'CUST066465', 'transaction_id': 'TX00066465'}
2025-12-29 12:54:36,372 - dq_unified - INFO -   Row 2: {'id': '93228', 'customer_id': 'CUST093228', 'transaction_id': 'TX00093228'}
2025-12-29 12:54:36,523 - dq_unified - INFO - Duplicate mask found 406 rows
2025-12-29 12:54:36,524 - dq_unified - INFO - Found 406 potential duplicate rows
2025-12-29 12:54:36,569 - dq_unified - INFO - Unique duplicate groups: 203
2025-12-29 12:54:36,569 - dq_unified - INFO - Duplicate groups found:
2025-12-29 12:54:36,573 - dq_unified - INFO -   Group sample: Pandas(Index=167, id='42732', customer_id='CUST042732', transaction_id='TX00042732', customer_name='William Davis', email='james.miller@gmail.com', phone='12127948623', transaction_date='20-01-2023', amount='7954.53', quantity='60', age='64', status='PENDING', description='Text with trailing spaces')
2025-12-29 12:54:36,574 - dq_unified - INFO -   Group sample: Pandas(Index=381, id='34440', customer_id='CUST034440', transaction_id='TX00034440', customer_name='William Miller', email='NaN', phone='NaN', transaction_date='05-09-2023', amount='1954.43', quantity='64', age='75', status='CANCELLED', description='Text with. periods')
2025-12-29 12:54:36,575 - dq_unified - INFO -   Group sample: Pandas(Index=637, id='58427', customer_id='CUST058427', transaction_id='TX00058427', customer_name='Richard Brown', email='jennifer.johnson@gmail.com', phone='2124608202', transaction_date='29-09-2023', amount='9156.7', quantity='69', age='45', status='PENDING', description='Text with multiple spaces')
2025-12-29 12:54:36,576 - dq_unified - INFO - Processing 406 duplicate indices
2025-12-29 12:54:36,600 - dq_unified - INFO - FINAL RESULT: Found 406 duplicate groups
2025-12-29 12:54:36,614 - dq_unified - INFO - Checking data formats
2025-12-29 12:54:36,621 - dq_unified - INFO - Detected id as numeric type
2025-12-29 12:54:36,896 - dq_unified - INFO - Detected email as email type
2025-12-29 12:54:36,899 - dq_unified - WARNING -   Row 38: 'lisa.miller_outlook.com...' doesn't match Valid email format (user@domain.com)
2025-12-29 12:54:36,900 - dq_unified - WARNING -   Row 223: 'richard.miller.company.com...' doesn't match Valid email format (user@domain.com)
2025-12-29 12:54:36,902 - dq_unified - WARNING -   Row 311: 'james.miller@invalid...' doesn't match Valid email format (user@domain.com)
2025-12-29 12:54:36,903 - dq_unified - WARNING -   Row 355: 'richard.williams@invalid...' doesn't match Valid email format (user@domain.com)
2025-12-29 12:54:36,905 - dq_unified - WARNING -   Row 416: 'susan.brown.company.com...' doesn't match Valid email format (user@domain.com)
2025-12-29 12:54:37,141 - dq_unified - INFO - Detected phone as phone type
2025-12-29 12:54:37,364 - dq_unified - INFO - Detected transaction_date as date type
2025-12-29 12:54:37,716 - dq_unified - INFO -   Date format check for transaction_date: Consistent=False, Format=['DD-MM-YYYY or MM-DD-YYYY', 'MM/DD/YYYY']
2025-12-29 12:54:37,717 - dq_unified - WARNING -   transaction_date: Inconsistent date formats: ['DD-MM-YYYY or MM-DD-YYYY', 'MM/DD/YYYY']
2025-12-29 12:54:38,073 - dq_unified - INFO - Detected amount as numeric type
2025-12-29 12:54:38,271 - dq_unified - INFO - Detected quantity as numeric type
2025-12-29 12:54:38,477 - dq_unified - INFO - Detected age as numeric type
2025-12-29 12:54:39,331 - dq_unified - INFO - Total format issues found: 727
2025-12-29 12:54:39,332 - dq_unified - INFO - Checking mandatory fields
2025-12-29 12:54:39,333 - dq_unified - INFO - Available columns: ['id', 'customer_id', 'transaction_id', 'customer_name', 'email', 'phone', 'transaction_date', 'amount', 'quantity', 'age', 'status', 'description']
2025-12-29 12:55:15,872 - dq_unified - INFO - Checking ALL columns as mandatory: ['id', 'customer_id', 'transaction_id', 'customer_name', 'email', 'phone', 'transaction_date', 'amount', 'quantity', 'age', 'status', 'description']
2025-12-29 12:55:16,584 - dq_unified - INFO - Mandatory field 'id': 100.0% filled
2025-12-29 12:55:17,244 - dq_unified - INFO - Mandatory field 'customer_id': 100.0% filled
2025-12-29 12:55:18,026 - dq_unified - INFO - Mandatory field 'transaction_id': 100.0% filled
2025-12-29 12:55:18,586 - dq_unified - WARNING - Mandatory field 'customer_name': 3,510 missing values (96.1% filled)
2025-12-29 12:55:19,305 - dq_unified - WARNING - Mandatory field 'email': 1,516 missing values (98.3% filled)
2025-12-29 12:55:20,007 - dq_unified - WARNING - Mandatory field 'phone': 1,280 missing values (98.6% filled)
2025-12-29 12:55:20,498 - dq_unified - INFO - Mandatory field 'transaction_date': 100.0% filled
2025-12-29 12:55:21,092 - dq_unified - WARNING - Mandatory field 'amount': 1,133 missing values (98.7% filled)
2025-12-29 12:55:21,708 - dq_unified - INFO - Mandatory field 'quantity': 100.0% filled
2025-12-29 12:55:22,193 - dq_unified - INFO - Mandatory field 'age': 100.0% filled
2025-12-29 12:55:22,673 - dq_unified - INFO - Mandatory field 'status': 100.0% filled
2025-12-29 12:55:23,108 - dq_unified - INFO - Mandatory field 'description': 100.0% filled
2025-12-29 12:55:23,108 - dq_unified - INFO - All columns mandatory: 6012 unique rows with missing values
2025-12-29 12:55:23,111 - dq_unified - INFO - Calculating quality score
2025-12-29 12:55:23,116 - dq_unified - INFO - Quality Score Calculation:
2025-12-29 12:55:23,117 - dq_unified - INFO -   Total rows: 89,999
2025-12-29 12:55:23,118 - dq_unified - INFO -   Bad Rows: 6,784
2025-12-29 12:55:23,119 - dq_unified - INFO -   Good rows (no issues): 83,215
2025-12-29 12:55:23,119 - dq_unified - INFO -   Quality Score: 92.46%
2025-12-29 12:55:23,120 - dq_unified - INFO - Generating detailed data quality report
2025-12-29 12:55:23,121 - dq_unified - INFO - Report for: Database: postgresql - Table: employee, Records: 89,999, Columns: 12
2025-12-29 12:55:23,121 - dq_unified - INFO - Overall quality score: 92.5%
2025-12-29 12:55:23,122 - dq_error_log - INFO - ErrorLogger initialized with database: dq_checks
2025-12-29 12:55:23,122 - dq_unified - INFO - Error Logger Session ID: SINGLE_20251229_125523
2025-12-29 12:55:25,959 - dq_audit - INFO - Audit class initialized with database: dq_checks
2025-12-29 12:55:25,960 - dq_audit - INFO - Starting database insertion for single_source...
2025-12-29 12:55:25,981 - dq_audit - INFO - Inserted single_source record with ID: 486
2025-12-29 12:55:25,982 - dq_unified - INFO - Audit logged for session: DQ_20251229_125525
2025-12-29 12:55:25,986 - dq_unified - INFO - Analysis completed successfully for Database: postgresql - Table: employee
2025-12-29 12:55:26,002 - __main__ - INFO - Single Source Analysis completed successfully
2025-12-29 12:55:26,003 - __main__ - INFO - Displaying main menu options to user
2025-12-29 15:13:11,805 - __main__ - INFO - User selected option: 6
2025-12-29 15:13:11,817 - __main__ - INFO - User session ended. Duration: 2:20:13.502930
2025-12-29 15:13:11,818 - __main__ - INFO - 👋 Thank you for using Universal Data Quality Framework!
