2026-01-10 12:10:21,601 - root - INFO - CLI Mode Logging Initialized
2026-01-10 12:10:21,601 - root - INFO - CLI logs will be saved to: logs/dq_framework_20260110_121021.log
2026-01-10 12:10:21,601 - __main__ - INFO - 🚀 UNIVERSAL DATA QUALITY FRAMEWORK INITIALIZED
2026-01-10 12:10:21,601 - __main__ - INFO - Starting system resource check
2026-01-10 12:10:21,611 - __main__ - INFO - Total RAM: 15.7 GB
2026-01-10 12:10:21,611 - __main__ - INFO - Available RAM: 3.5 GB
2026-01-10 12:10:21,612 - __main__ - INFO - Memory used: 77.5%
2026-01-10 12:10:21,612 - __main__ - INFO - Memory status: OK
2026-01-10 12:10:21,613 - __main__ - INFO - Free disk space: 261.0 GB
2026-01-10 12:10:21,613 - __main__ - INFO - Disk used: 45.2%
2026-01-10 12:10:21,614 - __main__ - INFO - Disk space: OK
2026-01-10 12:10:22,114 - __main__ - INFO - CPU cores: 8
2026-01-10 12:10:22,114 - __main__ - INFO - CPU usage: 44.9%
2026-01-10 12:10:22,114 - __main__ - INFO - Python version: 3.12.4
2026-01-10 12:10:22,115 - __main__ - INFO - System platform: win32
2026-01-10 12:10:22,115 - __main__ - INFO - User session started at: 2026-01-10 12:10:22.115542
2026-01-10 12:10:22,115 - __main__ - INFO - Displaying main menu options to user
2026-01-10 12:10:24,560 - __main__ - INFO - User selected option: 3
2026-01-10 12:10:24,562 - __main__ - INFO - Starting Advanced Data Checks module
2026-01-10 12:10:24,566 - dq_advanced - INFO - Starting advanced data quality analysis
2026-01-10 12:10:24,575 - dq_advanced - INFO - LOADING DATA FOR ADVANCED CHECKS
2026-01-10 12:10:24,577 - dq_unified - INFO - Prompting user for data source type
2026-01-10 12:10:24,577 - dq_unified - INFO - UI Data source_type: No UI data
2026-01-10 12:10:29,653 - dq_unified - INFO - User selected source type: 3
2026-01-10 12:10:29,655 - dq_unified - INFO - Getting database configuration - Dual mode
2026-01-10 12:10:30,659 - dq_unified - INFO - User selected Browse and Select mode
2026-01-10 12:10:30,669 - database_navigator - INFO - DatabaseNavigator initialized
2026-01-10 12:10:30,669 - database_navigator - INFO - Starting database navigation...
2026-01-10 12:10:35,311 - database_navigator - INFO - Database type: postgres
2026-01-10 12:10:35,313 - database_navigator - INFO - Getting database configuration...
2026-01-10 12:10:38,279 - database_navigator - INFO - Connecting to POSTGRES...
2026-01-10 12:10:38,280 - database_navigator - INFO - Connecting to PostgreSQL...
2026-01-10 12:10:38,280 - database_navigator - INFO - Connecting to PostgreSQL: host=localhost, port=5432, database=postgres, user=postgres
2026-01-10 12:10:38,443 - database_navigator - INFO - Connection object created: <connection object at 0x00000165E9722BD0; dsn: 'user=postgres password=xxx dbname=postgres host=localhost port=5432', closed: 0>
2026-01-10 12:10:38,445 - database_navigator - INFO - ✅ PostgreSQL connection successful to database: postgres
2026-01-10 12:10:38,451 - database_navigator - INFO - get_databases() called. db_type: postgres, connection exists: True
2026-01-10 12:10:38,477 - database_navigator - INFO - Raw rows: [('dq_checks',), ('finewise-testdb',), ('postgres',)]
2026-01-10 12:10:38,477 - database_navigator - INFO - Found 3 databases
2026-01-10 12:10:40,988 - database_navigator - INFO - Selected database: dq_checks
2026-01-10 12:10:40,989 - database_navigator - INFO - Reconnecting to PostgreSQL database: dq_checks
2026-01-10 12:10:40,990 - database_navigator - INFO - Connecting to POSTGRES...
2026-01-10 12:10:40,993 - database_navigator - INFO - Connecting to PostgreSQL...
2026-01-10 12:10:40,994 - database_navigator - INFO - Connecting to PostgreSQL: host=localhost, port=5432, database=dq_checks, user=postgres
2026-01-10 12:10:41,141 - database_navigator - INFO - Connection object created: <connection object at 0x00000165E9722CE0; dsn: 'user=postgres password=xxx dbname=dq_checks host=localhost port=5432', closed: 0>
2026-01-10 12:10:41,142 - database_navigator - INFO - ✅ PostgreSQL connection successful to database: dq_checks
2026-01-10 12:10:41,194 - database_navigator - INFO - Found 4 schemas
2026-01-10 12:10:43,595 - database_navigator - INFO - Selected schema: public
2026-01-10 12:10:43,600 - database_navigator - INFO - Ensuring connection to database: dq_checks for table list
2026-01-10 12:10:43,601 - database_navigator - INFO - Reconnecting to PostgreSQL database: dq_checks
2026-01-10 12:10:43,602 - database_navigator - INFO - Connecting to POSTGRES...
2026-01-10 12:10:43,603 - database_navigator - INFO - Connecting to PostgreSQL...
2026-01-10 12:10:43,603 - database_navigator - INFO - Connecting to PostgreSQL: host=localhost, port=5432, database=dq_checks, user=postgres
2026-01-10 12:10:43,769 - database_navigator - INFO - Connection object created: <connection object at 0x00000165E9722DF0; dsn: 'user=postgres password=xxx dbname=dq_checks host=localhost port=5432', closed: 0>
2026-01-10 12:10:43,770 - database_navigator - INFO - ✅ PostgreSQL connection successful to database: dq_checks
2026-01-10 12:10:43,772 - database_navigator - INFO - Connected to database: dq_checks, schema: public
2026-01-10 12:10:43,852 - database_navigator - INFO - Found 2 tables in dq_checks.public: ['customers', 'employee']
2026-01-10 12:10:43,852 - database_navigator - INFO - Found 2 tables in schema 'public'
2026-01-10 12:10:49,279 - database_navigator - INFO - Selected table: customers
2026-01-10 12:10:49,287 - database_navigator - INFO - Selection complete: {'type': 'postgresql', 'database': 'dq_checks', 'schema': 'public', 'table': 'customers', 'selection_mode': 'hierarchical', 'host': 'localhost', 'port': '5432', 'user': 'postgres', 'password': 'postgres'}
2026-01-10 12:10:49,288 - dq_unified - INFO - Selected via navigation: dq_checks.public.customers
2026-01-10 12:10:49,289 - dq_unified - INFO - Loading data from DATABASE
2026-01-10 12:10:49,289 - dq_unified - INFO - Loading large database table: customers
2026-01-10 12:10:49,289 - dq_unified - INFO - Normalized DB config with schema: public
2026-01-10 12:10:49,432 - dq_unified - INFO - PostgreSQL table public.customers has 15 rows
2026-01-10 12:10:49,432 - dq_unified - INFO - Loading 15 rows from PostgreSQL...
2026-01-10 12:10:50,117 - dq_unified - INFO - Loaded 15 rows from PostgreSQL
2026-01-10 12:10:50,131 - dq_unified - INFO - Memory optimization: 0.0MB -> 0.0MB (Saved: 0.0MB)
2026-01-10 12:10:50,132 - dq_unified - INFO - Standardizing data types...
2026-01-10 12:10:50,135 - dq_unified - INFO - Data type standardization complete
2026-01-10 12:10:50,137 - dq_unified - INFO - Loaded 15 rows, 10 columns. Memory: 106.3MB total, 0.0MB for dataframe
2026-01-10 12:10:50,138 - dq_advanced - INFO - Data loaded: 15 rows, 10 columns from Database: postgresql - Table: customers
2026-01-10 12:10:50,140 - dq_error_log - INFO - ErrorLogger initialized with database: dq_checks
2026-01-10 12:10:50,185 - dq_error_log - INFO - Database connection successful
2026-01-10 12:10:59,431 - dq_advanced - INFO - Starting comprehensive validations on 15 rows, 10 columns
2026-01-10 12:10:59,432 - dq_advanced - INFO - Analyzing 10 columns...
2026-01-10 12:10:59,438 - dq_advanced - INFO - Analyzed column 'customername': text with 0 patterns
2026-01-10 12:10:59,445 - dq_advanced - INFO - Analyzed column 'email': text with 1 patterns
2026-01-10 12:10:59,449 - dq_advanced - INFO - Analyzed column 'phone': numeric with 2 patterns
2026-01-10 12:10:59,454 - dq_advanced - INFO - Analyzed column 'salary': numeric with 1 patterns
2026-01-10 12:10:59,461 - dq_advanced - INFO - Analyzed column 'department': text with 0 patterns
2026-01-10 12:10:59,465 - dq_advanced - INFO - Analyzed column 'joindate': numeric with 1 patterns
2026-01-10 12:10:59,469 - dq_advanced - INFO - Analyzed column 'postalcode': numeric with 1 patterns
2026-01-10 12:10:59,475 - dq_advanced - INFO - Analyzed column 'city': text with 0 patterns
2026-01-10 12:10:59,480 - dq_advanced - INFO - Analyzed column 'country': text with 1 patterns
2026-01-10 12:10:59,485 - dq_advanced - INFO - Analyzed column 'state': text with 1 patterns
2026-01-10 12:10:59,488 - dq_advanced - INFO -   ✓ whitespace: 0 errors (0.000s)
2026-01-10 12:10:59,489 - dq_advanced - INFO -   ✓ data_type: 0 errors (0.000s)
2026-01-10 12:10:59,489 - dq_advanced - INFO -   ✓ length: 0 errors (0.000s)
2026-01-10 12:10:59,490 - dq_advanced - INFO -   ✓ format: 1 errors (0.000s)
2026-01-10 12:10:59,490 - dq_advanced - INFO -   ✓ whitespace: 0 errors (0.000s)
2026-01-10 12:10:59,491 - dq_advanced - INFO -   ✓ data_type: 0 errors (0.000s)
2026-01-10 12:10:59,491 - dq_advanced - INFO -   ✓ length: 0 errors (0.000s)
2026-01-10 12:10:59,492 - dq_advanced - INFO -   ✓ format: 0 errors (0.000s)
2026-01-10 12:10:59,493 - dq_advanced - INFO -   ✓ data_type: 0 errors (0.000s)
2026-01-10 12:10:59,494 - dq_advanced - INFO -   ✓ currency: 0 errors (0.001s)
2026-01-10 12:10:59,494 - dq_advanced - INFO -   ✓ numeric: 0 errors (0.000s)
2026-01-10 12:10:59,495 - dq_advanced - INFO -   ✓ zero_padding: 0 errors (0.000s)
2026-01-10 12:10:59,496 - dq_advanced - INFO -   ✓ currency: 0 errors (0.000s)
2026-01-10 12:10:59,500 - dq_advanced - INFO -   ✓ zero_padding: 0 errors (0.001s)
2026-01-10 12:10:59,502 - dq_advanced - INFO -   ✓ data_type: 0 errors (0.000s)
2026-01-10 12:10:59,503 - dq_advanced - INFO -   ✓ numeric: 0 errors (0.000s)
2026-01-10 12:10:59,504 - dq_advanced - INFO -   ✓ whitespace: 0 errors (0.000s)
2026-01-10 12:10:59,504 - dq_advanced - INFO -   ✓ data_type: 0 errors (0.000s)
2026-01-10 12:10:59,505 - dq_advanced - INFO -   ✓ length: 0 errors (0.000s)
2026-01-10 12:10:59,505 - dq_advanced - INFO -   ✓ currency: 0 errors (0.000s)
2026-01-10 12:10:59,506 - dq_advanced - INFO -   ✓ zero_padding: 0 errors (0.000s)
2026-01-10 12:10:59,506 - dq_advanced - INFO -   ✓ data_type: 0 errors (0.000s)
2026-01-10 12:10:59,507 - dq_advanced - INFO -   ✓ numeric: 0 errors (0.001s)
2026-01-10 12:10:59,507 - dq_advanced - INFO -   ✓ currency: 0 errors (0.000s)
2026-01-10 12:10:59,508 - dq_advanced - INFO -   ✓ zero_padding: 0 errors (0.000s)
2026-01-10 12:10:59,508 - dq_advanced - INFO -   ✓ data_type: 0 errors (0.000s)
2026-01-10 12:10:59,509 - dq_advanced - INFO -   ✓ numeric: 0 errors (0.000s)
2026-01-10 12:10:59,510 - dq_advanced - INFO -   ✓ whitespace: 0 errors (0.000s)
2026-01-10 12:10:59,510 - dq_advanced - INFO -   ✓ data_type: 0 errors (0.000s)
2026-01-10 12:10:59,512 - dq_advanced - INFO -   ✓ length: 0 errors (0.001s)
2026-01-10 12:10:59,516 - dq_advanced - INFO -   ✓ whitespace: 0 errors (0.001s)
2026-01-10 12:10:59,519 - dq_advanced - INFO -   ✓ data_type: 0 errors (0.000s)
2026-01-10 12:10:59,520 - dq_advanced - INFO -   ✓ length: 0 errors (0.000s)
2026-01-10 12:10:59,521 - dq_advanced - INFO -   ✓ whitespace: 0 errors (0.000s)
2026-01-10 12:10:59,522 - dq_advanced - INFO -   ✓ data_type: 0 errors (0.000s)
2026-01-10 12:10:59,522 - dq_advanced - INFO -   ✓ length: 0 errors (0.000s)
2026-01-10 12:10:59,523 - dq_error_log - INFO - Starting batch logging for 1 errors, session: ADV_20260110_121059
2026-01-10 12:10:59,545 - dq_error_log - INFO - Batch 1: Successfully logged 1 errors
2026-01-10 12:10:59,546 - dq_error_log - INFO - Progress: 1/1 errors processed
2026-01-10 12:10:59,548 - dq_error_log - INFO - COMPLETE: Logged 1/1 errors for session ADV_20260110_121059
2026-01-10 12:10:59,610 - dq_audit - INFO - Audit class initialized with database: dq_checks
2026-01-10 12:10:59,610 - dq_audit - INFO - Starting database insertion for advanced...
2026-01-10 12:10:59,637 - dq_audit - INFO - Inserted advanced record with ID: 605
2026-01-10 12:10:59,638 - dq_advanced - INFO - Audit record logged with ID: 605
2026-01-10 12:10:59,646 - __main__ - INFO - Advanced Data Checks completed successfully
2026-01-10 12:10:59,646 - __main__ - INFO - Displaying main menu options to user
2026-01-10 12:11:28,756 - __main__ - INFO - User selected option: 3
2026-01-10 12:11:28,757 - __main__ - INFO - Starting Advanced Data Checks module
2026-01-10 12:11:28,764 - dq_advanced - INFO - Starting advanced data quality analysis
2026-01-10 12:11:28,776 - dq_advanced - INFO - LOADING DATA FOR ADVANCED CHECKS
2026-01-10 12:11:28,779 - dq_unified - INFO - Prompting user for data source type
2026-01-10 12:11:28,779 - dq_unified - INFO - UI Data source_type: No UI data
2026-01-10 12:11:43,231 - dq_unified - INFO - User selected source type: 3
2026-01-10 12:11:43,233 - dq_unified - INFO - Getting database configuration - Dual mode
2026-01-10 12:11:47,239 - dq_unified - INFO - User selected Browse and Select mode
2026-01-10 12:11:47,249 - database_navigator - INFO - DatabaseNavigator initialized
2026-01-10 12:11:47,249 - database_navigator - INFO - Starting database navigation...
2026-01-10 12:11:56,393 - database_navigator - INFO - Database type: oracle
2026-01-10 12:11:56,394 - database_navigator - INFO - Getting database configuration...
2026-01-10 12:11:59,860 - database_navigator - INFO - Connecting to ORACLE...
2026-01-10 12:12:00,400 - database_navigator - INFO - Successfully connected to ORACLE!
2026-01-10 12:12:00,406 - database_navigator - INFO - get_databases() called. db_type: oracle, connection exists: True
2026-01-10 12:12:00,416 - database_navigator - INFO - Found 16 databases
2026-01-10 12:12:05,023 - database_navigator - INFO - Selected database: SYSTEM
2026-01-10 12:12:05,025 - database_navigator - INFO - Found 1 schemas
2026-01-10 12:12:06,546 - database_navigator - INFO - Selected schema: SYSTEM
2026-01-10 12:12:06,668 - database_navigator - INFO - Found 157 tables in schema 'SYSTEM'
2026-01-10 12:12:14,231 - database_navigator - INFO - Selected table: EMPLOYEE
2026-01-10 12:12:14,240 - database_navigator - INFO - Selection complete: {'type': 'oracle', 'database': 'SYSTEM', 'schema': 'SYSTEM', 'table': 'EMPLOYEE', 'selection_mode': 'hierarchical', 'host': 'localhost', 'port': '1521', 'user': 'system', 'password': 'manager', 'service_name': 'XE', 'encoding': 'UTF-8'}
2026-01-10 12:12:14,244 - dq_unified - INFO - Selected via navigation: SYSTEM.SYSTEM.EMPLOYEE
2026-01-10 12:12:14,244 - dq_unified - INFO - Loading data from DATABASE
2026-01-10 12:12:14,246 - dq_unified - INFO - Loading large database table: EMPLOYEE
2026-01-10 12:12:14,246 - dq_unified - INFO - Normalized DB config with schema: SYSTEM
2026-01-10 12:12:14,420 - dq_unified - INFO - Oracle table "SYSTEM"."EMPLOYEE" has 89,999 rows
2026-01-10 12:12:14,420 - dq_unified - INFO - Loading 89,999 rows from Oracle...
2026-01-10 12:12:14,809 - dq_unified - INFO - Loaded 89,999 rows from Oracle
2026-01-10 12:12:15,359 - dq_unified - INFO - Memory optimization: 60.7MB -> 25.7MB (Saved: 35.0MB)
2026-01-10 12:12:15,359 - dq_unified - INFO - Standardizing data types...
2026-01-10 12:12:16,092 - dq_unified - INFO - Data type standardization complete
2026-01-10 12:12:16,183 - dq_unified - INFO - Loaded 89,999 rows, 12 columns. Memory: 204.1MB total, 18.9MB for dataframe
2026-01-10 12:12:16,188 - dq_advanced - INFO - Data loaded: 89,999 rows, 12 columns from Database: oracle - Table: EMPLOYEE
2026-01-10 12:12:16,190 - dq_error_log - INFO - ErrorLogger initialized with database: dq_checks
2026-01-10 12:12:16,206 - dq_error_log - INFO - Database connection successful
2026-01-10 12:12:26,616 - dq_advanced - INFO - Starting comprehensive validations on 89,999 rows, 12 columns
2026-01-10 12:12:26,617 - dq_advanced - INFO - Analyzing 12 columns...
2026-01-10 12:12:26,628 - dq_advanced - INFO - Analyzed column 'id': numeric with 2 patterns
2026-01-10 12:12:26,723 - dq_advanced - INFO - Analyzed column 'customer_id': text with 1 patterns
2026-01-10 12:12:26,818 - dq_advanced - INFO - Analyzed column 'transaction_id': text with 1 patterns
2026-01-10 12:12:26,867 - dq_advanced - INFO - Analyzed column 'customer_name': text with 0 patterns
2026-01-10 12:12:26,921 - dq_advanced - INFO - Analyzed column 'email': text with 1 patterns
2026-01-10 12:12:27,019 - dq_advanced - INFO - Analyzed column 'phone': text with 2 patterns
2026-01-10 12:12:27,067 - dq_advanced - INFO - Analyzed column 'transaction_date': text with 1 patterns
2026-01-10 12:12:27,095 - dq_advanced - INFO - Analyzed column 'amount': numeric with 0 patterns
2026-01-10 12:12:27,103 - dq_advanced - INFO - Analyzed column 'quantity': numeric with 1 patterns
2026-01-10 12:12:27,112 - dq_advanced - INFO - Analyzed column 'age': numeric with 2 patterns
2026-01-10 12:12:27,163 - dq_advanced - INFO - Analyzed column 'status': text with 0 patterns
2026-01-10 12:12:27,220 - dq_advanced - INFO - Analyzed column 'description': text with 0 patterns
2026-01-10 12:12:27,357 - dq_advanced - INFO -   ✓ format: 8 errors (0.134s)
2026-01-10 12:12:27,466 - dq_advanced - INFO -   ✓ data_type: 0 errors (0.109s)
2026-01-10 12:12:27,586 - dq_advanced - INFO -   ✓ currency: 0 errors (0.118s)
2026-01-10 12:12:27,703 - dq_advanced - INFO -   ✓ numeric: 0 errors (0.117s)
2026-01-10 12:12:27,779 - dq_advanced - INFO -   ✓ zero_padding: 0 errors (0.074s)
2026-01-10 12:12:27,822 - dq_advanced - INFO -   ✓ whitespace: 0 errors (0.042s)
2026-01-10 12:12:27,859 - dq_advanced - INFO -   ✓ data_type: 0 errors (0.038s)
2026-01-10 12:12:27,905 - dq_advanced - INFO -   ✓ length: 0 errors (0.044s)
2026-01-10 12:12:27,945 - dq_advanced - INFO -   ✓ whitespace: 0 errors (0.040s)
2026-01-10 12:12:27,992 - dq_advanced - INFO -   ✓ data_type: 0 errors (0.046s)
2026-01-10 12:12:28,043 - dq_advanced - INFO -   ✓ length: 0 errors (0.049s)
2026-01-10 12:12:28,089 - dq_advanced - INFO -   ✓ whitespace: 853 errors (0.047s)
2026-01-10 12:12:28,120 - dq_advanced - INFO -   ✓ data_type: 0 errors (0.030s)
2026-01-10 12:12:28,153 - dq_advanced - INFO -   ✓ length: 0 errors (0.032s)
2026-01-10 12:12:28,280 - dq_advanced - INFO -   ✓ format: 724 errors (0.126s)
2026-01-10 12:12:28,313 - dq_advanced - INFO -   ✓ whitespace: 0 errors (0.033s)
2026-01-10 12:12:28,346 - dq_advanced - INFO -   ✓ data_type: 0 errors (0.033s)
2026-01-10 12:12:28,381 - dq_advanced - INFO -   ✓ length: 0 errors (0.035s)
2026-01-10 12:12:28,611 - dq_advanced - INFO -   ✓ format: 53340 errors (0.228s)
2026-01-10 12:12:28,661 - dq_advanced - INFO -   ✓ whitespace: 0 errors (0.050s)
2026-01-10 12:12:28,703 - dq_advanced - INFO -   ✓ data_type: 0 errors (0.042s)
2026-01-10 12:12:28,751 - dq_advanced - INFO -   ✓ length: 0 errors (0.047s)
2026-01-10 12:12:28,781 - dq_advanced - INFO -   ✓ whitespace: 0 errors (0.029s)
2026-01-10 12:12:28,811 - dq_advanced - INFO -   ✓ data_type: 0 errors (0.031s)
2026-01-10 12:12:28,846 - dq_advanced - INFO -   ✓ length: 0 errors (0.034s)
2026-01-10 12:12:28,983 - dq_advanced - INFO -   ✓ currency: 0 errors (0.137s)
2026-01-10 12:12:29,098 - dq_advanced - INFO -   ✓ zero_padding: 0 errors (0.115s)
2026-01-10 12:12:29,233 - dq_advanced - INFO -   ✓ data_type: 0 errors (0.134s)
2026-01-10 12:12:29,371 - dq_advanced - INFO -   ✓ numeric: 0 errors (0.136s)
2026-01-10 12:12:29,500 - dq_advanced - INFO -   ✓ format: 8372 errors (0.129s)
2026-01-10 12:12:29,616 - dq_advanced - INFO -   ✓ data_type: 0 errors (0.115s)
2026-01-10 12:12:29,724 - dq_advanced - INFO -   ✓ currency: 0 errors (0.108s)
2026-01-10 12:12:29,825 - dq_advanced - INFO -   ✓ numeric: 0 errors (0.101s)
2026-01-10 12:12:29,898 - dq_advanced - INFO -   ✓ zero_padding: 0 errors (0.071s)
2026-01-10 12:12:30,066 - dq_advanced - INFO -   ✓ format: 181 errors (0.167s)
2026-01-10 12:12:30,190 - dq_advanced - INFO -   ✓ data_type: 0 errors (0.124s)
2026-01-10 12:12:30,302 - dq_advanced - INFO -   ✓ currency: 0 errors (0.110s)
2026-01-10 12:12:30,419 - dq_advanced - INFO -   ✓ numeric: 0 errors (0.117s)
2026-01-10 12:12:30,485 - dq_advanced - INFO -   ✓ zero_padding: 0 errors (0.065s)
2026-01-10 12:12:30,524 - dq_advanced - INFO -   ✓ whitespace: 0 errors (0.038s)
2026-01-10 12:12:30,558 - dq_advanced - INFO -   ✓ data_type: 0 errors (0.034s)
2026-01-10 12:12:30,593 - dq_advanced - INFO -   ✓ length: 0 errors (0.034s)
2026-01-10 12:12:30,636 - dq_advanced - INFO -   ✓ whitespace: 5766 errors (0.042s)
2026-01-10 12:12:30,665 - dq_advanced - INFO -   ✓ data_type: 0 errors (0.029s)
2026-01-10 12:12:30,700 - dq_advanced - INFO -   ✓ length: 0 errors (0.034s)
2026-01-10 12:12:30,710 - dq_error_log - INFO - Starting batch logging for 69244 errors, session: ADV_20260110_121226
2026-01-10 12:12:30,784 - dq_error_log - INFO - Batch 1: Successfully logged 500 errors
2026-01-10 12:12:30,853 - dq_error_log - INFO - Batch 2: Successfully logged 500 errors
2026-01-10 12:12:30,916 - dq_error_log - INFO - Batch 3: Successfully logged 500 errors
2026-01-10 12:12:30,981 - dq_error_log - INFO - Batch 4: Successfully logged 500 errors
2026-01-10 12:12:31,041 - dq_error_log - INFO - Batch 5: Successfully logged 500 errors
2026-01-10 12:12:31,105 - dq_error_log - INFO - Batch 6: Successfully logged 500 errors
2026-01-10 12:12:31,171 - dq_error_log - INFO - Batch 7: Successfully logged 500 errors
2026-01-10 12:12:31,232 - dq_error_log - INFO - Batch 8: Successfully logged 500 errors
2026-01-10 12:12:31,296 - dq_error_log - INFO - Batch 9: Successfully logged 500 errors
2026-01-10 12:12:31,426 - dq_error_log - INFO - Batch 10: Successfully logged 500 errors
2026-01-10 12:12:31,426 - dq_error_log - INFO - Progress: 5000/69244 errors processed
2026-01-10 12:12:31,495 - dq_error_log - INFO - Batch 11: Successfully logged 500 errors
2026-01-10 12:12:31,572 - dq_error_log - INFO - Batch 12: Successfully logged 500 errors
2026-01-10 12:12:31,646 - dq_error_log - INFO - Batch 13: Successfully logged 500 errors
2026-01-10 12:12:31,708 - dq_error_log - INFO - Batch 14: Successfully logged 500 errors
2026-01-10 12:12:31,778 - dq_error_log - INFO - Batch 15: Successfully logged 500 errors
2026-01-10 12:12:31,840 - dq_error_log - INFO - Batch 16: Successfully logged 500 errors
2026-01-10 12:12:31,898 - dq_error_log - INFO - Batch 17: Successfully logged 500 errors
2026-01-10 12:12:31,957 - dq_error_log - INFO - Batch 18: Successfully logged 500 errors
2026-01-10 12:12:32,015 - dq_error_log - INFO - Batch 19: Successfully logged 500 errors
2026-01-10 12:12:32,073 - dq_error_log - INFO - Batch 20: Successfully logged 500 errors
2026-01-10 12:12:32,073 - dq_error_log - INFO - Progress: 10000/69244 errors processed
2026-01-10 12:12:32,132 - dq_error_log - INFO - Batch 21: Successfully logged 500 errors
2026-01-10 12:12:32,198 - dq_error_log - INFO - Batch 22: Successfully logged 500 errors
2026-01-10 12:12:32,263 - dq_error_log - INFO - Batch 23: Successfully logged 500 errors
2026-01-10 12:12:32,322 - dq_error_log - INFO - Batch 24: Successfully logged 500 errors
2026-01-10 12:12:32,388 - dq_error_log - INFO - Batch 25: Successfully logged 500 errors
2026-01-10 12:12:32,451 - dq_error_log - INFO - Batch 26: Successfully logged 500 errors
2026-01-10 12:12:32,602 - dq_error_log - INFO - Batch 27: Successfully logged 500 errors
2026-01-10 12:12:32,665 - dq_error_log - INFO - Batch 28: Successfully logged 500 errors
2026-01-10 12:12:32,731 - dq_error_log - INFO - Batch 29: Successfully logged 500 errors
2026-01-10 12:12:32,790 - dq_error_log - INFO - Batch 30: Successfully logged 500 errors
2026-01-10 12:12:32,791 - dq_error_log - INFO - Progress: 15000/69244 errors processed
2026-01-10 12:12:32,854 - dq_error_log - INFO - Batch 31: Successfully logged 500 errors
2026-01-10 12:12:32,920 - dq_error_log - INFO - Batch 32: Successfully logged 500 errors
2026-01-10 12:12:32,986 - dq_error_log - INFO - Batch 33: Successfully logged 500 errors
2026-01-10 12:12:33,050 - dq_error_log - INFO - Batch 34: Successfully logged 500 errors
2026-01-10 12:12:33,113 - dq_error_log - INFO - Batch 35: Successfully logged 500 errors
2026-01-10 12:12:33,175 - dq_error_log - INFO - Batch 36: Successfully logged 500 errors
2026-01-10 12:12:33,242 - dq_error_log - INFO - Batch 37: Successfully logged 500 errors
2026-01-10 12:12:33,307 - dq_error_log - INFO - Batch 38: Successfully logged 500 errors
2026-01-10 12:12:33,371 - dq_error_log - INFO - Batch 39: Successfully logged 500 errors
2026-01-10 12:12:33,430 - dq_error_log - INFO - Batch 40: Successfully logged 500 errors
2026-01-10 12:12:33,431 - dq_error_log - INFO - Progress: 20000/69244 errors processed
2026-01-10 12:12:33,506 - dq_error_log - INFO - Batch 41: Successfully logged 500 errors
2026-01-10 12:12:33,569 - dq_error_log - INFO - Batch 42: Successfully logged 500 errors
2026-01-10 12:12:33,644 - dq_error_log - INFO - Batch 43: Successfully logged 500 errors
2026-01-10 12:12:33,711 - dq_error_log - INFO - Batch 44: Successfully logged 500 errors
2026-01-10 12:12:33,860 - dq_error_log - INFO - Batch 45: Successfully logged 500 errors
2026-01-10 12:12:33,931 - dq_error_log - INFO - Batch 46: Successfully logged 500 errors
2026-01-10 12:12:33,991 - dq_error_log - INFO - Batch 47: Successfully logged 500 errors
2026-01-10 12:12:34,055 - dq_error_log - INFO - Batch 48: Successfully logged 500 errors
2026-01-10 12:12:34,116 - dq_error_log - INFO - Batch 49: Successfully logged 500 errors
2026-01-10 12:12:34,177 - dq_error_log - INFO - Batch 50: Successfully logged 500 errors
2026-01-10 12:12:34,178 - dq_error_log - INFO - Progress: 25000/69244 errors processed
2026-01-10 12:12:34,243 - dq_error_log - INFO - Batch 51: Successfully logged 500 errors
2026-01-10 12:12:34,305 - dq_error_log - INFO - Batch 52: Successfully logged 500 errors
2026-01-10 12:12:34,374 - dq_error_log - INFO - Batch 53: Successfully logged 500 errors
2026-01-10 12:12:34,442 - dq_error_log - INFO - Batch 54: Successfully logged 500 errors
2026-01-10 12:12:34,512 - dq_error_log - INFO - Batch 55: Successfully logged 500 errors
2026-01-10 12:12:34,584 - dq_error_log - INFO - Batch 56: Successfully logged 500 errors
2026-01-10 12:12:34,648 - dq_error_log - INFO - Batch 57: Successfully logged 500 errors
2026-01-10 12:12:34,705 - dq_error_log - INFO - Batch 58: Successfully logged 500 errors
2026-01-10 12:12:34,775 - dq_error_log - INFO - Batch 59: Successfully logged 500 errors
2026-01-10 12:12:34,845 - dq_error_log - INFO - Batch 60: Successfully logged 500 errors
2026-01-10 12:12:34,845 - dq_error_log - INFO - Progress: 30000/69244 errors processed
2026-01-10 12:12:34,911 - dq_error_log - INFO - Batch 61: Successfully logged 500 errors
2026-01-10 12:12:34,977 - dq_error_log - INFO - Batch 62: Successfully logged 500 errors
2026-01-10 12:12:35,106 - dq_error_log - INFO - Batch 63: Successfully logged 500 errors
2026-01-10 12:12:35,427 - dq_error_log - INFO - Batch 64: Successfully logged 500 errors
2026-01-10 12:12:35,493 - dq_error_log - INFO - Batch 65: Successfully logged 500 errors
2026-01-10 12:12:35,565 - dq_error_log - INFO - Batch 66: Successfully logged 500 errors
2026-01-10 12:12:35,635 - dq_error_log - INFO - Batch 67: Successfully logged 500 errors
2026-01-10 12:12:35,699 - dq_error_log - INFO - Batch 68: Successfully logged 500 errors
2026-01-10 12:12:35,760 - dq_error_log - INFO - Batch 69: Successfully logged 500 errors
2026-01-10 12:12:35,822 - dq_error_log - INFO - Batch 70: Successfully logged 500 errors
2026-01-10 12:12:35,823 - dq_error_log - INFO - Progress: 35000/69244 errors processed
2026-01-10 12:12:35,889 - dq_error_log - INFO - Batch 71: Successfully logged 500 errors
2026-01-10 12:12:35,956 - dq_error_log - INFO - Batch 72: Successfully logged 500 errors
2026-01-10 12:12:36,031 - dq_error_log - INFO - Batch 73: Successfully logged 500 errors
2026-01-10 12:12:36,095 - dq_error_log - INFO - Batch 74: Successfully logged 500 errors
2026-01-10 12:12:36,163 - dq_error_log - INFO - Batch 75: Successfully logged 500 errors
2026-01-10 12:12:36,229 - dq_error_log - INFO - Batch 76: Successfully logged 500 errors
2026-01-10 12:12:36,311 - dq_error_log - INFO - Batch 77: Successfully logged 500 errors
2026-01-10 12:12:36,379 - dq_error_log - INFO - Batch 78: Successfully logged 500 errors
2026-01-10 12:12:36,450 - dq_error_log - INFO - Batch 79: Successfully logged 500 errors
2026-01-10 12:12:36,564 - dq_error_log - INFO - Batch 80: Successfully logged 500 errors
2026-01-10 12:12:36,564 - dq_error_log - INFO - Progress: 40000/69244 errors processed
2026-01-10 12:12:36,635 - dq_error_log - INFO - Batch 81: Successfully logged 500 errors
2026-01-10 12:12:36,695 - dq_error_log - INFO - Batch 82: Successfully logged 500 errors
2026-01-10 12:12:36,761 - dq_error_log - INFO - Batch 83: Successfully logged 500 errors
2026-01-10 12:12:36,824 - dq_error_log - INFO - Batch 84: Successfully logged 500 errors
2026-01-10 12:12:36,884 - dq_error_log - INFO - Batch 85: Successfully logged 500 errors
2026-01-10 12:12:36,949 - dq_error_log - INFO - Batch 86: Successfully logged 500 errors
2026-01-10 12:12:37,011 - dq_error_log - INFO - Batch 87: Successfully logged 500 errors
2026-01-10 12:12:37,078 - dq_error_log - INFO - Batch 88: Successfully logged 500 errors
2026-01-10 12:12:37,140 - dq_error_log - INFO - Batch 89: Successfully logged 500 errors
2026-01-10 12:12:37,203 - dq_error_log - INFO - Batch 90: Successfully logged 500 errors
2026-01-10 12:12:37,204 - dq_error_log - INFO - Progress: 45000/69244 errors processed
2026-01-10 12:12:37,265 - dq_error_log - INFO - Batch 91: Successfully logged 500 errors
2026-01-10 12:12:37,331 - dq_error_log - INFO - Batch 92: Successfully logged 500 errors
2026-01-10 12:12:37,403 - dq_error_log - INFO - Batch 93: Successfully logged 500 errors
2026-01-10 12:12:37,464 - dq_error_log - INFO - Batch 94: Successfully logged 500 errors
2026-01-10 12:12:37,529 - dq_error_log - INFO - Batch 95: Successfully logged 500 errors
2026-01-10 12:12:37,598 - dq_error_log - INFO - Batch 96: Successfully logged 500 errors
2026-01-10 12:12:37,669 - dq_error_log - INFO - Batch 97: Successfully logged 500 errors
2026-01-10 12:12:37,764 - dq_error_log - INFO - Batch 98: Successfully logged 500 errors
2026-01-10 12:12:37,827 - dq_error_log - INFO - Batch 99: Successfully logged 500 errors
2026-01-10 12:12:37,893 - dq_error_log - INFO - Batch 100: Successfully logged 500 errors
2026-01-10 12:12:37,894 - dq_error_log - INFO - Progress: 50000/69244 errors processed
2026-01-10 12:12:37,965 - dq_error_log - INFO - Batch 101: Successfully logged 500 errors
2026-01-10 12:12:38,033 - dq_error_log - INFO - Batch 102: Successfully logged 500 errors
2026-01-10 12:12:38,097 - dq_error_log - INFO - Batch 103: Successfully logged 500 errors
2026-01-10 12:12:38,158 - dq_error_log - INFO - Batch 104: Successfully logged 500 errors
2026-01-10 12:12:38,224 - dq_error_log - INFO - Batch 105: Successfully logged 500 errors
2026-01-10 12:12:38,291 - dq_error_log - INFO - Batch 106: Successfully logged 500 errors
2026-01-10 12:12:38,355 - dq_error_log - INFO - Batch 107: Successfully logged 500 errors
2026-01-10 12:12:38,420 - dq_error_log - INFO - Batch 108: Successfully logged 500 errors
2026-01-10 12:12:38,478 - dq_error_log - INFO - Batch 109: Successfully logged 500 errors
2026-01-10 12:12:38,542 - dq_error_log - INFO - Batch 110: Successfully logged 500 errors
2026-01-10 12:12:38,543 - dq_error_log - INFO - Progress: 55000/69244 errors processed
2026-01-10 12:12:38,617 - dq_error_log - INFO - Batch 111: Successfully logged 500 errors
2026-01-10 12:12:38,708 - dq_error_log - INFO - Batch 112: Successfully logged 500 errors
2026-01-10 12:12:38,766 - dq_error_log - INFO - Batch 113: Successfully logged 500 errors
2026-01-10 12:12:38,827 - dq_error_log - INFO - Batch 114: Successfully logged 500 errors
2026-01-10 12:12:38,883 - dq_error_log - INFO - Batch 115: Successfully logged 500 errors
2026-01-10 12:12:38,987 - dq_error_log - INFO - Batch 116: Successfully logged 500 errors
2026-01-10 12:12:39,055 - dq_error_log - INFO - Batch 117: Successfully logged 500 errors
2026-01-10 12:12:39,120 - dq_error_log - INFO - Batch 118: Successfully logged 500 errors
2026-01-10 12:12:39,190 - dq_error_log - INFO - Batch 119: Successfully logged 500 errors
2026-01-10 12:12:39,253 - dq_error_log - INFO - Batch 120: Successfully logged 500 errors
2026-01-10 12:12:39,254 - dq_error_log - INFO - Progress: 60000/69244 errors processed
2026-01-10 12:12:39,322 - dq_error_log - INFO - Batch 121: Successfully logged 500 errors
2026-01-10 12:12:39,384 - dq_error_log - INFO - Batch 122: Successfully logged 500 errors
2026-01-10 12:12:39,447 - dq_error_log - INFO - Batch 123: Successfully logged 500 errors
2026-01-10 12:12:39,503 - dq_error_log - INFO - Batch 124: Successfully logged 500 errors
2026-01-10 12:12:39,566 - dq_error_log - INFO - Batch 125: Successfully logged 500 errors
2026-01-10 12:12:39,641 - dq_error_log - INFO - Batch 126: Successfully logged 500 errors
2026-01-10 12:12:39,705 - dq_error_log - INFO - Batch 127: Successfully logged 500 errors
2026-01-10 12:12:39,772 - dq_error_log - INFO - Batch 128: Successfully logged 500 errors
2026-01-10 12:12:39,841 - dq_error_log - INFO - Batch 129: Successfully logged 500 errors
2026-01-10 12:12:39,900 - dq_error_log - INFO - Batch 130: Successfully logged 500 errors
2026-01-10 12:12:39,901 - dq_error_log - INFO - Progress: 65000/69244 errors processed
2026-01-10 12:12:39,966 - dq_error_log - INFO - Batch 131: Successfully logged 500 errors
2026-01-10 12:12:40,031 - dq_error_log - INFO - Batch 132: Successfully logged 500 errors
2026-01-10 12:12:40,106 - dq_error_log - INFO - Batch 133: Successfully logged 500 errors
2026-01-10 12:12:40,218 - dq_error_log - INFO - Batch 134: Successfully logged 500 errors
2026-01-10 12:12:40,281 - dq_error_log - INFO - Batch 135: Successfully logged 500 errors
2026-01-10 12:12:40,352 - dq_error_log - INFO - Batch 136: Successfully logged 500 errors
2026-01-10 12:12:40,420 - dq_error_log - INFO - Batch 137: Successfully logged 500 errors
2026-01-10 12:12:40,479 - dq_error_log - INFO - Batch 138: Successfully logged 500 errors
2026-01-10 12:12:40,522 - dq_error_log - INFO - Batch 139: Successfully logged 244 errors
2026-01-10 12:12:40,523 - dq_error_log - INFO - Progress: 69244/69244 errors processed
2026-01-10 12:12:40,524 - dq_error_log - INFO - COMPLETE: Logged 69244/69244 errors for session ADV_20260110_121226
2026-01-10 12:12:40,578 - dq_audit - INFO - Audit class initialized with database: dq_checks
2026-01-10 12:12:40,579 - dq_audit - INFO - Starting database insertion for advanced...
2026-01-10 12:12:40,605 - dq_audit - INFO - Inserted advanced record with ID: 606
2026-01-10 12:12:40,606 - dq_advanced - INFO - Audit record logged with ID: 606
2026-01-10 12:12:40,645 - __main__ - INFO - Advanced Data Checks completed successfully
2026-01-10 12:12:40,645 - __main__ - INFO - Displaying main menu options to user
2026-01-10 12:13:12,786 - __main__ - INFO - User selected option: 6
2026-01-10 12:13:12,787 - __main__ - INFO - User session ended. Duration: 0:02:50.671577
2026-01-10 12:13:12,788 - __main__ - INFO - 👋 Thank you for using Universal Data Quality Framework!
