2025-12-26 18:21:27,963 - root - INFO - CLI Mode Logging Initialized
2025-12-26 18:21:27,964 - root - INFO - CLI logs will be saved to: logs/dq_framework_20251226_182127.log
2025-12-26 18:21:27,964 - __main__ - INFO - 🚀 UNIVERSAL DATA QUALITY FRAMEWORK INITIALIZED
2025-12-26 18:21:27,965 - __main__ - INFO - Starting system resource check
2025-12-26 18:21:27,971 - __main__ - INFO - Total RAM: 15.7 GB
2025-12-26 18:21:27,971 - __main__ - INFO - Available RAM: 4.1 GB
2025-12-26 18:21:27,972 - __main__ - INFO - Memory used: 73.7%
2025-12-26 18:21:27,972 - __main__ - INFO - Memory status: OK
2025-12-26 18:21:27,973 - __main__ - INFO - Free disk space: 260.0 GB
2025-12-26 18:21:27,975 - __main__ - INFO - Disk used: 45.4%
2025-12-26 18:21:27,976 - __main__ - INFO - Disk space: OK
2025-12-26 18:21:28,477 - __main__ - INFO - CPU cores: 8
2025-12-26 18:21:28,478 - __main__ - INFO - CPU usage: 13.3%
2025-12-26 18:21:28,478 - __main__ - INFO - Python version: 3.12.4
2025-12-26 18:21:28,479 - __main__ - INFO - System platform: win32
2025-12-26 18:21:28,479 - __main__ - INFO - User session started at: 2025-12-26 18:21:28.479867
2025-12-26 18:21:28,480 - __main__ - INFO - Displaying main menu options to user
2025-12-26 18:21:29,365 - __main__ - INFO - User selected option: 1
2025-12-26 18:21:29,368 - __main__ - INFO - Starting Single Source Analysis module
2025-12-26 18:21:29,374 - dq_unified - INFO - Starting unified data quality analysis
2025-12-26 18:21:29,375 - dq_unified - INFO - Prompting user for data source type
2025-12-26 18:21:29,376 - dq_unified - INFO - UI Data source_type: No UI data
2025-12-26 18:21:30,791 - dq_unified - INFO - User selected source type: 1
2025-12-26 18:21:35,175 - dq_unified - INFO - Loading data from CSV
2025-12-26 18:21:35,176 - dq_unified - INFO - Loading data from CSV
2025-12-26 18:21:35,179 - dq_unified - INFO - Loading large CSV: C:\Users\003160\OneDrive - wisseninfotech.com\Documents\DQ-Checks-Shashi\Test_data\sample_data.csv
2025-12-26 18:21:35,184 - dq_unified - INFO - CSV file has 15 rows
2025-12-26 18:21:35,184 - dq_unified - INFO - Loading 15 rows from CSV...
2025-12-26 18:21:35,198 - dq_unified - INFO - Loaded 15 rows from CSV
2025-12-26 18:21:35,210 - dq_unified - INFO - Memory optimization: 0.0MB -> 0.0MB (Saved: 0.0MB)
2025-12-26 18:21:35,212 - dq_unified - INFO - Loaded 15 rows, 10 columns. Memory: 86.9MB total, 0.0MB for dataframe
2025-12-26 18:21:35,213 - dq_unified - INFO - DATA PREVIEW:
2025-12-26 18:21:35,217 - dq_unified - INFO -    Total rows: 15
2025-12-26 18:21:35,219 - dq_unified - INFO -    Total columns: 10
2025-12-26 18:21:35,220 - dq_unified - INFO -    Columns: ['CustomerName', 'Email', 'Phone', 'Salary', 'Department', 'JoinDate', 'PostalCode', 'City', 'Country', 'State']
2025-12-26 18:21:35,223 - dq_unified - INFO - Running quality checks
2025-12-26 18:21:35,224 - dq_unified - INFO - Checking for null cells (not empty strings)
2025-12-26 18:21:35,225 - dq_unified - WARNING - Column 'CustomerName': 1 null cells (6.7%)
2025-12-26 18:21:35,227 - dq_unified - WARNING - Column 'Email': 1 null cells (6.7%)
2025-12-26 18:21:35,229 - dq_unified - INFO - Column 'Phone': No null cells
2025-12-26 18:21:35,230 - dq_unified - WARNING - Column 'Salary': 2 null cells (13.3%)
2025-12-26 18:21:35,231 - dq_unified - WARNING - Column 'Department': 1 null cells (6.7%)
2025-12-26 18:21:35,232 - dq_unified - INFO - Column 'JoinDate': No null cells
2025-12-26 18:21:35,236 - dq_unified - INFO - Column 'PostalCode': No null cells
2025-12-26 18:21:35,239 - dq_unified - INFO - Column 'City': No null cells
2025-12-26 18:21:35,240 - dq_unified - INFO - Column 'Country': No null cells
2025-12-26 18:21:35,241 - dq_unified - WARNING - Column 'State': 1 null cells (6.7%)
2025-12-26 18:21:35,242 - dq_unified - INFO - Total null cells found: 6
2025-12-26 18:21:35,243 - dq_unified - INFO - Checking for duplicate rows
2025-12-26 18:21:35,259 - dq_unified - INFO - DEBUG: Total rows: 15
2025-12-26 18:21:35,260 - dq_unified - INFO - DEBUG: Duplicate mask sum: 0
2025-12-26 18:21:35,261 - dq_unified - INFO - DEBUG: Duplicate count: 0
2025-12-26 18:21:35,262 - dq_unified - INFO - FINAL: Found 0 duplicate rows
2025-12-26 18:21:35,263 - dq_unified - INFO - Automatically detecting key field duplicates
2025-12-26 18:21:35,267 - dq_unified - INFO - Detected potential key fields: ['CustomerName', 'Email', 'PostalCode']
2025-12-26 18:21:35,269 - dq_unified - WARNING - Found 1 duplicate values in field 'Email'
2025-12-26 18:21:35,273 - dq_unified - WARNING - Found 1 duplicate values in field 'PostalCode'
2025-12-26 18:21:35,274 - dq_unified - INFO - Checking data formats with intelligent, adaptive detection
2025-12-26 18:21:35,275 - dq_unified - INFO - Analyzing column 'CustomerName' with 14 non-null values
2025-12-26 18:21:35,278 - dq_unified - INFO - Analyzing column 'Email' with 14 non-null values
2025-12-26 18:21:35,279 - dq_unified - INFO -   ✓ Column 'Email' matches 'email' pattern with 92.9% confidence
2025-12-26 18:21:35,279 - dq_unified - WARNING -     Row 3: EMPTY value doesn't match Valid email format (user@domain.com)
2025-12-26 18:21:35,283 - dq_unified - WARNING -     Row 9: 'invalid-email...' doesn't match Valid email format (user@domain.com)
2025-12-26 18:21:35,286 - dq_unified - INFO -     Found 2 format issues in column 'Email'
2025-12-26 18:21:35,289 - dq_unified - INFO - Analyzing column 'Phone' with 15 non-null values
2025-12-26 18:21:35,289 - dq_unified - INFO -   ✓ Column 'Phone' matches 'numeric' pattern with 100.0% confidence
2025-12-26 18:21:35,291 - dq_unified - INFO - Analyzing column 'Salary' with 13 non-null values
2025-12-26 18:21:35,292 - dq_unified - INFO -   ✓ Column 'Salary' matches 'numeric' pattern with 100.0% confidence
2025-12-26 18:21:35,293 - dq_unified - WARNING -     Row 7: EMPTY value doesn't match Valid numeric value (integers or decimals)
2025-12-26 18:21:35,293 - dq_unified - WARNING -     Row 14: EMPTY value doesn't match Valid numeric value (integers or decimals)
2025-12-26 18:21:35,294 - dq_unified - INFO -     Found 2 format issues in column 'Salary'
2025-12-26 18:21:35,297 - dq_unified - INFO - Analyzing column 'Department' with 14 non-null values
2025-12-26 18:21:35,298 - dq_unified - INFO -   ✓ Column 'Department' matches 'code_id' pattern with 100.0% confidence
2025-12-26 18:21:35,302 - dq_unified - INFO - Analyzing column 'JoinDate' with 15 non-null values
2025-12-26 18:21:35,303 - dq_unified - INFO -   ✓ Column 'JoinDate' matches 'code_id' pattern with 100.0% confidence
2025-12-26 18:21:35,304 - dq_unified - INFO - Analyzing column 'PostalCode' with 15 non-null values
2025-12-26 18:21:35,305 - dq_unified - INFO -   ✓ Column 'PostalCode' matches 'code_id' pattern with 100.0% confidence
2025-12-26 18:21:35,307 - dq_unified - INFO - Analyzing column 'City' with 15 non-null values
2025-12-26 18:21:35,309 - dq_unified - INFO - Analyzing column 'Country' with 15 non-null values
2025-12-26 18:21:35,310 - dq_unified - INFO -   ✓ Column 'Country' matches 'code_id' pattern with 100.0% confidence
2025-12-26 18:21:35,312 - dq_unified - INFO - Analyzing column 'State' with 14 non-null values
2025-12-26 18:21:35,316 - dq_unified - INFO -   ✓ Column 'State' matches 'code_id' pattern with 100.0% confidence
2025-12-26 18:21:35,317 - dq_unified - INFO - Total format issues found: 4
2025-12-26 18:21:35,317 - dq_unified - INFO - Checking mandatory fields
2025-12-26 18:21:35,318 - dq_unified - INFO - DEBUG: UI data for mandatory fields: None
2025-12-26 18:21:35,319 - dq_unified - INFO - Available columns: ['CustomerName', 'Email', 'Phone', 'Salary', 'Department', 'JoinDate', 'PostalCode', 'City', 'Country', 'State']
2025-12-26 18:21:37,116 - dq_unified - INFO - Checking ALL columns as mandatory: ['CustomerName', 'Email', 'Phone', 'Salary', 'Department', 'JoinDate', 'PostalCode', 'City', 'Country', 'State']
2025-12-26 18:21:37,119 - dq_unified - WARNING - Mandatory field 'CustomerName': 1 missing values (93.3% filled)
2025-12-26 18:21:37,123 - dq_unified - WARNING - Mandatory field 'Email': 1 missing values (93.3% filled)
2025-12-26 18:21:37,126 - dq_unified - INFO - Mandatory field 'Phone': 100.0% filled
2025-12-26 18:21:37,126 - dq_unified - WARNING - Mandatory field 'Salary': 2 missing values (86.7% filled)
2025-12-26 18:21:37,129 - dq_unified - WARNING - Mandatory field 'Department': 1 missing values (93.3% filled)
2025-12-26 18:21:37,133 - dq_unified - INFO - Mandatory field 'JoinDate': 100.0% filled
2025-12-26 18:21:37,135 - dq_unified - INFO - Mandatory field 'PostalCode': 100.0% filled
2025-12-26 18:21:37,137 - dq_unified - INFO - Mandatory field 'City': 100.0% filled
2025-12-26 18:21:37,138 - dq_unified - INFO - Mandatory field 'Country': 100.0% filled
2025-12-26 18:21:37,144 - dq_unified - WARNING - Mandatory field 'State': 1 missing values (93.3% filled)
2025-12-26 18:21:37,146 - dq_unified - INFO - Mandatory field check completed: 5 columns with issues, 6 total missing values
2025-12-26 18:21:37,147 - dq_unified - INFO - Calculating overall quality score
2025-12-26 18:21:37,148 - dq_unified - INFO - Using known issue rows: 8 rows
2025-12-26 18:21:37,149 - dq_unified - INFO - Quality Score Calculation:
2025-12-26 18:21:37,149 - dq_unified - INFO -   Total rows: 15
2025-12-26 18:21:37,150 - dq_unified - INFO -   Rows with issues: 8
2025-12-26 18:21:37,151 - dq_unified - INFO -   Good rows: 7
2025-12-26 18:21:37,151 - dq_unified - INFO -   Quality Score: 46.67%
2025-12-26 18:21:37,152 - dq_unified - INFO - Generating detailed data quality report
2025-12-26 18:21:37,152 - dq_unified - INFO - Report for: CSV: sample_data.csv, Records: 15, Columns: 10
2025-12-26 18:21:37,153 - dq_unified - INFO - Overall quality score: 46.7%
2025-12-26 18:21:37,154 - dq_error_log - INFO - ErrorLogger initialized with database: dq_checks
2025-12-26 18:21:37,159 - dq_unified - INFO - Error Logger Session ID: SINGLE_20251226_182137
2025-12-26 18:21:37,800 - dq_audit - INFO - Audit class initialized with database: dq_checks
2025-12-26 18:21:37,800 - dq_audit - INFO - Starting database insertion for single_source...
2025-12-26 18:21:37,828 - dq_audit - INFO - Inserted single_source record with ID: 359
2025-12-26 18:21:37,829 - dq_unified - INFO - Audit logged for session: DQ_20251226_182137
2025-12-26 18:21:37,848 - dq_unified - INFO - Analysis completed successfully for CSV: sample_data.csv
2025-12-26 18:21:37,848 - __main__ - INFO - Single Source Analysis completed successfully
2025-12-26 18:21:37,850 - __main__ - INFO - Displaying main menu options to user
2025-12-26 18:28:40,251 - __main__ - INFO - User selected option: 6
2025-12-26 18:28:40,252 - __main__ - INFO - User session ended. Duration: 0:07:11.773079
2025-12-26 18:28:40,253 - __main__ - INFO - 👋 Thank you for using Universal Data Quality Framework!
