2026-01-06 10:37:31,801 - root - INFO - CLI Mode Logging Initialized
2026-01-06 10:37:31,801 - root - INFO - CLI logs will be saved to: logs/dq_framework_20260106_103731.log
2026-01-06 10:37:31,802 - __main__ - INFO - 🚀 UNIVERSAL DATA QUALITY FRAMEWORK INITIALIZED
2026-01-06 10:37:31,803 - __main__ - INFO - Starting system resource check
2026-01-06 10:37:31,808 - __main__ - INFO - Total RAM: 15.7 GB
2026-01-06 10:37:31,808 - __main__ - INFO - Available RAM: 2.7 GB
2026-01-06 10:37:31,808 - __main__ - INFO - Memory used: 82.7%
2026-01-06 10:37:31,809 - __main__ - INFO - Memory status: OK
2026-01-06 10:37:31,810 - __main__ - INFO - Free disk space: 260.2 GB
2026-01-06 10:37:31,810 - __main__ - INFO - Disk used: 45.4%
2026-01-06 10:37:31,811 - __main__ - INFO - Disk space: OK
2026-01-06 10:37:32,312 - __main__ - INFO - CPU cores: 8
2026-01-06 10:37:32,312 - __main__ - INFO - CPU usage: 15.4%
2026-01-06 10:37:32,312 - __main__ - INFO - Python version: 3.12.4
2026-01-06 10:37:32,313 - __main__ - INFO - System platform: win32
2026-01-06 10:37:32,313 - __main__ - INFO - User session started at: 2026-01-06 10:37:32.313967
2026-01-06 10:37:32,313 - __main__ - INFO - Displaying main menu options to user
2026-01-06 10:37:35,123 - __main__ - INFO - User selected option: 1
2026-01-06 10:37:35,124 - __main__ - INFO - Starting Single Source Analysis module
2026-01-06 10:37:35,128 - dq_unified - INFO - Starting unified data quality analysis
2026-01-06 10:37:35,128 - dq_unified - INFO - Prompting user for data source type
2026-01-06 10:37:35,128 - dq_unified - INFO - UI Data source_type: No UI data
2026-01-06 10:37:36,397 - dq_unified - INFO - User selected source type: 3
2026-01-06 10:37:36,397 - dq_unified - INFO - Getting database configuration - Dual mode
2026-01-06 10:37:37,305 - dq_unified - INFO - User selected Browse and Select mode
2026-01-06 10:37:37,312 - database_navigator - INFO - DatabaseNavigator initialized
2026-01-06 10:37:37,312 - database_navigator - INFO - Starting database navigation...
2026-01-06 10:37:38,599 - database_navigator - INFO - Database type: postgres
2026-01-06 10:37:38,600 - database_navigator - INFO - Getting database configuration...
2026-01-06 10:37:41,000 - database_navigator - INFO - Connecting to POSTGRES...
2026-01-06 10:37:41,001 - database_navigator - INFO - Connecting to PostgreSQL...
2026-01-06 10:37:41,001 - database_navigator - INFO - Connecting to PostgreSQL: host=localhost, port=5432, database=postgres, user=postgres
2026-01-06 10:37:41,116 - database_navigator - INFO - Connection object created: <connection object at 0x00000180041A2460; dsn: 'user=postgres password=xxx dbname=postgres host=localhost port=5432', closed: 0>
2026-01-06 10:37:41,117 - database_navigator - INFO - ✅ PostgreSQL connection successful to database: postgres
2026-01-06 10:37:41,120 - database_navigator - INFO - get_databases() called. db_type: postgres, connection exists: True
2026-01-06 10:37:41,120 - database_navigator - INFO - DEBUG: Checking connection - self.connection = <connection object at 0x00000180041A2460; dsn: 'user=postgres password=xxx dbname=postgres host=localhost port=5432', closed: 0>
2026-01-06 10:37:41,125 - database_navigator - INFO - Databases found: []
2026-01-06 10:37:41,125 - database_navigator - INFO - Found 0 databases
2026-01-06 10:37:41,126 - database_navigator - WARNING - No databases found.
2026-01-06 10:37:41,126 - database_navigator - WARNING - Database selection cancelled
2026-01-06 10:37:41,126 - dq_unified - WARNING - Database navigation cancelled
2026-01-06 10:37:41,127 - dq_unified - ERROR - No valid source configuration provided
2026-01-06 10:37:41,127 - __main__ - INFO - Single Source Analysis completed successfully
2026-01-06 10:37:41,127 - __main__ - INFO - Displaying main menu options to user
2026-01-06 10:38:26,502 - __main__ - INFO - User selected option: 6
2026-01-06 10:38:26,503 - __main__ - INFO - User session ended. Duration: 0:00:54.189786
2026-01-06 10:38:26,503 - __main__ - INFO - 👋 Thank you for using Universal Data Quality Framework!
