2026-01-15 14:10:56,906 - root - INFO - CLI Mode Logging Initialized
2026-01-15 14:10:56,907 - root - INFO - CLI logs will be saved to: logs/dq_framework_20260115_141056.log
2026-01-15 14:10:56,907 - __main__ - INFO - 🚀 UNIVERSAL DATA QUALITY FRAMEWORK INITIALIZED
2026-01-15 14:10:56,908 - __main__ - INFO - Starting system resource check
2026-01-15 14:10:56,913 - __main__ - INFO - Total RAM: 15.7 GB
2026-01-15 14:10:56,913 - __main__ - INFO - Available RAM: 4.8 GB
2026-01-15 14:10:56,913 - __main__ - INFO - Memory used: 69.6%
2026-01-15 14:10:56,913 - __main__ - INFO - Memory status: OK
2026-01-15 14:10:56,914 - __main__ - INFO - Free disk space: 262.1 GB
2026-01-15 14:10:56,915 - __main__ - INFO - Disk used: 45.0%
2026-01-15 14:10:56,915 - __main__ - INFO - Disk space: OK
2026-01-15 14:10:57,416 - __main__ - INFO - CPU cores: 8
2026-01-15 14:10:57,416 - __main__ - INFO - CPU usage: 11.7%
2026-01-15 14:10:57,417 - __main__ - INFO - Python version: 3.12.4
2026-01-15 14:10:57,417 - __main__ - INFO - System platform: win32
2026-01-15 14:10:57,419 - __main__ - INFO - User session started at: 2026-01-15 14:10:57.419023
2026-01-15 14:10:57,419 - __main__ - INFO - Displaying main menu options to user
2026-01-15 14:11:05,478 - __main__ - INFO - User selected option: 2
2026-01-15 14:11:05,480 - __main__ - INFO - Starting Source-Target Comparison module
2026-01-15 14:11:05,486 - dq_comparison - INFO - STARTING UNIVERSAL SOURCE-TARGET COMPARISON TOOL
2026-01-15 14:11:05,486 - dq_comparison - INFO - LOADING SOURCE AND TARGET DATA
2026-01-15 14:11:05,487 - dq_comparison - INFO - 
==================================================
2026-01-15 14:11:05,488 - dq_comparison - INFO - 🔗 SOURCE DATA CONFIGURATION
2026-01-15 14:11:05,488 - dq_comparison - INFO - ==================================================
2026-01-15 14:11:07,036 - dq_comparison - INFO - DEBUG load_excel_source called for SOURCE
2026-01-15 14:11:07,037 - dq_comparison - INFO - DEBUG ui_data: None
2026-01-15 14:11:07,038 - dq_comparison - INFO - DEBUG ui_data type: <class 'NoneType'>
2026-01-15 14:11:09,535 - dq_comparison - ERROR - Error loading SOURCE Excel: [Errno 13] Permission denied: 'C:/Users/003160/OneDrive - wisseninfotech.com/Documents/DQ-Checks-Shashi/Test_data/source_data_90k.xlsx'
2026-01-15 14:11:09,830 - dq_comparison - ERROR - Traceback (most recent call last):
  File "C:\Users\003160\OneDrive - wisseninfotech.com\Documents\DQ-Checks-Shashi\Data_Quality_Framework\dq_comparison.py", line 330, in load_excel_source
    excel_file = pd.ExcelFile(file_path)
                 ^^^^^^^^^^^^^^^^^^^^^^^
  File "C:\Users\003160\AppData\Local\Programs\Python\Python312\Lib\site-packages\pandas\io\excel\_base.py", line 1550, in __init__
    ext = inspect_excel_format(
          ^^^^^^^^^^^^^^^^^^^^^
  File "C:\Users\003160\AppData\Local\Programs\Python\Python312\Lib\site-packages\pandas\io\excel\_base.py", line 1402, in inspect_excel_format
    with get_handle(
         ^^^^^^^^^^^
  File "C:\Users\003160\AppData\Local\Programs\Python\Python312\Lib\site-packages\pandas\io\common.py", line 882, in get_handle
    handle = open(handle, ioargs.mode)
             ^^^^^^^^^^^^^^^^^^^^^^^^^
PermissionError: [Errno 13] Permission denied: 'C:/Users/003160/OneDrive - wisseninfotech.com/Documents/DQ-Checks-Shashi/Test_data/source_data_90k.xlsx'

2026-01-15 14:11:09,830 - dq_comparison - INFO - 
==================================================
2026-01-15 14:11:09,832 - dq_comparison - INFO - 🔗 TARGET DATA CONFIGURATION
2026-01-15 14:11:09,834 - dq_comparison - INFO - ==================================================
2026-01-15 14:11:26,000 - __main__ - INFO - Module interrupted by user (Ctrl+C)
2026-01-15 14:11:26,002 - __main__ - INFO - Displaying main menu options to user
2026-01-15 14:11:27,527 - __main__ - INFO - User selected option: 6
2026-01-15 14:11:27,529 - __main__ - INFO - User session ended. Duration: 0:00:30.110235
2026-01-15 14:11:27,529 - __main__ - INFO - 👋 Thank you for using Universal Data Quality Framework!
