2025-12-17 16:09:46,454 - root - INFO - ðŸ”§ CLI Mode Logging Initialized
2025-12-17 16:09:46,454 - root - INFO - ðŸ“ CLI logs will be saved to: logs/dq_framework_20251217_160946.log
2025-12-17 16:09:46,455 - __main__ - INFO - ðŸš€ UNIVERSAL DATA QUALITY FRAMEWORK INITIALIZED
2025-12-17 16:09:46,968 - __main__ - INFO - User session started at: 2025-12-17 16:09:46.967222
2025-12-17 16:09:46,968 - __main__ - INFO - Displaying main menu options to user
2025-12-17 16:09:48,131 - __main__ - INFO - User selected option: 1
2025-12-17 16:09:48,134 - __main__ - INFO - Starting Single Source Analysis module
2025-12-17 16:09:48,148 - dq_unified - INFO - STARTING UNIFIED DATA QUALITY ANALYSIS
2025-12-17 16:09:48,153 - dq_unified - INFO - PROMPTING USER FOR DATA SOURCE TYPE
2025-12-17 16:09:50,486 - dq_unified - INFO - User selected source type: 1
2025-12-17 16:09:56,500 - dq_unified - INFO - LOADING DATA FROM CSV
2025-12-17 16:09:56,501 - dq_unified - INFO - LOADING DATA FROM CSV
2025-12-17 16:09:56,508 - dq_unified - INFO - Loading large CSV: C:\Users\003160\OneDrive - wisseninfotech.com\Documents\DQ-Checks-Shashi\Test_data\sample_data.csv
2025-12-17 16:09:56,513 - dq_unified - INFO - CSV file has 15 rows
2025-12-17 16:09:56,515 - dq_unified - INFO - Loading 15 rows from CSV...
2025-12-17 16:09:56,531 - dq_unified - INFO - Loaded 15 rows from CSV
2025-12-17 16:09:56,538 - dq_unified - INFO - Memory optimization: 0.0MB -> 0.0MB (Saved: 0.0MB)
2025-12-17 16:09:56,539 - dq_unified - INFO - Loaded 15 rows, 10 columns. Memory: 86.7MB total, 0.0MB for dataframe
2025-12-17 16:09:56,542 - dq_unified - INFO - DATA PREVIEW:
2025-12-17 16:09:56,544 - dq_unified - INFO -    Total rows: 15
2025-12-17 16:09:56,545 - dq_unified - INFO -    Total columns: 10
2025-12-17 16:09:56,546 - dq_unified - INFO -    Columns: ['CustomerName', 'Email', 'Phone', 'Salary', 'Department', 'JoinDate', 'PostalCode', 'City', 'Country', 'State']
2025-12-17 16:09:56,546 - dq_unified - INFO - RUNNING QUALITY CHECKS
2025-12-17 16:09:56,547 - dq_unified - INFO - CHECKING FOR EMPTY CELLS
2025-12-17 16:09:56,549 - dq_unified - WARNING - Column 'CustomerName': 1 empty cells (6.7%)
2025-12-17 16:09:56,552 - dq_unified - WARNING - Column 'Email': 1 empty cells (6.7%)
2025-12-17 16:09:56,554 - dq_unified - INFO - Column 'Phone': No empty cells
2025-12-17 16:09:56,554 - dq_unified - WARNING - Column 'Salary': 2 empty cells (13.3%)
2025-12-17 16:09:56,556 - dq_unified - WARNING - Column 'Department': 1 empty cells (6.7%)
2025-12-17 16:09:56,558 - dq_unified - INFO - Column 'JoinDate': No empty cells
2025-12-17 16:09:56,560 - dq_unified - INFO - Column 'PostalCode': No empty cells
2025-12-17 16:09:56,561 - dq_unified - INFO - Column 'City': No empty cells
2025-12-17 16:09:56,562 - dq_unified - INFO - Column 'Country': No empty cells
2025-12-17 16:09:56,565 - dq_unified - WARNING - Column 'State': 1 empty cells (6.7%)
2025-12-17 16:09:56,567 - dq_unified - INFO - Total empty cells found: 6
2025-12-17 16:09:56,569 - dq_unified - INFO - CHECKING FOR DUPLICATE ROWS
2025-12-17 16:09:56,576 - dq_unified - INFO - No strict duplicate rows found
2025-12-17 16:09:56,576 - dq_unified - INFO - AUTOMATICALLY DETECTING KEY FIELD DUPLICATES
2025-12-17 16:09:56,579 - dq_unified - INFO - Detected potential key fields: ['CustomerName', 'Email', 'PostalCode']
2025-12-17 16:09:56,581 - dq_unified - WARNING - Found 1 duplicate values in field 'Email'
2025-12-17 16:09:56,583 - dq_unified - WARNING - Found 1 duplicate values in field 'PostalCode'
2025-12-17 16:09:56,585 - dq_unified - INFO - Skipping automatic format checking (disabled)
2025-12-17 16:09:56,586 - dq_unified - INFO - CHECKING MANDATORY FIELDS
2025-12-17 16:10:02,745 - dq_unified - INFO - Checking ALL columns as mandatory: ['CustomerName', 'Email', 'Phone', 'Salary', 'Department', 'JoinDate', 'PostalCode', 'City', 'Country', 'State']
2025-12-17 16:10:02,747 - dq_unified - WARNING - Mandatory field 'CustomerName': 1 missing values (93.3% filled)
2025-12-17 16:10:02,749 - dq_unified - WARNING - Mandatory field 'Email': 1 missing values (93.3% filled)
2025-12-17 16:10:02,752 - dq_unified - INFO - Mandatory field 'Phone': 100.0% filled
2025-12-17 16:10:02,753 - dq_unified - WARNING - Mandatory field 'Salary': 2 missing values (86.7% filled)
2025-12-17 16:10:02,757 - dq_unified - WARNING - Mandatory field 'Department': 1 missing values (93.3% filled)
2025-12-17 16:10:02,759 - dq_unified - INFO - Mandatory field 'JoinDate': 100.0% filled
2025-12-17 16:10:02,761 - dq_unified - INFO - Mandatory field 'PostalCode': 100.0% filled
2025-12-17 16:10:02,762 - dq_unified - INFO - Mandatory field 'City': 100.0% filled
2025-12-17 16:10:02,765 - dq_unified - INFO - Mandatory field 'Country': 100.0% filled
2025-12-17 16:10:02,768 - dq_unified - WARNING - Mandatory field 'State': 1 missing values (93.3% filled)
2025-12-17 16:10:02,772 - dq_unified - INFO - Mandatory field check completed: 5 columns with issues, 6 total missing values
2025-12-17 16:10:02,772 - dq_unified - INFO - CALCULATING OVERALL QUALITY SCORE
2025-12-17 16:10:02,773 - dq_unified - INFO - QUALITY SCORE FORMULA:
2025-12-17 16:10:02,774 - dq_unified - INFO -   Total cells: 150
2025-12-17 16:10:02,774 - dq_unified - INFO -   Nulls: 6 (weight: 1.0)
2025-12-17 16:10:02,776 - dq_unified - INFO -   Duplicates: 2 (weight: 0.5)
2025-12-17 16:10:02,776 - dq_unified - INFO -   Key field duplicates: 2 (weight: 1.5)
2025-12-17 16:10:02,777 - dq_unified - INFO -   Mandatory missing: 6 (weight: 1.0)
2025-12-17 16:10:02,778 - dq_unified - INFO -   Format issues: 0 (weight: 0.3)
2025-12-17 16:10:02,779 - dq_unified - INFO -   Weighted issues: 16.0
2025-12-17 16:10:02,783 - dq_unified - INFO -   Max weighted issues possible: 225.0
2025-12-17 16:10:02,786 - dq_unified - INFO -   Quality score: 92.9%
2025-12-17 16:10:02,787 - dq_unified - INFO - GENERATING DETAILED DATA QUALITY REPORT
2025-12-17 16:10:02,787 - dq_unified - INFO - Report for: CSV: sample_data.csv, Records: 15, Columns: 10
2025-12-17 16:10:02,788 - dq_unified - INFO - Overall quality score: 92.9%
2025-12-17 16:10:02,788 - dq_error_log - INFO - ErrorLogger initialized with database: dq_checks
2025-12-17 16:10:02,789 - dq_unified - INFO - Error Logger Session ID: SINGLE_20251217_161002
2025-12-17 16:10:03,468 - dq_audit - INFO - Audit class initialized with database: dq_checks
2025-12-17 16:10:03,469 - dq_audit - INFO - Starting database insertion for single_source...
2025-12-17 16:10:03,496 - dq_audit - INFO - Inserted single_source record
2025-12-17 16:10:03,497 - dq_audit - INFO - single_source audit record successfully stored in database
2025-12-17 16:10:03,497 - dq_unified - INFO - Audit logged for session: DQ_20251217_161003
2025-12-17 16:10:03,508 - dq_unified - INFO - Analysis completed successfully for CSV: sample_data.csv
2025-12-17 16:10:03,511 - __main__ - INFO - Single Source Analysis completed successfully
2025-12-17 16:10:03,512 - __main__ - INFO - Displaying main menu options to user
2025-12-17 16:11:33,318 - __main__ - INFO - User selected option: 6
2025-12-17 16:11:33,318 - __main__ - INFO - User session ended. Duration: 0:01:46.351147
2025-12-17 16:11:33,318 - __main__ - INFO - ðŸ‘‹ Thank you for using Universal Data Quality Framework!
