2025-12-26 16:00:04,410 - root - INFO - CLI Mode Logging Initialized
2025-12-26 16:00:04,410 - root - INFO - CLI logs will be saved to: logs/dq_framework_20251226_160004.log
2025-12-26 16:00:04,410 - __main__ - INFO - 🚀 UNIVERSAL DATA QUALITY FRAMEWORK INITIALIZED
2025-12-26 16:00:04,412 - __main__ - INFO - Starting system resource check
2025-12-26 16:00:04,417 - __main__ - INFO - Total RAM: 15.7 GB
2025-12-26 16:00:04,417 - __main__ - INFO - Available RAM: 3.6 GB
2025-12-26 16:00:04,417 - __main__ - INFO - Memory used: 77.2%
2025-12-26 16:00:04,417 - __main__ - INFO - Memory status: OK
2025-12-26 16:00:04,418 - __main__ - INFO - Free disk space: 263.7 GB
2025-12-26 16:00:04,419 - __main__ - INFO - Disk used: 44.6%
2025-12-26 16:00:04,419 - __main__ - INFO - Disk space: OK
2025-12-26 16:00:04,921 - __main__ - INFO - CPU cores: 8
2025-12-26 16:00:04,921 - __main__ - INFO - CPU usage: 25.8%
2025-12-26 16:00:04,921 - __main__ - INFO - Python version: 3.12.4
2025-12-26 16:00:04,922 - __main__ - INFO - System platform: win32
2025-12-26 16:00:04,922 - __main__ - INFO - User session started at: 2025-12-26 16:00:04.922235
2025-12-26 16:00:04,922 - __main__ - INFO - Displaying main menu options to user
2025-12-26 16:00:05,924 - __main__ - INFO - User selected option: 1
2025-12-26 16:00:05,926 - __main__ - INFO - Starting Single Source Analysis module
2025-12-26 16:00:05,932 - dq_unified - INFO - Starting unified data quality analysis
2025-12-26 16:00:05,933 - dq_unified - INFO - Prompting user for data source type
2025-12-26 16:00:05,933 - dq_unified - INFO - UI Data source_type: No UI data
2025-12-26 16:00:11,374 - dq_unified - INFO - User selected source type: 1
2025-12-26 16:00:14,141 - dq_unified - INFO - Loading data from CSV
2025-12-26 16:00:14,142 - dq_unified - INFO - Loading data from CSV
2025-12-26 16:00:14,145 - dq_unified - INFO - Loading large CSV: C:\Users\003160\OneDrive - wisseninfotech.com\Documents\DQ-Checks-Shashi\Test_data\source_data_90k.csv
2025-12-26 16:00:14,185 - dq_unified - INFO - CSV file has 92,875 rows
2025-12-26 16:00:14,185 - dq_unified - INFO - Loading 92,875 rows from CSV...
2025-12-26 16:00:14,455 - dq_unified - INFO - Loaded 89,999 rows from CSV
2025-12-26 16:00:14,725 - dq_unified - INFO - Memory optimization: 45.4MB -> 17.1MB (Saved: 28.3MB)
2025-12-26 16:00:14,777 - dq_unified - INFO - Loaded 89,999 rows, 12 columns. Memory: 110.4MB total, 17.1MB for dataframe
2025-12-26 16:00:14,778 - dq_unified - INFO - DATA PREVIEW:
2025-12-26 16:00:14,780 - dq_unified - INFO -    Total rows: 89,999
2025-12-26 16:00:14,783 - dq_unified - INFO -    Total columns: 12
2025-12-26 16:00:14,784 - dq_unified - INFO -    Columns: ['id', 'customer_id', 'transaction_id', 'customer_name', 'email', 'phone', 'transaction_date', 'amount', 'quantity', 'age', 'status', 'description']
2025-12-26 16:00:14,785 - dq_unified - INFO - Running quality checks
2025-12-26 16:00:14,785 - dq_unified - INFO - Checking for null cells (not empty strings)
2025-12-26 16:00:14,787 - dq_unified - INFO - Column 'id': No null cells
2025-12-26 16:00:14,791 - dq_unified - INFO - Column 'customer_id': No null cells
2025-12-26 16:00:14,797 - dq_unified - INFO - Column 'transaction_id': No null cells
2025-12-26 16:00:14,799 - dq_unified - WARNING - Column 'customer_name': 3510 null cells (3.9%)
2025-12-26 16:00:14,843 - dq_unified - WARNING - Column 'email': 1516 null cells (1.7%)
2025-12-26 16:00:14,864 - dq_unified - WARNING - Column 'phone': 1280 null cells (1.4%)
2025-12-26 16:00:14,883 - dq_unified - INFO - Column 'transaction_date': No null cells
2025-12-26 16:00:14,883 - dq_unified - WARNING - Column 'amount': 1133 null cells (1.3%)
2025-12-26 16:00:14,897 - dq_unified - INFO - Column 'quantity': No null cells
2025-12-26 16:00:14,898 - dq_unified - INFO - Column 'age': No null cells
2025-12-26 16:00:14,899 - dq_unified - INFO - Column 'status': No null cells
2025-12-26 16:00:14,902 - dq_unified - INFO - Column 'description': No null cells
2025-12-26 16:00:14,904 - dq_unified - INFO - Total null cells found: 7,439
2025-12-26 16:00:14,907 - dq_unified - INFO - Checking for duplicate rows
2025-12-26 16:00:14,907 - dq_unified - INFO - DEBUG: Data shape: (89999, 12)
2025-12-26 16:00:14,908 - dq_unified - INFO - DEBUG: Checking duplicates on 89999 rows
2025-12-26 16:00:14,909 - dq_unified - INFO - DEBUG: Checking CustomerName values with repr to see whitespace:
2025-12-26 16:00:14,909 - dq_unified - INFO - DEBUG: Row 0 CustomerName: 'N/A'
2025-12-26 16:00:14,910 - dq_unified - INFO - DEBUG: Row 5 CustomerName: 'N/A'
2025-12-26 16:00:14,988 - dq_unified - INFO - DEBUG: Simple duplicate count: 203
2025-12-26 16:00:15,069 - dq_unified - INFO - DEBUG: Duplicate rows found:
2025-12-26 16:00:15,071 - dq_unified - INFO - DEBUG: Row 167: {'id': 42732, 'customer_id': 'CUST042732', 'transaction_id': 'TX00042732', 'customer_name': 'William Davis', 'email': 'james.miller@gmail.com', 'phone': '12127948623', 'transaction_date': '20-01-2023', 'amount': 7954.52978515625, 'quantity': 60, 'age': 64, 'status': 'PENDING', 'description': 'Text with trailing spaces  '}
2025-12-26 16:00:15,072 - dq_unified - INFO - DEBUG: Row 381: {'id': 34440, 'customer_id': 'CUST034440', 'transaction_id': 'TX00034440', 'customer_name': 'William Miller', 'email': nan, 'phone': nan, 'transaction_date': '05-09-2023', 'amount': 1954.4300537109375, 'quantity': 64, 'age': 75, 'status': 'CANCELLED', 'description': 'Text with. periods'}
2025-12-26 16:00:15,072 - dq_unified - INFO - DEBUG: Row 637: {'id': 58427, 'customer_id': 'CUST058427', 'transaction_id': 'TX00058427', 'customer_name': 'Richard Brown', 'email': 'jennifer.johnson@gmail.com', 'phone': '2124608202', 'transaction_date': '29-09-2023', 'amount': 9156.7001953125, 'quantity': 69, 'age': 45, 'status': 'PENDING', 'description': 'Text with  multiple   spaces'}
2025-12-26 16:00:15,076 - dq_unified - INFO - DEBUG: Row 1029: {'id': 13049, 'customer_id': 'CUST013049', 'transaction_id': 'TX00013049', 'customer_name': 'Sarah Brown', 'email': 'sarah.johnson@hotmail.com', 'phone': '1-212-371-7785', 'transaction_date': '14-06-2023', 'amount': 6943.009765625, 'quantity': 99, 'age': 61, 'status': 'INACTIVE', 'description': 'Normal text without issues'}
2025-12-26 16:00:15,077 - dq_unified - INFO - DEBUG: Row 1465: {'id': 72561, 'customer_id': 'CUST072561', 'transaction_id': 'TX00072561', 'customer_name': 'Sarah Johnson', 'email': 'michael.miller.company.com', 'phone': '(212) 978-7509', 'transaction_date': '03/30/2023', 'amount': 3377.4599609375, 'quantity': 64, 'age': 53, 'status': 'CANCELLED', 'description': 'Text with~tildes'}
2025-12-26 16:00:15,875 - dq_unified - INFO - Business duplicate count after proper trimming: 203
2025-12-26 16:00:15,876 - dq_unified - INFO - DEBUG: After trimming, Row 0 vs Row 5 comparison:
2025-12-26 16:00:15,877 - dq_unified - INFO - DEBUG: Checking ALL columns between Row 0 and Row 5:
2025-12-26 16:00:15,879 - dq_unified - INFO -   ❌ id: Row0='np.uint32(78303)', Row5='np.uint32(19261)'
2025-12-26 16:00:15,881 - dq_unified - INFO -   ❌ customer_id: Row0=''CUST078303'', Row5=''CUST019261''
2025-12-26 16:00:15,882 - dq_unified - INFO -   ❌ transaction_id: Row0=''TX00078303'', Row5=''TX00019261''
2025-12-26 16:00:15,884 - dq_unified - INFO -   ❌ customer_name: Row0=''Michael Davis'', Row5=''William Miller''
2025-12-26 16:00:15,885 - dq_unified - INFO -   ❌ email: Row0=''david.jones@company.com'', Row5=''jane.williams@gmail.com''
2025-12-26 16:00:15,886 - dq_unified - INFO -   ❌ phone: Row0=''212-127-8383'', Row5=''212-752-8338''
2025-12-26 16:00:15,889 - dq_unified - INFO -   ❌ transaction_date: Row0=''04-10-2023'', Row5=''10-02-2023''
2025-12-26 16:00:15,890 - dq_unified - INFO -   ❌ amount: Row0='np.float32(8653.56)', Row5='np.float32(1410.81)'
2025-12-26 16:00:15,891 - dq_unified - INFO -   ❌ quantity: Row0='np.int8(41)', Row5='np.int8(18)'
2025-12-26 16:00:15,892 - dq_unified - INFO -   ❌ age: Row0='np.int16(50)', Row5='np.int16(20)'
2025-12-26 16:00:15,892 - dq_unified - INFO -   ❌ status: Row0=''PENDING'', Row5=''COMPLETED''
2025-12-26 16:00:15,893 - dq_unified - INFO -   ❌ description: Row0=''Text with& ampersands'', Row5=''Text with<angle brackets>''
2025-12-26 16:00:15,893 - dq_unified - WARNING - Found 203 strict duplicate rows (0.2%)
2025-12-26 16:00:15,894 - dq_unified - INFO - All 203 duplicates are strict duplicates
2025-12-26 16:00:15,898 - dq_unified - INFO - Automatically detecting key field duplicates
2025-12-26 16:00:15,940 - dq_unified - INFO - Detected potential key fields: ['id', 'customer_id', 'transaction_id', 'customer_name', 'email', 'transaction_date']
2025-12-26 16:00:15,944 - dq_unified - WARNING - Found 203 duplicate values in field 'id'
2025-12-26 16:00:15,966 - dq_unified - WARNING - Found 402 duplicate values in field 'customer_id'
2025-12-26 16:00:15,984 - dq_unified - WARNING - Found 402 duplicate values in field 'transaction_id'
2025-12-26 16:00:15,989 - dq_unified - WARNING - Found 89,799 duplicate values in field 'customer_name'
2025-12-26 16:00:15,997 - dq_unified - WARNING - Found 89,318 duplicate values in field 'email'
2025-12-26 16:00:16,014 - dq_unified - WARNING - Found 89,412 duplicate values in field 'transaction_date'
2025-12-26 16:00:16,032 - dq_unified - INFO - Checking data formats with intelligent, adaptive detection
2025-12-26 16:00:16,033 - dq_unified - INFO - Analyzing column 'id' with 89999 non-null values
2025-12-26 16:00:16,036 - dq_unified - INFO -   ✓ Column 'id' matches 'numeric' pattern with 100.0% confidence
2025-12-26 16:00:16,158 - dq_unified - INFO - Analyzing column 'customer_id' with 89999 non-null values
2025-12-26 16:00:16,159 - dq_unified - INFO -   ✓ Column 'customer_id' matches 'code_id' pattern with 100.0% confidence
2025-12-26 16:00:16,272 - dq_unified - INFO - Analyzing column 'transaction_id' with 89999 non-null values
2025-12-26 16:00:16,272 - dq_unified - INFO -   ✓ Column 'transaction_id' matches 'code_id' pattern with 100.0% confidence
2025-12-26 16:00:16,402 - dq_unified - INFO - Analyzing column 'customer_name' with 86489 non-null values
2025-12-26 16:00:16,405 - dq_unified - INFO - Analyzing column 'email' with 88483 non-null values
2025-12-26 16:00:16,406 - dq_unified - INFO -   ✓ Column 'email' matches 'email' pattern with 100.0% confidence
2025-12-26 16:00:16,410 - dq_unified - WARNING -     Row 38: 'lisa.miller_outlook.com...' doesn't match Valid email format (user@domain.com)
2025-12-26 16:00:16,410 - dq_unified - WARNING -     Row 41: EMPTY value doesn't match Valid email format (user@domain.com)
2025-12-26 16:00:16,412 - dq_unified - WARNING -     Row 223: 'richard.miller.company.com...' doesn't match Valid email format (user@domain.com)
2025-12-26 16:00:16,601 - dq_unified - INFO -     Found 2242 format issues in column 'email'
2025-12-26 16:00:16,607 - dq_unified - INFO - Analyzing column 'phone' with 88719 non-null values
2025-12-26 16:00:16,608 - dq_unified - INFO -   ✓ Column 'phone' matches 'phone' pattern with 90.0% confidence
2025-12-26 16:00:16,608 - dq_unified - WARNING -     Row 19: '1-212-661-4003...' doesn't match Valid phone number (10-15 digits, optional country code)
2025-12-26 16:00:16,609 - dq_unified - WARNING -     Row 20: '1-212-914-1864...' doesn't match Valid phone number (10-15 digits, optional country code)
2025-12-26 16:00:16,610 - dq_unified - WARNING -     Row 23: '1-212-668-8253...' doesn't match Valid phone number (10-15 digits, optional country code)
2025-12-26 16:00:17,065 - dq_unified - INFO -     Found 19032 format issues in column 'phone'
2025-12-26 16:00:17,069 - dq_unified - INFO - Analyzing column 'transaction_date' with 89999 non-null values
2025-12-26 16:00:17,071 - dq_unified - INFO -   ✓ Column 'transaction_date' matches 'code_id' pattern with 100.0% confidence
2025-12-26 16:00:17,075 - dq_unified - WARNING -     Row 27: '10/18/2023...' doesn't match Alphanumeric code or ID
2025-12-26 16:00:17,075 - dq_unified - WARNING -     Row 28: '04/22/2023...' doesn't match Alphanumeric code or ID
2025-12-26 16:00:17,075 - dq_unified - WARNING -     Row 31: '05/15/2023...' doesn't match Alphanumeric code or ID
2025-12-26 16:00:17,397 - dq_unified - INFO -     Found 10847 format issues in column 'transaction_date'
2025-12-26 16:00:17,399 - dq_unified - INFO - Analyzing column 'amount' with 88866 non-null values
2025-12-26 16:00:17,399 - dq_unified - INFO -   ✓ Column 'amount' matches 'numeric' pattern with 100.0% confidence
2025-12-26 16:00:17,401 - dq_unified - WARNING -     Row 268: EMPTY value doesn't match Valid numeric value (integers or decimals)
2025-12-26 16:00:17,402 - dq_unified - WARNING -     Row 311: EMPTY value doesn't match Valid numeric value (integers or decimals)
2025-12-26 16:00:17,403 - dq_unified - WARNING -     Row 317: EMPTY value doesn't match Valid numeric value (integers or decimals)
2025-12-26 16:00:17,579 - dq_unified - INFO -     Found 1133 format issues in column 'amount'
2025-12-26 16:00:17,581 - dq_unified - INFO - Analyzing column 'quantity' with 89999 non-null values
2025-12-26 16:00:17,582 - dq_unified - INFO -   ✓ Column 'quantity' matches 'numeric' pattern with 100.0% confidence
2025-12-26 16:00:17,695 - dq_unified - INFO - Analyzing column 'age' with 89999 non-null values
2025-12-26 16:00:17,696 - dq_unified - INFO -   ✓ Column 'age' matches 'numeric' pattern with 100.0% confidence
2025-12-26 16:00:17,794 - dq_unified - INFO - Analyzing column 'status' with 89999 non-null values
2025-12-26 16:00:17,795 - dq_unified - INFO -   ✓ Column 'status' matches 'code_id' pattern with 100.0% confidence
2025-12-26 16:00:17,909 - dq_unified - INFO - Analyzing column 'description' with 89999 non-null values
2025-12-26 16:00:17,910 - dq_unified - INFO - Total format issues found: 33,254
2025-12-26 16:00:17,911 - dq_unified - INFO - Checking mandatory fields
2025-12-26 16:00:17,914 - dq_unified - INFO - DEBUG: UI data for mandatory fields: None
2025-12-26 16:00:17,915 - dq_unified - INFO - Available columns: ['id', 'customer_id', 'transaction_id', 'customer_name', 'email', 'phone', 'transaction_date', 'amount', 'quantity', 'age', 'status', 'description']
2025-12-26 16:00:20,214 - dq_unified - INFO - Checking ALL columns as mandatory: ['id', 'customer_id', 'transaction_id', 'customer_name', 'email', 'phone', 'transaction_date', 'amount', 'quantity', 'age', 'status', 'description']
2025-12-26 16:00:20,216 - dq_unified - INFO - Mandatory field 'id': 100.0% filled
2025-12-26 16:00:20,242 - dq_unified - INFO - Mandatory field 'customer_id': 100.0% filled
2025-12-26 16:00:20,265 - dq_unified - INFO - Mandatory field 'transaction_id': 100.0% filled
2025-12-26 16:00:20,265 - dq_unified - WARNING - Mandatory field 'customer_name': 3,510 missing values (96.1% filled)
2025-12-26 16:00:20,306 - dq_unified - WARNING - Mandatory field 'email': 1,516 missing values (98.3% filled)
2025-12-26 16:00:20,344 - dq_unified - WARNING - Mandatory field 'phone': 1,280 missing values (98.6% filled)
2025-12-26 16:00:20,377 - dq_unified - INFO - Mandatory field 'transaction_date': 100.0% filled
2025-12-26 16:00:20,378 - dq_unified - WARNING - Mandatory field 'amount': 1,133 missing values (98.7% filled)
2025-12-26 16:00:20,397 - dq_unified - INFO - Mandatory field 'quantity': 100.0% filled
2025-12-26 16:00:20,398 - dq_unified - INFO - Mandatory field 'age': 100.0% filled
2025-12-26 16:00:20,399 - dq_unified - INFO - Mandatory field 'status': 100.0% filled
2025-12-26 16:00:20,400 - dq_unified - INFO - Mandatory field 'description': 100.0% filled
2025-12-26 16:00:20,401 - dq_unified - INFO - Mandatory field check completed: 4 columns with issues, 7439 total missing values
2025-12-26 16:00:20,404 - dq_unified - INFO - Calculating overall quality score - SIMPLE PERCENTAGE
2025-12-26 16:00:20,406 - dq_unified - WARNING - Duplicate count 269,536 > total records 89,999. Clamping.
2025-12-26 16:00:20,407 - dq_unified - WARNING - Key duplicate count 269,536 > total records 89,999. Clamping.
2025-12-26 16:00:20,407 - dq_unified - INFO - CORRECTED SCORE CALCULATION:
2025-12-26 16:00:20,408 - dq_unified - INFO -   Total Records: 89,999
2025-12-26 16:00:20,409 - dq_unified - INFO -   Estimated Failed Rows: 89,999
2025-12-26 16:00:20,409 - dq_unified - INFO -   Passed Records: 0
2025-12-26 16:00:20,410 - dq_unified - INFO -   Formula: 0 / 89,999 × 100
2025-12-26 16:00:20,410 - dq_unified - INFO -   DQ Score: 0.00%
2025-12-26 16:00:20,411 - dq_unified - INFO - Generating detailed data quality report
2025-12-26 16:00:20,412 - dq_unified - INFO - Report for: CSV: source_data_90k.csv, Records: 89,999, Columns: 12
2025-12-26 16:00:20,412 - dq_unified - INFO - Overall quality score: 0.0%
2025-12-26 16:00:20,413 - dq_error_log - INFO - ErrorLogger initialized with database: dq_checks
2025-12-26 16:00:20,414 - dq_unified - INFO - Error Logger Session ID: SINGLE_20251226_160020
2025-12-26 16:00:24,682 - dq_audit - INFO - Audit class initialized with database: dq_checks
2025-12-26 16:00:24,682 - dq_audit - INFO - Starting database insertion for single_source...
2025-12-26 16:00:24,706 - dq_audit - INFO - Inserted single_source record with ID: 343
2025-12-26 16:00:24,707 - dq_unified - INFO - Audit logged for session: DQ_20251226_160024
2025-12-26 16:00:24,717 - dq_unified - INFO - Analysis completed successfully for CSV: source_data_90k.csv
2025-12-26 16:00:24,739 - __main__ - INFO - Single Source Analysis completed successfully
2025-12-26 16:00:24,739 - __main__ - INFO - Displaying main menu options to user
2025-12-26 16:07:13,205 - __main__ - INFO - User selected option: 6
2025-12-26 16:07:13,206 - __main__ - INFO - User session ended. Duration: 0:07:08.284511
2025-12-26 16:07:13,206 - __main__ - INFO - 👋 Thank you for using Universal Data Quality Framework!
