2025-12-10 14:57:30,930 - __main__ - INFO - 🚀 UNIVERSAL DATA QUALITY FRAMEWORK INITIALIZED
2025-12-10 14:57:31,442 - __main__ - INFO - User session started at: 2025-12-10 14:57:31.441521
2025-12-10 14:57:31,442 - __main__ - INFO - Displaying main menu options to user
2025-12-10 14:57:32,427 - __main__ - INFO - User selected option: 4
2025-12-10 14:57:32,429 - __main__ - INFO - Starting Business Rules Engine module
2025-12-10 14:57:32,431 - dq_rules - INFO - STARTING BUSINESS RULES VALIDATION
2025-12-10 14:57:32,434 - dq_rules - INFO - LOADING DATA FOR BUSINESS RULES
2025-12-10 14:57:32,435 - dq_unified - INFO - PROMPTING USER FOR DATA SOURCE TYPE
2025-12-10 14:57:33,737 - dq_unified - INFO - User selected source type: 1
2025-12-10 14:57:33,739 - dq_unified - INFO - Getting CSV file path from user
2025-12-10 14:57:38,315 - dq_unified - INFO - File path validated: C:\Users\003160\OneDrive - wisseninfotech.com\Documents\DQ-Checks-Shashi\Test_data\sample_data.csv (0.0MB)
2025-12-10 14:57:38,316 - dq_unified - INFO - LOADING DATA FROM CSV
2025-12-10 14:57:38,319 - dq_unified - INFO - Loading large CSV: C:\Users\003160\OneDrive - wisseninfotech.com\Documents\DQ-Checks-Shashi\Test_data\sample_data.csv
2025-12-10 14:57:38,322 - dq_unified - INFO - CSV file has 15 rows
2025-12-10 14:57:38,322 - dq_unified - INFO - Loading 15 rows from CSV...
2025-12-10 14:57:38,329 - dq_unified - INFO - Loaded 15 rows from CSV
2025-12-10 14:57:38,334 - dq_unified - INFO - Memory optimization: 0.0MB -> 0.0MB (Saved: 0.0MB)
2025-12-10 14:57:38,335 - dq_unified - INFO - Loaded 15 rows, 10 columns. Memory: 88.9MB total, 0.0MB for dataframe
2025-12-10 14:57:38,340 - dq_error_log - INFO - ErrorLogger initialized with database: dq_checks
2025-12-10 14:57:38,341 - dq_rules - INFO - DEFINING CUSTOM BUSINESS RULES
2025-12-10 14:57:38,341 - dq_rules - INFO - Available columns: ['CustomerName', 'Email', 'Phone', 'Salary', 'Department', 'JoinDate', 'PostalCode', 'City', 'Country', 'State']
2025-12-10 14:57:40,217 - dq_rules - INFO - User selected rule type: 6
2025-12-10 14:57:40,218 - dq_rules - INFO - CREATING COMPREHENSIVE RULE SET
2025-12-10 14:57:40,223 - dq_rules - INFO - THRESHOLD RULES SETUP
2025-12-10 14:57:40,223 - dq_rules - INFO - Available numeric columns: ['Phone', 'Salary']
2025-12-10 14:57:47,831 - dq_rules - INFO - Creating threshold rule for: Salary
2025-12-10 14:57:47,832 - dq_rules - INFO - Current stats - Min: 45000.00, Max: 70000.00, Median: 53000.00
2025-12-10 14:57:49,118 - dq_rules - INFO - Created: Salary should be above median value (53000.00)
2025-12-10 14:57:49,122 - dq_rules - INFO - PATTERN RULES SETUP
2025-12-10 14:57:49,123 - dq_rules - INFO - Available string columns: ['CustomerName', 'Email', 'JoinDate', 'PostalCode', 'City', 'State']
2025-12-10 14:57:54,936 - dq_rules - INFO - Created pattern rule for Email
2025-12-10 14:57:54,938 - dq_rules - INFO - RANGE RULES SETUP
2025-12-10 14:57:54,938 - dq_rules - INFO - Available numeric columns: ['Phone', 'Salary']
2025-12-10 14:58:12,312 - dq_rules - INFO - Creating range rule for: Salary
2025-12-10 14:58:12,313 - dq_rules - INFO - Current range - Min: 45000.00, Max: 70000.00
2025-12-10 14:58:14,863 - dq_rules - INFO - Created: Salary should be between 45000.00 and 70000.00
2025-12-10 14:58:14,867 - dq_rules - INFO - NULL CHECK RULES SETUP
2025-12-10 14:58:16,441 - dq_rules - INFO - Checking for columns with null values...
2025-12-10 14:58:16,442 - dq_rules - INFO - Found 1 null values in 'CustomerName'
2025-12-10 14:58:16,442 - dq_rules - INFO - Created null check rule for CustomerName
2025-12-10 14:58:16,442 - dq_rules - INFO - Found 1 null values in 'Email'
2025-12-10 14:58:16,443 - dq_rules - INFO - Created null check rule for Email
2025-12-10 14:58:16,444 - dq_rules - INFO - Found 2 null values in 'Salary'
2025-12-10 14:58:16,444 - dq_rules - INFO - Created null check rule for Salary
2025-12-10 14:58:16,445 - dq_rules - INFO - Found 1 null values in 'Department'
2025-12-10 14:58:16,446 - dq_rules - INFO - Created null check rule for Department
2025-12-10 14:58:16,448 - dq_rules - INFO - Found 1 null values in 'State'
2025-12-10 14:58:16,448 - dq_rules - INFO - Created null check rule for State
2025-12-10 14:58:16,450 - dq_rules - INFO - KPI THRESHOLD RULES SETUP
2025-12-10 14:58:18,887 - dq_rules - INFO - Current row count: 15
2025-12-10 14:58:28,659 - dq_rules - INFO - Storing KPI history for: row_count
2025-12-10 14:58:28,661 - dq_rules - INFO - Storing KPI history for: row_count
2025-12-10 14:58:28,662 - dq_rules - INFO - Connecting to database: dq_checks at localhost
2025-12-10 14:58:28,769 - dq_rules - INFO - Database connection successful!
2025-12-10 14:58:28,769 - dq_rules - INFO - Checking kpi_history table structure...
2025-12-10 14:58:28,773 - dq_rules - INFO - kpi_history table exists, checking structure...
2025-12-10 14:58:28,778 - dq_rules - INFO - Current columns in kpi_history: ['id', 'session_id', 'kpi_name', 'kpi_value', 'threshold_value', 'check_timestamp', 'created_at']
2025-12-10 14:58:28,778 - dq_rules - INFO - Table has correct schema, using existing table
2025-12-10 14:58:28,779 - dq_rules - INFO - Inserting KPI: row_count = 15.0 for session RULES_20251210_145738
2025-12-10 14:58:28,784 - dq_rules - INFO - ✅ KPI history stored successfully for: row_count (ID: 1)
2025-12-10 14:58:28,785 - dq_rules - INFO - Created KPI rule: KPI: Total row count | Percentage threshold: 10.0% | Max growth: 30.0%
2025-12-10 14:58:28,785 - dq_rules - INFO - Created comprehensive rule set with 9 rules
2025-12-10 14:58:28,786 - dq_rules - INFO - Defined 9 business rules
2025-12-10 14:58:28,786 - dq_rules - INFO - EXECUTING 9 BUSINESS RULES
2025-12-10 14:58:28,788 - dq_rules - INFO - Executing rule: Salary should be above median value (53000.00)
2025-12-10 14:58:28,788 - dq_rules - INFO - Executing threshold rule: Salary should be above median value (53000.00)
2025-12-10 14:58:28,789 - dq_rules - INFO - Threshold rule 'Salary should be above median value (53000.00)': 6 violations found
2025-12-10 14:58:28,804 - dq_error_log - INFO - Batch logged 6 errors for session RULES_20251210_145738
2025-12-10 14:58:28,805 - dq_rules - WARNING - 6 violations found
2025-12-10 14:58:28,811 - dq_rules - INFO - Rule 'Salary should be above median value (53000.00)' completed with status: FAIL
2025-12-10 14:58:28,812 - dq_rules - INFO - Executing rule: Email should be in valid email format
2025-12-10 14:58:28,812 - dq_rules - INFO - Executing pattern rule: Email should be in valid email format
2025-12-10 14:58:28,813 - dq_rules - INFO - Pattern rule 'Email should be in valid email format': 3 pattern violations found
2025-12-10 14:58:28,827 - dq_error_log - INFO - Batch logged 3 errors for session RULES_20251210_145738
2025-12-10 14:58:28,827 - dq_rules - WARNING - 3 pattern violations found
2025-12-10 14:58:28,829 - dq_rules - INFO - Rule 'Email should be in valid email format' completed with status: FAIL
2025-12-10 14:58:28,831 - dq_rules - INFO - Executing rule: Salary should be between 45000.00 and 70000.00
2025-12-10 14:58:28,831 - dq_rules - INFO - Executing range rule: Salary should be between 45000.00 and 70000.00
2025-12-10 14:58:28,831 - dq_rules - INFO - Range rule 'Salary should be between 45000.00 and 70000.00': 0 range violations found
2025-12-10 14:58:28,831 - dq_rules - INFO - No range violations found
2025-12-10 14:58:28,832 - dq_rules - INFO - Rule 'Salary should be between 45000.00 and 70000.00' completed with status: PASS
2025-12-10 14:58:28,833 - dq_rules - INFO - Executing rule: CustomerName should have no null values (currently 1 nulls)
2025-12-10 14:58:28,833 - dq_rules - INFO - Executing threshold rule: CustomerName should have no null values (currently 1 nulls)
2025-12-10 14:58:28,833 - dq_rules - INFO - Threshold rule 'CustomerName should have no null values (currently 1 nulls)': 0 violations found
2025-12-10 14:58:28,834 - dq_rules - INFO - No violations found
2025-12-10 14:58:28,834 - dq_rules - INFO - Rule 'CustomerName should have no null values (currently 1 nulls)' completed with status: PASS
2025-12-10 14:58:28,835 - dq_rules - INFO - Executing rule: Email should have no null values (currently 1 nulls)
2025-12-10 14:58:28,835 - dq_rules - INFO - Executing threshold rule: Email should have no null values (currently 1 nulls)
2025-12-10 14:58:28,836 - dq_rules - INFO - Threshold rule 'Email should have no null values (currently 1 nulls)': 0 violations found
2025-12-10 14:58:28,836 - dq_rules - INFO - No violations found
2025-12-10 14:58:28,837 - dq_rules - INFO - Rule 'Email should have no null values (currently 1 nulls)' completed with status: PASS
2025-12-10 14:58:28,837 - dq_rules - INFO - Executing rule: Salary should have no null values (currently 2 nulls)
2025-12-10 14:58:28,837 - dq_rules - INFO - Executing threshold rule: Salary should have no null values (currently 2 nulls)
2025-12-10 14:58:28,838 - dq_rules - INFO - Threshold rule 'Salary should have no null values (currently 2 nulls)': 0 violations found
2025-12-10 14:58:28,838 - dq_rules - INFO - No violations found
2025-12-10 14:58:28,840 - dq_rules - INFO - Rule 'Salary should have no null values (currently 2 nulls)' completed with status: PASS
2025-12-10 14:58:28,844 - dq_rules - INFO - Executing rule: Department should have no null values (currently 1 nulls)
2025-12-10 14:58:28,844 - dq_rules - INFO - Executing threshold rule: Department should have no null values (currently 1 nulls)
2025-12-10 14:58:28,845 - dq_rules - INFO - Threshold rule 'Department should have no null values (currently 1 nulls)': 0 violations found
2025-12-10 14:58:28,845 - dq_rules - INFO - No violations found
2025-12-10 14:58:28,846 - dq_rules - INFO - Rule 'Department should have no null values (currently 1 nulls)' completed with status: PASS
2025-12-10 14:58:28,846 - dq_rules - INFO - Executing rule: State should have no null values (currently 1 nulls)
2025-12-10 14:58:28,847 - dq_rules - INFO - Executing threshold rule: State should have no null values (currently 1 nulls)
2025-12-10 14:58:28,847 - dq_rules - INFO - Threshold rule 'State should have no null values (currently 1 nulls)': 0 violations found
2025-12-10 14:58:28,847 - dq_rules - INFO - No violations found
2025-12-10 14:58:28,848 - dq_rules - INFO - Rule 'State should have no null values (currently 1 nulls)' completed with status: PASS
2025-12-10 14:58:28,849 - dq_rules - INFO - Executing rule: KPI: Total row count | Percentage threshold: 10.0% | Max growth: 30.0%
2025-12-10 14:58:28,849 - dq_rules - INFO - Executing KPI threshold rule: KPI: Total row count | Percentage threshold: 10.0% | Max growth: 30.0%
2025-12-10 14:58:28,862 - dq_rules - WARNING - Could not check kpi_history table structure
2025-12-10 14:58:28,862 - dq_rules - INFO - KPI within acceptable limits. Current value: 15.00, Threshold: 16.50
2025-12-10 14:58:28,863 - dq_rules - INFO - Rule 'KPI: Total row count | Percentage threshold: 10.0% | Max growth: 30.0%' completed with status: PASS
2025-12-10 14:58:28,863 - dq_rules - INFO - TOTAL VIOLATIONS ACROSS ALL RULES: 9
2025-12-10 14:58:28,864 - dq_rules - INFO - GENERATING BUSINESS RULES VALIDATION REPORT
2025-12-10 14:58:28,865 - dq_rules - INFO - Report for: CSV: sample_data.csv, Records: 15, Columns: 10
2025-12-10 14:58:28,866 - dq_rules - INFO - Rules compliance score: 77.8% (Passed: 7, Failed: 2, Errors: 0)
2025-12-10 14:58:28,868 - dq_rules - INFO - RULES SUMMARY: Total Rules: 9, Passed: 7, Failed: 2, Errors: 0, Total Violations: 9
2025-12-10 14:58:28,888 - dq_error_log - INFO - Retrieved 9 errors for session RULES_20251210_145738
2025-12-10 14:58:28,911 - dq_rules - INFO - ERROR LOGGING: Session ID: RULES_20251210_145738, Total errors logged: 9
2025-12-10 14:58:28,915 - dq_audit - INFO - Audit class initialized with database: dq_checks
2025-12-10 14:58:28,915 - dq_audit - INFO - Starting database insertion for rules...
2025-12-10 14:58:28,930 - dq_audit - INFO - Inserted rules record
2025-12-10 14:58:28,930 - dq_audit - INFO - rules audit record successfully stored in database
2025-12-10 14:58:32,029 - __main__ - INFO - Business Rules Engine completed successfully
2025-12-10 14:58:32,030 - __main__ - INFO - Displaying main menu options to user
2025-12-10 15:04:09,632 - __main__ - INFO - User selected option: 6
2025-12-10 15:04:09,633 - __main__ - INFO - User session ended. Duration: 0:06:38.191807
2025-12-10 15:04:09,633 - __main__ - INFO - 👋 Thank you for using Universal Data Quality Framework!
