2026-01-06 11:33:34,581 - root - INFO - CLI Mode Logging Initialized
2026-01-06 11:33:34,581 - root - INFO - CLI logs will be saved to: logs/dq_framework_20260106_113334.log
2026-01-06 11:33:34,581 - __main__ - INFO - 🚀 UNIVERSAL DATA QUALITY FRAMEWORK INITIALIZED
2026-01-06 11:33:34,582 - __main__ - INFO - Starting system resource check
2026-01-06 11:33:34,588 - __main__ - INFO - Total RAM: 15.7 GB
2026-01-06 11:33:34,588 - __main__ - INFO - Available RAM: 3.1 GB
2026-01-06 11:33:34,588 - __main__ - INFO - Memory used: 80.2%
2026-01-06 11:33:34,588 - __main__ - INFO - Memory status: OK
2026-01-06 11:33:34,590 - __main__ - INFO - Free disk space: 259.6 GB
2026-01-06 11:33:34,590 - __main__ - INFO - Disk used: 45.5%
2026-01-06 11:33:34,590 - __main__ - INFO - Disk space: OK
2026-01-06 11:33:35,091 - __main__ - INFO - CPU cores: 8
2026-01-06 11:33:35,091 - __main__ - INFO - CPU usage: 53.4%
2026-01-06 11:33:35,091 - __main__ - INFO - Python version: 3.12.4
2026-01-06 11:33:35,092 - __main__ - INFO - System platform: win32
2026-01-06 11:33:35,092 - __main__ - INFO - User session started at: 2026-01-06 11:33:35.092155
2026-01-06 11:33:35,092 - __main__ - INFO - Displaying main menu options to user
2026-01-06 11:33:36,262 - __main__ - INFO - User selected option: 1
2026-01-06 11:33:36,263 - __main__ - INFO - Starting Single Source Analysis module
2026-01-06 11:33:36,266 - dq_unified - INFO - Starting unified data quality analysis
2026-01-06 11:33:36,267 - dq_unified - INFO - Prompting user for data source type
2026-01-06 11:33:36,267 - dq_unified - INFO - UI Data source_type: No UI data
2026-01-06 11:33:37,546 - dq_unified - INFO - User selected source type: 3
2026-01-06 11:33:37,548 - dq_unified - INFO - Getting database configuration - Dual mode
2026-01-06 11:33:38,342 - dq_unified - INFO - User selected Browse and Select mode
2026-01-06 11:33:38,347 - database_navigator - INFO - DatabaseNavigator initialized
2026-01-06 11:33:38,347 - database_navigator - INFO - Starting database navigation...
2026-01-06 11:33:39,843 - database_navigator - INFO - Database type: postgres
2026-01-06 11:33:39,843 - database_navigator - INFO - Getting database configuration...
2026-01-06 11:33:53,058 - database_navigator - INFO - Connecting to POSTGRES...
2026-01-06 11:33:53,059 - database_navigator - INFO - Connecting to PostgreSQL...
2026-01-06 11:33:53,060 - database_navigator - INFO - Connecting to PostgreSQL: host=localhost, port=5432, database=postgres, user=postgres
2026-01-06 11:33:53,167 - database_navigator - INFO - Connection object created: <connection object at 0x00000276C4422570; dsn: 'user=postgres password=xxx dbname=postgres host=localhost port=5432', closed: 0>
2026-01-06 11:33:53,167 - database_navigator - INFO - ✅ PostgreSQL connection successful to database: postgres
2026-01-06 11:33:53,170 - database_navigator - INFO - get_databases() called. db_type: postgres, connection exists: True
2026-01-06 11:33:53,188 - database_navigator - INFO - Raw rows: [('dq_checks',), ('finewise-testdb',), ('postgres',)]
2026-01-06 11:33:53,189 - database_navigator - INFO - Found 3 databases
2026-01-06 11:33:55,409 - database_navigator - WARNING - Database selection cancelled
2026-01-06 11:33:55,410 - dq_unified - WARNING - Database navigation cancelled
2026-01-06 11:33:55,411 - dq_unified - ERROR - No valid source configuration provided
2026-01-06 11:33:55,413 - __main__ - INFO - Single Source Analysis completed successfully
2026-01-06 11:33:55,413 - __main__ - INFO - Displaying main menu options to user
2026-01-06 11:33:56,943 - __main__ - INFO - User selected option: 6
2026-01-06 11:33:56,944 - __main__ - INFO - User session ended. Duration: 0:00:21.852310
2026-01-06 11:33:56,944 - __main__ - INFO - 👋 Thank you for using Universal Data Quality Framework!
