2026-01-30 17:41:43,904 - root - INFO - CLI Mode Logging Initialized
2026-01-30 17:41:43,904 - root - INFO - CLI logs will be saved to: logs/dq_framework_20260130_174143.log
2026-01-30 17:41:43,904 - __main__ - INFO - 🚀 UNIVERSAL DATA QUALITY FRAMEWORK INITIALIZED
2026-01-30 17:41:43,905 - __main__ - INFO - Starting system resource check
2026-01-30 17:41:43,910 - __main__ - INFO - Total RAM: 15.7 GB
2026-01-30 17:41:43,911 - __main__ - INFO - Available RAM: 2.1 GB
2026-01-30 17:41:43,911 - __main__ - INFO - Memory used: 86.5%
2026-01-30 17:41:43,911 - __main__ - INFO - Memory status: OK
2026-01-30 17:41:43,912 - __main__ - INFO - Free disk space: 256.9 GB
2026-01-30 17:41:43,912 - __main__ - INFO - Disk used: 46.1%
2026-01-30 17:41:43,912 - __main__ - INFO - Disk space: OK
2026-01-30 17:41:44,414 - __main__ - INFO - CPU cores: 8
2026-01-30 17:41:44,414 - __main__ - INFO - CPU usage: 7.8%
2026-01-30 17:41:44,415 - __main__ - INFO - Python version: 3.12.4
2026-01-30 17:41:44,415 - __main__ - INFO - System platform: win32
2026-01-30 17:41:44,415 - __main__ - INFO - User session started at: 2026-01-30 17:41:44.415512
2026-01-30 17:41:44,415 - __main__ - INFO - Displaying main menu options to user
2026-01-30 17:41:45,568 - __main__ - INFO - User selected option: 2
2026-01-30 17:41:45,570 - __main__ - INFO - Starting Source-Target Comparison module
2026-01-30 17:41:45,585 - dq_comparison - INFO - STARTING UNIVERSAL SOURCE-TARGET COMPARISON TOOL
2026-01-30 17:41:45,587 - dq_comparison - INFO - LOADING SOURCE AND TARGET DATA
2026-01-30 17:41:45,590 - dq_comparison - INFO - 
==================================================
2026-01-30 17:41:45,592 - dq_comparison - INFO - 🔗 SOURCE DATA CONFIGURATION
2026-01-30 17:41:45,595 - dq_comparison - INFO - ==================================================
2026-01-30 17:41:56,083 - dq_comparison - INFO - 
🗄️ SOURCE DATABASE CONFIGURATION
2026-01-30 17:41:56,084 - dq_comparison - INFO - ----------------------------------------
2026-01-30 17:41:57,458 - dq_comparison - INFO - Selected database type code: postgresql
2026-01-30 17:41:58,800 - dq_comparison - INFO - User selected Browse and Select mode for SOURCE
2026-01-30 17:41:58,807 - dq_comparison - INFO - Converted 'postgresql' to 'postgres' for database_navigator compatibility
2026-01-30 17:41:58,807 - database_navigator - INFO - DatabaseNavigator initialized
2026-01-30 17:41:58,808 - database_navigator - INFO - Starting database navigation...
2026-01-30 17:41:58,808 - database_navigator - INFO - Database type: postgres
2026-01-30 17:41:58,808 - database_navigator - INFO - Getting database configuration...
2026-01-30 17:42:05,789 - database_navigator - INFO - Connecting to POSTGRES...
2026-01-30 17:42:05,790 - database_navigator - INFO - Connecting to PostgreSQL...
2026-01-30 17:42:05,790 - database_navigator - INFO - Connecting to PostgreSQL: host=localhost, port=5432, database=postgres, user=postgres
2026-01-30 17:42:05,904 - database_navigator - INFO - Connection object created: <connection object at 0x000001CBE4A26CE0; dsn: 'user=postgres password=xxx dbname=postgres host=localhost port=5432', closed: 0>
2026-01-30 17:42:05,904 - database_navigator - INFO - ✅ PostgreSQL connection successful to database: postgres
2026-01-30 17:42:05,908 - database_navigator - INFO - get_databases() called. db_type: postgres, connection exists: True
2026-01-30 17:42:05,926 - database_navigator - INFO - Raw rows: [('dq_checks',), ('finewise-testdb',), ('postgres',)]
2026-01-30 17:42:05,926 - database_navigator - INFO - Found 3 databases
2026-01-30 17:42:07,551 - database_navigator - INFO - Selected database: dq_checks
2026-01-30 17:42:07,552 - database_navigator - INFO - Reconnecting to PostgreSQL database: dq_checks
2026-01-30 17:42:07,553 - database_navigator - INFO - Connecting to POSTGRES...
2026-01-30 17:42:07,555 - database_navigator - INFO - Connecting to PostgreSQL...
2026-01-30 17:42:07,555 - database_navigator - INFO - Connecting to PostgreSQL: host=localhost, port=5432, database=dq_checks, user=postgres
2026-01-30 17:42:07,759 - database_navigator - INFO - Connection object created: <connection object at 0x000001CBE4A26DF0; dsn: 'user=postgres password=xxx dbname=dq_checks host=localhost port=5432', closed: 0>
2026-01-30 17:42:07,760 - database_navigator - INFO - ✅ PostgreSQL connection successful to database: dq_checks
2026-01-30 17:42:07,796 - database_navigator - INFO - Found 4 schemas
2026-01-30 17:42:09,396 - database_navigator - INFO - Selected schema: public
2026-01-30 17:42:09,399 - database_navigator - INFO - Ensuring connection to database: dq_checks for table list
2026-01-30 17:42:09,399 - database_navigator - INFO - Reconnecting to PostgreSQL database: dq_checks
2026-01-30 17:42:09,399 - database_navigator - INFO - Connecting to POSTGRES...
2026-01-30 17:42:09,400 - database_navigator - INFO - Connecting to PostgreSQL...
2026-01-30 17:42:09,400 - database_navigator - INFO - Connecting to PostgreSQL: host=localhost, port=5432, database=dq_checks, user=postgres
2026-01-30 17:42:09,503 - database_navigator - INFO - Connection object created: <connection object at 0x000001CBE4A26F00; dsn: 'user=postgres password=xxx dbname=dq_checks host=localhost port=5432', closed: 0>
2026-01-30 17:42:09,504 - database_navigator - INFO - ✅ PostgreSQL connection successful to database: dq_checks
2026-01-30 17:42:09,505 - database_navigator - INFO - Connected to database: dq_checks, schema: public
2026-01-30 17:42:09,564 - database_navigator - INFO - Found 5 tables in dq_checks.public: ['comparison_small_target13', 'customers', 'customers_bkp', 'employee', 'stg_transactions']
2026-01-30 17:42:09,564 - database_navigator - INFO - Found 5 tables in schema 'public'
2026-01-30 17:42:12,232 - database_navigator - INFO - Selected table: customers_bkp
2026-01-30 17:42:12,237 - database_navigator - INFO - Selection complete: {'type': 'postgresql', 'database': 'dq_checks', 'schema': 'public', 'table': 'customers_bkp', 'selection_mode': 'hierarchical', 'host': 'localhost', 'port': '5432', 'user': 'postgres', 'password': 'postgres'}
2026-01-30 17:42:12,239 - dq_comparison - INFO - Selected via navigation for SOURCE: dq_checks.public.customers_bkp
2026-01-30 17:42:12,239 - dq_unified - INFO - Loading data from DATABASE
2026-01-30 17:42:12,239 - dq_unified - INFO - Loading large database table: customers_bkp
2026-01-30 17:42:12,240 - dq_unified - INFO - Normalized DB config with schema: public
2026-01-30 17:42:12,365 - dq_unified - INFO - PostgreSQL table public.customers_bkp has 12 rows
2026-01-30 17:42:12,365 - dq_unified - INFO - Loading 12 rows from PostgreSQL...
2026-01-30 17:42:13,469 - dq_unified - INFO - Loaded 12 rows from PostgreSQL
2026-01-30 17:42:13,479 - dq_unified - INFO - Memory optimization: 0.0MB -> 0.0MB (Saved: 0.0MB)
2026-01-30 17:42:13,479 - dq_unified - INFO - Loaded 12 rows, 11 columns. Memory: 105.9MB total, 0.0MB for dataframe
2026-01-30 17:42:13,480 - dq_comparison - INFO - SOURCE database loaded: 12 rows, 11 columns
2026-01-30 17:42:13,481 - dq_comparison - INFO - 
==================================================
2026-01-30 17:42:13,482 - dq_comparison - INFO - 🔗 TARGET DATA CONFIGURATION
2026-01-30 17:42:13,483 - dq_comparison - INFO - ==================================================
2026-01-30 17:42:15,227 - dq_comparison - INFO - 
🗄️ TARGET DATABASE CONFIGURATION
2026-01-30 17:42:15,228 - dq_comparison - INFO - ----------------------------------------
2026-01-30 17:42:19,105 - dq_comparison - INFO - Selected database type code: mysql
2026-01-30 17:42:20,456 - dq_comparison - INFO - User selected Browse and Select mode for TARGET
2026-01-30 17:42:20,462 - database_navigator - INFO - DatabaseNavigator initialized
2026-01-30 17:42:20,463 - database_navigator - INFO - Starting database navigation...
2026-01-30 17:42:20,464 - database_navigator - INFO - Database type: mysql
2026-01-30 17:42:20,464 - database_navigator - INFO - Getting database configuration...
2026-01-30 17:42:22,501 - database_navigator - INFO - Connecting to MYSQL...
2026-01-30 17:42:22,583 - database_navigator - INFO - Successfully connected to MYSQL!
2026-01-30 17:42:22,587 - database_navigator - INFO - get_databases() called. db_type: mysql, connection exists: True
2026-01-30 17:42:22,592 - database_navigator - INFO - Found 13 databases
2026-01-30 17:42:26,853 - database_navigator - INFO - Selected database: dq_checks
2026-01-30 17:42:26,855 - database_navigator - INFO - Found 1 schemas
2026-01-30 17:42:28,445 - database_navigator - INFO - Selected schema: dq_checks
2026-01-30 17:42:28,452 - database_navigator - INFO - Found 10 tables in schema 'dq_checks'
2026-01-30 17:42:30,813 - database_navigator - INFO - Selected table: customers
2026-01-30 17:42:30,819 - database_navigator - INFO - Selection complete: {'type': 'mysql', 'database': 'dq_checks', 'schema': 'dq_checks', 'table': 'customers', 'selection_mode': 'hierarchical', 'host': 'localhost', 'port': '3306', 'user': 'root', 'password': 'root'}
2026-01-30 17:42:30,819 - dq_comparison - INFO - Selected via navigation for TARGET: dq_checks.dq_checks.customers
2026-01-30 17:42:30,819 - dq_unified - INFO - Loading data from DATABASE
2026-01-30 17:42:30,820 - dq_unified - INFO - Loading large database table: customers
2026-01-30 17:42:30,820 - dq_unified - INFO - Normalized DB config with schema: dq_checks
2026-01-30 17:42:30,831 - dq_unified - INFO - MySQL table customers has 15 rows
2026-01-30 17:42:30,831 - dq_unified - INFO - Loading 15 rows from MySQL...
2026-01-30 17:42:30,834 - dq_unified - INFO - Loaded 15 rows from MySQL
2026-01-30 17:42:30,838 - dq_unified - INFO - Memory optimization: 0.0MB -> 0.0MB (Saved: 0.0MB)
2026-01-30 17:42:30,838 - dq_unified - INFO - Loaded 15 rows, 10 columns. Memory: 110.6MB total, 0.0MB for dataframe
2026-01-30 17:42:30,839 - dq_comparison - INFO - TARGET database loaded: 15 rows, 10 columns
2026-01-30 17:42:30,839 - dq_comparison - INFO - SELECTING COLUMNS FOR COMPARISON
2026-01-30 17:42:30,840 - dq_comparison - INFO - Source columns (original): ['customername', 'email', 'phone', 'salary', 'department', 'joindate', 'postalcode', 'city', 'country', 'state', 'customer_id']
2026-01-30 17:42:30,840 - dq_comparison - INFO - Target columns (original): ['CustomerName', 'Email', 'Phone', 'Salary', 'Department', 'JoinDate', 'PostalCode', 'City', 'Country', 'State']
2026-01-30 17:42:30,840 - dq_comparison - INFO - Common columns lowercased: ['country', 'department', 'city', 'customername', 'salary', 'phone', 'state', 'email', 'postalcode', 'joindate']
2026-01-30 17:42:30,841 - dq_comparison - INFO - Found 10 common columns between source and target (case-insensitive)
2026-01-30 17:42:30,841 - dq_comparison - INFO - 
📋 Common columns available for comparison:
2026-01-30 17:42:30,841 - dq_comparison - INFO -   1. country (Source) ↔ Country (Target)
2026-01-30 17:42:30,841 - dq_comparison - INFO -   2. department (Source) ↔ Department (Target)
2026-01-30 17:42:30,842 - dq_comparison - INFO -   3. city (Source) ↔ City (Target)
2026-01-30 17:42:30,842 - dq_comparison - INFO -   4. customername (Source) ↔ CustomerName (Target)
2026-01-30 17:42:30,843 - dq_comparison - INFO -   5. salary (Source) ↔ Salary (Target)
2026-01-30 17:42:30,843 - dq_comparison - INFO -   6. phone (Source) ↔ Phone (Target)
2026-01-30 17:42:30,843 - dq_comparison - INFO -   7. state (Source) ↔ State (Target)
2026-01-30 17:42:30,843 - dq_comparison - INFO -   8. email (Source) ↔ Email (Target)
2026-01-30 17:42:30,845 - dq_comparison - INFO -   9. postalcode (Source) ↔ PostalCode (Target)
2026-01-30 17:42:30,846 - dq_comparison - INFO -   10. joindate (Source) ↔ JoinDate (Target)
2026-01-30 17:42:32,524 - dq_comparison - INFO - User column selection input: all
2026-01-30 17:42:32,525 - dq_comparison - INFO - User selected ALL common columns for comparison
2026-01-30 17:42:32,525 - dq_comparison - INFO - GENERATING COMPREHENSIVE COMPARISON REPORT
2026-01-30 17:42:32,527 - dq_comparison - INFO - Report details - Source: Database: postgresql - dq_checks.customers_bkp, Target: Database: mysql - dq_checks.customers, Selected columns: 10
2026-01-30 17:42:32,527 - dq_comparison - INFO - Initializing Error Logger...
2026-01-30 17:42:32,528 - dq_error_log - INFO - ErrorLogger initialized with database: dq_checks
2026-01-30 17:42:32,541 - dq_error_log - INFO - Database connection successful
2026-01-30 17:42:32,542 - dq_comparison - INFO - Session ID: CMP_20260130_174232
2026-01-30 17:42:32,542 - dq_comparison - INFO - 
======================================================================
2026-01-30 17:42:32,542 - dq_comparison - INFO - 🔄 RUNNING SOURCE-TARGET COMPARISON WITH PERFECT NORMALIZATION
2026-01-30 17:42:32,542 - dq_comparison - INFO - ======================================================================
2026-01-30 17:42:32,542 - dq_comparison - INFO - Session ID: CMP_20260130_174232
2026-01-30 17:42:32,543 - dq_comparison - INFO - Source: Database: postgresql - dq_checks.customers_bkp
2026-01-30 17:42:32,543 - dq_comparison - INFO - Target: Database: mysql - dq_checks.customers
2026-01-30 17:42:32,543 - dq_comparison - INFO - Selected columns: 10
2026-01-30 17:42:32,543 - dq_comparison - INFO - ======================================================================
2026-01-30 17:42:32,544 - dq_comparison - INFO - 
1️⃣ FIRST: ROW COUNT CHECK
2026-01-30 17:42:32,544 - dq_comparison - WARNING - ❌ Row count mismatch: Source=12, Target=15, Difference=3
2026-01-30 17:42:32,544 - dq_comparison - WARNING -    Extra in target: 3 rows
2026-01-30 17:42:32,544 - dq_comparison - INFO - 
2️⃣ COLUMN STRUCTURE COMPARISON
2026-01-30 17:42:32,545 - dq_comparison - INFO - Comparing column structures...
2026-01-30 17:42:32,545 - dq_comparison - INFO - Column structure comparison complete. Match: False
2026-01-30 17:42:32,545 - dq_comparison - INFO - 
3️⃣ PRIMARY KEY VALIDATION
2026-01-30 17:42:32,545 - dq_comparison - INFO - Validating primary key/unique fields...
2026-01-30 17:42:32,546 - dq_comparison - INFO - Auto-detecting key fields from data...
2026-01-30 17:42:32,550 - dq_comparison - INFO - No common key fields auto-detected
2026-01-30 17:42:32,551 - dq_comparison - INFO - No key fields identified for validation
2026-01-30 17:42:32,551 - dq_comparison - INFO - 
3️⃣ PRIMARY KEY / UNIQUE FIELD VALIDATION
2026-01-30 17:42:32,552 - dq_comparison - INFO - --------------------------------------------------
2026-01-30 17:42:32,552 - dq_comparison - INFO -    🔍 Status: Not Applicable (no identifiable key fields)
2026-01-30 17:42:32,552 - dq_comparison - INFO -    📝 Message: No identifiable key fields found
2026-01-30 17:42:32,553 - dq_comparison - INFO -    ⚠️  Note: Data comparison will continue without key-based validation
2026-01-30 17:42:32,553 - dq_comparison - INFO -    🔎 Source potential keys: ['customer_id']...
2026-01-30 17:42:32,553 - dq_comparison - INFO -    🔍 Detection method: Auto-detected
2026-01-30 17:42:32,553 - dq_comparison - INFO - --------------------------------------------------
2026-01-30 17:42:32,553 - dq_comparison - INFO -    Column names match: ❌
2026-01-30 17:42:32,554 - dq_comparison - INFO -    Column order match: ❌
2026-01-30 17:42:32,554 - dq_comparison - INFO -    Data types match: ✅
2026-01-30 17:42:32,555 - dq_comparison - WARNING -    Missing in target: ['customername', 'email', 'phone', 'salary', 'department', 'joindate', 'postalcode', 'city', 'country', 'state', 'customer_id']
2026-01-30 17:42:32,555 - dq_comparison - WARNING -    Missing in source: ['CustomerName', 'Email', 'Phone', 'Salary', 'Department', 'JoinDate', 'PostalCode', 'City', 'Country', 'State']
2026-01-30 17:42:32,555 - dq_comparison - INFO - 
4️⃣ TABLE METADATA COMPARISON
2026-01-30 17:42:32,555 - dq_comparison - INFO - Comparing table-level metadata...
2026-01-30 17:42:32,562 - dq_comparison - INFO - Table metadata comparison complete. Match: False
2026-01-30 17:42:32,563 - dq_comparison - INFO -    Table metadata match: ❌
2026-01-30 17:42:32,563 - dq_comparison - INFO -    Source: 12 rows, 11 cols, 0.0 MB
2026-01-30 17:42:32,563 - dq_comparison - INFO -    Target: 15 rows, 10 cols, 0.01 MB
2026-01-30 17:42:32,563 - dq_comparison - WARNING -    Found 2 metadata differences:
2026-01-30 17:42:32,564 - dq_comparison - WARNING -      • Row Count: Source=12, Target=15
2026-01-30 17:42:32,565 - dq_comparison - WARNING -      • Column Count: Source=11, Target=10
2026-01-30 17:42:32,566 - dq_comparison - INFO - 
5️⃣ HASH-BASED COMPARISON
2026-01-30 17:42:32,567 - dq_comparison - INFO - ℹ️  Note: All NULL values normalized to 'NULL'
2026-01-30 17:42:32,567 - dq_comparison - INFO - ℹ️  Note: Dates normalized to YYYY-MM-DD
2026-01-30 17:42:32,568 - dq_comparison - INFO - ℹ️  Note: Strings trimmed and case-normalized
2026-01-30 17:42:32,568 - dq_comparison - INFO - ℹ️  Note: Phone numbers stripped to digits only, leading zeros removed
2026-01-30 17:42:32,568 - dq_comparison - INFO - SECOND CHECK: HASH-BASED COMPARISON WITH PERFECT NORMALIZATION
2026-01-30 17:42:32,574 - dq_comparison - INFO - Starting comparison of 27 total rows...
2026-01-30 17:42:32,574 - dq_comparison - INFO - === DEBUG: DATA TYPE CHECK ===
2026-01-30 17:42:32,574 - dq_comparison - INFO - Column: country
2026-01-30 17:42:32,574 - dq_comparison - INFO -   Source type: <class 'str'>, value: USA
2026-01-30 17:42:32,575 - dq_comparison - INFO -   Target type: <class 'str'>, value: USA
2026-01-30 17:42:32,576 - dq_comparison - INFO -   Normalized: 'usa' vs 'usa'
2026-01-30 17:42:32,576 - dq_comparison - INFO -   Match: True
2026-01-30 17:42:32,577 - dq_comparison - INFO - Column: department
2026-01-30 17:42:32,577 - dq_comparison - INFO -   Source type: <class 'str'>, value: IT
2026-01-30 17:42:32,578 - dq_comparison - INFO -   Target type: <class 'str'>, value: IT
2026-01-30 17:42:32,578 - dq_comparison - INFO -   Normalized: 'it' vs 'it'
2026-01-30 17:42:32,578 - dq_comparison - INFO -   Match: True
2026-01-30 17:42:32,578 - dq_comparison - INFO - Column: city
2026-01-30 17:42:32,579 - dq_comparison - INFO -   Source type: <class 'str'>, value: New York
2026-01-30 17:42:32,579 - dq_comparison - INFO -   Target type: <class 'str'>, value: New York
2026-01-30 17:42:32,579 - dq_comparison - INFO -   Normalized: 'new york' vs 'new york'
2026-01-30 17:42:32,579 - dq_comparison - INFO -   Match: True
2026-01-30 17:42:32,579 - dq_comparison - INFO - Source DF columns: ['customername', 'email', 'phone', 'salary', 'department', 'joindate', 'postalcode', 'city', 'country', 'state', 'customer_id']
2026-01-30 17:42:32,580 - dq_comparison - INFO - Target DF columns: ['CustomerName', 'Email', 'Phone', 'Salary', 'Department', 'JoinDate', 'PostalCode', 'City', 'Country', 'State']
2026-01-30 17:42:32,580 - dq_comparison - INFO - Selected columns for comparison: ['country', 'department', 'city', 'customername', 'salary', 'phone', 'state', 'email', 'postalcode', 'joindate']
2026-01-30 17:42:32,580 - dq_comparison - INFO - Using 10 common columns for hash comparison
2026-01-30 17:42:32,580 - dq_comparison - INFO - Source columns: ['country', 'department', 'city', 'customername', 'salary', 'phone', 'state', 'email', 'postalcode', 'joindate']
2026-01-30 17:42:32,581 - dq_comparison - INFO - Target columns: ['Country', 'Department', 'City', 'CustomerName', 'Salary', 'Phone', 'State', 'Email', 'PostalCode', 'JoinDate']
2026-01-30 17:42:32,583 - dq_comparison - INFO - Generating hashes for source data (12 rows)...
2026-01-30 17:42:32,587 - dq_comparison - INFO -    Hashing source data: 11.1% complete (3/27 rows)
2026-01-30 17:42:32,589 - dq_comparison - INFO -    Hashing source data: 22.2% complete (6/27 rows)
2026-01-30 17:42:32,591 - dq_comparison - INFO -    Hashing source data: 33.3% complete (9/27 rows)
2026-01-30 17:42:32,595 - dq_comparison - INFO -    Hashing source data: 44.4% complete (12/27 rows)
2026-01-30 17:42:32,596 - dq_comparison - INFO - === DEBUG: SAMPLE HASHES ===
2026-01-30 17:42:32,596 - dq_comparison - INFO - Hash 1: d22362caa63b6d07... (sample row 0)
2026-01-30 17:42:32,596 - dq_comparison - INFO - Hash 2: 255a33ac67e0d01c... (sample row 1)
2026-01-30 17:42:32,597 - dq_comparison - INFO - Hash 3: 26a8439725e5bf7b... (sample row 2)
2026-01-30 17:42:32,599 - dq_comparison - INFO - Generating hashes for target data (15 rows)...
2026-01-30 17:42:32,601 - dq_comparison - INFO -    Hashing target data: 55.6% complete (15/27 rows)
2026-01-30 17:42:32,603 - dq_comparison - INFO -    Hashing target data: 66.7% complete (18/27 rows)
2026-01-30 17:42:32,605 - dq_comparison - INFO -    Hashing target data: 77.8% complete (21/27 rows)
2026-01-30 17:42:32,607 - dq_comparison - INFO -    Hashing target data: 88.9% complete (24/27 rows)
2026-01-30 17:42:32,609 - dq_comparison - INFO -    Hashing target data: 100.0% complete (27/27 rows)
2026-01-30 17:42:32,610 - dq_comparison - INFO - 
======================================================================
2026-01-30 17:42:32,610 - dq_comparison - INFO - 🔍 DEBUG: ANALYZING WHY HASHES DON'T MATCH
2026-01-30 17:42:32,610 - dq_comparison - INFO - ======================================================================
2026-01-30 17:42:32,611 - dq_comparison - INFO - 
--- Analyzing Row 0 ---
2026-01-30 17:42:32,612 - dq_comparison - INFO - Column 'country' → 'Country':
2026-01-30 17:42:32,612 - dq_comparison - INFO -   Source: 'USA' (type: str) → 'usa'
2026-01-30 17:42:32,614 - dq_comparison - INFO -   Target: 'USA' (type: str) → 'usa'
2026-01-30 17:42:32,615 - dq_comparison - INFO -   Match after normalization: ✅ YES
2026-01-30 17:42:32,615 - dq_comparison - INFO - Column 'department' → 'Department':
2026-01-30 17:42:32,615 - dq_comparison - INFO -   Source: 'IT' (type: str) → 'it'
2026-01-30 17:42:32,615 - dq_comparison - INFO -   Target: 'IT' (type: str) → 'it'
2026-01-30 17:42:32,615 - dq_comparison - INFO -   Match after normalization: ✅ YES
2026-01-30 17:42:32,617 - dq_comparison - INFO - Column 'city' → 'City':
2026-01-30 17:42:32,617 - dq_comparison - INFO -   Source: 'New York' (type: str) → 'new york'
2026-01-30 17:42:32,617 - dq_comparison - INFO -   Target: 'New York' (type: str) → 'new york'
2026-01-30 17:42:32,617 - dq_comparison - INFO -   Match after normalization: ✅ YES
2026-01-30 17:42:32,617 - dq_comparison - INFO - Column 'customername' → 'CustomerName':
2026-01-30 17:42:32,617 - dq_comparison - INFO -   Source: 'John Doe' (type: str) → 'john doe'
2026-01-30 17:42:32,618 - dq_comparison - INFO -   Target: 'John Doe' (type: str) → 'john doe'
2026-01-30 17:42:32,618 - dq_comparison - INFO -   Match after normalization: ✅ YES
2026-01-30 17:42:32,619 - dq_comparison - INFO - Column 'salary' → 'Salary':
2026-01-30 17:42:32,619 - dq_comparison - INFO -   Source: '50000.0' (type: float32) → '50000'
2026-01-30 17:42:32,620 - dq_comparison - INFO -   Target: '50000.0' (type: float32) → '50000'
2026-01-30 17:42:32,620 - dq_comparison - INFO -   Match after normalization: ✅ YES
2026-01-30 17:42:32,620 - dq_comparison - INFO - 
Hash components for Row 0:
2026-01-30 17:42:32,620 - dq_comparison - INFO - Source hash string start: usa|it|new york...
2026-01-30 17:42:32,620 - dq_comparison - INFO - Target hash string start: usa|it|new york...
2026-01-30 17:42:32,621 - dq_comparison - INFO - Same? ✅ YES
2026-01-30 17:42:32,621 - dq_comparison - INFO - 
--- Analyzing Row 1 ---
2026-01-30 17:42:32,622 - dq_comparison - INFO - Column 'country' → 'Country':
2026-01-30 17:42:32,622 - dq_comparison - INFO -   Source: 'USA' (type: str) → 'usa'
2026-01-30 17:42:32,623 - dq_comparison - INFO -   Target: 'USA' (type: str) → 'usa'
2026-01-30 17:42:32,623 - dq_comparison - INFO -   Match after normalization: ✅ YES
2026-01-30 17:42:32,623 - dq_comparison - INFO - Column 'department' → 'Department':
2026-01-30 17:42:32,624 - dq_comparison - INFO -   Source: 'Finance' (type: str) → 'finance'
2026-01-30 17:42:32,624 - dq_comparison - INFO -   Target: 'HR' (type: str) → 'hr'
2026-01-30 17:42:32,624 - dq_comparison - INFO -   Match after normalization: ❌ NO
2026-01-30 17:42:32,625 - dq_comparison - INFO - Column 'city' → 'City':
2026-01-30 17:42:32,625 - dq_comparison - INFO -   Source: 'Boston' (type: str) → 'boston'
2026-01-30 17:42:32,625 - dq_comparison - INFO -   Target: 'Chicago' (type: str) → 'chicago'
2026-01-30 17:42:32,625 - dq_comparison - INFO -   Match after normalization: ❌ NO
2026-01-30 17:42:32,626 - dq_comparison - INFO - Column 'customername' → 'CustomerName':
2026-01-30 17:42:32,626 - dq_comparison - INFO -   Source: 'Bob Johnson' (type: str) → 'bob johnson'
2026-01-30 17:42:32,626 - dq_comparison - INFO -   Target: 'Jane Smith' (type: str) → 'jane smith'
2026-01-30 17:42:32,626 - dq_comparison - INFO -   Match after normalization: ❌ NO
2026-01-30 17:42:32,628 - dq_comparison - INFO - Column 'salary' → 'Salary':
2026-01-30 17:42:32,631 - dq_comparison - INFO -   Source: '55000.0' (type: float32) → '55000'
2026-01-30 17:42:32,631 - dq_comparison - INFO -   Target: '60000.0' (type: float32) → '60000'
2026-01-30 17:42:32,631 - dq_comparison - INFO -   Match after normalization: ❌ NO
2026-01-30 17:42:32,631 - dq_comparison - INFO - 
Hash components for Row 1:
2026-01-30 17:42:32,632 - dq_comparison - INFO - Source hash string start: usa|finance|boston...
2026-01-30 17:42:32,632 - dq_comparison - INFO - Target hash string start: usa|hr|chicago...
2026-01-30 17:42:32,632 - dq_comparison - INFO - Same? ❌ NO
2026-01-30 17:42:32,633 - dq_comparison - INFO - 
--- Analyzing Row 2 ---
2026-01-30 17:42:32,633 - dq_comparison - INFO - Column 'country' → 'Country':
2026-01-30 17:42:32,633 - dq_comparison - INFO -   Source: 'USA' (type: str) → 'usa'
2026-01-30 17:42:32,634 - dq_comparison - INFO -   Target: 'USA' (type: str) → 'usa'
2026-01-30 17:42:32,634 - dq_comparison - INFO -   Match after normalization: ✅ YES
2026-01-30 17:42:32,634 - dq_comparison - INFO - Column 'department' → 'Department':
2026-01-30 17:42:32,634 - dq_comparison - INFO -   Source: 'IT' (type: str) → 'it'
2026-01-30 17:42:32,635 - dq_comparison - INFO -   Target: 'Finance' (type: str) → 'finance'
2026-01-30 17:42:32,635 - dq_comparison - INFO -   Match after normalization: ❌ NO
2026-01-30 17:42:32,635 - dq_comparison - INFO - Column 'city' → 'City':
2026-01-30 17:42:32,636 - dq_comparison - INFO -   Source: 'Seattle' (type: str) → 'seattle'
2026-01-30 17:42:32,636 - dq_comparison - INFO -   Target: 'Boston' (type: str) → 'boston'
2026-01-30 17:42:32,636 - dq_comparison - INFO -   Match after normalization: ❌ NO
2026-01-30 17:42:32,637 - dq_comparison - INFO - Column 'customername' → 'CustomerName':
2026-01-30 17:42:32,637 - dq_comparison - INFO -   Source: 'Alice Brown' (type: str) → 'alice brown'
2026-01-30 17:42:32,637 - dq_comparison - INFO -   Target: 'Bob Johnson' (type: str) → 'bob johnson'
2026-01-30 17:42:32,637 - dq_comparison - INFO -   Match after normalization: ❌ NO
2026-01-30 17:42:32,638 - dq_comparison - INFO - Column 'salary' → 'Salary':
2026-01-30 17:42:32,638 - dq_comparison - INFO -   Source: '70000.0' (type: float32) → '70000'
2026-01-30 17:42:32,638 - dq_comparison - INFO -   Target: '55000.0' (type: float32) → '55000'
2026-01-30 17:42:32,639 - dq_comparison - INFO -   Match after normalization: ❌ NO
2026-01-30 17:42:32,639 - dq_comparison - INFO - 
Hash components for Row 2:
2026-01-30 17:42:32,640 - dq_comparison - INFO - Source hash string start: usa|it|seattle...
2026-01-30 17:42:32,640 - dq_comparison - INFO - Target hash string start: usa|finance|boston...
2026-01-30 17:42:32,640 - dq_comparison - INFO - Same? ❌ NO
2026-01-30 17:42:32,640 - dq_comparison - INFO - 
--- Column Data Types Analysis ---
2026-01-30 17:42:32,641 - dq_comparison - INFO - Column 1: 'country' (category) ↔ 'Country' (category)
2026-01-30 17:42:32,641 - dq_comparison - INFO -   Sample: Source='USA', Target='USA'
2026-01-30 17:42:32,641 - dq_comparison - INFO - Column 2: 'department' (category) ↔ 'Department' (category)
2026-01-30 17:42:32,641 - dq_comparison - INFO -   Sample: Source='IT', Target='IT'
2026-01-30 17:42:32,642 - dq_comparison - INFO - Column 3: 'city' (object) ↔ 'City' (object)
2026-01-30 17:42:32,642 - dq_comparison - INFO -   Sample: Source='New York', Target='New York'
2026-01-30 17:42:32,642 - dq_comparison - INFO - Column 4: 'customername' (object) ↔ 'CustomerName' (object)
2026-01-30 17:42:32,642 - dq_comparison - INFO -   Sample: Source='John Doe', Target='John Doe'
2026-01-30 17:42:32,643 - dq_comparison - INFO - Column 5: 'salary' (float32) ↔ 'Salary' (float32)
2026-01-30 17:42:32,646 - dq_comparison - INFO -   Sample: Source='50000.0', Target='50000.0'
2026-01-30 17:42:32,647 - dq_comparison - INFO - PERFORMING DETAILED ROW-LEVEL COMPARISON WITH PAGINATION...
2026-01-30 17:42:32,647 - dq_comparison - INFO - Found 9 total mismatches
2026-01-30 17:42:32,647 - dq_comparison - INFO - Will process detailed comparisons for first 9 rows
2026-01-30 17:42:32,740 - dq_comparison - INFO - 
================================================================================
2026-01-30 17:42:32,740 - dq_comparison - INFO - DETAILED MISMATCH SUMMARY:
2026-01-30 17:42:32,741 - dq_comparison - INFO -   Total mismatches found: 8
2026-01-30 17:42:32,742 - dq_comparison - INFO -   Detailed comparisons logged: 8
2026-01-30 17:42:32,743 - dq_comparison - INFO -   First 10 rows displayed above
2026-01-30 17:42:32,743 - dq_comparison - INFO -   All mismatches stored in database with complete data
2026-01-30 17:42:32,743 - dq_comparison - INFO - ================================================================================
2026-01-30 17:42:32,743 - dq_comparison - INFO - Hash-based Comparison Results (with duplicate handling):
2026-01-30 17:42:32,743 - dq_comparison - INFO -   • Unique source hashes: 11
2026-01-30 17:42:32,744 - dq_comparison - INFO -   • Unique target hashes: 14
2026-01-30 17:42:32,744 - dq_comparison - INFO -   • Common hashes: 8
2026-01-30 17:42:32,744 - dq_comparison - INFO -   • Common rows (counting duplicates): 9
2026-01-30 17:42:32,745 - dq_comparison - INFO -   • Rows only in source (counting duplicates): 3
2026-01-30 17:42:32,745 - dq_comparison - INFO -   • Rows only in target (counting duplicates): 6
2026-01-30 17:42:32,747 - dq_comparison - INFO - HASH-ONLY COMPARISON COMPLETED
2026-01-30 17:42:32,747 - dq_comparison - INFO - Returning counts for simple scoring:
2026-01-30 17:42:32,747 - dq_comparison - INFO -   Common rows: 9
2026-01-30 17:42:32,748 - dq_comparison - INFO -   Unique to source: 3
2026-01-30 17:42:32,748 - dq_comparison - INFO -   Unique to target: 6
2026-01-30 17:42:32,748 - dq_comparison - INFO -   Value mismatches: 90
2026-01-30 17:42:32,749 - dq_comparison - INFO -   Missing rows: 3
2026-01-30 17:42:32,749 - dq_comparison - INFO -   Extra rows: 6
2026-01-30 17:42:32,749 - dq_comparison - INFO - 
========================================================================================================================
COMPARISON: Postgresql Database vs Mysql Database
========================================================================================================================
Row   | Diff Count | Source (Sample)                          | Target (Sample)                         
------------------------------------------------------------------------------------------------------------------------
11    | 10         | country: India                           | Country: USA                            
12    | 8          | country: USA                             | Country: USA                            
13    | 9          | country: USA                             | Country: USA                            
3     | 9          | country: USA                             | Country: USA                            
8     | 9          | country: USA                             | Country: USA                            
14    | 10         | country: NULL                            | Country: USA                            
15    | 9          | country: NULL                            | Country: USA                            
16    | 10         | country: NULL                            | Country: USA                            
------------------------------------------------------------------------------------------------------------------------
Showing all 8 mismatched rows.
========================================================================================================================
2026-01-30 17:42:32,750 - dq_comparison - INFO - Returning enhanced mismatch structure with 8 detailed mismatches
2026-01-30 17:42:32,750 - dq_comparison - INFO - New structure: 8 detailed mismatches
2026-01-30 17:42:32,750 - dq_comparison - INFO - 
6️⃣ DATA QUALITY ANALYSIS
2026-01-30 17:42:32,751 - dq_comparison - INFO - Analyzing data quality metrics...
2026-01-30 17:42:32,773 - dq_comparison - INFO - Null values - Source: 5 (4.17%), Target: 5 (3.33%)
2026-01-30 17:42:32,775 - dq_comparison - INFO - Duplicate rows (normalized) - Source: 1, Target: 1
2026-01-30 17:42:32,776 - dq_comparison - INFO - Source duplicate samples: ['Row 2', 'Row 6']
2026-01-30 17:42:32,777 - dq_comparison - INFO - Target duplicate samples: ['Row 2', 'Row 7']
2026-01-30 17:42:32,787 - dq_error_log - INFO - Retrieved 8 error logs for session CMP_20260130_174232
2026-01-30 17:42:32,788 - dq_comparison - INFO - 
📊 SIMPLE SCORING CALCULATION:
2026-01-30 17:42:32,789 - dq_comparison - INFO -   Source rows: 12
2026-01-30 17:42:32,790 - dq_comparison - INFO -   Common rows (matched): 9
2026-01-30 17:42:32,790 - dq_comparison - INFO -   Calculation: (9 / 12) * 100 = 75.00%
2026-01-30 17:42:32,790 - dq_comparison - INFO -   Explanation: 9 matched rows out of 12 total source rows
2026-01-30 17:42:32,791 - dq_comparison - INFO - 
=== AUDIT LOGGING SECTION ===
2026-01-30 17:42:32,791 - dq_comparison - INFO - 🔍 Audit logging is ENABLED in APP_SETTINGS
2026-01-30 17:42:32,791 - dq_audit - INFO - Audit class initialized with database: dq_checks
2026-01-30 17:42:32,792 - dq_comparison - INFO - Attempting to log audit record for session: CMP_20260130_174232
2026-01-30 17:42:32,792 - dq_audit - INFO - Starting database insertion for comparison...
2026-01-30 17:42:32,808 - dq_audit - INFO - Inserted comparison record with ID: 861
2026-01-30 17:42:32,809 - dq_comparison - INFO - ✅ Audit record logged successfully (ID: 861)
2026-01-30 17:42:32,809 - dq_comparison - INFO - 
======================================================================
2026-01-30 17:42:32,809 - dq_comparison - INFO - 📊 COMPARISON RESULTS SUMMARY
2026-01-30 17:42:32,810 - dq_comparison - INFO - ======================================================================
2026-01-30 17:42:32,810 - dq_comparison - INFO - Session ID: CMP_20260130_174232
2026-01-30 17:42:32,810 - dq_comparison - INFO - Source: Database: postgresql - dq_checks.customers_bkp (12 rows)
2026-01-30 17:42:32,810 - dq_comparison - INFO - Target: Database: mysql - dq_checks.customers (15 rows)
2026-01-30 17:42:32,811 - dq_comparison - INFO - Selected columns: 10
2026-01-30 17:42:32,812 - dq_comparison - INFO - ----------------------------------------------------------------------
2026-01-30 17:42:32,812 - dq_comparison - INFO - 1️⃣ Row count match: ❌ No
2026-01-30 17:42:32,812 - dq_comparison - INFO -    Missing in target: 0 rows
2026-01-30 17:42:32,812 - dq_comparison - INFO -    Extra in target: 3 rows
2026-01-30 17:42:32,812 - dq_comparison - INFO - 2️⃣ Column structure match: ❌ No
2026-01-30 17:42:32,813 - dq_comparison - INFO -    Missing in target: 11 columns
2026-01-30 17:42:32,813 - dq_comparison - INFO -      ['customername', 'email', 'phone', 'salary', 'department']
2026-01-30 17:42:32,814 - dq_comparison - INFO -    Missing in source: 10 columns
2026-01-30 17:42:32,816 - dq_comparison - INFO -      ['CustomerName', 'Email', 'Phone', 'Salary', 'Department']
2026-01-30 17:42:32,816 - dq_comparison - INFO - 3️ Primary key validation: ⚠️ Not Applicable
2026-01-30 17:42:32,816 - dq_comparison - INFO - 4️ Table metadata: ❌ Mismatch
2026-01-30 17:42:32,817 - dq_comparison - INFO -    • Row Count: 12 vs 15
2026-01-30 17:42:32,817 - dq_comparison - INFO -    • Column Count: 11 vs 10
2026-01-30 17:42:32,817 - dq_comparison - INFO - 5️⃣ Common rows (both Postgresql Database and Mysql Database): 9 (75.00% of Postgresql Database)
2026-01-30 17:42:32,817 - dq_comparison - INFO - 6️⃣ Postgresql Database-only rows: 3 (present ONLY in Postgresql Database, NOT in Mysql Database)
2026-01-30 17:42:32,817 - dq_comparison - INFO - 7️⃣ Mysql Database-only rows: 6 (present ONLY in Mysql Database, NOT in Postgresql Database)
2026-01-30 17:42:32,818 - dq_comparison - INFO - 8️⃣ Column value mismatches: 0
2026-01-30 17:42:32,818 - dq_comparison - INFO - 9️ Data quality match: ✅ Yes
2026-01-30 17:42:32,818 - dq_comparison - INFO - 📈 DQ Score: 75.00%
2026-01-30 17:42:32,818 - dq_comparison - INFO - 📊 Calculation: (9 / 12) * 100 = 75.00%
2026-01-30 17:42:32,819 - dq_comparison - INFO - ======================================================================
2026-01-30 17:42:32,819 - dq_comparison - INFO - 
⚠️  FAIR MATCH! Significant differences found.
2026-01-30 17:42:32,819 - dq_comparison - INFO - 
🔍 NORMALIZATION APPLIED:
2026-01-30 17:42:32,820 - dq_comparison - INFO -    • NULL values → 'NULL' (consistent representation)
2026-01-30 17:42:32,820 - dq_comparison - INFO -    • Dates → YYYY-MM-DD format
2026-01-30 17:42:32,820 - dq_comparison - INFO -    • Strings → trimmed + lowercase
2026-01-30 17:42:32,820 - dq_comparison - INFO -    • Numeric values → standardized format
2026-01-30 17:42:32,821 - dq_comparison - INFO -    • Phone numbers → digits only, ALL leading zeros removed
2026-01-30 17:42:32,821 - dq_comparison - INFO -    • Extra whitespace removed
2026-01-30 17:42:32,821 - dq_comparison - INFO - 
🔍 DETAILED ERROR ANALYSIS:
2026-01-30 17:42:32,822 - dq_comparison - INFO - --------------------------------------------------
2026-01-30 17:42:32,822 - dq_comparison - INFO - 📊 SOURCE-ONLY ROWS: 3 rows
2026-01-30 17:42:32,823 - dq_comparison - INFO -    Present only in Postgresql Database, missing from Mysql Database
2026-01-30 17:42:32,823 - dq_comparison - INFO - 📊 TARGET-ONLY ROWS: 6 rows
2026-01-30 17:42:32,824 - dq_comparison - INFO -    Present only in Mysql Database, extra (not in Postgresql Database)
2026-01-30 17:42:32,832 - dq_error_log - INFO - Retrieved 8 errors for session CMP_20260130_174232
2026-01-30 17:42:32,833 - dq_comparison - INFO - 
📋 SAMPLE ERRORS (8 found):
2026-01-30 17:42:32,833 - dq_comparison - INFO - 
1. Row 3 - Row Data Mismatch
2026-01-30 17:42:32,834 - dq_comparison - INFO -    Row 3: Detailed data mismatch detected
2026-01-30 17:42:32,834 - dq_comparison - INFO - 
2. Row 8 - Row Data Mismatch
2026-01-30 17:42:32,835 - dq_comparison - INFO -    Row 8: Detailed data mismatch detected
2026-01-30 17:42:32,835 - dq_comparison - INFO - 
3. Row 11 - Row Data Mismatch
2026-01-30 17:42:32,835 - dq_comparison - INFO -    Row 11: Detailed data mismatch detected
2026-01-30 17:42:32,835 - dq_comparison - INFO - 
💡 For complete error details, run:
2026-01-30 17:42:32,835 - dq_comparison - INFO -    USE dq_checks;
2026-01-30 17:42:32,836 - dq_comparison - INFO -    SELECT excel_row, column_name, error_type, error_description,
2026-01-30 17:42:32,836 - dq_comparison - INFO -           actual_value, expected_value
2026-01-30 17:42:32,836 - dq_comparison - INFO -    FROM dq_error_logs
2026-01-30 17:42:32,836 - dq_comparison - INFO -    WHERE session_id = 'CMP_20260130_174232'
2026-01-30 17:42:32,837 - dq_comparison - INFO -    ORDER BY excel_row, column_name;
2026-01-30 17:42:32,848 - dq_comparison - INFO - 
✅ Comparison completed! Session ID: CMP_20260130_174232
2026-01-30 17:42:32,856 - dq_error_log - INFO - Retrieved 9 error logs for session CMP_20260130_174232
2026-01-30 17:42:32,866 - dq_error_log - INFO - Retrieved summary: 9 total errors for session CMP_20260130_174232
2026-01-30 17:42:32,866 - dq_audit - INFO - Audit class initialized with database: dq_checks
2026-01-30 17:42:32,878 - dq_audit - INFO - Retrieved 1 audit logs for session CMP_20260130_174232
2026-01-30 17:42:32,878 - dq_comparison - INFO - 
🔍 Final results verification:
2026-01-30 17:42:32,878 - dq_comparison - INFO -    Session ID: CMP_20260130_174232
2026-01-30 17:42:32,880 - dq_comparison - INFO -    DQ Score (Simple %): 75.00%
2026-01-30 17:42:32,880 - dq_comparison - INFO -    Source rows: 12
2026-01-30 17:42:32,881 - dq_comparison - INFO -    Matched rows: 9
2026-01-30 17:42:32,881 - dq_comparison - INFO -    Calculation: (9 / 12) * 100
2026-01-30 17:42:32,881 - __main__ - INFO - Source-Target Comparison completed successfully
2026-01-30 17:42:32,881 - __main__ - INFO - Displaying main menu options to user
2026-01-30 17:42:35,107 - __main__ - INFO - User selected option: 6
2026-01-30 17:42:35,108 - __main__ - INFO - User session ended. Duration: 0:00:50.693085
2026-01-30 17:42:35,109 - __main__ - INFO - 👋 Thank you for using Universal Data Quality Framework!
