2026-02-02 16:49:44,826 - root - INFO - CLI Mode Logging Initialized
2026-02-02 16:49:44,828 - root - INFO - CLI logs will be saved to: logs/dq_framework_20260202_164944.log
2026-02-02 16:49:44,828 - __main__ - INFO - 🚀 UNIVERSAL DATA QUALITY FRAMEWORK INITIALIZED
2026-02-02 16:49:44,830 - __main__ - INFO - Starting system resource check
2026-02-02 16:49:44,838 - __main__ - INFO - Total RAM: 15.7 GB
2026-02-02 16:49:44,838 - __main__ - INFO - Available RAM: 3.5 GB
2026-02-02 16:49:44,838 - __main__ - INFO - Memory used: 77.9%
2026-02-02 16:49:44,839 - __main__ - INFO - Memory status: OK
2026-02-02 16:49:44,840 - __main__ - INFO - Free disk space: 256.0 GB
2026-02-02 16:49:44,840 - __main__ - INFO - Disk used: 46.3%
2026-02-02 16:49:44,840 - __main__ - INFO - Disk space: OK
2026-02-02 16:49:45,341 - __main__ - INFO - CPU cores: 8
2026-02-02 16:49:45,341 - __main__ - INFO - CPU usage: 38.4%
2026-02-02 16:49:45,341 - __main__ - INFO - Python version: 3.12.4
2026-02-02 16:49:45,341 - __main__ - INFO - System platform: win32
2026-02-02 16:49:45,341 - __main__ - INFO - User session started at: 2026-02-02 16:49:45.341510
2026-02-02 16:49:45,342 - __main__ - INFO - Displaying main menu options to user
2026-02-02 16:49:48,012 - __main__ - INFO - User selected option: 4
2026-02-02 16:49:48,014 - __main__ - INFO - Starting Business Rules Engine module
2026-02-02 16:49:48,021 - dq_rules - INFO - Starting business rules engine
2026-02-02 16:49:48,275 - dq_rules - INFO - Business rules tables created/verified successfully
2026-02-02 16:49:48,277 - dq_error_log - INFO - ErrorLogger initialized with database: dq_checks
2026-02-02 16:49:48,282 - dq_audit - INFO - Audit class initialized with database: dq_checks
2026-02-02 16:49:51,501 - dq_rules - INFO - Loading data for rules analysis
2026-02-02 16:49:51,504 - dq_unified - INFO - Prompting user for data source type
2026-02-02 16:49:51,505 - dq_unified - INFO - UI Data source_type: No UI data
2026-02-02 16:49:55,364 - dq_unified - INFO - User selected source type: 1
2026-02-02 16:50:00,019 - dq_unified - INFO - Loading data from CSV
2026-02-02 16:50:00,020 - dq_unified - INFO - Loading large CSV: C:\Users\003160\OneDrive - wisseninfotech.com\Documents\DQ-Checks-Shashi\Test_data\rulse.csv
2026-02-02 16:50:00,024 - dq_unified - INFO - CSV file has 20 rows
2026-02-02 16:50:00,025 - dq_unified - INFO - Loading 20 rows from CSV...
2026-02-02 16:50:00,038 - dq_unified - INFO - Loaded 20 rows from CSV
2026-02-02 16:50:00,046 - dq_unified - INFO - Memory optimization: 0.0MB -> 0.0MB (Saved: 0.0MB)
2026-02-02 16:50:00,047 - dq_unified - INFO - Loaded 20 rows, 11 columns. Memory: 97.3MB total, 0.0MB for dataframe
2026-02-02 16:50:00,048 - dq_rules - INFO - Data loaded: 20 rows, 11 columns from CSV: rulse.csv
2026-02-02 16:50:00,073 - dq_rules - INFO - Retrieved 10 business rules
2026-02-02 16:50:03,467 - dq_rules - INFO - BusinessRuleEngine session set to: RULES_20260202_165003
2026-02-02 16:50:03,467 - dq_rules - INFO - Executing rule: text-comparison (text_comparison)
2026-02-02 16:50:03,485 - dq_rules - INFO - Logged 1 rule executions to database
2026-02-02 16:50:03,485 - dq_error_log - INFO - Starting batch logging for 20 errors, session: RULES_20260202_165003
2026-02-02 16:50:03,509 - dq_error_log - INFO - Batch 1: Successfully logged 20 errors
2026-02-02 16:50:03,510 - dq_error_log - INFO - Progress: 20/20 errors processed
2026-02-02 16:50:03,511 - dq_error_log - INFO - COMPLETE: Logged 20/20 errors for session RULES_20260202_165003
2026-02-02 16:50:03,540 - dq_rules - INFO - Inserted 20 into dq_rule_violations
2026-02-02 16:50:03,540 - dq_rules - INFO - Logged 20 rule violations to error logs
2026-02-02 16:50:03,542 - dq_rules - INFO - Rule execution completed: 1 rules, 20 violations, DQ Score: 0.0%
2026-02-02 16:50:03,582 - dq_audit - INFO - Starting database insertion for business_rules...
2026-02-02 16:50:03,602 - dq_audit - INFO - Inserted business_rules record with ID: 887
2026-02-02 16:50:03,603 - dq_rules - INFO - Audit record logged for business rules session: RULES_20260202_165003
2026-02-02 17:10:53,848 - __main__ - INFO - Business Rules Engine completed successfully
2026-02-02 17:10:53,848 - __main__ - INFO - Displaying main menu options to user
2026-02-02 17:10:55,844 - __main__ - INFO - User selected option: 6
2026-02-02 17:10:55,846 - __main__ - INFO - User session ended. Duration: 0:21:10.504201
2026-02-02 17:10:55,849 - __main__ - INFO - 👋 Thank you for using Universal Data Quality Framework!
