2026-01-09 23:09:05,785 - root - INFO - CLI Mode Logging Initialized
2026-01-09 23:09:05,785 - root - INFO - CLI logs will be saved to: logs/dq_framework_20260109_230905.log
2026-01-09 23:09:05,786 - __main__ - INFO - 🚀 UNIVERSAL DATA QUALITY FRAMEWORK INITIALIZED
2026-01-09 23:09:05,786 - __main__ - INFO - Starting system resource check
2026-01-09 23:09:05,797 - __main__ - INFO - Total RAM: 15.7 GB
2026-01-09 23:09:05,797 - __main__ - INFO - Available RAM: 2.9 GB
2026-01-09 23:09:05,797 - __main__ - INFO - Memory used: 81.4%
2026-01-09 23:09:05,797 - __main__ - INFO - Memory status: OK
2026-01-09 23:09:05,798 - __main__ - INFO - Free disk space: 260.5 GB
2026-01-09 23:09:05,798 - __main__ - INFO - Disk used: 45.3%
2026-01-09 23:09:05,798 - __main__ - INFO - Disk space: OK
2026-01-09 23:09:06,300 - __main__ - INFO - CPU cores: 8
2026-01-09 23:09:06,300 - __main__ - INFO - CPU usage: 14.2%
2026-01-09 23:09:06,300 - __main__ - INFO - Python version: 3.12.4
2026-01-09 23:09:06,301 - __main__ - INFO - System platform: win32
2026-01-09 23:09:06,301 - __main__ - INFO - User session started at: 2026-01-09 23:09:06.301013
2026-01-09 23:09:06,301 - __main__ - INFO - Displaying main menu options to user
2026-01-09 23:11:15,595 - __main__ - INFO - User selected option: 6
2026-01-09 23:11:15,596 - __main__ - INFO - User session ended. Duration: 0:02:09.294653
2026-01-09 23:11:15,596 - __main__ - INFO - 👋 Thank you for using Universal Data Quality Framework!
