2025-12-10 11:58:01,269 - __main__ - INFO - 🚀 UNIVERSAL DATA QUALITY FRAMEWORK INITIALIZED
2025-12-10 11:58:01,783 - __main__ - INFO - User session started at: 2025-12-10 11:58:01.783560
2025-12-10 11:58:01,783 - __main__ - INFO - Displaying main menu options to user
2025-12-10 11:58:03,877 - __main__ - INFO - User selected option: 4
2025-12-10 11:58:03,877 - __main__ - INFO - Starting Business Rules Engine module
2025-12-10 11:58:03,878 - dq_rules - INFO - STARTING BUSINESS RULES VALIDATION
2025-12-10 11:58:03,879 - dq_rules - INFO - LOADING DATA FOR BUSINESS RULES
2025-12-10 11:58:03,879 - dq_unified - INFO - PROMPTING USER FOR DATA SOURCE TYPE
2025-12-10 11:58:05,491 - dq_unified - INFO - User selected source type: 1
2025-12-10 11:58:05,491 - dq_unified - INFO - Getting CSV file path from user
2025-12-10 11:58:10,260 - dq_unified - INFO - File path validated: C:\Users\003160\OneDrive - wisseninfotech.com\Documents\DQ-Checks-Shashi\Test_data\sample_data.csv (0.0MB)
2025-12-10 11:58:10,261 - dq_unified - INFO - LOADING DATA FROM CSV
2025-12-10 11:58:10,264 - dq_unified - INFO - Loading large CSV: C:\Users\003160\OneDrive - wisseninfotech.com\Documents\DQ-Checks-Shashi\Test_data\sample_data.csv
2025-12-10 11:58:10,265 - dq_unified - INFO - CSV file has 15 rows
2025-12-10 11:58:10,267 - dq_unified - INFO - Loading 15 rows from CSV...
2025-12-10 11:58:10,275 - dq_unified - INFO - Loaded 15 rows from CSV
2025-12-10 11:58:10,282 - dq_unified - INFO - Memory optimization: 0.0MB -> 0.0MB (Saved: 0.0MB)
2025-12-10 11:58:10,284 - dq_unified - INFO - Loaded 15 rows, 10 columns. Memory: 86.4MB total, 0.0MB for dataframe
2025-12-10 11:58:10,285 - dq_error_log - INFO - ErrorLogger initialized with database: dq_checks
2025-12-10 11:58:10,285 - dq_rules - INFO - DEFINING CUSTOM BUSINESS RULES
2025-12-10 11:58:10,285 - dq_rules - INFO - Available columns: ['CustomerName', 'Email', 'Phone', 'Salary', 'Department', 'JoinDate', 'PostalCode', 'City', 'Country', 'State']
2025-12-10 11:58:12,620 - dq_rules - INFO - User selected rule type: 6
2025-12-10 11:58:12,621 - dq_rules - INFO - CREATING COMPREHENSIVE RULE SET
2025-12-10 11:58:12,622 - dq_rules - INFO - THRESHOLD RULES SETUP
2025-12-10 11:58:12,623 - dq_rules - INFO - Available numeric columns: ['Phone', 'Salary']
2025-12-10 11:58:30,770 - dq_rules - INFO - Creating threshold rule for: Salary
2025-12-10 11:58:30,773 - dq_rules - INFO - Current stats - Min: 45000.00, Max: 70000.00, Median: 53000.00
2025-12-10 11:58:35,096 - dq_rules - INFO - Created: Salary should be above median value (53000.00)
2025-12-10 11:58:35,096 - dq_rules - INFO - PATTERN RULES SETUP
2025-12-10 11:58:35,097 - dq_rules - INFO - Available string columns: ['CustomerName', 'Email', 'JoinDate', 'PostalCode', 'City', 'State']
2025-12-10 11:59:02,005 - dq_rules - INFO - RANGE RULES SETUP
2025-12-10 11:59:02,006 - dq_rules - INFO - Available numeric columns: ['Phone', 'Salary']
2025-12-10 11:59:19,182 - dq_rules - INFO - Creating range rule for: Salary
2025-12-10 11:59:19,184 - dq_rules - INFO - Current range - Min: 45000.00, Max: 70000.00
2025-12-10 12:00:06,021 - dq_rules - INFO - Created: Salary should be between 20000 and 60000
2025-12-10 12:00:06,022 - dq_rules - INFO - NULL CHECK RULES SETUP
2025-12-10 12:00:10,293 - dq_rules - INFO - Checking for columns with null values...
2025-12-10 12:00:10,294 - dq_rules - INFO - Found 1 null values in 'CustomerName'
2025-12-10 12:00:10,294 - dq_rules - INFO - Created null check rule for CustomerName
2025-12-10 12:00:10,296 - dq_rules - INFO - Found 1 null values in 'Email'
2025-12-10 12:00:10,296 - dq_rules - INFO - Created null check rule for Email
2025-12-10 12:00:10,297 - dq_rules - INFO - Found 2 null values in 'Salary'
2025-12-10 12:00:10,297 - dq_rules - INFO - Created null check rule for Salary
2025-12-10 12:00:10,298 - dq_rules - INFO - Found 1 null values in 'Department'
2025-12-10 12:00:10,298 - dq_rules - INFO - Created null check rule for Department
2025-12-10 12:00:10,299 - dq_rules - INFO - Found 1 null values in 'State'
2025-12-10 12:00:10,299 - dq_rules - INFO - Created null check rule for State
2025-12-10 12:00:10,300 - dq_rules - INFO - KPI THRESHOLD RULES SETUP
2025-12-10 12:00:23,827 - dq_rules - INFO - Current row count: 15
2025-12-10 12:00:36,307 - dq_rules - INFO - Storing KPI history for: row_count
2025-12-10 12:00:36,308 - dq_rules - INFO - Storing KPI history for: row_count
2025-12-10 12:00:36,309 - dq_rules - INFO - Connecting to database: dq_checks at localhost
2025-12-10 12:00:36,452 - dq_rules - INFO - Database connection successful!
2025-12-10 12:00:36,452 - dq_rules - INFO - Creating/checking kpi_history table...
2025-12-10 12:00:36,462 - dq_rules - INFO - Table check/creation completed
2025-12-10 12:00:36,463 - dq_rules - INFO - Inserting KPI: row_count = 15.0
2025-12-10 12:00:36,467 - dq_rules - INFO - ✅ KPI history stored successfully for: row_count (ID: 5)
2025-12-10 12:00:36,467 - dq_rules - INFO - Created KPI rule: KPI: Total row count | Percentage threshold: 10.0% | Max growth: 30.0%
2025-12-10 12:00:36,468 - dq_rules - INFO - Created comprehensive rule set with 8 rules
2025-12-10 12:00:36,469 - dq_rules - INFO - Defined 8 business rules
2025-12-10 12:00:36,469 - dq_rules - INFO - EXECUTING 8 BUSINESS RULES
2025-12-10 12:00:36,471 - dq_rules - INFO - Executing rule: Salary should be above median value (53000.00)
2025-12-10 12:00:36,471 - dq_rules - INFO - Executing threshold rule: Salary should be above median value (53000.00)
2025-12-10 12:00:36,472 - dq_rules - INFO - Threshold rule 'Salary should be above median value (53000.00)': 6 violations found
2025-12-10 12:00:36,535 - dq_rules - WARNING - 6 violations found
2025-12-10 12:00:36,541 - dq_rules - INFO - Rule 'Salary should be above median value (53000.00)' completed with status: FAIL
2025-12-10 12:00:36,541 - dq_rules - INFO - Executing rule: Salary should be between 20000 and 60000
2025-12-10 12:00:36,542 - dq_rules - INFO - Executing range rule: Salary should be between 20000 and 60000
2025-12-10 12:00:36,543 - dq_rules - INFO - Range rule 'Salary should be between 20000 and 60000': 3 range violations found
2025-12-10 12:00:36,574 - dq_rules - WARNING - 3 range violations found
2025-12-10 12:00:36,577 - dq_rules - INFO - Rule 'Salary should be between 20000 and 60000' completed with status: FAIL
2025-12-10 12:00:36,577 - dq_rules - INFO - Executing rule: CustomerName should have no null values (currently 1 nulls)
2025-12-10 12:00:36,579 - dq_rules - INFO - Executing threshold rule: CustomerName should have no null values (currently 1 nulls)
2025-12-10 12:00:36,580 - dq_rules - INFO - Threshold rule 'CustomerName should have no null values (currently 1 nulls)': 0 violations found
2025-12-10 12:00:36,580 - dq_rules - INFO - No violations found
2025-12-10 12:00:36,580 - dq_rules - INFO - Rule 'CustomerName should have no null values (currently 1 nulls)' completed with status: PASS
2025-12-10 12:00:36,581 - dq_rules - INFO - Executing rule: Email should have no null values (currently 1 nulls)
2025-12-10 12:00:36,581 - dq_rules - INFO - Executing threshold rule: Email should have no null values (currently 1 nulls)
2025-12-10 12:00:36,581 - dq_rules - INFO - Threshold rule 'Email should have no null values (currently 1 nulls)': 0 violations found
2025-12-10 12:00:36,582 - dq_rules - INFO - No violations found
2025-12-10 12:00:36,582 - dq_rules - INFO - Rule 'Email should have no null values (currently 1 nulls)' completed with status: PASS
2025-12-10 12:00:36,582 - dq_rules - INFO - Executing rule: Salary should have no null values (currently 2 nulls)
2025-12-10 12:00:36,583 - dq_rules - INFO - Executing threshold rule: Salary should have no null values (currently 2 nulls)
2025-12-10 12:00:36,583 - dq_rules - INFO - Threshold rule 'Salary should have no null values (currently 2 nulls)': 0 violations found
2025-12-10 12:00:36,584 - dq_rules - INFO - No violations found
2025-12-10 12:00:36,584 - dq_rules - INFO - Rule 'Salary should have no null values (currently 2 nulls)' completed with status: PASS
2025-12-10 12:00:36,584 - dq_rules - INFO - Executing rule: Department should have no null values (currently 1 nulls)
2025-12-10 12:00:36,585 - dq_rules - INFO - Executing threshold rule: Department should have no null values (currently 1 nulls)
2025-12-10 12:00:36,585 - dq_rules - INFO - Threshold rule 'Department should have no null values (currently 1 nulls)': 0 violations found
2025-12-10 12:00:36,586 - dq_rules - INFO - No violations found
2025-12-10 12:00:36,586 - dq_rules - INFO - Rule 'Department should have no null values (currently 1 nulls)' completed with status: PASS
2025-12-10 12:00:36,586 - dq_rules - INFO - Executing rule: State should have no null values (currently 1 nulls)
2025-12-10 12:00:36,587 - dq_rules - INFO - Executing threshold rule: State should have no null values (currently 1 nulls)
2025-12-10 12:00:36,588 - dq_rules - INFO - Threshold rule 'State should have no null values (currently 1 nulls)': 0 violations found
2025-12-10 12:00:36,588 - dq_rules - INFO - No violations found
2025-12-10 12:00:36,588 - dq_rules - INFO - Rule 'State should have no null values (currently 1 nulls)' completed with status: PASS
2025-12-10 12:00:36,588 - dq_rules - INFO - Executing rule: KPI: Total row count | Percentage threshold: 10.0% | Max growth: 30.0%
2025-12-10 12:00:36,589 - dq_rules - INFO - Executing KPI threshold rule: KPI: Total row count | Percentage threshold: 10.0% | Max growth: 30.0%
2025-12-10 12:00:36,607 - dq_rules - INFO - Growth Analysis: Previous value: 89,999.00 (2025-12-09 15:26:40), Current value: 15.00, Growth rate: -100.0%, Max allowed: 30.0%
2025-12-10 12:00:36,608 - dq_rules - INFO - KPI within acceptable limits. Current value: 15.00, Threshold: 16.50
2025-12-10 12:00:36,609 - dq_rules - INFO - Rule 'KPI: Total row count | Percentage threshold: 10.0% | Max growth: 30.0%' completed with status: PASS
2025-12-10 12:00:36,611 - dq_rules - INFO - TOTAL VIOLATIONS ACROSS ALL RULES: 9
2025-12-10 12:00:36,611 - dq_rules - INFO - GENERATING BUSINESS RULES VALIDATION REPORT
2025-12-10 12:00:36,612 - dq_rules - INFO - Report for: CSV: sample_data.csv, Records: 15, Columns: 10
2025-12-10 12:00:36,612 - dq_error_log - INFO - ErrorLogger initialized with database: dq_checks
2025-12-10 12:00:36,612 - dq_rules - INFO - Rules compliance score: 75.0% (Passed: 6, Failed: 2, Errors: 0)
2025-12-10 12:00:36,613 - dq_rules - INFO - RULES SUMMARY: Total Rules: 8, Passed: 6, Failed: 2, Errors: 0, Total Violations: 9
2025-12-10 12:00:36,613 - dq_rules - INFO - DETAILED RESULTS:
2025-12-10 12:00:36,613 - dq_rules - INFO - FAIL Salary should be above median value (53000.00)
2025-12-10 12:00:36,614 - dq_rules - INFO - Violations: 6
2025-12-10 12:00:36,614 - dq_rules - INFO - FAIL Salary should be between 20000 and 60000
2025-12-10 12:00:36,614 - dq_rules - INFO - Violations: 3
2025-12-10 12:00:36,614 - dq_rules - INFO - PASS CustomerName should have no null values (currently 1 nulls)
2025-12-10 12:00:36,615 - dq_rules - INFO - PASS Email should have no null values (currently 1 nulls)
2025-12-10 12:00:36,615 - dq_rules - INFO - PASS Salary should have no null values (currently 2 nulls)
2025-12-10 12:00:36,615 - dq_rules - INFO - PASS Department should have no null values (currently 1 nulls)
2025-12-10 12:00:36,615 - dq_rules - INFO - PASS State should have no null values (currently 1 nulls)
2025-12-10 12:00:36,615 - dq_rules - INFO - PASS KPI: Total row count | Percentage threshold: 10.0% | Max growth: 30.0%
2025-12-10 12:00:36,616 - dq_rules - INFO - Current Value: 15.00
2025-12-10 12:00:36,616 - dq_rules - INFO - Threshold: 16.50
2025-12-10 12:00:36,628 - dq_rules - INFO - RECOMMENDATIONS:
2025-12-10 12:00:36,629 - dq_rules - INFO - Review and fix business rule violations
2025-12-10 12:00:36,629 - dq_rules - INFO - Adjust KPI thresholds if needed
2025-12-10 12:00:36,629 - dq_rules - INFO - Monitor growth rates regularly
2025-12-10 12:00:36,630 - dq_rules - INFO - ERROR LOGGING: Session ID: RULES_20251210_120036, Total errors logged: 9
2025-12-10 12:00:36,630 - dq_rules - INFO - Check dq_error_logs table for details
2025-12-10 12:00:36,633 - dq_audit - INFO - Audit class initialized with database: dq_checks
2025-12-10 12:00:36,633 - dq_audit - INFO - Starting database insertion for rules...
2025-12-10 12:00:36,649 - dq_audit - INFO - Inserted rules record
2025-12-10 12:00:36,650 - dq_audit - INFO - rules audit record successfully stored in database
2025-12-10 12:00:40,459 - dq_rules - INFO - Business rules validation completed successfully
2025-12-10 12:00:40,460 - __main__ - INFO - Business Rules Engine completed successfully
2025-12-10 12:00:40,462 - __main__ - INFO - Displaying main menu options to user
2025-12-10 12:16:34,009 - __main__ - INFO - User selected option: 6
2025-12-10 12:16:34,012 - __main__ - INFO - User session ended. Duration: 0:18:32.228896
2025-12-10 12:16:34,015 - __main__ - INFO - 👋 Thank you for using Universal Data Quality Framework!
