2025-12-27 23:07:24,221 - root - INFO - CLI Mode Logging Initialized
2025-12-27 23:07:24,222 - root - INFO - CLI logs will be saved to: logs/dq_framework_20251227_230724.log
2025-12-27 23:07:24,224 - __main__ - INFO - 🚀 UNIVERSAL DATA QUALITY FRAMEWORK INITIALIZED
2025-12-27 23:07:24,229 - __main__ - INFO - Starting system resource check
2025-12-27 23:07:24,234 - __main__ - INFO - Total RAM: 15.7 GB
2025-12-27 23:07:24,234 - __main__ - INFO - Available RAM: 2.3 GB
2025-12-27 23:07:24,234 - __main__ - INFO - Memory used: 85.4%
2025-12-27 23:07:24,235 - __main__ - INFO - Memory status: OK
2025-12-27 23:07:24,236 - __main__ - INFO - Free disk space: 263.6 GB
2025-12-27 23:07:24,236 - __main__ - INFO - Disk used: 44.7%
2025-12-27 23:07:24,237 - __main__ - INFO - Disk space: OK
2025-12-27 23:07:24,738 - __main__ - INFO - CPU cores: 8
2025-12-27 23:07:24,738 - __main__ - INFO - CPU usage: 16.7%
2025-12-27 23:07:24,740 - __main__ - INFO - Python version: 3.12.4
2025-12-27 23:07:24,740 - __main__ - INFO - System platform: win32
2025-12-27 23:07:24,741 - __main__ - INFO - User session started at: 2025-12-27 23:07:24.741810
2025-12-27 23:07:24,742 - __main__ - INFO - Displaying main menu options to user
2025-12-27 23:07:25,780 - __main__ - INFO - User selected option: 1
2025-12-27 23:07:25,781 - __main__ - INFO - Starting Single Source Analysis module
2025-12-27 23:07:25,784 - dq_unified - INFO - Starting unified data quality analysis
2025-12-27 23:07:25,785 - dq_unified - INFO - Prompting user for data source type
2025-12-27 23:07:25,785 - dq_unified - INFO - UI Data source_type: No UI data
2025-12-27 23:07:27,626 - dq_unified - INFO - User selected source type: 1
2025-12-27 23:07:31,165 - dq_unified - INFO - Loading data from CSV
2025-12-27 23:07:31,165 - dq_unified - INFO - Loading data from CSV
2025-12-27 23:07:31,167 - dq_unified - INFO - Loading large CSV: 1
2025-12-27 23:07:31,170 - dq_unified - ERROR - Error loading large CSV: [Errno 2] No such file or directory: '1'
Traceback (most recent call last):
  File "C:\Users\003160\OneDrive - wisseninfotech.com\Documents\DQ-Checks-Shashi\data_quality_framework-V2\dq_unified.py", line 93, in load_large_csv
    with open(file_path, 'r', encoding='utf-8') as f:
         ^^^^^^^^^^^^^^^^^^^^^^^^^^^^^^^^^^^^^^
FileNotFoundError: [Errno 2] No such file or directory: '1'
2025-12-27 23:07:31,175 - dq_unified - ERROR - Error loading data from csv: [Errno 2] No such file or directory: '1'
Traceback (most recent call last):
  File "C:\Users\003160\OneDrive - wisseninfotech.com\Documents\DQ-Checks-Shashi\data_quality_framework-V2\dq_unified.py", line 1045, in load_data_from_source
    df = LargeDatasetHandler.load_large_csv(source_config, max_rows=max_rows)
         ^^^^^^^^^^^^^^^^^^^^^^^^^^^^^^^^^^^^^^^^^^^^^^^^^^^^^^^^^^^^^^^^^^^^
  File "C:\Users\003160\OneDrive - wisseninfotech.com\Documents\DQ-Checks-Shashi\data_quality_framework-V2\dq_unified.py", line 93, in load_large_csv
    with open(file_path, 'r', encoding='utf-8') as f:
         ^^^^^^^^^^^^^^^^^^^^^^^^^^^^^^^^^^^^^^
FileNotFoundError: [Errno 2] No such file or directory: '1'
2025-12-27 23:07:31,176 - dq_unified - ERROR - No data loaded or dataset is empty
2025-12-27 23:07:31,177 - __main__ - INFO - Single Source Analysis completed successfully
2025-12-27 23:07:31,177 - __main__ - INFO - Displaying main menu options to user
2025-12-27 23:07:34,109 - __main__ - INFO - User selected option: 1
2025-12-27 23:07:34,110 - __main__ - INFO - Starting Single Source Analysis module
2025-12-27 23:07:34,112 - dq_unified - INFO - Starting unified data quality analysis
2025-12-27 23:07:34,112 - dq_unified - INFO - Prompting user for data source type
2025-12-27 23:07:34,112 - dq_unified - INFO - UI Data source_type: No UI data
2025-12-27 23:07:35,537 - dq_unified - INFO - User selected source type: 1
2025-12-27 23:07:40,694 - dq_unified - INFO - Loading data from CSV
2025-12-27 23:07:40,695 - dq_unified - INFO - Loading data from CSV
2025-12-27 23:07:40,695 - dq_unified - INFO - Loading large CSV: C:/Users/003160/OneDrive - wisseninfotech.com/Documents/DQ-Checks-Shashi/Test_data/source_data_90k.csv
2025-12-27 23:07:40,746 - dq_unified - INFO - CSV file has 92,875 rows
2025-12-27 23:07:40,746 - dq_unified - INFO - Loading 92,875 rows from CSV...
2025-12-27 23:07:41,016 - dq_unified - INFO - Loaded 89,999 rows from CSV
2025-12-27 23:07:41,321 - dq_unified - INFO - Memory optimization: 45.4MB -> 17.1MB (Saved: 28.3MB)
2025-12-27 23:07:41,365 - dq_unified - INFO - Loaded 89,999 rows, 12 columns. Memory: 110.0MB total, 17.1MB for dataframe
2025-12-27 23:07:41,365 - dq_unified - INFO - DATA PREVIEW:
2025-12-27 23:07:41,366 - dq_unified - INFO -    Total rows: 89,999
2025-12-27 23:07:41,368 - dq_unified - INFO -    Total columns: 12
2025-12-27 23:07:41,368 - dq_unified - INFO -    Columns: ['id', 'customer_id', 'transaction_id', 'customer_name', 'email', 'phone', 'transaction_date', 'amount', 'quantity', 'age', 'status', 'description']
2025-12-27 23:07:41,369 - dq_unified - INFO - Running quality checks
2025-12-27 23:07:41,369 - dq_unified - INFO - Checking for null/empty values
2025-12-27 23:07:41,369 - dq_unified - INFO - DataFrame shape: (89999, 12)
2025-12-27 23:07:41,369 - dq_unified - INFO - Columns: ['id', 'customer_id', 'transaction_id', 'customer_name', 'email', 'phone', 'transaction_date', 'amount', 'quantity', 'age', 'status', 'description']
2025-12-27 23:07:41,370 - dq_unified - INFO - Column 'id': No empty cells
2025-12-27 23:07:41,433 - dq_unified - INFO - Column 'customer_id': No empty cells
2025-12-27 23:07:41,497 - dq_unified - INFO - Column 'transaction_id': No empty cells
2025-12-27 23:07:41,499 - dq_unified - INFO -   Sample missing values in 'customer_name': [nan, nan, nan]
2025-12-27 23:07:41,499 - dq_unified - WARNING - Column 'customer_name': 3,510 empty cells (3.9%)
2025-12-27 23:07:41,561 - dq_unified - INFO -   Sample missing values in 'email': [nan, nan, nan]
2025-12-27 23:07:41,561 - dq_unified - WARNING - Column 'email': 1,516 empty cells (1.7%)
2025-12-27 23:07:41,660 - dq_unified - INFO -   Sample missing values in 'phone': [nan, nan, nan]
2025-12-27 23:07:41,661 - dq_unified - WARNING - Column 'phone': 1,280 empty cells (1.4%)
2025-12-27 23:07:41,690 - dq_unified - INFO - Column 'transaction_date': No empty cells
2025-12-27 23:07:41,691 - dq_unified - INFO -   Sample missing values in 'amount': [nan, nan, nan]
2025-12-27 23:07:41,691 - dq_unified - WARNING - Column 'amount': 1,133 empty cells (1.3%)
2025-12-27 23:07:41,712 - dq_unified - INFO - Column 'quantity': No empty cells
2025-12-27 23:07:41,713 - dq_unified - INFO - Column 'age': No empty cells
2025-12-27 23:07:41,714 - dq_unified - INFO - Column 'status': No empty cells
2025-12-27 23:07:41,714 - dq_unified - INFO - Column 'description': No empty cells
2025-12-27 23:07:41,716 - dq_unified - INFO - Total empty cells found: 7,439
2025-12-27 23:07:41,716 - dq_unified - INFO - Checking for duplicate rows
2025-12-27 23:07:41,716 - dq_unified - INFO - Cleaning data (removing whitespace)...
2025-12-27 23:07:41,728 - dq_unified - INFO - Columns after cleaning: ['id', 'customer_id', 'transaction_id', 'customer_name', 'email', 'phone', 'transaction_date', 'amount', 'quantity', 'age', 'status', 'description']
2025-12-27 23:07:42,908 - dq_unified - INFO - Sample of first column after cleaning: '78303'
2025-12-27 23:07:42,908 - dq_unified - INFO - Sample of row 6 first column: '19261'
2025-12-27 23:07:42,910 - dq_unified - INFO - Total rows to check: 89999
2025-12-27 23:07:42,910 - dq_unified - INFO - Checking first column 'id' for serial numbers
2025-12-27 23:07:42,911 - dq_unified - INFO - First 5 values: ['78303', '66465', '93228', '1748', '80005']
2025-12-27 23:07:42,911 - dq_unified - INFO -   Row 1: '78303' → 78303.0 (numeric)
2025-12-27 23:07:42,911 - dq_unified - INFO -   Row 2: '66465' → 66465.0 (numeric)
2025-12-27 23:07:42,912 - dq_unified - INFO -   Row 3: '93228' → 93228.0 (numeric)
2025-12-27 23:07:42,912 - dq_unified - INFO - First column values not sequential: [78303.0, 66465.0, 93228.0]
2025-12-27 23:07:42,912 - dq_unified - INFO - Checking duplicates on ALL columns
2025-12-27 23:07:42,913 - dq_unified - INFO - First few rows for comparison:
2025-12-27 23:07:42,913 - dq_unified - INFO -   Row 0: {'id': '78303', 'customer_id': 'CUST078303', 'transaction_id': 'TX00078303'}
2025-12-27 23:07:42,914 - dq_unified - INFO -   Row 1: {'id': '66465', 'customer_id': 'CUST066465', 'transaction_id': 'TX00066465'}
2025-12-27 23:07:42,914 - dq_unified - INFO -   Row 2: {'id': '93228', 'customer_id': 'CUST093228', 'transaction_id': 'TX00093228'}
2025-12-27 23:07:43,039 - dq_unified - INFO - Duplicate mask found 406 rows
2025-12-27 23:07:43,039 - dq_unified - INFO - Found 406 potential duplicate rows
2025-12-27 23:07:43,043 - dq_unified - INFO - Unique duplicate groups: 203
2025-12-27 23:07:43,043 - dq_unified - INFO - Duplicate groups found:
2025-12-27 23:07:43,045 - dq_unified - INFO -   Group sample: Pandas(Index=167, id='42732', customer_id='CUST042732', transaction_id='TX00042732', customer_name='William Davis', email='james.miller@gmail.com', phone='12127948623', transaction_date='20-01-2023', amount='7954.53', quantity='60', age='64', status='PENDING', description='Text with trailing spaces')
2025-12-27 23:07:43,045 - dq_unified - INFO -   Group sample: Pandas(Index=381, id='34440', customer_id='CUST034440', transaction_id='TX00034440', customer_name='William Miller', email='nan', phone='nan', transaction_date='05-09-2023', amount='1954.43', quantity='64', age='75', status='CANCELLED', description='Text with. periods')
2025-12-27 23:07:43,045 - dq_unified - INFO -   Group sample: Pandas(Index=637, id='58427', customer_id='CUST058427', transaction_id='TX00058427', customer_name='Richard Brown', email='jennifer.johnson@gmail.com', phone='2124608202', transaction_date='29-09-2023', amount='9156.7', quantity='69', age='45', status='PENDING', description='Text with multiple spaces')
2025-12-27 23:07:43,045 - dq_unified - INFO - Processing 406 duplicate indices
2025-12-27 23:07:43,068 - dq_unified - INFO - FINAL RESULT: Found 406 duplicate groups
2025-12-27 23:07:43,077 - dq_unified - INFO - Checking data formats
2025-12-27 23:07:43,081 - dq_unified - INFO - Detected id as numeric type
2025-12-27 23:07:43,323 - dq_unified - INFO - Detected email as email type
2025-12-27 23:07:43,325 - dq_unified - WARNING -   Row 38: 'lisa.miller_outlook.com...' doesn't match Valid email format (user@domain.com)
2025-12-27 23:07:43,326 - dq_unified - WARNING -   Row 223: 'richard.miller.company.com...' doesn't match Valid email format (user@domain.com)
2025-12-27 23:07:43,326 - dq_unified - WARNING -   Row 311: 'james.miller@invalid...' doesn't match Valid email format (user@domain.com)
2025-12-27 23:07:43,327 - dq_unified - WARNING -   Row 355: 'richard.williams@invalid...' doesn't match Valid email format (user@domain.com)
2025-12-27 23:07:43,327 - dq_unified - WARNING -   Row 416: 'susan.brown.company.com...' doesn't match Valid email format (user@domain.com)
2025-12-27 23:07:43,546 - dq_unified - INFO - Detected phone as phone type
2025-12-27 23:07:43,775 - dq_unified - INFO - Detected transaction_date as date type
2025-12-27 23:07:44,138 - dq_unified - INFO -   Date format check for transaction_date: Consistent=False, Format=['DD-MM-YYYY or MM-DD-YYYY', 'MM/DD/YYYY']
2025-12-27 23:07:44,138 - dq_unified - WARNING -   transaction_date: Inconsistent date formats: ['DD-MM-YYYY or MM-DD-YYYY', 'MM/DD/YYYY']
2025-12-27 23:07:44,502 - dq_unified - INFO - Detected amount as numeric type
2025-12-27 23:07:44,736 - dq_unified - INFO - Detected quantity as numeric type
2025-12-27 23:07:44,919 - dq_unified - INFO - Detected age as numeric type
2025-12-27 23:07:45,760 - dq_unified - INFO - Total format issues found: 727
2025-12-27 23:07:45,760 - dq_unified - INFO - Checking mandatory fields
2025-12-27 23:07:45,762 - dq_unified - INFO - Available columns: ['id', 'customer_id', 'transaction_id', 'customer_name', 'email', 'phone', 'transaction_date', 'amount', 'quantity', 'age', 'status', 'description']
2025-12-27 23:07:47,624 - dq_unified - INFO - Checking ALL columns as mandatory: ['id', 'customer_id', 'transaction_id', 'customer_name', 'email', 'phone', 'transaction_date', 'amount', 'quantity', 'age', 'status', 'description']
2025-12-27 23:07:47,625 - dq_unified - INFO - Mandatory field 'id': 100.0% filled
2025-12-27 23:07:47,695 - dq_unified - INFO - Mandatory field 'customer_id': 100.0% filled
2025-12-27 23:07:47,763 - dq_unified - INFO - Mandatory field 'transaction_id': 100.0% filled
2025-12-27 23:07:47,764 - dq_unified - WARNING - Mandatory field 'customer_name': 3,510 missing values (96.1% filled)
2025-12-27 23:07:47,803 - dq_unified - WARNING - Mandatory field 'email': 1,516 missing values (98.3% filled)
2025-12-27 23:07:47,874 - dq_unified - WARNING - Mandatory field 'phone': 1,280 missing values (98.6% filled)
2025-12-27 23:07:47,889 - dq_unified - INFO - Mandatory field 'transaction_date': 100.0% filled
2025-12-27 23:07:47,889 - dq_unified - WARNING - Mandatory field 'amount': 1,133 missing values (98.7% filled)
2025-12-27 23:07:47,900 - dq_unified - INFO - Mandatory field 'quantity': 100.0% filled
2025-12-27 23:07:47,901 - dq_unified - INFO - Mandatory field 'age': 100.0% filled
2025-12-27 23:07:47,901 - dq_unified - INFO - Mandatory field 'status': 100.0% filled
2025-12-27 23:07:47,903 - dq_unified - INFO - Mandatory field 'description': 100.0% filled
2025-12-27 23:07:47,903 - dq_unified - INFO - Mandatory field check completed: 4 columns with issues, 7439 total missing values
2025-12-27 23:07:47,904 - dq_unified - INFO - Calculating quality score
2025-12-27 23:07:47,906 - dq_unified - INFO - Quality Score Calculation:
2025-12-27 23:07:47,906 - dq_unified - INFO -   Total rows: 89,999
2025-12-27 23:07:47,906 - dq_unified - INFO -   Bad Rows: 6,784
2025-12-27 23:07:47,907 - dq_unified - INFO -   Good rows (no issues): 83,215
2025-12-27 23:07:47,907 - dq_unified - INFO -   Quality Score: 92.46%
2025-12-27 23:07:47,908 - dq_unified - INFO - Generating detailed data quality report
2025-12-27 23:07:47,908 - dq_unified - INFO - Report for: CSV: source_data_90k.csv, Records: 89,999, Columns: 12
2025-12-27 23:07:47,908 - dq_unified - INFO - Overall quality score: 92.5%
2025-12-27 23:07:47,909 - dq_error_log - INFO - ErrorLogger initialized with database: dq_checks
2025-12-27 23:07:47,909 - dq_unified - INFO - Error Logger Session ID: SINGLE_20251227_230747
2025-12-27 23:07:50,006 - dq_audit - INFO - Audit class initialized with database: dq_checks
2025-12-27 23:07:50,006 - dq_audit - INFO - Starting database insertion for single_source...
2025-12-27 23:07:50,029 - dq_audit - INFO - Inserted single_source record with ID: 440
2025-12-27 23:07:50,030 - dq_unified - INFO - Audit logged for session: DQ_20251227_230750
2025-12-27 23:07:50,033 - dq_unified - INFO - Analysis completed successfully for CSV: source_data_90k.csv
2025-12-27 23:07:50,041 - __main__ - INFO - Single Source Analysis completed successfully
2025-12-27 23:07:50,041 - __main__ - INFO - Displaying main menu options to user
2025-12-27 23:08:17,476 - __main__ - INFO - User selected option: 1
2025-12-27 23:08:17,477 - __main__ - INFO - Starting Single Source Analysis module
2025-12-27 23:08:17,480 - dq_unified - INFO - Starting unified data quality analysis
2025-12-27 23:08:17,480 - dq_unified - INFO - Prompting user for data source type
2025-12-27 23:08:17,481 - dq_unified - INFO - UI Data source_type: No UI data
2025-12-27 23:08:19,385 - dq_unified - INFO - User selected source type: 3
2025-12-27 23:08:19,386 - dq_unified - INFO - Getting database configuration - Dual mode
2025-12-27 23:08:20,538 - dq_unified - INFO - Getting database config from config file
2025-12-27 23:08:21,822 - dq_unified - INFO - Using POSTGRESQL configuration from config file
2025-12-27 23:08:25,909 - dq_unified - INFO - Database configuration from config file: postgresql, Table: employee
2025-12-27 23:08:25,910 - dq_unified - INFO - Loading data from DATABASE
2025-12-27 23:08:25,910 - dq_unified - INFO - Loading data from DATABASE
2025-12-27 23:08:25,912 - dq_unified - INFO - Loading large database table: employee
2025-12-27 23:08:26,121 - dq_unified - INFO - PostgreSQL table has 89,999 rows
2025-12-27 23:08:26,121 - dq_unified - INFO - Loading 89,999 rows from PostgreSQL...
2025-12-27 23:08:26,430 - dq_unified - INFO - Loaded 89,999 rows from PostgreSQL
2025-12-27 23:08:27,054 - dq_unified - INFO - Memory optimization: 60.9MB -> 25.8MB (Saved: 35.1MB)
2025-12-27 23:08:27,146 - dq_unified - INFO - Loaded 89,999 rows, 12 columns. Memory: 195.6MB total, 25.8MB for dataframe
2025-12-27 23:08:27,146 - dq_unified - INFO - DATA PREVIEW:
2025-12-27 23:08:27,147 - dq_unified - INFO -    Total rows: 89,999
2025-12-27 23:08:27,148 - dq_unified - INFO -    Total columns: 12
2025-12-27 23:08:27,148 - dq_unified - INFO -    Columns: ['id', 'customer_id', 'transaction_id', 'customer_name', 'email', 'phone', 'transaction_date', 'amount', 'quantity', 'age', 'status', 'description']
2025-12-27 23:08:27,149 - dq_unified - INFO - Running quality checks
2025-12-27 23:08:27,149 - dq_unified - INFO - Checking for null/empty values
2025-12-27 23:08:27,149 - dq_unified - INFO - DataFrame shape: (89999, 12)
2025-12-27 23:08:27,149 - dq_unified - INFO - Columns: ['id', 'customer_id', 'transaction_id', 'customer_name', 'email', 'phone', 'transaction_date', 'amount', 'quantity', 'age', 'status', 'description']
2025-12-27 23:08:27,228 - dq_unified - INFO - Column 'id': No empty cells
2025-12-27 23:08:27,337 - dq_unified - INFO - Column 'customer_id': No empty cells
2025-12-27 23:08:27,448 - dq_unified - INFO - Column 'transaction_id': No empty cells
2025-12-27 23:08:27,449 - dq_unified - INFO - Column 'customer_name': No empty cells
2025-12-27 23:08:27,451 - dq_unified - INFO - Column 'email': No empty cells
2025-12-27 23:08:27,576 - dq_unified - INFO -   Sample missing values in 'phone': ['NaN', 'NaN', 'NaN']
2025-12-27 23:08:27,576 - dq_unified - WARNING - Column 'phone': 1,280 empty cells (1.4%)
2025-12-27 23:08:27,610 - dq_unified - INFO - Column 'transaction_date': No empty cells
2025-12-27 23:08:27,691 - dq_unified - INFO -   Sample missing values in 'amount': ['NaN', 'NaN', 'NaN']
2025-12-27 23:08:27,691 - dq_unified - WARNING - Column 'amount': 1,133 empty cells (1.3%)
2025-12-27 23:08:27,715 - dq_unified - INFO - Column 'quantity': No empty cells
2025-12-27 23:08:27,715 - dq_unified - INFO - Column 'age': No empty cells
2025-12-27 23:08:27,716 - dq_unified - INFO - Column 'status': No empty cells
2025-12-27 23:08:27,716 - dq_unified - INFO - Column 'description': No empty cells
2025-12-27 23:08:27,716 - dq_unified - INFO - Total empty cells found: 2,413
2025-12-27 23:08:27,716 - dq_unified - INFO - Checking for duplicate rows
2025-12-27 23:08:27,716 - dq_unified - INFO - Cleaning data (removing whitespace)...
2025-12-27 23:08:27,749 - dq_unified - INFO - Columns after cleaning: ['id', 'customer_id', 'transaction_id', 'customer_name', 'email', 'phone', 'transaction_date', 'amount', 'quantity', 'age', 'status', 'description']
2025-12-27 23:08:28,960 - dq_unified - INFO - Sample of first column after cleaning: '78303'
2025-12-27 23:08:28,961 - dq_unified - INFO - Sample of row 6 first column: '19261'
2025-12-27 23:08:28,962 - dq_unified - INFO - Total rows to check: 89999
2025-12-27 23:08:28,963 - dq_unified - INFO - Checking first column 'id' for serial numbers
2025-12-27 23:08:28,963 - dq_unified - INFO - First 5 values: ['78303', '66465', '93228', '1748', '80005']
2025-12-27 23:08:28,963 - dq_unified - INFO -   Row 1: '78303' → 78303.0 (numeric)
2025-12-27 23:08:28,964 - dq_unified - INFO -   Row 2: '66465' → 66465.0 (numeric)
2025-12-27 23:08:28,964 - dq_unified - INFO -   Row 3: '93228' → 93228.0 (numeric)
2025-12-27 23:08:28,964 - dq_unified - INFO - First column values not sequential: [78303.0, 66465.0, 93228.0]
2025-12-27 23:08:28,965 - dq_unified - INFO - Checking duplicates on ALL columns
2025-12-27 23:08:28,965 - dq_unified - INFO - First few rows for comparison:
2025-12-27 23:08:28,966 - dq_unified - INFO -   Row 0: {'id': '78303', 'customer_id': 'CUST078303', 'transaction_id': 'TX00078303'}
2025-12-27 23:08:28,967 - dq_unified - INFO -   Row 1: {'id': '66465', 'customer_id': 'CUST066465', 'transaction_id': 'TX00066465'}
2025-12-27 23:08:28,967 - dq_unified - INFO -   Row 2: {'id': '93228', 'customer_id': 'CUST093228', 'transaction_id': 'TX00093228'}
2025-12-27 23:08:29,134 - dq_unified - INFO - Duplicate mask found 406 rows
2025-12-27 23:08:29,135 - dq_unified - INFO - Found 406 potential duplicate rows
2025-12-27 23:08:29,138 - dq_unified - INFO - Unique duplicate groups: 203
2025-12-27 23:08:29,138 - dq_unified - INFO - Duplicate groups found:
2025-12-27 23:08:29,139 - dq_unified - INFO -   Group sample: Pandas(Index=167, id='42732', customer_id='CUST042732', transaction_id='TX00042732', customer_name='William Davis', email='james.miller@gmail.com', phone='12127948623', transaction_date='20-01-2023', amount='7954.53', quantity='60', age='64', status='PENDING', description='Text with trailing spaces')
2025-12-27 23:08:29,139 - dq_unified - INFO -   Group sample: Pandas(Index=381, id='34440', customer_id='CUST034440', transaction_id='TX00034440', customer_name='William Miller', email='NaN', phone='NaN', transaction_date='05-09-2023', amount='1954.43', quantity='64', age='75', status='CANCELLED', description='Text with. periods')
2025-12-27 23:08:29,139 - dq_unified - INFO -   Group sample: Pandas(Index=637, id='58427', customer_id='CUST058427', transaction_id='TX00058427', customer_name='Richard Brown', email='jennifer.johnson@gmail.com', phone='2124608202', transaction_date='29-09-2023', amount='9156.7', quantity='69', age='45', status='PENDING', description='Text with multiple spaces')
2025-12-27 23:08:29,139 - dq_unified - INFO - Processing 406 duplicate indices
2025-12-27 23:08:29,158 - dq_unified - INFO - FINAL RESULT: Found 406 duplicate groups
2025-12-27 23:08:29,173 - dq_unified - INFO - Checking data formats
2025-12-27 23:08:29,187 - dq_unified - INFO - Detected id as numeric type
2025-12-27 23:08:29,415 - dq_unified - INFO - Detected email as email type
2025-12-27 23:08:29,417 - dq_unified - WARNING -   Row 38: 'lisa.miller_outlook.com...' doesn't match Valid email format (user@domain.com)
2025-12-27 23:08:29,417 - dq_unified - WARNING -   Row 223: 'richard.miller.company.com...' doesn't match Valid email format (user@domain.com)
2025-12-27 23:08:29,418 - dq_unified - WARNING -   Row 311: 'james.miller@invalid...' doesn't match Valid email format (user@domain.com)
2025-12-27 23:08:29,418 - dq_unified - WARNING -   Row 355: 'richard.williams@invalid...' doesn't match Valid email format (user@domain.com)
2025-12-27 23:08:29,419 - dq_unified - WARNING -   Row 416: 'susan.brown.company.com...' doesn't match Valid email format (user@domain.com)
2025-12-27 23:08:29,640 - dq_unified - INFO - Detected phone as phone type
2025-12-27 23:08:29,867 - dq_unified - INFO - Detected transaction_date as date type
2025-12-27 23:08:30,223 - dq_unified - INFO -   Date format check for transaction_date: Consistent=False, Format=['DD-MM-YYYY or MM-DD-YYYY', 'MM/DD/YYYY']
2025-12-27 23:08:30,223 - dq_unified - WARNING -   transaction_date: Inconsistent date formats: ['DD-MM-YYYY or MM-DD-YYYY', 'MM/DD/YYYY']
2025-12-27 23:08:30,588 - dq_unified - INFO - Detected amount as numeric type
2025-12-27 23:08:30,746 - dq_unified - INFO - Detected quantity as numeric type
2025-12-27 23:08:30,919 - dq_unified - INFO - Detected age as numeric type
2025-12-27 23:08:31,664 - dq_unified - INFO - Total format issues found: 727
2025-12-27 23:08:31,665 - dq_unified - INFO - Checking mandatory fields
2025-12-27 23:08:31,665 - dq_unified - INFO - Available columns: ['id', 'customer_id', 'transaction_id', 'customer_name', 'email', 'phone', 'transaction_date', 'amount', 'quantity', 'age', 'status', 'description']
2025-12-27 23:08:33,953 - dq_unified - INFO - Checking ALL columns as mandatory: ['id', 'customer_id', 'transaction_id', 'customer_name', 'email', 'phone', 'transaction_date', 'amount', 'quantity', 'age', 'status', 'description']
2025-12-27 23:08:34,025 - dq_unified - INFO - Mandatory field 'id': 100.0% filled
2025-12-27 23:08:34,120 - dq_unified - INFO - Mandatory field 'customer_id': 100.0% filled
2025-12-27 23:08:34,214 - dq_unified - INFO - Mandatory field 'transaction_id': 100.0% filled
2025-12-27 23:08:34,214 - dq_unified - INFO - Mandatory field 'customer_name': 100.0% filled
2025-12-27 23:08:34,217 - dq_unified - INFO - Mandatory field 'email': 100.0% filled
2025-12-27 23:08:34,313 - dq_unified - WARNING - Mandatory field 'phone': 1,280 missing values (98.6% filled)
2025-12-27 23:08:34,336 - dq_unified - INFO - Mandatory field 'transaction_date': 100.0% filled
2025-12-27 23:08:34,407 - dq_unified - WARNING - Mandatory field 'amount': 1,133 missing values (98.7% filled)
2025-12-27 23:08:34,420 - dq_unified - INFO - Mandatory field 'quantity': 100.0% filled
2025-12-27 23:08:34,421 - dq_unified - INFO - Mandatory field 'age': 100.0% filled
2025-12-27 23:08:34,421 - dq_unified - INFO - Mandatory field 'status': 100.0% filled
2025-12-27 23:08:34,422 - dq_unified - INFO - Mandatory field 'description': 100.0% filled
2025-12-27 23:08:34,422 - dq_unified - INFO - Mandatory field check completed: 2 columns with issues, 2413 total missing values
2025-12-27 23:08:34,423 - dq_unified - INFO - Calculating quality score
2025-12-27 23:08:34,425 - dq_unified - INFO - Quality Score Calculation:
2025-12-27 23:08:34,425 - dq_unified - INFO -   Total rows: 89,999
2025-12-27 23:08:34,426 - dq_unified - INFO -   Bad Rows: 3,205
2025-12-27 23:08:34,427 - dq_unified - INFO -   Good rows (no issues): 86,794
2025-12-27 23:08:34,427 - dq_unified - INFO -   Quality Score: 96.44%
2025-12-27 23:08:34,427 - dq_unified - INFO - Generating detailed data quality report
2025-12-27 23:08:34,428 - dq_unified - INFO - Report for: Database: postgresql - Table: employee, Records: 89,999, Columns: 12
2025-12-27 23:08:34,428 - dq_unified - INFO - Overall quality score: 96.4%
2025-12-27 23:08:34,428 - dq_error_log - INFO - ErrorLogger initialized with database: dq_checks
2025-12-27 23:08:34,428 - dq_unified - INFO - Error Logger Session ID: SINGLE_20251227_230834
2025-12-27 23:08:35,556 - dq_audit - INFO - Audit class initialized with database: dq_checks
2025-12-27 23:08:35,556 - dq_audit - INFO - Starting database insertion for single_source...
2025-12-27 23:08:35,572 - dq_audit - INFO - Inserted single_source record with ID: 441
2025-12-27 23:08:35,572 - dq_unified - INFO - Audit logged for session: DQ_20251227_230835
2025-12-27 23:08:35,575 - dq_unified - INFO - Analysis completed successfully for Database: postgresql - Table: employee
2025-12-27 23:08:35,607 - __main__ - INFO - Single Source Analysis completed successfully
2025-12-27 23:08:35,607 - __main__ - INFO - Displaying main menu options to user
2025-12-27 23:09:12,819 - __main__ - INFO - User selected option: 6
2025-12-27 23:09:12,820 - __main__ - INFO - User session ended. Duration: 0:01:48.077313
2025-12-27 23:09:12,820 - __main__ - INFO - 👋 Thank you for using Universal Data Quality Framework!
