2025-12-26 20:11:54,390 - root - INFO - CLI Mode Logging Initialized
2025-12-26 20:11:54,391 - root - INFO - CLI logs will be saved to: logs/dq_framework_20251226_201154.log
2025-12-26 20:11:54,391 - __main__ - INFO - 🚀 UNIVERSAL DATA QUALITY FRAMEWORK INITIALIZED
2025-12-26 20:11:54,393 - __main__ - INFO - Starting system resource check
2025-12-26 20:11:54,398 - __main__ - INFO - Total RAM: 15.7 GB
2025-12-26 20:11:54,398 - __main__ - INFO - Available RAM: 2.7 GB
2025-12-26 20:11:54,399 - __main__ - INFO - Memory used: 82.8%
2025-12-26 20:11:54,399 - __main__ - INFO - Memory status: OK
2025-12-26 20:11:54,400 - __main__ - INFO - Free disk space: 260.8 GB
2025-12-26 20:11:54,400 - __main__ - INFO - Disk used: 45.2%
2025-12-26 20:11:54,400 - __main__ - INFO - Disk space: OK
2025-12-26 20:11:54,902 - __main__ - INFO - CPU cores: 8
2025-12-26 20:11:54,902 - __main__ - INFO - CPU usage: 19.9%
2025-12-26 20:11:54,902 - __main__ - INFO - Python version: 3.12.4
2025-12-26 20:11:54,902 - __main__ - INFO - System platform: win32
2025-12-26 20:11:54,902 - __main__ - INFO - User session started at: 2025-12-26 20:11:54.902063
2025-12-26 20:11:54,902 - __main__ - INFO - Displaying main menu options to user
2025-12-26 20:12:00,748 - __main__ - INFO - User selected option: 1
2025-12-26 20:12:00,749 - __main__ - INFO - Starting Single Source Analysis module
2025-12-26 20:12:00,752 - dq_unified - INFO - Starting unified data quality analysis
2025-12-26 20:12:00,752 - dq_unified - INFO - Prompting user for data source type
2025-12-26 20:12:00,753 - dq_unified - INFO - UI Data source_type: No UI data
2025-12-26 20:12:01,944 - dq_unified - INFO - User selected source type: 1
2025-12-26 20:12:16,975 - dq_unified - INFO - Loading data from CSV
2025-12-26 20:12:16,976 - dq_unified - INFO - Loading data from CSV
2025-12-26 20:12:16,976 - dq_unified - INFO - Loading large CSV: C:\Users\003160\OneDrive - wisseninfotech.com\Documents\DQ-Checks-Shashi\Test_data\sample_data.csv
2025-12-26 20:12:16,980 - dq_unified - INFO - CSV file has 15 rows
2025-12-26 20:12:16,980 - dq_unified - INFO - Loading 15 rows from CSV...
2025-12-26 20:12:16,989 - dq_unified - INFO - Loaded 15 rows from CSV
2025-12-26 20:12:16,995 - dq_unified - INFO - Memory optimization: 0.0MB -> 0.0MB (Saved: 0.0MB)
2025-12-26 20:12:16,996 - dq_unified - INFO - Loaded 15 rows, 10 columns. Memory: 86.8MB total, 0.0MB for dataframe
2025-12-26 20:12:16,996 - dq_unified - INFO - DATA PREVIEW:
2025-12-26 20:12:16,996 - dq_unified - INFO -    Total rows: 15
2025-12-26 20:12:16,997 - dq_unified - INFO -    Total columns: 10
2025-12-26 20:12:16,997 - dq_unified - INFO -    Columns: ['CustomerName', 'Email', 'Phone', 'Salary', 'Department', 'JoinDate', 'PostalCode', 'City', 'Country', 'State']
2025-12-26 20:12:16,997 - dq_unified - INFO - Running quality checks
2025-12-26 20:12:16,998 - dq_unified - INFO - Checking for null cells (not empty strings)
2025-12-26 20:12:16,998 - dq_unified - WARNING - Column 'CustomerName': 1 null cells (6.7%)
2025-12-26 20:12:16,999 - dq_unified - WARNING - Column 'Email': 1 null cells (6.7%)
2025-12-26 20:12:17,001 - dq_unified - INFO - Column 'Phone': No null cells
2025-12-26 20:12:17,001 - dq_unified - WARNING - Column 'Salary': 2 null cells (13.3%)
2025-12-26 20:12:17,002 - dq_unified - WARNING - Column 'Department': 1 null cells (6.7%)
2025-12-26 20:12:17,003 - dq_unified - INFO - Column 'JoinDate': No null cells
2025-12-26 20:12:17,003 - dq_unified - INFO - Column 'PostalCode': No null cells
2025-12-26 20:12:17,003 - dq_unified - INFO - Column 'City': No null cells
2025-12-26 20:12:17,004 - dq_unified - INFO - Column 'Country': No null cells
2025-12-26 20:12:17,004 - dq_unified - WARNING - Column 'State': 1 null cells (6.7%)
2025-12-26 20:12:17,005 - dq_unified - INFO - Total null cells found: 6
2025-12-26 20:12:17,005 - dq_unified - INFO - Checking for duplicate rows
2025-12-26 20:12:17,005 - dq_unified - INFO - Processing 15 rows for duplicates
2025-12-26 20:12:17,008 - dq_unified - INFO - Full row duplicates (entire rows): 0
2025-12-26 20:12:17,009 - dq_unified - INFO - Automatically detecting key field duplicates
2025-12-26 20:12:17,010 - dq_unified - INFO - Detected potential key fields: ['CustomerName', 'Email', 'PostalCode']
2025-12-26 20:12:17,011 - dq_unified - WARNING - Found 1 duplicate values in field 'Email'
2025-12-26 20:12:17,012 - dq_unified - WARNING - Found 1 duplicate values in field 'PostalCode'
2025-12-26 20:12:17,013 - dq_unified - INFO - Checking data formats with intelligent, adaptive detection
2025-12-26 20:12:17,013 - dq_unified - INFO - Analyzing column 'CustomerName' with 14 non-null values
2025-12-26 20:12:17,017 - dq_unified - INFO - Analyzing column 'Email' with 14 non-null values
2025-12-26 20:12:17,017 - dq_unified - INFO -   ✓ Column 'Email' matches 'email' pattern with 92.9% confidence
2025-12-26 20:12:17,018 - dq_unified - WARNING -     Row 3: EMPTY value doesn't match Valid email format (user@domain.com)
2025-12-26 20:12:17,018 - dq_unified - WARNING -     Row 9: 'invalid-email...' doesn't match Valid email format (user@domain.com)
2025-12-26 20:12:17,018 - dq_unified - INFO -     Found 2 format issues in column 'Email'
2025-12-26 20:12:17,019 - dq_unified - INFO - Analyzing column 'Phone' with 15 non-null values
2025-12-26 20:12:17,019 - dq_unified - INFO -   ✓ Column 'Phone' matches 'numeric' pattern with 100.0% confidence
2025-12-26 20:12:17,020 - dq_unified - INFO - Analyzing column 'Salary' with 13 non-null values
2025-12-26 20:12:17,020 - dq_unified - INFO -   ✓ Column 'Salary' matches 'numeric' pattern with 100.0% confidence
2025-12-26 20:12:17,020 - dq_unified - WARNING -     Row 7: EMPTY value doesn't match Valid numeric value (integers or decimals)
2025-12-26 20:12:17,020 - dq_unified - WARNING -     Row 14: EMPTY value doesn't match Valid numeric value (integers or decimals)
2025-12-26 20:12:17,021 - dq_unified - INFO -     Found 2 format issues in column 'Salary'
2025-12-26 20:12:17,021 - dq_unified - INFO - Analyzing column 'Department' with 14 non-null values
2025-12-26 20:12:17,022 - dq_unified - INFO -   ✓ Column 'Department' matches 'code_id' pattern with 100.0% confidence
2025-12-26 20:12:17,022 - dq_unified - INFO - Analyzing column 'JoinDate' with 15 non-null values
2025-12-26 20:12:17,023 - dq_unified - INFO -   ✓ Column 'JoinDate' matches 'code_id' pattern with 100.0% confidence
2025-12-26 20:12:17,023 - dq_unified - INFO - Analyzing column 'PostalCode' with 15 non-null values
2025-12-26 20:12:17,023 - dq_unified - INFO -   ✓ Column 'PostalCode' matches 'code_id' pattern with 100.0% confidence
2025-12-26 20:12:17,024 - dq_unified - INFO - Analyzing column 'City' with 15 non-null values
2025-12-26 20:12:17,025 - dq_unified - INFO - Analyzing column 'Country' with 15 non-null values
2025-12-26 20:12:17,025 - dq_unified - INFO -   ✓ Column 'Country' matches 'code_id' pattern with 100.0% confidence
2025-12-26 20:12:17,025 - dq_unified - INFO - Analyzing column 'State' with 14 non-null values
2025-12-26 20:12:17,026 - dq_unified - INFO -   ✓ Column 'State' matches 'code_id' pattern with 100.0% confidence
2025-12-26 20:12:17,026 - dq_unified - INFO - Total format issues found: 4
2025-12-26 20:12:17,026 - dq_unified - INFO - Checking mandatory fields
2025-12-26 20:12:17,026 - dq_unified - INFO - DEBUG: UI data for mandatory fields: None
2025-12-26 20:12:17,027 - dq_unified - INFO - Available columns: ['CustomerName', 'Email', 'Phone', 'Salary', 'Department', 'JoinDate', 'PostalCode', 'City', 'Country', 'State']
2025-12-26 20:12:18,677 - dq_unified - INFO - Checking ALL columns as mandatory: ['CustomerName', 'Email', 'Phone', 'Salary', 'Department', 'JoinDate', 'PostalCode', 'City', 'Country', 'State']
2025-12-26 20:12:18,679 - dq_unified - WARNING - Mandatory field 'CustomerName': 1 missing values (93.3% filled)
2025-12-26 20:12:18,680 - dq_unified - WARNING - Mandatory field 'Email': 1 missing values (93.3% filled)
2025-12-26 20:12:18,681 - dq_unified - INFO - Mandatory field 'Phone': 100.0% filled
2025-12-26 20:12:18,682 - dq_unified - WARNING - Mandatory field 'Salary': 2 missing values (86.7% filled)
2025-12-26 20:12:18,683 - dq_unified - WARNING - Mandatory field 'Department': 1 missing values (93.3% filled)
2025-12-26 20:12:18,684 - dq_unified - INFO - Mandatory field 'JoinDate': 100.0% filled
2025-12-26 20:12:18,685 - dq_unified - INFO - Mandatory field 'PostalCode': 100.0% filled
2025-12-26 20:12:18,686 - dq_unified - INFO - Mandatory field 'City': 100.0% filled
2025-12-26 20:12:18,686 - dq_unified - INFO - Mandatory field 'Country': 100.0% filled
2025-12-26 20:12:18,687 - dq_unified - WARNING - Mandatory field 'State': 1 missing values (93.3% filled)
2025-12-26 20:12:18,688 - dq_unified - INFO - Mandatory field check completed: 5 columns with issues, 6 total missing values
2025-12-26 20:12:18,688 - dq_unified - INFO - Calculating overall quality score
2025-12-26 20:12:18,688 - dq_unified - INFO - No row details, using fixed estimation
2025-12-26 20:12:18,689 - dq_unified - INFO - Estimated 8 rows with issues
2025-12-26 20:12:18,689 - dq_unified - INFO - Quality Score Calculation:
2025-12-26 20:12:18,689 - dq_unified - INFO -   Total rows: 15
2025-12-26 20:12:18,690 - dq_unified - INFO -   Rows with issues: 8
2025-12-26 20:12:18,690 - dq_unified - INFO -   Good rows: 7
2025-12-26 20:12:18,692 - dq_unified - INFO -   Quality Score: 46.67%
2025-12-26 20:12:18,694 - dq_unified - INFO - Generating detailed data quality report
2025-12-26 20:12:18,694 - dq_unified - INFO - Report for: CSV: sample_data.csv, Records: 15, Columns: 10
2025-12-26 20:12:18,694 - dq_unified - INFO - Overall quality score: 46.7%
2025-12-26 20:12:18,694 - dq_error_log - INFO - ErrorLogger initialized with database: dq_checks
2025-12-26 20:12:18,695 - dq_unified - INFO - Error Logger Session ID: SINGLE_20251226_201218
2025-12-26 20:12:18,711 - dq_unified - INFO - DEBUG: In generate_detailed_report - strict_duplicate_count: 0
2025-12-26 20:12:18,711 - dq_unified - INFO - DEBUG: In generate_detailed_report - duplicate_rows length: 0
2025-12-26 20:12:18,949 - dq_audit - INFO - Audit class initialized with database: dq_checks
2025-12-26 20:12:18,949 - dq_audit - INFO - Starting database insertion for single_source...
2025-12-26 20:12:18,962 - dq_audit - INFO - Inserted single_source record with ID: 381
2025-12-26 20:12:18,962 - dq_unified - INFO - Audit logged for session: DQ_20251226_201218
2025-12-26 20:12:18,965 - dq_unified - INFO - Analysis completed successfully for CSV: sample_data.csv
2025-12-26 20:12:18,966 - __main__ - INFO - Single Source Analysis completed successfully
2025-12-26 20:12:18,966 - __main__ - INFO - Displaying main menu options to user
2025-12-26 20:13:18,930 - __main__ - INFO - User selected option: 1
2025-12-26 20:13:18,931 - __main__ - INFO - Starting Single Source Analysis module
2025-12-26 20:13:18,935 - dq_unified - INFO - Starting unified data quality analysis
2025-12-26 20:13:18,935 - dq_unified - INFO - Prompting user for data source type
2025-12-26 20:13:18,935 - dq_unified - INFO - UI Data source_type: No UI data
2025-12-26 20:13:19,653 - dq_unified - INFO - User selected source type: 1
2025-12-26 20:13:23,824 - dq_unified - INFO - Loading data from CSV
2025-12-26 20:13:23,825 - dq_unified - INFO - Loading data from CSV
2025-12-26 20:13:23,826 - dq_unified - INFO - Loading large CSV: C:\Users\003160\OneDrive - wisseninfotech.com\Documents\DQ-Checks-Shashi\Test_data\source_data_90k.csv
2025-12-26 20:13:23,863 - dq_unified - INFO - CSV file has 92,875 rows
2025-12-26 20:13:23,863 - dq_unified - INFO - Loading 92,875 rows from CSV...
2025-12-26 20:13:24,124 - dq_unified - INFO - Loaded 89,999 rows from CSV
2025-12-26 20:13:24,492 - dq_unified - INFO - Memory optimization: 45.4MB -> 17.1MB (Saved: 28.3MB)
2025-12-26 20:13:24,557 - dq_unified - INFO - Loaded 89,999 rows, 12 columns. Memory: 118.6MB total, 17.1MB for dataframe
2025-12-26 20:13:24,558 - dq_unified - INFO - DATA PREVIEW:
2025-12-26 20:13:24,560 - dq_unified - INFO -    Total rows: 89,999
2025-12-26 20:13:24,561 - dq_unified - INFO -    Total columns: 12
2025-12-26 20:13:24,562 - dq_unified - INFO -    Columns: ['id', 'customer_id', 'transaction_id', 'customer_name', 'email', 'phone', 'transaction_date', 'amount', 'quantity', 'age', 'status', 'description']
2025-12-26 20:13:24,562 - dq_unified - INFO - Running quality checks
2025-12-26 20:13:24,562 - dq_unified - INFO - Checking for null cells (not empty strings)
2025-12-26 20:13:24,563 - dq_unified - INFO - Column 'id': No null cells
2025-12-26 20:13:24,566 - dq_unified - INFO - Column 'customer_id': No null cells
2025-12-26 20:13:24,570 - dq_unified - INFO - Column 'transaction_id': No null cells
2025-12-26 20:13:24,572 - dq_unified - WARNING - Column 'customer_name': 3510 null cells (3.9%)
2025-12-26 20:13:24,615 - dq_unified - WARNING - Column 'email': 1516 null cells (1.7%)
2025-12-26 20:13:24,634 - dq_unified - WARNING - Column 'phone': 1280 null cells (1.4%)
2025-12-26 20:13:24,652 - dq_unified - INFO - Column 'transaction_date': No null cells
2025-12-26 20:13:24,652 - dq_unified - WARNING - Column 'amount': 1133 null cells (1.3%)
2025-12-26 20:13:24,667 - dq_unified - INFO - Column 'quantity': No null cells
2025-12-26 20:13:24,667 - dq_unified - INFO - Column 'age': No null cells
2025-12-26 20:13:24,668 - dq_unified - INFO - Column 'status': No null cells
2025-12-26 20:13:24,670 - dq_unified - INFO - Column 'description': No null cells
2025-12-26 20:13:24,670 - dq_unified - INFO - Total null cells found: 7,439
2025-12-26 20:13:24,670 - dq_unified - INFO - Checking for duplicate rows
2025-12-26 20:13:24,672 - dq_unified - INFO - Processing 89,999 rows for duplicates
2025-12-26 20:13:24,845 - dq_unified - INFO - Full row duplicates (entire rows): 203
2025-12-26 20:13:24,933 - dq_unified - INFO - Automatically detecting key field duplicates
2025-12-26 20:13:24,971 - dq_unified - INFO - Detected potential key fields: ['id', 'customer_id', 'transaction_id', 'customer_name', 'email', 'transaction_date']
2025-12-26 20:13:24,974 - dq_unified - WARNING - Found 203 duplicate values in field 'id'
2025-12-26 20:13:24,996 - dq_unified - WARNING - Found 402 duplicate values in field 'customer_id'
2025-12-26 20:13:25,024 - dq_unified - WARNING - Found 402 duplicate values in field 'transaction_id'
2025-12-26 20:13:25,028 - dq_unified - WARNING - Found 89,799 duplicate values in field 'customer_name'
2025-12-26 20:13:25,040 - dq_unified - WARNING - Found 89,318 duplicate values in field 'email'
2025-12-26 20:13:25,055 - dq_unified - WARNING - Found 89,412 duplicate values in field 'transaction_date'
2025-12-26 20:13:25,077 - dq_unified - INFO - Checking data formats with intelligent, adaptive detection
2025-12-26 20:13:25,078 - dq_unified - INFO - Analyzing column 'id' with 89999 non-null values
2025-12-26 20:13:25,078 - dq_unified - INFO -   ✓ Column 'id' matches 'numeric' pattern with 100.0% confidence
2025-12-26 20:13:25,193 - dq_unified - INFO - Analyzing column 'customer_id' with 89999 non-null values
2025-12-26 20:13:25,193 - dq_unified - INFO -   ✓ Column 'customer_id' matches 'code_id' pattern with 100.0% confidence
2025-12-26 20:13:25,314 - dq_unified - INFO - Analyzing column 'transaction_id' with 89999 non-null values
2025-12-26 20:13:25,316 - dq_unified - INFO -   ✓ Column 'transaction_id' matches 'code_id' pattern with 100.0% confidence
2025-12-26 20:13:25,442 - dq_unified - INFO - Analyzing column 'customer_name' with 86489 non-null values
2025-12-26 20:13:25,444 - dq_unified - INFO - Analyzing column 'email' with 88483 non-null values
2025-12-26 20:13:25,445 - dq_unified - INFO -   ✓ Column 'email' matches 'email' pattern with 100.0% confidence
2025-12-26 20:13:25,448 - dq_unified - WARNING -     Row 38: 'lisa.miller_outlook.com...' doesn't match Valid email format (user@domain.com)
2025-12-26 20:13:25,448 - dq_unified - WARNING -     Row 41: EMPTY value doesn't match Valid email format (user@domain.com)
2025-12-26 20:13:25,449 - dq_unified - WARNING -     Row 223: 'richard.miller.company.com...' doesn't match Valid email format (user@domain.com)
2025-12-26 20:13:25,644 - dq_unified - INFO -     Found 2242 format issues in column 'email'
2025-12-26 20:13:25,650 - dq_unified - INFO - Analyzing column 'phone' with 88719 non-null values
2025-12-26 20:13:25,651 - dq_unified - INFO -   ✓ Column 'phone' matches 'phone' pattern with 90.0% confidence
2025-12-26 20:13:25,651 - dq_unified - WARNING -     Row 19: '1-212-661-4003...' doesn't match Valid phone number (10-15 digits, optional country code)
2025-12-26 20:13:25,652 - dq_unified - WARNING -     Row 20: '1-212-914-1864...' doesn't match Valid phone number (10-15 digits, optional country code)
2025-12-26 20:13:25,652 - dq_unified - WARNING -     Row 23: '1-212-668-8253...' doesn't match Valid phone number (10-15 digits, optional country code)
2025-12-26 20:13:26,209 - dq_unified - INFO -     Found 19032 format issues in column 'phone'
2025-12-26 20:13:26,211 - dq_unified - INFO - Analyzing column 'transaction_date' with 89999 non-null values
2025-12-26 20:13:26,212 - dq_unified - INFO -   ✓ Column 'transaction_date' matches 'code_id' pattern with 100.0% confidence
2025-12-26 20:13:26,213 - dq_unified - WARNING -     Row 27: '10/18/2023...' doesn't match Alphanumeric code or ID
2025-12-26 20:13:26,214 - dq_unified - WARNING -     Row 28: '04/22/2023...' doesn't match Alphanumeric code or ID
2025-12-26 20:13:26,214 - dq_unified - WARNING -     Row 31: '05/15/2023...' doesn't match Alphanumeric code or ID
2025-12-26 20:13:26,569 - dq_unified - INFO -     Found 10847 format issues in column 'transaction_date'
2025-12-26 20:13:26,571 - dq_unified - INFO - Analyzing column 'amount' with 88866 non-null values
2025-12-26 20:13:26,571 - dq_unified - INFO -   ✓ Column 'amount' matches 'numeric' pattern with 100.0% confidence
2025-12-26 20:13:26,572 - dq_unified - WARNING -     Row 268: EMPTY value doesn't match Valid numeric value (integers or decimals)
2025-12-26 20:13:26,573 - dq_unified - WARNING -     Row 311: EMPTY value doesn't match Valid numeric value (integers or decimals)
2025-12-26 20:13:26,574 - dq_unified - WARNING -     Row 317: EMPTY value doesn't match Valid numeric value (integers or decimals)
2025-12-26 20:13:26,769 - dq_unified - INFO -     Found 1133 format issues in column 'amount'
2025-12-26 20:13:26,770 - dq_unified - INFO - Analyzing column 'quantity' with 89999 non-null values
2025-12-26 20:13:26,771 - dq_unified - INFO -   ✓ Column 'quantity' matches 'numeric' pattern with 100.0% confidence
2025-12-26 20:13:26,879 - dq_unified - INFO - Analyzing column 'age' with 89999 non-null values
2025-12-26 20:13:26,879 - dq_unified - INFO -   ✓ Column 'age' matches 'numeric' pattern with 100.0% confidence
2025-12-26 20:13:27,010 - dq_unified - INFO - Analyzing column 'status' with 89999 non-null values
2025-12-26 20:13:27,010 - dq_unified - INFO -   ✓ Column 'status' matches 'code_id' pattern with 100.0% confidence
2025-12-26 20:13:27,122 - dq_unified - INFO - Analyzing column 'description' with 89999 non-null values
2025-12-26 20:13:27,122 - dq_unified - INFO - Total format issues found: 33,254
2025-12-26 20:13:27,123 - dq_unified - INFO - Checking mandatory fields
2025-12-26 20:13:27,125 - dq_unified - INFO - DEBUG: UI data for mandatory fields: None
2025-12-26 20:13:27,125 - dq_unified - INFO - Available columns: ['id', 'customer_id', 'transaction_id', 'customer_name', 'email', 'phone', 'transaction_date', 'amount', 'quantity', 'age', 'status', 'description']
2025-12-26 20:13:28,556 - dq_unified - INFO - Checking ALL columns as mandatory: ['id', 'customer_id', 'transaction_id', 'customer_name', 'email', 'phone', 'transaction_date', 'amount', 'quantity', 'age', 'status', 'description']
2025-12-26 20:13:28,558 - dq_unified - INFO - Mandatory field 'id': 100.0% filled
2025-12-26 20:13:28,582 - dq_unified - INFO - Mandatory field 'customer_id': 100.0% filled
2025-12-26 20:13:28,607 - dq_unified - INFO - Mandatory field 'transaction_id': 100.0% filled
2025-12-26 20:13:28,608 - dq_unified - WARNING - Mandatory field 'customer_name': 3,510 missing values (96.1% filled)
2025-12-26 20:13:28,657 - dq_unified - WARNING - Mandatory field 'email': 1,516 missing values (98.3% filled)
2025-12-26 20:13:28,705 - dq_unified - WARNING - Mandatory field 'phone': 1,280 missing values (98.6% filled)
2025-12-26 20:13:28,741 - dq_unified - INFO - Mandatory field 'transaction_date': 100.0% filled
2025-12-26 20:13:28,742 - dq_unified - WARNING - Mandatory field 'amount': 1,133 missing values (98.7% filled)
2025-12-26 20:13:28,763 - dq_unified - INFO - Mandatory field 'quantity': 100.0% filled
2025-12-26 20:13:28,763 - dq_unified - INFO - Mandatory field 'age': 100.0% filled
2025-12-26 20:13:28,764 - dq_unified - INFO - Mandatory field 'status': 100.0% filled
2025-12-26 20:13:28,766 - dq_unified - INFO - Mandatory field 'description': 100.0% filled
2025-12-26 20:13:28,766 - dq_unified - INFO - Mandatory field check completed: 4 columns with issues, 7439 total missing values
2025-12-26 20:13:28,767 - dq_unified - INFO - Calculating overall quality score
2025-12-26 20:13:28,767 - dq_unified - INFO - No row details, using fixed estimation
2025-12-26 20:13:28,767 - dq_unified - INFO - Estimated 22648 rows with issues
2025-12-26 20:13:28,768 - dq_unified - INFO - Quality Score Calculation:
2025-12-26 20:13:28,768 - dq_unified - INFO -   Total rows: 89,999
2025-12-26 20:13:28,769 - dq_unified - INFO -   Rows with issues: 22,648
2025-12-26 20:13:28,769 - dq_unified - INFO -   Good rows: 67,351
2025-12-26 20:13:28,769 - dq_unified - INFO -   Quality Score: 74.84%
2025-12-26 20:13:28,770 - dq_unified - INFO - Generating detailed data quality report
2025-12-26 20:13:28,770 - dq_unified - INFO - Report for: CSV: source_data_90k.csv, Records: 89,999, Columns: 12
2025-12-26 20:13:28,770 - dq_unified - INFO - Overall quality score: 74.8%
2025-12-26 20:13:28,771 - dq_error_log - INFO - ErrorLogger initialized with database: dq_checks
2025-12-26 20:13:28,771 - dq_unified - INFO - Error Logger Session ID: SINGLE_20251226_201328
2025-12-26 20:13:28,791 - dq_unified - INFO - DEBUG: In generate_detailed_report - strict_duplicate_count: 50
2025-12-26 20:13:28,791 - dq_unified - INFO - DEBUG: In generate_detailed_report - duplicate_rows length: 50
2025-12-26 20:13:30,570 - dq_audit - INFO - Audit class initialized with database: dq_checks
2025-12-26 20:13:30,570 - dq_audit - INFO - Starting database insertion for single_source...
2025-12-26 20:13:30,585 - dq_audit - INFO - Inserted single_source record with ID: 382
2025-12-26 20:13:30,585 - dq_unified - INFO - Audit logged for session: DQ_20251226_201330
2025-12-26 20:13:30,591 - dq_unified - INFO - Analysis completed successfully for CSV: source_data_90k.csv
2025-12-26 20:13:30,602 - __main__ - INFO - Single Source Analysis completed successfully
2025-12-26 20:13:30,602 - __main__ - INFO - Displaying main menu options to user
2025-12-26 23:32:45,395 - __main__ - INFO - User selected option: 6
2025-12-26 23:32:45,405 - __main__ - INFO - User session ended. Duration: 3:20:50.501955
2025-12-26 23:32:45,405 - __main__ - INFO - 👋 Thank you for using Universal Data Quality Framework!
