2025-12-27 18:14:20,563 - root - INFO - CLI Mode Logging Initialized
2025-12-27 18:14:20,563 - root - INFO - CLI logs will be saved to: logs/dq_framework_20251227_181420.log
2025-12-27 18:14:20,564 - __main__ - INFO - 🚀 UNIVERSAL DATA QUALITY FRAMEWORK INITIALIZED
2025-12-27 18:14:20,566 - __main__ - INFO - Starting system resource check
2025-12-27 18:14:20,572 - __main__ - INFO - Total RAM: 15.7 GB
2025-12-27 18:14:20,572 - __main__ - INFO - Available RAM: 3.5 GB
2025-12-27 18:14:20,572 - __main__ - INFO - Memory used: 77.6%
2025-12-27 18:14:20,572 - __main__ - INFO - Memory status: OK
2025-12-27 18:14:20,574 - __main__ - INFO - Free disk space: 263.4 GB
2025-12-27 18:14:20,575 - __main__ - INFO - Disk used: 44.7%
2025-12-27 18:14:20,575 - __main__ - INFO - Disk space: OK
2025-12-27 18:14:21,077 - __main__ - INFO - CPU cores: 8
2025-12-27 18:14:21,077 - __main__ - INFO - CPU usage: 17.9%
2025-12-27 18:14:21,077 - __main__ - INFO - Python version: 3.12.4
2025-12-27 18:14:21,078 - __main__ - INFO - System platform: win32
2025-12-27 18:14:21,078 - __main__ - INFO - User session started at: 2025-12-27 18:14:21.078386
2025-12-27 18:14:21,079 - __main__ - INFO - Displaying main menu options to user
2025-12-27 18:14:21,992 - __main__ - INFO - User selected option: 1
2025-12-27 18:14:21,996 - __main__ - INFO - Starting Single Source Analysis module
2025-12-27 18:14:22,005 - dq_unified - INFO - Starting unified data quality analysis
2025-12-27 18:14:22,007 - dq_unified - INFO - Prompting user for data source type
2025-12-27 18:14:22,010 - dq_unified - INFO - UI Data source_type: No UI data
2025-12-27 18:14:23,497 - dq_unified - INFO - User selected source type: 2
2025-12-27 18:14:26,667 - dq_unified - INFO - Loading data from EXCEL
2025-12-27 18:14:26,668 - dq_unified - INFO - Loading data from EXCEL
2025-12-27 18:14:26,669 - dq_unified - INFO - Loading large Excel: C:/Users/003160/OneDrive - wisseninfotech.com/Documents/DQ-Checks-Shashi/Test_data/sample_data.xlsx
2025-12-27 18:14:27,464 - dq_unified - INFO - Loading Excel file...
2025-12-27 18:14:27,491 - dq_unified - INFO - Loaded 15 rows from Excel
2025-12-27 18:14:27,496 - dq_unified - INFO - Memory optimization: 0.0MB -> 0.0MB (Saved: 0.0MB)
2025-12-27 18:14:27,497 - dq_unified - INFO - Loaded 15 rows, 10 columns. Memory: 98.8MB total, 0.0MB for dataframe
2025-12-27 18:14:27,497 - dq_unified - INFO - DATA PREVIEW:
2025-12-27 18:14:27,499 - dq_unified - INFO -    Total rows: 15
2025-12-27 18:14:27,499 - dq_unified - INFO -    Total columns: 10
2025-12-27 18:14:27,500 - dq_unified - INFO -    Columns: ['CustomerName', 'Email', 'Phone', 'Salary', 'Department', 'JoinDate', 'PostalCode', 'City', 'Country', 'State']
2025-12-27 18:14:27,501 - dq_unified - INFO - Running quality checks
2025-12-27 18:14:27,501 - dq_unified - INFO - Checking for null/empty values
2025-12-27 18:14:27,504 - dq_unified - WARNING - Column 'CustomerName': 1 empty cells (6.7%)
2025-12-27 18:14:27,507 - dq_unified - WARNING - Column 'Email': 1 empty cells (6.7%)
2025-12-27 18:14:27,510 - dq_unified - INFO - Column 'Phone': No empty cells
2025-12-27 18:14:27,511 - dq_unified - WARNING - Column 'Salary': 2 empty cells (13.3%)
2025-12-27 18:14:27,513 - dq_unified - WARNING - Column 'Department': 1 empty cells (6.7%)
2025-12-27 18:14:27,515 - dq_unified - INFO - Column 'JoinDate': No empty cells
2025-12-27 18:14:27,517 - dq_unified - INFO - Column 'PostalCode': No empty cells
2025-12-27 18:14:27,518 - dq_unified - INFO - Column 'City': No empty cells
2025-12-27 18:14:27,519 - dq_unified - INFO - Column 'Country': No empty cells
2025-12-27 18:14:27,522 - dq_unified - WARNING - Column 'State': 1 empty cells (6.7%)
2025-12-27 18:14:27,526 - dq_unified - INFO - Total empty cells found: 6
2025-12-27 18:14:27,526 - dq_unified - INFO - Checking for duplicate rows
2025-12-27 18:14:27,527 - dq_unified - INFO - Cleaning data (removing whitespace)...
2025-12-27 18:14:27,528 - dq_unified - INFO - Columns after cleaning: ['CustomerName', 'Email', 'Phone', 'Salary', 'Department', 'JoinDate', 'PostalCode', 'City', 'Country', 'State']
2025-12-27 18:14:27,535 - dq_unified - INFO - Sample of first column after cleaning: 'John Doe'
2025-12-27 18:14:27,536 - dq_unified - INFO - Sample of row 6 first column: 'John Doe'
2025-12-27 18:14:27,539 - dq_unified - INFO - Total rows to check: 15
2025-12-27 18:14:27,540 - dq_unified - INFO - Checking first column 'CustomerName' for serial numbers
2025-12-27 18:14:27,541 - dq_unified - INFO - First 5 values: ['John Doe', 'Jane Smith', 'Bob Johnson', 'Alice Brown', 'Charlie Wilson']
2025-12-27 18:14:27,542 - dq_unified - INFO -   Row 1: 'John Doe' → Not numeric
2025-12-27 18:14:27,542 - dq_unified - INFO -   Row 2: 'Jane Smith' → Not numeric
2025-12-27 18:14:27,544 - dq_unified - INFO -   Row 3: 'Bob Johnson' → Not numeric
2025-12-27 18:14:27,545 - dq_unified - INFO - Not enough numeric values to be serial: []
2025-12-27 18:14:27,545 - dq_unified - INFO - Checking duplicates on ALL columns
2025-12-27 18:14:27,546 - dq_unified - INFO - First few rows for comparison:
2025-12-27 18:14:27,547 - dq_unified - INFO -   Row 0: {'CustomerName': 'John Doe', 'Email': 'john@email.com', 'Phone': '1234567890'}
2025-12-27 18:14:27,548 - dq_unified - INFO -   Row 1: {'CustomerName': 'Jane Smith', 'Email': 'jane@email.com', 'Phone': '9876543210'}
2025-12-27 18:14:27,549 - dq_unified - INFO -   Row 2: {'CustomerName': 'Bob Johnson', 'Email': 'nan', 'Phone': '5551234567'}
2025-12-27 18:14:27,551 - dq_unified - INFO - Duplicate mask found 2 rows
2025-12-27 18:14:27,553 - dq_unified - INFO - Found 2 potential duplicate rows
2025-12-27 18:14:27,557 - dq_unified - INFO - Unique duplicate groups: 1
2025-12-27 18:14:27,557 - dq_unified - INFO - Duplicate groups found:
2025-12-27 18:14:27,559 - dq_unified - INFO -   Group sample: Pandas(Index=0, CustomerName='John Doe', Email='john@email.com', Phone='1234567890', Salary='50000.0', Department='IT', JoinDate='2023-01-15', PostalCode='10001', City='New York', Country='USA', State='TS')
2025-12-27 18:14:27,560 - dq_unified - INFO - Processing 2 duplicate indices
2025-12-27 18:14:27,562 - dq_unified - INFO - FINAL RESULT: Found 2 duplicate groups
2025-12-27 18:14:27,562 - dq_unified - INFO - Checking data formats
2025-12-27 18:14:27,569 - dq_unified - INFO - Detected Email as email type
2025-12-27 18:14:27,570 - dq_unified - WARNING -   Row 9: 'invalid-email...' doesn't match Valid email format (user@domain.com)
2025-12-27 18:14:27,572 - dq_unified - INFO - Detected Phone as phone type
2025-12-27 18:14:27,573 - dq_unified - WARNING -   Row 14: '1112222...' doesn't match Valid phone number format
2025-12-27 18:14:27,575 - dq_unified - INFO - Detected Salary as numeric type
2025-12-27 18:14:27,579 - dq_unified - INFO - Detected JoinDate as date type
2025-12-27 18:14:27,580 - dq_unified - INFO -   Date format check for JoinDate: Consistent=True, Format=YYYY-MM-DD HH:MM:SS
2025-12-27 18:14:27,583 - dq_unified - INFO - Detected PostalCode as numeric type
2025-12-27 18:14:27,583 - dq_unified - WARNING -   Row 9: 'ABC123...' doesn't match Numeric value (no leading zeros, no alphabets)
2025-12-27 18:14:27,591 - dq_unified - INFO - Total format issues found: 3
2025-12-27 18:14:27,591 - dq_unified - INFO - Checking mandatory fields
2025-12-27 18:14:27,593 - dq_unified - INFO - Available columns: ['CustomerName', 'Email', 'Phone', 'Salary', 'Department', 'JoinDate', 'PostalCode', 'City', 'Country', 'State']
2025-12-27 18:14:29,411 - dq_unified - INFO - Checking ALL columns as mandatory: ['CustomerName', 'Email', 'Phone', 'Salary', 'Department', 'JoinDate', 'PostalCode', 'City', 'Country', 'State']
2025-12-27 18:14:29,414 - dq_unified - WARNING - Mandatory field 'CustomerName': 1 missing values (93.3% filled)
2025-12-27 18:14:29,417 - dq_unified - WARNING - Mandatory field 'Email': 1 missing values (93.3% filled)
2025-12-27 18:14:29,418 - dq_unified - INFO - Mandatory field 'Phone': 100.0% filled
2025-12-27 18:14:29,419 - dq_unified - WARNING - Mandatory field 'Salary': 2 missing values (86.7% filled)
2025-12-27 18:14:29,421 - dq_unified - WARNING - Mandatory field 'Department': 1 missing values (93.3% filled)
2025-12-27 18:14:29,423 - dq_unified - INFO - Mandatory field 'JoinDate': 100.0% filled
2025-12-27 18:14:29,424 - dq_unified - INFO - Mandatory field 'PostalCode': 100.0% filled
2025-12-27 18:14:29,425 - dq_unified - INFO - Mandatory field 'City': 100.0% filled
2025-12-27 18:14:29,426 - dq_unified - INFO - Mandatory field 'Country': 100.0% filled
2025-12-27 18:14:29,427 - dq_unified - WARNING - Mandatory field 'State': 1 missing values (93.3% filled)
2025-12-27 18:14:29,429 - dq_unified - INFO - Mandatory field check completed: 5 columns with issues, 6 total missing values
2025-12-27 18:14:29,429 - dq_unified - INFO - Calculating quality score
2025-12-27 18:14:29,430 - dq_unified - INFO - Quality Score Calculation:
2025-12-27 18:14:29,431 - dq_unified - INFO -   Total rows: 15
2025-12-27 18:14:29,431 - dq_unified - INFO -   Rows with ANY issue: 8
2025-12-27 18:14:29,433 - dq_unified - INFO -   Good rows (no issues): 7
2025-12-27 18:14:29,434 - dq_unified - INFO -   Quality Score: 46.67%
2025-12-27 18:14:29,436 - dq_unified - INFO - Generating detailed data quality report
2025-12-27 18:14:29,439 - dq_unified - INFO - Report for: EXCEL: sample_data.xlsx, Records: 15, Columns: 10
2025-12-27 18:14:29,439 - dq_unified - INFO - Overall quality score: 46.7%
2025-12-27 18:14:29,440 - dq_error_log - INFO - ErrorLogger initialized with database: dq_checks
2025-12-27 18:14:29,441 - dq_unified - INFO - Error Logger Session ID: SINGLE_20251227_181429
2025-12-27 18:14:30,040 - dq_audit - INFO - Audit class initialized with database: dq_checks
2025-12-27 18:14:30,041 - dq_audit - INFO - Starting database insertion for single_source...
2025-12-27 18:14:30,064 - dq_audit - INFO - Inserted single_source record with ID: 410
2025-12-27 18:14:30,065 - dq_unified - INFO - Audit logged for session: DQ_20251227_181430
2025-12-27 18:14:30,069 - dq_unified - INFO - Analysis completed successfully for EXCEL: sample_data.xlsx
2025-12-27 18:14:30,073 - __main__ - INFO - Single Source Analysis completed successfully
2025-12-27 18:14:30,074 - __main__ - INFO - Displaying main menu options to user
2025-12-27 18:14:59,850 - __main__ - INFO - User selected option: 6
2025-12-27 18:14:59,852 - __main__ - INFO - User session ended. Duration: 0:00:38.772802
2025-12-27 18:14:59,853 - __main__ - INFO - 👋 Thank you for using Universal Data Quality Framework!
