2025-12-08 14:57:14,810 - __main__ - INFO - 🚀 UNIVERSAL DATA QUALITY FRAMEWORK INITIALIZED
2025-12-08 14:57:15,320 - __main__ - INFO - User session started at: 2025-12-08 14:57:15.320822
2025-12-08 14:57:15,321 - __main__ - INFO - Displaying main menu options to user
2025-12-08 14:57:22,373 - __main__ - INFO - User selected option: 4
2025-12-08 14:57:22,374 - __main__ - INFO - Starting Business Rules Engine module
2025-12-08 14:57:22,379 - dq_rules - INFO - STARTING BUSINESS RULES VALIDATION
2025-12-08 14:57:22,380 - dq_rules - INFO - LOADING DATA FOR BUSINESS RULES
2025-12-08 14:57:22,382 - dq_unified - INFO - PROMPTING USER FOR DATA SOURCE TYPE
2025-12-08 14:57:27,272 - dq_unified - INFO - User selected source type: 1
2025-12-08 14:57:27,273 - dq_unified - INFO - Getting CSV file path from user
2025-12-08 14:58:08,059 - dq_unified - INFO - File path validated: C:\Users\003160\OneDrive - wisseninfotech.com\Documents\DQ-Checks-Shashi\Test_data\sample_data.csv (0.0MB)
2025-12-08 14:58:08,059 - dq_unified - INFO - LOADING DATA FROM CSV
2025-12-08 14:58:08,060 - dq_unified - INFO - Loading large CSV: C:\Users\003160\OneDrive - wisseninfotech.com\Documents\DQ-Checks-Shashi\Test_data\sample_data.csv
2025-12-08 14:58:08,065 - dq_unified - INFO - CSV file has 15 rows
2025-12-08 14:58:08,066 - dq_unified - INFO - Loading 15 rows from CSV...
2025-12-08 14:58:08,078 - dq_unified - INFO - Loaded 15 rows from CSV
2025-12-08 14:58:08,083 - dq_unified - INFO - Memory optimization: 0.0MB -> 0.0MB (Saved: 0.0MB)
2025-12-08 14:58:08,085 - dq_unified - INFO - Loaded 15 rows, 10 columns. Memory: 88.7MB total, 0.0MB for dataframe
2025-12-08 14:58:08,086 - dq_error_log - INFO - ErrorLogger initialized with database: dq_checks
2025-12-08 14:58:08,322 - dq_rules - INFO - DEFINING CUSTOM BUSINESS RULES
2025-12-08 14:58:08,322 - dq_rules - INFO - Available columns: ['CustomerName', 'Email', 'Phone', 'Salary', 'Department', 'JoinDate', 'PostalCode', 'City', 'Country', 'State']
2025-12-08 14:58:21,634 - dq_rules - INFO - User selected rule type: 6
2025-12-08 14:58:21,638 - dq_rules - INFO - CREATING COMPREHENSIVE RULE SET
2025-12-08 14:58:21,638 - dq_rules - INFO - THRESHOLD RULES SETUP
2025-12-08 14:58:21,640 - dq_rules - INFO - Available numeric columns: ['Phone', 'Salary']
2025-12-08 14:58:29,221 - dq_rules - INFO - Creating threshold rule for: Salary
2025-12-08 14:58:29,223 - dq_rules - INFO - Current stats - Min: 45000.00, Max: 70000.00, Median: 53000.00
2025-12-08 14:58:31,242 - dq_rules - INFO - Created: Salary should be above median value (53000.00)
2025-12-08 14:58:31,244 - dq_rules - INFO - PATTERN RULES SETUP
2025-12-08 14:58:31,245 - dq_rules - INFO - Available string columns: ['CustomerName', 'Email', 'JoinDate', 'PostalCode', 'City', 'State']
2025-12-08 14:58:45,785 - dq_rules - INFO - Created pattern rule for Email
2025-12-08 14:58:45,788 - dq_rules - INFO - RANGE RULES SETUP
2025-12-08 14:58:45,790 - dq_rules - INFO - Available numeric columns: ['Phone', 'Salary']
2025-12-08 14:58:59,102 - dq_rules - INFO - Creating range rule for: Salary
2025-12-08 14:58:59,104 - dq_rules - INFO - Current range - Min: 45000.00, Max: 70000.00
2025-12-08 14:59:00,907 - dq_rules - INFO - NULL CHECK RULES SETUP
2025-12-08 14:59:15,023 - dq_rules - INFO - Checking for columns with null values...
2025-12-08 14:59:15,025 - dq_rules - INFO - Found 1 null values in 'CustomerName'
2025-12-08 14:59:15,026 - dq_rules - INFO - Created null check rule for CustomerName
2025-12-08 14:59:15,028 - dq_rules - INFO - Found 1 null values in 'Email'
2025-12-08 14:59:15,028 - dq_rules - INFO - Created null check rule for Email
2025-12-08 14:59:15,029 - dq_rules - INFO - Found 2 null values in 'Salary'
2025-12-08 14:59:15,030 - dq_rules - INFO - Created null check rule for Salary
2025-12-08 14:59:15,031 - dq_rules - INFO - Found 1 null values in 'Department'
2025-12-08 14:59:15,031 - dq_rules - INFO - Created null check rule for Department
2025-12-08 14:59:15,032 - dq_rules - INFO - Found 1 null values in 'State'
2025-12-08 14:59:15,033 - dq_rules - INFO - Created null check rule for State
2025-12-08 14:59:15,033 - dq_rules - INFO - KPI THRESHOLD RULES SETUP
2025-12-08 14:59:19,887 - dq_rules - INFO - Current row count: 15
2025-12-08 14:59:33,068 - dq_rules - INFO - Created KPI rule: KPI: Total row count | Percentage threshold: 10.0% | Max growth: 30.0%
2025-12-08 14:59:33,069 - dq_rules - INFO - Created comprehensive rule set with 8 rules
2025-12-08 14:59:33,071 - dq_rules - INFO - Defined 8 business rules
2025-12-08 14:59:33,073 - dq_rules - INFO - EXECUTING 8 BUSINESS RULES
2025-12-08 14:59:33,074 - dq_rules - INFO - Executing rule: Salary should be above median value (53000.00)
2025-12-08 14:59:33,075 - dq_rules - INFO - Executing threshold rule: Salary should be above median value (53000.00)
2025-12-08 14:59:33,077 - dq_rules - INFO - Threshold rule 'Salary should be above median value (53000.00)': 6 violations found
2025-12-08 14:59:33,180 - dq_rules - WARNING - 6 violations found
2025-12-08 14:59:33,187 - dq_rules - INFO - Rule 'Salary should be above median value (53000.00)' completed with status: FAIL
2025-12-08 14:59:33,187 - dq_rules - INFO - Executing rule: Email should be in valid email format
2025-12-08 14:59:33,188 - dq_rules - INFO - Executing pattern rule: Email should be in valid email format
2025-12-08 14:59:33,189 - dq_rules - INFO - Pattern rule 'Email should be in valid email format': 3 pattern violations found
2025-12-08 14:59:33,241 - dq_rules - WARNING - 3 pattern violations found
2025-12-08 14:59:33,244 - dq_rules - INFO - Rule 'Email should be in valid email format' completed with status: FAIL
2025-12-08 14:59:33,246 - dq_rules - INFO - Executing rule: CustomerName should have no null values (currently 1 nulls)
2025-12-08 14:59:33,247 - dq_rules - INFO - Executing threshold rule: CustomerName should have no null values (currently 1 nulls)
2025-12-08 14:59:33,249 - dq_rules - INFO - Threshold rule 'CustomerName should have no null values (currently 1 nulls)': 0 violations found
2025-12-08 14:59:33,249 - dq_rules - INFO - No violations found
2025-12-08 14:59:33,249 - dq_rules - INFO - Rule 'CustomerName should have no null values (currently 1 nulls)' completed with status: PASS
2025-12-08 14:59:33,250 - dq_rules - INFO - Executing rule: Email should have no null values (currently 1 nulls)
2025-12-08 14:59:33,250 - dq_rules - INFO - Executing threshold rule: Email should have no null values (currently 1 nulls)
2025-12-08 14:59:33,252 - dq_rules - INFO - Threshold rule 'Email should have no null values (currently 1 nulls)': 0 violations found
2025-12-08 14:59:33,253 - dq_rules - INFO - No violations found
2025-12-08 14:59:33,254 - dq_rules - INFO - Rule 'Email should have no null values (currently 1 nulls)' completed with status: PASS
2025-12-08 14:59:33,254 - dq_rules - INFO - Executing rule: Salary should have no null values (currently 2 nulls)
2025-12-08 14:59:33,255 - dq_rules - INFO - Executing threshold rule: Salary should have no null values (currently 2 nulls)
2025-12-08 14:59:33,256 - dq_rules - INFO - Threshold rule 'Salary should have no null values (currently 2 nulls)': 0 violations found
2025-12-08 14:59:33,256 - dq_rules - INFO - No violations found
2025-12-08 14:59:33,259 - dq_rules - INFO - Rule 'Salary should have no null values (currently 2 nulls)' completed with status: PASS
2025-12-08 14:59:33,263 - dq_rules - INFO - Executing rule: Department should have no null values (currently 1 nulls)
2025-12-08 14:59:33,263 - dq_rules - INFO - Executing threshold rule: Department should have no null values (currently 1 nulls)
2025-12-08 14:59:33,265 - dq_rules - INFO - Threshold rule 'Department should have no null values (currently 1 nulls)': 0 violations found
2025-12-08 14:59:33,266 - dq_rules - INFO - No violations found
2025-12-08 14:59:33,267 - dq_rules - INFO - Rule 'Department should have no null values (currently 1 nulls)' completed with status: PASS
2025-12-08 14:59:33,267 - dq_rules - INFO - Executing rule: State should have no null values (currently 1 nulls)
2025-12-08 14:59:33,268 - dq_rules - INFO - Executing threshold rule: State should have no null values (currently 1 nulls)
2025-12-08 14:59:33,269 - dq_rules - INFO - Threshold rule 'State should have no null values (currently 1 nulls)': 0 violations found
2025-12-08 14:59:33,270 - dq_rules - INFO - No violations found
2025-12-08 14:59:33,270 - dq_rules - INFO - Rule 'State should have no null values (currently 1 nulls)' completed with status: PASS
2025-12-08 14:59:33,271 - dq_rules - INFO - Executing rule: KPI: Total row count | Percentage threshold: 10.0% | Max growth: 30.0%
2025-12-08 14:59:33,272 - dq_rules - INFO - Executing KPI threshold rule: KPI: Total row count | Percentage threshold: 10.0% | Max growth: 30.0%
2025-12-08 14:59:33,282 - dq_audit - INFO - Audit class initialized with database: dq_checks
2025-12-08 14:59:33,296 - dq_rules - INFO - KPI within acceptable limits. Current value: 15.00, Threshold: 16.50
2025-12-08 14:59:33,296 - dq_rules - INFO - Rule 'KPI: Total row count | Percentage threshold: 10.0% | Max growth: 30.0%' completed with status: PASS
2025-12-08 14:59:33,297 - dq_rules - INFO - TOTAL VIOLATIONS ACROSS ALL RULES: 9
2025-12-08 14:59:33,297 - dq_rules - INFO - GENERATING BUSINESS RULES VALIDATION REPORT
2025-12-08 14:59:33,298 - dq_rules - INFO - Report for: CSV: sample_data.csv, Records: 15, Columns: 10
2025-12-08 14:59:33,299 - dq_error_log - INFO - ErrorLogger initialized with database: dq_checks
2025-12-08 14:59:33,319 - dq_rules - INFO - Rules compliance score: 75.0% (Passed: 6, Failed: 2, Errors: 0)
2025-12-08 14:59:33,320 - dq_rules - INFO - RULES SUMMARY: Total Rules: 8, Passed: 6, Failed: 2, Errors: 0, Total Violations: 9
2025-12-08 14:59:33,321 - dq_rules - INFO - DETAILED RESULTS:
2025-12-08 14:59:33,324 - dq_rules - INFO - FAIL Salary should be above median value (53000.00)
2025-12-08 14:59:33,324 - dq_rules - INFO - Violations: 6
2025-12-08 14:59:33,325 - dq_rules - INFO - FAIL Email should be in valid email format
2025-12-08 14:59:33,326 - dq_rules - INFO - Violations: 3
2025-12-08 14:59:33,326 - dq_rules - INFO - PASS CustomerName should have no null values (currently 1 nulls)
2025-12-08 14:59:33,327 - dq_rules - INFO - PASS Email should have no null values (currently 1 nulls)
2025-12-08 14:59:33,327 - dq_rules - INFO - PASS Salary should have no null values (currently 2 nulls)
2025-12-08 14:59:33,328 - dq_rules - INFO - PASS Department should have no null values (currently 1 nulls)
2025-12-08 14:59:33,329 - dq_rules - INFO - PASS State should have no null values (currently 1 nulls)
2025-12-08 14:59:33,329 - dq_rules - INFO - PASS KPI: Total row count | Percentage threshold: 10.0% | Max growth: 30.0%
2025-12-08 14:59:33,330 - dq_rules - INFO - Current Value: 15.00
2025-12-08 14:59:33,330 - dq_rules - INFO - Threshold: 16.50
2025-12-08 14:59:33,348 - dq_rules - INFO - RECOMMENDATIONS:
2025-12-08 14:59:33,349 - dq_rules - INFO - Review and fix business rule violations
2025-12-08 14:59:33,351 - dq_rules - INFO - Adjust KPI thresholds if needed
2025-12-08 14:59:33,354 - dq_rules - INFO - Monitor growth rates regularly
2025-12-08 14:59:33,354 - dq_rules - INFO - ERROR LOGGING: Session ID: RULES_20251208_145933, Total errors logged: 9
2025-12-08 14:59:33,355 - dq_rules - INFO - Check dq_error_logs table for details
2025-12-08 14:59:33,356 - dq_audit - INFO - Audit class initialized with database: dq_checks
2025-12-08 14:59:33,357 - dq_audit - INFO - Starting database insertion for rules...
2025-12-08 14:59:33,377 - dq_audit - INFO - Inserted rules record
2025-12-08 14:59:33,378 - dq_audit - INFO - rules audit record successfully stored in database
2025-12-08 14:59:37,636 - dq_rules - INFO - Business rules validation completed successfully
2025-12-08 14:59:37,638 - __main__ - INFO - Business Rules Engine completed successfully
2025-12-08 14:59:37,639 - __main__ - INFO - Displaying main menu options to user
2025-12-08 15:00:37,594 - __main__ - INFO - User selected option: 6
2025-12-08 15:00:37,596 - __main__ - INFO - User session ended. Duration: 0:03:22.275246
2025-12-08 15:00:37,597 - __main__ - INFO - 👋 Thank you for using Universal Data Quality Framework!
