2025-12-26 17:22:32,550 - root - INFO - CLI Mode Logging Initialized
2025-12-26 17:22:32,551 - root - INFO - CLI logs will be saved to: logs/dq_framework_20251226_172232.log
2025-12-26 17:22:32,552 - __main__ - INFO - 🚀 UNIVERSAL DATA QUALITY FRAMEWORK INITIALIZED
2025-12-26 17:22:32,553 - __main__ - INFO - Starting system resource check
2025-12-26 17:22:32,558 - __main__ - INFO - Total RAM: 15.7 GB
2025-12-26 17:22:32,560 - __main__ - INFO - Available RAM: 4.0 GB
2025-12-26 17:22:32,560 - __main__ - INFO - Memory used: 74.4%
2025-12-26 17:22:32,560 - __main__ - INFO - Memory status: OK
2025-12-26 17:22:32,561 - __main__ - INFO - Free disk space: 263.0 GB
2025-12-26 17:22:32,562 - __main__ - INFO - Disk used: 44.8%
2025-12-26 17:22:32,562 - __main__ - INFO - Disk space: OK
2025-12-26 17:22:33,063 - __main__ - INFO - CPU cores: 8
2025-12-26 17:22:33,063 - __main__ - INFO - CPU usage: 18.7%
2025-12-26 17:22:33,064 - __main__ - INFO - Python version: 3.12.4
2025-12-26 17:22:33,064 - __main__ - INFO - System platform: win32
2025-12-26 17:22:33,064 - __main__ - INFO - User session started at: 2025-12-26 17:22:33.064361
2025-12-26 17:22:33,064 - __main__ - INFO - Displaying main menu options to user
2025-12-26 17:22:33,832 - __main__ - INFO - User selected option: 1
2025-12-26 17:22:33,833 - __main__ - INFO - Starting Single Source Analysis module
2025-12-26 17:22:33,836 - dq_unified - INFO - Starting unified data quality analysis
2025-12-26 17:22:33,836 - dq_unified - INFO - Prompting user for data source type
2025-12-26 17:22:33,837 - dq_unified - INFO - UI Data source_type: No UI data
2025-12-26 17:22:34,849 - dq_unified - INFO - User selected source type: 1
2025-12-26 17:22:36,648 - dq_unified - INFO - Loading data from CSV
2025-12-26 17:22:36,649 - dq_unified - INFO - Loading data from CSV
2025-12-26 17:22:36,649 - dq_unified - INFO - Loading large CSV: C:\Users\003160\OneDrive - wisseninfotech.com\Documents\DQ-Checks-Shashi\Test_data\sample_data.csv
2025-12-26 17:22:36,653 - dq_unified - INFO - CSV file has 15 rows
2025-12-26 17:22:36,653 - dq_unified - INFO - Loading 15 rows from CSV...
2025-12-26 17:22:36,662 - dq_unified - INFO - Loaded 15 rows from CSV
2025-12-26 17:22:36,667 - dq_unified - INFO - Memory optimization: 0.0MB -> 0.0MB (Saved: 0.0MB)
2025-12-26 17:22:36,668 - dq_unified - INFO - Loaded 15 rows, 10 columns. Memory: 87.3MB total, 0.0MB for dataframe
2025-12-26 17:22:36,668 - dq_unified - INFO - DATA PREVIEW:
2025-12-26 17:22:36,668 - dq_unified - INFO -    Total rows: 15
2025-12-26 17:22:36,671 - dq_unified - INFO -    Total columns: 10
2025-12-26 17:22:36,672 - dq_unified - INFO -    Columns: ['CustomerName', 'Email', 'Phone', 'Salary', 'Department', 'JoinDate', 'PostalCode', 'City', 'Country', 'State']
2025-12-26 17:22:36,672 - dq_unified - INFO - Running quality checks
2025-12-26 17:22:36,673 - dq_unified - INFO - Checking for null cells (not empty strings)
2025-12-26 17:22:36,673 - dq_unified - WARNING - Column 'CustomerName': 1 null cells (6.7%)
2025-12-26 17:22:36,675 - dq_unified - WARNING - Column 'Email': 1 null cells (6.7%)
2025-12-26 17:22:36,676 - dq_unified - INFO - Column 'Phone': No null cells
2025-12-26 17:22:36,676 - dq_unified - WARNING - Column 'Salary': 2 null cells (13.3%)
2025-12-26 17:22:36,677 - dq_unified - WARNING - Column 'Department': 1 null cells (6.7%)
2025-12-26 17:22:36,677 - dq_unified - INFO - Column 'JoinDate': No null cells
2025-12-26 17:22:36,678 - dq_unified - INFO - Column 'PostalCode': No null cells
2025-12-26 17:22:36,678 - dq_unified - INFO - Column 'City': No null cells
2025-12-26 17:22:36,679 - dq_unified - INFO - Column 'Country': No null cells
2025-12-26 17:22:36,679 - dq_unified - WARNING - Column 'State': 1 null cells (6.7%)
2025-12-26 17:22:36,679 - dq_unified - INFO - Total null cells found: 6
2025-12-26 17:22:36,680 - dq_unified - INFO - Checking for duplicate rows
2025-12-26 17:22:36,680 - dq_unified - INFO - DEBUG: Data shape: (15, 10)
2025-12-26 17:22:36,680 - dq_unified - INFO - DEBUG: Checking duplicates on 15 rows
2025-12-26 17:22:36,680 - dq_unified - INFO - DEBUG: Checking CustomerName values with repr to see whitespace:
2025-12-26 17:22:36,681 - dq_unified - INFO - DEBUG: Row 0 CustomerName: '   John Doe'
2025-12-26 17:22:36,681 - dq_unified - INFO - DEBUG: Row 5 CustomerName: 'John Doe        '
2025-12-26 17:22:36,682 - dq_unified - INFO - DEBUG: Simple duplicate count: 0
2025-12-26 17:22:36,691 - dq_unified - INFO - Business duplicate count after proper trimming: 0
2025-12-26 17:22:36,691 - dq_unified - INFO - DEBUG: After trimming, Row 0 vs Row 5 comparison:
2025-12-26 17:22:36,692 - dq_unified - INFO -   CustomerName: Row0='John Doe', Row5='John Doe', Same? True
2025-12-26 17:22:36,693 - dq_unified - INFO -   Email: Row0='john@email.com', Row5='john@email.com', Same? True
2025-12-26 17:22:36,693 - dq_unified - INFO -   Department: Row0='IT             ', Row5='IT', Same? False
2025-12-26 17:22:36,693 - dq_unified - INFO - DEBUG: Checking ALL columns between Row 0 and Row 5:
2025-12-26 17:22:36,694 - dq_unified - INFO -   ✅ CustomerName: Same
2025-12-26 17:22:36,694 - dq_unified - INFO -   ✅ Email: Same
2025-12-26 17:22:36,695 - dq_unified - INFO -   ✅ Phone: Same
2025-12-26 17:22:36,695 - dq_unified - INFO -   ✅ Salary: Same
2025-12-26 17:22:36,696 - dq_unified - INFO -   ❌ Department: Row0=''IT             '', Row5=''IT''
2025-12-26 17:22:36,696 - dq_unified - INFO -   ✅ JoinDate: Same
2025-12-26 17:22:36,696 - dq_unified - INFO -   ✅ PostalCode: Same
2025-12-26 17:22:36,697 - dq_unified - INFO -   ✅ City: Same
2025-12-26 17:22:36,697 - dq_unified - INFO -   ✅ Country: Same
2025-12-26 17:22:36,698 - dq_unified - INFO -   ✅ State: Same
2025-12-26 17:22:36,698 - dq_unified - INFO - No strict duplicate rows found
2025-12-26 17:22:36,698 - dq_unified - INFO - Automatically detecting key field duplicates
2025-12-26 17:22:36,701 - dq_unified - INFO - Detected potential key fields: ['CustomerName', 'Email', 'PostalCode']
2025-12-26 17:22:36,702 - dq_unified - WARNING - Found 1 duplicate values in field 'Email'
2025-12-26 17:22:36,704 - dq_unified - WARNING - Found 1 duplicate values in field 'PostalCode'
2025-12-26 17:22:36,705 - dq_unified - INFO - Checking data formats with intelligent, adaptive detection
2025-12-26 17:22:36,706 - dq_unified - INFO - Analyzing column 'CustomerName' with 14 non-null values
2025-12-26 17:22:36,708 - dq_unified - INFO - Analyzing column 'Email' with 14 non-null values
2025-12-26 17:22:36,708 - dq_unified - INFO -   ✓ Column 'Email' matches 'email' pattern with 92.9% confidence
2025-12-26 17:22:36,709 - dq_unified - WARNING -     Row 3: EMPTY value doesn't match Valid email format (user@domain.com)
2025-12-26 17:22:36,709 - dq_unified - WARNING -     Row 9: 'invalid-email...' doesn't match Valid email format (user@domain.com)
2025-12-26 17:22:36,709 - dq_unified - INFO -     Found 2 format issues in column 'Email'
2025-12-26 17:22:36,710 - dq_unified - INFO - Analyzing column 'Phone' with 15 non-null values
2025-12-26 17:22:36,710 - dq_unified - INFO -   ✓ Column 'Phone' matches 'numeric' pattern with 100.0% confidence
2025-12-26 17:22:36,711 - dq_unified - INFO - Analyzing column 'Salary' with 13 non-null values
2025-12-26 17:22:36,711 - dq_unified - INFO -   ✓ Column 'Salary' matches 'numeric' pattern with 100.0% confidence
2025-12-26 17:22:36,712 - dq_unified - WARNING -     Row 7: EMPTY value doesn't match Valid numeric value (integers or decimals)
2025-12-26 17:22:36,712 - dq_unified - WARNING -     Row 14: EMPTY value doesn't match Valid numeric value (integers or decimals)
2025-12-26 17:22:36,712 - dq_unified - INFO -     Found 2 format issues in column 'Salary'
2025-12-26 17:22:36,714 - dq_unified - INFO - Analyzing column 'Department' with 14 non-null values
2025-12-26 17:22:36,714 - dq_unified - INFO -   ✓ Column 'Department' matches 'code_id' pattern with 100.0% confidence
2025-12-26 17:22:36,715 - dq_unified - INFO - Analyzing column 'JoinDate' with 15 non-null values
2025-12-26 17:22:36,715 - dq_unified - INFO -   ✓ Column 'JoinDate' matches 'code_id' pattern with 100.0% confidence
2025-12-26 17:22:36,716 - dq_unified - INFO - Analyzing column 'PostalCode' with 15 non-null values
2025-12-26 17:22:36,718 - dq_unified - INFO -   ✓ Column 'PostalCode' matches 'code_id' pattern with 100.0% confidence
2025-12-26 17:22:36,720 - dq_unified - INFO - Analyzing column 'City' with 15 non-null values
2025-12-26 17:22:36,721 - dq_unified - INFO - Analyzing column 'Country' with 15 non-null values
2025-12-26 17:22:36,722 - dq_unified - INFO -   ✓ Column 'Country' matches 'code_id' pattern with 100.0% confidence
2025-12-26 17:22:36,723 - dq_unified - INFO - Analyzing column 'State' with 14 non-null values
2025-12-26 17:22:36,723 - dq_unified - INFO -   ✓ Column 'State' matches 'code_id' pattern with 100.0% confidence
2025-12-26 17:22:36,724 - dq_unified - INFO - Total format issues found: 4
2025-12-26 17:22:36,724 - dq_unified - INFO - Checking mandatory fields
2025-12-26 17:22:36,724 - dq_unified - INFO - DEBUG: UI data for mandatory fields: None
2025-12-26 17:22:36,725 - dq_unified - INFO - Available columns: ['CustomerName', 'Email', 'Phone', 'Salary', 'Department', 'JoinDate', 'PostalCode', 'City', 'Country', 'State']
2025-12-26 17:22:38,369 - dq_unified - INFO - Checking ALL columns as mandatory: ['CustomerName', 'Email', 'Phone', 'Salary', 'Department', 'JoinDate', 'PostalCode', 'City', 'Country', 'State']
2025-12-26 17:22:38,371 - dq_unified - WARNING - Mandatory field 'CustomerName': 1 missing values (93.3% filled)
2025-12-26 17:22:38,373 - dq_unified - WARNING - Mandatory field 'Email': 1 missing values (93.3% filled)
2025-12-26 17:22:38,374 - dq_unified - INFO - Mandatory field 'Phone': 100.0% filled
2025-12-26 17:22:38,375 - dq_unified - WARNING - Mandatory field 'Salary': 2 missing values (86.7% filled)
2025-12-26 17:22:38,376 - dq_unified - WARNING - Mandatory field 'Department': 1 missing values (93.3% filled)
2025-12-26 17:22:38,377 - dq_unified - INFO - Mandatory field 'JoinDate': 100.0% filled
2025-12-26 17:22:38,378 - dq_unified - INFO - Mandatory field 'PostalCode': 100.0% filled
2025-12-26 17:22:38,379 - dq_unified - INFO - Mandatory field 'City': 100.0% filled
2025-12-26 17:22:38,379 - dq_unified - INFO - Mandatory field 'Country': 100.0% filled
2025-12-26 17:22:38,380 - dq_unified - WARNING - Mandatory field 'State': 1 missing values (93.3% filled)
2025-12-26 17:22:38,381 - dq_unified - INFO - Mandatory field check completed: 5 columns with issues, 6 total missing values
2025-12-26 17:22:38,381 - dq_unified - INFO - Calculating overall quality score - COUNTING UNIQUE FAILED ROWS
2025-12-26 17:22:38,382 - dq_unified - INFO - ROW-WISE QUALITY CALCULATION:
2025-12-26 17:22:38,382 - dq_unified - INFO -   Total rows: 15
2025-12-26 17:22:38,382 - dq_unified - INFO -   Rows with ANY issue: 0
2025-12-26 17:22:38,383 - dq_unified - INFO -   Clean rows (no issues): 15
2025-12-26 17:22:38,383 - dq_unified - INFO -   Success Rate: 100.00% (Good rows / Total rows)
2025-12-26 17:22:38,383 - dq_unified - INFO -   Issue Rate: 0.00% (Issue rows / Total rows)
2025-12-26 17:22:38,384 - dq_unified - INFO -   DQ Score (Success Rate): 100.00%
2025-12-26 17:22:38,384 - dq_unified - INFO - Generating detailed data quality report
2025-12-26 17:22:38,384 - dq_unified - INFO - Report for: CSV: sample_data.csv, Records: 15, Columns: 10
2025-12-26 17:22:38,384 - dq_unified - INFO - Overall quality score: 100.0%
2025-12-26 17:22:38,385 - dq_error_log - INFO - ErrorLogger initialized with database: dq_checks
2025-12-26 17:22:38,385 - dq_unified - INFO - Error Logger Session ID: SINGLE_20251226_172238
2025-12-26 17:22:38,787 - dq_audit - INFO - Audit class initialized with database: dq_checks
2025-12-26 17:22:38,788 - dq_audit - INFO - Starting database insertion for single_source...
2025-12-26 17:22:38,806 - dq_audit - INFO - Inserted single_source record with ID: 351
2025-12-26 17:22:38,806 - dq_unified - INFO - Audit logged for session: DQ_20251226_172238
2025-12-26 17:22:38,811 - dq_unified - INFO - Analysis completed successfully for CSV: sample_data.csv
2025-12-26 17:22:38,812 - __main__ - INFO - Single Source Analysis completed successfully
2025-12-26 17:22:38,812 - __main__ - INFO - Displaying main menu options to user
2025-12-26 17:32:28,738 - __main__ - INFO - User selected option: 6
2025-12-26 17:32:28,739 - __main__ - INFO - User session ended. Duration: 0:09:55.674753
2025-12-26 17:32:28,740 - __main__ - INFO - 👋 Thank you for using Universal Data Quality Framework!
