2025-12-26 23:51:18,857 - root - INFO - CLI Mode Logging Initialized
2025-12-26 23:51:18,858 - root - INFO - CLI logs will be saved to: logs/dq_framework_20251226_235118.log
2025-12-26 23:51:18,858 - __main__ - INFO - 🚀 UNIVERSAL DATA QUALITY FRAMEWORK INITIALIZED
2025-12-26 23:51:18,859 - __main__ - INFO - Starting system resource check
2025-12-26 23:51:18,863 - __main__ - INFO - Total RAM: 15.7 GB
2025-12-26 23:51:18,864 - __main__ - INFO - Available RAM: 3.5 GB
2025-12-26 23:51:18,864 - __main__ - INFO - Memory used: 77.6%
2025-12-26 23:51:18,864 - __main__ - INFO - Memory status: OK
2025-12-26 23:51:18,866 - __main__ - INFO - Free disk space: 261.7 GB
2025-12-26 23:51:18,866 - __main__ - INFO - Disk used: 45.0%
2025-12-26 23:51:18,866 - __main__ - INFO - Disk space: OK
2025-12-26 23:51:19,367 - __main__ - INFO - CPU cores: 8
2025-12-26 23:51:19,368 - __main__ - INFO - CPU usage: 4.7%
2025-12-26 23:51:19,368 - __main__ - INFO - Python version: 3.12.4
2025-12-26 23:51:19,368 - __main__ - INFO - System platform: win32
2025-12-26 23:51:19,368 - __main__ - INFO - User session started at: 2025-12-26 23:51:19.368331
2025-12-26 23:51:19,368 - __main__ - INFO - Displaying main menu options to user
2025-12-26 23:51:21,616 - __main__ - INFO - User selected option: 1
2025-12-26 23:51:21,648 - __main__ - INFO - Starting Single Source Analysis module
2025-12-26 23:51:21,727 - dq_unified - INFO - Starting unified data quality analysis
2025-12-26 23:51:21,729 - dq_unified - INFO - Prompting user for data source type
2025-12-26 23:51:21,729 - dq_unified - INFO - UI Data source_type: No UI data
2025-12-26 23:51:26,313 - dq_unified - INFO - User selected source type: 1
2025-12-26 23:51:30,466 - dq_unified - INFO - Loading data from CSV
2025-12-26 23:51:30,466 - dq_unified - INFO - Loading data from CSV
2025-12-26 23:51:30,467 - dq_unified - INFO - Loading large CSV: 1
2025-12-26 23:51:30,470 - dq_unified - ERROR - Error loading large CSV: [Errno 2] No such file or directory: '1'
Traceback (most recent call last):
  File "C:\Users\003160\OneDrive - wisseninfotech.com\Documents\DQ-Checks-Shashi\data_quality_framework-V2\dq_unified.py", line 93, in load_large_csv
    with open(file_path, 'r', encoding='utf-8') as f:
         ^^^^^^^^^^^^^^^^^^^^^^^^^^^^^^^^^^^^^^
FileNotFoundError: [Errno 2] No such file or directory: '1'
2025-12-26 23:51:30,472 - dq_unified - ERROR - Error loading data from csv: [Errno 2] No such file or directory: '1'
Traceback (most recent call last):
  File "C:\Users\003160\OneDrive - wisseninfotech.com\Documents\DQ-Checks-Shashi\data_quality_framework-V2\dq_unified.py", line 1045, in load_data_from_source
    df = LargeDatasetHandler.load_large_csv(source_config, max_rows=max_rows)
         ^^^^^^^^^^^^^^^^^^^^^^^^^^^^^^^^^^^^^^^^^^^^^^^^^^^^^^^^^^^^^^^^^^^^
  File "C:\Users\003160\OneDrive - wisseninfotech.com\Documents\DQ-Checks-Shashi\data_quality_framework-V2\dq_unified.py", line 93, in load_large_csv
    with open(file_path, 'r', encoding='utf-8') as f:
         ^^^^^^^^^^^^^^^^^^^^^^^^^^^^^^^^^^^^^^
FileNotFoundError: [Errno 2] No such file or directory: '1'
2025-12-26 23:51:30,473 - dq_unified - ERROR - No data loaded or dataset is empty
2025-12-26 23:51:30,473 - __main__ - INFO - Single Source Analysis completed successfully
2025-12-26 23:51:30,473 - __main__ - INFO - Displaying main menu options to user
2025-12-26 23:51:41,477 - __main__ - INFO - User selected option: 6
2025-12-26 23:51:41,478 - __main__ - INFO - User session ended. Duration: 0:00:22.110058
2025-12-26 23:51:41,479 - __main__ - INFO - 👋 Thank you for using Universal Data Quality Framework!
