2026-01-05 15:04:42,488 - root - INFO - CLI Mode Logging Initialized
2026-01-05 15:04:42,488 - root - INFO - CLI logs will be saved to: logs/dq_framework_20260105_150442.log
2026-01-05 15:04:42,489 - __main__ - INFO - 🚀 UNIVERSAL DATA QUALITY FRAMEWORK INITIALIZED
2026-01-05 15:04:42,490 - __main__ - INFO - Starting system resource check
2026-01-05 15:04:42,498 - __main__ - INFO - Total RAM: 15.7 GB
2026-01-05 15:04:42,498 - __main__ - INFO - Available RAM: 2.1 GB
2026-01-05 15:04:42,498 - __main__ - INFO - Memory used: 86.8%
2026-01-05 15:04:42,499 - __main__ - INFO - Memory status: OK
2026-01-05 15:04:42,500 - __main__ - INFO - Free disk space: 261.3 GB
2026-01-05 15:04:42,500 - __main__ - INFO - Disk used: 45.1%
2026-01-05 15:04:42,500 - __main__ - INFO - Disk space: OK
2026-01-05 15:04:43,001 - __main__ - INFO - CPU cores: 8
2026-01-05 15:04:43,001 - __main__ - INFO - CPU usage: 27.6%
2026-01-05 15:04:43,001 - __main__ - INFO - Python version: 3.12.4
2026-01-05 15:04:43,001 - __main__ - INFO - System platform: win32
2026-01-05 15:04:43,002 - __main__ - INFO - User session started at: 2026-01-05 15:04:43.001882
2026-01-05 15:04:43,002 - __main__ - INFO - Displaying main menu options to user
2026-01-05 15:04:44,478 - __main__ - INFO - User selected option: 2
2026-01-05 15:04:44,481 - __main__ - INFO - Starting Source-Target Comparison module
2026-01-05 15:04:44,486 - dq_comparison - INFO - STARTING UNIVERSAL SOURCE-TARGET COMPARISON TOOL
2026-01-05 15:04:44,487 - dq_comparison - INFO - LOADING SOURCE AND TARGET DATA
2026-01-05 15:04:44,488 - dq_comparison - INFO - 
==================================================
2026-01-05 15:04:44,489 - dq_comparison - INFO - 🔗 SOURCE DATA CONFIGURATION
2026-01-05 15:04:44,489 - dq_comparison - INFO - ==================================================
2026-01-05 15:04:51,416 - dq_comparison - INFO - SOURCE Excel loaded: 50 rows, 8 columns
2026-01-05 15:04:51,416 - dq_comparison - INFO - 
==================================================
2026-01-05 15:04:51,418 - dq_comparison - INFO - 🔗 TARGET DATA CONFIGURATION
2026-01-05 15:04:51,421 - dq_comparison - INFO - ==================================================
2026-01-05 15:04:56,739 - dq_comparison - INFO - TARGET CSV loaded: 50 rows, 8 columns
2026-01-05 15:04:56,739 - dq_comparison - INFO - SELECTING COLUMNS FOR COMPARISON
2026-01-05 15:04:56,740 - dq_comparison - INFO - Source columns (original): ['CustomerID', 'FirstName', 'LastName', 'PhoneNumber', 'Email', 'Salary', 'JoinDate', 'Address']
2026-01-05 15:04:56,743 - dq_comparison - INFO - Target columns (original): ['CustomerID', 'FirstName', 'LastName', 'PhoneNumber', 'Email', 'Salary', 'JoinDate', 'Address']
2026-01-05 15:04:56,744 - dq_comparison - INFO - Common columns lowercased: ['phonenumber', 'joindate', 'customerid', 'firstname', 'salary', 'lastname', 'email', 'address']
2026-01-05 15:04:56,745 - dq_comparison - INFO - Found 8 common columns between source and target (case-insensitive, excluding CustomerID)
2026-01-05 15:04:56,745 - dq_comparison - INFO - 
📋 Common columns available for comparison:
2026-01-05 15:04:56,746 - dq_comparison - INFO -   1. PhoneNumber (Source) ↔ PhoneNumber (Target)
2026-01-05 15:04:56,747 - dq_comparison - INFO -   2. JoinDate (Source) ↔ JoinDate (Target)
2026-01-05 15:04:56,748 - dq_comparison - INFO -   3. CustomerID (Source) ↔ CustomerID (Target)
2026-01-05 15:04:56,749 - dq_comparison - INFO -   4. FirstName (Source) ↔ FirstName (Target)
2026-01-05 15:04:56,749 - dq_comparison - INFO -   5. Salary (Source) ↔ Salary (Target)
2026-01-05 15:04:56,750 - dq_comparison - INFO -   6. LastName (Source) ↔ LastName (Target)
2026-01-05 15:04:56,750 - dq_comparison - INFO -   7. Email (Source) ↔ Email (Target)
2026-01-05 15:04:56,754 - dq_comparison - INFO -   8. Address (Source) ↔ Address (Target)
2026-01-05 15:05:03,820 - dq_comparison - INFO - User column selection input: all
2026-01-05 15:05:03,822 - dq_comparison - INFO - User selected ALL common columns for comparison
2026-01-05 15:05:03,822 - dq_comparison - INFO - GENERATING COMPREHENSIVE COMPARISON REPORT
2026-01-05 15:05:03,826 - dq_comparison - INFO - Report details - Source: Excel: test_source.xlsx (Sheet1), Target: CSV: test_target.csv, Selected columns: 8
2026-01-05 15:05:03,827 - dq_comparison - INFO - Initializing Error Logger...
2026-01-05 15:05:03,827 - dq_error_log - INFO - ErrorLogger initialized with database: dq_checks
2026-01-05 15:05:04,036 - dq_error_log - INFO - Database connection successful
2026-01-05 15:05:04,037 - dq_comparison - INFO - Session ID: CMP_20260105_150504
2026-01-05 15:05:04,037 - dq_comparison - INFO - 
======================================================================
2026-01-05 15:05:04,037 - dq_comparison - INFO - 🔄 RUNNING SOURCE-TARGET COMPARISON WITH PERFECT NORMALIZATION
2026-01-05 15:05:04,040 - dq_comparison - INFO - ======================================================================
2026-01-05 15:05:04,041 - dq_comparison - INFO - Session ID: CMP_20260105_150504
2026-01-05 15:05:04,041 - dq_comparison - INFO - Source: Excel: test_source.xlsx (Sheet1)
2026-01-05 15:05:04,042 - dq_comparison - INFO - Target: CSV: test_target.csv
2026-01-05 15:05:04,043 - dq_comparison - INFO - Selected columns: 8
2026-01-05 15:05:04,043 - dq_comparison - INFO - ======================================================================
2026-01-05 15:05:04,043 - dq_comparison - INFO - 
1️⃣ FIRST: ROW COUNT CHECK
2026-01-05 15:05:04,045 - dq_comparison - INFO - ✅ Row counts match: 50 rows
2026-01-05 15:05:04,045 - dq_comparison - INFO - 
2️⃣ COLUMN STRUCTURE COMPARISON
2026-01-05 15:05:04,046 - dq_comparison - INFO - Comparing column structures...
2026-01-05 15:05:04,046 - dq_comparison - INFO - Column structure comparison complete. Match: True
2026-01-05 15:05:04,047 - dq_comparison - INFO - 
3️⃣ PRIMARY KEY VALIDATION
2026-01-05 15:05:04,047 - dq_comparison - INFO - Validating primary key/unique fields...
2026-01-05 15:05:04,048 - dq_comparison - INFO - Checking key fields: ['CustomerID', 'CustomerID']
2026-01-05 15:05:04,051 - dq_comparison - INFO - Primary key validation complete. Passed: True
2026-01-05 15:05:04,052 - dq_comparison - INFO -    Key fields found: ['CustomerID', 'CustomerID']
2026-01-05 15:05:04,057 - dq_comparison - INFO -    Unique in source: ✅
2026-01-05 15:05:04,058 - dq_comparison - INFO -    Unique in target: ✅
2026-01-05 15:05:04,058 - dq_comparison - INFO -    Validation passed: ✅
2026-01-05 15:05:04,059 - dq_comparison - INFO -    Column names match: ✅
2026-01-05 15:05:04,059 - dq_comparison - INFO -    Column order match: ✅
2026-01-05 15:05:04,060 - dq_comparison - INFO -    Data types match: ✅
2026-01-05 15:05:04,060 - dq_comparison - INFO - 
4️⃣ TABLE METADATA COMPARISON
2026-01-05 15:05:04,061 - dq_comparison - INFO - Comparing table-level metadata...
2026-01-05 15:05:04,077 - dq_comparison - INFO - Table metadata comparison complete. Match: True
2026-01-05 15:05:04,077 - dq_comparison - INFO -    Table metadata match: ✅
2026-01-05 15:05:04,078 - dq_comparison - INFO -    Source: 50 rows, 8 cols, 0.02 MB
2026-01-05 15:05:04,079 - dq_comparison - INFO -    Target: 50 rows, 8 cols, 0.02 MB
2026-01-05 15:05:04,079 - dq_comparison - INFO - 
5️⃣ HASH-BASED COMPARISON
2026-01-05 15:05:04,080 - dq_comparison - INFO - ℹ️  Note: All NULL values normalized to 'NULL'
2026-01-05 15:05:04,081 - dq_comparison - INFO - ℹ️  Note: Dates normalized to YYYY-MM-DD
2026-01-05 15:05:04,082 - dq_comparison - INFO - ℹ️  Note: Strings trimmed and case-normalized
2026-01-05 15:05:04,082 - dq_comparison - INFO - ℹ️  Note: Phone numbers stripped to digits only, leading zeros removed
2026-01-05 15:05:04,083 - dq_comparison - INFO - SECOND CHECK: HASH-BASED COMPARISON WITH PERFECT NORMALIZATION
2026-01-05 15:05:04,084 - dq_comparison - INFO - Source DF columns: ['CustomerID', 'FirstName', 'LastName', 'PhoneNumber', 'Email', 'Salary', 'JoinDate', 'Address']
2026-01-05 15:05:04,087 - dq_comparison - INFO - Target DF columns: ['CustomerID', 'FirstName', 'LastName', 'PhoneNumber', 'Email', 'Salary', 'JoinDate', 'Address']
2026-01-05 15:05:04,092 - dq_comparison - INFO - Selected columns for comparison: ['PhoneNumber', 'JoinDate', 'CustomerID', 'FirstName', 'Salary', 'LastName', 'Email', 'Address']
2026-01-05 15:05:04,092 - dq_comparison - INFO - Using 8 common columns for hash comparison
2026-01-05 15:05:04,093 - dq_comparison - INFO - Source columns: ['PhoneNumber', 'JoinDate', 'CustomerID', 'FirstName', 'Salary', 'LastName', 'Email', 'Address']
2026-01-05 15:05:04,093 - dq_comparison - INFO - Target columns: ['PhoneNumber', 'JoinDate', 'CustomerID', 'FirstName', 'Salary', 'LastName', 'Email', 'Address']
2026-01-05 15:05:04,094 - dq_comparison - INFO - Generating hashes for source data (50 rows)...
2026-01-05 15:05:04,107 - dq_comparison - INFO - Generating hashes for target data (50 rows)...
2026-01-05 15:05:04,121 - dq_comparison - INFO - Hash-based Comparison Results (with duplicate handling):
2026-01-05 15:05:04,121 - dq_comparison - INFO -   • Unique source hashes: 50
2026-01-05 15:05:04,122 - dq_comparison - INFO -   • Unique target hashes: 50
2026-01-05 15:05:04,125 - dq_comparison - INFO -   • Common hashes: 50
2026-01-05 15:05:04,126 - dq_comparison - INFO -   • Common rows (counting duplicates): 50
2026-01-05 15:05:04,126 - dq_comparison - INFO -   • Rows only in source (counting duplicates): 0
2026-01-05 15:05:04,127 - dq_comparison - INFO -   • Rows only in target (counting duplicates): 0
2026-01-05 15:05:04,127 - dq_comparison - INFO - PERFORMING DETAILED COLUMN-BY-COLUMN COMPARISON...
2026-01-05 15:05:04,129 - dq_comparison - INFO - Will compare 50 rows (min of source:50 and target:50)
2026-01-05 15:05:04,145 - dq_comparison - INFO - Found 0 column value mismatches across all rows
2026-01-05 15:05:04,145 - dq_comparison - INFO - Returning counts for simple scoring:
2026-01-05 15:05:04,148 - dq_comparison - INFO -   Common rows: 50
2026-01-05 15:05:04,153 - dq_comparison - INFO -   Unique to source: 0
2026-01-05 15:05:04,153 - dq_comparison - INFO -   Unique to target: 0
2026-01-05 15:05:04,154 - dq_comparison - INFO -   Value mismatches: 0
2026-01-05 15:05:04,154 - dq_comparison - INFO - 
6️⃣ DATA QUALITY ANALYSIS
2026-01-05 15:05:04,155 - dq_comparison - INFO - Analyzing data quality metrics...
2026-01-05 15:05:04,176 - dq_comparison - INFO - Null values - Source: 5 (1.25%), Target: 5 (1.25%)
2026-01-05 15:05:04,182 - dq_comparison - INFO - Duplicate rows (normalized) - Source: 0, Target: 0
2026-01-05 15:05:04,203 - dq_error_log - INFO - Retrieved 0 errors for session CMP_20260105_150504
2026-01-05 15:05:04,205 - dq_comparison - INFO - 
📊 SIMPLE SCORING CALCULATION:
2026-01-05 15:05:04,205 - dq_comparison - INFO -   Source rows: 50
2026-01-05 15:05:04,205 - dq_comparison - INFO -   Common rows (matched): 50
2026-01-05 15:05:04,206 - dq_comparison - INFO -   Calculation: (50 / 50) * 100 = 100.00%
2026-01-05 15:05:04,207 - dq_comparison - INFO -   Explanation: 50 matched rows out of 50 total source rows
2026-01-05 15:05:04,213 - dq_comparison - INFO - 
=== AUDIT LOGGING SECTION ===
2026-01-05 15:05:04,219 - dq_comparison - INFO - 🔍 Audit logging is ENABLED in APP_SETTINGS
2026-01-05 15:05:04,219 - dq_audit - INFO - Audit class initialized with database: dq_checks
2026-01-05 15:05:04,221 - dq_comparison - INFO - Attempting to log audit record for session: CMP_20260105_150504
2026-01-05 15:05:04,222 - dq_audit - INFO - Starting database insertion for comparison...
2026-01-05 15:05:04,252 - dq_audit - INFO - Inserted comparison record with ID: 518
2026-01-05 15:05:04,252 - dq_comparison - INFO - ✅ Audit record logged successfully (ID: 518)
2026-01-05 15:05:04,254 - dq_comparison - INFO - 
======================================================================
2026-01-05 15:05:04,258 - dq_comparison - INFO - 📊 COMPARISON RESULTS SUMMARY
2026-01-05 15:05:04,258 - dq_comparison - INFO - ======================================================================
2026-01-05 15:05:04,259 - dq_comparison - INFO - Session ID: CMP_20260105_150504
2026-01-05 15:05:04,259 - dq_comparison - INFO - Source: Excel: test_source.xlsx (Sheet1) (50 rows)
2026-01-05 15:05:04,260 - dq_comparison - INFO - Target: CSV: test_target.csv (50 rows)
2026-01-05 15:05:04,260 - dq_comparison - INFO - Selected columns: 8
2026-01-05 15:05:04,261 - dq_comparison - INFO - ----------------------------------------------------------------------
2026-01-05 15:05:04,262 - dq_comparison - INFO - 1️⃣ Row count match: ✅ Yes
2026-01-05 15:05:04,263 - dq_comparison - INFO - 2️⃣ Column structure match: ✅ Yes
2026-01-05 15:05:04,265 - dq_comparison - INFO - 3️ Primary key validation: ✅ Passed
2026-01-05 15:05:04,266 - dq_comparison - INFO -    Key fields: ['CustomerID', 'CustomerID']
2026-01-05 15:05:04,267 - dq_comparison - INFO - 4️ Table metadata: ✅ Match
2026-01-05 15:05:04,267 - dq_comparison - INFO - 5️ Common rows (hash match): 50 (100.00% of source)
2026-01-05 15:05:04,270 - dq_comparison - INFO - 6️ Rows only in source: 0
2026-01-05 15:05:04,276 - dq_comparison - INFO - 7️ Rows only in target: 0
2026-01-05 15:05:04,277 - dq_comparison - INFO - 8️ Column value mismatches: 0
2026-01-05 15:05:04,277 - dq_comparison - INFO - 9️ Data quality match: ✅ Yes
2026-01-05 15:05:04,278 - dq_comparison - INFO - 📈 DQ Score: 100.00%
2026-01-05 15:05:04,279 - dq_comparison - INFO - 📊 Calculation: (50 / 50) * 100 = 100.00%
2026-01-05 15:05:04,279 - dq_comparison - INFO - ======================================================================
2026-01-05 15:05:04,280 - dq_comparison - INFO - 
🎉 PERFECT MATCH! All data is identical after normalization.
2026-01-05 15:05:04,281 - dq_comparison - INFO - 
🔍 NORMALIZATION APPLIED:
2026-01-05 15:05:04,281 - dq_comparison - INFO -    • NULL values → 'NULL' (consistent representation)
2026-01-05 15:05:04,282 - dq_comparison - INFO -    • Dates → YYYY-MM-DD format
2026-01-05 15:05:04,282 - dq_comparison - INFO -    • Strings → trimmed + lowercase
2026-01-05 15:05:04,282 - dq_comparison - INFO -    • Numeric values → standardized format
2026-01-05 15:05:04,283 - dq_comparison - INFO -    • Phone numbers → digits only, ALL leading zeros removed
2026-01-05 15:05:04,284 - dq_comparison - INFO -    • Extra whitespace removed
2026-01-05 15:05:04,284 - dq_comparison - INFO - 
💡 For complete error details, run:
2026-01-05 15:05:04,284 - dq_comparison - INFO -    USE dq_checks;
2026-01-05 15:05:04,288 - dq_comparison - INFO -    SELECT excel_row, column_name, error_type, error_description,
2026-01-05 15:05:04,291 - dq_comparison - INFO -           actual_value, expected_value
2026-01-05 15:05:04,291 - dq_comparison - INFO -    FROM dq_error_logs
2026-01-05 15:05:04,292 - dq_comparison - INFO -    WHERE session_id = 'CMP_20260105_150504'
2026-01-05 15:05:04,292 - dq_comparison - INFO -    ORDER BY excel_row, column_name;
2026-01-05 15:05:04,315 - dq_comparison - INFO - 
✅ Comparison completed! Session ID: CMP_20260105_150504
2026-01-05 15:05:04,336 - dq_error_log - INFO - Retrieved 1 error logs for session CMP_20260105_150504
2026-01-05 15:05:04,357 - dq_error_log - INFO - Retrieved summary: 1 total errors for session CMP_20260105_150504
2026-01-05 15:05:04,357 - dq_audit - INFO - Audit class initialized with database: dq_checks
2026-01-05 15:05:04,381 - dq_audit - INFO - Retrieved 1 audit logs for session CMP_20260105_150504
2026-01-05 15:05:04,382 - dq_comparison - INFO - 
🔍 Final results verification:
2026-01-05 15:05:04,384 - dq_comparison - INFO -    Session ID: CMP_20260105_150504
2026-01-05 15:05:04,388 - dq_comparison - INFO -    DQ Score (Simple %): 100.00%
2026-01-05 15:05:04,388 - dq_comparison - INFO -    Source rows: 50
2026-01-05 15:05:04,389 - dq_comparison - INFO -    Matched rows: 50
2026-01-05 15:05:04,389 - dq_comparison - INFO -    Calculation: (50 / 50) * 100
2026-01-05 15:05:04,390 - __main__ - INFO - Source-Target Comparison completed successfully
2026-01-05 15:05:04,390 - __main__ - INFO - Displaying main menu options to user
2026-01-05 15:09:01,560 - __main__ - INFO - User selected option: 6
2026-01-05 15:09:01,561 - __main__ - INFO - User session ended. Duration: 0:04:18.559383
2026-01-05 15:09:01,563 - __main__ - INFO - 👋 Thank you for using Universal Data Quality Framework!
