2025-12-15 11:35:53,661 - __main__ - INFO - 🚀 UNIVERSAL DATA QUALITY FRAMEWORK INITIALIZED
2025-12-15 11:35:54,178 - __main__ - INFO - User session started at: 2025-12-15 11:35:54.178283
2025-12-15 11:35:54,178 - __main__ - INFO - Displaying main menu options to user
2025-12-15 11:35:55,589 - __main__ - INFO - User selected option: 1
2025-12-15 11:35:55,590 - __main__ - INFO - Starting Single Source Analysis module
2025-12-15 11:35:55,593 - dq_unified - INFO - STARTING UNIFIED DATA QUALITY ANALYSIS
2025-12-15 11:35:55,593 - dq_unified - INFO - PROMPTING USER FOR DATA SOURCE TYPE
2025-12-15 11:35:57,657 - dq_unified - INFO - User selected source type: 3
2025-12-15 11:35:57,657 - dq_unified - INFO - GETTING DATABASE CONFIGURATION - DUAL MODE
2025-12-15 11:35:57,660 - dq_unified - INFO - GETTING DATABASE CONFIG FROM CONFIG FILE
2025-12-15 11:36:13,848 - dq_unified - INFO - Database configuration from config file: mysql, Table: customers
2025-12-15 11:36:13,849 - dq_unified - INFO - LOADING DATA FROM DATABASE
2025-12-15 11:36:13,850 - dq_unified - INFO - LOADING DATA FROM DATABASE
2025-12-15 11:36:13,852 - dq_unified - INFO - Loading large database table: customers
2025-12-15 11:36:14,205 - dq_unified - INFO - MySQL table has 15 rows
2025-12-15 11:36:14,206 - dq_unified - INFO - Loading 15 rows from MySQL...
2025-12-15 11:36:15,315 - dq_unified - INFO - Loaded 15 rows from MySQL
2025-12-15 11:36:15,326 - dq_unified - INFO - Memory optimization: 0.0MB -> 0.0MB (Saved: 0.0MB)
2025-12-15 11:36:15,327 - dq_unified - INFO - Loaded 15 rows, 11 columns. Memory: 107.3MB total, 0.0MB for dataframe
2025-12-15 11:36:15,327 - dq_unified - INFO - DATA PREVIEW:
2025-12-15 11:36:15,327 - dq_unified - INFO -    Total rows: 15
2025-12-15 11:36:15,327 - dq_unified - INFO -    Total columns: 11
2025-12-15 11:36:15,328 - dq_unified - INFO -    Columns: ['CustomerID', 'CustomerName', 'Email', 'Phone', 'Salary', 'Department', 'JoinDate', 'PostalCode', 'City', 'Country', 'State']
2025-12-15 11:36:15,329 - dq_unified - INFO - RUNNING QUALITY CHECKS
2025-12-15 11:36:15,329 - dq_unified - INFO - CHECKING FOR EMPTY CELLS
2025-12-15 11:36:15,331 - dq_unified - INFO - Column 'CustomerID': No empty cells
2025-12-15 11:36:15,332 - dq_unified - WARNING - Column 'CustomerName': 1 empty cells (6.7%)
2025-12-15 11:36:15,335 - dq_unified - WARNING - Column 'Email': 1 empty cells (6.7%)
2025-12-15 11:36:15,337 - dq_unified - INFO - Column 'Phone': No empty cells
2025-12-15 11:36:15,340 - dq_unified - WARNING - Column 'Salary': 2 empty cells (13.3%)
2025-12-15 11:36:15,342 - dq_unified - WARNING - Column 'Department': 1 empty cells (6.7%)
2025-12-15 11:36:15,344 - dq_unified - INFO - Column 'JoinDate': No empty cells
2025-12-15 11:36:15,345 - dq_unified - INFO - Column 'PostalCode': No empty cells
2025-12-15 11:36:15,346 - dq_unified - INFO - Column 'City': No empty cells
2025-12-15 11:36:15,347 - dq_unified - INFO - Column 'Country': No empty cells
2025-12-15 11:36:15,347 - dq_unified - WARNING - Column 'State': 1 empty cells (6.7%)
2025-12-15 11:36:15,349 - dq_unified - INFO - Total empty cells found: 6
2025-12-15 11:36:15,349 - dq_unified - INFO - CHECKING FOR DUPLICATE ROWS
2025-12-15 11:36:15,350 - dq_unified - INFO - No duplicate rows found
2025-12-15 11:36:15,351 - dq_unified - INFO - Skipping automatic format checking (disabled)
2025-12-15 11:36:15,355 - dq_unified - INFO - CHECKING MANDATORY FIELDS
2025-12-15 11:36:17,324 - dq_unified - INFO - Mandatory field 'CustomerID': 100.0% filled
2025-12-15 11:36:17,325 - dq_unified - WARNING - Mandatory field 'CustomerName': 1 missing values (93.3% filled)
2025-12-15 11:36:17,326 - dq_unified - WARNING - Mandatory field 'Email': 1 missing values (93.3% filled)
2025-12-15 11:36:17,327 - dq_unified - INFO - Mandatory field 'Phone': 100.0% filled
2025-12-15 11:36:17,328 - dq_unified - WARNING - Mandatory field 'Salary': 2 missing values (86.7% filled)
2025-12-15 11:36:17,329 - dq_unified - WARNING - Mandatory field 'Department': 1 missing values (93.3% filled)
2025-12-15 11:36:17,330 - dq_unified - INFO - Mandatory field 'JoinDate': 100.0% filled
2025-12-15 11:36:17,331 - dq_unified - INFO - Mandatory field 'PostalCode': 100.0% filled
2025-12-15 11:36:17,331 - dq_unified - INFO - Mandatory field 'City': 100.0% filled
2025-12-15 11:36:17,331 - dq_unified - INFO - Mandatory field 'Country': 100.0% filled
2025-12-15 11:36:17,332 - dq_unified - WARNING - Mandatory field 'State': 1 missing values (93.3% filled)
2025-12-15 11:36:17,333 - dq_unified - INFO - Mandatory field check completed: 5 issues found
2025-12-15 11:36:17,333 - dq_unified - INFO - CALCULATING OVERALL QUALITY SCORE
2025-12-15 11:36:17,334 - dq_unified - INFO - Quality score: 96.7% (Issues: nulls=6, duplicates=0, formats=0, mandatory=5)
2025-12-15 11:36:17,335 - dq_unified - INFO - GENERATING DETAILED DATA QUALITY REPORT
2025-12-15 11:36:17,336 - dq_unified - INFO - Report for: Database: mysql - Table: customers, Records: 15, Columns: 11
2025-12-15 11:36:17,336 - dq_unified - INFO - Overall quality score: 96.7%
2025-12-15 11:36:17,337 - dq_error_log - INFO - ErrorLogger initialized with database: dq_checks
2025-12-15 11:36:17,337 - dq_unified - INFO - Error Logger Session ID: SINGLE_20251215_113617
2025-12-15 11:36:17,500 - dq_audit - INFO - Audit class initialized with database: dq_checks
2025-12-15 11:36:17,500 - dq_audit - INFO - Starting database insertion for single_source...
2025-12-15 11:36:17,515 - dq_audit - INFO - Inserted single_source record
2025-12-15 11:36:17,515 - dq_audit - INFO - single_source audit record successfully stored in database
2025-12-15 11:36:17,516 - dq_unified - INFO - Audit logged for session: DQ_20251215_113617
2025-12-15 11:36:17,522 - dq_unified - INFO - Analysis completed successfully for Database: mysql - Table: customers
2025-12-15 11:36:17,522 - __main__ - INFO - Single Source Analysis completed successfully
2025-12-15 11:36:17,522 - __main__ - INFO - Displaying main menu options to user
2025-12-15 11:38:47,751 - __main__ - INFO - User selected option: 6
2025-12-15 11:38:47,752 - __main__ - INFO - User session ended. Duration: 0:02:53.573777
2025-12-15 11:38:47,752 - __main__ - INFO - 👋 Thank you for using Universal Data Quality Framework!
