2025-12-01 17:09:50,013 - __main__ - INFO - 🚀 UNIVERSAL DATA QUALITY FRAMEWORK INITIALIZED
2025-12-01 17:09:50,021 - __main__ - INFO - User session started at: 2025-12-01 17:09:50.020705
2025-12-01 17:09:50,022 - __main__ - INFO - Displaying main menu options to user
2025-12-01 17:09:57,087 - __main__ - INFO - User selected option: 4
2025-12-01 17:09:57,087 - __main__ - INFO - Starting Business Rules Engine module
2025-12-01 17:09:57,093 - dq_rules - INFO - 🚀 STARTING BUSINESS RULES VALIDATION
2025-12-01 17:09:57,095 - dq_rules - INFO - 📈 LOADING DATA FOR BUSINESS RULES
2025-12-01 17:09:57,103 - dq_unified - INFO - 📋 PROMPTING USER FOR DATA SOURCE TYPE
2025-12-01 17:09:58,724 - dq_unified - INFO - User selected source type: 1
2025-12-01 17:09:58,725 - dq_unified - INFO - Getting CSV file path from user
2025-12-01 17:10:01,663 - dq_unified - INFO - File path validated: C:\Users\003160\Downloads\Shashi_Data\sku_variants_10k.csv
2025-12-01 17:10:01,665 - dq_unified - INFO - 📥 LOADING DATA FROM CSV
2025-12-01 17:10:01,665 - dq_unified - INFO - Loading CSV data from: C:\Users\003160\Downloads\Shashi_Data\sku_variants_10k.csv
2025-12-01 17:10:01,692 - dq_unified - INFO - ✅ CSV loaded: 10000 rows, 5 columns
2025-12-01 17:10:01,699 - dq_rules - INFO - 🎯 DEFINING CUSTOM BUSINESS RULES
2025-12-01 17:10:12,023 - dq_rules - INFO - User selected rule type: 6
2025-12-01 17:10:12,024 - dq_rules - INFO - 🚀 CREATING COMPREHENSIVE RULE SET
2025-12-01 17:11:24,783 - dq_rules - INFO - Created comprehensive rule set with 2 rules
2025-12-01 17:11:24,788 - dq_rules - INFO - Defined 2 business rules
2025-12-01 17:11:24,789 - dq_rules - INFO - 🔍 EXECUTING 2 BUSINESS RULES
2025-12-01 17:11:24,792 - dq_rules - INFO - Executing rule: Color should have no null values (currently 1400 nulls)
2025-12-01 17:11:24,793 - dq_rules - INFO - Executing threshold rule: Color should have no null values (currently 1400 nulls)
2025-12-01 17:11:24,795 - dq_rules - INFO - Threshold rule 'Color should have no null values (currently 1400 nulls)': 0 violations found
2025-12-01 17:11:24,796 - dq_rules - INFO - Rule 'Color should have no null values (currently 1400 nulls)' completed with status: PASS
2025-12-01 17:11:24,796 - dq_rules - INFO - Executing rule: KPI: Total row count | Percentage threshold: 15.0%
2025-12-01 17:11:24,797 - dq_rules - INFO - Executing KPI threshold rule: KPI: Total row count | Percentage threshold: 15.0%
2025-12-01 17:11:24,799 - dq_rules - INFO - Rule 'KPI: Total row count | Percentage threshold: 15.0%' completed with status: PASS
2025-12-01 17:11:24,801 - dq_rules - INFO - 📊 GENERATING BUSINESS RULES VALIDATION REPORT
2025-12-01 17:11:24,805 - dq_rules - INFO - Report for: CSV: sku_variants_10k.csv, Records: 10000, Columns: 5
2025-12-01 17:11:24,806 - dq_rules - INFO - Rules compliance score: 100.0% (Passed: 2, Failed: 0, Errors: 0)
2025-12-01 17:11:25,515 - dq_audit - INFO - ✅ Audit record stored: rules check
2025-12-01 17:11:27,232 - dq_rules - INFO - ✅ Business rules validation completed successfully
2025-12-01 17:11:27,238 - __main__ - INFO - Business Rules Engine completed successfully
2025-12-01 17:11:27,239 - __main__ - INFO - Displaying main menu options to user
