2025-12-11 14:59:19,400 - __main__ - INFO - 🚀 UNIVERSAL DATA QUALITY FRAMEWORK INITIALIZED
2025-12-11 14:59:19,908 - __main__ - INFO - User session started at: 2025-12-11 14:59:19.908976
2025-12-11 14:59:19,909 - __main__ - INFO - Displaying main menu options to user
2025-12-11 14:59:20,950 - __main__ - INFO - User selected option: 1
2025-12-11 14:59:20,951 - __main__ - INFO - Starting Single Source Analysis module
2025-12-11 14:59:20,956 - dq_unified - INFO - STARTING UNIFIED DATA QUALITY ANALYSIS
2025-12-11 14:59:20,956 - dq_unified - INFO - PROMPTING USER FOR DATA SOURCE TYPE
2025-12-11 14:59:22,012 - dq_unified - INFO - User selected source type: 1
2025-12-11 14:59:22,013 - dq_unified - INFO - Getting CSV file path from user
2025-12-11 14:59:25,582 - dq_unified - INFO - File path validated: C:\Users\003160\OneDrive - wisseninfotech.com\Documents\DQ-Checks-Shashi\Test_data\sample_data.csv (0.0MB)
2025-12-11 14:59:25,583 - dq_unified - INFO - LOADING DATA FROM CSV
2025-12-11 14:59:25,585 - dq_unified - INFO - LOADING DATA FROM CSV
2025-12-11 14:59:25,588 - dq_unified - INFO - Loading large CSV: C:\Users\003160\OneDrive - wisseninfotech.com\Documents\DQ-Checks-Shashi\Test_data\sample_data.csv
2025-12-11 14:59:25,592 - dq_unified - INFO - CSV file has 15 rows
2025-12-11 14:59:25,593 - dq_unified - INFO - Loading 15 rows from CSV...
2025-12-11 14:59:25,604 - dq_unified - INFO - Loaded 15 rows from CSV
2025-12-11 14:59:25,609 - dq_unified - INFO - Memory optimization: 0.0MB -> 0.0MB (Saved: 0.0MB)
2025-12-11 14:59:25,610 - dq_unified - INFO - Loaded 15 rows, 10 columns. Memory: 86.8MB total, 0.0MB for dataframe
2025-12-11 14:59:25,611 - dq_unified - INFO - DATA PREVIEW:
2025-12-11 14:59:25,611 - dq_unified - INFO -    Total rows: 15
2025-12-11 14:59:25,612 - dq_unified - INFO -    Total columns: 10
2025-12-11 14:59:25,612 - dq_unified - INFO -    Columns: ['CustomerName', 'Email', 'Phone', 'Salary', 'Department', 'JoinDate', 'PostalCode', 'City', 'Country', 'State']
2025-12-11 14:59:25,613 - dq_unified - INFO - RUNNING QUALITY CHECKS
2025-12-11 14:59:25,613 - dq_unified - INFO - CHECKING FOR EMPTY CELLS
2025-12-11 14:59:25,615 - dq_unified - WARNING - Column 'CustomerName': 1 empty cells (6.7%)
2025-12-11 14:59:25,618 - dq_unified - WARNING - Column 'Email': 1 empty cells (6.7%)
2025-12-11 14:59:25,621 - dq_unified - INFO - Column 'Phone': No empty cells
2025-12-11 14:59:25,622 - dq_unified - WARNING - Column 'Salary': 2 empty cells (13.3%)
2025-12-11 14:59:25,623 - dq_unified - WARNING - Column 'Department': 1 empty cells (6.7%)
2025-12-11 14:59:25,624 - dq_unified - INFO - Column 'JoinDate': No empty cells
2025-12-11 14:59:25,624 - dq_unified - INFO - Column 'PostalCode': No empty cells
2025-12-11 14:59:25,625 - dq_unified - INFO - Column 'City': No empty cells
2025-12-11 14:59:25,625 - dq_unified - INFO - Column 'Country': No empty cells
2025-12-11 14:59:25,626 - dq_unified - WARNING - Column 'State': 1 empty cells (6.7%)
2025-12-11 14:59:25,628 - dq_unified - INFO - Total empty cells found: 6
2025-12-11 14:59:25,628 - dq_unified - INFO - CHECKING FOR DUPLICATE ROWS
2025-12-11 14:59:25,630 - dq_unified - INFO - No duplicate rows found
2025-12-11 14:59:25,630 - dq_unified - INFO - Skipping automatic format checking (disabled)
2025-12-11 14:59:25,632 - dq_unified - INFO - CHECKING MANDATORY FIELDS
2025-12-11 14:59:27,715 - dq_unified - WARNING - Mandatory field 'CustomerName': 1 missing values (93.3% filled)
2025-12-11 14:59:27,718 - dq_unified - WARNING - Mandatory field 'Email': 1 missing values (93.3% filled)
2025-12-11 14:59:27,719 - dq_unified - INFO - Mandatory field 'Phone': 100.0% filled
2025-12-11 14:59:27,719 - dq_unified - WARNING - Mandatory field 'Salary': 2 missing values (86.7% filled)
2025-12-11 14:59:27,721 - dq_unified - WARNING - Mandatory field 'Department': 1 missing values (93.3% filled)
2025-12-11 14:59:27,722 - dq_unified - INFO - Mandatory field 'JoinDate': 100.0% filled
2025-12-11 14:59:27,723 - dq_unified - INFO - Mandatory field 'PostalCode': 100.0% filled
2025-12-11 14:59:27,723 - dq_unified - INFO - Mandatory field 'City': 100.0% filled
2025-12-11 14:59:27,724 - dq_unified - INFO - Mandatory field 'Country': 100.0% filled
2025-12-11 14:59:27,731 - dq_unified - WARNING - Mandatory field 'State': 1 missing values (93.3% filled)
2025-12-11 14:59:27,733 - dq_unified - INFO - Mandatory field check completed: 5 issues found
2025-12-11 14:59:27,734 - dq_unified - INFO - CALCULATING OVERALL QUALITY SCORE
2025-12-11 14:59:27,734 - dq_unified - INFO - Quality score: 96.3% (Issues: nulls=6, duplicates=0, formats=0, mandatory=5)
2025-12-11 14:59:27,735 - dq_unified - INFO - GENERATING DETAILED DATA QUALITY REPORT
2025-12-11 14:59:27,735 - dq_unified - INFO - Report for: CSV: sample_data.csv, Records: 15, Columns: 10
2025-12-11 14:59:27,735 - dq_unified - INFO - Overall quality score: 96.3%
2025-12-11 14:59:27,736 - dq_error_log - INFO - ErrorLogger initialized with database: dq_checks
2025-12-11 14:59:27,736 - dq_unified - INFO - Error Logger Session ID: SINGLE_20251211_145927
2025-12-11 14:59:27,736 - dq_unified - INFO - DETAILED ISSUE BREAKDOWN:
2025-12-11 14:59:27,736 - dq_unified - WARNING - Empty cells found: 6 total
2025-12-11 14:59:28,132 - dq_unified - INFO - FORMAT ISSUES: Automatic checking disabled
2025-12-11 14:59:28,132 - dq_unified - WARNING - Missing mandatory fields: 6 total
2025-12-11 14:59:28,209 - dq_unified - INFO - RECOMMENDATIONS:
2025-12-11 14:59:28,209 - dq_unified - INFO - Recommendations: ['Fill in empty cells in identified rows', 'Ensure mandatory fields are populated', 'Use Source-Target Comparison for detailed format validation']
2025-12-11 14:59:28,214 - dq_audit - INFO - Audit class initialized with database: dq_checks
2025-12-11 14:59:28,214 - dq_audit - INFO - Starting database insertion for single_source...
2025-12-11 14:59:28,255 - dq_audit - INFO - Inserted single_source record
2025-12-11 14:59:28,256 - dq_audit - INFO - single_source audit record successfully stored in database
2025-12-11 14:59:28,257 - dq_unified - INFO - Audit logged for session: DQ_20251211_145928
2025-12-11 14:59:28,257 - dq_unified - INFO - ERROR LOGGING SUMMARY: Session ID: SINGLE_20251211_145927
2025-12-11 14:59:28,258 - dq_unified - INFO - Total errors logged: Nulls=6, Duplicates=0, Mandatory=6
2025-12-11 14:59:28,258 - dq_unified - INFO - Check dq_error_logs table for error details
2025-12-11 14:59:28,258 - dq_unified - INFO - Analysis completed successfully for CSV: sample_data.csv
2025-12-11 14:59:28,259 - __main__ - INFO - Single Source Analysis completed successfully
2025-12-11 14:59:28,260 - __main__ - INFO - Displaying main menu options to user
