2025-11-28 12:04:50,837 - __main__ - INFO - 🚀 UNIVERSAL DATA QUALITY FRAMEWORK INITIALIZED
2025-11-28 12:04:50,838 - __main__ - INFO - User session started at: 2025-11-28 12:04:50.838536
2025-11-28 12:04:50,839 - __main__ - INFO - Displaying main menu options to user
2025-11-28 12:12:15,396 - __main__ - INFO - User selected option: 4
2025-11-28 12:12:15,397 - __main__ - INFO - Starting Business Rules Engine module
2025-11-28 12:12:15,398 - dq_rules - INFO - 🚀 STARTING BUSINESS RULES VALIDATION
2025-11-28 12:12:15,398 - dq_rules - INFO - 📈 LOADING DATA FOR BUSINESS RULES
2025-11-28 12:12:15,400 - dq_unified - INFO - 📋 PROMPTING USER FOR DATA SOURCE TYPE
2025-11-28 12:12:18,240 - dq_unified - INFO - User selected source type: 3
2025-11-28 12:12:18,241 - dq_unified - INFO - 🗄️ GETTING DATABASE CONFIGURATION
2025-11-28 12:12:19,717 - dq_unified - INFO - User selected database type: 1
2025-11-28 12:12:24,020 - dq_unified - INFO - Database configuration collected: postgresql, Table: customers
2025-11-28 12:12:24,022 - dq_unified - INFO - 📥 LOADING DATA FROM DATABASE
2025-11-28 12:12:24,022 - dq_unified - INFO - Connecting to postgresql database
2025-11-28 12:12:25,357 - dq_unified - INFO - ✅ Database loaded: 15 rows, 11 columns from customers
2025-11-28 12:12:25,357 - dq_rules - INFO - 🎯 DEFINING CUSTOM BUSINESS RULES
2025-11-28 12:12:30,701 - dq_rules - INFO - User selected rule type: 1
2025-11-28 12:12:30,701 - dq_rules - INFO - ⚡ CREATING THRESHOLD RULE
2025-11-28 12:12:54,680 - dq_rules - INFO - ✅ Threshold rule created: salary >= 45000
2025-11-28 12:12:54,681 - dq_rules - INFO - Defined 1 business rules
2025-11-28 12:12:54,682 - dq_rules - INFO - 🔍 EXECUTING 1 BUSINESS RULES
2025-11-28 12:12:54,684 - dq_rules - INFO - Executing rule: salary >= 45000
2025-11-28 12:12:54,685 - dq_rules - INFO - Executing threshold rule: salary >= 45000
2025-11-28 12:12:54,686 - dq_rules - INFO - Threshold rule 'salary >= 45000': 13 violations found
2025-11-28 12:12:54,694 - dq_rules - INFO - Rule 'salary >= 45000' completed with status: FAIL
2025-11-28 12:12:54,695 - dq_rules - INFO - 📊 GENERATING BUSINESS RULES VALIDATION REPORT
2025-11-28 12:12:54,700 - dq_rules - INFO - Report for: Database: postgresql - Table: customers, Records: 15, Columns: 11
2025-11-28 12:12:54,700 - dq_rules - INFO - Rules compliance score: 0.0% (Passed: 0, Failed: 1, Errors: 0)
2025-11-28 12:12:54,705 - dq_rules - INFO - Rule 'salary >= 45000': 13 violations
2025-11-28 12:12:55,092 - dq_audit - INFO - ✅ Audit record stored: rules check
2025-11-28 12:14:23,278 - dq_rules - INFO - ✅ Business rules validation completed successfully
2025-11-28 12:14:23,279 - __main__ - INFO - Business Rules Engine completed successfully
2025-11-28 12:14:23,279 - __main__ - INFO - Displaying main menu options to user
2025-11-28 12:14:24,510 - __main__ - INFO - User selected option: 4
2025-11-28 12:14:24,511 - __main__ - INFO - Starting Business Rules Engine module
2025-11-28 12:14:24,514 - dq_rules - INFO - 🚀 STARTING BUSINESS RULES VALIDATION
2025-11-28 12:14:24,515 - dq_rules - INFO - 📈 LOADING DATA FOR BUSINESS RULES
2025-11-28 12:14:24,517 - dq_unified - INFO - 📋 PROMPTING USER FOR DATA SOURCE TYPE
2025-11-28 12:14:27,656 - dq_unified - INFO - User selected source type: 3
2025-11-28 12:14:27,658 - dq_unified - INFO - 🗄️ GETTING DATABASE CONFIGURATION
2025-11-28 12:14:28,705 - dq_unified - INFO - User selected database type: 1
2025-11-28 12:14:31,677 - dq_unified - INFO - Database configuration collected: postgresql, Table: customers
2025-11-28 12:14:31,678 - dq_unified - INFO - 📥 LOADING DATA FROM DATABASE
2025-11-28 12:14:31,680 - dq_unified - INFO - Connecting to postgresql database
2025-11-28 12:14:31,822 - dq_unified - INFO - ✅ Database loaded: 15 rows, 11 columns from customers
2025-11-28 12:14:31,822 - dq_rules - INFO - 🎯 DEFINING CUSTOM BUSINESS RULES
2025-11-28 12:14:39,444 - dq_rules - INFO - User selected rule type: 4
2025-11-28 12:14:39,446 - dq_rules - INFO - 📊 CREATING KPI THRESHOLD RULE
2025-11-28 12:14:57,310 - dq_rules - INFO - Defined 0 business rules
2025-11-28 12:14:57,311 - dq_rules - WARNING - No rules defined for validation
2025-11-28 12:14:57,313 - dq_rules - INFO - ✅ Business rules validation completed successfully
2025-11-28 12:14:57,314 - __main__ - INFO - Business Rules Engine completed successfully
2025-11-28 12:14:57,315 - __main__ - INFO - Displaying main menu options to user
2025-11-28 12:15:22,967 - __main__ - INFO - User selected option: 4
2025-11-28 12:15:22,967 - __main__ - INFO - Starting Business Rules Engine module
2025-11-28 12:15:22,971 - dq_rules - INFO - 🚀 STARTING BUSINESS RULES VALIDATION
2025-11-28 12:15:22,972 - dq_rules - INFO - 📈 LOADING DATA FOR BUSINESS RULES
2025-11-28 12:15:22,973 - dq_unified - INFO - 📋 PROMPTING USER FOR DATA SOURCE TYPE
2025-11-28 12:15:24,681 - dq_unified - INFO - User selected source type: 3
2025-11-28 12:15:24,682 - dq_unified - INFO - 🗄️ GETTING DATABASE CONFIGURATION
2025-11-28 12:15:26,077 - dq_unified - INFO - User selected database type: 1
2025-11-28 12:15:28,851 - dq_unified - INFO - Database configuration collected: postgresql, Table: customers
2025-11-28 12:15:28,852 - dq_unified - INFO - 📥 LOADING DATA FROM DATABASE
2025-11-28 12:15:28,854 - dq_unified - INFO - Connecting to postgresql database
2025-11-28 12:15:29,118 - dq_unified - INFO - ✅ Database loaded: 15 rows, 11 columns from customers
2025-11-28 12:15:29,119 - dq_rules - INFO - 🎯 DEFINING CUSTOM BUSINESS RULES
2025-11-28 12:15:32,771 - dq_rules - INFO - User selected rule type: 4
2025-11-28 12:15:32,772 - dq_rules - INFO - 📊 CREATING KPI THRESHOLD RULE
2025-11-28 12:16:13,516 - dq_rules - INFO - ✅ KPI history stored for: salary_avg
2025-11-28 12:16:13,517 - dq_rules - INFO - ✅ KPI rule created: KPI: Average of salary | Percentage threshold: 15.0% | Max growth: 25.0%
2025-11-28 12:16:13,519 - dq_rules - INFO - Defined 1 business rules
2025-11-28 12:16:13,519 - dq_rules - INFO - 🔍 EXECUTING 1 BUSINESS RULES
2025-11-28 12:16:13,520 - dq_rules - INFO - Executing rule: KPI: Average of salary | Percentage threshold: 15.0% | Max growth: 25.0%
2025-11-28 12:16:13,520 - dq_rules - INFO - Executing KPI threshold rule: KPI: Average of salary | Percentage threshold: 15.0% | Max growth: 25.0%
2025-11-28 12:16:13,532 - dq_rules - INFO - Rule 'KPI: Average of salary | Percentage threshold: 15.0% | Max growth: 25.0%' completed with status: PASS
2025-11-28 12:16:13,533 - dq_rules - INFO - 📊 GENERATING BUSINESS RULES VALIDATION REPORT
2025-11-28 12:16:13,534 - dq_rules - INFO - Report for: Database: postgresql - Table: customers, Records: 15, Columns: 11
2025-11-28 12:16:13,534 - dq_rules - INFO - Rules compliance score: 100.0% (Passed: 1, Failed: 0, Errors: 0)
2025-11-28 12:16:13,552 - dq_audit - INFO - ✅ Audit record stored: rules check
2025-11-28 12:18:25,298 - dq_rules - INFO - ✅ Business rules validation completed successfully
2025-11-28 12:18:25,299 - __main__ - INFO - Business Rules Engine completed successfully
2025-11-28 12:18:25,299 - __main__ - INFO - Displaying main menu options to user
2025-11-28 12:18:27,356 - __main__ - INFO - User selected option: 4
2025-11-28 12:18:27,357 - __main__ - INFO - Starting Business Rules Engine module
2025-11-28 12:18:27,361 - dq_rules - INFO - 🚀 STARTING BUSINESS RULES VALIDATION
2025-11-28 12:18:27,361 - dq_rules - INFO - 📈 LOADING DATA FOR BUSINESS RULES
2025-11-28 12:18:27,362 - dq_unified - INFO - 📋 PROMPTING USER FOR DATA SOURCE TYPE
2025-11-28 12:18:28,972 - dq_unified - INFO - User selected source type: 3
2025-11-28 12:18:28,974 - dq_unified - INFO - 🗄️ GETTING DATABASE CONFIGURATION
2025-11-28 12:18:30,464 - dq_unified - INFO - User selected database type: 1
2025-11-28 12:18:35,789 - dq_unified - INFO - Database configuration collected: postgresql, Table: customers
2025-11-28 12:18:35,790 - dq_unified - INFO - 📥 LOADING DATA FROM DATABASE
2025-11-28 12:18:35,792 - dq_unified - INFO - Connecting to postgresql database
2025-11-28 12:18:35,895 - dq_unified - INFO - ✅ Database loaded: 15 rows, 11 columns from customers
2025-11-28 12:18:35,897 - dq_rules - INFO - 🎯 DEFINING CUSTOM BUSINESS RULES
2025-11-28 12:18:49,746 - dq_rules - INFO - User selected rule type: 4
2025-11-28 12:18:49,747 - dq_rules - INFO - 📊 CREATING KPI THRESHOLD RULE
2025-11-28 12:19:12,500 - dq_rules - INFO - ✅ KPI history stored for: row_count
2025-11-28 12:19:12,500 - dq_rules - INFO - ✅ KPI rule created: KPI: Total row count | Percentage threshold: 15.0% | Max growth: 25.0%
2025-11-28 12:19:12,502 - dq_rules - INFO - Defined 1 business rules
2025-11-28 12:19:12,503 - dq_rules - INFO - 🔍 EXECUTING 1 BUSINESS RULES
2025-11-28 12:19:12,504 - dq_rules - INFO - Executing rule: KPI: Total row count | Percentage threshold: 15.0% | Max growth: 25.0%
2025-11-28 12:19:12,504 - dq_rules - INFO - Executing KPI threshold rule: KPI: Total row count | Percentage threshold: 15.0% | Max growth: 25.0%
2025-11-28 12:19:12,516 - dq_rules - INFO - Rule 'KPI: Total row count | Percentage threshold: 15.0% | Max growth: 25.0%' completed with status: PASS
2025-11-28 12:19:12,517 - dq_rules - INFO - 📊 GENERATING BUSINESS RULES VALIDATION REPORT
2025-11-28 12:19:12,519 - dq_rules - INFO - Report for: Database: postgresql - Table: customers, Records: 15, Columns: 11
2025-11-28 12:19:12,519 - dq_rules - INFO - Rules compliance score: 100.0% (Passed: 1, Failed: 0, Errors: 0)
2025-11-28 12:19:12,542 - dq_audit - INFO - ✅ Audit record stored: rules check
2025-11-28 14:15:17,831 - dq_rules - INFO - ✅ Business rules validation completed successfully
2025-11-28 14:15:17,838 - __main__ - INFO - Business Rules Engine completed successfully
2025-11-28 14:15:17,839 - __main__ - INFO - Displaying main menu options to user
2025-11-28 14:15:19,547 - __main__ - INFO - User selected option: 5
2025-11-28 14:15:19,548 - __main__ - INFO - User session ended. Duration: 2:10:28.709259
2025-11-28 14:15:19,548 - __main__ - INFO - 👋 Thank you for using Universal Data Quality Framework!
