2025-12-03 14:36:29,128 - __main__ - INFO - 🚀 UNIVERSAL DATA QUALITY FRAMEWORK INITIALIZED
2025-12-03 14:36:29,675 - __main__ - INFO - User session started at: 2025-12-03 14:36:29.675952
2025-12-03 14:36:29,676 - __main__ - INFO - Displaying main menu options to user
2025-12-03 14:36:45,958 - __main__ - INFO - User selected option: 1
2025-12-03 14:36:45,961 - __main__ - INFO - Starting Single Source Analysis module
2025-12-03 14:36:45,969 - dq_unified - INFO - 🚀 STARTING UNIFIED DATA QUALITY ANALYSIS
2025-12-03 14:36:45,972 - dq_unified - INFO - 📋 PROMPTING USER FOR DATA SOURCE TYPE
2025-12-03 14:36:48,105 - dq_unified - INFO - User selected source type: 3
2025-12-03 14:36:48,106 - dq_unified - INFO - 🗄️ GETTING DATABASE CONFIGURATION
2025-12-03 14:36:52,457 - dq_unified - INFO - User selected database type: 3
2025-12-03 14:37:03,851 - dq_unified - INFO - Database configuration collected: oracle, Table: employee
2025-12-03 14:37:03,857 - dq_unified - INFO - 📥 LOADING DATA FROM DATABASE
2025-12-03 14:37:03,857 - dq_unified - INFO - Loading large database table: employee
2025-12-03 14:37:04,908 - dq_unified - INFO - Oracle table has 89,999 rows
2025-12-03 14:37:05,334 - dq_unified - INFO - Loaded 89,999 rows from Oracle
2025-12-03 14:37:06,036 - dq_unified - INFO - Memory optimization: 60.7MB -> 25.7MB (Saved: 35.0MB)
2025-12-03 14:37:06,132 - dq_unified - INFO - ✅ Loaded 89,999 rows, 12 columns. Memory: 179.0MB total, 25.7MB for dataframe
2025-12-03 14:37:06,189 - dq_unified - INFO - 🔍 CHECKING FOR EMPTY CELLS
2025-12-03 14:37:06,224 - dq_unified - INFO - Column 'id': No empty cells
2025-12-03 14:37:06,275 - dq_unified - INFO - Column 'customer_id': No empty cells
2025-12-03 14:37:06,326 - dq_unified - INFO - Column 'transaction_id': No empty cells
2025-12-03 14:37:06,329 - dq_unified - WARNING - Column 'customer_name': 3510 empty cells (3.9%)
2025-12-03 14:37:06,339 - dq_unified - WARNING - Column 'email': 1516 empty cells (1.7%)
2025-12-03 14:37:06,390 - dq_unified - WARNING - Column 'phone': 1280 empty cells (1.4%)
2025-12-03 14:37:06,443 - dq_unified - INFO - Column 'transaction_date': No empty cells
2025-12-03 14:37:06,481 - dq_unified - WARNING - Column 'amount': 1133 empty cells (1.3%)
2025-12-03 14:37:06,518 - dq_unified - INFO - Column 'quantity': No empty cells
2025-12-03 14:37:06,524 - dq_unified - INFO - Column 'age': No empty cells
2025-12-03 14:37:06,528 - dq_unified - INFO - Column 'status': No empty cells
2025-12-03 14:37:06,529 - dq_unified - INFO - Column 'description': No empty cells
2025-12-03 14:37:06,530 - dq_unified - INFO - Total empty cells found: 7,439
2025-12-03 14:37:06,530 - dq_unified - INFO - 🔍 CHECKING FOR DUPLICATE ROWS
2025-12-03 14:37:06,670 - dq_unified - WARNING - Found 203 duplicate rows (0.2%)
2025-12-03 14:37:06,675 - dq_unified - INFO - 🔍 CHECKING MANDATORY FIELDS
2025-12-03 14:37:09,893 - dq_unified - INFO - Mandatory field 'id': 100.0% filled
2025-12-03 14:37:09,938 - dq_unified - INFO - Mandatory field 'customer_id': 100.0% filled
2025-12-03 14:37:09,982 - dq_unified - INFO - Mandatory field 'transaction_id': 100.0% filled
2025-12-03 14:37:09,989 - dq_unified - WARNING - Mandatory field 'customer_name': 3,510 missing values (96.1% filled)
2025-12-03 14:37:09,991 - dq_unified - WARNING - Mandatory field 'email': 1,516 missing values (98.3% filled)
2025-12-03 14:37:10,041 - dq_unified - WARNING - Mandatory field 'phone': 1,280 missing values (98.6% filled)
2025-12-03 14:37:10,047 - dq_unified - INFO - Mandatory field 'transaction_date': 100.0% filled
2025-12-03 14:37:10,084 - dq_unified - WARNING - Mandatory field 'amount': 1,133 missing values (98.7% filled)
2025-12-03 14:37:10,091 - dq_unified - INFO - Mandatory field 'quantity': 100.0% filled
2025-12-03 14:37:10,093 - dq_unified - INFO - Mandatory field 'age': 100.0% filled
2025-12-03 14:37:10,094 - dq_unified - INFO - Mandatory field 'status': 100.0% filled
2025-12-03 14:37:10,096 - dq_unified - INFO - Mandatory field 'description': 100.0% filled
2025-12-03 14:37:10,097 - dq_unified - INFO - Mandatory field check completed: 4 issues found
2025-12-03 14:37:10,099 - dq_unified - INFO - 📊 CALCULATING OVERALL QUALITY SCORE
2025-12-03 14:37:10,102 - dq_unified - INFO - Quality score: 99.6% (Issues: nulls=7,439, duplicates=203, formats=0, mandatory=4)
2025-12-03 14:37:10,103 - dq_unified - INFO - 📊 GENERATING DETAILED DATA QUALITY REPORT
2025-12-03 14:37:10,110 - dq_unified - INFO - Report for: Database: oracle - Table: employee, Records: 89,999, Columns: 12
2025-12-03 14:37:10,112 - dq_unified - INFO - Overall quality score: 99.6%
2025-12-03 14:37:10,119 - dq_unified - WARNING - Empty cells found: 40 total
2025-12-03 14:37:10,133 - dq_unified - INFO - Recommendations: ['Fill in empty cells in identified rows', 'Use Source-Target Comparison for detailed format validation']
2025-12-03 14:37:10,720 - dq_unified - WARNING - Single source audit logging failed: cannot access local variable 'duplicate_count' where it is not associated with a value
2025-12-03 14:37:10,722 - dq_unified - INFO - ✅ Analysis completed successfully for Database: oracle - Table: employee
2025-12-03 14:37:10,770 - __main__ - INFO - Single Source Analysis completed successfully
2025-12-03 14:37:10,771 - __main__ - INFO - Displaying main menu options to user
2025-12-03 17:05:37,304 - __main__ - INFO - User selected option: 6
2025-12-03 17:05:37,307 - __main__ - INFO - User session ended. Duration: 2:29:07.631418
2025-12-03 17:05:37,307 - __main__ - INFO - 👋 Thank you for using Universal Data Quality Framework!
