2025-12-05 13:07:39,725 - __main__ - INFO - 🚀 UNIVERSAL DATA QUALITY FRAMEWORK INITIALIZED
2025-12-05 13:07:40,235 - __main__ - INFO - User session started at: 2025-12-05 13:07:40.235156
2025-12-05 13:07:40,235 - __main__ - INFO - Displaying main menu options to user
2025-12-05 13:07:41,661 - __main__ - INFO - User selected option: 1
2025-12-05 13:07:41,663 - __main__ - INFO - Starting Single Source Analysis module
2025-12-05 13:07:41,671 - dq_unified - INFO - 🚀 STARTING UNIFIED DATA QUALITY ANALYSIS
2025-12-05 13:07:41,674 - dq_unified - INFO - 📋 PROMPTING USER FOR DATA SOURCE TYPE
2025-12-05 13:07:44,570 - dq_unified - INFO - User selected source type: C:\Users\003160\Downloads\Shashi_Data\compliance_10k.csv
2025-12-05 13:07:44,571 - dq_unified - WARNING - Invalid source type selected: C:\Users\003160\Downloads\Shashi_Data\compliance_10k.csv
2025-12-05 13:07:44,576 - dq_unified - INFO - Getting CSV file path from user
2025-12-05 13:07:47,839 - dq_unified - INFO - File path validated: C:\Users\003160\Downloads\Shashi_Data\compliance_10k.csv (0.3MB)
2025-12-05 13:07:47,846 - dq_unified - INFO - 📥 LOADING DATA FROM CSV
2025-12-05 13:07:47,846 - dq_unified - INFO - Loading large CSV: C:\Users\003160\Downloads\Shashi_Data\compliance_10k.csv
2025-12-05 13:07:47,855 - dq_unified - INFO - CSV file has 10,000 rows
2025-12-05 13:07:47,888 - dq_unified - INFO - Loaded 10,000 rows from CSV
2025-12-05 13:07:47,904 - dq_unified - INFO - Memory optimization: 1.6MB -> 0.1MB (Saved: 1.5MB)
2025-12-05 13:07:47,904 - dq_unified - INFO - ✅ Loaded 10,000 rows, 6 columns. Memory: 88.0MB total, 0.1MB for dataframe
2025-12-05 13:07:47,943 - dq_unified - INFO - 🔍 CHECKING FOR EMPTY CELLS
2025-12-05 13:07:47,945 - dq_unified - INFO - Column 'ProductID': No empty cells
2025-12-05 13:07:47,951 - dq_unified - INFO - Column 'Hazmat': No empty cells
2025-12-05 13:07:47,957 - dq_unified - WARNING - Column 'BatteryType': 4985 empty cells (49.9%)
2025-12-05 13:07:47,962 - dq_unified - WARNING - Column 'ShelfLife_Days': 3380 empty cells (33.8%)
2025-12-05 13:07:47,965 - dq_unified - INFO - Column 'MRP': No empty cells
2025-12-05 13:07:47,967 - dq_unified - WARNING - Column 'ExpiryDate': 2505 empty cells (25.1%)
2025-12-05 13:07:47,976 - dq_unified - INFO - Total empty cells found: 10,870
2025-12-05 13:07:47,976 - dq_unified - INFO - 🔍 CHECKING FOR DUPLICATE ROWS
2025-12-05 13:07:47,987 - dq_unified - INFO - No duplicate rows found
2025-12-05 13:07:47,989 - dq_unified - INFO - 🔍 CHECKING MANDATORY FIELDS
2025-12-05 13:07:50,226 - dq_unified - INFO - Mandatory field 'ProductID': 100.0% filled
2025-12-05 13:07:50,230 - dq_unified - INFO - Mandatory field 'Hazmat': 100.0% filled
2025-12-05 13:07:50,232 - dq_unified - WARNING - Mandatory field 'BatteryType': 4,985 missing values (50.1% filled)
2025-12-05 13:07:50,237 - dq_unified - WARNING - Mandatory field 'ShelfLife_Days': 3,380 missing values (66.2% filled)
2025-12-05 13:07:50,241 - dq_unified - INFO - Mandatory field 'MRP': 100.0% filled
2025-12-05 13:07:50,243 - dq_unified - WARNING - Mandatory field 'ExpiryDate': 2,505 missing values (75.0% filled)
2025-12-05 13:07:50,246 - dq_unified - INFO - Mandatory field check completed: 3 issues found
2025-12-05 13:07:50,250 - dq_unified - INFO - 📊 CALCULATING OVERALL QUALITY SCORE
2025-12-05 13:07:50,253 - dq_unified - INFO - Quality score: 90.9% (Issues: nulls=10,870, duplicates=0, formats=0, mandatory=3)
2025-12-05 13:07:50,254 - dq_unified - INFO - 📊 GENERATING DETAILED DATA QUALITY REPORT
2025-12-05 13:07:50,267 - dq_unified - INFO - Report for: CSV: compliance_10k.csv, Records: 10,000, Columns: 6
2025-12-05 13:07:50,271 - dq_unified - INFO - Overall quality score: 90.9%
2025-12-05 13:07:50,273 - dq_unified - WARNING - Empty cells found: 30 total
2025-12-05 13:07:50,286 - dq_unified - WARNING - Missing mandatory fields: 30 total
2025-12-05 13:07:50,305 - dq_unified - INFO - Recommendations: ['Fill in empty cells in identified rows', 'Ensure mandatory fields are populated', 'Use Source-Target Comparison for detailed format validation']
2025-12-05 13:07:50,642 - dq_audit - INFO - ✅ Audit record stored: single_source check
2025-12-05 13:07:50,646 - dq_unified - INFO - ✅ Analysis completed successfully for CSV: compliance_10k.csv
2025-12-05 13:07:50,648 - __main__ - INFO - Single Source Analysis completed successfully
2025-12-05 13:07:50,649 - __main__ - INFO - Displaying main menu options to user
2025-12-05 13:13:51,576 - __main__ - INFO - User selected option: 6
2025-12-05 13:13:51,577 - __main__ - INFO - User session ended. Duration: 0:06:11.342599
2025-12-05 13:13:51,579 - __main__ - INFO - 👋 Thank you for using Universal Data Quality Framework!
