2025-11-27 15:14:08,801 - __main__ - INFO - 🚀 UNIVERSAL DATA QUALITY FRAMEWORK INITIALIZED
2025-11-27 15:14:08,803 - __main__ - INFO - User session started at: 2025-11-27 15:14:08.803006
2025-11-27 15:14:08,803 - __main__ - INFO - Displaying main menu options to user
2025-11-27 15:14:12,112 - __main__ - INFO - User selected option: 4
2025-11-27 15:14:12,112 - __main__ - INFO - Starting Business Rules Engine module
2025-11-27 15:14:12,113 - dq_rules - INFO - 🚀 STARTING BUSINESS RULES VALIDATION
2025-11-27 15:14:12,113 - dq_rules - INFO - 📈 LOADING DATA FOR BUSINESS RULES
2025-11-27 15:14:12,114 - dq_unified - INFO - 📋 PROMPTING USER FOR DATA SOURCE TYPE
2025-11-27 15:14:22,740 - dq_unified - INFO - User selected source type: 3
2025-11-27 15:14:22,741 - dq_unified - INFO - 🗄️ GETTING DATABASE CONFIGURATION
2025-11-27 15:14:27,191 - dq_unified - INFO - User selected database type: 1
2025-11-27 15:14:31,787 - dq_unified - INFO - Database configuration collected: postgresql, Table: customers
2025-11-27 15:14:31,788 - dq_unified - INFO - 📥 LOADING DATA FROM DATABASE
2025-11-27 15:14:31,789 - dq_unified - INFO - Connecting to postgresql database
2025-11-27 15:14:32,451 - dq_unified - INFO - ✅ Database loaded: 15 rows, 11 columns from customers
2025-11-27 15:14:32,452 - dq_rules - INFO - 🎯 DEFINING CUSTOM BUSINESS RULES
2025-11-27 15:14:37,199 - dq_rules - INFO - User selected rule type: 6
2025-11-27 15:14:37,200 - dq_rules - INFO - 🚀 CREATING COMPREHENSIVE RULE SET
2025-11-27 15:14:52,214 - dq_rules - INFO - Created range rule for salary: 45000.00 to 70000.00
2025-11-27 15:14:52,218 - dq_rules - INFO - Created threshold rule for customerid
2025-11-27 15:14:52,218 - dq_rules - INFO - Created threshold rule for salary
2025-11-27 15:14:52,218 - dq_rules - INFO - Created comprehensive rule set with 3 rules
2025-11-27 15:14:52,218 - dq_rules - INFO - Defined 3 business rules
2025-11-27 15:14:52,219 - dq_rules - INFO - 🔍 EXECUTING 3 BUSINESS RULES
2025-11-27 15:14:52,220 - dq_rules - INFO - Executing rule: salary should be between 45000.00 and 70000.00
2025-11-27 15:14:52,224 - dq_rules - INFO - Executing range rule: salary should be between 45000.00 and 70000.00
2025-11-27 15:14:52,226 - dq_rules - INFO - Range rule 'salary should be between 45000.00 and 70000.00': 0 range violations found
2025-11-27 15:14:52,233 - dq_rules - INFO - Rule 'salary should be between 45000.00 and 70000.00' completed with status: PASS
2025-11-27 15:14:52,233 - dq_rules - INFO - Executing rule: customerid should be above median value (8.00)
2025-11-27 15:14:52,234 - dq_rules - INFO - Executing threshold rule: customerid should be above median value (8.00)
2025-11-27 15:14:52,235 - dq_rules - INFO - Threshold rule 'customerid should be above median value (8.00)': 7 violations found
2025-11-27 15:14:52,238 - dq_rules - INFO - Rule 'customerid should be above median value (8.00)' completed with status: FAIL
2025-11-27 15:14:52,239 - dq_rules - INFO - Executing rule: salary should be above median value (53000.00)
2025-11-27 15:14:52,240 - dq_rules - INFO - Executing threshold rule: salary should be above median value (53000.00)
2025-11-27 15:14:52,241 - dq_rules - INFO - Threshold rule 'salary should be above median value (53000.00)': 6 violations found
2025-11-27 15:14:52,242 - dq_rules - INFO - Rule 'salary should be above median value (53000.00)' completed with status: FAIL
2025-11-27 15:14:52,242 - dq_rules - INFO - 📊 GENERATING BUSINESS RULES VALIDATION REPORT
2025-11-27 15:14:52,244 - dq_rules - INFO - Report for: Database: postgresql - Table: customers, Records: 15, Columns: 11
2025-11-27 15:14:52,244 - dq_rules - INFO - Rules compliance score: 33.3% (Passed: 1, Failed: 2, Errors: 0)
2025-11-27 15:14:52,247 - dq_rules - INFO - Rule 'customerid should be above median value (8.00)': 7 violations
2025-11-27 15:14:52,247 - dq_rules - INFO - Rule 'salary should be above median value (53000.00)': 6 violations
2025-11-27 15:14:52,503 - dq_audit - INFO - ✅ Audit record stored: rules check
2025-11-27 15:20:47,461 - dq_rules - INFO - ✅ Business rules validation completed successfully
2025-11-27 15:20:47,462 - __main__ - INFO - Business Rules Engine completed successfully
2025-11-27 15:20:47,462 - __main__ - INFO - Displaying main menu options to user
2025-11-27 15:20:49,270 - __main__ - INFO - User selected option: 5
2025-11-27 15:20:49,270 - __main__ - INFO - User session ended. Duration: 0:06:40.467248
2025-11-27 15:20:49,270 - __main__ - INFO - 👋 Thank you for using Universal Data Quality Framework!
