2025-12-08 12:55:30,126 - __main__ - INFO - 🚀 UNIVERSAL DATA QUALITY FRAMEWORK INITIALIZED
2025-12-08 12:55:30,636 - __main__ - INFO - User session started at: 2025-12-08 12:55:30.636835
2025-12-08 12:55:30,636 - __main__ - INFO - Displaying main menu options to user
2025-12-08 12:55:32,063 - __main__ - INFO - User selected option: 1
2025-12-08 12:55:32,063 - __main__ - INFO - Starting Single Source Analysis module
2025-12-08 12:55:32,068 - dq_unified - INFO - STARTING UNIFIED DATA QUALITY ANALYSIS
2025-12-08 12:55:32,068 - dq_unified - INFO - PROMPTING USER FOR DATA SOURCE TYPE
2025-12-08 12:55:33,090 - dq_unified - INFO - User selected source type: 1
2025-12-08 12:55:33,092 - dq_unified - INFO - Getting CSV file path from user
2025-12-08 12:55:36,149 - dq_unified - INFO - File path validated: C:\Users\003160\Downloads\Shashi_Data\attribute_completeness_10k.csv (0.3MB)
2025-12-08 12:55:36,150 - dq_unified - INFO - LOADING DATA FROM CSV
2025-12-08 12:55:36,150 - dq_unified - INFO - LOADING DATA FROM CSV
2025-12-08 12:55:36,153 - dq_unified - INFO - Loading large CSV: C:\Users\003160\Downloads\Shashi_Data\attribute_completeness_10k.csv
2025-12-08 12:55:36,158 - dq_unified - INFO - CSV file has 10,000 rows
2025-12-08 12:55:36,160 - dq_unified - INFO - Loading 10,000 rows from CSV...
2025-12-08 12:55:36,186 - dq_unified - INFO - Loaded 10,000 rows from CSV
2025-12-08 12:55:36,208 - dq_unified - INFO - Memory optimization: 2.5MB -> 0.1MB (Saved: 2.4MB)
2025-12-08 12:55:36,209 - dq_unified - INFO - Loaded 10,000 rows, 8 columns. Memory: 88.3MB total, 0.1MB for dataframe
2025-12-08 12:55:36,211 - dq_unified - INFO - DATA PREVIEW:
2025-12-08 12:55:36,211 - dq_unified - INFO -    Total rows: 10,000
2025-12-08 12:55:36,211 - dq_unified - INFO -    Total columns: 8
2025-12-08 12:55:36,212 - dq_unified - INFO -    Columns: ['ProductID', 'Color', 'Material', 'Size', 'Capacity', 'Power_W', 'Voltage', 'Warranty_Months']
2025-12-08 12:55:36,212 - dq_unified - INFO - RUNNING QUALITY CHECKS
2025-12-08 12:55:36,212 - dq_unified - INFO - CHECKING FOR EMPTY CELLS
2025-12-08 12:55:36,215 - dq_unified - INFO - Column 'ProductID': No empty cells
2025-12-08 12:55:36,216 - dq_unified - WARNING - Column 'Color': 1409 empty cells (14.1%)
2025-12-08 12:55:36,221 - dq_unified - WARNING - Column 'Material': 1627 empty cells (16.3%)
2025-12-08 12:55:36,222 - dq_unified - WARNING - Column 'Size': 1102 empty cells (11.0%)
2025-12-08 12:55:36,224 - dq_unified - WARNING - Column 'Capacity': 3980 empty cells (39.8%)
2025-12-08 12:55:36,226 - dq_unified - WARNING - Column 'Power_W': 3967 empty cells (39.7%)
2025-12-08 12:55:36,228 - dq_unified - WARNING - Column 'Voltage': 4051 empty cells (40.5%)
2025-12-08 12:55:36,234 - dq_unified - INFO - Column 'Warranty_Months': No empty cells
2025-12-08 12:55:36,235 - dq_unified - INFO - Total empty cells found: 16,136
2025-12-08 12:55:36,236 - dq_unified - INFO - CHECKING FOR DUPLICATE ROWS
2025-12-08 12:55:36,240 - dq_unified - INFO - No duplicate rows found
2025-12-08 12:55:36,240 - dq_unified - INFO - Skipping automatic format checking (disabled)
2025-12-08 12:55:36,241 - dq_unified - INFO - CHECKING MANDATORY FIELDS
2025-12-08 12:55:38,647 - dq_unified - INFO - Mandatory field 'ProductID': 100.0% filled
2025-12-08 12:55:38,649 - dq_unified - WARNING - Mandatory field 'Color': 1,409 missing values (85.9% filled)
2025-12-08 12:55:38,650 - dq_unified - WARNING - Mandatory field 'Material': 1,627 missing values (83.7% filled)
2025-12-08 12:55:38,652 - dq_unified - WARNING - Mandatory field 'Size': 1,102 missing values (89.0% filled)
2025-12-08 12:55:38,654 - dq_unified - WARNING - Mandatory field 'Capacity': 3,980 missing values (60.2% filled)
2025-12-08 12:55:38,656 - dq_unified - WARNING - Mandatory field 'Power_W': 3,967 missing values (60.3% filled)
2025-12-08 12:55:38,661 - dq_unified - WARNING - Mandatory field 'Voltage': 4,051 missing values (59.5% filled)
2025-12-08 12:55:38,664 - dq_unified - INFO - Mandatory field 'Warranty_Months': 100.0% filled
2025-12-08 12:55:38,665 - dq_unified - INFO - Mandatory field check completed: 6 issues found
2025-12-08 12:55:38,665 - dq_unified - INFO - CALCULATING OVERALL QUALITY SCORE
2025-12-08 12:55:38,665 - dq_unified - INFO - Quality score: 89.9% (Issues: nulls=16,136, duplicates=0, formats=0, mandatory=6)
2025-12-08 12:55:38,666 - dq_unified - INFO - GENERATING DETAILED DATA QUALITY REPORT
2025-12-08 12:55:38,666 - dq_unified - INFO - Report for: CSV: attribute_completeness_10k.csv, Records: 10,000, Columns: 8
2025-12-08 12:55:38,667 - dq_unified - INFO - Overall quality score: 89.9%
2025-12-08 12:55:38,667 - dq_unified - INFO - DETAILED ISSUE BREAKDOWN:
2025-12-08 12:55:38,667 - dq_unified - WARNING - Empty cells found: 60 total
2025-12-08 12:55:38,668 - dq_unified - INFO - FORMAT ISSUES: Automatic checking disabled
2025-12-08 12:55:38,668 - dq_unified - WARNING - Missing mandatory fields: 60 total
2025-12-08 12:55:38,668 - dq_unified - INFO - RECOMMENDATIONS:
2025-12-08 12:55:38,669 - dq_unified - INFO - Recommendations: ['Fill in empty cells in identified rows', 'Ensure mandatory fields are populated', 'Use Source-Target Comparison for detailed format validation']
2025-12-08 12:55:38,674 - dq_audit - INFO - Audit class initialized with database: dq_checks
2025-12-08 12:55:38,675 - dq_audit - INFO - Starting database insertion for single_source...
2025-12-08 12:55:38,859 - dq_audit - INFO - Inserted single_source record
2025-12-08 12:55:38,860 - dq_audit - INFO - single_source audit record successfully stored in database
2025-12-08 12:55:38,861 - dq_unified - INFO - Analysis completed successfully for CSV: attribute_completeness_10k.csv
2025-12-08 12:55:38,863 - __main__ - INFO - Single Source Analysis completed successfully
2025-12-08 12:55:38,863 - __main__ - INFO - Displaying main menu options to user
2025-12-08 12:57:30,525 - __main__ - INFO - User selected option: 6
2025-12-08 12:57:30,527 - __main__ - INFO - User session ended. Duration: 0:01:59.890463
2025-12-08 12:57:30,528 - __main__ - INFO - 👋 Thank you for using Universal Data Quality Framework!
