2025-12-26 18:16:59,812 - root - INFO - CLI Mode Logging Initialized
2025-12-26 18:16:59,812 - root - INFO - CLI logs will be saved to: logs/dq_framework_20251226_181659.log
2025-12-26 18:16:59,814 - __main__ - INFO - 🚀 UNIVERSAL DATA QUALITY FRAMEWORK INITIALIZED
2025-12-26 18:16:59,815 - __main__ - INFO - Starting system resource check
2025-12-26 18:16:59,823 - __main__ - INFO - Total RAM: 15.7 GB
2025-12-26 18:16:59,823 - __main__ - INFO - Available RAM: 4.4 GB
2025-12-26 18:16:59,824 - __main__ - INFO - Memory used: 72.3%
2025-12-26 18:16:59,824 - __main__ - INFO - Memory status: OK
2025-12-26 18:16:59,824 - __main__ - INFO - Free disk space: 260.5 GB
2025-12-26 18:16:59,825 - __main__ - INFO - Disk used: 45.3%
2025-12-26 18:16:59,825 - __main__ - INFO - Disk space: OK
2025-12-26 18:17:00,326 - __main__ - INFO - CPU cores: 8
2025-12-26 18:17:00,326 - __main__ - INFO - CPU usage: 60.6%
2025-12-26 18:17:00,327 - __main__ - INFO - Python version: 3.12.4
2025-12-26 18:17:00,327 - __main__ - INFO - System platform: win32
2025-12-26 18:17:00,327 - __main__ - INFO - User session started at: 2025-12-26 18:17:00.327198
2025-12-26 18:17:00,328 - __main__ - INFO - Displaying main menu options to user
2025-12-26 18:17:01,389 - __main__ - INFO - User selected option: 1
2025-12-26 18:17:01,392 - __main__ - INFO - Starting Single Source Analysis module
2025-12-26 18:17:01,399 - dq_unified - INFO - Starting unified data quality analysis
2025-12-26 18:17:01,410 - dq_unified - INFO - Prompting user for data source type
2025-12-26 18:17:01,412 - dq_unified - INFO - UI Data source_type: No UI data
2025-12-26 18:17:02,502 - dq_unified - INFO - User selected source type: 1
2025-12-26 18:17:04,660 - dq_unified - INFO - Loading data from CSV
2025-12-26 18:17:04,661 - dq_unified - INFO - Loading data from CSV
2025-12-26 18:17:04,664 - dq_unified - INFO - Loading large CSV: C:\Users\003160\OneDrive - wisseninfotech.com\Documents\DQ-Checks-Shashi\Test_data\sample_data.csv
2025-12-26 18:17:04,668 - dq_unified - INFO - CSV file has 15 rows
2025-12-26 18:17:04,669 - dq_unified - INFO - Loading 15 rows from CSV...
2025-12-26 18:17:04,682 - dq_unified - INFO - Loaded 15 rows from CSV
2025-12-26 18:17:04,693 - dq_unified - INFO - Memory optimization: 0.0MB -> 0.0MB (Saved: 0.0MB)
2025-12-26 18:17:04,694 - dq_unified - INFO - Loaded 15 rows, 10 columns. Memory: 87.1MB total, 0.0MB for dataframe
2025-12-26 18:17:04,695 - dq_unified - INFO - DATA PREVIEW:
2025-12-26 18:17:04,698 - dq_unified - INFO -    Total rows: 15
2025-12-26 18:17:04,698 - dq_unified - INFO -    Total columns: 10
2025-12-26 18:17:04,700 - dq_unified - INFO -    Columns: ['CustomerName', 'Email', 'Phone', 'Salary', 'Department', 'JoinDate', 'PostalCode', 'City', 'Country', 'State']
2025-12-26 18:17:04,700 - dq_unified - INFO - Running quality checks
2025-12-26 18:17:04,701 - dq_unified - INFO - Checking for null cells (not empty strings)
2025-12-26 18:17:04,702 - dq_unified - WARNING - Column 'CustomerName': 1 null cells (6.7%)
2025-12-26 18:17:04,705 - dq_unified - WARNING - Column 'Email': 1 null cells (6.7%)
2025-12-26 18:17:04,708 - dq_unified - INFO - Column 'Phone': No null cells
2025-12-26 18:17:04,711 - dq_unified - WARNING - Column 'Salary': 2 null cells (13.3%)
2025-12-26 18:17:04,714 - dq_unified - WARNING - Column 'Department': 1 null cells (6.7%)
2025-12-26 18:17:04,715 - dq_unified - INFO - Column 'JoinDate': No null cells
2025-12-26 18:17:04,716 - dq_unified - INFO - Column 'PostalCode': No null cells
2025-12-26 18:17:04,716 - dq_unified - INFO - Column 'City': No null cells
2025-12-26 18:17:04,717 - dq_unified - INFO - Column 'Country': No null cells
2025-12-26 18:17:04,718 - dq_unified - WARNING - Column 'State': 1 null cells (6.7%)
2025-12-26 18:17:04,719 - dq_unified - INFO - Total null cells found: 6
2025-12-26 18:17:04,719 - dq_unified - INFO - Checking for duplicate rows
2025-12-26 18:17:04,729 - dq_unified - INFO - Strict duplicates: 0
2025-12-26 18:17:04,729 - dq_unified - INFO - Business duplicates (after trimming): 0
2025-12-26 18:17:04,730 - dq_unified - INFO - Automatically detecting key field duplicates
2025-12-26 18:17:04,733 - dq_unified - INFO - Detected potential key fields: ['CustomerName', 'Email', 'PostalCode']
2025-12-26 18:17:04,735 - dq_unified - WARNING - Found 1 duplicate values in field 'Email'
2025-12-26 18:17:04,738 - dq_unified - WARNING - Found 1 duplicate values in field 'PostalCode'
2025-12-26 18:17:04,739 - dq_unified - INFO - Checking data formats with intelligent, adaptive detection
2025-12-26 18:17:04,742 - dq_unified - INFO - Analyzing column 'CustomerName' with 14 non-null values
2025-12-26 18:17:04,745 - dq_unified - INFO - Analyzing column 'Email' with 14 non-null values
2025-12-26 18:17:04,746 - dq_unified - INFO -   ✓ Column 'Email' matches 'email' pattern with 92.9% confidence
2025-12-26 18:17:04,747 - dq_unified - WARNING -     Row 3: EMPTY value doesn't match Valid email format (user@domain.com)
2025-12-26 18:17:04,747 - dq_unified - WARNING -     Row 9: 'invalid-email...' doesn't match Valid email format (user@domain.com)
2025-12-26 18:17:04,748 - dq_unified - INFO -     Found 2 format issues in column 'Email'
2025-12-26 18:17:04,749 - dq_unified - INFO - Analyzing column 'Phone' with 15 non-null values
2025-12-26 18:17:04,750 - dq_unified - INFO -   ✓ Column 'Phone' matches 'numeric' pattern with 100.0% confidence
2025-12-26 18:17:04,754 - dq_unified - INFO - Analyzing column 'Salary' with 13 non-null values
2025-12-26 18:17:04,756 - dq_unified - INFO -   ✓ Column 'Salary' matches 'numeric' pattern with 100.0% confidence
2025-12-26 18:17:04,757 - dq_unified - WARNING -     Row 7: EMPTY value doesn't match Valid numeric value (integers or decimals)
2025-12-26 18:17:04,757 - dq_unified - WARNING -     Row 14: EMPTY value doesn't match Valid numeric value (integers or decimals)
2025-12-26 18:17:04,758 - dq_unified - INFO -     Found 2 format issues in column 'Salary'
2025-12-26 18:17:04,760 - dq_unified - INFO - Analyzing column 'Department' with 14 non-null values
2025-12-26 18:17:04,760 - dq_unified - INFO -   ✓ Column 'Department' matches 'code_id' pattern with 100.0% confidence
2025-12-26 18:17:04,762 - dq_unified - INFO - Analyzing column 'JoinDate' with 15 non-null values
2025-12-26 18:17:04,762 - dq_unified - INFO -   ✓ Column 'JoinDate' matches 'code_id' pattern with 100.0% confidence
2025-12-26 18:17:04,764 - dq_unified - INFO - Analyzing column 'PostalCode' with 15 non-null values
2025-12-26 18:17:04,764 - dq_unified - INFO -   ✓ Column 'PostalCode' matches 'code_id' pattern with 100.0% confidence
2025-12-26 18:17:04,768 - dq_unified - INFO - Analyzing column 'City' with 15 non-null values
2025-12-26 18:17:04,774 - dq_unified - INFO - Analyzing column 'Country' with 15 non-null values
2025-12-26 18:17:04,774 - dq_unified - INFO -   ✓ Column 'Country' matches 'code_id' pattern with 100.0% confidence
2025-12-26 18:17:04,776 - dq_unified - INFO - Analyzing column 'State' with 14 non-null values
2025-12-26 18:17:04,776 - dq_unified - INFO -   ✓ Column 'State' matches 'code_id' pattern with 100.0% confidence
2025-12-26 18:17:04,777 - dq_unified - INFO - Total format issues found: 4
2025-12-26 18:17:04,778 - dq_unified - INFO - Checking mandatory fields
2025-12-26 18:17:04,778 - dq_unified - INFO - DEBUG: UI data for mandatory fields: None
2025-12-26 18:17:04,779 - dq_unified - INFO - Available columns: ['CustomerName', 'Email', 'Phone', 'Salary', 'Department', 'JoinDate', 'PostalCode', 'City', 'Country', 'State']
2025-12-26 18:17:06,601 - dq_unified - INFO - Checking ALL columns as mandatory: ['CustomerName', 'Email', 'Phone', 'Salary', 'Department', 'JoinDate', 'PostalCode', 'City', 'Country', 'State']
2025-12-26 18:17:06,604 - dq_unified - WARNING - Mandatory field 'CustomerName': 1 missing values (93.3% filled)
2025-12-26 18:17:06,608 - dq_unified - WARNING - Mandatory field 'Email': 1 missing values (93.3% filled)
2025-12-26 18:17:06,613 - dq_unified - INFO - Mandatory field 'Phone': 100.0% filled
2025-12-26 18:17:06,614 - dq_unified - WARNING - Mandatory field 'Salary': 2 missing values (86.7% filled)
2025-12-26 18:17:06,615 - dq_unified - WARNING - Mandatory field 'Department': 1 missing values (93.3% filled)
2025-12-26 18:17:06,619 - dq_unified - INFO - Mandatory field 'JoinDate': 100.0% filled
2025-12-26 18:17:06,620 - dq_unified - INFO - Mandatory field 'PostalCode': 100.0% filled
2025-12-26 18:17:06,622 - dq_unified - INFO - Mandatory field 'City': 100.0% filled
2025-12-26 18:17:06,624 - dq_unified - INFO - Mandatory field 'Country': 100.0% filled
2025-12-26 18:17:06,627 - dq_unified - WARNING - Mandatory field 'State': 1 missing values (93.3% filled)
2025-12-26 18:17:06,629 - dq_unified - INFO - Mandatory field check completed: 5 columns with issues, 6 total missing values
2025-12-26 18:17:06,630 - dq_unified - INFO - Calculating overall quality score
2025-12-26 18:17:06,630 - dq_unified - INFO - Using known issue rows: 8 rows
2025-12-26 18:17:06,632 - dq_unified - INFO - Quality Score Calculation:
2025-12-26 18:17:06,633 - dq_unified - INFO -   Total rows: 15
2025-12-26 18:17:06,634 - dq_unified - INFO -   Rows with issues: 8
2025-12-26 18:17:06,634 - dq_unified - INFO -   Good rows: 7
2025-12-26 18:17:06,635 - dq_unified - INFO -   Quality Score: 46.67%
2025-12-26 18:17:06,636 - dq_unified - INFO - Generating detailed data quality report
2025-12-26 18:17:06,637 - dq_unified - INFO - Report for: CSV: sample_data.csv, Records: 15, Columns: 10
2025-12-26 18:17:06,638 - dq_unified - INFO - Overall quality score: 46.7%
2025-12-26 18:17:06,640 - dq_error_log - INFO - ErrorLogger initialized with database: dq_checks
2025-12-26 18:17:06,644 - dq_unified - INFO - Error Logger Session ID: SINGLE_20251226_181706
2025-12-26 18:17:07,169 - dq_audit - INFO - Audit class initialized with database: dq_checks
2025-12-26 18:17:07,169 - dq_audit - INFO - Starting database insertion for single_source...
2025-12-26 18:17:07,192 - dq_audit - INFO - Inserted single_source record with ID: 357
2025-12-26 18:17:07,192 - dq_unified - INFO - Audit logged for session: DQ_20251226_181707
2025-12-26 18:17:07,198 - dq_unified - INFO - Analysis completed successfully for CSV: sample_data.csv
2025-12-26 18:17:07,203 - __main__ - INFO - Single Source Analysis completed successfully
2025-12-26 18:17:07,203 - __main__ - INFO - Displaying main menu options to user
2025-12-26 18:17:37,653 - __main__ - INFO - User selected option: 1
2025-12-26 18:17:37,654 - __main__ - INFO - Starting Single Source Analysis module
2025-12-26 18:17:37,660 - dq_unified - INFO - Starting unified data quality analysis
2025-12-26 18:17:37,661 - dq_unified - INFO - Prompting user for data source type
2025-12-26 18:17:37,661 - dq_unified - INFO - UI Data source_type: No UI data
2025-12-26 18:17:38,861 - dq_unified - INFO - User selected source type: 1
2025-12-26 18:18:04,566 - dq_unified - INFO - Loading data from CSV
2025-12-26 18:18:04,567 - dq_unified - INFO - Loading data from CSV
2025-12-26 18:18:04,569 - dq_unified - INFO - Loading large CSV: C:\Users\003160\OneDrive - wisseninfotech.com\Documents\DQ-Checks-Shashi\Test_data\source_data_90k.csv
2025-12-26 18:18:04,632 - dq_unified - INFO - CSV file has 92,875 rows
2025-12-26 18:18:04,633 - dq_unified - INFO - Loading 92,875 rows from CSV...
2025-12-26 18:18:04,932 - dq_unified - INFO - Loaded 89,999 rows from CSV
2025-12-26 18:18:05,236 - dq_unified - INFO - Memory optimization: 45.4MB -> 17.1MB (Saved: 28.3MB)
2025-12-26 18:18:05,294 - dq_unified - INFO - Loaded 89,999 rows, 12 columns. Memory: 121.2MB total, 17.1MB for dataframe
2025-12-26 18:18:05,294 - dq_unified - INFO - DATA PREVIEW:
2025-12-26 18:18:05,296 - dq_unified - INFO -    Total rows: 89,999
2025-12-26 18:18:05,299 - dq_unified - INFO -    Total columns: 12
2025-12-26 18:18:05,300 - dq_unified - INFO -    Columns: ['id', 'customer_id', 'transaction_id', 'customer_name', 'email', 'phone', 'transaction_date', 'amount', 'quantity', 'age', 'status', 'description']
2025-12-26 18:18:05,300 - dq_unified - INFO - Running quality checks
2025-12-26 18:18:05,300 - dq_unified - INFO - Checking for null cells (not empty strings)
2025-12-26 18:18:05,302 - dq_unified - INFO - Column 'id': No null cells
2025-12-26 18:18:05,305 - dq_unified - INFO - Column 'customer_id': No null cells
2025-12-26 18:18:05,312 - dq_unified - INFO - Column 'transaction_id': No null cells
2025-12-26 18:18:05,313 - dq_unified - WARNING - Column 'customer_name': 3510 null cells (3.9%)
2025-12-26 18:18:05,355 - dq_unified - WARNING - Column 'email': 1516 null cells (1.7%)
2025-12-26 18:18:05,379 - dq_unified - WARNING - Column 'phone': 1280 null cells (1.4%)
2025-12-26 18:18:05,397 - dq_unified - INFO - Column 'transaction_date': No null cells
2025-12-26 18:18:05,398 - dq_unified - WARNING - Column 'amount': 1133 null cells (1.3%)
2025-12-26 18:18:05,415 - dq_unified - INFO - Column 'quantity': No null cells
2025-12-26 18:18:05,416 - dq_unified - INFO - Column 'age': No null cells
2025-12-26 18:18:05,417 - dq_unified - INFO - Column 'status': No null cells
2025-12-26 18:18:05,419 - dq_unified - INFO - Column 'description': No null cells
2025-12-26 18:18:05,421 - dq_unified - INFO - Total null cells found: 7,439
2025-12-26 18:18:05,422 - dq_unified - INFO - Checking for duplicate rows
2025-12-26 18:18:06,335 - dq_unified - INFO - Strict duplicates: 203
2025-12-26 18:18:06,335 - dq_unified - INFO - Business duplicates (after trimming): 203
2025-12-26 18:18:06,461 - dq_unified - INFO - Automatically detecting key field duplicates
2025-12-26 18:18:06,506 - dq_unified - INFO - Detected potential key fields: ['id', 'customer_id', 'transaction_id', 'customer_name', 'email', 'transaction_date']
2025-12-26 18:18:06,511 - dq_unified - WARNING - Found 203 duplicate values in field 'id'
2025-12-26 18:18:06,540 - dq_unified - WARNING - Found 402 duplicate values in field 'customer_id'
2025-12-26 18:18:06,570 - dq_unified - WARNING - Found 402 duplicate values in field 'transaction_id'
2025-12-26 18:18:06,573 - dq_unified - WARNING - Found 89,799 duplicate values in field 'customer_name'
2025-12-26 18:18:06,585 - dq_unified - WARNING - Found 89,318 duplicate values in field 'email'
2025-12-26 18:18:06,602 - dq_unified - WARNING - Found 89,412 duplicate values in field 'transaction_date'
2025-12-26 18:18:06,627 - dq_unified - INFO - Checking data formats with intelligent, adaptive detection
2025-12-26 18:18:06,628 - dq_unified - INFO - Analyzing column 'id' with 89999 non-null values
2025-12-26 18:18:06,629 - dq_unified - INFO -   ✓ Column 'id' matches 'numeric' pattern with 100.0% confidence
2025-12-26 18:18:06,740 - dq_unified - INFO - Analyzing column 'customer_id' with 89999 non-null values
2025-12-26 18:18:06,741 - dq_unified - INFO -   ✓ Column 'customer_id' matches 'code_id' pattern with 100.0% confidence
2025-12-26 18:18:06,869 - dq_unified - INFO - Analyzing column 'transaction_id' with 89999 non-null values
2025-12-26 18:18:06,869 - dq_unified - INFO -   ✓ Column 'transaction_id' matches 'code_id' pattern with 100.0% confidence
2025-12-26 18:18:06,986 - dq_unified - INFO - Analyzing column 'customer_name' with 86489 non-null values
2025-12-26 18:18:06,991 - dq_unified - INFO - Analyzing column 'email' with 88483 non-null values
2025-12-26 18:18:06,992 - dq_unified - INFO -   ✓ Column 'email' matches 'email' pattern with 100.0% confidence
2025-12-26 18:18:06,996 - dq_unified - WARNING -     Row 38: 'lisa.miller_outlook.com...' doesn't match Valid email format (user@domain.com)
2025-12-26 18:18:06,996 - dq_unified - WARNING -     Row 41: EMPTY value doesn't match Valid email format (user@domain.com)
2025-12-26 18:18:06,998 - dq_unified - WARNING -     Row 223: 'richard.miller.company.com...' doesn't match Valid email format (user@domain.com)
2025-12-26 18:18:07,171 - dq_unified - INFO -     Found 2242 format issues in column 'email'
2025-12-26 18:18:07,180 - dq_unified - INFO - Analyzing column 'phone' with 88719 non-null values
2025-12-26 18:18:07,181 - dq_unified - INFO -   ✓ Column 'phone' matches 'phone' pattern with 90.0% confidence
2025-12-26 18:18:07,182 - dq_unified - WARNING -     Row 19: '1-212-661-4003...' doesn't match Valid phone number (10-15 digits, optional country code)
2025-12-26 18:18:07,183 - dq_unified - WARNING -     Row 20: '1-212-914-1864...' doesn't match Valid phone number (10-15 digits, optional country code)
2025-12-26 18:18:07,184 - dq_unified - WARNING -     Row 23: '1-212-668-8253...' doesn't match Valid phone number (10-15 digits, optional country code)
2025-12-26 18:18:07,694 - dq_unified - INFO -     Found 19032 format issues in column 'phone'
2025-12-26 18:18:07,698 - dq_unified - INFO - Analyzing column 'transaction_date' with 89999 non-null values
2025-12-26 18:18:07,698 - dq_unified - INFO -   ✓ Column 'transaction_date' matches 'code_id' pattern with 100.0% confidence
2025-12-26 18:18:07,703 - dq_unified - WARNING -     Row 27: '10/18/2023...' doesn't match Alphanumeric code or ID
2025-12-26 18:18:07,703 - dq_unified - WARNING -     Row 28: '04/22/2023...' doesn't match Alphanumeric code or ID
2025-12-26 18:18:07,704 - dq_unified - WARNING -     Row 31: '05/15/2023...' doesn't match Alphanumeric code or ID
2025-12-26 18:18:08,040 - dq_unified - INFO -     Found 10847 format issues in column 'transaction_date'
2025-12-26 18:18:08,043 - dq_unified - INFO - Analyzing column 'amount' with 88866 non-null values
2025-12-26 18:18:08,045 - dq_unified - INFO -   ✓ Column 'amount' matches 'numeric' pattern with 100.0% confidence
2025-12-26 18:18:08,045 - dq_unified - WARNING -     Row 268: EMPTY value doesn't match Valid numeric value (integers or decimals)
2025-12-26 18:18:08,047 - dq_unified - WARNING -     Row 311: EMPTY value doesn't match Valid numeric value (integers or decimals)
2025-12-26 18:18:08,048 - dq_unified - WARNING -     Row 317: EMPTY value doesn't match Valid numeric value (integers or decimals)
2025-12-26 18:18:08,240 - dq_unified - INFO -     Found 1133 format issues in column 'amount'
2025-12-26 18:18:08,243 - dq_unified - INFO - Analyzing column 'quantity' with 89999 non-null values
2025-12-26 18:18:08,244 - dq_unified - INFO -   ✓ Column 'quantity' matches 'numeric' pattern with 100.0% confidence
2025-12-26 18:18:08,346 - dq_unified - INFO - Analyzing column 'age' with 89999 non-null values
2025-12-26 18:18:08,346 - dq_unified - INFO -   ✓ Column 'age' matches 'numeric' pattern with 100.0% confidence
2025-12-26 18:18:08,461 - dq_unified - INFO - Analyzing column 'status' with 89999 non-null values
2025-12-26 18:18:08,461 - dq_unified - INFO -   ✓ Column 'status' matches 'code_id' pattern with 100.0% confidence
2025-12-26 18:18:08,593 - dq_unified - INFO - Analyzing column 'description' with 89999 non-null values
2025-12-26 18:18:08,594 - dq_unified - INFO - Total format issues found: 33,254
2025-12-26 18:18:08,595 - dq_unified - INFO - Checking mandatory fields
2025-12-26 18:18:08,595 - dq_unified - INFO - DEBUG: UI data for mandatory fields: None
2025-12-26 18:18:08,598 - dq_unified - INFO - Available columns: ['id', 'customer_id', 'transaction_id', 'customer_name', 'email', 'phone', 'transaction_date', 'amount', 'quantity', 'age', 'status', 'description']
2025-12-26 18:18:10,300 - dq_unified - INFO - Checking ALL columns as mandatory: ['id', 'customer_id', 'transaction_id', 'customer_name', 'email', 'phone', 'transaction_date', 'amount', 'quantity', 'age', 'status', 'description']
2025-12-26 18:18:10,302 - dq_unified - INFO - Mandatory field 'id': 100.0% filled
2025-12-26 18:18:10,334 - dq_unified - INFO - Mandatory field 'customer_id': 100.0% filled
2025-12-26 18:18:10,364 - dq_unified - INFO - Mandatory field 'transaction_id': 100.0% filled
2025-12-26 18:18:10,365 - dq_unified - WARNING - Mandatory field 'customer_name': 3,510 missing values (96.1% filled)
2025-12-26 18:18:10,408 - dq_unified - WARNING - Mandatory field 'email': 1,516 missing values (98.3% filled)
2025-12-26 18:18:10,456 - dq_unified - WARNING - Mandatory field 'phone': 1,280 missing values (98.6% filled)
2025-12-26 18:18:10,500 - dq_unified - INFO - Mandatory field 'transaction_date': 100.0% filled
2025-12-26 18:18:10,501 - dq_unified - WARNING - Mandatory field 'amount': 1,133 missing values (98.7% filled)
2025-12-26 18:18:10,518 - dq_unified - INFO - Mandatory field 'quantity': 100.0% filled
2025-12-26 18:18:10,519 - dq_unified - INFO - Mandatory field 'age': 100.0% filled
2025-12-26 18:18:10,521 - dq_unified - INFO - Mandatory field 'status': 100.0% filled
2025-12-26 18:18:10,521 - dq_unified - INFO - Mandatory field 'description': 100.0% filled
2025-12-26 18:18:10,522 - dq_unified - INFO - Mandatory field check completed: 4 columns with issues, 7439 total missing values
2025-12-26 18:18:10,522 - dq_unified - INFO - Calculating overall quality score
2025-12-26 18:18:10,522 - dq_unified - INFO - Using known issue rows: 8 rows
2025-12-26 18:18:10,524 - dq_unified - INFO - Quality Score Calculation:
2025-12-26 18:18:10,524 - dq_unified - INFO -   Total rows: 89999
2025-12-26 18:18:10,527 - dq_unified - INFO -   Rows with issues: 8
2025-12-26 18:18:10,531 - dq_unified - INFO -   Good rows: 89991
2025-12-26 18:18:10,531 - dq_unified - INFO -   Quality Score: 99.99%
2025-12-26 18:18:10,532 - dq_unified - INFO - Generating detailed data quality report
2025-12-26 18:18:10,533 - dq_unified - INFO - Report for: CSV: source_data_90k.csv, Records: 89,999, Columns: 12
2025-12-26 18:18:10,533 - dq_unified - INFO - Overall quality score: 100.0%
2025-12-26 18:18:10,534 - dq_error_log - INFO - ErrorLogger initialized with database: dq_checks
2025-12-26 18:18:10,535 - dq_unified - INFO - Error Logger Session ID: SINGLE_20251226_181810
2025-12-26 18:18:15,116 - dq_audit - INFO - Audit class initialized with database: dq_checks
2025-12-26 18:18:15,117 - dq_audit - INFO - Starting database insertion for single_source...
2025-12-26 18:18:15,141 - dq_audit - INFO - Inserted single_source record with ID: 358
2025-12-26 18:18:15,141 - dq_unified - INFO - Audit logged for session: DQ_20251226_181815
2025-12-26 18:18:15,157 - dq_unified - INFO - Analysis completed successfully for CSV: source_data_90k.csv
2025-12-26 18:18:15,178 - __main__ - INFO - Single Source Analysis completed successfully
2025-12-26 18:18:15,179 - __main__ - INFO - Displaying main menu options to user
2025-12-26 18:21:23,017 - __main__ - INFO - User selected option: 6
2025-12-26 18:21:23,019 - __main__ - INFO - User session ended. Duration: 0:04:22.692452
2025-12-26 18:21:23,021 - __main__ - INFO - 👋 Thank you for using Universal Data Quality Framework!
