2025-12-27 17:09:21,385 - root - INFO - CLI Mode Logging Initialized
2025-12-27 17:09:21,386 - root - INFO - CLI logs will be saved to: logs/dq_framework_20251227_170921.log
2025-12-27 17:09:21,386 - __main__ - INFO - 🚀 UNIVERSAL DATA QUALITY FRAMEWORK INITIALIZED
2025-12-27 17:09:21,387 - __main__ - INFO - Starting system resource check
2025-12-27 17:09:21,393 - __main__ - INFO - Total RAM: 15.7 GB
2025-12-27 17:09:21,393 - __main__ - INFO - Available RAM: 3.6 GB
2025-12-27 17:09:21,393 - __main__ - INFO - Memory used: 76.9%
2025-12-27 17:09:21,393 - __main__ - INFO - Memory status: OK
2025-12-27 17:09:21,394 - __main__ - INFO - Free disk space: 263.8 GB
2025-12-27 17:09:21,394 - __main__ - INFO - Disk used: 44.6%
2025-12-27 17:09:21,394 - __main__ - INFO - Disk space: OK
2025-12-27 17:09:21,895 - __main__ - INFO - CPU cores: 8
2025-12-27 17:09:21,895 - __main__ - INFO - CPU usage: 40.0%
2025-12-27 17:09:21,896 - __main__ - INFO - Python version: 3.12.4
2025-12-27 17:09:21,896 - __main__ - INFO - System platform: win32
2025-12-27 17:09:21,897 - __main__ - INFO - User session started at: 2025-12-27 17:09:21.897273
2025-12-27 17:09:21,897 - __main__ - INFO - Displaying main menu options to user
2025-12-27 17:09:23,014 - __main__ - INFO - User selected option: 1
2025-12-27 17:09:23,015 - __main__ - INFO - Starting Single Source Analysis module
2025-12-27 17:09:23,020 - dq_unified - INFO - Starting unified data quality analysis
2025-12-27 17:09:23,020 - dq_unified - INFO - Prompting user for data source type
2025-12-27 17:09:23,020 - dq_unified - INFO - UI Data source_type: No UI data
2025-12-27 17:09:24,004 - dq_unified - INFO - User selected source type: 1
2025-12-27 17:09:25,821 - dq_unified - INFO - Loading data from CSV
2025-12-27 17:09:25,822 - dq_unified - INFO - Loading data from CSV
2025-12-27 17:09:25,823 - dq_unified - INFO - Loading large CSV: C:/Users/003160/OneDrive - wisseninfotech.com/Documents/DQ-Checks-Shashi/Test_data/sample_data.csv
2025-12-27 17:09:25,826 - dq_unified - INFO - CSV file has 15 rows
2025-12-27 17:09:25,826 - dq_unified - INFO - Loading 15 rows from CSV...
2025-12-27 17:09:25,833 - dq_unified - INFO - Loaded 15 rows from CSV
2025-12-27 17:09:25,837 - dq_unified - INFO - Memory optimization: 0.0MB -> 0.0MB (Saved: 0.0MB)
2025-12-27 17:09:25,838 - dq_unified - INFO - Loaded 15 rows, 10 columns. Memory: 86.6MB total, 0.0MB for dataframe
2025-12-27 17:09:25,839 - dq_unified - INFO - DATA PREVIEW:
2025-12-27 17:09:25,839 - dq_unified - INFO -    Total rows: 15
2025-12-27 17:09:25,839 - dq_unified - INFO -    Total columns: 10
2025-12-27 17:09:25,841 - dq_unified - INFO -    Columns: ['CustomerName', 'Email', 'Phone', 'Salary', 'Department', 'JoinDate', 'PostalCode', 'City', 'Country', 'State']
2025-12-27 17:09:25,841 - dq_unified - INFO - Running quality checks
2025-12-27 17:09:25,841 - dq_unified - INFO - Checking for null/empty values
2025-12-27 17:09:25,842 - dq_unified - WARNING - Column 'CustomerName': 1 empty cells (6.7%)
2025-12-27 17:09:25,844 - dq_unified - WARNING - Column 'Email': 1 empty cells (6.7%)
2025-12-27 17:09:25,846 - dq_unified - INFO - Column 'Phone': No empty cells
2025-12-27 17:09:25,846 - dq_unified - WARNING - Column 'Salary': 2 empty cells (13.3%)
2025-12-27 17:09:25,847 - dq_unified - WARNING - Column 'Department': 1 empty cells (6.7%)
2025-12-27 17:09:25,848 - dq_unified - INFO - Column 'JoinDate': No empty cells
2025-12-27 17:09:25,849 - dq_unified - INFO - Column 'PostalCode': No empty cells
2025-12-27 17:09:25,849 - dq_unified - INFO - Column 'City': No empty cells
2025-12-27 17:09:25,850 - dq_unified - INFO - Column 'Country': No empty cells
2025-12-27 17:09:25,850 - dq_unified - WARNING - Column 'State': 1 empty cells (6.7%)
2025-12-27 17:09:25,851 - dq_unified - INFO - Total empty cells found: 6
2025-12-27 17:09:25,851 - dq_unified - INFO - Checking for duplicate rows
2025-12-27 17:09:25,852 - dq_unified - INFO - Cleaning data (removing whitespace)...
2025-12-27 17:09:25,853 - dq_unified - INFO - Columns after cleaning: ['CustomerName', 'Email', 'Phone', 'Salary', 'Department', 'JoinDate', 'PostalCode', 'City', 'Country', 'State']
2025-12-27 17:09:25,857 - dq_unified - INFO - Sample of first column after cleaning: 'John Doe'
2025-12-27 17:09:25,857 - dq_unified - INFO - Sample of row 6 first column: 'John Doe'
2025-12-27 17:09:25,857 - dq_unified - INFO - Total rows to check: 15
2025-12-27 17:09:25,859 - dq_unified - INFO - Checking first column 'CustomerName' for serial numbers
2025-12-27 17:09:25,860 - dq_unified - INFO - First 5 values: ['John Doe', 'Jane Smith', 'Bob Johnson', 'Alice Brown', 'Charlie Wilson']
2025-12-27 17:09:25,861 - dq_unified - INFO -   Row 1: 'John Doe' → Not numeric
2025-12-27 17:09:25,862 - dq_unified - INFO -   Row 2: 'Jane Smith' → Not numeric
2025-12-27 17:09:25,862 - dq_unified - INFO -   Row 3: 'Bob Johnson' → Not numeric
2025-12-27 17:09:25,862 - dq_unified - INFO - Not enough numeric values to be serial: []
2025-12-27 17:09:25,863 - dq_unified - INFO - Checking duplicates on ALL columns
2025-12-27 17:09:25,863 - dq_unified - INFO - First few rows for comparison:
2025-12-27 17:09:25,864 - dq_unified - INFO -   Row 0: {'CustomerName': 'John Doe', 'Email': 'john@email.com', 'Phone': '1234567890'}
2025-12-27 17:09:25,864 - dq_unified - INFO -   Row 1: {'CustomerName': 'Jane Smith', 'Email': 'jane@email.com', 'Phone': '9876543210'}
2025-12-27 17:09:25,865 - dq_unified - INFO -   Row 2: {'CustomerName': 'Bob Johnson', 'Email': 'nan', 'Phone': '5551234567'}
2025-12-27 17:09:25,866 - dq_unified - INFO - Duplicate mask found 2 rows
2025-12-27 17:09:25,866 - dq_unified - INFO - Found 2 potential duplicate rows
2025-12-27 17:09:25,867 - dq_unified - INFO - Unique duplicate groups: 1
2025-12-27 17:09:25,867 - dq_unified - INFO - Duplicate groups found:
2025-12-27 17:09:25,868 - dq_unified - INFO -   Group sample: Pandas(Index=0, CustomerName='John Doe', Email='john@email.com', Phone='1234567890', Salary='50000.0', Department='IT', JoinDate='15-01-2023', PostalCode='10001', City='New York', Country='USA', State='TS')
2025-12-27 17:09:25,868 - dq_unified - INFO - Processing 2 duplicate indices
2025-12-27 17:09:25,868 - dq_unified - INFO - FINAL RESULT: Found 2 duplicate groups
2025-12-27 17:09:25,868 - dq_unified - ERROR - Error in unified analysis: cannot access local variable 'batch_errors' where it is not associated with a value
Traceback (most recent call last):
  File "C:\Users\003160\OneDrive - wisseninfotech.com\Documents\DQ-Checks-Shashi\data_quality_framework-V2\dq_unified.py", line 2319, in main
    duplicate_count, duplicate_rows = check_duplicates(df)
                                      ^^^^^^^^^^^^^^^^^^^^
  File "C:\Users\003160\OneDrive - wisseninfotech.com\Documents\DQ-Checks-Shashi\data_quality_framework-V2\dq_unified.py", line 1302, in check_duplicates
    if batch_errors:
       ^^^^^^^^^^^^
UnboundLocalError: cannot access local variable 'batch_errors' where it is not associated with a value
2025-12-27 17:09:25,871 - __main__ - INFO - Single Source Analysis completed successfully
2025-12-27 17:09:25,872 - __main__ - INFO - Displaying main menu options to user
2025-12-27 17:16:46,647 - __main__ - INFO - User selected option: 6
2025-12-27 17:16:46,650 - __main__ - INFO - User session ended. Duration: 0:07:24.753665
2025-12-27 17:16:46,650 - __main__ - INFO - 👋 Thank you for using Universal Data Quality Framework!
