2026-01-07 12:33:27,278 - root - INFO - CLI Mode Logging Initialized
2026-01-07 12:33:27,279 - root - INFO - CLI logs will be saved to: logs/dq_framework_20260107_123327.log
2026-01-07 12:33:27,279 - __main__ - INFO - 🚀 UNIVERSAL DATA QUALITY FRAMEWORK INITIALIZED
2026-01-07 12:33:27,281 - __main__ - INFO - Starting system resource check
2026-01-07 12:33:27,289 - __main__ - INFO - Total RAM: 15.7 GB
2026-01-07 12:33:27,291 - __main__ - INFO - Available RAM: 2.9 GB
2026-01-07 12:33:27,292 - __main__ - INFO - Memory used: 81.7%
2026-01-07 12:33:27,292 - __main__ - INFO - Memory status: OK
2026-01-07 12:33:27,294 - __main__ - INFO - Free disk space: 258.7 GB
2026-01-07 12:33:27,295 - __main__ - INFO - Disk used: 45.7%
2026-01-07 12:33:27,295 - __main__ - INFO - Disk space: OK
2026-01-07 12:33:27,797 - __main__ - INFO - CPU cores: 8
2026-01-07 12:33:27,798 - __main__ - INFO - CPU usage: 24.9%
2026-01-07 12:33:27,798 - __main__ - INFO - Python version: 3.12.4
2026-01-07 12:33:27,799 - __main__ - INFO - System platform: win32
2026-01-07 12:33:27,799 - __main__ - INFO - User session started at: 2026-01-07 12:33:27.799529
2026-01-07 12:33:27,799 - __main__ - INFO - Displaying main menu options to user
2026-01-07 12:34:00,873 - __main__ - INFO - User selected option: 2
2026-01-07 12:34:00,874 - __main__ - INFO - Starting Source-Target Comparison module
2026-01-07 12:34:00,880 - dq_comparison - INFO - STARTING UNIVERSAL SOURCE-TARGET COMPARISON TOOL
2026-01-07 12:34:00,881 - dq_comparison - INFO - LOADING SOURCE AND TARGET DATA
2026-01-07 12:34:00,881 - dq_comparison - INFO - 
==================================================
2026-01-07 12:34:00,882 - dq_comparison - INFO - 🔗 SOURCE DATA CONFIGURATION
2026-01-07 12:34:00,882 - dq_comparison - INFO - ==================================================
2026-01-07 12:34:10,661 - dq_comparison - INFO - SOURCE Excel loaded: 50 rows, 8 columns
2026-01-07 12:34:10,661 - dq_comparison - INFO - 
==================================================
2026-01-07 12:34:10,663 - dq_comparison - INFO - 🔗 TARGET DATA CONFIGURATION
2026-01-07 12:34:10,666 - dq_comparison - INFO - ==================================================
2026-01-07 12:34:32,394 - dq_comparison - INFO - TARGET CSV loaded: 50 rows, 8 columns
2026-01-07 12:34:32,395 - dq_comparison - INFO - SELECTING COLUMNS FOR COMPARISON
2026-01-07 12:34:32,396 - dq_comparison - INFO - Source columns (original): ['CustomerID', 'FirstName', 'LastName', 'PhoneNumber', 'Email', 'Salary', 'JoinDate', 'Address']
2026-01-07 12:34:32,396 - dq_comparison - INFO - Target columns (original): ['CustomerID', 'FirstName', 'LastName', 'PhoneNumber', 'Email', 'Salary', 'JoinDate', 'Address']
2026-01-07 12:34:32,398 - dq_comparison - INFO - Common columns lowercased: ['customerid', 'address', 'firstname', 'salary', 'email', 'joindate', 'lastname', 'phonenumber']
2026-01-07 12:34:32,402 - dq_comparison - INFO - Found 8 common columns between source and target (case-insensitive)
2026-01-07 12:34:32,403 - dq_comparison - INFO - 
📋 Common columns available for comparison:
2026-01-07 12:34:32,403 - dq_comparison - INFO -   1. CustomerID (Source) ↔ CustomerID (Target)
2026-01-07 12:34:32,404 - dq_comparison - INFO -   2. Address (Source) ↔ Address (Target)
2026-01-07 12:34:32,405 - dq_comparison - INFO -   3. FirstName (Source) ↔ FirstName (Target)
2026-01-07 12:34:32,406 - dq_comparison - INFO -   4. Salary (Source) ↔ Salary (Target)
2026-01-07 12:34:32,406 - dq_comparison - INFO -   5. Email (Source) ↔ Email (Target)
2026-01-07 12:34:32,408 - dq_comparison - INFO -   6. JoinDate (Source) ↔ JoinDate (Target)
2026-01-07 12:34:32,409 - dq_comparison - INFO -   7. LastName (Source) ↔ LastName (Target)
2026-01-07 12:34:32,410 - dq_comparison - INFO -   8. PhoneNumber (Source) ↔ PhoneNumber (Target)
2026-01-07 12:34:42,684 - dq_comparison - INFO - User column selection input: all
2026-01-07 12:34:42,685 - dq_comparison - INFO - User selected ALL common columns for comparison
2026-01-07 12:34:42,686 - dq_comparison - INFO - GENERATING COMPREHENSIVE COMPARISON REPORT
2026-01-07 12:34:42,690 - dq_comparison - INFO - Report details - Source: Excel: test_source.xlsx (Sheet1), Target: CSV: test_target.csv, Selected columns: 8
2026-01-07 12:34:42,691 - dq_comparison - INFO - Initializing Error Logger...
2026-01-07 12:34:42,692 - dq_error_log - INFO - ErrorLogger initialized with database: dq_checks
2026-01-07 12:34:43,427 - dq_error_log - INFO - Database connection successful
2026-01-07 12:34:43,429 - dq_comparison - INFO - Session ID: CMP_20260107_123443
2026-01-07 12:34:43,429 - dq_comparison - INFO - 
======================================================================
2026-01-07 12:34:43,433 - dq_comparison - INFO - 🔄 RUNNING SOURCE-TARGET COMPARISON WITH PERFECT NORMALIZATION
2026-01-07 12:34:43,433 - dq_comparison - INFO - ======================================================================
2026-01-07 12:34:43,433 - dq_comparison - INFO - Session ID: CMP_20260107_123443
2026-01-07 12:34:43,434 - dq_comparison - INFO - Source: Excel: test_source.xlsx (Sheet1)
2026-01-07 12:34:43,435 - dq_comparison - INFO - Target: CSV: test_target.csv
2026-01-07 12:34:43,436 - dq_comparison - INFO - Selected columns: 8
2026-01-07 12:34:43,437 - dq_comparison - INFO - ======================================================================
2026-01-07 12:34:43,437 - dq_comparison - INFO - 
1️⃣ FIRST: ROW COUNT CHECK
2026-01-07 12:34:43,439 - dq_comparison - INFO - ✅ Row counts match: 50 rows
2026-01-07 12:34:43,439 - dq_comparison - INFO - 
2️⃣ COLUMN STRUCTURE COMPARISON
2026-01-07 12:34:43,440 - dq_comparison - INFO - Comparing column structures...
2026-01-07 12:34:43,440 - dq_comparison - INFO - Column structure comparison complete. Match: True
2026-01-07 12:34:43,441 - dq_comparison - INFO - 
3️⃣ PRIMARY KEY VALIDATION
2026-01-07 12:34:43,442 - dq_comparison - INFO - Validating primary key/unique fields...
2026-01-07 12:34:43,442 - dq_comparison - INFO - Checking key fields: ['CustomerID', 'CustomerID']
2026-01-07 12:34:43,447 - dq_comparison - INFO - Primary key validation complete. Passed: True
2026-01-07 12:34:43,448 - dq_comparison - INFO -    Key fields found: ['CustomerID', 'CustomerID']
2026-01-07 12:34:43,449 - dq_comparison - INFO -    Unique in source: ✅
2026-01-07 12:34:43,451 - dq_comparison - INFO -    Unique in target: ✅
2026-01-07 12:34:43,452 - dq_comparison - INFO -    Validation passed: ✅
2026-01-07 12:34:43,453 - dq_comparison - INFO -    Column names match: ✅
2026-01-07 12:34:43,453 - dq_comparison - INFO -    Column order match: ✅
2026-01-07 12:34:43,454 - dq_comparison - INFO -    Data types match: ✅
2026-01-07 12:34:43,455 - dq_comparison - INFO - 
4️⃣ TABLE METADATA COMPARISON
2026-01-07 12:34:43,455 - dq_comparison - INFO - Comparing table-level metadata...
2026-01-07 12:34:43,466 - dq_comparison - INFO - Table metadata comparison complete. Match: True
2026-01-07 12:34:43,467 - dq_comparison - INFO -    Table metadata match: ✅
2026-01-07 12:34:43,467 - dq_comparison - INFO -    Source: 50 rows, 8 cols, 0.02 MB
2026-01-07 12:34:43,468 - dq_comparison - INFO -    Target: 50 rows, 8 cols, 0.02 MB
2026-01-07 12:34:43,469 - dq_comparison - INFO - 
5️⃣ HASH-BASED COMPARISON
2026-01-07 12:34:43,470 - dq_comparison - INFO - ℹ️  Note: All NULL values normalized to 'NULL'
2026-01-07 12:34:43,470 - dq_comparison - INFO - ℹ️  Note: Dates normalized to YYYY-MM-DD
2026-01-07 12:34:43,471 - dq_comparison - INFO - ℹ️  Note: Strings trimmed and case-normalized
2026-01-07 12:34:43,472 - dq_comparison - INFO - ℹ️  Note: Phone numbers stripped to digits only, leading zeros removed
2026-01-07 12:34:43,472 - dq_comparison - INFO - SECOND CHECK: HASH-BASED COMPARISON WITH PERFECT NORMALIZATION
2026-01-07 12:34:43,473 - dq_comparison - INFO - Source DF columns: ['CustomerID', 'FirstName', 'LastName', 'PhoneNumber', 'Email', 'Salary', 'JoinDate', 'Address']
2026-01-07 12:34:43,473 - dq_comparison - INFO - Target DF columns: ['CustomerID', 'FirstName', 'LastName', 'PhoneNumber', 'Email', 'Salary', 'JoinDate', 'Address']
2026-01-07 12:34:43,474 - dq_comparison - INFO - Selected columns for comparison: ['CustomerID', 'Address', 'FirstName', 'Salary', 'Email', 'JoinDate', 'LastName', 'PhoneNumber']
2026-01-07 12:34:43,475 - dq_comparison - INFO - Using 8 common columns for hash comparison
2026-01-07 12:34:43,475 - dq_comparison - INFO - Source columns: ['CustomerID', 'Address', 'FirstName', 'Salary', 'Email', 'JoinDate', 'LastName', 'PhoneNumber']
2026-01-07 12:34:43,477 - dq_comparison - INFO - Target columns: ['CustomerID', 'Address', 'FirstName', 'Salary', 'Email', 'JoinDate', 'LastName', 'PhoneNumber']
2026-01-07 12:34:43,482 - dq_comparison - INFO - Generating hashes for source data (50 rows)...
2026-01-07 12:34:43,491 - dq_comparison - INFO - Generating hashes for target data (50 rows)...
2026-01-07 12:34:43,503 - dq_comparison - INFO - Hash-based Comparison Results (with duplicate handling):
2026-01-07 12:34:43,503 - dq_comparison - INFO -   • Unique source hashes: 50
2026-01-07 12:34:43,504 - dq_comparison - INFO -   • Unique target hashes: 50
2026-01-07 12:34:43,504 - dq_comparison - INFO -   • Common hashes: 10
2026-01-07 12:34:43,505 - dq_comparison - INFO -   • Common rows (counting duplicates): 10
2026-01-07 12:34:43,505 - dq_comparison - INFO -   • Rows only in source (counting duplicates): 40
2026-01-07 12:34:43,506 - dq_comparison - INFO -   • Rows only in target (counting duplicates): 40
2026-01-07 12:34:43,507 - dq_comparison - INFO - Found 40 rows missing in target
2026-01-07 12:34:43,524 - dq_error_log - ERROR - General Error logging error: slice(None, 200, None)
2026-01-07 12:34:43,548 - dq_error_log - INFO - Created fallback file: dq_error_logs_fallback.csv
2026-01-07 12:34:43,565 - dq_error_log - ERROR - General Error logging error: slice(None, 200, None)
2026-01-07 12:34:43,595 - dq_error_log - ERROR - General Error logging error: slice(None, 200, None)
2026-01-07 12:34:43,624 - dq_error_log - ERROR - General Error logging error: slice(None, 200, None)
2026-01-07 12:34:43,654 - dq_error_log - ERROR - General Error logging error: slice(None, 200, None)
2026-01-07 12:34:43,669 - dq_comparison - INFO - Found 40 extra rows in target
2026-01-07 12:34:43,685 - dq_error_log - ERROR - General Error logging error: slice(None, 200, None)
2026-01-07 12:34:43,713 - dq_error_log - ERROR - General Error logging error: slice(None, 200, None)
2026-01-07 12:34:43,740 - dq_error_log - ERROR - General Error logging error: slice(None, 200, None)
2026-01-07 12:34:43,769 - dq_error_log - ERROR - General Error logging error: slice(None, 200, None)
2026-01-07 12:34:43,797 - dq_error_log - ERROR - General Error logging error: slice(None, 200, None)
2026-01-07 12:34:43,813 - dq_comparison - INFO - PERFORMING DETAILED COLUMN-BY-COLUMN COMPARISON...
2026-01-07 12:34:43,814 - dq_comparison - INFO - Will compare 50 rows (min of source:50 and target:50)
2026-01-07 12:34:43,830 - dq_error_log - ERROR - General Error logging error: slice(None, 200, None)
2026-01-07 12:34:43,860 - dq_error_log - ERROR - General Error logging error: slice(None, 200, None)
2026-01-07 12:34:43,886 - dq_error_log - ERROR - General Error logging error: slice(None, 200, None)
2026-01-07 12:34:43,918 - dq_error_log - ERROR - General Error logging error: slice(None, 200, None)
2026-01-07 12:34:43,951 - dq_error_log - ERROR - General Error logging error: slice(None, 200, None)
2026-01-07 12:34:43,979 - dq_error_log - ERROR - General Error logging error: slice(None, 200, None)
2026-01-07 12:34:44,005 - dq_error_log - ERROR - General Error logging error: slice(None, 200, None)
2026-01-07 12:34:44,032 - dq_error_log - ERROR - General Error logging error: slice(None, 200, None)
2026-01-07 12:34:44,059 - dq_error_log - ERROR - General Error logging error: slice(None, 200, None)
2026-01-07 12:34:44,090 - dq_error_log - ERROR - General Error logging error: slice(None, 200, None)
2026-01-07 12:34:44,119 - dq_error_log - ERROR - General Error logging error: slice(None, 200, None)
2026-01-07 12:34:44,149 - dq_error_log - ERROR - General Error logging error: slice(None, 200, None)
2026-01-07 12:34:44,180 - dq_error_log - ERROR - General Error logging error: slice(None, 200, None)
2026-01-07 12:34:44,211 - dq_error_log - ERROR - General Error logging error: slice(None, 200, None)
2026-01-07 12:34:44,240 - dq_error_log - ERROR - General Error logging error: slice(None, 200, None)
2026-01-07 12:34:44,270 - dq_error_log - ERROR - General Error logging error: slice(None, 200, None)
2026-01-07 12:34:44,301 - dq_error_log - ERROR - General Error logging error: slice(None, 200, None)
2026-01-07 12:34:44,328 - dq_error_log - ERROR - General Error logging error: slice(None, 200, None)
2026-01-07 12:34:44,355 - dq_error_log - ERROR - General Error logging error: slice(None, 200, None)
2026-01-07 12:34:44,385 - dq_error_log - ERROR - General Error logging error: slice(None, 200, None)
2026-01-07 12:34:44,417 - dq_error_log - ERROR - General Error logging error: slice(None, 200, None)
2026-01-07 12:34:44,449 - dq_error_log - ERROR - General Error logging error: slice(None, 200, None)
2026-01-07 12:34:44,478 - dq_error_log - ERROR - General Error logging error: slice(None, 200, None)
2026-01-07 12:34:44,513 - dq_error_log - ERROR - General Error logging error: slice(None, 200, None)
2026-01-07 12:34:44,553 - dq_error_log - ERROR - General Error logging error: slice(None, 200, None)
2026-01-07 12:34:44,591 - dq_error_log - ERROR - General Error logging error: slice(None, 200, None)
2026-01-07 12:34:44,640 - dq_error_log - ERROR - General Error logging error: slice(None, 200, None)
2026-01-07 12:34:44,679 - dq_error_log - ERROR - General Error logging error: slice(None, 200, None)
2026-01-07 12:34:44,731 - dq_error_log - ERROR - General Error logging error: slice(None, 200, None)
2026-01-07 12:34:44,777 - dq_error_log - ERROR - General Error logging error: slice(None, 200, None)
2026-01-07 12:34:44,814 - dq_error_log - ERROR - General Error logging error: slice(None, 200, None)
2026-01-07 12:34:44,849 - dq_error_log - ERROR - General Error logging error: slice(None, 200, None)
2026-01-07 12:34:44,881 - dq_error_log - ERROR - General Error logging error: slice(None, 200, None)
2026-01-07 12:34:44,914 - dq_error_log - ERROR - General Error logging error: slice(None, 200, None)
2026-01-07 12:34:44,946 - dq_error_log - ERROR - General Error logging error: slice(None, 200, None)
2026-01-07 12:34:44,981 - dq_error_log - ERROR - General Error logging error: slice(None, 200, None)
2026-01-07 12:34:45,016 - dq_error_log - ERROR - General Error logging error: slice(None, 200, None)
2026-01-07 12:34:45,051 - dq_error_log - ERROR - General Error logging error: slice(None, 200, None)
2026-01-07 12:34:45,077 - dq_error_log - ERROR - General Error logging error: slice(None, 200, None)
2026-01-07 12:34:45,103 - dq_error_log - ERROR - General Error logging error: slice(None, 200, None)
2026-01-07 12:34:45,118 - dq_comparison - INFO - Found 40 column value mismatches across all rows
2026-01-07 12:34:45,118 - dq_comparison - INFO - Returning counts for simple scoring:
2026-01-07 12:34:45,118 - dq_comparison - INFO -   Common rows: 10
2026-01-07 12:34:45,120 - dq_comparison - INFO -   Unique to source: 40
2026-01-07 12:34:45,121 - dq_comparison - INFO -   Unique to target: 40
2026-01-07 12:34:45,123 - dq_comparison - INFO -   Value mismatches: 40
2026-01-07 12:34:45,124 - dq_comparison - INFO - 
6️⃣ DATA QUALITY ANALYSIS
2026-01-07 12:34:45,124 - dq_comparison - INFO - Analyzing data quality metrics...
2026-01-07 12:34:45,141 - dq_comparison - INFO - Null values - Source: 5 (1.25%), Target: 5 (1.25%)
2026-01-07 12:34:45,143 - dq_comparison - INFO - Duplicate rows (normalized) - Source: 0, Target: 0
2026-01-07 12:34:45,156 - dq_error_log - INFO - Retrieved 0 errors for session CMP_20260107_123443
2026-01-07 12:34:45,156 - dq_comparison - INFO - 
📊 SIMPLE SCORING CALCULATION:
2026-01-07 12:34:45,157 - dq_comparison - INFO -   Source rows: 50
2026-01-07 12:34:45,159 - dq_comparison - INFO -   Common rows (matched): 10
2026-01-07 12:34:45,160 - dq_comparison - INFO -   Calculation: (10 / 50) * 100 = 20.00%
2026-01-07 12:34:45,160 - dq_comparison - INFO -   Explanation: 10 matched rows out of 50 total source rows
2026-01-07 12:34:45,161 - dq_comparison - INFO - 
=== AUDIT LOGGING SECTION ===
2026-01-07 12:34:45,168 - dq_comparison - INFO - 🔍 Audit logging is ENABLED in APP_SETTINGS
2026-01-07 12:34:45,169 - dq_audit - INFO - Audit class initialized with database: dq_checks
2026-01-07 12:34:45,171 - dq_comparison - INFO - Attempting to log audit record for session: CMP_20260107_123443
2026-01-07 12:34:45,171 - dq_audit - INFO - Starting database insertion for comparison...
2026-01-07 12:34:45,193 - dq_audit - INFO - Inserted comparison record with ID: 528
2026-01-07 12:34:45,194 - dq_comparison - INFO - ✅ Audit record logged successfully (ID: 528)
2026-01-07 12:34:45,194 - dq_comparison - INFO - 
======================================================================
2026-01-07 12:34:45,197 - dq_comparison - INFO - 📊 COMPARISON RESULTS SUMMARY
2026-01-07 12:34:45,198 - dq_comparison - INFO - ======================================================================
2026-01-07 12:34:45,200 - dq_comparison - INFO - Session ID: CMP_20260107_123443
2026-01-07 12:34:45,201 - dq_comparison - INFO - Source: Excel: test_source.xlsx (Sheet1) (50 rows)
2026-01-07 12:34:45,204 - dq_comparison - INFO - Target: CSV: test_target.csv (50 rows)
2026-01-07 12:34:45,204 - dq_comparison - INFO - Selected columns: 8
2026-01-07 12:34:45,205 - dq_comparison - INFO - ----------------------------------------------------------------------
2026-01-07 12:34:45,206 - dq_comparison - INFO - 1️⃣ Row count match: ✅ Yes
2026-01-07 12:34:45,207 - dq_comparison - INFO - 2️⃣ Column structure match: ✅ Yes
2026-01-07 12:34:45,207 - dq_comparison - INFO - 3️ Primary key validation: ✅ Passed
2026-01-07 12:34:45,208 - dq_comparison - INFO -    Key fields: ['CustomerID', 'CustomerID']
2026-01-07 12:34:45,208 - dq_comparison - INFO - 4️ Table metadata: ✅ Match
2026-01-07 12:34:45,209 - dq_comparison - INFO - 5️ Common rows (hash match): 10 (20.00% of source)
2026-01-07 12:34:45,210 - dq_comparison - INFO - 6️ Rows only in source: 40
2026-01-07 12:34:45,210 - dq_comparison - INFO - 7️ Rows only in target: 40
2026-01-07 12:34:45,210 - dq_comparison - INFO - 8️ Column value mismatches: 0
2026-01-07 12:34:45,211 - dq_comparison - INFO - 9️ Data quality match: ✅ Yes
2026-01-07 12:34:45,212 - dq_comparison - INFO - 📈 DQ Score: 20.00%
2026-01-07 12:34:45,213 - dq_comparison - INFO - 📊 Calculation: (10 / 50) * 100 = 20.00%
2026-01-07 12:34:45,213 - dq_comparison - INFO - ======================================================================
2026-01-07 12:34:45,217 - dq_comparison - INFO - 
❌ LOW MATCH! Major differences found.
2026-01-07 12:34:45,219 - dq_comparison - INFO - 
🔍 NORMALIZATION APPLIED:
2026-01-07 12:34:45,220 - dq_comparison - INFO -    • NULL values → 'NULL' (consistent representation)
2026-01-07 12:34:45,221 - dq_comparison - INFO -    • Dates → YYYY-MM-DD format
2026-01-07 12:34:45,221 - dq_comparison - INFO -    • Strings → trimmed + lowercase
2026-01-07 12:34:45,222 - dq_comparison - INFO -    • Numeric values → standardized format
2026-01-07 12:34:45,223 - dq_comparison - INFO -    • Phone numbers → digits only, ALL leading zeros removed
2026-01-07 12:34:45,223 - dq_comparison - INFO -    • Extra whitespace removed
2026-01-07 12:34:45,224 - dq_comparison - INFO - 
🔍 DETAILED ERROR ANALYSIS:
2026-01-07 12:34:45,224 - dq_comparison - INFO - --------------------------------------------------
2026-01-07 12:34:45,240 - dq_error_log - INFO - Retrieved 0 errors for session CMP_20260107_123443
2026-01-07 12:34:45,241 - dq_comparison - INFO - 
💡 For complete error details, run:
2026-01-07 12:34:45,241 - dq_comparison - INFO -    USE dq_checks;
2026-01-07 12:34:45,243 - dq_comparison - INFO -    SELECT excel_row, column_name, error_type, error_description,
2026-01-07 12:34:45,244 - dq_comparison - INFO -           actual_value, expected_value
2026-01-07 12:34:45,244 - dq_comparison - INFO -    FROM dq_error_logs
2026-01-07 12:34:45,245 - dq_comparison - INFO -    WHERE session_id = 'CMP_20260107_123443'
2026-01-07 12:34:45,245 - dq_comparison - INFO -    ORDER BY excel_row, column_name;
2026-01-07 12:34:45,266 - dq_comparison - INFO - 
✅ Comparison completed! Session ID: CMP_20260107_123443
2026-01-07 12:34:45,283 - dq_error_log - INFO - Retrieved 1 error logs for session CMP_20260107_123443
2026-01-07 12:34:45,300 - dq_error_log - INFO - Retrieved summary: 1 total errors for session CMP_20260107_123443
2026-01-07 12:34:45,300 - dq_audit - INFO - Audit class initialized with database: dq_checks
2026-01-07 12:34:45,321 - dq_audit - INFO - Retrieved 1 audit logs for session CMP_20260107_123443
2026-01-07 12:34:45,323 - dq_comparison - INFO - 
🔍 Final results verification:
2026-01-07 12:34:45,323 - dq_comparison - INFO -    Session ID: CMP_20260107_123443
2026-01-07 12:34:45,324 - dq_comparison - INFO -    DQ Score (Simple %): 20.00%
2026-01-07 12:34:45,326 - dq_comparison - INFO -    Source rows: 50
2026-01-07 12:34:45,327 - dq_comparison - INFO -    Matched rows: 10
2026-01-07 12:34:45,331 - dq_comparison - INFO -    Calculation: (10 / 50) * 100
2026-01-07 12:34:45,332 - __main__ - INFO - Source-Target Comparison completed successfully
2026-01-07 12:34:45,332 - __main__ - INFO - Displaying main menu options to user
2026-01-07 12:35:34,334 - __main__ - INFO - User selected option: 6
2026-01-07 12:35:34,335 - __main__ - INFO - User session ended. Duration: 0:02:06.536217
2026-01-07 12:35:34,335 - __main__ - INFO - 👋 Thank you for using Universal Data Quality Framework!
