2026-01-18 10:16:36,792 - root - INFO - CLI Mode Logging Initialized
2026-01-18 10:16:36,792 - root - INFO - CLI logs will be saved to: logs/dq_framework_20260118_101636.log
2026-01-18 10:16:36,793 - __main__ - INFO - 🚀 UNIVERSAL DATA QUALITY FRAMEWORK INITIALIZED
2026-01-18 10:16:36,793 - __main__ - INFO - Starting system resource check
2026-01-18 10:16:36,801 - __main__ - INFO - Total RAM: 15.7 GB
2026-01-18 10:16:36,801 - __main__ - INFO - Available RAM: 2.2 GB
2026-01-18 10:16:36,801 - __main__ - INFO - Memory used: 85.9%
2026-01-18 10:16:36,801 - __main__ - INFO - Memory status: OK
2026-01-18 10:16:36,803 - __main__ - INFO - Free disk space: 256.5 GB
2026-01-18 10:16:36,803 - __main__ - INFO - Disk used: 46.1%
2026-01-18 10:16:36,803 - __main__ - INFO - Disk space: OK
2026-01-18 10:16:37,305 - __main__ - INFO - CPU cores: 8
2026-01-18 10:16:37,305 - __main__ - INFO - CPU usage: 42.2%
2026-01-18 10:16:37,306 - __main__ - INFO - Python version: 3.12.4
2026-01-18 10:16:37,306 - __main__ - INFO - System platform: win32
2026-01-18 10:16:37,306 - __main__ - INFO - User session started at: 2026-01-18 10:16:37.306583
2026-01-18 10:16:37,307 - __main__ - INFO - Displaying main menu options to user
2026-01-18 10:16:39,313 - __main__ - INFO - User selected option: 3
2026-01-18 10:16:39,315 - __main__ - INFO - Starting Advanced Data Checks module
2026-01-18 10:16:39,324 - dq_advanced - INFO - Starting advanced data quality analysis
2026-01-18 10:16:39,331 - dq_advanced - INFO - LOADING DATA FOR ADVANCED CHECKS
2026-01-18 10:16:39,333 - dq_unified - INFO - Prompting user for data source type
2026-01-18 10:16:39,334 - dq_unified - INFO - UI Data source_type: No UI data
2026-01-18 10:16:40,581 - dq_unified - INFO - User selected source type: 3
2026-01-18 10:16:40,583 - dq_unified - INFO - Getting database configuration - Dual mode
2026-01-18 10:16:42,210 - dq_unified - INFO - User selected Browse and Select mode
2026-01-18 10:16:42,223 - database_navigator - INFO - DatabaseNavigator initialized
2026-01-18 10:16:42,224 - database_navigator - INFO - Starting database navigation...
2026-01-18 10:16:46,115 - database_navigator - INFO - Database type: mysql
2026-01-18 10:16:46,116 - database_navigator - INFO - Getting database configuration...
2026-01-18 10:16:47,980 - database_navigator - INFO - Connecting to MYSQL...
2026-01-18 10:16:48,222 - database_navigator - INFO - Successfully connected to MYSQL!
2026-01-18 10:16:48,229 - database_navigator - INFO - get_databases() called. db_type: mysql, connection exists: True
2026-01-18 10:16:48,239 - database_navigator - INFO - Found 13 databases
2026-01-18 10:16:50,301 - database_navigator - INFO - Selected database: dq_checks
2026-01-18 10:16:50,307 - database_navigator - INFO - Found 1 schemas
2026-01-18 10:16:51,738 - database_navigator - INFO - Selected schema: dq_checks
2026-01-18 10:16:51,756 - database_navigator - INFO - Found 19 tables in schema 'dq_checks'
2026-01-18 10:16:59,125 - database_navigator - INFO - Selected table: advanced_financial_logic_15
2026-01-18 10:16:59,133 - database_navigator - INFO - Selection complete: {'type': 'mysql', 'database': 'dq_checks', 'schema': 'dq_checks', 'table': 'advanced_financial_logic_15', 'selection_mode': 'hierarchical', 'host': 'localhost', 'port': '3306', 'user': 'root', 'password': 'root'}
2026-01-18 10:16:59,135 - dq_unified - INFO - Selected via navigation: dq_checks.dq_checks.advanced_financial_logic_15
2026-01-18 10:16:59,136 - dq_unified - INFO - Loading data from DATABASE
2026-01-18 10:16:59,137 - dq_unified - INFO - Loading large database table: advanced_financial_logic_15
2026-01-18 10:16:59,138 - dq_unified - INFO - Normalized DB config with schema: dq_checks
2026-01-18 10:16:59,182 - dq_unified - INFO - MySQL table advanced_financial_logic_15 has 15 rows
2026-01-18 10:16:59,182 - dq_unified - INFO - Loading 15 rows from MySQL...
2026-01-18 10:17:00,977 - dq_unified - INFO - Loaded 15 rows from MySQL
2026-01-18 10:17:00,996 - dq_unified - INFO - Memory optimization: 0.0MB -> 0.0MB (Saved: 0.0MB)
2026-01-18 10:17:00,998 - dq_unified - INFO - Loaded 15 rows, 10 columns. Memory: 111.4MB total, 0.0MB for dataframe
2026-01-18 10:17:01,000 - dq_advanced - INFO - Data loaded: 15 rows, 10 columns from Database: mysql - Table: advanced_financial_logic_15
2026-01-18 10:17:01,002 - dq_error_log - INFO - ErrorLogger initialized with database: dq_checks
2026-01-18 10:17:01,029 - dq_error_log - INFO - Database connection successful
2026-01-18 10:17:05,302 - dq_advanced - INFO - Starting comprehensive validations on 15 rows, 10 columns
2026-01-18 10:17:05,302 - dq_advanced - INFO - Analyzing 10 columns...
2026-01-18 10:17:05,311 - dq_advanced - INFO - Analyzed column 'itransaction_id': text with 1 patterns
2026-01-18 10:17:05,315 - dq_advanced - INFO - Analyzed column 'customer_id': text with 1 patterns
2026-01-18 10:17:05,318 - dq_advanced - INFO - Analyzed column 'account_number': numeric with 3 patterns
2026-01-18 10:17:05,322 - dq_advanced - INFO - Analyzed column 'transaction_date': text with 0 patterns
2026-01-18 10:17:05,325 - dq_advanced - INFO - Analyzed column 'posting_date': text with 0 patterns
2026-01-18 10:17:05,330 - dq_advanced - INFO - Analyzed column 'transaction_amount': text with 0 patterns
2026-01-18 10:17:05,333 - dq_advanced - INFO - Analyzed column 'currency': text with 1 patterns
2026-01-18 10:17:05,336 - dq_advanced - INFO - Analyzed column 'balance': text with 0 patterns
2026-01-18 10:17:05,338 - dq_advanced - INFO - Analyzed column 'merchant_name': text with 0 patterns
2026-01-18 10:17:05,344 - dq_advanced - INFO - Analyzed column 'transaction_type': text with 0 patterns
2026-01-18 10:17:05,346 - dq_advanced - INFO -   ✓ data_type: 0 errors (0.001s)
2026-01-18 10:17:05,346 - dq_advanced - INFO -   ✓ length: 0 errors (0.000s)
2026-01-18 10:17:05,347 - dq_advanced - INFO -   ✓ whitespace: 0 errors (0.000s)
2026-01-18 10:17:05,348 - dq_advanced - INFO -   ✓ data_type: 0 errors (0.000s)
2026-01-18 10:17:05,349 - dq_advanced - INFO -   ✓ length: 0 errors (0.000s)
2026-01-18 10:17:05,349 - dq_advanced - INFO -   ✓ whitespace: 0 errors (0.000s)
2026-01-18 10:17:05,350 - dq_advanced - INFO -   ✓ data_type: 0 errors (0.000s)
2026-01-18 10:17:05,351 - dq_advanced - INFO -   ✓ format: 0 errors (0.000s)
2026-01-18 10:17:05,352 - dq_advanced - INFO -   ✓ currency: 0 errors (0.000s)
2026-01-18 10:17:05,353 - dq_advanced - INFO -   ✓ numeric: 0 errors (0.001s)
2026-01-18 10:17:05,358 - dq_advanced - INFO -   ✓ zero_padding: 4 errors (0.000s)
2026-01-18 10:17:05,359 - dq_advanced - INFO -   ✓ data_type: 0 errors (0.000s)
2026-01-18 10:17:05,359 - dq_advanced - INFO -   ✓ length: 0 errors (0.000s)
2026-01-18 10:17:05,360 - dq_advanced - INFO -   ✓ whitespace: 0 errors (0.000s)
2026-01-18 10:17:05,361 - dq_advanced - INFO -   ✓ data_type: 0 errors (0.000s)
2026-01-18 10:17:05,362 - dq_advanced - INFO -   ✓ length: 0 errors (0.000s)
2026-01-18 10:17:05,362 - dq_advanced - INFO -   ✓ whitespace: 0 errors (0.000s)
2026-01-18 10:17:05,363 - dq_advanced - INFO -   ✓ data_type: 0 errors (0.000s)
2026-01-18 10:17:05,363 - dq_advanced - INFO -   ✓ length: 0 errors (0.000s)
2026-01-18 10:17:05,364 - dq_advanced - INFO -   ✓ whitespace: 0 errors (0.000s)
2026-01-18 10:17:05,365 - dq_advanced - INFO -   ✓ data_type: 0 errors (0.000s)
2026-01-18 10:17:05,366 - dq_advanced - INFO -   ✓ length: 0 errors (0.001s)
2026-01-18 10:17:05,366 - dq_advanced - INFO -   ✓ whitespace: 0 errors (0.000s)
2026-01-18 10:17:05,367 - dq_advanced - INFO -   ✓ data_type: 0 errors (0.000s)
2026-01-18 10:17:05,368 - dq_advanced - INFO -   ✓ length: 0 errors (0.000s)
2026-01-18 10:17:05,368 - dq_advanced - INFO -   ✓ whitespace: 0 errors (0.000s)
2026-01-18 10:17:05,371 - dq_advanced - INFO -   ✓ data_type: 0 errors (0.000s)
2026-01-18 10:17:05,374 - dq_advanced - INFO -   ✓ length: 0 errors (0.000s)
2026-01-18 10:17:05,374 - dq_advanced - INFO -   ✓ whitespace: 2 errors (0.000s)
2026-01-18 10:17:05,375 - dq_advanced - INFO -   ✓ data_type: 0 errors (0.000s)
2026-01-18 10:17:05,376 - dq_advanced - INFO -   ✓ length: 0 errors (0.000s)
2026-01-18 10:17:05,377 - dq_advanced - INFO -   ✓ whitespace: 0 errors (0.001s)
2026-01-18 10:17:05,377 - dq_error_log - INFO - Starting batch logging for 6 errors, session: ADV_20260118_101705
2026-01-18 10:17:05,407 - dq_error_log - INFO - Batch 1: Successfully logged 6 errors
2026-01-18 10:17:05,408 - dq_error_log - INFO - Progress: 6/6 errors processed
2026-01-18 10:17:05,409 - dq_error_log - INFO - COMPLETE: Logged 6/6 errors for session ADV_20260118_101705
2026-01-18 10:17:05,482 - dq_audit - INFO - Audit class initialized with database: dq_checks
2026-01-18 10:17:05,482 - dq_audit - INFO - Starting database insertion for advanced...
2026-01-18 10:17:05,514 - dq_audit - INFO - Inserted advanced record with ID: 776
2026-01-18 10:17:05,515 - dq_advanced - INFO - Audit record logged with ID: 776
2026-01-18 10:17:05,523 - __main__ - INFO - Advanced Data Checks completed successfully
2026-01-18 10:17:05,523 - __main__ - INFO - Displaying main menu options to user
2026-01-18 10:38:09,389 - __main__ - INFO - User selected option: 6
2026-01-18 10:38:09,389 - __main__ - INFO - User session ended. Duration: 0:21:32.083409
2026-01-18 10:38:09,389 - __main__ - INFO - 👋 Thank you for using Universal Data Quality Framework!
