2026-01-20 14:41:11,035 - root - INFO - CLI Mode Logging Initialized
2026-01-20 14:41:11,035 - root - INFO - CLI logs will be saved to: logs/dq_framework_20260120_144111.log
2026-01-20 14:41:11,035 - __main__ - INFO - 🚀 UNIVERSAL DATA QUALITY FRAMEWORK INITIALIZED
2026-01-20 14:41:11,037 - __main__ - INFO - Starting system resource check
2026-01-20 14:41:11,043 - __main__ - INFO - Total RAM: 15.7 GB
2026-01-20 14:41:11,044 - __main__ - INFO - Available RAM: 3.2 GB
2026-01-20 14:41:11,044 - __main__ - INFO - Memory used: 79.9%
2026-01-20 14:41:11,044 - __main__ - INFO - Memory status: OK
2026-01-20 14:41:11,045 - __main__ - INFO - Free disk space: 258.1 GB
2026-01-20 14:41:11,046 - __main__ - INFO - Disk used: 45.8%
2026-01-20 14:41:11,046 - __main__ - INFO - Disk space: OK
2026-01-20 14:41:11,547 - __main__ - INFO - CPU cores: 8
2026-01-20 14:41:11,548 - __main__ - INFO - CPU usage: 50.0%
2026-01-20 14:41:11,548 - __main__ - INFO - Python version: 3.12.4
2026-01-20 14:41:11,548 - __main__ - INFO - System platform: win32
2026-01-20 14:41:11,548 - __main__ - INFO - User session started at: 2026-01-20 14:41:11.548824
2026-01-20 14:41:11,548 - __main__ - INFO - Displaying main menu options to user
2026-01-20 14:41:15,300 - __main__ - INFO - User selected option: 4
2026-01-20 14:41:15,301 - __main__ - INFO - Starting Business Rules Engine module
2026-01-20 14:41:15,304 - dq_rules - INFO - STARTING BUSINESS RULES VALIDATION
2026-01-20 14:41:19,134 - dq_rules - INFO - Starting complete DQ pipeline
2026-01-20 14:41:19,670 - dq_rules - INFO - Index already exists: idx_session_check
2026-01-20 14:41:19,671 - dq_rules - INFO - Index already exists: idx_error_type
2026-01-20 14:41:19,673 - dq_rules - INFO - Index already exists: idx_timestamp
2026-01-20 14:41:19,677 - dq_rules - INFO - Index already exists: idx_column_name
2026-01-20 14:41:19,695 - dq_rules - ERROR - Error optimizing database: 1146 (42S02): Table 'dq_checks.dq_audit_log' doesn't exist
2026-01-20 14:41:19,697 - dq_rules - INFO - LOADING DATA FOR BUSINESS RULES
2026-01-20 14:41:19,697 - dq_rules - INFO - === DEBUG load_data_for_rules ===
2026-01-20 14:41:19,700 - dq_rules - INFO - UI data type: <class 'NoneType'>
2026-01-20 14:41:19,701 - dq_rules - INFO - ===============================
2026-01-20 14:41:19,702 - dq_rules - INFO - Prompting user for data source type for rules
2026-01-20 14:43:19,034 - dq_rules - INFO - User selected source type: 1
2026-01-20 14:43:21,509 - dq_rules - INFO - Source type: csv, Source config: C:/Users/003160/OneDrive - wisseninfotech.com/Documents/DQ-Checks-Shashi/Test_data/sample_data.csv
2026-01-20 14:43:21,511 - dq_unified - INFO - Loading data from CSV
2026-01-20 14:43:21,515 - dq_unified - INFO - Loading large CSV: C:/Users/003160/OneDrive - wisseninfotech.com/Documents/DQ-Checks-Shashi/Test_data/sample_data.csv
2026-01-20 14:43:21,521 - dq_unified - INFO - CSV file has 15 rows
2026-01-20 14:43:21,522 - dq_unified - INFO - Loading 15 rows from CSV...
2026-01-20 14:43:21,541 - dq_unified - INFO - Loaded 15 rows from CSV
2026-01-20 14:43:21,550 - dq_unified - INFO - Memory optimization: 0.0MB -> 0.0MB (Saved: 0.0MB)
2026-01-20 14:43:21,552 - dq_unified - INFO - Loaded 15 rows, 10 columns. Memory: 104.3MB total, 0.0MB for dataframe
2026-01-20 14:43:21,552 - dq_rules - INFO - Loaded data: 15 rows, 10 columns
2026-01-20 14:43:21,554 - dq_error_log - INFO - ErrorLogger initialized with database: dq_checks
2026-01-20 14:43:21,555 - dq_rules - INFO - DEFINING CUSTOM BUSINESS RULES
2026-01-20 14:43:21,556 - dq_rules - INFO - Available columns: ['CustomerName', 'Email', 'Phone', 'Salary', 'Department', 'JoinDate', 'PostalCode', 'City', 'Country', 'State']
2026-01-20 14:43:21,560 - dq_rules - INFO - Available columns: ['CustomerName', 'Email', 'Phone', 'Salary', 'Department', 'JoinDate', 'PostalCode', 'City', 'Country', 'State']
2026-01-20 14:43:44,568 - dq_rules - INFO - Loading rules from metadata database...
2026-01-20 14:43:44,598 - dq_rules - INFO - Loaded 1 rules from metadata
2026-01-20 14:43:44,599 - dq_rules - INFO - Converted enhanced metadata rule: Test Email Rule (pattern)
2026-01-20 14:43:44,600 - dq_rules - INFO - Successfully converted 1 metadata rules
2026-01-20 14:43:44,603 - dq_rules - INFO - EXECUTING 1 BUSINESS RULES
2026-01-20 14:43:44,611 - dq_rules - INFO - Executing rule: Test Email Rule
2026-01-20 14:43:44,612 - dq_rules - INFO - Safe executing enhanced rule: Test Email Rule (pattern)
2026-01-20 14:43:44,613 - dq_rules - INFO - Executing pattern rule: Test email validation
2026-01-20 14:43:44,615 - dq_rules - INFO - Pattern rule 'Test email validation': 3 pattern violations found
2026-01-20 14:43:44,617 - dq_error_log - INFO - Starting batch logging for 3 errors, session: DQ_PIPELINE_20260120_144321
2026-01-20 14:43:44,653 - dq_error_log - INFO - Batch 1: Successfully logged 3 errors
2026-01-20 14:43:44,654 - dq_error_log - INFO - Progress: 3/3 errors processed
2026-01-20 14:43:44,655 - dq_error_log - INFO - COMPLETE: Logged 3/3 errors for session DQ_PIPELINE_20260120_144321
2026-01-20 14:43:44,659 - dq_rules - WARNING - 3 pattern violations found
2026-01-20 14:43:44,692 - dq_rules - INFO - Logged rule execution: Test Email Rule - FAIL (ID: 3)
2026-01-20 14:43:44,700 - dq_rules - INFO - Rule 'Test email validation' completed with status: FAIL
2026-01-20 14:43:44,700 - dq_rules - INFO - TOTAL VIOLATIONS ACROSS ALL RULES: 3
2026-01-20 14:43:44,703 - dq_rules - INFO - GENERATING BUSINESS RULES VALIDATION REPORT
2026-01-20 14:43:44,703 - dq_rules - INFO - Report for: CSV: sample_data.csv, Records: 15, Columns: 10
2026-01-20 14:43:44,720 - dq_error_log - INFO - Retrieved 3 errors for session DQ_PIPELINE_20260120_144321
2026-01-20 14:43:44,721 - dq_rules - INFO - DQ Score Calculation: Total=15, Bad=3, Good=12, Score=80.00%, Grade=B
2026-01-20 14:43:44,727 - dq_audit - INFO - Audit class initialized with database: dq_checks
2026-01-20 14:43:44,728 - dq_audit - INFO - Starting database insertion for rules...
2026-01-20 14:43:44,753 - dq_audit - INFO - Inserted rules record with ID: 806
2026-01-20 14:43:44,754 - dq_rules - INFO - Audit record logged with ID: 806
2026-01-20 14:43:44,773 - dq_rules - INFO - RULES SUMMARY: Total Rules: 1, Passed: 0, Failed: 1, Errors: 0, Total Violations: 3
2026-01-20 14:43:44,807 - dq_error_log - INFO - Retrieved 3 errors for session DQ_PIPELINE_20260120_144321
2026-01-20 14:43:44,848 - dq_rules - INFO - ERROR LOGGING: Session ID: DQ_PIPELINE_20260120_144321, Total errors logged: 3
2026-01-20 14:43:44,851 - dq_rules - INFO - Complete DQ pipeline completed for session: DQ_PIPELINE_20260120_144321
2026-01-20 14:43:44,867 - __main__ - INFO - Business Rules Engine completed successfully
2026-01-20 14:43:44,867 - __main__ - INFO - Displaying main menu options to user
2026-01-20 15:40:26,394 - __main__ - INFO - User selected option: 6
2026-01-20 15:40:26,397 - __main__ - INFO - User session ended. Duration: 0:59:14.848374
2026-01-20 15:40:26,398 - __main__ - INFO - 👋 Thank you for using Universal Data Quality Framework!
