2026-01-15 09:42:24,448 - root - INFO - CLI Mode Logging Initialized
2026-01-15 09:42:24,449 - root - INFO - CLI logs will be saved to: logs/dq_framework_20260115_094224.log
2026-01-15 09:42:24,449 - __main__ - INFO - 🚀 UNIVERSAL DATA QUALITY FRAMEWORK INITIALIZED
2026-01-15 09:42:24,457 - __main__ - INFO - Starting system resource check
2026-01-15 09:42:24,467 - __main__ - INFO - Total RAM: 15.7 GB
2026-01-15 09:42:24,467 - __main__ - INFO - Available RAM: 4.7 GB
2026-01-15 09:42:24,468 - __main__ - INFO - Memory used: 70.1%
2026-01-15 09:42:24,468 - __main__ - INFO - Memory status: OK
2026-01-15 09:42:24,469 - __main__ - INFO - Free disk space: 260.1 GB
2026-01-15 09:42:24,469 - __main__ - INFO - Disk used: 45.4%
2026-01-15 09:42:24,469 - __main__ - INFO - Disk space: OK
2026-01-15 09:42:24,970 - __main__ - INFO - CPU cores: 8
2026-01-15 09:42:24,970 - __main__ - INFO - CPU usage: 54.5%
2026-01-15 09:42:24,970 - __main__ - INFO - Python version: 3.12.4
2026-01-15 09:42:24,970 - __main__ - INFO - System platform: win32
2026-01-15 09:42:24,971 - __main__ - INFO - User session started at: 2026-01-15 09:42:24.970727
2026-01-15 09:42:24,971 - __main__ - INFO - Displaying main menu options to user
2026-01-15 09:42:25,735 - __main__ - INFO - User selected option: 2
2026-01-15 09:42:25,736 - __main__ - INFO - Starting Source-Target Comparison module
2026-01-15 09:42:25,740 - dq_comparison - INFO - STARTING UNIVERSAL SOURCE-TARGET COMPARISON TOOL
2026-01-15 09:42:25,740 - dq_comparison - INFO - LOADING SOURCE AND TARGET DATA
2026-01-15 09:42:25,740 - dq_comparison - INFO - 
==================================================
2026-01-15 09:42:25,741 - dq_comparison - INFO - 🔗 SOURCE DATA CONFIGURATION
2026-01-15 09:42:25,741 - dq_comparison - INFO - ==================================================
2026-01-15 09:42:26,848 - dq_comparison - INFO - 
🗄️ SOURCE DATABASE CONFIGURATION
2026-01-15 09:42:26,849 - dq_comparison - INFO - ----------------------------------------
2026-01-15 09:42:28,156 - dq_comparison - INFO - Selected database type code: mysql
2026-01-15 09:42:29,710 - dq_unified - INFO - Getting database config from config file
2026-01-15 09:42:29,711 - dq_unified - INFO - Using MYSQL configuration from config file
2026-01-15 09:42:35,322 - dq_unified - INFO - Database configuration from config file: mysql, Table: customers_bkp
2026-01-15 09:42:35,322 - dq_unified - INFO - Loading data from DATABASE
2026-01-15 09:42:35,324 - dq_unified - INFO - Loading large database table: customers_bkp
2026-01-15 09:42:35,324 - dq_unified - INFO - Normalized DB config with schema: dq_checks
2026-01-15 09:42:35,602 - dq_unified - INFO - MySQL table customers_bkp has 12 rows
2026-01-15 09:42:35,602 - dq_unified - INFO - Loading 12 rows from MySQL...
2026-01-15 09:42:36,658 - dq_unified - INFO - Loaded 12 rows from MySQL
2026-01-15 09:42:36,668 - dq_unified - INFO - Memory optimization: 0.0MB -> 0.0MB (Saved: 0.0MB)
2026-01-15 09:42:36,668 - dq_unified - INFO - Standardizing data types...
2026-01-15 09:42:36,671 - dq_unified - INFO - Data type standardization complete
2026-01-15 09:42:36,672 - dq_unified - INFO - Loaded 12 rows, 10 columns. Memory: 111.9MB total, 0.0MB for dataframe
2026-01-15 09:42:36,672 - dq_comparison - INFO - SOURCE database loaded: 12 rows, 10 columns
2026-01-15 09:42:36,672 - dq_comparison - INFO - 
==================================================
2026-01-15 09:42:36,672 - dq_comparison - INFO - 🔗 TARGET DATA CONFIGURATION
2026-01-15 09:42:36,673 - dq_comparison - INFO - ==================================================
2026-01-15 09:42:38,080 - dq_comparison - INFO - 
🗄️ TARGET DATABASE CONFIGURATION
2026-01-15 09:42:38,081 - dq_comparison - INFO - ----------------------------------------
2026-01-15 09:42:39,219 - dq_comparison - INFO - Selected database type code: postgresql
2026-01-15 09:42:40,263 - dq_unified - INFO - Getting database config from config file
2026-01-15 09:42:40,264 - dq_unified - INFO - Using POSTGRESQL configuration from config file
2026-01-15 09:42:46,361 - dq_unified - INFO - Database configuration from config file: postgresql, Table: customers
2026-01-15 09:42:46,362 - dq_unified - INFO - Loading data from DATABASE
2026-01-15 09:42:46,363 - dq_unified - INFO - Loading large database table: customers
2026-01-15 09:42:46,365 - dq_unified - INFO - Normalized DB config with schema: public
2026-01-15 09:42:46,493 - dq_unified - INFO - PostgreSQL table public.customers has 15 rows
2026-01-15 09:42:46,494 - dq_unified - INFO - Loading 15 rows from PostgreSQL...
2026-01-15 09:42:46,497 - dq_unified - INFO - Loaded 15 rows from PostgreSQL
2026-01-15 09:42:46,500 - dq_unified - INFO - Memory optimization: 0.0MB -> 0.0MB (Saved: 0.0MB)
2026-01-15 09:42:46,500 - dq_unified - INFO - Standardizing data types...
2026-01-15 09:42:46,504 - dq_unified - INFO - Data type standardization complete
2026-01-15 09:42:46,505 - dq_unified - INFO - Loaded 15 rows, 10 columns. Memory: 112.5MB total, 0.0MB for dataframe
2026-01-15 09:42:46,505 - dq_comparison - INFO - TARGET database loaded: 15 rows, 10 columns
2026-01-15 09:42:46,505 - dq_comparison - INFO - SELECTING COLUMNS FOR COMPARISON
2026-01-15 09:42:46,506 - dq_comparison - INFO - Source columns (original): ['CustomerName', 'Email', 'Phone', 'Salary', 'Department', 'JoinDate', 'PostalCode', 'City', 'Country', 'State']
2026-01-15 09:42:46,506 - dq_comparison - INFO - Target columns (original): ['customername', 'email', 'phone', 'salary', 'department', 'joindate', 'postalcode', 'city', 'country', 'state']
2026-01-15 09:42:46,506 - dq_comparison - INFO - Common columns lowercased: ['joindate', 'city', 'phone', 'customername', 'email', 'state', 'country', 'department', 'postalcode', 'salary']
2026-01-15 09:42:46,507 - dq_comparison - INFO - Found 10 common columns between source and target (case-insensitive)
2026-01-15 09:42:46,507 - dq_comparison - INFO - 
📋 Common columns available for comparison:
2026-01-15 09:42:46,507 - dq_comparison - INFO -   1. JoinDate (Source) ↔ joindate (Target)
2026-01-15 09:42:46,508 - dq_comparison - INFO -   2. City (Source) ↔ city (Target)
2026-01-15 09:42:46,508 - dq_comparison - INFO -   3. Phone (Source) ↔ phone (Target)
2026-01-15 09:42:46,508 - dq_comparison - INFO -   4. CustomerName (Source) ↔ customername (Target)
2026-01-15 09:42:46,509 - dq_comparison - INFO -   5. Email (Source) ↔ email (Target)
2026-01-15 09:42:46,509 - dq_comparison - INFO -   6. State (Source) ↔ state (Target)
2026-01-15 09:42:46,510 - dq_comparison - INFO -   7. Country (Source) ↔ country (Target)
2026-01-15 09:42:46,510 - dq_comparison - INFO -   8. Department (Source) ↔ department (Target)
2026-01-15 09:42:46,511 - dq_comparison - INFO -   9. PostalCode (Source) ↔ postalcode (Target)
2026-01-15 09:42:46,513 - dq_comparison - INFO -   10. Salary (Source) ↔ salary (Target)
2026-01-15 09:42:48,018 - dq_comparison - INFO - User column selection input: all
2026-01-15 09:42:48,019 - dq_comparison - INFO - User selected ALL common columns for comparison
2026-01-15 09:42:48,021 - dq_comparison - INFO - GENERATING COMPREHENSIVE COMPARISON REPORT
2026-01-15 09:42:48,021 - dq_comparison - INFO - Report details - Source: Database: mysql - dq_checks.customers_bkp, Target: Database: postgresql - dq_checks.customers, Selected columns: 10
2026-01-15 09:42:48,022 - dq_comparison - INFO - Initializing Error Logger...
2026-01-15 09:42:48,023 - dq_error_log - INFO - ErrorLogger initialized with database: dq_checks
2026-01-15 09:42:48,036 - dq_error_log - INFO - Database connection successful
2026-01-15 09:42:48,036 - dq_comparison - INFO - Session ID: CMP_20260115_094248
2026-01-15 09:42:48,037 - dq_comparison - INFO - 
======================================================================
2026-01-15 09:42:48,037 - dq_comparison - INFO - 🔄 RUNNING SOURCE-TARGET COMPARISON WITH PERFECT NORMALIZATION
2026-01-15 09:42:48,037 - dq_comparison - INFO - ======================================================================
2026-01-15 09:42:48,037 - dq_comparison - INFO - Session ID: CMP_20260115_094248
2026-01-15 09:42:48,038 - dq_comparison - INFO - Source: Database: mysql - dq_checks.customers_bkp
2026-01-15 09:42:48,038 - dq_comparison - INFO - Target: Database: postgresql - dq_checks.customers
2026-01-15 09:42:48,038 - dq_comparison - INFO - Selected columns: 10
2026-01-15 09:42:48,039 - dq_comparison - INFO - ======================================================================
2026-01-15 09:42:48,039 - dq_comparison - INFO - 
1️⃣ FIRST: ROW COUNT CHECK
2026-01-15 09:42:48,039 - dq_comparison - WARNING - ❌ Row count mismatch: Source=12, Target=15, Difference=3
2026-01-15 09:42:48,039 - dq_comparison - WARNING -    Extra in target: 3 rows
2026-01-15 09:42:48,039 - dq_comparison - INFO - 
2️⃣ COLUMN STRUCTURE COMPARISON
2026-01-15 09:42:48,040 - dq_comparison - INFO - Comparing column structures...
2026-01-15 09:42:48,040 - dq_comparison - INFO - Column structure comparison complete. Match: False
2026-01-15 09:42:48,040 - dq_comparison - INFO - 
3️⃣ PRIMARY KEY VALIDATION
2026-01-15 09:42:48,040 - dq_comparison - INFO - Validating primary key/unique fields...
2026-01-15 09:42:48,041 - dq_comparison - INFO - Checking key fields: ['PostalCode']
2026-01-15 09:42:48,041 - dq_comparison - WARNING - No key fields found in both datasets
2026-01-15 09:42:48,053 - dq_comparison - INFO -    No key fields specified or detected
2026-01-15 09:42:48,053 - dq_comparison - INFO -    Column names match: ❌
2026-01-15 09:42:48,053 - dq_comparison - INFO -    Column order match: ❌
2026-01-15 09:42:48,055 - dq_comparison - INFO -    Data types match: ✅
2026-01-15 09:42:48,055 - dq_comparison - WARNING -    Missing in target: ['CustomerName', 'Email', 'Phone', 'Salary', 'Department', 'JoinDate', 'PostalCode', 'City', 'Country', 'State']
2026-01-15 09:42:48,055 - dq_comparison - WARNING -    Missing in source: ['customername', 'email', 'phone', 'salary', 'department', 'joindate', 'postalcode', 'city', 'country', 'state']
2026-01-15 09:42:48,055 - dq_comparison - INFO - 
4️⃣ TABLE METADATA COMPARISON
2026-01-15 09:42:48,055 - dq_comparison - INFO - Comparing table-level metadata...
2026-01-15 09:42:48,063 - dq_comparison - INFO - Table metadata comparison complete. Match: False
2026-01-15 09:42:48,073 - dq_comparison - INFO -    Table metadata match: ❌
2026-01-15 09:42:48,073 - dq_comparison - INFO -    Source: 12 rows, 10 cols, 0.0 MB
2026-01-15 09:42:48,073 - dq_comparison - INFO -    Target: 15 rows, 10 cols, 0.0 MB
2026-01-15 09:42:48,074 - dq_comparison - WARNING -    Found 1 metadata differences:
2026-01-15 09:42:48,074 - dq_comparison - WARNING -      • Row Count: Source=12, Target=15
2026-01-15 09:42:48,074 - dq_comparison - INFO - 
5️⃣ HASH-BASED COMPARISON
2026-01-15 09:42:48,074 - dq_comparison - INFO - ℹ️  Note: All NULL values normalized to 'NULL'
2026-01-15 09:42:48,075 - dq_comparison - INFO - ℹ️  Note: Dates normalized to YYYY-MM-DD
2026-01-15 09:42:48,075 - dq_comparison - INFO - ℹ️  Note: Strings trimmed and case-normalized
2026-01-15 09:42:48,075 - dq_comparison - INFO - ℹ️  Note: Phone numbers stripped to digits only, leading zeros removed
2026-01-15 09:42:48,075 - dq_comparison - INFO - SECOND CHECK: HASH-BASED COMPARISON WITH PERFECT NORMALIZATION
2026-01-15 09:42:48,082 - dq_comparison - INFO - === DEBUG: DATA TYPE CHECK ===
2026-01-15 09:42:48,083 - dq_comparison - INFO - Column: JoinDate
2026-01-15 09:42:48,083 - dq_comparison - INFO -   Source type: <class 'numpy.int64'>, value: 1673740800000000000
2026-01-15 09:42:48,083 - dq_comparison - INFO -   Target type: <class 'numpy.int64'>, value: 1673740800000000000
2026-01-15 09:42:48,084 - dq_comparison - INFO -   Normalized: '2023-01-15' vs '2023-01-15'
2026-01-15 09:42:48,084 - dq_comparison - INFO -   Match: True
2026-01-15 09:42:48,084 - dq_comparison - INFO - Column: City
2026-01-15 09:42:48,084 - dq_comparison - INFO -   Source type: <class 'str'>, value: New York
2026-01-15 09:42:48,084 - dq_comparison - INFO -   Target type: <class 'str'>, value: New York
2026-01-15 09:42:48,085 - dq_comparison - INFO -   Normalized: 'new york' vs 'new york'
2026-01-15 09:42:48,085 - dq_comparison - INFO -   Match: True
2026-01-15 09:42:48,085 - dq_comparison - INFO - Column: Phone
2026-01-15 09:42:48,086 - dq_comparison - INFO -   Source type: <class 'numpy.int64'>, value: 1234567890
2026-01-15 09:42:48,086 - dq_comparison - INFO -   Target type: <class 'numpy.int64'>, value: 1234567890
2026-01-15 09:42:48,086 - dq_comparison - INFO -   Normalized: '1234567890' vs '1234567890'
2026-01-15 09:42:48,087 - dq_comparison - INFO -   Match: True
2026-01-15 09:42:48,087 - dq_comparison - INFO - Source DF columns: ['CustomerName', 'Email', 'Phone', 'Salary', 'Department', 'JoinDate', 'PostalCode', 'City', 'Country', 'State']
2026-01-15 09:42:48,087 - dq_comparison - INFO - Target DF columns: ['customername', 'email', 'phone', 'salary', 'department', 'joindate', 'postalcode', 'city', 'country', 'state']
2026-01-15 09:42:48,087 - dq_comparison - INFO - Selected columns for comparison: ['JoinDate', 'City', 'Phone', 'CustomerName', 'Email', 'State', 'Country', 'Department', 'PostalCode', 'Salary']
2026-01-15 09:42:48,088 - dq_comparison - INFO - Using 10 common columns for hash comparison
2026-01-15 09:42:48,088 - dq_comparison - INFO - Source columns: ['JoinDate', 'City', 'Phone', 'CustomerName', 'Email', 'State', 'Country', 'Department', 'PostalCode', 'Salary']
2026-01-15 09:42:48,088 - dq_comparison - INFO - Target columns: ['joindate', 'city', 'phone', 'customername', 'email', 'state', 'country', 'department', 'postalcode', 'salary']
2026-01-15 09:42:48,088 - dq_comparison - INFO - Generating hashes for source data (12 rows)...
2026-01-15 09:42:48,089 - dq_comparison - INFO - DEBUG HASH ROW: JoinDate: '1673740800000000000' -> '2023-01-15' | City: 'New York' -> 'new york' | Phone: '1234567890' -> '1234567890' | CustomerName: 'John Doe' -> 'john doe' | Email: 'john@email.com' -> 'john@email.com'
2026-01-15 09:42:48,089 - dq_comparison - INFO - DEBUG HASH STRING: 2023-01-15|new york|1234567890|john doe|john@email.com...
2026-01-15 09:42:48,090 - dq_comparison - INFO - DEBUG HASH RESULT: 35d4160d...
2026-01-15 09:42:48,090 - dq_comparison - INFO - DEBUG HASH ROW: JoinDate: '1676851200000000000' -> '2023-02-20' | City: 'India' -> 'india' | Phone: '9876543210' -> '9876543210' | CustomerName: 'Jane Smith' -> 'jane smith' | Email: 'jane@email.com' -> 'jane@email.com'
2026-01-15 09:42:48,090 - dq_comparison - INFO - DEBUG HASH STRING: 2023-02-20|india|9876543210|jane smith|jane@email.com...
2026-01-15 09:42:48,090 - dq_comparison - INFO - DEBUG HASH RESULT: 82cfc797...
2026-01-15 09:42:48,090 - dq_comparison - INFO - DEBUG HASH ROW: JoinDate: '1678406400000000000' -> '2023-03-10' | City: 'Boston' -> 'boston' | Phone: '5551234567' -> '5551234567' | CustomerName: 'Bob Johnson' -> 'bob johnson' | Email: '' -> 'NULL'
2026-01-15 09:42:48,093 - dq_comparison - INFO - DEBUG HASH STRING: 2023-03-10|boston|5551234567|bob johnson|NULL...
2026-01-15 09:42:48,093 - dq_comparison - INFO - DEBUG HASH RESULT: 7574d4be...
2026-01-15 09:42:48,094 - dq_comparison - INFO - DEBUG HASH ROW: JoinDate: '1673740800000000000' -> '2023-01-15' | City: 'Seattle' -> 'seattle' | Phone: '4445556666' -> '4445556666' | CustomerName: 'Alice Brown' -> 'alice brown' | Email: 'alice@email.com' -> 'alice@email.com'
2026-01-15 09:42:48,094 - dq_comparison - INFO - DEBUG HASH STRING: 2023-01-15|seattle|4445556666|alice brown|alice@email.com...
2026-01-15 09:42:48,094 - dq_comparison - INFO - DEBUG HASH RESULT: 3874b78d...
2026-01-15 09:42:48,095 - dq_comparison - INFO - DEBUG HASH ROW: JoinDate: '1680652800000000000' -> '2023-04-05' | City: 'Miami' -> 'miami' | Phone: '3334445555' -> '3334445555' | CustomerName: 'Charlie Wilson' -> 'charlie wilson' | Email: 'charlie@email.com' -> 'charlie@email.com'
2026-01-15 09:42:48,095 - dq_comparison - INFO - DEBUG HASH STRING: 2023-04-05|miami|3334445555|charlie wilson|charlie@email.com...
2026-01-15 09:42:48,095 - dq_comparison - INFO - DEBUG HASH RESULT: 3b7fd2da...
2026-01-15 09:42:48,095 - dq_comparison - INFO - DEBUG HASH ROW: JoinDate: '1673740800000000000' -> '2023-01-15' | City: 'New York' -> 'new york' | Phone: '1234567890' -> '1234567890' | CustomerName: 'John Doe' -> 'john doe' | Email: 'john@email.com' -> 'john@email.com'
2026-01-15 09:42:48,095 - dq_comparison - INFO - DEBUG HASH STRING: 2023-01-15|new york|1234567890|john doe|john@email.com...
2026-01-15 09:42:48,096 - dq_comparison - INFO - DEBUG HASH RESULT: 35d4160d...
2026-01-15 09:42:48,096 - dq_comparison - INFO - DEBUG HASH ROW: JoinDate: '1683849600000000000' -> '2023-05-12' | City: 'Atlanta' -> 'atlanta' | Phone: '2223334444' -> '2223334444' | CustomerName: 'sai kumar' -> 'sai kumar' | Email: 'david@email.com' -> 'david@email.com'
2026-01-15 09:42:48,096 - dq_comparison - INFO - DEBUG HASH STRING: 2023-05-12|atlanta|2223334444|sai kumar|david@email.com...
2026-01-15 09:42:48,097 - dq_comparison - INFO - DEBUG HASH RESULT: 869e9ed9...
2026-01-15 09:42:48,097 - dq_comparison - INFO - DEBUG HASH ROW: JoinDate: '1687046400000000000' -> '2023-06-18' | City: 'Denver' -> 'denver' | Phone: '1112223333' -> '1112223333' | CustomerName: 'Sarah Chen' -> 'sarah chen' | Email: 'sarah@email.com' -> 'sarah@email.com'
2026-01-15 09:42:48,097 - dq_comparison - INFO - DEBUG HASH STRING: 2023-06-18|denver|1112223333|sarah chen|sarah@email.com...
2026-01-15 09:42:48,097 - dq_comparison - INFO - DEBUG HASH RESULT: a108ea06...
2026-01-15 09:42:48,098 - dq_comparison - INFO - DEBUG HASH ROW: JoinDate: '1689984000000000000' -> '2023-07-22' | City: 'Phoenix' -> 'phoenix' | Phone: '9998887777' -> '9998887777' | CustomerName: 'Mike Davis' -> 'mike davis' | Email: 'invalid-email' -> 'invalid-email'
2026-01-15 09:42:48,098 - dq_comparison - INFO - DEBUG HASH STRING: 2023-07-22|phoenix|9998887777|mike davis|invalid-email...
2026-01-15 09:42:48,098 - dq_comparison - INFO - DEBUG HASH RESULT: d6ec5399...
2026-01-15 09:42:48,098 - dq_comparison - INFO - DEBUG HASH ROW: JoinDate: '1693353600000000000' -> '2023-08-30' | City: 'Austin' -> 'austin' | Phone: '6667778888' -> '6667778888' | CustomerName: 'Lisa Wang' -> 'lisa wang' | Email: 'lisa@email.com' -> 'lisa@email.com'
2026-01-15 09:42:48,098 - dq_comparison - INFO - DEBUG HASH STRING: 2023-08-30|austin|6667778888|lisa wang|lisa@email.com...
2026-01-15 09:42:48,098 - dq_comparison - INFO - DEBUG HASH RESULT: 05841347...
2026-01-15 09:42:48,099 - dq_comparison - INFO - DEBUG HASH ROW: JoinDate: '1694304000000000000' -> '2023-09-10' | City: 'Portland' -> 'portland' | Phone: '7778889999' -> '7778889999' | CustomerName: 'Tom Wilson' -> 'tom wilson' | Email: 'tom@email.com' -> 'tom@email.com'
2026-01-15 09:42:48,099 - dq_comparison - INFO - DEBUG HASH STRING: 2023-09-10|portland|7778889999|tom wilson|tom@email.com...
2026-01-15 09:42:48,099 - dq_comparison - INFO - DEBUG HASH RESULT: 9bcd7550...
2026-01-15 09:42:48,099 - dq_comparison - INFO - DEBUG HASH ROW: JoinDate: '1697328000000000000' -> '2023-10-15' | City: 'Detroit' -> 'detroit' | Phone: '8889990000' -> '8889990000' | CustomerName: 'None' -> 'NULL' | Email: 'empty@email.com' -> 'empty@email.com'
2026-01-15 09:42:48,099 - dq_comparison - INFO - DEBUG HASH STRING: 2023-10-15|detroit|8889990000|NULL|empty@email.com...
2026-01-15 09:42:48,100 - dq_comparison - INFO - DEBUG HASH RESULT: 2cfba97d...
2026-01-15 09:42:48,100 - dq_comparison - INFO - === DEBUG: SAMPLE HASHES ===
2026-01-15 09:42:48,100 - dq_comparison - INFO - Hash 1: 35d4160d89c42c6e... (sample row 0)
2026-01-15 09:42:48,100 - dq_comparison - INFO - Hash 2: 82cfc797ad2b299c... (sample row 1)
2026-01-15 09:42:48,101 - dq_comparison - INFO - Hash 3: 7574d4be090aefa2... (sample row 2)
2026-01-15 09:42:48,101 - dq_comparison - INFO - Generating hashes for target data (15 rows)...
2026-01-15 09:42:48,103 - dq_comparison - INFO - 
======================================================================
2026-01-15 09:42:48,103 - dq_comparison - INFO - 🔍 DEBUG: ANALYZING WHY HASHES DON'T MATCH
2026-01-15 09:42:48,103 - dq_comparison - INFO - ======================================================================
2026-01-15 09:42:48,104 - dq_comparison - INFO - 
--- Analyzing Row 0 ---
2026-01-15 09:42:48,104 - dq_comparison - INFO - Column 'JoinDate' → 'joindate':
2026-01-15 09:42:48,104 - dq_comparison - INFO -   Source: '1673740800000000000' (type: int64) → '2023-01-15'
2026-01-15 09:42:48,104 - dq_comparison - INFO -   Target: '1673740800000000000' (type: int64) → '2023-01-15'
2026-01-15 09:42:48,104 - dq_comparison - INFO -   Match after normalization: ✅ YES
2026-01-15 09:42:48,105 - dq_comparison - INFO - Column 'City' → 'city':
2026-01-15 09:42:48,105 - dq_comparison - INFO -   Source: 'New York' (type: str) → 'new york'
2026-01-15 09:42:48,105 - dq_comparison - INFO -   Target: 'New York' (type: str) → 'new york'
2026-01-15 09:42:48,105 - dq_comparison - INFO -   Match after normalization: ✅ YES
2026-01-15 09:42:48,105 - dq_comparison - INFO - Column 'Phone' → 'phone':
2026-01-15 09:42:48,106 - dq_comparison - INFO -   Source: '1234567890' (type: int64) → '1234567890'
2026-01-15 09:42:48,106 - dq_comparison - INFO -   Target: '1234567890' (type: int64) → '1234567890'
2026-01-15 09:42:48,110 - dq_comparison - INFO -   Match after normalization: ✅ YES
2026-01-15 09:42:48,110 - dq_comparison - INFO - Column 'CustomerName' → 'customername':
2026-01-15 09:42:48,110 - dq_comparison - INFO -   Source: 'John Doe' (type: str) → 'john doe'
2026-01-15 09:42:48,111 - dq_comparison - INFO -   Target: 'John Doe' (type: str) → 'john doe'
2026-01-15 09:42:48,111 - dq_comparison - INFO -   Match after normalization: ✅ YES
2026-01-15 09:42:48,111 - dq_comparison - INFO - Column 'Email' → 'email':
2026-01-15 09:42:48,111 - dq_comparison - INFO -   Source: 'john@email.com' (type: str) → 'john@email.com'
2026-01-15 09:42:48,111 - dq_comparison - INFO -   Target: 'john@email.com' (type: str) → 'john@email.com'
2026-01-15 09:42:48,112 - dq_comparison - INFO -   Match after normalization: ✅ YES
2026-01-15 09:42:48,112 - dq_comparison - INFO - 
Hash components for Row 0:
2026-01-15 09:42:48,113 - dq_comparison - INFO - Source hash string start: 2023-01-15|new york|1234567890...
2026-01-15 09:42:48,113 - dq_comparison - INFO - Target hash string start: 2023-01-15|new york|1234567890...
2026-01-15 09:42:48,113 - dq_comparison - INFO - Same? ✅ YES
2026-01-15 09:42:48,113 - dq_comparison - INFO - 
--- Analyzing Row 1 ---
2026-01-15 09:42:48,114 - dq_comparison - INFO - Column 'JoinDate' → 'joindate':
2026-01-15 09:42:48,114 - dq_comparison - INFO -   Source: '1676851200000000000' (type: int64) → '2023-02-20'
2026-01-15 09:42:48,114 - dq_comparison - INFO -   Target: '1676851200000000000' (type: int64) → '2023-02-20'
2026-01-15 09:42:48,114 - dq_comparison - INFO -   Match after normalization: ✅ YES
2026-01-15 09:42:48,114 - dq_comparison - INFO - Column 'City' → 'city':
2026-01-15 09:42:48,114 - dq_comparison - INFO -   Source: 'India' (type: str) → 'india'
2026-01-15 09:42:48,115 - dq_comparison - INFO -   Target: 'Chicago' (type: str) → 'chicago'
2026-01-15 09:42:48,115 - dq_comparison - INFO -   Match after normalization: ❌ NO
2026-01-15 09:42:48,115 - dq_comparison - INFO - Column 'Phone' → 'phone':
2026-01-15 09:42:48,115 - dq_comparison - INFO -   Source: '9876543210' (type: int64) → '9876543210'
2026-01-15 09:42:48,116 - dq_comparison - INFO -   Target: '9876543210' (type: int64) → '9876543210'
2026-01-15 09:42:48,116 - dq_comparison - INFO -   Match after normalization: ✅ YES
2026-01-15 09:42:48,116 - dq_comparison - INFO - Column 'CustomerName' → 'customername':
2026-01-15 09:42:48,116 - dq_comparison - INFO -   Source: 'Jane Smith' (type: str) → 'jane smith'
2026-01-15 09:42:48,116 - dq_comparison - INFO -   Target: 'Jane Smith' (type: str) → 'jane smith'
2026-01-15 09:42:48,116 - dq_comparison - INFO -   Match after normalization: ✅ YES
2026-01-15 09:42:48,117 - dq_comparison - INFO - Column 'Email' → 'email':
2026-01-15 09:42:48,117 - dq_comparison - INFO -   Source: 'jane@email.com' (type: str) → 'jane@email.com'
2026-01-15 09:42:48,117 - dq_comparison - INFO -   Target: 'jane@email.com' (type: str) → 'jane@email.com'
2026-01-15 09:42:48,117 - dq_comparison - INFO -   Match after normalization: ✅ YES
2026-01-15 09:42:48,117 - dq_comparison - INFO - 
Hash components for Row 1:
2026-01-15 09:42:48,118 - dq_comparison - INFO - Source hash string start: 2023-02-20|india|9876543210...
2026-01-15 09:42:48,118 - dq_comparison - INFO - Target hash string start: 2023-02-20|chicago|9876543210...
2026-01-15 09:42:48,118 - dq_comparison - INFO - Same? ❌ NO
2026-01-15 09:42:48,118 - dq_comparison - INFO - 
--- Analyzing Row 2 ---
2026-01-15 09:42:48,119 - dq_comparison - INFO - Column 'JoinDate' → 'joindate':
2026-01-15 09:42:48,119 - dq_comparison - INFO -   Source: '1678406400000000000' (type: int64) → '2023-03-10'
2026-01-15 09:42:48,119 - dq_comparison - INFO -   Target: '1678406400000000000' (type: int64) → '2023-03-10'
2026-01-15 09:42:48,119 - dq_comparison - INFO -   Match after normalization: ✅ YES
2026-01-15 09:42:48,119 - dq_comparison - INFO - Column 'City' → 'city':
2026-01-15 09:42:48,119 - dq_comparison - INFO -   Source: 'Boston' (type: str) → 'boston'
2026-01-15 09:42:48,119 - dq_comparison - INFO -   Target: 'Boston' (type: str) → 'boston'
2026-01-15 09:42:48,119 - dq_comparison - INFO -   Match after normalization: ✅ YES
2026-01-15 09:42:48,120 - dq_comparison - INFO - Column 'Phone' → 'phone':
2026-01-15 09:42:48,120 - dq_comparison - INFO -   Source: '5551234567' (type: int64) → '5551234567'
2026-01-15 09:42:48,120 - dq_comparison - INFO -   Target: '5551234567' (type: int64) → '5551234567'
2026-01-15 09:42:48,120 - dq_comparison - INFO -   Match after normalization: ✅ YES
2026-01-15 09:42:48,121 - dq_comparison - INFO - Column 'CustomerName' → 'customername':
2026-01-15 09:42:48,121 - dq_comparison - INFO -   Source: 'Bob Johnson' (type: str) → 'bob johnson'
2026-01-15 09:42:48,124 - dq_comparison - INFO -   Target: 'Bob Johnson' (type: str) → 'bob johnson'
2026-01-15 09:42:48,125 - dq_comparison - INFO -   Match after normalization: ✅ YES
2026-01-15 09:42:48,126 - dq_comparison - INFO - Column 'Email' → 'email':
2026-01-15 09:42:48,126 - dq_comparison - INFO -   Source: '' (type: str) → 'NULL'
2026-01-15 09:42:48,126 - dq_comparison - INFO -   Target: 'None' (type: NoneType) → 'NULL'
2026-01-15 09:42:48,126 - dq_comparison - INFO -   Match after normalization: ✅ YES
2026-01-15 09:42:48,126 - dq_comparison - INFO - 
Hash components for Row 2:
2026-01-15 09:42:48,127 - dq_comparison - INFO - Source hash string start: 2023-03-10|boston|5551234567...
2026-01-15 09:42:48,127 - dq_comparison - INFO - Target hash string start: 2023-03-10|boston|5551234567...
2026-01-15 09:42:48,127 - dq_comparison - INFO - Same? ✅ YES
2026-01-15 09:42:48,128 - dq_comparison - INFO - 
--- Column Data Types Analysis ---
2026-01-15 09:42:48,128 - dq_comparison - INFO - Column 1: 'JoinDate' (int64) ↔ 'joindate' (int64)
2026-01-15 09:42:48,128 - dq_comparison - INFO -   Sample: Source='1673740800000000000', Target='1673740800000000000'
2026-01-15 09:42:48,129 - dq_comparison - INFO - Column 2: 'City' (object) ↔ 'city' (object)
2026-01-15 09:42:48,129 - dq_comparison - INFO -   Sample: Source='New York', Target='New York'
2026-01-15 09:42:48,129 - dq_comparison - INFO - Column 3: 'Phone' (int64) ↔ 'phone' (int64)
2026-01-15 09:42:48,129 - dq_comparison - INFO -   Sample: Source='1234567890', Target='1234567890'
2026-01-15 09:42:48,130 - dq_comparison - INFO - Column 4: 'CustomerName' (object) ↔ 'customername' (object)
2026-01-15 09:42:48,130 - dq_comparison - INFO -   Sample: Source='John Doe', Target='John Doe'
2026-01-15 09:42:48,130 - dq_comparison - INFO - Column 5: 'Email' (object) ↔ 'email' (object)
2026-01-15 09:42:48,130 - dq_comparison - INFO -   Sample: Source='john@email.com', Target='john@email.com'
2026-01-15 09:42:48,130 - dq_comparison - INFO - PERFORMING DETAILED ROW-LEVEL COMPARISON WITH PAGINATION...
2026-01-15 09:42:48,141 - dq_comparison - WARNING - Error processing mismatch row 1: 'str' object has no attribute 'join_output'
2026-01-15 09:42:48,151 - dq_comparison - WARNING - Error processing mismatch row 6: 'str' object has no attribute 'join_output'
2026-01-15 09:42:48,162 - dq_comparison - WARNING - Error processing mismatch row 9: 'str' object has no attribute 'join_output'
2026-01-15 09:42:48,173 - dq_comparison - INFO - 
================================================================================
2026-01-15 09:42:48,173 - dq_comparison - INFO - ROW 3: City: 'India' ≠ 'Chicago'
2026-01-15 09:42:48,173 - dq_comparison - INFO - --------------------------------------------------------------------------------
2026-01-15 09:42:48,176 - dq_comparison - INFO - SOURCE DATA: JoinDate: 1676851200000000000; City: India; Phone: 9876543210; CustomerName: Jane Smith; Email: jane@email.com; State: AP; Country: USA; Department: HR; PostalCode: 10002.0; Salary: 60000.0
2026-01-15 09:42:48,176 - dq_comparison - INFO - TARGET DATA: joindate: 1676851200000000000; city: Chicago; phone: 9876543210; customername: Jane Smith; email: jane@email.com; state: AP; country: USA; department: HR; postalcode: 10002.0; salary: 60000.0
2026-01-15 09:42:48,187 - dq_comparison - INFO - 
================================================================================
2026-01-15 09:42:48,188 - dq_comparison - INFO - ROW 8: CustomerName: 'sai kumar' ≠ 'David Lee'
2026-01-15 09:42:48,188 - dq_comparison - INFO - --------------------------------------------------------------------------------
2026-01-15 09:42:48,188 - dq_comparison - INFO - SOURCE DATA: JoinDate: 1683849600000000000; City: Atlanta; Phone: 2223334444; CustomerName: sai kumar; Email: david@email.com; State: NULL; Country: USA; Department: Finance; PostalCode: 10006.0; Salary: NULL
2026-01-15 09:42:48,189 - dq_comparison - INFO - TARGET DATA: joindate: 1683849600000000000; city: Atlanta; phone: 2223334444; customername: David Lee; email: david@email.com; state: NULL; country: USA; department: Finance; postalcode: 10006.0; salary: NULL
2026-01-15 09:42:48,199 - dq_comparison - INFO - 
================================================================================
2026-01-15 09:42:48,199 - dq_comparison - INFO - ROW 11: PostalCode: '10009.0' ≠ '10008.0'
2026-01-15 09:42:48,200 - dq_comparison - INFO - --------------------------------------------------------------------------------
2026-01-15 09:42:48,200 - dq_comparison - INFO - SOURCE DATA: JoinDate: 1693353600000000000; City: Austin; Phone: 6667778888; CustomerName: Lisa Wang; Email: lisa@email.com; State: GJ; Country: USA; Department: NULL; PostalCode: 10009.0; Salary: 62000.0
2026-01-15 09:42:48,201 - dq_comparison - INFO - TARGET DATA: joindate: 1693353600000000000; city: Austin; phone: 6667778888; customername: Lisa Wang; email: lisa@email.com; state: GJ; country: USA; department: NULL; postalcode: 10008.0; salary: 62000.0
2026-01-15 09:42:48,212 - dq_comparison - INFO - 
================================================================================
2026-01-15 09:42:48,213 - dq_comparison - INFO - ROW 14: JoinDate: 'NULL' ≠ '1700438400000000000'; City: 'NULL' ≠ 'Las Vegas'; Phone: 'NULL' ≠ '9990001111'; CustomerName: 'NULL' ≠ 'Robert Brown'; Email: 'NULL' ≠ 'robert@email.com'; ... (+5 more differences)
2026-01-15 09:42:48,214 - dq_comparison - INFO - --------------------------------------------------------------------------------
2026-01-15 09:42:48,214 - dq_comparison - INFO - SOURCE DATA: ROW NOT FOUND (position 14)
2026-01-15 09:42:48,214 - dq_comparison - INFO - TARGET DATA: joindate: 1700438400000000000; city: Las Vegas; phone: 9990001111; customername: Robert Brown; email: robert@email.com; state: AS; country: USA; department: IT; postalcode: 10011.0; salary: 67000.0
2026-01-15 09:42:48,225 - dq_comparison - INFO - 
================================================================================
2026-01-15 09:42:48,225 - dq_comparison - INFO - ROW 15: JoinDate: 'NULL' ≠ '1701734400000000000'; City: 'NULL' ≠ 'Orlando'; Phone: 'NULL' ≠ '1112222'; CustomerName: 'NULL' ≠ 'Nancy Davis'; Email: 'NULL' ≠ 'nancy@email.com'; ... (+4 more differences)
2026-01-15 09:42:48,226 - dq_comparison - INFO - --------------------------------------------------------------------------------
2026-01-15 09:42:48,226 - dq_comparison - INFO - SOURCE DATA: ROW NOT FOUND (position 15)
2026-01-15 09:42:48,226 - dq_comparison - INFO - TARGET DATA: joindate: 1701734400000000000; city: Orlando; phone: 1112222; customername: Nancy Davis; email: nancy@email.com; state: BR; country: USA; department: HR; postalcode: 10012.0; salary: NULL
2026-01-15 09:42:48,239 - dq_comparison - INFO - 
================================================================================
2026-01-15 09:42:48,239 - dq_comparison - INFO - ROW 16: JoinDate: 'NULL' ≠ '1704844800000000000'; City: 'NULL' ≠ 'San Diego'; Phone: 'NULL' ≠ '1112223333'; CustomerName: 'NULL' ≠ 'Kevin Lee'; Email: 'NULL' ≠ 'kevin@email.com'; ... (+5 more differences)
2026-01-15 09:42:48,239 - dq_comparison - INFO - --------------------------------------------------------------------------------
2026-01-15 09:42:48,240 - dq_comparison - INFO - SOURCE DATA: ROW NOT FOUND (position 16)
2026-01-15 09:42:48,240 - dq_comparison - INFO - TARGET DATA: joindate: 1704844800000000000; city: San Diego; phone: 1112223333; customername: Kevin Lee; email: kevin@email.com; state: GA; country: USA; department: Sales; postalcode: 10013.0; salary: 49000.0
2026-01-15 09:42:48,240 - dq_comparison - INFO - 
================================================================================
2026-01-15 09:42:48,240 - dq_comparison - INFO - DETAILED MISMATCH SUMMARY:
2026-01-15 09:42:48,240 - dq_comparison - INFO -   Total mismatches found: 9
2026-01-15 09:42:48,241 - dq_comparison - INFO -   Detailed comparisons logged: 9
2026-01-15 09:42:48,241 - dq_comparison - INFO -   First 10 rows displayed above
2026-01-15 09:42:48,242 - dq_comparison - INFO -   All mismatches stored in database with complete data
2026-01-15 09:42:48,244 - dq_comparison - INFO - ================================================================================
2026-01-15 09:42:48,244 - dq_comparison - INFO - Hash-based Comparison Results (with duplicate handling):
2026-01-15 09:42:48,244 - dq_comparison - INFO -   • Unique source hashes: 11
2026-01-15 09:42:48,244 - dq_comparison - INFO -   • Unique target hashes: 14
2026-01-15 09:42:48,244 - dq_comparison - INFO -   • Common hashes: 8
2026-01-15 09:42:48,244 - dq_comparison - INFO -   • Common rows (counting duplicates): 9
2026-01-15 09:42:48,245 - dq_comparison - INFO -   • Rows only in source (counting duplicates): 3
2026-01-15 09:42:48,245 - dq_comparison - INFO -   • Rows only in target (counting duplicates): 6
2026-01-15 09:42:48,245 - dq_comparison - INFO - Found 3 source-only rows
2026-01-15 09:42:48,248 - dq_comparison - INFO - Found 6 target-only rows
2026-01-15 09:42:48,249 - dq_comparison - INFO - HASH-ONLY COMPARISON COMPLETED
2026-01-15 09:42:48,249 - dq_comparison - INFO - Returning counts for simple scoring:
2026-01-15 09:42:48,250 - dq_comparison - INFO -   Common rows: 9
2026-01-15 09:42:48,250 - dq_comparison - INFO -   Unique to source: 3
2026-01-15 09:42:48,250 - dq_comparison - INFO -   Unique to target: 6
2026-01-15 09:42:48,250 - dq_comparison - INFO -   Value mismatches: 90
2026-01-15 09:42:48,250 - dq_comparison - INFO -   Missing rows: 3
2026-01-15 09:42:48,251 - dq_comparison - INFO -   Extra rows: 6
2026-01-15 09:42:48,251 - dq_comparison - INFO - 
========================================================================================================================
Comparison of specific row data where differences were detected.
========================================================================================================================
Row   | Mismatch Summary                         | Source Data                         | Target Data                        
------------------------------------------------------------------------------------------------------------------------
3     | City: 'India' ≠ 'Chicago'                | JoinDate: 16768... (+2 more columns) (+7 more) | joindate: 16768... (+2 more columns) (+7 more)
8     | CustomerName: 'sai kumar' ≠ 'David Lee'  | JoinDate: 16838... (+2 more columns) (+7 more) | joindate: 16838... (+2 more columns) (+7 more)
11    | PostalCode: '10009.0' ≠ '10008.0'        | JoinDate: 16933... (+2 more columns) (+7 more) | joindate: 16933... (+2 more columns) (+7 more)
3     | City: 'India' ≠ 'Chicago'                | JoinDate: 16768... (+2 more columns) (+7 more) | joindate: 16768... (+2 more columns) (+7 more)
8     | CustomerName: 'sai kumar' ≠ 'David Lee'  | JoinDate: 16838... (+2 more columns) (+7 more) | joindate: 16838... (+2 more columns) (+7 more)
11    | PostalCode: '10009.0' ≠ '10008.0'        | JoinDate: 16933... (+2 more columns) (+7 more) | joindate: 16933... (+2 more columns) (+7 more)
14    | JoinDate: 'NULL' ≠ '1700438400000000000' | JoinDate: NULL... (+2 more columns) (+7 more) | joindate: 17004... (+2 more columns) (+7 more)
15    | JoinDate: 'NULL' ≠ '1701734400000000000' | JoinDate: NULL... (+2 more columns) (+7 more) | joindate: 17017... (+2 more columns) (+7 more)
16    | JoinDate: 'NULL' ≠ '1704844800000000000' | JoinDate: NULL... (+2 more columns) (+7 more) | joindate: 17048... (+2 more columns) (+7 more)
------------------------------------------------------------------------------------------------------------------------
Showing all 9 mismatched rows.
========================================================================================================================
2026-01-15 09:42:48,251 - dq_comparison - INFO - Returning enhanced mismatch structure with 9 detailed mismatches
2026-01-15 09:42:48,251 - dq_comparison - INFO - New structure: 9 detailed mismatches
2026-01-15 09:42:48,251 - dq_comparison - INFO - 
6️⃣ DATA QUALITY ANALYSIS
2026-01-15 09:42:48,252 - dq_comparison - INFO - Analyzing data quality metrics...
2026-01-15 09:42:48,261 - dq_comparison - INFO - Null values - Source: 5 (4.17%), Target: 7 (4.67%)
2026-01-15 09:42:48,263 - dq_comparison - INFO - Duplicate rows (normalized) - Source: 1, Target: 1
2026-01-15 09:42:48,264 - dq_comparison - INFO - Source duplicate samples: ['Row 2', 'Row 7']
2026-01-15 09:42:48,265 - dq_comparison - INFO - Target duplicate samples: ['Row 2', 'Row 7']
2026-01-15 09:42:48,275 - dq_error_log - INFO - Retrieved 11 error logs for session CMP_20260115_094248
2026-01-15 09:42:48,275 - dq_comparison - INFO - 
📊 SIMPLE SCORING CALCULATION:
2026-01-15 09:42:48,275 - dq_comparison - INFO -   Source rows: 12
2026-01-15 09:42:48,277 - dq_comparison - INFO -   Common rows (matched): 9
2026-01-15 09:42:48,277 - dq_comparison - INFO -   Calculation: (9 / 12) * 100 = 75.00%
2026-01-15 09:42:48,277 - dq_comparison - INFO -   Explanation: 9 matched rows out of 12 total source rows
2026-01-15 09:42:48,277 - dq_comparison - INFO - 
=== AUDIT LOGGING SECTION ===
2026-01-15 09:42:48,281 - dq_comparison - INFO - 🔍 Audit logging is ENABLED in APP_SETTINGS
2026-01-15 09:42:48,281 - dq_audit - INFO - Audit class initialized with database: dq_checks
2026-01-15 09:42:48,282 - dq_comparison - INFO - Attempting to log audit record for session: CMP_20260115_094248
2026-01-15 09:42:48,282 - dq_audit - INFO - Starting database insertion for comparison...
2026-01-15 09:42:48,293 - dq_audit - INFO - Inserted comparison record with ID: 684
2026-01-15 09:42:48,293 - dq_comparison - INFO - ✅ Audit record logged successfully (ID: 684)
2026-01-15 09:42:48,293 - dq_comparison - INFO - 
======================================================================
2026-01-15 09:42:48,294 - dq_comparison - INFO - 📊 COMPARISON RESULTS SUMMARY
2026-01-15 09:42:48,294 - dq_comparison - INFO - ======================================================================
2026-01-15 09:42:48,294 - dq_comparison - INFO - Session ID: CMP_20260115_094248
2026-01-15 09:42:48,295 - dq_comparison - INFO - Source: Database: mysql - dq_checks.customers_bkp (12 rows)
2026-01-15 09:42:48,295 - dq_comparison - INFO - Target: Database: postgresql - dq_checks.customers (15 rows)
2026-01-15 09:42:48,295 - dq_comparison - INFO - Selected columns: 10
2026-01-15 09:42:48,295 - dq_comparison - INFO - ----------------------------------------------------------------------
2026-01-15 09:42:48,295 - dq_comparison - INFO - 1️⃣ Row count match: ❌ No
2026-01-15 09:42:48,296 - dq_comparison - INFO -    Missing in target: 0 rows
2026-01-15 09:42:48,296 - dq_comparison - INFO -    Extra in target: 3 rows
2026-01-15 09:42:48,297 - dq_comparison - INFO - 2️⃣ Column structure match: ❌ No
2026-01-15 09:42:48,297 - dq_comparison - INFO -    Missing in target: 10 columns
2026-01-15 09:42:48,297 - dq_comparison - INFO -      ['CustomerName', 'Email', 'Phone', 'Salary', 'Department']
2026-01-15 09:42:48,297 - dq_comparison - INFO -    Missing in source: 10 columns
2026-01-15 09:42:48,297 - dq_comparison - INFO -      ['customername', 'email', 'phone', 'salary', 'department']
2026-01-15 09:42:48,297 - dq_comparison - INFO - 3️ Primary key validation: ❌ Failed
2026-01-15 09:42:48,298 - dq_comparison - INFO - 4️ Table metadata: ❌ Mismatch
2026-01-15 09:42:48,298 - dq_comparison - INFO -    • Row Count: 12 vs 15
2026-01-15 09:42:48,298 - dq_comparison - INFO - 5️⃣ Common rows (both Mysql Database and Postgresql Database): 9 (75.00% of Mysql Database)
2026-01-15 09:42:48,298 - dq_comparison - INFO - 6️⃣ Mysql Database-only rows: 3 (present ONLY in Mysql Database, NOT in Postgresql Database)
2026-01-15 09:42:48,298 - dq_comparison - INFO - 7️⃣ Postgresql Database-only rows: 6 (present ONLY in Postgresql Database, NOT in Mysql Database)
2026-01-15 09:42:48,298 - dq_comparison - INFO - 8️⃣ Column value mismatches: 0
2026-01-15 09:42:48,299 - dq_comparison - INFO - 9️ Data quality match: ❌ No
2026-01-15 09:42:48,299 - dq_comparison - INFO - 📈 DQ Score: 75.00%
2026-01-15 09:42:48,299 - dq_comparison - INFO - 📊 Calculation: (9 / 12) * 100 = 75.00%
2026-01-15 09:42:48,299 - dq_comparison - INFO - ======================================================================
2026-01-15 09:42:48,299 - dq_comparison - INFO - 
⚠️  FAIR MATCH! Significant differences found.
2026-01-15 09:42:48,300 - dq_comparison - INFO - 
🔍 NORMALIZATION APPLIED:
2026-01-15 09:42:48,300 - dq_comparison - INFO -    • NULL values → 'NULL' (consistent representation)
2026-01-15 09:42:48,300 - dq_comparison - INFO -    • Dates → YYYY-MM-DD format
2026-01-15 09:42:48,300 - dq_comparison - INFO -    • Strings → trimmed + lowercase
2026-01-15 09:42:48,300 - dq_comparison - INFO -    • Numeric values → standardized format
2026-01-15 09:42:48,300 - dq_comparison - INFO -    • Phone numbers → digits only, ALL leading zeros removed
2026-01-15 09:42:48,301 - dq_comparison - INFO -    • Extra whitespace removed
2026-01-15 09:42:48,301 - dq_comparison - INFO - 
🔍 DETAILED ERROR ANALYSIS:
2026-01-15 09:42:48,301 - dq_comparison - INFO - --------------------------------------------------
2026-01-15 09:42:48,301 - dq_comparison - INFO - 📊 SOURCE-ONLY ROWS: 3 rows
2026-01-15 09:42:48,301 - dq_comparison - INFO -    Present only in Mysql Database, missing from Postgresql Database
2026-01-15 09:42:48,302 - dq_comparison - INFO - 📊 TARGET-ONLY ROWS: 6 rows
2026-01-15 09:42:48,305 - dq_comparison - INFO -    Present only in Postgresql Database, extra (not in Mysql Database)
2026-01-15 09:42:48,314 - dq_error_log - INFO - Retrieved 10 errors for session CMP_20260115_094248
2026-01-15 09:42:48,314 - dq_comparison - INFO - 
📋 SAMPLE ERRORS (10 found):
2026-01-15 09:42:48,314 - dq_comparison - INFO - 
1. Row 0 - Metadata Row Count
2026-01-15 09:42:48,315 - dq_comparison - INFO -    Column: 
2026-01-15 09:42:48,315 - dq_comparison - INFO -    Metadata mismatch: Row Count
2026-01-15 09:42:48,315 - dq_comparison - INFO - 
2. Row 0 - Key Field Missing
2026-01-15 09:42:48,315 - dq_comparison - INFO -    Column: PostalCode
2026-01-15 09:42:48,316 - dq_comparison - INFO -    Primary key field 'PostalCode' missing in one or both datasets
2026-01-15 09:42:48,316 - dq_comparison - INFO - 
3. Row 3 - Row Data Mismatch
2026-01-15 09:42:48,316 - dq_comparison - INFO -    Row 3: Detailed data mismatch detected
2026-01-15 09:42:48,316 - dq_comparison - INFO - 
💡 For complete error details, run:
2026-01-15 09:42:48,316 - dq_comparison - INFO -    USE dq_checks;
2026-01-15 09:42:48,316 - dq_comparison - INFO -    SELECT excel_row, column_name, error_type, error_description,
2026-01-15 09:42:48,317 - dq_comparison - INFO -           actual_value, expected_value
2026-01-15 09:42:48,320 - dq_comparison - INFO -    FROM dq_error_logs
2026-01-15 09:42:48,321 - dq_comparison - INFO -    WHERE session_id = 'CMP_20260115_094248'
2026-01-15 09:42:48,321 - dq_comparison - INFO -    ORDER BY excel_row, column_name;
2026-01-15 09:42:48,332 - dq_comparison - INFO - 
✅ Comparison completed! Session ID: CMP_20260115_094248
2026-01-15 09:42:48,341 - dq_error_log - INFO - Retrieved 12 error logs for session CMP_20260115_094248
2026-01-15 09:42:48,351 - dq_error_log - INFO - Retrieved summary: 12 total errors for session CMP_20260115_094248
2026-01-15 09:42:48,352 - dq_audit - INFO - Audit class initialized with database: dq_checks
2026-01-15 09:42:48,364 - dq_audit - INFO - Retrieved 1 audit logs for session CMP_20260115_094248
2026-01-15 09:42:48,364 - dq_comparison - INFO - 
🔍 Final results verification:
2026-01-15 09:42:48,365 - dq_comparison - INFO -    Session ID: CMP_20260115_094248
2026-01-15 09:42:48,366 - dq_comparison - INFO -    DQ Score (Simple %): 75.00%
2026-01-15 09:42:48,366 - dq_comparison - INFO -    Source rows: 12
2026-01-15 09:42:48,367 - dq_comparison - INFO -    Matched rows: 9
2026-01-15 09:42:48,367 - dq_comparison - INFO -    Calculation: (9 / 12) * 100
2026-01-15 09:42:48,367 - __main__ - INFO - Source-Target Comparison completed successfully
2026-01-15 09:42:48,367 - __main__ - INFO - Displaying main menu options to user
2026-01-15 09:43:11,149 - __main__ - INFO - User selected option: 6
2026-01-15 09:43:11,150 - __main__ - INFO - User session ended. Duration: 0:00:46.179344
2026-01-15 09:43:11,151 - __main__ - INFO - 👋 Thank you for using Universal Data Quality Framework!
