2026-01-28 17:25:41,003 - root - INFO - CLI Mode Logging Initialized
2026-01-28 17:25:41,003 - root - INFO - CLI logs will be saved to: logs/dq_framework_20260128_172540.log
2026-01-28 17:25:41,004 - __main__ - INFO - 🚀 UNIVERSAL DATA QUALITY FRAMEWORK INITIALIZED
2026-01-28 17:25:41,006 - __main__ - INFO - Starting system resource check
2026-01-28 17:25:41,018 - __main__ - INFO - Total RAM: 15.7 GB
2026-01-28 17:25:41,018 - __main__ - INFO - Available RAM: 2.9 GB
2026-01-28 17:25:41,019 - __main__ - INFO - Memory used: 81.3%
2026-01-28 17:25:41,019 - __main__ - INFO - Memory status: OK
2026-01-28 17:25:41,022 - __main__ - INFO - Free disk space: 260.5 GB
2026-01-28 17:25:41,022 - __main__ - INFO - Disk used: 45.3%
2026-01-28 17:25:41,023 - __main__ - INFO - Disk space: OK
2026-01-28 17:25:41,525 - __main__ - INFO - CPU cores: 8
2026-01-28 17:25:41,525 - __main__ - INFO - CPU usage: 18.4%
2026-01-28 17:25:41,525 - __main__ - INFO - Python version: 3.12.4
2026-01-28 17:25:41,526 - __main__ - INFO - System platform: win32
2026-01-28 17:25:41,526 - __main__ - INFO - User session started at: 2026-01-28 17:25:41.526264
2026-01-28 17:25:41,527 - __main__ - INFO - Displaying main menu options to user
2026-01-28 17:25:49,862 - __main__ - INFO - User selected option: 2
2026-01-28 17:25:49,862 - __main__ - INFO - Starting Source-Target Comparison module
2026-01-28 17:25:49,870 - dq_comparison - INFO - STARTING UNIVERSAL SOURCE-TARGET COMPARISON TOOL
2026-01-28 17:25:49,870 - dq_comparison - INFO - LOADING SOURCE AND TARGET DATA
2026-01-28 17:25:49,871 - dq_comparison - INFO - 
==================================================
2026-01-28 17:25:49,872 - dq_comparison - INFO - 🔗 SOURCE DATA CONFIGURATION
2026-01-28 17:25:49,872 - dq_comparison - INFO - ==================================================
2026-01-28 17:25:51,066 - dq_comparison - INFO - 
🗄️ SOURCE DATABASE CONFIGURATION
2026-01-28 17:25:51,067 - dq_comparison - INFO - ----------------------------------------
2026-01-28 17:25:52,395 - dq_comparison - INFO - Selected database type code: postgresql
2026-01-28 17:25:53,502 - dq_comparison - INFO - User selected Browse and Select mode for SOURCE
2026-01-28 17:25:53,513 - dq_comparison - INFO - Converted 'postgresql' to 'postgres' for database_navigator compatibility
2026-01-28 17:25:53,514 - database_navigator - INFO - DatabaseNavigator initialized
2026-01-28 17:25:53,514 - database_navigator - INFO - Starting database navigation...
2026-01-28 17:25:53,515 - database_navigator - INFO - Database type: postgres
2026-01-28 17:25:53,516 - database_navigator - INFO - Getting database configuration...
2026-01-28 17:25:56,356 - database_navigator - INFO - Connecting to POSTGRES...
2026-01-28 17:25:56,358 - database_navigator - INFO - Connecting to PostgreSQL...
2026-01-28 17:25:56,361 - database_navigator - INFO - Connecting to PostgreSQL: host=localhost, port=5432, database=postgres, user=postgres
2026-01-28 17:25:56,597 - database_navigator - INFO - Connection object created: <connection object at 0x00000205667E6CE0; dsn: 'user=postgres password=xxx dbname=postgres host=localhost port=5432', closed: 0>
2026-01-28 17:25:56,600 - database_navigator - INFO - ✅ PostgreSQL connection successful to database: postgres
2026-01-28 17:25:56,608 - database_navigator - INFO - get_databases() called. db_type: postgres, connection exists: True
2026-01-28 17:25:56,646 - database_navigator - INFO - Raw rows: [('dq_checks',), ('finewise-testdb',), ('postgres',)]
2026-01-28 17:25:56,646 - database_navigator - INFO - Found 3 databases
2026-01-28 17:25:58,478 - database_navigator - INFO - Selected database: dq_checks
2026-01-28 17:25:58,480 - database_navigator - INFO - Reconnecting to PostgreSQL database: dq_checks
2026-01-28 17:25:58,483 - database_navigator - INFO - Connecting to POSTGRES...
2026-01-28 17:25:58,485 - database_navigator - INFO - Connecting to PostgreSQL...
2026-01-28 17:25:58,485 - database_navigator - INFO - Connecting to PostgreSQL: host=localhost, port=5432, database=dq_checks, user=postgres
2026-01-28 17:25:58,671 - database_navigator - INFO - Connection object created: <connection object at 0x00000205667E6DF0; dsn: 'user=postgres password=xxx dbname=dq_checks host=localhost port=5432', closed: 0>
2026-01-28 17:25:58,672 - database_navigator - INFO - ✅ PostgreSQL connection successful to database: dq_checks
2026-01-28 17:25:58,735 - database_navigator - INFO - Found 4 schemas
2026-01-28 17:26:02,460 - database_navigator - INFO - Selected schema: public
2026-01-28 17:26:02,467 - database_navigator - INFO - Ensuring connection to database: dq_checks for table list
2026-01-28 17:26:02,468 - database_navigator - INFO - Reconnecting to PostgreSQL database: dq_checks
2026-01-28 17:26:02,468 - database_navigator - INFO - Connecting to POSTGRES...
2026-01-28 17:26:02,469 - database_navigator - INFO - Connecting to PostgreSQL...
2026-01-28 17:26:02,470 - database_navigator - INFO - Connecting to PostgreSQL: host=localhost, port=5432, database=dq_checks, user=postgres
2026-01-28 17:26:02,629 - database_navigator - INFO - Connection object created: <connection object at 0x00000205667E6F00; dsn: 'user=postgres password=xxx dbname=dq_checks host=localhost port=5432', closed: 0>
2026-01-28 17:26:02,629 - database_navigator - INFO - ✅ PostgreSQL connection successful to database: dq_checks
2026-01-28 17:26:02,632 - database_navigator - INFO - Connected to database: dq_checks, schema: public
2026-01-28 17:26:02,728 - database_navigator - INFO - Found 5 tables in dq_checks.public: ['comparison_small_target13', 'customers', 'customers_bkp', 'employee', 'stg_transactions']
2026-01-28 17:26:02,729 - database_navigator - INFO - Found 5 tables in schema 'public'
2026-01-28 17:26:05,863 - database_navigator - INFO - Selected table: employee
2026-01-28 17:26:05,873 - database_navigator - INFO - Selection complete: {'type': 'postgresql', 'database': 'dq_checks', 'schema': 'public', 'table': 'employee', 'selection_mode': 'hierarchical', 'host': 'localhost', 'port': '5432', 'user': 'postgres', 'password': 'postgres'}
2026-01-28 17:26:05,873 - dq_comparison - INFO - Selected via navigation for SOURCE: dq_checks.public.employee
2026-01-28 17:26:05,874 - dq_unified - INFO - Loading data from DATABASE
2026-01-28 17:26:05,874 - dq_unified - INFO - Loading large database table: employee
2026-01-28 17:26:05,875 - dq_unified - INFO - Normalized DB config with schema: public
2026-01-28 17:26:06,181 - dq_unified - INFO - PostgreSQL table public.employee has 89,999 rows
2026-01-28 17:26:06,181 - dq_unified - INFO - Loading 89,999 rows from PostgreSQL...
2026-01-28 17:26:06,558 - dq_unified - INFO - Loaded 89,999 rows from PostgreSQL
2026-01-28 17:26:07,308 - dq_unified - INFO - Memory optimization: 60.9MB -> 25.8MB (Saved: 35.1MB)
2026-01-28 17:26:07,414 - dq_unified - INFO - Loaded 89,999 rows, 12 columns. Memory: 172.0MB total, 25.8MB for dataframe
2026-01-28 17:26:07,415 - dq_comparison - INFO - SOURCE database loaded: 89,999 rows, 12 columns
2026-01-28 17:26:07,417 - dq_comparison - INFO - 
==================================================
2026-01-28 17:26:07,421 - dq_comparison - INFO - 🔗 TARGET DATA CONFIGURATION
2026-01-28 17:26:07,422 - dq_comparison - INFO - ==================================================
2026-01-28 17:26:09,925 - dq_comparison - INFO - DEBUG load_excel_source called for TARGET
2026-01-28 17:26:09,926 - dq_comparison - INFO - DEBUG ui_data: None
2026-01-28 17:26:09,927 - dq_comparison - INFO - DEBUG ui_data type: <class 'NoneType'>
2026-01-28 17:26:33,534 - dq_comparison - INFO - TARGET Excel loaded: 100,500 rows, 12 columns
2026-01-28 17:26:33,534 - dq_comparison - INFO - SELECTING COLUMNS FOR COMPARISON
2026-01-28 17:26:33,537 - dq_comparison - INFO - Source columns (original): ['id', 'customer_id', 'transaction_id', 'customer_name', 'email', 'phone', 'transaction_date', 'amount', 'quantity', 'age', 'status', 'description']
2026-01-28 17:26:33,539 - dq_comparison - INFO - Target columns (original): ['id', 'customer_id', 'transaction_id', 'customer_name', 'email', 'phone', 'transaction_date', 'amount', 'quantity', 'age', 'status', 'description']
2026-01-28 17:26:33,540 - dq_comparison - INFO - Common columns lowercased: ['phone', 'transaction_id', 'amount', 'customer_id', 'email', 'id', 'transaction_date', 'description', 'customer_name', 'quantity', 'age', 'status']
2026-01-28 17:26:33,542 - dq_comparison - INFO - Found 12 common columns between source and target (case-insensitive)
2026-01-28 17:26:33,542 - dq_comparison - INFO - 
📋 Common columns available for comparison:
2026-01-28 17:26:33,543 - dq_comparison - INFO -   1. phone (Source) ↔ phone (Target)
2026-01-28 17:26:33,543 - dq_comparison - INFO -   2. transaction_id (Source) ↔ transaction_id (Target)
2026-01-28 17:26:33,544 - dq_comparison - INFO -   3. amount (Source) ↔ amount (Target)
2026-01-28 17:26:33,545 - dq_comparison - INFO -   4. customer_id (Source) ↔ customer_id (Target)
2026-01-28 17:26:33,545 - dq_comparison - INFO -   5. email (Source) ↔ email (Target)
2026-01-28 17:26:33,546 - dq_comparison - INFO -   6. id (Source) ↔ id (Target)
2026-01-28 17:26:33,547 - dq_comparison - INFO -   7. transaction_date (Source) ↔ transaction_date (Target)
2026-01-28 17:26:33,549 - dq_comparison - INFO -   8. description (Source) ↔ description (Target)
2026-01-28 17:26:33,549 - dq_comparison - INFO -   9. customer_name (Source) ↔ customer_name (Target)
2026-01-28 17:26:33,549 - dq_comparison - INFO -   10. quantity (Source) ↔ quantity (Target)
2026-01-28 17:26:33,551 - dq_comparison - INFO -   11. age (Source) ↔ age (Target)
2026-01-28 17:26:33,551 - dq_comparison - INFO -   12. status (Source) ↔ status (Target)
2026-01-28 17:26:36,392 - dq_comparison - INFO - User column selection input: all
2026-01-28 17:26:36,393 - dq_comparison - INFO - User selected ALL common columns for comparison
2026-01-28 17:26:36,393 - dq_comparison - INFO - GENERATING COMPREHENSIVE COMPARISON REPORT
2026-01-28 17:26:36,397 - dq_comparison - INFO - Report details - Source: Database: postgresql - dq_checks.employee, Target: Excel: Target_data_100k.xlsx (Target_data_100k), Selected columns: 12
2026-01-28 17:26:36,398 - dq_comparison - INFO - Initializing Error Logger...
2026-01-28 17:26:36,399 - dq_error_log - INFO - ErrorLogger initialized with database: dq_checks
2026-01-28 17:26:36,569 - dq_error_log - INFO - Database connection successful
2026-01-28 17:26:36,570 - dq_comparison - INFO - Session ID: CMP_20260128_172636
2026-01-28 17:26:36,571 - dq_comparison - INFO - 
======================================================================
2026-01-28 17:26:36,571 - dq_comparison - INFO - 🔄 RUNNING SOURCE-TARGET COMPARISON WITH PERFECT NORMALIZATION
2026-01-28 17:26:36,575 - dq_comparison - INFO - ======================================================================
2026-01-28 17:26:36,576 - dq_comparison - INFO - Session ID: CMP_20260128_172636
2026-01-28 17:26:36,577 - dq_comparison - INFO - Source: Database: postgresql - dq_checks.employee
2026-01-28 17:26:36,577 - dq_comparison - INFO - Target: Excel: Target_data_100k.xlsx (Target_data_100k)
2026-01-28 17:26:36,578 - dq_comparison - INFO - Selected columns: 12
2026-01-28 17:26:36,579 - dq_comparison - INFO - ======================================================================
2026-01-28 17:26:36,580 - dq_comparison - INFO - 
1️⃣ FIRST: ROW COUNT CHECK
2026-01-28 17:26:36,581 - dq_comparison - WARNING - ❌ Row count mismatch: Source=89,999, Target=100,500, Difference=10,501
2026-01-28 17:26:36,582 - dq_comparison - WARNING -    Extra in target: 10,501 rows
2026-01-28 17:26:36,582 - dq_comparison - INFO - 
2️⃣ COLUMN STRUCTURE COMPARISON
2026-01-28 17:26:36,583 - dq_comparison - INFO - Comparing column structures...
2026-01-28 17:26:36,584 - dq_comparison - INFO - Column structure comparison complete. Match: True
2026-01-28 17:26:36,588 - dq_comparison - INFO - 
3️⃣ PRIMARY KEY VALIDATION
2026-01-28 17:26:36,589 - dq_comparison - INFO - Validating primary key/unique fields...
2026-01-28 17:26:36,589 - dq_comparison - INFO - Checking key fields: ['id', 'customer_id']
2026-01-28 17:26:36,616 - dq_comparison - WARNING - Field 'id' has duplicates in source: 406 rows
2026-01-28 17:26:36,616 - dq_comparison - WARNING - Field 'id' has duplicates in target: 500 rows
2026-01-28 17:26:36,663 - dq_comparison - WARNING - Field 'customer_id' has duplicates in source: 804 rows
2026-01-28 17:26:36,664 - dq_comparison - WARNING - Field 'customer_id' has duplicates in target: 1000 rows
2026-01-28 17:26:36,665 - dq_comparison - INFO - Primary key validation complete. Passed: False
2026-01-28 17:26:36,739 - dq_comparison - INFO -    Key fields found: ['id', 'customer_id']
2026-01-28 17:26:36,739 - dq_comparison - INFO -    Unique in source: ❌
2026-01-28 17:26:36,740 - dq_comparison - INFO -    Unique in target: ❌
2026-01-28 17:26:36,744 - dq_comparison - INFO -    Validation passed: ❌
2026-01-28 17:26:36,745 - dq_comparison - WARNING -    Source duplicates in 'id': 406 rows
2026-01-28 17:26:36,746 - dq_comparison - WARNING -      Sample values: ['42732', '34440', '58427']
2026-01-28 17:26:36,746 - dq_comparison - WARNING -    Source duplicates in 'customer_id': 804 rows
2026-01-28 17:26:36,748 - dq_comparison - WARNING -      Sample values: ['CUST029319', 'CUST042732', 'CUST034440']
2026-01-28 17:26:36,749 - dq_comparison - WARNING -    Target duplicates in 'id': 500 rows
2026-01-28 17:26:36,749 - dq_comparison - WARNING -      Sample values: [42732, 34440, 58427]
2026-01-28 17:26:36,750 - dq_comparison - WARNING -    Target duplicates in 'customer_id': 1000 rows
2026-01-28 17:26:36,751 - dq_comparison - WARNING -      Sample values: ['CUST029319', 'CUST042732', 'CUST034440']
2026-01-28 17:26:36,751 - dq_comparison - INFO -    Column names match: ✅
2026-01-28 17:26:36,752 - dq_comparison - INFO -    Column order match: ✅
2026-01-28 17:26:36,753 - dq_comparison - INFO -    Data types match: ✅
2026-01-28 17:26:36,753 - dq_comparison - INFO - 
4️⃣ TABLE METADATA COMPARISON
2026-01-28 17:26:36,754 - dq_comparison - INFO - Comparing table-level metadata...
2026-01-28 17:26:38,080 - dq_comparison - INFO - Table metadata comparison complete. Match: False
2026-01-28 17:26:38,114 - dq_comparison - INFO -    Table metadata match: ❌
2026-01-28 17:26:38,114 - dq_comparison - INFO -    Source: 89,999 rows, 12 cols, 25.79 MB
2026-01-28 17:26:38,115 - dq_comparison - INFO -    Target: 100,500 rows, 12 cols, 49.7 MB
2026-01-28 17:26:38,120 - dq_comparison - WARNING -    Found 2 metadata differences:
2026-01-28 17:26:38,120 - dq_comparison - WARNING -      • Row Count: Source=89999, Target=100500
2026-01-28 17:26:38,121 - dq_comparison - WARNING -      • Memory Usage: Source=25.79 MB, Target=49.7 MB
2026-01-28 17:26:38,121 - dq_comparison - INFO - 
5️⃣ HASH-BASED COMPARISON
2026-01-28 17:26:38,122 - dq_comparison - INFO - ℹ️  Note: All NULL values normalized to 'NULL'
2026-01-28 17:26:38,122 - dq_comparison - INFO - ℹ️  Note: Dates normalized to YYYY-MM-DD
2026-01-28 17:26:38,124 - dq_comparison - INFO - ℹ️  Note: Strings trimmed and case-normalized
2026-01-28 17:26:38,124 - dq_comparison - INFO - ℹ️  Note: Phone numbers stripped to digits only, leading zeros removed
2026-01-28 17:26:38,124 - dq_comparison - INFO - SECOND CHECK: HASH-BASED COMPARISON WITH PERFECT NORMALIZATION
2026-01-28 17:26:38,136 - dq_comparison - INFO - Starting comparison of 190,499 total rows...
2026-01-28 17:26:38,136 - dq_comparison - INFO - === DEBUG: DATA TYPE CHECK ===
2026-01-28 17:26:38,137 - dq_comparison - INFO - Column: phone
2026-01-28 17:26:38,138 - dq_comparison - INFO -   Source type: <class 'str'>, value: 212-127-8383
2026-01-28 17:26:38,138 - dq_comparison - INFO -   Target type: <class 'str'>, value: 212-127-8383
2026-01-28 17:26:38,141 - dq_comparison - INFO -   Normalized: '2121278383' vs '2121278383'
2026-01-28 17:26:38,142 - dq_comparison - INFO -   Match: True
2026-01-28 17:26:38,146 - dq_comparison - INFO - Column: transaction_id
2026-01-28 17:26:38,147 - dq_comparison - INFO -   Source type: <class 'str'>, value: TX00078303
2026-01-28 17:26:38,147 - dq_comparison - INFO -   Target type: <class 'str'>, value: TX00078303
2026-01-28 17:26:38,148 - dq_comparison - INFO -   Normalized: 'tx00078303' vs 'tx00078303'
2026-01-28 17:26:38,148 - dq_comparison - INFO -   Match: True
2026-01-28 17:26:38,148 - dq_comparison - INFO - Column: amount
2026-01-28 17:26:38,149 - dq_comparison - INFO -   Source type: <class 'str'>, value: 8653.56
2026-01-28 17:26:38,149 - dq_comparison - INFO -   Target type: <class 'numpy.float64'>, value: 8653.56
2026-01-28 17:26:38,150 - dq_comparison - INFO -   Normalized: '8653.56' vs '8653.56'
2026-01-28 17:26:38,150 - dq_comparison - INFO -   Match: True
2026-01-28 17:26:38,151 - dq_comparison - INFO - Source DF columns: ['id', 'customer_id', 'transaction_id', 'customer_name', 'email', 'phone', 'transaction_date', 'amount', 'quantity', 'age', 'status', 'description']
2026-01-28 17:26:38,151 - dq_comparison - INFO - Target DF columns: ['id', 'customer_id', 'transaction_id', 'customer_name', 'email', 'phone', 'transaction_date', 'amount', 'quantity', 'age', 'status', 'description']
2026-01-28 17:26:38,152 - dq_comparison - INFO - Selected columns for comparison: ['phone', 'transaction_id', 'amount', 'customer_id', 'email', 'id', 'transaction_date', 'description', 'customer_name', 'quantity', 'age', 'status']
2026-01-28 17:26:38,152 - dq_comparison - INFO - Using 12 common columns for hash comparison
2026-01-28 17:26:38,152 - dq_comparison - INFO - Source columns: ['phone', 'transaction_id', 'amount', 'customer_id', 'email', 'id', 'transaction_date', 'description', 'customer_name', 'quantity', 'age', 'status']
2026-01-28 17:26:38,153 - dq_comparison - INFO - Target columns: ['phone', 'transaction_id', 'amount', 'customer_id', 'email', 'id', 'transaction_date', 'description', 'customer_name', 'quantity', 'age', 'status']
2026-01-28 17:26:38,153 - dq_comparison - INFO - Generating hashes for source data (89999 rows)...
2026-01-28 17:27:00,680 - dq_comparison - INFO -    Hashing source data: 10.0% complete (19,050/190,499 rows)
2026-01-28 17:27:25,449 - dq_comparison - INFO -    Hashing source data: 20.0% complete (38,100/190,499 rows)
2026-01-28 17:27:49,620 - dq_comparison - INFO -    Hashing source data: 26.2% complete (50,000/190,499 rows)
2026-01-28 17:28:13,248 - dq_comparison - INFO -    Hashing source data: 36.2% complete (69,050/190,499 rows)
2026-01-28 17:28:33,911 - dq_comparison - INFO -    Hashing source data: 46.2% complete (88,100/190,499 rows)
2026-01-28 17:28:35,516 - dq_comparison - INFO - === DEBUG: SAMPLE HASHES ===
2026-01-28 17:28:35,518 - dq_comparison - INFO - Hash 1: 91afd52edcc48ee1... (sample row 0)
2026-01-28 17:28:35,518 - dq_comparison - INFO - Hash 2: 5e297d289f582703... (sample row 1)
2026-01-28 17:28:35,518 - dq_comparison - INFO - Hash 3: 90871059d7442d53... (sample row 2)
2026-01-28 17:28:35,518 - dq_comparison - INFO - Generating hashes for target data (100500 rows)...
2026-01-28 17:28:46,809 - dq_comparison - INFO -    Hashing target data: 52.5% complete (100,000/190,499 rows)
2026-01-28 17:29:07,738 - dq_comparison - INFO -    Hashing target data: 62.5% complete (119,050/190,499 rows)
2026-01-28 17:29:29,737 - dq_comparison - INFO -    Hashing target data: 72.5% complete (138,100/190,499 rows)
2026-01-28 17:29:41,551 - dq_comparison - INFO -    Hashing target data: 78.7% complete (150,000/190,499 rows)
2026-01-28 17:30:01,347 - dq_comparison - INFO -    Hashing target data: 88.7% complete (169,050/190,499 rows)
2026-01-28 17:30:29,392 - dq_comparison - INFO -    Hashing target data: 98.7% complete (188,100/190,499 rows)
2026-01-28 17:30:32,661 - dq_comparison - INFO - 
======================================================================
2026-01-28 17:30:32,661 - dq_comparison - INFO - 🔍 DEBUG: ANALYZING WHY HASHES DON'T MATCH
2026-01-28 17:30:32,661 - dq_comparison - INFO - ======================================================================
2026-01-28 17:30:32,662 - dq_comparison - INFO - 
--- Analyzing Row 0 ---
2026-01-28 17:30:32,665 - dq_comparison - INFO - Column 'phone' → 'phone':
2026-01-28 17:30:32,665 - dq_comparison - INFO -   Source: '212-127-8383' (type: str) → '2121278383'
2026-01-28 17:30:32,665 - dq_comparison - INFO -   Target: '212-127-8383' (type: str) → '2121278383'
2026-01-28 17:30:32,666 - dq_comparison - INFO -   Match after normalization: ✅ YES
2026-01-28 17:30:32,667 - dq_comparison - INFO - Column 'transaction_id' → 'transaction_id':
2026-01-28 17:30:32,667 - dq_comparison - INFO -   Source: 'TX00078303' (type: str) → 'tx00078303'
2026-01-28 17:30:32,667 - dq_comparison - INFO -   Target: 'TX00078303' (type: str) → 'tx00078303'
2026-01-28 17:30:32,667 - dq_comparison - INFO -   Match after normalization: ✅ YES
2026-01-28 17:30:32,668 - dq_comparison - INFO - Column 'amount' → 'amount':
2026-01-28 17:30:32,669 - dq_comparison - INFO -   Source: '8653.56' (type: str) → '8653.56'
2026-01-28 17:30:32,669 - dq_comparison - INFO -   Target: '8653.56' (type: float64) → '8653.56'
2026-01-28 17:30:32,670 - dq_comparison - INFO -   Match after normalization: ✅ YES
2026-01-28 17:30:32,671 - dq_comparison - INFO - Column 'customer_id' → 'customer_id':
2026-01-28 17:30:32,671 - dq_comparison - INFO -   Source: 'CUST078303' (type: str) → 'cust078303'
2026-01-28 17:30:32,671 - dq_comparison - INFO -   Target: 'CUST078303' (type: str) → 'cust078303'
2026-01-28 17:30:32,671 - dq_comparison - INFO -   Match after normalization: ✅ YES
2026-01-28 17:30:32,673 - dq_comparison - INFO - Column 'email' → 'email':
2026-01-28 17:30:32,673 - dq_comparison - INFO -   Source: 'david.jones@company.com' (type: str) → 'david.jones@company.com'
2026-01-28 17:30:32,673 - dq_comparison - INFO -   Target: 'david.jones@company.com' (type: str) → 'david.jones@company.com'
2026-01-28 17:30:32,673 - dq_comparison - INFO -   Match after normalization: ✅ YES
2026-01-28 17:30:32,674 - dq_comparison - INFO - 
Hash components for Row 0:
2026-01-28 17:30:32,675 - dq_comparison - INFO - Source hash string start: 2121278383|tx00078303|8653.56...
2026-01-28 17:30:32,675 - dq_comparison - INFO - Target hash string start: 2121278383|tx00078303|8653.56...
2026-01-28 17:30:32,676 - dq_comparison - INFO - Same? ✅ YES
2026-01-28 17:30:32,676 - dq_comparison - INFO - 
--- Analyzing Row 1 ---
2026-01-28 17:30:32,677 - dq_comparison - INFO - Column 'phone' → 'phone':
2026-01-28 17:30:32,677 - dq_comparison - INFO -   Source: '(212) 706-7216' (type: str) → '2127067216'
2026-01-28 17:30:32,678 - dq_comparison - INFO -   Target: '(212) 706-7216' (type: str) → '2127067216'
2026-01-28 17:30:32,678 - dq_comparison - INFO -   Match after normalization: ✅ YES
2026-01-28 17:30:32,679 - dq_comparison - INFO - Column 'transaction_id' → 'transaction_id':
2026-01-28 17:30:32,679 - dq_comparison - INFO -   Source: 'TX00066465' (type: str) → 'tx00066465'
2026-01-28 17:30:32,679 - dq_comparison - INFO -   Target: 'TX00066465' (type: str) → 'tx00066465'
2026-01-28 17:30:32,683 - dq_comparison - INFO -   Match after normalization: ✅ YES
2026-01-28 17:30:32,684 - dq_comparison - INFO - Column 'amount' → 'amount':
2026-01-28 17:30:32,685 - dq_comparison - INFO -   Source: '1948.44' (type: str) → '1948.44'
2026-01-28 17:30:32,687 - dq_comparison - INFO -   Target: '1948.44' (type: float64) → '1948.44'
2026-01-28 17:30:32,687 - dq_comparison - INFO -   Match after normalization: ✅ YES
2026-01-28 17:30:32,687 - dq_comparison - INFO - Column 'customer_id' → 'customer_id':
2026-01-28 17:30:32,688 - dq_comparison - INFO -   Source: 'CUST066465' (type: str) → 'cust066465'
2026-01-28 17:30:32,688 - dq_comparison - INFO -   Target: 'CUST066465' (type: str) → 'cust066465'
2026-01-28 17:30:32,689 - dq_comparison - INFO -   Match after normalization: ✅ YES
2026-01-28 17:30:32,691 - dq_comparison - INFO - Column 'email' → 'email':
2026-01-28 17:30:32,691 - dq_comparison - INFO -   Source: 'jennifer.williams@gmail.com' (type: str) → 'jennifer.williams@gmail.com'
2026-01-28 17:30:32,691 - dq_comparison - INFO -   Target: 'jennifer.williams@gmail.com' (type: str) → 'jennifer.williams@gmail.com'
2026-01-28 17:30:32,691 - dq_comparison - INFO -   Match after normalization: ✅ YES
2026-01-28 17:30:32,691 - dq_comparison - INFO - 
Hash components for Row 1:
2026-01-28 17:30:32,693 - dq_comparison - INFO - Source hash string start: 2127067216|tx00066465|1948.44...
2026-01-28 17:30:32,693 - dq_comparison - INFO - Target hash string start: 2127067216|tx00066465|1948.44...
2026-01-28 17:30:32,693 - dq_comparison - INFO - Same? ✅ YES
2026-01-28 17:30:32,694 - dq_comparison - INFO - 
--- Analyzing Row 2 ---
2026-01-28 17:30:32,695 - dq_comparison - INFO - Column 'phone' → 'phone':
2026-01-28 17:30:32,698 - dq_comparison - INFO -   Source: '12123928735' (type: str) → '12123928735'
2026-01-28 17:30:32,700 - dq_comparison - INFO -   Target: '12123928735' (type: int) → '12123928735'
2026-01-28 17:30:32,701 - dq_comparison - INFO -   Match after normalization: ✅ YES
2026-01-28 17:30:32,701 - dq_comparison - INFO - Column 'transaction_id' → 'transaction_id':
2026-01-28 17:30:32,701 - dq_comparison - INFO -   Source: 'TX00093228' (type: str) → 'tx00093228'
2026-01-28 17:30:32,702 - dq_comparison - INFO -   Target: 'TX00093228' (type: str) → 'tx00093228'
2026-01-28 17:30:32,703 - dq_comparison - INFO -   Match after normalization: ✅ YES
2026-01-28 17:30:32,703 - dq_comparison - INFO - Column 'amount' → 'amount':
2026-01-28 17:30:32,705 - dq_comparison - INFO -   Source: '237.49' (type: str) → '237.49'
2026-01-28 17:30:32,706 - dq_comparison - INFO -   Target: '237.49' (type: float64) → '237.49'
2026-01-28 17:30:32,706 - dq_comparison - INFO -   Match after normalization: ✅ YES
2026-01-28 17:30:32,707 - dq_comparison - INFO - Column 'customer_id' → 'customer_id':
2026-01-28 17:30:32,707 - dq_comparison - INFO -   Source: 'CUST093228' (type: str) → 'cust093228'
2026-01-28 17:30:32,708 - dq_comparison - INFO -   Target: 'CUST093228' (type: str) → 'cust093228'
2026-01-28 17:30:32,708 - dq_comparison - INFO -   Match after normalization: ✅ YES
2026-01-28 17:30:32,709 - dq_comparison - INFO - Column 'email' → 'email':
2026-01-28 17:30:32,710 - dq_comparison - INFO -   Source: 'james.davis@hotmail.com' (type: str) → 'james.davis@hotmail.com'
2026-01-28 17:30:32,710 - dq_comparison - INFO -   Target: 'james.davis@hotmail.com' (type: str) → 'james.davis@hotmail.com'
2026-01-28 17:30:32,710 - dq_comparison - INFO -   Match after normalization: ✅ YES
2026-01-28 17:30:32,711 - dq_comparison - INFO - 
Hash components for Row 2:
2026-01-28 17:30:32,713 - dq_comparison - INFO - Source hash string start: 12123928735|tx00093228|237.49...
2026-01-28 17:30:32,715 - dq_comparison - INFO - Target hash string start: 12123928735|tx00093228|237.49...
2026-01-28 17:30:32,716 - dq_comparison - INFO - Same? ✅ YES
2026-01-28 17:30:32,716 - dq_comparison - INFO - 
--- Column Data Types Analysis ---
2026-01-28 17:30:32,717 - dq_comparison - INFO - Column 1: 'phone' (object) ↔ 'phone' (object)
2026-01-28 17:30:32,718 - dq_comparison - INFO -   Sample: Source='212-127-8383', Target='212-127-8383'
2026-01-28 17:30:32,718 - dq_comparison - INFO - Column 2: 'transaction_id' (object) ↔ 'transaction_id' (object)
2026-01-28 17:30:32,719 - dq_comparison - INFO -   Sample: Source='TX00078303', Target='TX00078303'
2026-01-28 17:30:32,719 - dq_comparison - INFO - Column 3: 'amount' (object) ↔ 'amount' (float64)
2026-01-28 17:30:32,720 - dq_comparison - INFO -   Sample: Source='8653.56', Target='8653.56'
2026-01-28 17:30:32,720 - dq_comparison - INFO - Column 4: 'customer_id' (object) ↔ 'customer_id' (object)
2026-01-28 17:30:32,722 - dq_comparison - INFO -   Sample: Source='CUST078303', Target='CUST078303'
2026-01-28 17:30:32,723 - dq_comparison - INFO - Column 5: 'email' (category) ↔ 'email' (object)
2026-01-28 17:30:32,723 - dq_comparison - INFO -   Sample: Source='david.jones@company.com', Target='david.jones@company.com'
2026-01-28 17:30:32,724 - dq_comparison - INFO - PERFORMING DETAILED ROW-LEVEL COMPARISON WITH PAGINATION...
2026-01-28 17:30:32,773 - dq_comparison - INFO - Found 75,654 total mismatches
2026-01-28 17:30:32,773 - dq_comparison - INFO - Will process detailed comparisons for first 5,000 rows
2026-01-28 17:30:42,185 - dq_comparison - INFO - Progress: 500/5,000 rows (9.5s)
2026-01-28 17:30:51,510 - dq_comparison - INFO - Progress: 1,000/5,000 rows (18.8s)
2026-01-28 17:31:03,799 - dq_comparison - INFO - Progress: 1,500/5,000 rows (31.1s)
2026-01-28 17:31:15,514 - dq_comparison - INFO - Progress: 2,000/5,000 rows (42.8s)
2026-01-28 17:31:26,828 - dq_comparison - INFO - Progress: 2,500/5,000 rows (54.1s)
2026-01-28 17:31:37,471 - dq_comparison - INFO - Progress: 3,000/5,000 rows (64.7s)
2026-01-28 17:31:48,236 - dq_comparison - INFO - Progress: 3,500/5,000 rows (75.5s)
2026-01-28 17:31:58,063 - dq_comparison - INFO - Progress: 4,000/5,000 rows (85.3s)
2026-01-28 17:32:07,284 - dq_comparison - INFO - Progress: 4,500/5,000 rows (94.6s)
2026-01-28 17:32:16,108 - dq_comparison - INFO - Progress: 5,000/5,000 rows (103.4s)
2026-01-28 17:32:16,162 - dq_comparison - INFO - 
================================================================================
2026-01-28 17:32:16,163 - dq_comparison - INFO - DETAILED MISMATCH SUMMARY:
2026-01-28 17:32:16,164 - dq_comparison - INFO -   Total mismatches found: 5000
2026-01-28 17:32:16,167 - dq_comparison - INFO -   Detailed comparisons logged: 5000
2026-01-28 17:32:16,167 - dq_comparison - INFO -   First 10 rows displayed above
2026-01-28 17:32:16,168 - dq_comparison - INFO -   All mismatches stored in database with complete data
2026-01-28 17:32:16,168 - dq_comparison - INFO -   Use API to retrieve all 5000 mismatches
2026-01-28 17:32:16,170 - dq_comparison - INFO - ================================================================================
2026-01-28 17:32:16,229 - dq_comparison - INFO - Hash-based Comparison Results (with duplicate handling):
2026-01-28 17:32:16,230 - dq_comparison - INFO -   • Unique source hashes: 89796
2026-01-28 17:32:16,231 - dq_comparison - INFO -   • Unique target hashes: 100250
2026-01-28 17:32:16,232 - dq_comparison - INFO -   • Common hashes: 57277
2026-01-28 17:32:16,235 - dq_comparison - INFO -   • Common rows (counting duplicates): 57,406
2026-01-28 17:32:16,235 - dq_comparison - INFO -   • Rows only in source (counting duplicates): 32,593
2026-01-28 17:32:16,235 - dq_comparison - INFO -   • Rows only in target (counting duplicates): 43,094
2026-01-28 17:32:16,310 - dq_comparison - INFO - HASH-ONLY COMPARISON COMPLETED
2026-01-28 17:32:16,311 - dq_comparison - INFO - Returning counts for simple scoring:
2026-01-28 17:32:16,311 - dq_comparison - INFO -   Common rows: 57,406
2026-01-28 17:32:16,312 - dq_comparison - INFO -   Unique to source: 32,593
2026-01-28 17:32:16,312 - dq_comparison - INFO -   Unique to target: 43,094
2026-01-28 17:32:16,313 - dq_comparison - INFO -   Value mismatches: 908244
2026-01-28 17:32:16,313 - dq_comparison - INFO -   Missing rows: 32,593
2026-01-28 17:32:16,313 - dq_comparison - INFO -   Extra rows: 43,094
2026-01-28 17:32:16,321 - dq_comparison - INFO - 
========================================================================================================================
COMPARISON: Postgresql Database vs Excel (Target_data_100k.xlsx (Target_data_100k))
========================================================================================================================
Row   | Diff Count | Source (Sample)                          | Target (Sample)                         
------------------------------------------------------------------------------------------------------------------------
2     | 1          | phone: 212-127-8383                      | phone: 212-127-8383                     
3     | 1          | phone: (212) 706-7216                    | phone: (212) 706-7216                   
4     | 1          | phone: 12123928735                       | phone: 12123928735                      
5     | 1          | phone: 2125982408                        | phone: 2125982408                       
6     | 1          | phone: (212) 876-9757                    | phone: (212) 876-9757                   
7     | 1          | phone: 212-752-8338                      | phone: 212-752-8338                     
8     | 1          | phone: 212-648-2980                      | phone: 212-648-2980                     
9     | 1          | phone: 12128295968                       | phone: 12128295968                      
10    | 1          | phone: 2126087878                        | phone: 2126087878                       
11    | 1          | phone: 212-716-1479                      | phone: 212-716-1479                     
------------------------------------------------------------------------------------------------------------------------
Showing 1-10 of 5000 mismatched rows. Use API for complete data.
========================================================================================================================
2026-01-28 17:32:16,322 - dq_comparison - INFO - Returning enhanced mismatch structure with 5000 detailed mismatches
2026-01-28 17:32:16,376 - dq_comparison - INFO - New structure: 100 detailed mismatches
2026-01-28 17:32:16,376 - dq_comparison - INFO - 
6️⃣ DATA QUALITY ANALYSIS
2026-01-28 17:32:16,377 - dq_comparison - INFO - Analyzing data quality metrics...
2026-01-28 17:33:41,093 - dq_comparison - INFO - Null values - Source: 0 (0.00%), Target: 8315 (0.69%)
2026-01-28 17:33:41,431 - dq_comparison - INFO - Duplicate rows (normalized) - Source: 203, Target: 250
2026-01-28 17:33:41,552 - dq_comparison - INFO - Source duplicate samples: ['Row 169', 'Row 383', 'Row 639']
2026-01-28 17:33:41,715 - dq_comparison - INFO - Target duplicate samples: ['Row 169', 'Row 383', 'Row 639']
2026-01-28 17:33:41,876 - dq_error_log - INFO - Retrieved 100 error logs for session CMP_20260128_172636
2026-01-28 17:33:41,877 - dq_comparison - INFO - 
📊 SIMPLE SCORING CALCULATION:
2026-01-28 17:33:41,878 - dq_comparison - INFO -   Source rows: 89999
2026-01-28 17:33:41,881 - dq_comparison - INFO -   Common rows (matched): 57406
2026-01-28 17:33:41,882 - dq_comparison - INFO -   Calculation: (57406 / 89999) * 100 = 63.79%
2026-01-28 17:33:41,882 - dq_comparison - INFO -   Explanation: 57406 matched rows out of 89999 total source rows
2026-01-28 17:33:41,883 - dq_comparison - INFO - 
=== AUDIT LOGGING SECTION ===
2026-01-28 17:33:41,883 - dq_comparison - INFO - 🔍 Audit logging is ENABLED in APP_SETTINGS
2026-01-28 17:33:41,884 - dq_audit - INFO - Audit class initialized with database: dq_checks
2026-01-28 17:33:41,884 - dq_comparison - INFO - Attempting to log audit record for session: CMP_20260128_172636
2026-01-28 17:33:41,884 - dq_audit - INFO - Starting database insertion for comparison...
2026-01-28 17:33:41,907 - dq_audit - INFO - Inserted comparison record with ID: 837
2026-01-28 17:33:41,907 - dq_comparison - INFO - ✅ Audit record logged successfully (ID: 837)
2026-01-28 17:33:41,908 - dq_comparison - INFO - 
======================================================================
2026-01-28 17:33:41,908 - dq_comparison - INFO - 📊 COMPARISON RESULTS SUMMARY
2026-01-28 17:33:41,909 - dq_comparison - INFO - ======================================================================
2026-01-28 17:33:41,910 - dq_comparison - INFO - Session ID: CMP_20260128_172636
2026-01-28 17:33:41,914 - dq_comparison - INFO - Source: Database: postgresql - dq_checks.employee (89,999 rows)
2026-01-28 17:33:41,914 - dq_comparison - INFO - Target: Excel: Target_data_100k.xlsx (Target_data_100k) (100,500 rows)
2026-01-28 17:33:41,915 - dq_comparison - INFO - Selected columns: 12
2026-01-28 17:33:41,915 - dq_comparison - INFO - ----------------------------------------------------------------------
2026-01-28 17:33:41,916 - dq_comparison - INFO - 1️⃣ Row count match: ❌ No
2026-01-28 17:33:41,917 - dq_comparison - INFO -    Missing in target: 0 rows
2026-01-28 17:33:41,917 - dq_comparison - INFO -    Extra in target: 10,501 rows
2026-01-28 17:33:41,918 - dq_comparison - INFO - 2️⃣ Column structure match: ✅ Yes
2026-01-28 17:33:41,918 - dq_comparison - INFO - 3️ Primary key validation: ❌ Failed
2026-01-28 17:33:41,919 - dq_comparison - INFO -    Key fields: ['id', 'customer_id']
2026-01-28 17:33:41,919 - dq_comparison - INFO - 4️ Table metadata: ❌ Mismatch
2026-01-28 17:33:41,920 - dq_comparison - INFO -    • Row Count: 89999 vs 100500
2026-01-28 17:33:41,921 - dq_comparison - INFO -    • Memory Usage: 25.79 MB vs 49.7 MB
2026-01-28 17:33:41,922 - dq_comparison - INFO - 5️⃣ Common rows (both Postgresql Database and Excel (Target_data_100k.xlsx (Target_data_100k))): 57,406 (63.79% of Postgresql Database)
2026-01-28 17:33:41,922 - dq_comparison - INFO - 6️⃣ Postgresql Database-only rows: 32,593 (present ONLY in Postgresql Database, NOT in Excel (Target_data_100k.xlsx (Target_data_100k)))
2026-01-28 17:33:41,923 - dq_comparison - INFO - 7️⃣ Excel (Target_data_100k.xlsx (Target_data_100k))-only rows: 43,094 (present ONLY in Excel (Target_data_100k.xlsx (Target_data_100k)), NOT in Postgresql Database)
2026-01-28 17:33:41,923 - dq_comparison - INFO - 8️⃣ Column value mismatches: 0
2026-01-28 17:33:41,923 - dq_comparison - INFO - 9️ Data quality match: ❌ No
2026-01-28 17:33:41,925 - dq_comparison - INFO - 📈 DQ Score: 63.79%
2026-01-28 17:33:41,930 - dq_comparison - INFO - 📊 Calculation: (57,406 / 89,999) * 100 = 63.79%
2026-01-28 17:33:41,930 - dq_comparison - INFO - ======================================================================
2026-01-28 17:33:41,931 - dq_comparison - INFO - 
⚠️  FAIR MATCH! Significant differences found.
2026-01-28 17:33:41,932 - dq_comparison - INFO - 
🔍 NORMALIZATION APPLIED:
2026-01-28 17:33:41,932 - dq_comparison - INFO -    • NULL values → 'NULL' (consistent representation)
2026-01-28 17:33:41,932 - dq_comparison - INFO -    • Dates → YYYY-MM-DD format
2026-01-28 17:33:41,933 - dq_comparison - INFO -    • Strings → trimmed + lowercase
2026-01-28 17:33:41,933 - dq_comparison - INFO -    • Numeric values → standardized format
2026-01-28 17:33:41,933 - dq_comparison - INFO -    • Phone numbers → digits only, ALL leading zeros removed
2026-01-28 17:33:41,934 - dq_comparison - INFO -    • Extra whitespace removed
2026-01-28 17:33:41,934 - dq_comparison - INFO - 
🔍 DETAILED ERROR ANALYSIS:
2026-01-28 17:33:41,935 - dq_comparison - INFO - --------------------------------------------------
2026-01-28 17:33:41,935 - dq_comparison - INFO - 📊 SOURCE-ONLY ROWS: 32,593 rows
2026-01-28 17:33:41,936 - dq_comparison - INFO -    Present only in Postgresql Database, missing from Excel (Target_data_100k.xlsx (Target_data_100k))
2026-01-28 17:33:41,937 - dq_comparison - INFO - 📊 TARGET-ONLY ROWS: 43,094 rows
2026-01-28 17:33:41,937 - dq_comparison - INFO -    Present only in Excel (Target_data_100k.xlsx (Target_data_100k)), extra (not in Postgresql Database)
2026-01-28 17:33:41,996 - dq_error_log - INFO - Retrieved 10 errors for session CMP_20260128_172636
2026-01-28 17:33:41,997 - dq_comparison - INFO - 
📋 SAMPLE ERRORS (10 found):
2026-01-28 17:33:41,998 - dq_comparison - INFO - 
1. Row 0 - Duplicate Count Mismatch
2026-01-28 17:33:41,998 - dq_comparison - INFO -    Column: 
2026-01-28 17:33:42,002 - dq_comparison - INFO -    Duplicate count mismatch (normalized). Source=203, Target=250
2026-01-28 17:33:42,002 - dq_comparison - INFO - 
2. Row 0 - Metadata Row Count
2026-01-28 17:33:42,003 - dq_comparison - INFO -    Column: 
2026-01-28 17:33:42,004 - dq_comparison - INFO -    Metadata mismatch: Row Count
2026-01-28 17:33:42,005 - dq_comparison - INFO - 
3. Row 0 - Metadata Memory Usage
2026-01-28 17:33:42,005 - dq_comparison - INFO -    Column: 
2026-01-28 17:33:42,006 - dq_comparison - INFO -    Metadata mismatch: Memory Usage
2026-01-28 17:33:42,006 - dq_comparison - INFO - 
💡 For complete error details, run:
2026-01-28 17:33:42,007 - dq_comparison - INFO -    USE dq_checks;
2026-01-28 17:33:42,007 - dq_comparison - INFO -    SELECT excel_row, column_name, error_type, error_description,
2026-01-28 17:33:42,008 - dq_comparison - INFO -           actual_value, expected_value
2026-01-28 17:33:42,009 - dq_comparison - INFO -    FROM dq_error_logs
2026-01-28 17:33:42,009 - dq_comparison - INFO -    WHERE session_id = 'CMP_20260128_172636'
2026-01-28 17:33:42,010 - dq_comparison - INFO -    ORDER BY excel_row, column_name;
2026-01-28 17:33:42,027 - dq_comparison - INFO - 
✅ Comparison completed! Session ID: CMP_20260128_172636
2026-01-28 17:33:42,133 - dq_error_log - INFO - Retrieved 100 error logs for session CMP_20260128_172636
2026-01-28 17:33:42,194 - dq_error_log - INFO - Retrieved summary: 5008 total errors for session CMP_20260128_172636
2026-01-28 17:33:42,195 - dq_audit - INFO - Audit class initialized with database: dq_checks
2026-01-28 17:33:42,219 - dq_audit - INFO - Retrieved 1 audit logs for session CMP_20260128_172636
2026-01-28 17:33:42,220 - dq_comparison - INFO - 
🔍 Final results verification:
2026-01-28 17:33:42,223 - dq_comparison - INFO -    Session ID: CMP_20260128_172636
2026-01-28 17:33:42,224 - dq_comparison - INFO -    DQ Score (Simple %): 63.79%
2026-01-28 17:33:42,225 - dq_comparison - INFO -    Source rows: 89999
2026-01-28 17:33:42,225 - dq_comparison - INFO -    Matched rows: 57406
2026-01-28 17:33:42,226 - dq_comparison - INFO -    Calculation: (57406 / 89999) * 100
2026-01-28 17:33:42,273 - __main__ - INFO - Source-Target Comparison completed successfully
2026-01-28 17:33:42,273 - __main__ - INFO - Displaying main menu options to user
2026-01-28 17:33:44,273 - __main__ - INFO - User selected option: 6
2026-01-28 17:33:44,274 - __main__ - INFO - User session ended. Duration: 0:08:02.748370
2026-01-28 17:33:44,275 - __main__ - INFO - 👋 Thank you for using Universal Data Quality Framework!
