2026-01-06 10:53:35,022 - root - INFO - CLI Mode Logging Initialized
2026-01-06 10:53:35,023 - root - INFO - CLI logs will be saved to: logs/dq_framework_20260106_105335.log
2026-01-06 10:53:35,023 - __main__ - INFO - 🚀 UNIVERSAL DATA QUALITY FRAMEWORK INITIALIZED
2026-01-06 10:53:35,024 - __main__ - INFO - Starting system resource check
2026-01-06 10:53:35,032 - __main__ - INFO - Total RAM: 15.7 GB
2026-01-06 10:53:35,033 - __main__ - INFO - Available RAM: 3.7 GB
2026-01-06 10:53:35,034 - __main__ - INFO - Memory used: 76.7%
2026-01-06 10:53:35,034 - __main__ - INFO - Memory status: OK
2026-01-06 10:53:35,035 - __main__ - INFO - Free disk space: 258.0 GB
2026-01-06 10:53:35,035 - __main__ - INFO - Disk used: 45.8%
2026-01-06 10:53:35,035 - __main__ - INFO - Disk space: OK
2026-01-06 10:53:35,536 - __main__ - INFO - CPU cores: 8
2026-01-06 10:53:35,537 - __main__ - INFO - CPU usage: 59.8%
2026-01-06 10:53:35,537 - __main__ - INFO - Python version: 3.12.4
2026-01-06 10:53:35,537 - __main__ - INFO - System platform: win32
2026-01-06 10:53:35,537 - __main__ - INFO - User session started at: 2026-01-06 10:53:35.537469
2026-01-06 10:53:35,537 - __main__ - INFO - Displaying main menu options to user
2026-01-06 10:53:36,571 - __main__ - INFO - User selected option: 1
2026-01-06 10:53:36,573 - __main__ - INFO - Starting Single Source Analysis module
2026-01-06 10:53:36,576 - dq_unified - INFO - Starting unified data quality analysis
2026-01-06 10:53:36,577 - dq_unified - INFO - Prompting user for data source type
2026-01-06 10:53:36,577 - dq_unified - INFO - UI Data source_type: No UI data
2026-01-06 10:53:37,789 - dq_unified - INFO - User selected source type: 3
2026-01-06 10:53:37,789 - dq_unified - INFO - Getting database configuration - Dual mode
2026-01-06 10:53:38,877 - dq_unified - INFO - User selected Browse and Select mode
2026-01-06 10:53:38,884 - database_navigator - INFO - DatabaseNavigator initialized
2026-01-06 10:53:38,884 - database_navigator - INFO - Starting database navigation...
2026-01-06 10:53:43,277 - database_navigator - INFO - Database type: postgres
2026-01-06 10:53:43,278 - database_navigator - INFO - Getting database configuration...
2026-01-06 10:53:47,187 - database_navigator - INFO - Connecting to POSTGRES...
2026-01-06 10:53:47,188 - database_navigator - INFO - Connecting to PostgreSQL...
2026-01-06 10:53:47,190 - database_navigator - INFO - Connecting to PostgreSQL: host=localhost, port=5432, database=postgres, user=postgres
2026-01-06 10:53:47,337 - database_navigator - INFO - Connection object created: <connection object at 0x000001B6B7842570; dsn: 'user=postgres password=xxx dbname=postgres host=localhost port=5432', closed: 0>
2026-01-06 10:53:47,338 - database_navigator - INFO - ✅ PostgreSQL connection successful to database: postgres
2026-01-06 10:53:47,342 - database_navigator - INFO - get_databases() called. db_type: postgres, connection exists: True
2026-01-06 10:53:47,342 - database_navigator - INFO - DEBUG: Checking connection - self.connection = <connection object at 0x000001B6B7842570; dsn: 'user=postgres password=xxx dbname=postgres host=localhost port=5432', closed: 0>
2026-01-06 10:53:47,352 - database_navigator - INFO - Raw rows: [('dq_checks',), ('finewise-testdb',), ('postgres',), ('template0',), ('template1',)]
2026-01-06 10:53:47,352 - database_navigator - INFO - Found 5 databases
2026-01-06 10:53:53,404 - database_navigator - WARNING - Database selection cancelled
2026-01-06 10:53:53,406 - dq_unified - WARNING - Database navigation cancelled
2026-01-06 10:53:53,407 - dq_unified - ERROR - No valid source configuration provided
2026-01-06 10:53:53,407 - __main__ - INFO - Single Source Analysis completed successfully
2026-01-06 10:53:53,409 - __main__ - INFO - Displaying main menu options to user
2026-01-06 10:53:54,935 - __main__ - INFO - User selected option: 6
2026-01-06 10:53:54,936 - __main__ - INFO - User session ended. Duration: 0:00:19.399178
2026-01-06 10:53:54,936 - __main__ - INFO - 👋 Thank you for using Universal Data Quality Framework!
