2026-01-16 11:54:48,867 - root - INFO - CLI Mode Logging Initialized
2026-01-16 11:54:48,867 - root - INFO - CLI logs will be saved to: logs/dq_framework_20260116_115448.log
2026-01-16 11:54:48,867 - __main__ - INFO - 🚀 UNIVERSAL DATA QUALITY FRAMEWORK INITIALIZED
2026-01-16 11:54:48,869 - __main__ - INFO - Starting system resource check
2026-01-16 11:54:48,885 - __main__ - INFO - Total RAM: 15.7 GB
2026-01-16 11:54:48,885 - __main__ - INFO - Available RAM: 4.2 GB
2026-01-16 11:54:48,886 - __main__ - INFO - Memory used: 73.4%
2026-01-16 11:54:48,887 - __main__ - INFO - Memory status: OK
2026-01-16 11:54:48,888 - __main__ - INFO - Free disk space: 261.6 GB
2026-01-16 11:54:48,889 - __main__ - INFO - Disk used: 45.1%
2026-01-16 11:54:48,889 - __main__ - INFO - Disk space: OK
2026-01-16 11:54:49,390 - __main__ - INFO - CPU cores: 8
2026-01-16 11:54:49,390 - __main__ - INFO - CPU usage: 59.3%
2026-01-16 11:54:49,390 - __main__ - INFO - Python version: 3.12.4
2026-01-16 11:54:49,391 - __main__ - INFO - System platform: win32
2026-01-16 11:54:49,391 - __main__ - INFO - User session started at: 2026-01-16 11:54:49.391109
2026-01-16 11:54:49,391 - __main__ - INFO - Displaying main menu options to user
2026-01-16 11:54:54,531 - __main__ - INFO - User selected option: 2
2026-01-16 11:54:54,532 - __main__ - INFO - Starting Source-Target Comparison module
2026-01-16 11:54:54,540 - dq_comparison - INFO - STARTING UNIVERSAL SOURCE-TARGET COMPARISON TOOL
2026-01-16 11:54:54,541 - dq_comparison - INFO - LOADING SOURCE AND TARGET DATA
2026-01-16 11:54:54,541 - dq_comparison - INFO - 
==================================================
2026-01-16 11:54:54,542 - dq_comparison - INFO - 🔗 SOURCE DATA CONFIGURATION
2026-01-16 11:54:54,543 - dq_comparison - INFO - ==================================================
2026-01-16 11:54:58,471 - dq_comparison - INFO - 
🗄️ SOURCE DATABASE CONFIGURATION
2026-01-16 11:54:58,471 - dq_comparison - INFO - ----------------------------------------
2026-01-16 11:55:04,636 - dq_comparison - INFO - Selected database type code: mysql
2026-01-16 11:55:44,919 - dq_comparison - INFO - User selected Browse and Select mode for SOURCE
2026-01-16 11:55:44,933 - database_navigator - INFO - DatabaseNavigator initialized
2026-01-16 11:55:44,939 - database_navigator - INFO - Starting database navigation...
2026-01-16 11:55:44,940 - database_navigator - INFO - Database type: mysql
2026-01-16 11:55:44,942 - database_navigator - INFO - Getting database configuration...
2026-01-16 11:55:55,145 - database_navigator - INFO - Connecting to MYSQL...
2026-01-16 11:55:55,716 - database_navigator - INFO - Successfully connected to MYSQL!
2026-01-16 11:55:55,726 - database_navigator - INFO - get_databases() called. db_type: mysql, connection exists: True
2026-01-16 11:55:55,734 - database_navigator - INFO - Found 13 databases
2026-01-16 11:56:08,782 - database_navigator - INFO - Selected database: dq_checks
2026-01-16 11:56:08,790 - database_navigator - INFO - Found 1 schemas
2026-01-16 11:56:14,306 - database_navigator - INFO - Selected schema: dq_checks
2026-01-16 11:56:14,322 - database_navigator - INFO - Found 17 tables in schema 'dq_checks'
2026-01-16 11:56:24,850 - database_navigator - INFO - Selected table: customers_bkp
2026-01-16 11:56:24,861 - database_navigator - INFO - Selection complete: {'type': 'mysql', 'database': 'dq_checks', 'schema': 'dq_checks', 'table': 'customers_bkp', 'selection_mode': 'hierarchical', 'host': 'localhost', 'port': '3306', 'user': 'root', 'password': 'root'}
2026-01-16 11:56:24,863 - dq_comparison - INFO - Selected via navigation for SOURCE: dq_checks.dq_checks.customers_bkp
2026-01-16 11:56:24,863 - dq_unified - INFO - Loading data from DATABASE
2026-01-16 11:56:24,864 - dq_unified - INFO - Loading large database table: customers_bkp
2026-01-16 11:56:24,865 - dq_unified - INFO - Normalized DB config with schema: dq_checks
2026-01-16 11:56:24,895 - dq_unified - INFO - MySQL table customers_bkp has 12 rows
2026-01-16 11:56:24,895 - dq_unified - INFO - Loading 12 rows from MySQL...
2026-01-16 11:56:26,492 - dq_unified - INFO - Loaded 12 rows from MySQL
2026-01-16 11:56:26,507 - dq_unified - INFO - Memory optimization: 0.0MB -> 0.0MB (Saved: 0.0MB)
2026-01-16 11:56:26,508 - dq_unified - INFO - Standardizing data types...
2026-01-16 11:56:26,511 - dq_unified - INFO - Data type standardization complete
2026-01-16 11:56:26,513 - dq_unified - INFO - Loaded 12 rows, 10 columns. Memory: 111.3MB total, 0.0MB for dataframe
2026-01-16 11:56:26,514 - dq_comparison - INFO - SOURCE database loaded: 12 rows, 10 columns
2026-01-16 11:56:26,515 - dq_comparison - INFO - 
==================================================
2026-01-16 11:56:26,521 - dq_comparison - INFO - 🔗 TARGET DATA CONFIGURATION
2026-01-16 11:56:26,523 - dq_comparison - INFO - ==================================================
2026-01-16 11:56:32,686 - dq_comparison - INFO - DEBUG load_excel_source called for TARGET
2026-01-16 11:56:32,688 - dq_comparison - INFO - DEBUG ui_data: None
2026-01-16 11:56:32,692 - dq_comparison - INFO - DEBUG ui_data type: <class 'NoneType'>
2026-01-16 11:56:58,096 - dq_comparison - INFO - TARGET Excel loaded: 15 rows, 10 columns
2026-01-16 11:56:58,096 - dq_comparison - INFO - SELECTING COLUMNS FOR COMPARISON
2026-01-16 11:56:58,098 - dq_comparison - INFO - Source columns (original): ['CustomerName', 'Email', 'Phone', 'Salary', 'Department', 'JoinDate', 'PostalCode', 'City', 'Country', 'State']
2026-01-16 11:56:58,102 - dq_comparison - INFO - Target columns (original): ['CustomerName', 'Email', 'Phone', 'Salary', 'Department', 'JoinDate', 'PostalCode', 'City', 'Country', 'State']
2026-01-16 11:56:58,102 - dq_comparison - INFO - Common columns lowercased: ['country', 'phone', 'salary', 'postalcode', 'customername', 'department', 'email', 'city', 'state', 'joindate']
2026-01-16 11:56:58,103 - dq_comparison - INFO - Found 10 common columns between source and target (case-insensitive)
2026-01-16 11:56:58,103 - dq_comparison - INFO - 
📋 Common columns available for comparison:
2026-01-16 11:56:58,104 - dq_comparison - INFO -   1. Country (Source) ↔ Country (Target)
2026-01-16 11:56:58,104 - dq_comparison - INFO -   2. Phone (Source) ↔ Phone (Target)
2026-01-16 11:56:58,105 - dq_comparison - INFO -   3. Salary (Source) ↔ Salary (Target)
2026-01-16 11:56:58,105 - dq_comparison - INFO -   4. PostalCode (Source) ↔ PostalCode (Target)
2026-01-16 11:56:58,106 - dq_comparison - INFO -   5. CustomerName (Source) ↔ CustomerName (Target)
2026-01-16 11:56:58,106 - dq_comparison - INFO -   6. Department (Source) ↔ Department (Target)
2026-01-16 11:56:58,107 - dq_comparison - INFO -   7. Email (Source) ↔ Email (Target)
2026-01-16 11:56:58,108 - dq_comparison - INFO -   8. City (Source) ↔ City (Target)
2026-01-16 11:56:58,108 - dq_comparison - INFO -   9. State (Source) ↔ State (Target)
2026-01-16 11:56:58,109 - dq_comparison - INFO -   10. JoinDate (Source) ↔ JoinDate (Target)
2026-01-16 11:57:01,231 - dq_comparison - INFO - User column selection input: all
2026-01-16 11:57:01,234 - dq_comparison - INFO - User selected ALL common columns for comparison
2026-01-16 11:57:01,236 - dq_comparison - INFO - GENERATING COMPREHENSIVE COMPARISON REPORT
2026-01-16 11:57:01,237 - dq_comparison - INFO - Report details - Source: Database: mysql - dq_checks.customers_bkp, Target: Excel: sample_data.xlsx (sample_data), Selected columns: 10
2026-01-16 11:57:01,237 - dq_comparison - INFO - Initializing Error Logger...
2026-01-16 11:57:01,240 - dq_error_log - INFO - ErrorLogger initialized with database: dq_checks
2026-01-16 11:57:01,267 - dq_error_log - INFO - Database connection successful
2026-01-16 11:57:01,268 - dq_comparison - INFO - Session ID: CMP_20260116_115701
2026-01-16 11:57:01,269 - dq_comparison - INFO - 
======================================================================
2026-01-16 11:57:01,270 - dq_comparison - INFO - 🔄 RUNNING SOURCE-TARGET COMPARISON WITH PERFECT NORMALIZATION
2026-01-16 11:57:01,275 - dq_comparison - INFO - ======================================================================
2026-01-16 11:57:01,275 - dq_comparison - INFO - Session ID: CMP_20260116_115701
2026-01-16 11:57:01,282 - dq_comparison - INFO - Source: Database: mysql - dq_checks.customers_bkp
2026-01-16 11:57:01,283 - dq_comparison - INFO - Target: Excel: sample_data.xlsx (sample_data)
2026-01-16 11:57:01,284 - dq_comparison - INFO - Selected columns: 10
2026-01-16 11:57:01,284 - dq_comparison - INFO - ======================================================================
2026-01-16 11:57:01,285 - dq_comparison - INFO - 
1️⃣ FIRST: ROW COUNT CHECK
2026-01-16 11:57:01,293 - dq_comparison - WARNING - ❌ Row count mismatch: Source=12, Target=15, Difference=3
2026-01-16 11:57:01,294 - dq_comparison - WARNING -    Extra in target: 3 rows
2026-01-16 11:57:01,295 - dq_comparison - INFO - 
2️⃣ COLUMN STRUCTURE COMPARISON
2026-01-16 11:57:01,296 - dq_comparison - INFO - Comparing column structures...
2026-01-16 11:57:01,296 - dq_comparison - INFO - Column structure comparison complete. Match: True
2026-01-16 11:57:01,298 - dq_comparison - INFO - 
3️⃣ PRIMARY KEY VALIDATION
2026-01-16 11:57:01,299 - dq_comparison - INFO - Validating primary key/unique fields...
2026-01-16 11:57:01,301 - dq_comparison - INFO - Checking key fields: ['PostalCode']
2026-01-16 11:57:01,307 - dq_comparison - WARNING - Field 'PostalCode' has duplicates in source: 4 rows
2026-01-16 11:57:01,310 - dq_comparison - WARNING - Field 'PostalCode' has duplicates in target: 2 rows
2026-01-16 11:57:01,312 - dq_comparison - INFO - Primary key validation complete. Passed: False
2026-01-16 11:57:01,368 - dq_comparison - INFO -    Key fields found: ['PostalCode']
2026-01-16 11:57:01,368 - dq_comparison - INFO -    Unique in source: ❌
2026-01-16 11:57:01,369 - dq_comparison - INFO -    Unique in target: ❌
2026-01-16 11:57:01,373 - dq_comparison - INFO -    Validation passed: ❌
2026-01-16 11:57:01,374 - dq_comparison - WARNING -    Source duplicates in 'PostalCode': 4 rows
2026-01-16 11:57:01,378 - dq_comparison - WARNING -      Sample values: [10001.0, 10009.0]
2026-01-16 11:57:01,380 - dq_comparison - WARNING -    Target duplicates in 'PostalCode': 2 rows
2026-01-16 11:57:01,381 - dq_comparison - WARNING -      Sample values: [10001]
2026-01-16 11:57:01,385 - dq_comparison - INFO -    Column names match: ✅
2026-01-16 11:57:01,385 - dq_comparison - INFO -    Column order match: ✅
2026-01-16 11:57:01,388 - dq_comparison - INFO -    Data types match: ✅
2026-01-16 11:57:01,388 - dq_comparison - INFO - 
4️⃣ TABLE METADATA COMPARISON
2026-01-16 11:57:01,389 - dq_comparison - INFO - Comparing table-level metadata...
2026-01-16 11:57:01,407 - dq_comparison - INFO - Table metadata comparison complete. Match: False
2026-01-16 11:57:01,428 - dq_comparison - INFO -    Table metadata match: ❌
2026-01-16 11:57:01,429 - dq_comparison - INFO -    Source: 12 rows, 10 cols, 0.0 MB
2026-01-16 11:57:01,429 - dq_comparison - INFO -    Target: 15 rows, 10 cols, 0.01 MB
2026-01-16 11:57:01,430 - dq_comparison - WARNING -    Found 1 metadata differences:
2026-01-16 11:57:01,430 - dq_comparison - WARNING -      • Row Count: Source=12, Target=15
2026-01-16 11:57:01,431 - dq_comparison - INFO - 
5️⃣ HASH-BASED COMPARISON
2026-01-16 11:57:01,431 - dq_comparison - INFO - ℹ️  Note: All NULL values normalized to 'NULL'
2026-01-16 11:57:01,432 - dq_comparison - INFO - ℹ️  Note: Dates normalized to YYYY-MM-DD
2026-01-16 11:57:01,433 - dq_comparison - INFO - ℹ️  Note: Strings trimmed and case-normalized
2026-01-16 11:57:01,433 - dq_comparison - INFO - ℹ️  Note: Phone numbers stripped to digits only, leading zeros removed
2026-01-16 11:57:01,434 - dq_comparison - INFO - SECOND CHECK: HASH-BASED COMPARISON WITH PERFECT NORMALIZATION
2026-01-16 11:57:01,445 - dq_comparison - INFO - === DEBUG: DATA TYPE CHECK ===
2026-01-16 11:57:01,446 - dq_comparison - INFO - Column: Country
2026-01-16 11:57:01,447 - dq_comparison - INFO -   Source type: <class 'str'>, value: USA
2026-01-16 11:57:01,448 - dq_comparison - INFO -   Target type: <class 'str'>, value: USA
2026-01-16 11:57:01,448 - dq_comparison - INFO -   Normalized: 'usa' vs 'usa'
2026-01-16 11:57:01,449 - dq_comparison - INFO -   Match: True
2026-01-16 11:57:01,450 - dq_comparison - INFO - Column: Phone
2026-01-16 11:57:01,450 - dq_comparison - INFO -   Source type: <class 'numpy.int64'>, value: 1234567890
2026-01-16 11:57:01,451 - dq_comparison - INFO -   Target type: <class 'numpy.int64'>, value: 1234567890
2026-01-16 11:57:01,451 - dq_comparison - INFO -   Normalized: '1234567890' vs '1234567890'
2026-01-16 11:57:01,452 - dq_comparison - INFO -   Match: True
2026-01-16 11:57:01,453 - dq_comparison - INFO - Column: Salary
2026-01-16 11:57:01,455 - dq_comparison - INFO -   Source type: <class 'numpy.float32'>, value: 50000.0
2026-01-16 11:57:01,460 - dq_comparison - INFO -   Target type: <class 'numpy.float64'>, value: 50000.0
2026-01-16 11:57:01,462 - dq_comparison - INFO -   Normalized: '50000' vs '50000'
2026-01-16 11:57:01,462 - dq_comparison - INFO -   Match: True
2026-01-16 11:57:01,462 - dq_comparison - INFO - Source DF columns: ['CustomerName', 'Email', 'Phone', 'Salary', 'Department', 'JoinDate', 'PostalCode', 'City', 'Country', 'State']
2026-01-16 11:57:01,463 - dq_comparison - INFO - Target DF columns: ['CustomerName', 'Email', 'Phone', 'Salary', 'Department', 'JoinDate', 'PostalCode', 'City', 'Country', 'State']
2026-01-16 11:57:01,463 - dq_comparison - INFO - Selected columns for comparison: ['Country', 'Phone', 'Salary', 'PostalCode', 'CustomerName', 'Department', 'Email', 'City', 'State', 'JoinDate']
2026-01-16 11:57:01,464 - dq_comparison - INFO - Using 10 common columns for hash comparison
2026-01-16 11:57:01,464 - dq_comparison - INFO - Source columns: ['Country', 'Phone', 'Salary', 'PostalCode', 'CustomerName', 'Department', 'Email', 'City', 'State', 'JoinDate']
2026-01-16 11:57:01,465 - dq_comparison - INFO - Target columns: ['Country', 'Phone', 'Salary', 'PostalCode', 'CustomerName', 'Department', 'Email', 'City', 'State', 'JoinDate']
2026-01-16 11:57:01,465 - dq_comparison - INFO - Generating hashes for source data (12 rows)...
2026-01-16 11:57:01,472 - dq_comparison - INFO - === DEBUG: SAMPLE HASHES ===
2026-01-16 11:57:01,472 - dq_comparison - INFO - Hash 1: 23f6243f1a3460f9... (sample row 0)
2026-01-16 11:57:01,476 - dq_comparison - INFO - Hash 2: c2acb857bf6251a0... (sample row 1)
2026-01-16 11:57:01,477 - dq_comparison - INFO - Hash 3: 169ee6d1e8bf0abe... (sample row 2)
2026-01-16 11:57:01,480 - dq_comparison - INFO - Generating hashes for target data (15 rows)...
2026-01-16 11:57:01,487 - dq_comparison - INFO - 
======================================================================
2026-01-16 11:57:01,487 - dq_comparison - INFO - 🔍 DEBUG: ANALYZING WHY HASHES DON'T MATCH
2026-01-16 11:57:01,488 - dq_comparison - INFO - ======================================================================
2026-01-16 11:57:01,492 - dq_comparison - INFO - 
--- Analyzing Row 0 ---
2026-01-16 11:57:01,493 - dq_comparison - INFO - Column 'Country' → 'Country':
2026-01-16 11:57:01,494 - dq_comparison - INFO -   Source: 'USA' (type: str) → 'usa'
2026-01-16 11:57:01,495 - dq_comparison - INFO -   Target: 'USA' (type: str) → 'usa'
2026-01-16 11:57:01,495 - dq_comparison - INFO -   Match after normalization: ✅ YES
2026-01-16 11:57:01,496 - dq_comparison - INFO - Column 'Phone' → 'Phone':
2026-01-16 11:57:01,496 - dq_comparison - INFO -   Source: '1234567890' (type: int64) → '1234567890'
2026-01-16 11:57:01,497 - dq_comparison - INFO -   Target: '1234567890' (type: int64) → '1234567890'
2026-01-16 11:57:01,498 - dq_comparison - INFO -   Match after normalization: ✅ YES
2026-01-16 11:57:01,499 - dq_comparison - INFO - Column 'Salary' → 'Salary':
2026-01-16 11:57:01,499 - dq_comparison - INFO -   Source: '50000.0' (type: float32) → '50000'
2026-01-16 11:57:01,500 - dq_comparison - INFO -   Target: '50000.0' (type: float64) → '50000'
2026-01-16 11:57:01,508 - dq_comparison - INFO -   Match after normalization: ✅ YES
2026-01-16 11:57:01,508 - dq_comparison - INFO - Column 'PostalCode' → 'PostalCode':
2026-01-16 11:57:01,509 - dq_comparison - INFO -   Source: '10001.0' (type: float64) → '10001'
2026-01-16 11:57:01,512 - dq_comparison - INFO -   Target: '10001' (type: int) → '10001'
2026-01-16 11:57:01,513 - dq_comparison - INFO -   Match after normalization: ✅ YES
2026-01-16 11:57:01,513 - dq_comparison - INFO - Column 'CustomerName' → 'CustomerName':
2026-01-16 11:57:01,514 - dq_comparison - INFO -   Source: 'John Doe' (type: str) → 'john doe'
2026-01-16 11:57:01,515 - dq_comparison - INFO -   Target: 'John Doe' (type: str) → 'john doe'
2026-01-16 11:57:01,518 - dq_comparison - INFO -   Match after normalization: ✅ YES
2026-01-16 11:57:01,519 - dq_comparison - INFO - 
Hash components for Row 0:
2026-01-16 11:57:01,521 - dq_comparison - INFO - Source hash string start: usa|1234567890|50000...
2026-01-16 11:57:01,522 - dq_comparison - INFO - Target hash string start: usa|1234567890|50000...
2026-01-16 11:57:01,522 - dq_comparison - INFO - Same? ✅ YES
2026-01-16 11:57:01,523 - dq_comparison - INFO - 
--- Analyzing Row 1 ---
2026-01-16 11:57:01,524 - dq_comparison - INFO - Column 'Country' → 'Country':
2026-01-16 11:57:01,524 - dq_comparison - INFO -   Source: 'USA' (type: str) → 'usa'
2026-01-16 11:57:01,524 - dq_comparison - INFO -   Target: 'USA' (type: str) → 'usa'
2026-01-16 11:57:01,525 - dq_comparison - INFO -   Match after normalization: ✅ YES
2026-01-16 11:57:01,525 - dq_comparison - INFO - Column 'Phone' → 'Phone':
2026-01-16 11:57:01,526 - dq_comparison - INFO -   Source: '9876543210' (type: int64) → '9876543210'
2026-01-16 11:57:01,527 - dq_comparison - INFO -   Target: '9876543210' (type: int64) → '9876543210'
2026-01-16 11:57:01,527 - dq_comparison - INFO -   Match after normalization: ✅ YES
2026-01-16 11:57:01,528 - dq_comparison - INFO - Column 'Salary' → 'Salary':
2026-01-16 11:57:01,528 - dq_comparison - INFO -   Source: '60000.0' (type: float32) → '60000'
2026-01-16 11:57:01,529 - dq_comparison - INFO -   Target: '60000.0' (type: float64) → '60000'
2026-01-16 11:57:01,529 - dq_comparison - INFO -   Match after normalization: ✅ YES
2026-01-16 11:57:01,531 - dq_comparison - INFO - Column 'PostalCode' → 'PostalCode':
2026-01-16 11:57:01,536 - dq_comparison - INFO -   Source: '10002.0' (type: float64) → '10002'
2026-01-16 11:57:01,539 - dq_comparison - INFO -   Target: '10002' (type: int) → '10002'
2026-01-16 11:57:01,540 - dq_comparison - INFO -   Match after normalization: ✅ YES
2026-01-16 11:57:01,540 - dq_comparison - INFO - Column 'CustomerName' → 'CustomerName':
2026-01-16 11:57:01,541 - dq_comparison - INFO -   Source: 'Jane Smith' (type: str) → 'jane smith'
2026-01-16 11:57:01,544 - dq_comparison - INFO -   Target: 'Jane Smith' (type: str) → 'jane smith'
2026-01-16 11:57:01,545 - dq_comparison - INFO -   Match after normalization: ✅ YES
2026-01-16 11:57:01,545 - dq_comparison - INFO - 
Hash components for Row 1:
2026-01-16 11:57:01,547 - dq_comparison - INFO - Source hash string start: usa|9876543210|60000...
2026-01-16 11:57:01,549 - dq_comparison - INFO - Target hash string start: usa|9876543210|60000...
2026-01-16 11:57:01,553 - dq_comparison - INFO - Same? ✅ YES
2026-01-16 11:57:01,553 - dq_comparison - INFO - 
--- Analyzing Row 2 ---
2026-01-16 11:57:01,558 - dq_comparison - INFO - Column 'Country' → 'Country':
2026-01-16 11:57:01,559 - dq_comparison - INFO -   Source: 'USA' (type: str) → 'usa'
2026-01-16 11:57:01,559 - dq_comparison - INFO -   Target: 'USA' (type: str) → 'usa'
2026-01-16 11:57:01,560 - dq_comparison - INFO -   Match after normalization: ✅ YES
2026-01-16 11:57:01,562 - dq_comparison - INFO - Column 'Phone' → 'Phone':
2026-01-16 11:57:01,564 - dq_comparison - INFO -   Source: '5551234567' (type: int64) → '5551234567'
2026-01-16 11:57:01,569 - dq_comparison - INFO -   Target: '5551234567' (type: int64) → '5551234567'
2026-01-16 11:57:01,570 - dq_comparison - INFO -   Match after normalization: ✅ YES
2026-01-16 11:57:01,571 - dq_comparison - INFO - Column 'Salary' → 'Salary':
2026-01-16 11:57:01,573 - dq_comparison - INFO -   Source: '55000.0' (type: float32) → '55000'
2026-01-16 11:57:01,574 - dq_comparison - INFO -   Target: '55000.0' (type: float64) → '55000'
2026-01-16 11:57:01,574 - dq_comparison - INFO -   Match after normalization: ✅ YES
2026-01-16 11:57:01,579 - dq_comparison - INFO - Column 'PostalCode' → 'PostalCode':
2026-01-16 11:57:01,584 - dq_comparison - INFO -   Source: '10003.0' (type: float64) → '10003'
2026-01-16 11:57:01,584 - dq_comparison - INFO -   Target: '10003' (type: int) → '10003'
2026-01-16 11:57:01,586 - dq_comparison - INFO -   Match after normalization: ✅ YES
2026-01-16 11:57:01,587 - dq_comparison - INFO - Column 'CustomerName' → 'CustomerName':
2026-01-16 11:57:01,589 - dq_comparison - INFO -   Source: 'Bob Johnson' (type: str) → 'bob johnson'
2026-01-16 11:57:01,590 - dq_comparison - INFO -   Target: 'Bob Johnson' (type: str) → 'bob johnson'
2026-01-16 11:57:01,590 - dq_comparison - INFO -   Match after normalization: ✅ YES
2026-01-16 11:57:01,591 - dq_comparison - INFO - 
Hash components for Row 2:
2026-01-16 11:57:01,592 - dq_comparison - INFO - Source hash string start: usa|5551234567|55000...
2026-01-16 11:57:01,595 - dq_comparison - INFO - Target hash string start: usa|5551234567|55000...
2026-01-16 11:57:01,598 - dq_comparison - INFO - Same? ✅ YES
2026-01-16 11:57:01,599 - dq_comparison - INFO - 
--- Column Data Types Analysis ---
2026-01-16 11:57:01,600 - dq_comparison - INFO - Column 1: 'Country' (category) ↔ 'Country' (object)
2026-01-16 11:57:01,601 - dq_comparison - INFO -   Sample: Source='USA', Target='USA'
2026-01-16 11:57:01,601 - dq_comparison - INFO - Column 2: 'Phone' (int64) ↔ 'Phone' (int64)
2026-01-16 11:57:01,603 - dq_comparison - INFO -   Sample: Source='1234567890', Target='1234567890'
2026-01-16 11:57:01,603 - dq_comparison - INFO - Column 3: 'Salary' (float32) ↔ 'Salary' (float64)
2026-01-16 11:57:01,607 - dq_comparison - INFO -   Sample: Source='50000.0', Target='50000.0'
2026-01-16 11:57:01,608 - dq_comparison - INFO - Column 4: 'PostalCode' (float64) ↔ 'PostalCode' (object)
2026-01-16 11:57:01,615 - dq_comparison - INFO -   Sample: Source='10001.0', Target='10001'
2026-01-16 11:57:01,616 - dq_comparison - INFO - Column 5: 'CustomerName' (object) ↔ 'CustomerName' (object)
2026-01-16 11:57:01,616 - dq_comparison - INFO -   Sample: Source='John Doe', Target='John Doe'
2026-01-16 11:57:01,617 - dq_comparison - INFO - PERFORMING DETAILED ROW-LEVEL COMPARISON WITH PAGINATION...
2026-01-16 11:57:01,618 - dq_comparison - INFO - Found 11 total mismatches
2026-01-16 11:57:01,619 - dq_comparison - INFO - Will process detailed comparisons for first 11 rows
2026-01-16 11:57:01,765 - dq_comparison - INFO - 
================================================================================
2026-01-16 11:57:01,766 - dq_comparison - INFO - DETAILED MISMATCH SUMMARY:
2026-01-16 11:57:01,768 - dq_comparison - INFO -   Total mismatches found: 7
2026-01-16 11:57:01,772 - dq_comparison - INFO -   Detailed comparisons logged: 7
2026-01-16 11:57:01,773 - dq_comparison - INFO -   First 10 rows displayed above
2026-01-16 11:57:01,773 - dq_comparison - INFO -   All mismatches stored in database with complete data
2026-01-16 11:57:01,774 - dq_comparison - INFO - ================================================================================
2026-01-16 11:57:01,774 - dq_comparison - INFO - Hash-based Comparison Results (with duplicate handling):
2026-01-16 11:57:01,775 - dq_comparison - INFO -   • Unique source hashes: 11
2026-01-16 11:57:01,775 - dq_comparison - INFO -   • Unique target hashes: 14
2026-01-16 11:57:01,776 - dq_comparison - INFO -   • Common hashes: 7
2026-01-16 11:57:01,778 - dq_comparison - INFO -   • Common rows (counting duplicates): 8
2026-01-16 11:57:01,781 - dq_comparison - INFO -   • Rows only in source (counting duplicates): 4
2026-01-16 11:57:01,784 - dq_comparison - INFO -   • Rows only in target (counting duplicates): 7
2026-01-16 11:57:01,793 - dq_comparison - INFO - HASH-ONLY COMPARISON COMPLETED
2026-01-16 11:57:01,800 - dq_comparison - INFO - Returning counts for simple scoring:
2026-01-16 11:57:01,802 - dq_comparison - INFO -   Common rows: 8
2026-01-16 11:57:01,803 - dq_comparison - INFO -   Unique to source: 4
2026-01-16 11:57:01,804 - dq_comparison - INFO -   Unique to target: 7
2026-01-16 11:57:01,805 - dq_comparison - INFO -   Value mismatches: 110
2026-01-16 11:57:01,805 - dq_comparison - INFO -   Missing rows: 4
2026-01-16 11:57:01,806 - dq_comparison - INFO -   Extra rows: 7
2026-01-16 11:57:01,808 - dq_comparison - INFO - 
========================================================================================================================
COMPARISON: Mysql Database vs Excel (sample_data.xlsx (sample_data))
========================================================================================================================
Row   | Diff Count | Source (Sample)                          | Target (Sample)                         
------------------------------------------------------------------------------------------------------------------------
3     | 1          | Country: USA                             | Country: USA                            
8     | 1          | Country: USA                             | Country: USA                            
10    | 1          | Country: USA                             | Country: USA                            
11    | 1          | Country: USA                             | Country: USA                            
14    | 10         | Country: NULL                            | Country: USA                            
15    | 9          | Country: NULL                            | Country: USA                            
16    | 10         | Country: NULL                            | Country: USA                            
------------------------------------------------------------------------------------------------------------------------
Showing all 7 mismatched rows.
========================================================================================================================
2026-01-16 11:57:01,811 - dq_comparison - INFO - Returning enhanced mismatch structure with 7 detailed mismatches
2026-01-16 11:57:01,815 - dq_comparison - INFO - New structure: 7 detailed mismatches
2026-01-16 11:57:01,816 - dq_comparison - INFO - 
6️⃣ DATA QUALITY ANALYSIS
2026-01-16 11:57:01,817 - dq_comparison - INFO - Analyzing data quality metrics...
2026-01-16 11:57:01,837 - dq_comparison - INFO - Null values - Source: 5 (4.17%), Target: 6 (4.00%)
2026-01-16 11:57:01,842 - dq_comparison - INFO - Duplicate rows (normalized) - Source: 1, Target: 1
2026-01-16 11:57:01,845 - dq_comparison - INFO - Source duplicate samples: ['Row 2', 'Row 7']
2026-01-16 11:57:01,849 - dq_comparison - INFO - Target duplicate samples: ['Row 2', 'Row 7']
2026-01-16 11:57:01,873 - dq_error_log - INFO - Retrieved 10 error logs for session CMP_20260116_115701
2026-01-16 11:57:01,874 - dq_comparison - INFO - 
📊 SIMPLE SCORING CALCULATION:
2026-01-16 11:57:01,875 - dq_comparison - INFO -   Source rows: 12
2026-01-16 11:57:01,879 - dq_comparison - INFO -   Common rows (matched): 8
2026-01-16 11:57:01,880 - dq_comparison - INFO -   Calculation: (8 / 12) * 100 = 66.67%
2026-01-16 11:57:01,883 - dq_comparison - INFO -   Explanation: 8 matched rows out of 12 total source rows
2026-01-16 11:57:01,883 - dq_comparison - INFO - 
=== AUDIT LOGGING SECTION ===
2026-01-16 11:57:01,893 - dq_comparison - INFO - 🔍 Audit logging is ENABLED in APP_SETTINGS
2026-01-16 11:57:01,893 - dq_audit - INFO - Audit class initialized with database: dq_checks
2026-01-16 11:57:01,894 - dq_comparison - INFO - Attempting to log audit record for session: CMP_20260116_115701
2026-01-16 11:57:01,895 - dq_audit - INFO - Starting database insertion for comparison...
2026-01-16 11:57:01,924 - dq_audit - INFO - Inserted comparison record with ID: 714
2026-01-16 11:57:01,925 - dq_comparison - INFO - ✅ Audit record logged successfully (ID: 714)
2026-01-16 11:57:01,927 - dq_comparison - INFO - 
======================================================================
2026-01-16 11:57:01,935 - dq_comparison - INFO - 📊 COMPARISON RESULTS SUMMARY
2026-01-16 11:57:01,936 - dq_comparison - INFO - ======================================================================
2026-01-16 11:57:01,937 - dq_comparison - INFO - Session ID: CMP_20260116_115701
2026-01-16 11:57:01,939 - dq_comparison - INFO - Source: Database: mysql - dq_checks.customers_bkp (12 rows)
2026-01-16 11:57:01,940 - dq_comparison - INFO - Target: Excel: sample_data.xlsx (sample_data) (15 rows)
2026-01-16 11:57:01,941 - dq_comparison - INFO - Selected columns: 10
2026-01-16 11:57:01,942 - dq_comparison - INFO - ----------------------------------------------------------------------
2026-01-16 11:57:01,942 - dq_comparison - INFO - 1️⃣ Row count match: ❌ No
2026-01-16 11:57:01,943 - dq_comparison - INFO -    Missing in target: 0 rows
2026-01-16 11:57:01,946 - dq_comparison - INFO -    Extra in target: 3 rows
2026-01-16 11:57:01,955 - dq_comparison - INFO - 2️⃣ Column structure match: ✅ Yes
2026-01-16 11:57:01,956 - dq_comparison - INFO - 3️ Primary key validation: ❌ Failed
2026-01-16 11:57:01,957 - dq_comparison - INFO -    Key fields: ['PostalCode']
2026-01-16 11:57:01,958 - dq_comparison - INFO - 4️ Table metadata: ❌ Mismatch
2026-01-16 11:57:01,959 - dq_comparison - INFO -    • Row Count: 12 vs 15
2026-01-16 11:57:01,964 - dq_comparison - INFO - 5️⃣ Common rows (both Mysql Database and Excel (sample_data.xlsx (sample_data))): 8 (66.67% of Mysql Database)
2026-01-16 11:57:01,965 - dq_comparison - INFO - 6️⃣ Mysql Database-only rows: 4 (present ONLY in Mysql Database, NOT in Excel (sample_data.xlsx (sample_data)))
2026-01-16 11:57:01,968 - dq_comparison - INFO - 7️⃣ Excel (sample_data.xlsx (sample_data))-only rows: 7 (present ONLY in Excel (sample_data.xlsx (sample_data)), NOT in Mysql Database)
2026-01-16 11:57:01,970 - dq_comparison - INFO - 8️⃣ Column value mismatches: 0
2026-01-16 11:57:01,971 - dq_comparison - INFO - 9️ Data quality match: ❌ No
2026-01-16 11:57:01,972 - dq_comparison - INFO - 📈 DQ Score: 66.67%
2026-01-16 11:57:01,974 - dq_comparison - INFO - 📊 Calculation: (8 / 12) * 100 = 66.67%
2026-01-16 11:57:01,975 - dq_comparison - INFO - ======================================================================
2026-01-16 11:57:01,979 - dq_comparison - INFO - 
⚠️  FAIR MATCH! Significant differences found.
2026-01-16 11:57:01,981 - dq_comparison - INFO - 
🔍 NORMALIZATION APPLIED:
2026-01-16 11:57:01,983 - dq_comparison - INFO -    • NULL values → 'NULL' (consistent representation)
2026-01-16 11:57:01,984 - dq_comparison - INFO -    • Dates → YYYY-MM-DD format
2026-01-16 11:57:01,987 - dq_comparison - INFO -    • Strings → trimmed + lowercase
2026-01-16 11:57:01,988 - dq_comparison - INFO -    • Numeric values → standardized format
2026-01-16 11:57:01,989 - dq_comparison - INFO -    • Phone numbers → digits only, ALL leading zeros removed
2026-01-16 11:57:01,990 - dq_comparison - INFO -    • Extra whitespace removed
2026-01-16 11:57:01,991 - dq_comparison - INFO - 
🔍 DETAILED ERROR ANALYSIS:
2026-01-16 11:57:01,995 - dq_comparison - INFO - --------------------------------------------------
2026-01-16 11:57:02,000 - dq_comparison - INFO - 📊 SOURCE-ONLY ROWS: 4 rows
2026-01-16 11:57:02,001 - dq_comparison - INFO -    Present only in Mysql Database, missing from Excel (sample_data.xlsx (sample_data))
2026-01-16 11:57:02,002 - dq_comparison - INFO - 📊 TARGET-ONLY ROWS: 7 rows
2026-01-16 11:57:02,003 - dq_comparison - INFO -    Present only in Excel (sample_data.xlsx (sample_data)), extra (not in Mysql Database)
2026-01-16 11:57:02,025 - dq_error_log - INFO - Retrieved 10 errors for session CMP_20260116_115701
2026-01-16 11:57:02,026 - dq_comparison - INFO - 
📋 SAMPLE ERRORS (10 found):
2026-01-16 11:57:02,028 - dq_comparison - INFO - 
1. Row 0 - Metadata Row Count
2026-01-16 11:57:02,032 - dq_comparison - INFO -    Column: 
2026-01-16 11:57:02,032 - dq_comparison - INFO -    Metadata mismatch: Row Count
2026-01-16 11:57:02,033 - dq_comparison - INFO - 
2. Row 0 - Duplicate Primary Key
2026-01-16 11:57:02,033 - dq_comparison - INFO -    Column: PostalCode
2026-01-16 11:57:02,035 - dq_comparison - INFO -    Primary key field 'PostalCode' has 4 duplicates in source
2026-01-16 11:57:02,036 - dq_comparison - INFO - 
3. Row 0 - Duplicate Primary Key
2026-01-16 11:57:02,036 - dq_comparison - INFO -    Column: PostalCode
2026-01-16 11:57:02,037 - dq_comparison - INFO -    Primary key field 'PostalCode' has 2 duplicates in target
2026-01-16 11:57:02,043 - dq_comparison - INFO - 
💡 For complete error details, run:
2026-01-16 11:57:02,046 - dq_comparison - INFO -    USE dq_checks;
2026-01-16 11:57:02,046 - dq_comparison - INFO -    SELECT excel_row, column_name, error_type, error_description,
2026-01-16 11:57:02,047 - dq_comparison - INFO -           actual_value, expected_value
2026-01-16 11:57:02,048 - dq_comparison - INFO -    FROM dq_error_logs
2026-01-16 11:57:02,052 - dq_comparison - INFO -    WHERE session_id = 'CMP_20260116_115701'
2026-01-16 11:57:02,054 - dq_comparison - INFO -    ORDER BY excel_row, column_name;
2026-01-16 11:57:02,086 - dq_comparison - INFO - 
✅ Comparison completed! Session ID: CMP_20260116_115701
2026-01-16 11:57:02,105 - dq_error_log - INFO - Retrieved 11 error logs for session CMP_20260116_115701
2026-01-16 11:57:02,133 - dq_error_log - INFO - Retrieved summary: 11 total errors for session CMP_20260116_115701
2026-01-16 11:57:02,134 - dq_audit - INFO - Audit class initialized with database: dq_checks
2026-01-16 11:57:02,163 - dq_audit - INFO - Retrieved 1 audit logs for session CMP_20260116_115701
2026-01-16 11:57:02,163 - dq_comparison - INFO - 
🔍 Final results verification:
2026-01-16 11:57:02,165 - dq_comparison - INFO -    Session ID: CMP_20260116_115701
2026-01-16 11:57:02,174 - dq_comparison - INFO -    DQ Score (Simple %): 66.67%
2026-01-16 11:57:02,174 - dq_comparison - INFO -    Source rows: 12
2026-01-16 11:57:02,175 - dq_comparison - INFO -    Matched rows: 8
2026-01-16 11:57:02,175 - dq_comparison - INFO -    Calculation: (8 / 12) * 100
2026-01-16 11:57:02,178 - __main__ - INFO - Source-Target Comparison completed successfully
2026-01-16 11:57:02,180 - __main__ - INFO - Displaying main menu options to user
2026-01-16 11:57:47,328 - __main__ - INFO - User selected option: 6
2026-01-16 11:57:47,328 - __main__ - INFO - User session ended. Duration: 0:02:57.937277
2026-01-16 11:57:47,329 - __main__ - INFO - 👋 Thank you for using Universal Data Quality Framework!
