2025-12-15 11:39:04,143 - __main__ - INFO - 🚀 UNIVERSAL DATA QUALITY FRAMEWORK INITIALIZED
2025-12-15 11:39:04,662 - __main__ - INFO - User session started at: 2025-12-15 11:39:04.661864
2025-12-15 11:39:04,663 - __main__ - INFO - Displaying main menu options to user
2025-12-15 11:39:06,441 - __main__ - INFO - User selected option: 2
2025-12-15 11:39:06,442 - __main__ - INFO - Starting Source-Target Comparison module
2025-12-15 11:39:06,445 - dq_comparison - INFO - STARTING UNIVERSAL SOURCE-TARGET COMPARISON TOOL
2025-12-15 11:39:06,445 - dq_comparison - INFO - LOADING SOURCE AND TARGET DATA
2025-12-15 11:39:38,003 - dq_unified - INFO - GETTING DATABASE CONFIG FROM CONFIG FILE
2025-12-15 11:39:49,763 - dq_unified - INFO - Database configuration from config file: mysql, Table: customers
2025-12-15 11:39:49,763 - dq_unified - INFO - LOADING DATA FROM DATABASE
2025-12-15 11:39:49,765 - dq_unified - INFO - Loading large database table: customers
2025-12-15 11:39:49,912 - dq_unified - INFO - MySQL table has 15 rows
2025-12-15 11:39:49,913 - dq_unified - INFO - Loading 15 rows from MySQL...
2025-12-15 11:39:50,331 - dq_unified - INFO - Loaded 15 rows from MySQL
2025-12-15 11:39:50,336 - dq_unified - INFO - Memory optimization: 0.0MB -> 0.0MB (Saved: 0.0MB)
2025-12-15 11:39:50,337 - dq_unified - INFO - Loaded 15 rows, 11 columns. Memory: 107.7MB total, 0.0MB for dataframe
2025-12-15 11:39:50,339 - dq_comparison - INFO - SELECTING COLUMNS FOR COMPARISON
2025-12-15 11:39:50,340 - dq_comparison - INFO - Found 10 common columns between source and target (case-insensitive)
2025-12-15 11:40:01,797 - dq_comparison - INFO - User column selection input: all
2025-12-15 11:40:01,798 - dq_comparison - INFO - User selected ALL common columns for comparison
2025-12-15 11:40:01,799 - dq_comparison - INFO - GENERATING COMPREHENSIVE COMPARISON REPORT
2025-12-15 11:40:01,800 - dq_comparison - INFO - Report details - Source: CSV: sample_data.csv, Target: Database: mysql - dq_checks.customers, Selected columns: 10
2025-12-15 11:40:01,800 - dq_comparison - INFO - Initializing Error Logger...
2025-12-15 11:40:01,801 - dq_error_log - INFO - ErrorLogger initialized with database: dq_checks
2025-12-15 11:40:01,811 - dq_error_log - INFO - Database connection successful
2025-12-15 11:40:01,812 - dq_comparison - INFO - Session ID: CMP_20251215_114001
2025-12-15 11:40:01,815 - dq_comparison - INFO - FIRST CHECK: ROW COUNT COMPARISON
2025-12-15 11:40:01,816 - dq_comparison - INFO - Source rows: 15, Target rows: 15
2025-12-15 11:40:01,816 - dq_comparison - INFO - ✅ Row counts match perfectly
2025-12-15 11:40:01,818 - dq_comparison - INFO - SECOND CHECK: HASH-BASED COMPARISON WITH PERFECT NORMALIZATION
2025-12-15 11:40:01,818 - dq_comparison - INFO - Using 10 common columns for hash comparison
2025-12-15 11:40:01,819 - dq_comparison - INFO - Source columns: ['PostalCode', 'JoinDate', 'Email', 'Department', 'Salary', 'State', 'Country', 'Phone', 'City', 'CustomerName']
2025-12-15 11:40:01,821 - dq_comparison - INFO - Target columns: ['PostalCode', 'JoinDate', 'Email', 'Department', 'Salary', 'State', 'Country', 'Phone', 'City', 'CustomerName']
2025-12-15 11:40:01,821 - dq_comparison - INFO - Generating hashes for source data...
2025-12-15 11:40:01,826 - dq_comparison - INFO - Generating hashes for target data...
2025-12-15 11:40:01,828 - dq_comparison - INFO - Hash-based Comparison Results:
2025-12-15 11:40:01,828 - dq_comparison - INFO -   • Common rows: 14
2025-12-15 11:40:01,828 - dq_comparison - INFO -   • Rows only in source: 0
2025-12-15 11:40:01,829 - dq_comparison - INFO -   • Rows only in target: 0
2025-12-15 11:40:01,829 - dq_comparison - INFO - PERFORMING DETAILED COLUMN-BY-COLUMN COMPARISON...
2025-12-15 11:40:01,833 - dq_comparison - INFO - Found 0 column value mismatches across all rows
2025-12-15 11:40:01,833 - dq_comparison - INFO - Analyzing data quality metrics...
2025-12-15 11:40:01,843 - dq_comparison - INFO - Null values - Source: 6 (4.00%), Target: 6 (4.00%)
2025-12-15 11:40:01,845 - dq_comparison - INFO - Duplicate rows (normalized) - Source: 1, Target: 1
2025-12-15 11:40:01,846 - dq_comparison - INFO - Source duplicate samples: ['Row 2', 'Row 7']
2025-12-15 11:40:01,847 - dq_comparison - INFO - Target duplicate samples: ['Row 2', 'Row 7']
2025-12-15 11:40:01,858 - dq_error_log - INFO - Retrieved 0 errors for session CMP_20251215_114001
2025-12-15 11:40:01,889 - dq_audit - INFO - Audit class initialized with database: dq_checks
2025-12-15 11:40:01,889 - dq_audit - INFO - Starting database insertion for comparison...
2025-12-15 11:40:01,910 - dq_audit - INFO - Inserted comparison record
2025-12-15 11:40:01,910 - dq_audit - INFO - comparison audit record successfully stored in database
2025-12-15 11:40:01,913 - dq_comparison - INFO - Comparison analysis completed successfully
2025-12-15 11:40:01,913 - __main__ - INFO - Source-Target Comparison completed successfully
2025-12-15 11:40:01,916 - __main__ - INFO - Displaying main menu options to user
2025-12-15 12:16:09,503 - __main__ - INFO - User selected option: 6
2025-12-15 12:16:09,506 - __main__ - INFO - User session ended. Duration: 0:37:04.843642
2025-12-15 12:16:09,506 - __main__ - INFO - 👋 Thank you for using Universal Data Quality Framework!
