2025-12-26 19:51:10,673 - root - INFO - CLI Mode Logging Initialized
2025-12-26 19:51:10,673 - root - INFO - CLI logs will be saved to: logs/dq_framework_20251226_195110.log
2025-12-26 19:51:10,674 - __main__ - INFO - 🚀 UNIVERSAL DATA QUALITY FRAMEWORK INITIALIZED
2025-12-26 19:51:10,675 - __main__ - INFO - Starting system resource check
2025-12-26 19:51:10,685 - __main__ - INFO - Total RAM: 15.7 GB
2025-12-26 19:51:10,685 - __main__ - INFO - Available RAM: 3.6 GB
2025-12-26 19:51:10,685 - __main__ - INFO - Memory used: 77.1%
2025-12-26 19:51:10,686 - __main__ - INFO - Memory status: OK
2025-12-26 19:51:10,688 - __main__ - INFO - Free disk space: 256.5 GB
2025-12-26 19:51:10,688 - __main__ - INFO - Disk used: 46.1%
2025-12-26 19:51:10,688 - __main__ - INFO - Disk space: OK
2025-12-26 19:51:11,189 - __main__ - INFO - CPU cores: 8
2025-12-26 19:51:11,190 - __main__ - INFO - CPU usage: 24.3%
2025-12-26 19:51:11,190 - __main__ - INFO - Python version: 3.12.4
2025-12-26 19:51:11,190 - __main__ - INFO - System platform: win32
2025-12-26 19:51:11,190 - __main__ - INFO - User session started at: 2025-12-26 19:51:11.190268
2025-12-26 19:51:11,191 - __main__ - INFO - Displaying main menu options to user
2025-12-26 19:51:12,226 - __main__ - INFO - User selected option: 1
2025-12-26 19:51:12,228 - __main__ - INFO - Starting Single Source Analysis module
2025-12-26 19:51:12,235 - dq_unified - INFO - Starting unified data quality analysis
2025-12-26 19:51:12,236 - dq_unified - INFO - Prompting user for data source type
2025-12-26 19:51:12,236 - dq_unified - INFO - UI Data source_type: No UI data
2025-12-26 19:51:15,416 - dq_unified - INFO - User selected source type: 1
2025-12-26 19:51:18,667 - dq_unified - INFO - Loading data from CSV
2025-12-26 19:51:18,670 - dq_unified - INFO - Loading data from CSV
2025-12-26 19:51:18,675 - dq_unified - INFO - Loading large CSV: C:\Users\003160\OneDrive - wisseninfotech.com\Documents\DQ-Checks-Shashi\Test_data\source_data_90k.csv
2025-12-26 19:51:18,785 - dq_unified - INFO - CSV file has 92,875 rows
2025-12-26 19:51:18,785 - dq_unified - INFO - Loading 92,875 rows from CSV...
2025-12-26 19:51:19,163 - dq_unified - INFO - Loaded 89,999 rows from CSV
2025-12-26 19:51:19,450 - dq_unified - INFO - Memory optimization: 45.4MB -> 17.1MB (Saved: 28.3MB)
2025-12-26 19:51:19,506 - dq_unified - INFO - Loaded 89,999 rows, 12 columns. Memory: 110.2MB total, 17.1MB for dataframe
2025-12-26 19:51:19,506 - dq_unified - INFO - DATA PREVIEW:
2025-12-26 19:51:19,507 - dq_unified - INFO -    Total rows: 89,999
2025-12-26 19:51:19,510 - dq_unified - INFO -    Total columns: 12
2025-12-26 19:51:19,511 - dq_unified - INFO -    Columns: ['id', 'customer_id', 'transaction_id', 'customer_name', 'email', 'phone', 'transaction_date', 'amount', 'quantity', 'age', 'status', 'description']
2025-12-26 19:51:19,511 - dq_unified - INFO - Running quality checks
2025-12-26 19:51:19,512 - dq_unified - INFO - Checking for null cells (not empty strings)
2025-12-26 19:51:19,513 - dq_unified - INFO - Column 'id': No null cells
2025-12-26 19:51:19,519 - dq_unified - INFO - Column 'customer_id': No null cells
2025-12-26 19:51:19,523 - dq_unified - INFO - Column 'transaction_id': No null cells
2025-12-26 19:51:19,523 - dq_unified - WARNING - Column 'customer_name': 3510 null cells (3.9%)
2025-12-26 19:51:19,574 - dq_unified - WARNING - Column 'email': 1516 null cells (1.7%)
2025-12-26 19:51:19,603 - dq_unified - WARNING - Column 'phone': 1280 null cells (1.4%)
2025-12-26 19:51:19,639 - dq_unified - INFO - Column 'transaction_date': No null cells
2025-12-26 19:51:19,646 - dq_unified - WARNING - Column 'amount': 1133 null cells (1.3%)
2025-12-26 19:51:19,696 - dq_unified - INFO - Column 'quantity': No null cells
2025-12-26 19:51:19,699 - dq_unified - INFO - Column 'age': No null cells
2025-12-26 19:51:19,703 - dq_unified - INFO - Column 'status': No null cells
2025-12-26 19:51:19,705 - dq_unified - INFO - Column 'description': No null cells
2025-12-26 19:51:19,708 - dq_unified - INFO - Total null cells found: 7,439
2025-12-26 19:51:19,710 - dq_unified - INFO - Checking for duplicate rows
2025-12-26 19:51:19,711 - dq_unified - INFO - Processing 89,999 rows for duplicates
2025-12-26 19:51:20,005 - dq_unified - INFO - Full row duplicates (entire rows): 203
2025-12-26 19:51:20,094 - dq_unified - INFO - Automatically detecting key field duplicates
2025-12-26 19:51:20,137 - dq_unified - INFO - Detected potential key fields: ['id', 'customer_id', 'transaction_id', 'customer_name', 'email', 'transaction_date']
2025-12-26 19:51:20,142 - dq_unified - WARNING - Found 203 duplicate values in field 'id'
2025-12-26 19:51:20,161 - dq_unified - WARNING - Found 402 duplicate values in field 'customer_id'
2025-12-26 19:51:20,185 - dq_unified - WARNING - Found 402 duplicate values in field 'transaction_id'
2025-12-26 19:51:20,189 - dq_unified - WARNING - Found 89,799 duplicate values in field 'customer_name'
2025-12-26 19:51:20,199 - dq_unified - WARNING - Found 89,318 duplicate values in field 'email'
2025-12-26 19:51:20,210 - dq_unified - WARNING - Found 89,412 duplicate values in field 'transaction_date'
2025-12-26 19:51:20,229 - dq_unified - INFO - Checking data formats with intelligent, adaptive detection
2025-12-26 19:51:20,231 - dq_unified - INFO - Analyzing column 'id' with 89999 non-null values
2025-12-26 19:51:20,237 - dq_unified - INFO -   ✓ Column 'id' matches 'numeric' pattern with 100.0% confidence
2025-12-26 19:51:20,347 - dq_unified - INFO - Analyzing column 'customer_id' with 89999 non-null values
2025-12-26 19:51:20,348 - dq_unified - INFO -   ✓ Column 'customer_id' matches 'code_id' pattern with 100.0% confidence
2025-12-26 19:51:20,466 - dq_unified - INFO - Analyzing column 'transaction_id' with 89999 non-null values
2025-12-26 19:51:20,467 - dq_unified - INFO -   ✓ Column 'transaction_id' matches 'code_id' pattern with 100.0% confidence
2025-12-26 19:51:20,583 - dq_unified - INFO - Analyzing column 'customer_name' with 86489 non-null values
2025-12-26 19:51:20,587 - dq_unified - INFO - Analyzing column 'email' with 88483 non-null values
2025-12-26 19:51:20,588 - dq_unified - INFO -   ✓ Column 'email' matches 'email' pattern with 100.0% confidence
2025-12-26 19:51:20,592 - dq_unified - WARNING -     Row 38: 'lisa.miller_outlook.com...' doesn't match Valid email format (user@domain.com)
2025-12-26 19:51:20,593 - dq_unified - WARNING -     Row 41: EMPTY value doesn't match Valid email format (user@domain.com)
2025-12-26 19:51:20,594 - dq_unified - WARNING -     Row 223: 'richard.miller.company.com...' doesn't match Valid email format (user@domain.com)
2025-12-26 19:51:20,778 - dq_unified - INFO -     Found 2242 format issues in column 'email'
2025-12-26 19:51:20,785 - dq_unified - INFO - Analyzing column 'phone' with 88719 non-null values
2025-12-26 19:51:20,786 - dq_unified - INFO -   ✓ Column 'phone' matches 'phone' pattern with 90.0% confidence
2025-12-26 19:51:20,786 - dq_unified - WARNING -     Row 19: '1-212-661-4003...' doesn't match Valid phone number (10-15 digits, optional country code)
2025-12-26 19:51:20,787 - dq_unified - WARNING -     Row 20: '1-212-914-1864...' doesn't match Valid phone number (10-15 digits, optional country code)
2025-12-26 19:51:20,788 - dq_unified - WARNING -     Row 23: '1-212-668-8253...' doesn't match Valid phone number (10-15 digits, optional country code)
2025-12-26 19:51:21,294 - dq_unified - INFO -     Found 19032 format issues in column 'phone'
2025-12-26 19:51:21,297 - dq_unified - INFO - Analyzing column 'transaction_date' with 89999 non-null values
2025-12-26 19:51:21,298 - dq_unified - INFO -   ✓ Column 'transaction_date' matches 'code_id' pattern with 100.0% confidence
2025-12-26 19:51:21,302 - dq_unified - WARNING -     Row 27: '10/18/2023...' doesn't match Alphanumeric code or ID
2025-12-26 19:51:21,303 - dq_unified - WARNING -     Row 28: '04/22/2023...' doesn't match Alphanumeric code or ID
2025-12-26 19:51:21,304 - dq_unified - WARNING -     Row 31: '05/15/2023...' doesn't match Alphanumeric code or ID
2025-12-26 19:51:21,621 - dq_unified - INFO -     Found 10847 format issues in column 'transaction_date'
2025-12-26 19:51:21,623 - dq_unified - INFO - Analyzing column 'amount' with 88866 non-null values
2025-12-26 19:51:21,624 - dq_unified - INFO -   ✓ Column 'amount' matches 'numeric' pattern with 100.0% confidence
2025-12-26 19:51:21,625 - dq_unified - WARNING -     Row 268: EMPTY value doesn't match Valid numeric value (integers or decimals)
2025-12-26 19:51:21,627 - dq_unified - WARNING -     Row 311: EMPTY value doesn't match Valid numeric value (integers or decimals)
2025-12-26 19:51:21,628 - dq_unified - WARNING -     Row 317: EMPTY value doesn't match Valid numeric value (integers or decimals)
2025-12-26 19:51:21,824 - dq_unified - INFO -     Found 1133 format issues in column 'amount'
2025-12-26 19:51:21,825 - dq_unified - INFO - Analyzing column 'quantity' with 89999 non-null values
2025-12-26 19:51:21,826 - dq_unified - INFO -   ✓ Column 'quantity' matches 'numeric' pattern with 100.0% confidence
2025-12-26 19:51:21,929 - dq_unified - INFO - Analyzing column 'age' with 89999 non-null values
2025-12-26 19:51:21,929 - dq_unified - INFO -   ✓ Column 'age' matches 'numeric' pattern with 100.0% confidence
2025-12-26 19:51:22,044 - dq_unified - INFO - Analyzing column 'status' with 89999 non-null values
2025-12-26 19:51:22,044 - dq_unified - INFO -   ✓ Column 'status' matches 'code_id' pattern with 100.0% confidence
2025-12-26 19:51:22,164 - dq_unified - INFO - Analyzing column 'description' with 89999 non-null values
2025-12-26 19:51:22,165 - dq_unified - INFO - Total format issues found: 33,254
2025-12-26 19:51:22,166 - dq_unified - INFO - Checking mandatory fields
2025-12-26 19:51:22,170 - dq_unified - INFO - DEBUG: UI data for mandatory fields: None
2025-12-26 19:51:22,171 - dq_unified - INFO - Available columns: ['id', 'customer_id', 'transaction_id', 'customer_name', 'email', 'phone', 'transaction_date', 'amount', 'quantity', 'age', 'status', 'description']
2025-12-26 19:51:24,048 - dq_unified - INFO - Checking ALL columns as mandatory: ['id', 'customer_id', 'transaction_id', 'customer_name', 'email', 'phone', 'transaction_date', 'amount', 'quantity', 'age', 'status', 'description']
2025-12-26 19:51:24,051 - dq_unified - INFO - Mandatory field 'id': 100.0% filled
2025-12-26 19:51:24,073 - dq_unified - INFO - Mandatory field 'customer_id': 100.0% filled
2025-12-26 19:51:24,104 - dq_unified - INFO - Mandatory field 'transaction_id': 100.0% filled
2025-12-26 19:51:24,105 - dq_unified - WARNING - Mandatory field 'customer_name': 3,510 missing values (96.1% filled)
2025-12-26 19:51:24,147 - dq_unified - WARNING - Mandatory field 'email': 1,516 missing values (98.3% filled)
2025-12-26 19:51:24,201 - dq_unified - WARNING - Mandatory field 'phone': 1,280 missing values (98.6% filled)
2025-12-26 19:51:24,249 - dq_unified - INFO - Mandatory field 'transaction_date': 100.0% filled
2025-12-26 19:51:24,250 - dq_unified - WARNING - Mandatory field 'amount': 1,133 missing values (98.7% filled)
2025-12-26 19:51:24,268 - dq_unified - INFO - Mandatory field 'quantity': 100.0% filled
2025-12-26 19:51:24,269 - dq_unified - INFO - Mandatory field 'age': 100.0% filled
2025-12-26 19:51:24,269 - dq_unified - INFO - Mandatory field 'status': 100.0% filled
2025-12-26 19:51:24,271 - dq_unified - INFO - Mandatory field 'description': 100.0% filled
2025-12-26 19:51:24,271 - dq_unified - INFO - Mandatory field check completed: 4 columns with issues, 7439 total missing values
2025-12-26 19:51:24,272 - dq_unified - INFO - Calculating overall quality score
2025-12-26 19:51:24,272 - dq_unified - INFO - No row details, using fixed estimation
2025-12-26 19:51:24,273 - dq_unified - INFO - Estimated 22648 rows with issues
2025-12-26 19:51:24,273 - dq_unified - INFO - Quality Score Calculation:
2025-12-26 19:51:24,274 - dq_unified - INFO -   Total rows: 89,999
2025-12-26 19:51:24,274 - dq_unified - INFO -   Rows with issues: 22,648
2025-12-26 19:51:24,275 - dq_unified - INFO -   Good rows: 67,351
2025-12-26 19:51:24,275 - dq_unified - INFO -   Quality Score: 74.84%
2025-12-26 19:51:24,275 - dq_unified - INFO - Generating detailed data quality report
2025-12-26 19:51:24,279 - dq_unified - INFO - Report for: CSV: source_data_90k.csv, Records: 89,999, Columns: 12
2025-12-26 19:51:24,281 - dq_unified - INFO - Overall quality score: 74.8%
2025-12-26 19:51:24,282 - dq_error_log - INFO - ErrorLogger initialized with database: dq_checks
2025-12-26 19:51:24,283 - dq_unified - INFO - Error Logger Session ID: SINGLE_20251226_195124
2025-12-26 19:51:24,320 - dq_unified - INFO - DEBUG: In generate_detailed_report - strict_duplicate_count: 50
2025-12-26 19:51:24,321 - dq_unified - ERROR - Error in unified analysis: cannot access local variable 'duplicate_count' where it is not associated with a value
Traceback (most recent call last):
  File "C:\Users\003160\OneDrive - wisseninfotech.com\Documents\DQ-Checks-Shashi\data_quality_framework-V2\dq_unified.py", line 2485, in main
    generate_detailed_report(df, source_info, null_issue_rows, duplicate_rows, format_issue_details,
  File "C:\Users\003160\OneDrive - wisseninfotech.com\Documents\DQ-Checks-Shashi\data_quality_framework-V2\dq_unified.py", line 1981, in generate_detailed_report
    logger.info(f"DEBUG: In generate_detailed_report - duplicate_count parameter: {duplicate_count}")
                                                                                   ^^^^^^^^^^^^^^^
UnboundLocalError: cannot access local variable 'duplicate_count' where it is not associated with a value
2025-12-26 19:51:24,337 - __main__ - INFO - Single Source Analysis completed successfully
2025-12-26 19:51:24,337 - __main__ - INFO - Displaying main menu options to user
2025-12-26 19:51:28,773 - __main__ - INFO - User selected option: 1
2025-12-26 19:51:28,775 - __main__ - INFO - Starting Single Source Analysis module
2025-12-26 19:51:28,782 - dq_unified - INFO - Starting unified data quality analysis
2025-12-26 19:51:28,783 - dq_unified - INFO - Prompting user for data source type
2025-12-26 19:51:28,784 - dq_unified - INFO - UI Data source_type: No UI data
2025-12-26 19:51:34,444 - dq_unified - INFO - User selected source type: 1
2025-12-26 20:11:45,089 - dq_unified - INFO - Loading data from CSV
2025-12-26 20:11:45,090 - dq_unified - INFO - Loading data from CSV
2025-12-26 20:11:45,090 - dq_unified - INFO - Loading large CSV: 11
2025-12-26 20:11:45,092 - dq_unified - ERROR - Error loading large CSV: [Errno 2] No such file or directory: '11'
Traceback (most recent call last):
  File "C:\Users\003160\OneDrive - wisseninfotech.com\Documents\DQ-Checks-Shashi\data_quality_framework-V2\dq_unified.py", line 102, in load_large_csv
    with open(file_path, 'r', encoding='utf-8') as f:
         ^^^^^^^^^^^^^^^^^^^^^^^^^^^^^^^^^^^^^^
FileNotFoundError: [Errno 2] No such file or directory: '11'
2025-12-26 20:11:45,095 - dq_unified - ERROR - Error loading data from csv: [Errno 2] No such file or directory: '11'
Traceback (most recent call last):
  File "C:\Users\003160\OneDrive - wisseninfotech.com\Documents\DQ-Checks-Shashi\data_quality_framework-V2\dq_unified.py", line 1143, in load_data_from_source
    df = LargeDatasetHandler.load_large_csv(source_config, max_rows=max_rows)
         ^^^^^^^^^^^^^^^^^^^^^^^^^^^^^^^^^^^^^^^^^^^^^^^^^^^^^^^^^^^^^^^^^^^^
  File "C:\Users\003160\OneDrive - wisseninfotech.com\Documents\DQ-Checks-Shashi\data_quality_framework-V2\dq_unified.py", line 102, in load_large_csv
    with open(file_path, 'r', encoding='utf-8') as f:
         ^^^^^^^^^^^^^^^^^^^^^^^^^^^^^^^^^^^^^^
FileNotFoundError: [Errno 2] No such file or directory: '11'
2025-12-26 20:11:45,096 - dq_unified - ERROR - No data loaded or dataset is empty
2025-12-26 20:11:45,096 - __main__ - INFO - Single Source Analysis completed successfully
2025-12-26 20:11:45,096 - __main__ - INFO - Displaying main menu options to user
2025-12-26 20:11:48,202 - __main__ - INFO - User selected option: 6
2025-12-26 20:11:48,203 - __main__ - INFO - User session ended. Duration: 0:20:37.012780
2025-12-26 20:11:48,203 - __main__ - INFO - 👋 Thank you for using Universal Data Quality Framework!
