2026-01-15 14:11:31,367 - root - INFO - CLI Mode Logging Initialized
2026-01-15 14:11:31,367 - root - INFO - CLI logs will be saved to: logs/dq_framework_20260115_141131.log
2026-01-15 14:11:31,369 - __main__ - INFO - 🚀 UNIVERSAL DATA QUALITY FRAMEWORK INITIALIZED
2026-01-15 14:11:31,369 - __main__ - INFO - Starting system resource check
2026-01-15 14:11:31,374 - __main__ - INFO - Total RAM: 15.7 GB
2026-01-15 14:11:31,374 - __main__ - INFO - Available RAM: 5.2 GB
2026-01-15 14:11:31,374 - __main__ - INFO - Memory used: 67.2%
2026-01-15 14:11:31,374 - __main__ - INFO - Memory status: OK
2026-01-15 14:11:31,376 - __main__ - INFO - Free disk space: 262.2 GB
2026-01-15 14:11:31,376 - __main__ - INFO - Disk used: 45.0%
2026-01-15 14:11:31,376 - __main__ - INFO - Disk space: OK
2026-01-15 14:11:31,878 - __main__ - INFO - CPU cores: 8
2026-01-15 14:11:31,878 - __main__ - INFO - CPU usage: 16.5%
2026-01-15 14:11:31,878 - __main__ - INFO - Python version: 3.12.4
2026-01-15 14:11:31,878 - __main__ - INFO - System platform: win32
2026-01-15 14:11:31,878 - __main__ - INFO - User session started at: 2026-01-15 14:11:31.878420
2026-01-15 14:11:31,878 - __main__ - INFO - Displaying main menu options to user
2026-01-15 14:11:33,128 - __main__ - INFO - User selected option: 2
2026-01-15 14:11:33,129 - __main__ - INFO - Starting Source-Target Comparison module
2026-01-15 14:11:33,132 - dq_comparison - INFO - STARTING UNIVERSAL SOURCE-TARGET COMPARISON TOOL
2026-01-15 14:11:33,133 - dq_comparison - INFO - LOADING SOURCE AND TARGET DATA
2026-01-15 14:11:33,133 - dq_comparison - INFO - 
==================================================
2026-01-15 14:11:33,133 - dq_comparison - INFO - 🔗 SOURCE DATA CONFIGURATION
2026-01-15 14:11:33,134 - dq_comparison - INFO - ==================================================
2026-01-15 14:11:35,669 - dq_comparison - INFO - DEBUG load_excel_source called for SOURCE
2026-01-15 14:11:35,670 - dq_comparison - INFO - DEBUG ui_data: None
2026-01-15 14:11:35,670 - dq_comparison - INFO - DEBUG ui_data type: <class 'NoneType'>
2026-01-15 14:11:49,518 - dq_comparison - INFO - SOURCE Excel loaded: 89,999 rows, 12 columns
2026-01-15 14:11:49,518 - dq_comparison - INFO - 
==================================================
2026-01-15 14:11:49,519 - dq_comparison - INFO - 🔗 TARGET DATA CONFIGURATION
2026-01-15 14:11:49,522 - dq_comparison - INFO - ==================================================
2026-01-15 14:11:52,740 - dq_comparison - INFO - DEBUG load_csv_source called for TARGET
2026-01-15 14:11:55,269 - dq_comparison - INFO - TARGET CSV loaded: 100,500 rows, 12 columns
2026-01-15 14:11:55,270 - dq_comparison - INFO - SELECTING COLUMNS FOR COMPARISON
2026-01-15 14:11:55,271 - dq_comparison - INFO - Source columns (original): ['id', 'customer_id', 'transaction_id', 'customer_name', 'email', 'phone', 'transaction_date', 'amount', 'quantity', 'age', 'status', 'description']
2026-01-15 14:11:55,273 - dq_comparison - INFO - Target columns (original): ['id', 'customer_id', 'transaction_id', 'customer_name', 'email', 'phone', 'transaction_date', 'amount', 'quantity', 'age', 'status', 'description']
2026-01-15 14:11:55,273 - dq_comparison - INFO - Common columns lowercased: ['amount', 'id', 'customer_id', 'email', 'description', 'transaction_date', 'quantity', 'transaction_id', 'age', 'phone', 'status', 'customer_name']
2026-01-15 14:11:55,274 - dq_comparison - INFO - Found 12 common columns between source and target (case-insensitive)
2026-01-15 14:11:55,274 - dq_comparison - INFO - 
📋 Common columns available for comparison:
2026-01-15 14:11:55,274 - dq_comparison - INFO -   1. amount (Source) ↔ amount (Target)
2026-01-15 14:11:55,275 - dq_comparison - INFO -   2. id (Source) ↔ id (Target)
2026-01-15 14:11:55,275 - dq_comparison - INFO -   3. customer_id (Source) ↔ customer_id (Target)
2026-01-15 14:11:55,275 - dq_comparison - INFO -   4. email (Source) ↔ email (Target)
2026-01-15 14:11:55,275 - dq_comparison - INFO -   5. description (Source) ↔ description (Target)
2026-01-15 14:11:55,276 - dq_comparison - INFO -   6. transaction_date (Source) ↔ transaction_date (Target)
2026-01-15 14:11:55,276 - dq_comparison - INFO -   7. quantity (Source) ↔ quantity (Target)
2026-01-15 14:11:55,277 - dq_comparison - INFO -   8. transaction_id (Source) ↔ transaction_id (Target)
2026-01-15 14:11:55,277 - dq_comparison - INFO -   9. age (Source) ↔ age (Target)
2026-01-15 14:11:55,277 - dq_comparison - INFO -   10. phone (Source) ↔ phone (Target)
2026-01-15 14:11:55,277 - dq_comparison - INFO -   11. status (Source) ↔ status (Target)
2026-01-15 14:11:55,278 - dq_comparison - INFO -   12. customer_name (Source) ↔ customer_name (Target)
2026-01-15 14:11:56,879 - dq_comparison - INFO - User column selection input: all
2026-01-15 14:11:56,880 - dq_comparison - INFO - User selected ALL common columns for comparison
2026-01-15 14:11:56,880 - dq_comparison - INFO - GENERATING COMPREHENSIVE COMPARISON REPORT
2026-01-15 14:11:56,883 - dq_comparison - INFO - Report details - Source: Excel: source_data_90k.xlsx (source_data_90k), Target: CSV: Target_data_100k.csv, Selected columns: 12
2026-01-15 14:11:56,883 - dq_comparison - INFO - Initializing Error Logger...
2026-01-15 14:11:56,883 - dq_error_log - INFO - ErrorLogger initialized with database: dq_checks
2026-01-15 14:11:56,974 - dq_error_log - INFO - Database connection successful
2026-01-15 14:11:56,974 - dq_comparison - INFO - Session ID: CMP_20260115_141156
2026-01-15 14:11:56,975 - dq_comparison - INFO - 
======================================================================
2026-01-15 14:11:56,976 - dq_comparison - INFO - 🔄 RUNNING SOURCE-TARGET COMPARISON WITH PERFECT NORMALIZATION
2026-01-15 14:11:56,977 - dq_comparison - INFO - ======================================================================
2026-01-15 14:11:56,977 - dq_comparison - INFO - Session ID: CMP_20260115_141156
2026-01-15 14:11:56,977 - dq_comparison - INFO - Source: Excel: source_data_90k.xlsx (source_data_90k)
2026-01-15 14:11:56,977 - dq_comparison - INFO - Target: CSV: Target_data_100k.csv
2026-01-15 14:11:56,978 - dq_comparison - INFO - Selected columns: 12
2026-01-15 14:11:56,978 - dq_comparison - INFO - ======================================================================
2026-01-15 14:11:56,978 - dq_comparison - INFO - 
1️⃣ FIRST: ROW COUNT CHECK
2026-01-15 14:11:56,978 - dq_comparison - WARNING - ❌ Row count mismatch: Source=89,999, Target=100,500, Difference=10,501
2026-01-15 14:11:56,978 - dq_comparison - WARNING -    Extra in target: 10,501 rows
2026-01-15 14:11:56,979 - dq_comparison - INFO - 
2️⃣ COLUMN STRUCTURE COMPARISON
2026-01-15 14:11:56,979 - dq_comparison - INFO - Comparing column structures...
2026-01-15 14:11:56,979 - dq_comparison - INFO - Column structure comparison complete. Match: True
2026-01-15 14:11:56,979 - dq_comparison - INFO - 
3️⃣ PRIMARY KEY VALIDATION
2026-01-15 14:11:56,979 - dq_comparison - INFO - Validating primary key/unique fields...
2026-01-15 14:11:56,980 - dq_comparison - INFO - Checking key fields: ['id', 'customer_id']
2026-01-15 14:11:56,986 - dq_comparison - WARNING - Field 'id' has duplicates in source: 406 rows
2026-01-15 14:11:56,986 - dq_comparison - WARNING - Field 'id' has duplicates in target: 500 rows
2026-01-15 14:11:57,012 - dq_comparison - WARNING - Field 'customer_id' has duplicates in source: 804 rows
2026-01-15 14:11:57,013 - dq_comparison - WARNING - Field 'customer_id' has duplicates in target: 1000 rows
2026-01-15 14:11:57,013 - dq_comparison - INFO - Primary key validation complete. Passed: False
2026-01-15 14:11:57,056 - dq_comparison - INFO -    Key fields found: ['id', 'customer_id']
2026-01-15 14:11:57,056 - dq_comparison - INFO -    Unique in source: ❌
2026-01-15 14:11:57,057 - dq_comparison - INFO -    Unique in target: ❌
2026-01-15 14:11:57,058 - dq_comparison - INFO -    Validation passed: ❌
2026-01-15 14:11:57,058 - dq_comparison - WARNING -    Source duplicates in 'id': 406 rows
2026-01-15 14:11:57,059 - dq_comparison - WARNING -      Sample values: [42732, 34440, 58427]
2026-01-15 14:11:57,059 - dq_comparison - WARNING -    Source duplicates in 'customer_id': 804 rows
2026-01-15 14:11:57,059 - dq_comparison - WARNING -      Sample values: ['CUST029319', 'CUST042732', 'CUST034440']
2026-01-15 14:11:57,060 - dq_comparison - WARNING -    Target duplicates in 'id': 500 rows
2026-01-15 14:11:57,060 - dq_comparison - WARNING -      Sample values: [42732, 34440, 58427]
2026-01-15 14:11:57,060 - dq_comparison - WARNING -    Target duplicates in 'customer_id': 1000 rows
2026-01-15 14:11:57,060 - dq_comparison - WARNING -      Sample values: ['CUST029319', 'CUST042732', 'CUST034440']
2026-01-15 14:11:57,060 - dq_comparison - INFO -    Column names match: ✅
2026-01-15 14:11:57,061 - dq_comparison - INFO -    Column order match: ✅
2026-01-15 14:11:57,061 - dq_comparison - INFO -    Data types match: ✅
2026-01-15 14:11:57,061 - dq_comparison - INFO - 
4️⃣ TABLE METADATA COMPARISON
2026-01-15 14:11:57,061 - dq_comparison - INFO - Comparing table-level metadata...
2026-01-15 14:11:57,870 - dq_comparison - INFO - Table metadata comparison complete. Match: False
2026-01-15 14:11:57,882 - dq_comparison - INFO -    Table metadata match: ❌
2026-01-15 14:11:57,883 - dq_comparison - INFO -    Source: 89,999 rows, 12 cols, 44.51 MB
2026-01-15 14:11:57,884 - dq_comparison - INFO -    Target: 100,500 rows, 12 cols, 50.71 MB
2026-01-15 14:11:57,886 - dq_comparison - WARNING -    Found 1 metadata differences:
2026-01-15 14:11:57,886 - dq_comparison - WARNING -      • Row Count: Source=89999, Target=100500
2026-01-15 14:11:57,886 - dq_comparison - INFO - 
5️⃣ HASH-BASED COMPARISON
2026-01-15 14:11:57,887 - dq_comparison - INFO - ℹ️  Note: All NULL values normalized to 'NULL'
2026-01-15 14:11:57,887 - dq_comparison - INFO - ℹ️  Note: Dates normalized to YYYY-MM-DD
2026-01-15 14:11:57,887 - dq_comparison - INFO - ℹ️  Note: Strings trimmed and case-normalized
2026-01-15 14:11:57,888 - dq_comparison - INFO - ℹ️  Note: Phone numbers stripped to digits only, leading zeros removed
2026-01-15 14:11:57,888 - dq_comparison - INFO - SECOND CHECK: HASH-BASED COMPARISON WITH PERFECT NORMALIZATION
2026-01-15 14:11:57,893 - dq_comparison - INFO - === DEBUG: DATA TYPE CHECK ===
2026-01-15 14:11:57,893 - dq_comparison - INFO - Column: amount
2026-01-15 14:11:57,894 - dq_comparison - INFO -   Source type: <class 'numpy.float64'>, value: 8653.56
2026-01-15 14:11:57,894 - dq_comparison - INFO -   Target type: <class 'numpy.float64'>, value: 8653.56
2026-01-15 14:11:57,895 - dq_comparison - INFO -   Normalized: '8653.56' vs '8653.56'
2026-01-15 14:11:57,895 - dq_comparison - INFO -   Match: True
2026-01-15 14:11:57,895 - dq_comparison - INFO - Column: id
2026-01-15 14:11:57,895 - dq_comparison - INFO -   Source type: <class 'numpy.int64'>, value: 78303
2026-01-15 14:11:57,895 - dq_comparison - INFO -   Target type: <class 'numpy.int64'>, value: 78303
2026-01-15 14:11:57,896 - dq_comparison - INFO -   Normalized: '78303' vs '78303'
2026-01-15 14:11:57,896 - dq_comparison - INFO -   Match: True
2026-01-15 14:11:57,896 - dq_comparison - INFO - Column: customer_id
2026-01-15 14:11:57,897 - dq_comparison - INFO -   Source type: <class 'str'>, value: CUST078303
2026-01-15 14:11:57,897 - dq_comparison - INFO -   Target type: <class 'str'>, value: CUST078303
2026-01-15 14:11:57,897 - dq_comparison - INFO -   Normalized: 'CUST078303' vs 'CUST078303'
2026-01-15 14:11:57,898 - dq_comparison - INFO -   Match: True
2026-01-15 14:11:57,899 - dq_comparison - INFO - Source DF columns: ['id', 'customer_id', 'transaction_id', 'customer_name', 'email', 'phone', 'transaction_date', 'amount', 'quantity', 'age', 'status', 'description']
2026-01-15 14:11:57,900 - dq_comparison - INFO - Target DF columns: ['id', 'customer_id', 'transaction_id', 'customer_name', 'email', 'phone', 'transaction_date', 'amount', 'quantity', 'age', 'status', 'description']
2026-01-15 14:11:57,900 - dq_comparison - INFO - Selected columns for comparison: ['amount', 'id', 'customer_id', 'email', 'description', 'transaction_date', 'quantity', 'transaction_id', 'age', 'phone', 'status', 'customer_name']
2026-01-15 14:11:57,900 - dq_comparison - INFO - Using 12 common columns for hash comparison
2026-01-15 14:11:57,900 - dq_comparison - INFO - Source columns: ['amount', 'id', 'customer_id', 'email', 'description', 'transaction_date', 'quantity', 'transaction_id', 'age', 'phone', 'status', 'customer_name']
2026-01-15 14:11:57,901 - dq_comparison - INFO - Target columns: ['amount', 'id', 'customer_id', 'email', 'description', 'transaction_date', 'quantity', 'transaction_id', 'age', 'phone', 'status', 'customer_name']
2026-01-15 14:11:57,901 - dq_comparison - INFO - Generating hashes for source data (89999 rows)...
2026-01-15 14:12:10,700 - dq_comparison - INFO - === DEBUG: SAMPLE HASHES ===
2026-01-15 14:12:10,703 - dq_comparison - INFO - Hash 1: cdf0e71992c7247e... (sample row 0)
2026-01-15 14:12:10,704 - dq_comparison - INFO - Hash 2: 4bea1e5957c9035d... (sample row 1)
2026-01-15 14:12:10,704 - dq_comparison - INFO - Hash 3: 0208564369079dd6... (sample row 2)
2026-01-15 14:12:10,707 - dq_comparison - INFO - Generating hashes for target data (100500 rows)...
2026-01-15 14:12:28,438 - dq_comparison - INFO - 
======================================================================
2026-01-15 14:12:28,438 - dq_comparison - INFO - 🔍 DEBUG: ANALYZING WHY HASHES DON'T MATCH
2026-01-15 14:12:28,439 - dq_comparison - INFO - ======================================================================
2026-01-15 14:12:28,441 - dq_comparison - INFO - 
--- Analyzing Row 0 ---
2026-01-15 14:12:28,441 - dq_comparison - INFO - Column 'amount' → 'amount':
2026-01-15 14:12:28,441 - dq_comparison - INFO -   Source: '8653.56' (type: float64) → '8653.56'
2026-01-15 14:12:28,442 - dq_comparison - INFO -   Target: '8653.56' (type: float64) → '8653.56'
2026-01-15 14:12:28,442 - dq_comparison - INFO -   Match after normalization: ✅ YES
2026-01-15 14:12:28,442 - dq_comparison - INFO - Column 'id' → 'id':
2026-01-15 14:12:28,443 - dq_comparison - INFO -   Source: '78303' (type: int64) → '78303'
2026-01-15 14:12:28,443 - dq_comparison - INFO -   Target: '78303' (type: int64) → '78303'
2026-01-15 14:12:28,444 - dq_comparison - INFO -   Match after normalization: ✅ YES
2026-01-15 14:12:28,444 - dq_comparison - INFO - Column 'customer_id' → 'customer_id':
2026-01-15 14:12:28,444 - dq_comparison - INFO -   Source: 'CUST078303' (type: str) → 'CUST078303'
2026-01-15 14:12:28,445 - dq_comparison - INFO -   Target: 'CUST078303' (type: str) → 'CUST078303'
2026-01-15 14:12:28,445 - dq_comparison - INFO -   Match after normalization: ✅ YES
2026-01-15 14:12:28,445 - dq_comparison - INFO - Column 'email' → 'email':
2026-01-15 14:12:28,445 - dq_comparison - INFO -   Source: 'david.jones@company.com' (type: str) → 'david.jones@company.com'
2026-01-15 14:12:28,446 - dq_comparison - INFO -   Target: 'david.jones@company.com' (type: str) → 'david.jones@company.com'
2026-01-15 14:12:28,446 - dq_comparison - INFO -   Match after normalization: ✅ YES
2026-01-15 14:12:28,446 - dq_comparison - INFO - Column 'description' → 'description':
2026-01-15 14:12:28,446 - dq_comparison - INFO -   Source: 'Text with& ampersands' (type: str) → 'text with& ampersands'
2026-01-15 14:12:28,446 - dq_comparison - INFO -   Target: 'Text with& ampersands' (type: str) → 'text with& ampersands'
2026-01-15 14:12:28,447 - dq_comparison - INFO -   Match after normalization: ✅ YES
2026-01-15 14:12:28,447 - dq_comparison - INFO - 
Hash components for Row 0:
2026-01-15 14:12:28,447 - dq_comparison - INFO - Source hash string start: 8653.56|78303|CUST078303...
2026-01-15 14:12:28,447 - dq_comparison - INFO - Target hash string start: 8653.56|78303|CUST078303...
2026-01-15 14:12:28,448 - dq_comparison - INFO - Same? ✅ YES
2026-01-15 14:12:28,448 - dq_comparison - INFO - 
--- Analyzing Row 1 ---
2026-01-15 14:12:28,448 - dq_comparison - INFO - Column 'amount' → 'amount':
2026-01-15 14:12:28,448 - dq_comparison - INFO -   Source: '1948.44' (type: float64) → '1948.44'
2026-01-15 14:12:28,449 - dq_comparison - INFO -   Target: '1948.44' (type: float64) → '1948.44'
2026-01-15 14:12:28,452 - dq_comparison - INFO -   Match after normalization: ✅ YES
2026-01-15 14:12:28,452 - dq_comparison - INFO - Column 'id' → 'id':
2026-01-15 14:12:28,453 - dq_comparison - INFO -   Source: '66465' (type: int64) → '66465'
2026-01-15 14:12:28,453 - dq_comparison - INFO -   Target: '66465' (type: int64) → '66465'
2026-01-15 14:12:28,453 - dq_comparison - INFO -   Match after normalization: ✅ YES
2026-01-15 14:12:28,453 - dq_comparison - INFO - Column 'customer_id' → 'customer_id':
2026-01-15 14:12:28,453 - dq_comparison - INFO -   Source: 'CUST066465' (type: str) → 'CUST066465'
2026-01-15 14:12:28,454 - dq_comparison - INFO -   Target: 'CUST066465' (type: str) → 'CUST066465'
2026-01-15 14:12:28,454 - dq_comparison - INFO -   Match after normalization: ✅ YES
2026-01-15 14:12:28,454 - dq_comparison - INFO - Column 'email' → 'email':
2026-01-15 14:12:28,454 - dq_comparison - INFO -   Source: 'jennifer.williams@gmail.com' (type: str) → 'jennifer.williams@gmail.com'
2026-01-15 14:12:28,454 - dq_comparison - INFO -   Target: 'jennifer.williams@gmail.com' (type: str) → 'jennifer.williams@gmail.com'
2026-01-15 14:12:28,455 - dq_comparison - INFO -   Match after normalization: ✅ YES
2026-01-15 14:12:28,455 - dq_comparison - INFO - Column 'description' → 'description':
2026-01-15 14:12:28,455 - dq_comparison - INFO -   Source: 'Text with. periods' (type: str) → 'text with. periods'
2026-01-15 14:12:28,455 - dq_comparison - INFO -   Target: 'Text with. periods' (type: str) → 'text with. periods'
2026-01-15 14:12:28,455 - dq_comparison - INFO -   Match after normalization: ✅ YES
2026-01-15 14:12:28,456 - dq_comparison - INFO - 
Hash components for Row 1:
2026-01-15 14:12:28,456 - dq_comparison - INFO - Source hash string start: 1948.44|66465|CUST066465...
2026-01-15 14:12:28,456 - dq_comparison - INFO - Target hash string start: 1948.44|66465|CUST066465...
2026-01-15 14:12:28,456 - dq_comparison - INFO - Same? ✅ YES
2026-01-15 14:12:28,457 - dq_comparison - INFO - 
--- Analyzing Row 2 ---
2026-01-15 14:12:28,457 - dq_comparison - INFO - Column 'amount' → 'amount':
2026-01-15 14:12:28,457 - dq_comparison - INFO -   Source: '237.49' (type: float64) → '237.49'
2026-01-15 14:12:28,457 - dq_comparison - INFO -   Target: '237.49' (type: float64) → '237.49'
2026-01-15 14:12:28,458 - dq_comparison - INFO -   Match after normalization: ✅ YES
2026-01-15 14:12:28,458 - dq_comparison - INFO - Column 'id' → 'id':
2026-01-15 14:12:28,458 - dq_comparison - INFO -   Source: '93228' (type: int64) → '93228'
2026-01-15 14:12:28,458 - dq_comparison - INFO -   Target: '93228' (type: int64) → '93228'
2026-01-15 14:12:28,459 - dq_comparison - INFO -   Match after normalization: ✅ YES
2026-01-15 14:12:28,459 - dq_comparison - INFO - Column 'customer_id' → 'customer_id':
2026-01-15 14:12:28,460 - dq_comparison - INFO -   Source: 'CUST093228' (type: str) → 'CUST093228'
2026-01-15 14:12:28,460 - dq_comparison - INFO -   Target: 'CUST093228' (type: str) → 'CUST093228'
2026-01-15 14:12:28,460 - dq_comparison - INFO -   Match after normalization: ✅ YES
2026-01-15 14:12:28,461 - dq_comparison - INFO - Column 'email' → 'email':
2026-01-15 14:12:28,461 - dq_comparison - INFO -   Source: 'james.davis@hotmail.com' (type: str) → 'james.davis@hotmail.com'
2026-01-15 14:12:28,461 - dq_comparison - INFO -   Target: 'james.davis@hotmail.com' (type: str) → 'james.davis@hotmail.com'
2026-01-15 14:12:28,461 - dq_comparison - INFO -   Match after normalization: ✅ YES
2026-01-15 14:12:28,462 - dq_comparison - INFO - Column 'description' → 'description':
2026-01-15 14:12:28,462 - dq_comparison - INFO -   Source: 'Text with{braces}' (type: str) → 'text with{braces}'
2026-01-15 14:12:28,462 - dq_comparison - INFO -   Target: 'Text with{braces}' (type: str) → 'text with{braces}'
2026-01-15 14:12:28,462 - dq_comparison - INFO -   Match after normalization: ✅ YES
2026-01-15 14:12:28,463 - dq_comparison - INFO - 
Hash components for Row 2:
2026-01-15 14:12:28,463 - dq_comparison - INFO - Source hash string start: 237.49|93228|CUST093228...
2026-01-15 14:12:28,463 - dq_comparison - INFO - Target hash string start: 237.49|93228|CUST093228...
2026-01-15 14:12:28,463 - dq_comparison - INFO - Same? ✅ YES
2026-01-15 14:12:28,464 - dq_comparison - INFO - 
--- Column Data Types Analysis ---
2026-01-15 14:12:28,467 - dq_comparison - INFO - Column 1: 'amount' (float64) ↔ 'amount' (float64)
2026-01-15 14:12:28,467 - dq_comparison - INFO -   Sample: Source='8653.56', Target='8653.56'
2026-01-15 14:12:28,468 - dq_comparison - INFO - Column 2: 'id' (int64) ↔ 'id' (int64)
2026-01-15 14:12:28,468 - dq_comparison - INFO -   Sample: Source='78303', Target='78303'
2026-01-15 14:12:28,468 - dq_comparison - INFO - Column 3: 'customer_id' (object) ↔ 'customer_id' (object)
2026-01-15 14:12:28,468 - dq_comparison - INFO -   Sample: Source='CUST078303', Target='CUST078303'
2026-01-15 14:12:28,469 - dq_comparison - INFO - Column 4: 'email' (object) ↔ 'email' (object)
2026-01-15 14:12:28,469 - dq_comparison - INFO -   Sample: Source='david.jones@company.com', Target='david.jones@company.com'
2026-01-15 14:12:28,469 - dq_comparison - INFO - Column 5: 'description' (object) ↔ 'description' (object)
2026-01-15 14:12:28,469 - dq_comparison - INFO -   Sample: Source='Text with& ampersands', Target='Text with& ampersands'
2026-01-15 14:12:28,470 - dq_comparison - INFO - PERFORMING DETAILED ROW-LEVEL COMPARISON WITH PAGINATION...
2026-01-15 14:18:52,332 - dq_comparison - INFO - 
================================================================================
2026-01-15 14:23:31,687 - dq_comparison - INFO - DETAILED MISMATCH SUMMARY:
2026-01-15 14:23:31,690 - dq_comparison - INFO -   Total mismatches found: 23502
2026-01-15 14:23:31,690 - dq_comparison - INFO -   Detailed comparisons logged: 1000
2026-01-15 14:23:31,691 - dq_comparison - INFO -   First 10 rows displayed above
2026-01-15 14:23:31,691 - dq_comparison - INFO -   All mismatches stored in database with complete data
2026-01-15 14:23:31,691 - dq_comparison - INFO -   Use API to retrieve all 23502 mismatches
2026-01-15 14:23:31,691 - dq_comparison - INFO - ================================================================================
2026-01-15 14:23:31,749 - dq_comparison - INFO - Hash-based Comparison Results (with duplicate handling):
2026-01-15 14:23:31,749 - dq_comparison - INFO -   • Unique source hashes: 89796
2026-01-15 14:23:31,750 - dq_comparison - INFO -   • Unique target hashes: 100250
2026-01-15 14:23:31,750 - dq_comparison - INFO -   • Common hashes: 76784
2026-01-15 14:23:31,750 - dq_comparison - INFO -   • Common rows (counting duplicates): 76,958
2026-01-15 14:23:31,751 - dq_comparison - INFO -   • Rows only in source (counting duplicates): 13,041
2026-01-15 14:23:31,751 - dq_comparison - INFO -   • Rows only in target (counting duplicates): 23,542
2026-01-15 14:23:31,800 - dq_comparison - INFO - HASH-ONLY COMPARISON COMPLETED
2026-01-15 14:23:31,801 - dq_comparison - INFO - Returning counts for simple scoring:
2026-01-15 14:23:31,801 - dq_comparison - INFO -   Common rows: 76,958
2026-01-15 14:23:31,801 - dq_comparison - INFO -   Unique to source: 13,041
2026-01-15 14:23:31,801 - dq_comparison - INFO -   Unique to target: 23,542
2026-01-15 14:23:31,802 - dq_comparison - INFO -   Value mismatches: 438996
2026-01-15 14:23:31,802 - dq_comparison - INFO -   Missing rows: 13,041
2026-01-15 14:23:31,802 - dq_comparison - INFO -   Extra rows: 23,542
2026-01-15 14:23:31,810 - dq_comparison - INFO - 
========================================================================================================================
COMPARISON: Excel (source_data_90k.xlsx (source_data_90k)) vs CSV (Target_data_100k.csv)
========================================================================================================================
Row   | Diff Count | Source (Sample)                          | Target (Sample)                         
------------------------------------------------------------------------------------------------------------------------
2     | 1          | amount: 8653.56                          | amount: 8653.56                         
5     | 1          | amount: 117.22                           | amount: 117.22                          
7     | 1          | amount: 1410.81                          | amount: 1410.81                         
10    | 1          | amount: 6676.41                          | amount: 6676.41                         
11    | 1          | amount: 7794.41                          | amount: 7794.41                         
18    | 1          | amount: 4080.4                           | amount: 4080.4                          
19    | 1          | amount: 4966.41                          | amount: 4966.41                         
22    | 1          | amount: 5644.73                          | amount: 5644.73                         
39    | 2          | amount: 2553.44                          | amount: 2553.44                         
44    | 1          | amount: 6092.11                          | amount: 6092.11                         
------------------------------------------------------------------------------------------------------------------------
Showing 1-10 of 1000 mismatched rows. Use API for complete data.
========================================================================================================================
2026-01-15 14:23:31,811 - dq_comparison - INFO - Returning enhanced mismatch structure with 1000 detailed mismatches
2026-01-15 14:23:31,855 - dq_comparison - INFO - New structure: 100 detailed mismatches
2026-01-15 14:23:31,855 - dq_comparison - INFO - 
6️⃣ DATA QUALITY ANALYSIS
2026-01-15 14:23:31,857 - dq_comparison - INFO - Analyzing data quality metrics...
2026-01-15 14:23:46,594 - dq_comparison - INFO - Null values - Source: 7439 (0.69%), Target: 8315 (0.69%)
2026-01-15 14:23:46,858 - dq_comparison - INFO - Duplicate rows (normalized) - Source: 203, Target: 250
2026-01-15 14:23:46,981 - dq_comparison - INFO - Source duplicate samples: ['Row 169', 'Row 383', 'Row 639']
2026-01-15 14:23:47,117 - dq_comparison - INFO - Target duplicate samples: ['Row 169', 'Row 383', 'Row 639']
2026-01-15 14:23:47,511 - dq_error_log - INFO - Retrieved 100 error logs for session CMP_20260115_141156
2026-01-15 14:23:47,513 - dq_comparison - INFO - 
📊 SIMPLE SCORING CALCULATION:
2026-01-15 14:23:47,513 - dq_comparison - INFO -   Source rows: 89999
2026-01-15 14:23:47,514 - dq_comparison - INFO -   Common rows (matched): 76958
2026-01-15 14:23:47,514 - dq_comparison - INFO -   Calculation: (76958 / 89999) * 100 = 85.51%
2026-01-15 14:23:47,514 - dq_comparison - INFO -   Explanation: 76958 matched rows out of 89999 total source rows
2026-01-15 14:23:47,514 - dq_comparison - INFO - 
=== AUDIT LOGGING SECTION ===
2026-01-15 14:23:47,517 - dq_comparison - INFO - 🔍 Audit logging is ENABLED in APP_SETTINGS
2026-01-15 14:23:47,517 - dq_audit - INFO - Audit class initialized with database: dq_checks
2026-01-15 14:23:47,518 - dq_comparison - INFO - Attempting to log audit record for session: CMP_20260115_141156
2026-01-15 14:23:47,518 - dq_audit - INFO - Starting database insertion for comparison...
2026-01-15 14:23:47,538 - dq_audit - INFO - Inserted comparison record with ID: 696
2026-01-15 14:23:47,539 - dq_comparison - INFO - ✅ Audit record logged successfully (ID: 696)
2026-01-15 14:23:47,540 - dq_comparison - INFO - 
======================================================================
2026-01-15 14:23:47,541 - dq_comparison - INFO - 📊 COMPARISON RESULTS SUMMARY
2026-01-15 14:23:47,541 - dq_comparison - INFO - ======================================================================
2026-01-15 14:23:47,542 - dq_comparison - INFO - Session ID: CMP_20260115_141156
2026-01-15 14:23:47,543 - dq_comparison - INFO - Source: Excel: source_data_90k.xlsx (source_data_90k) (89,999 rows)
2026-01-15 14:23:47,544 - dq_comparison - INFO - Target: CSV: Target_data_100k.csv (100,500 rows)
2026-01-15 14:23:47,544 - dq_comparison - INFO - Selected columns: 12
2026-01-15 14:23:47,545 - dq_comparison - INFO - ----------------------------------------------------------------------
2026-01-15 14:23:47,545 - dq_comparison - INFO - 1️⃣ Row count match: ❌ No
2026-01-15 14:23:47,546 - dq_comparison - INFO -    Missing in target: 0 rows
2026-01-15 14:23:47,548 - dq_comparison - INFO -    Extra in target: 10,501 rows
2026-01-15 14:23:47,553 - dq_comparison - INFO - 2️⃣ Column structure match: ✅ Yes
2026-01-15 14:23:47,553 - dq_comparison - INFO - 3️ Primary key validation: ❌ Failed
2026-01-15 14:23:47,554 - dq_comparison - INFO -    Key fields: ['id', 'customer_id']
2026-01-15 14:23:47,554 - dq_comparison - INFO - 4️ Table metadata: ❌ Mismatch
2026-01-15 14:23:47,555 - dq_comparison - INFO -    • Row Count: 89999 vs 100500
2026-01-15 14:23:47,556 - dq_comparison - INFO - 5️⃣ Common rows (both Excel (source_data_90k.xlsx (source_data_90k)) and CSV (Target_data_100k.csv)): 76,958 (85.51% of Excel (source_data_90k.xlsx (source_data_90k)))
2026-01-15 14:23:47,556 - dq_comparison - INFO - 6️⃣ Excel (source_data_90k.xlsx (source_data_90k))-only rows: 13,041 (present ONLY in Excel (source_data_90k.xlsx (source_data_90k)), NOT in CSV (Target_data_100k.csv))
2026-01-15 14:23:47,557 - dq_comparison - INFO - 7️⃣ CSV (Target_data_100k.csv)-only rows: 23,542 (present ONLY in CSV (Target_data_100k.csv), NOT in Excel (source_data_90k.xlsx (source_data_90k)))
2026-01-15 14:23:47,557 - dq_comparison - INFO - 8️⃣ Column value mismatches: 0
2026-01-15 14:23:47,558 - dq_comparison - INFO - 9️ Data quality match: ❌ No
2026-01-15 14:23:47,558 - dq_comparison - INFO - 📈 DQ Score: 85.51%
2026-01-15 14:23:47,559 - dq_comparison - INFO - 📊 Calculation: (76,958 / 89,999) * 100 = 85.51%
2026-01-15 14:23:47,560 - dq_comparison - INFO - ======================================================================
2026-01-15 14:23:47,560 - dq_comparison - INFO - 
⚠️  GOOD MATCH! Some differences found.
2026-01-15 14:23:47,561 - dq_comparison - INFO - 
🔍 NORMALIZATION APPLIED:
2026-01-15 14:23:47,561 - dq_comparison - INFO -    • NULL values → 'NULL' (consistent representation)
2026-01-15 14:23:47,562 - dq_comparison - INFO -    • Dates → YYYY-MM-DD format
2026-01-15 14:23:47,562 - dq_comparison - INFO -    • Strings → trimmed + lowercase
2026-01-15 14:23:47,564 - dq_comparison - INFO -    • Numeric values → standardized format
2026-01-15 14:23:47,568 - dq_comparison - INFO -    • Phone numbers → digits only, ALL leading zeros removed
2026-01-15 14:23:47,568 - dq_comparison - INFO -    • Extra whitespace removed
2026-01-15 14:23:47,569 - dq_comparison - INFO - 
🔍 DETAILED ERROR ANALYSIS:
2026-01-15 14:23:47,569 - dq_comparison - INFO - --------------------------------------------------
2026-01-15 14:23:47,570 - dq_comparison - INFO - 📊 SOURCE-ONLY ROWS: 13,041 rows
2026-01-15 14:23:47,571 - dq_comparison - INFO -    Present only in Excel (source_data_90k.xlsx (source_data_90k)), missing from CSV (Target_data_100k.csv)
2026-01-15 14:23:47,571 - dq_comparison - INFO - 📊 TARGET-ONLY ROWS: 23,542 rows
2026-01-15 14:23:47,572 - dq_comparison - INFO -    Present only in CSV (Target_data_100k.csv), extra (not in Excel (source_data_90k.xlsx (source_data_90k)))
2026-01-15 14:23:47,764 - dq_error_log - INFO - Retrieved 10 errors for session CMP_20260115_141156
2026-01-15 14:23:47,765 - dq_comparison - INFO - 
📋 SAMPLE ERRORS (10 found):
2026-01-15 14:23:47,766 - dq_comparison - INFO - 
1. Row 0 - Duplicate Count Mismatch
2026-01-15 14:23:47,770 - dq_comparison - INFO -    Column: 
2026-01-15 14:23:47,772 - dq_comparison - INFO -    Duplicate count mismatch (normalized). Source=203, Target=250
2026-01-15 14:23:47,774 - dq_comparison - INFO - 
2. Row 0 - Metadata Row Count
2026-01-15 14:23:47,775 - dq_comparison - INFO -    Column: 
2026-01-15 14:23:47,775 - dq_comparison - INFO -    Metadata mismatch: Row Count
2026-01-15 14:23:47,776 - dq_comparison - INFO - 
3. Row 0 - Duplicate Primary Key
2026-01-15 14:23:47,777 - dq_comparison - INFO -    Column: customer_id
2026-01-15 14:23:47,778 - dq_comparison - INFO -    Primary key field 'customer_id' has 804 duplicates in source
2026-01-15 14:23:47,778 - dq_comparison - INFO - 
💡 For complete error details, run:
2026-01-15 14:23:47,779 - dq_comparison - INFO -    USE dq_checks;
2026-01-15 14:23:47,779 - dq_comparison - INFO -    SELECT excel_row, column_name, error_type, error_description,
2026-01-15 14:23:47,781 - dq_comparison - INFO -           actual_value, expected_value
2026-01-15 14:23:47,782 - dq_comparison - INFO -    FROM dq_error_logs
2026-01-15 14:23:47,783 - dq_comparison - INFO -    WHERE session_id = 'CMP_20260115_141156'
2026-01-15 14:23:47,783 - dq_comparison - INFO -    ORDER BY excel_row, column_name;
2026-01-15 14:23:47,807 - dq_comparison - INFO - 
✅ Comparison completed! Session ID: CMP_20260115_141156
2026-01-15 14:23:48,154 - dq_error_log - INFO - Retrieved 100 error logs for session CMP_20260115_141156
2026-01-15 14:23:48,494 - dq_error_log - INFO - Retrieved summary: 23509 total errors for session CMP_20260115_141156
2026-01-15 14:23:48,495 - dq_audit - INFO - Audit class initialized with database: dq_checks
2026-01-15 14:23:48,515 - dq_audit - INFO - Retrieved 1 audit logs for session CMP_20260115_141156
2026-01-15 14:23:48,515 - dq_comparison - INFO - 
🔍 Final results verification:
2026-01-15 14:23:48,516 - dq_comparison - INFO -    Session ID: CMP_20260115_141156
2026-01-15 14:23:48,519 - dq_comparison - INFO -    DQ Score (Simple %): 85.51%
2026-01-15 14:23:48,520 - dq_comparison - INFO -    Source rows: 89999
2026-01-15 14:23:48,521 - dq_comparison - INFO -    Matched rows: 76958
2026-01-15 14:23:48,521 - dq_comparison - INFO -    Calculation: (76958 / 89999) * 100
2026-01-15 14:23:48,539 - __main__ - INFO - Source-Target Comparison completed successfully
2026-01-15 14:23:48,539 - __main__ - INFO - Displaying main menu options to user
2026-01-15 14:23:48,572 - __main__ - INFO - User selected option: 
2026-01-15 14:23:48,573 - __main__ - WARNING - Invalid user input received: 
2026-01-15 14:23:48,574 - __main__ - INFO - Displaying main menu options to user
2026-01-15 14:23:48,615 - __main__ - INFO - User selected option: 
2026-01-15 14:23:48,615 - __main__ - WARNING - Invalid user input received: 
2026-01-15 14:23:48,616 - __main__ - INFO - Displaying main menu options to user
2026-01-15 14:23:48,651 - __main__ - INFO - User selected option: 
2026-01-15 14:23:48,651 - __main__ - WARNING - Invalid user input received: 
2026-01-15 14:23:48,657 - __main__ - INFO - Displaying main menu options to user
2026-01-15 14:23:48,685 - __main__ - INFO - User selected option: 
2026-01-15 14:23:48,687 - __main__ - WARNING - Invalid user input received: 
2026-01-15 14:23:48,688 - __main__ - INFO - Displaying main menu options to user
2026-01-15 14:23:48,712 - __main__ - INFO - User selected option: 
2026-01-15 14:23:48,713 - __main__ - WARNING - Invalid user input received: 
2026-01-15 14:23:48,715 - __main__ - INFO - Displaying main menu options to user
2026-01-15 14:23:48,744 - __main__ - INFO - User selected option: 
2026-01-15 14:23:48,744 - __main__ - WARNING - Invalid user input received: 
2026-01-15 14:23:48,745 - __main__ - INFO - Displaying main menu options to user
2026-01-15 14:23:48,772 - __main__ - INFO - User selected option: 
2026-01-15 14:23:48,773 - __main__ - WARNING - Invalid user input received: 
2026-01-15 14:23:48,773 - __main__ - INFO - Displaying main menu options to user
2026-01-15 14:23:48,801 - __main__ - INFO - User selected option: 
2026-01-15 14:23:48,802 - __main__ - WARNING - Invalid user input received: 
2026-01-15 14:23:48,803 - __main__ - INFO - Displaying main menu options to user
2026-01-15 14:23:48,831 - __main__ - INFO - User selected option: 
2026-01-15 14:23:48,831 - __main__ - WARNING - Invalid user input received: 
2026-01-15 14:23:48,832 - __main__ - INFO - Displaying main menu options to user
2026-01-15 14:23:48,860 - __main__ - INFO - User selected option: 
2026-01-15 14:23:48,861 - __main__ - WARNING - Invalid user input received: 
2026-01-15 14:23:48,863 - __main__ - INFO - Displaying main menu options to user
2026-01-15 14:23:48,890 - __main__ - INFO - User selected option: 
2026-01-15 14:23:48,890 - __main__ - WARNING - Invalid user input received: 
2026-01-15 14:23:48,892 - __main__ - INFO - Displaying main menu options to user
2026-01-15 14:23:48,925 - __main__ - INFO - User selected option: 
2026-01-15 14:23:48,926 - __main__ - WARNING - Invalid user input received: 
2026-01-15 14:23:48,927 - __main__ - INFO - Displaying main menu options to user
2026-01-15 14:23:48,957 - __main__ - INFO - User selected option: 
2026-01-15 14:23:48,958 - __main__ - WARNING - Invalid user input received: 
2026-01-15 14:23:48,958 - __main__ - INFO - Displaying main menu options to user
2026-01-15 14:23:48,988 - __main__ - INFO - User selected option: 
2026-01-15 14:23:48,988 - __main__ - WARNING - Invalid user input received: 
2026-01-15 14:23:48,990 - __main__ - INFO - Displaying main menu options to user
2026-01-15 14:23:49,016 - __main__ - INFO - User selected option: 
2026-01-15 14:23:49,016 - __main__ - WARNING - Invalid user input received: 
2026-01-15 14:23:49,017 - __main__ - INFO - Displaying main menu options to user
2026-01-15 14:23:49,035 - __main__ - INFO - User selected option: 
2026-01-15 14:23:49,035 - __main__ - WARNING - Invalid user input received: 
2026-01-15 14:23:49,036 - __main__ - INFO - Displaying main menu options to user
2026-01-15 14:23:49,060 - __main__ - INFO - User selected option: 
2026-01-15 14:23:49,060 - __main__ - WARNING - Invalid user input received: 
2026-01-15 14:23:49,061 - __main__ - INFO - Displaying main menu options to user
2026-01-15 14:23:49,088 - __main__ - INFO - User selected option: 
2026-01-15 14:23:49,089 - __main__ - WARNING - Invalid user input received: 
2026-01-15 14:23:49,090 - __main__ - INFO - Displaying main menu options to user
2026-01-15 14:23:49,111 - __main__ - INFO - User selected option: 
2026-01-15 14:23:49,111 - __main__ - WARNING - Invalid user input received: 
2026-01-15 14:23:49,113 - __main__ - INFO - Displaying main menu options to user
2026-01-15 14:23:49,140 - __main__ - INFO - User selected option: 
2026-01-15 14:23:49,141 - __main__ - WARNING - Invalid user input received: 
2026-01-15 14:23:49,142 - __main__ - INFO - Displaying main menu options to user
2026-01-15 14:23:49,167 - __main__ - INFO - User selected option: 
2026-01-15 14:23:49,168 - __main__ - WARNING - Invalid user input received: 
2026-01-15 14:23:49,170 - __main__ - INFO - Displaying main menu options to user
2026-01-15 14:23:49,200 - __main__ - INFO - User selected option: 
2026-01-15 14:23:49,201 - __main__ - WARNING - Invalid user input received: 
2026-01-15 14:23:49,202 - __main__ - INFO - Displaying main menu options to user
2026-01-15 14:23:49,229 - __main__ - INFO - User selected option: 
2026-01-15 14:23:49,230 - __main__ - WARNING - Invalid user input received: 
2026-01-15 14:23:49,231 - __main__ - INFO - Displaying main menu options to user
2026-01-15 14:23:49,254 - __main__ - INFO - User selected option: 
2026-01-15 14:23:49,255 - __main__ - WARNING - Invalid user input received: 
2026-01-15 14:23:49,259 - __main__ - INFO - Displaying main menu options to user
2026-01-15 14:23:49,284 - __main__ - INFO - User selected option: 
2026-01-15 14:23:49,284 - __main__ - WARNING - Invalid user input received: 
2026-01-15 14:23:49,289 - __main__ - INFO - Displaying main menu options to user
2026-01-15 14:23:49,312 - __main__ - INFO - User selected option: 
2026-01-15 14:23:49,313 - __main__ - WARNING - Invalid user input received: 
2026-01-15 14:23:49,314 - __main__ - INFO - Displaying main menu options to user
2026-01-15 14:23:51,574 - __main__ - INFO - User selected option: 6
2026-01-15 14:23:51,575 - __main__ - INFO - User session ended. Duration: 0:12:19.696992
2026-01-15 14:23:51,575 - __main__ - INFO - 👋 Thank you for using Universal Data Quality Framework!
