2025-12-27 13:13:13,332 - root - INFO - CLI Mode Logging Initialized
2025-12-27 13:13:13,333 - root - INFO - CLI logs will be saved to: logs/dq_framework_20251227_131313.log
2025-12-27 13:13:13,333 - __main__ - INFO - 🚀 UNIVERSAL DATA QUALITY FRAMEWORK INITIALIZED
2025-12-27 13:13:13,334 - __main__ - INFO - Starting system resource check
2025-12-27 13:13:13,339 - __main__ - INFO - Total RAM: 15.7 GB
2025-12-27 13:13:13,341 - __main__ - INFO - Available RAM: 3.2 GB
2025-12-27 13:13:13,341 - __main__ - INFO - Memory used: 79.6%
2025-12-27 13:13:13,342 - __main__ - INFO - Memory status: OK
2025-12-27 13:13:13,343 - __main__ - INFO - Free disk space: 264.3 GB
2025-12-27 13:13:13,343 - __main__ - INFO - Disk used: 44.5%
2025-12-27 13:13:13,343 - __main__ - INFO - Disk space: OK
2025-12-27 13:13:13,844 - __main__ - INFO - CPU cores: 8
2025-12-27 13:13:13,844 - __main__ - INFO - CPU usage: 38.6%
2025-12-27 13:13:13,844 - __main__ - INFO - Python version: 3.12.4
2025-12-27 13:13:13,844 - __main__ - INFO - System platform: win32
2025-12-27 13:13:13,844 - __main__ - INFO - User session started at: 2025-12-27 13:13:13.844343
2025-12-27 13:13:13,845 - __main__ - INFO - Displaying main menu options to user
2025-12-27 13:13:14,958 - __main__ - INFO - User selected option: 1
2025-12-27 13:13:14,959 - __main__ - INFO - Starting Single Source Analysis module
2025-12-27 13:13:14,962 - dq_unified - INFO - Starting unified data quality analysis
2025-12-27 13:13:14,962 - dq_unified - INFO - Prompting user for data source type
2025-12-27 13:13:14,963 - dq_unified - INFO - UI Data source_type: No UI data
2025-12-27 13:13:16,074 - dq_unified - INFO - User selected source type: 1
2025-12-27 13:13:18,354 - dq_unified - INFO - Loading data from CSV
2025-12-27 13:13:18,355 - dq_unified - INFO - Loading data from CSV
2025-12-27 13:13:18,355 - dq_unified - INFO - Loading large CSV: C:/Users/003160/OneDrive - wisseninfotech.com/Documents/DQ-Checks-Shashi/Test_data/sample_data.csv
2025-12-27 13:13:18,359 - dq_unified - INFO - CSV file has 15 rows
2025-12-27 13:13:18,360 - dq_unified - INFO - Loading 15 rows from CSV...
2025-12-27 13:13:18,370 - dq_unified - INFO - Loaded 15 rows from CSV
2025-12-27 13:13:18,376 - dq_unified - INFO - Memory optimization: 0.0MB -> 0.0MB (Saved: 0.0MB)
2025-12-27 13:13:18,376 - dq_unified - INFO - Loaded 15 rows, 10 columns. Memory: 87.0MB total, 0.0MB for dataframe
2025-12-27 13:13:18,377 - dq_unified - INFO - DATA PREVIEW:
2025-12-27 13:13:18,377 - dq_unified - INFO -    Total rows: 15
2025-12-27 13:13:18,377 - dq_unified - INFO -    Total columns: 10
2025-12-27 13:13:18,378 - dq_unified - INFO -    Columns: ['CustomerName', 'Email', 'Phone', 'Salary', 'Department', 'JoinDate', 'PostalCode', 'City', 'Country', 'State']
2025-12-27 13:13:18,378 - dq_unified - INFO - Running quality checks
2025-12-27 13:13:18,379 - dq_unified - INFO - Checking for null/empty values
2025-12-27 13:13:18,380 - dq_unified - WARNING - Column 'CustomerName': 1 empty cells (6.7%)
2025-12-27 13:13:18,382 - dq_unified - WARNING - Column 'Email': 1 empty cells (6.7%)
2025-12-27 13:13:18,384 - dq_unified - INFO - Column 'Phone': No empty cells
2025-12-27 13:13:18,384 - dq_unified - WARNING - Column 'Salary': 2 empty cells (13.3%)
2025-12-27 13:13:18,386 - dq_unified - WARNING - Column 'Department': 1 empty cells (6.7%)
2025-12-27 13:13:18,387 - dq_unified - INFO - Column 'JoinDate': No empty cells
2025-12-27 13:13:18,388 - dq_unified - INFO - Column 'PostalCode': No empty cells
2025-12-27 13:13:18,388 - dq_unified - INFO - Column 'City': No empty cells
2025-12-27 13:13:18,389 - dq_unified - INFO - Column 'Country': No empty cells
2025-12-27 13:13:18,389 - dq_unified - WARNING - Column 'State': 1 empty cells (6.7%)
2025-12-27 13:13:18,390 - dq_unified - INFO - Total empty cells found: 6
2025-12-27 13:13:18,390 - dq_unified - INFO - Checking for duplicate rows
2025-12-27 13:13:18,391 - dq_unified - INFO - Total rows to check: 15
2025-12-27 13:13:18,391 - dq_unified - INFO - Checking duplicates based on all columns
2025-12-27 13:13:18,393 - dq_unified - INFO - DEBUG: Total duplicate rows (all): 0
2025-12-27 13:13:18,393 - dq_unified - INFO - DEBUG: Unique duplicate groups: 0
2025-12-27 13:13:18,393 - dq_unified - INFO - DEBUG: Duplicate count (groups): 0
2025-12-27 13:13:18,393 - dq_unified - INFO - Found 0 duplicate groups
2025-12-27 13:13:18,394 - dq_unified - INFO - Checking data formats
2025-12-27 13:13:18,394 - dq_unified - INFO - Checking Email for email format
2025-12-27 13:13:18,395 - dq_unified - WARNING -   Row 9: 'invalid-email...' doesn't match Valid email (user@domain.com)
2025-12-27 13:13:18,395 - dq_unified - INFO - Checking Phone for phone format
2025-12-27 13:13:18,396 - dq_unified - WARNING -   Row 14: '1112222...' doesn't match Valid phone number (e.g., 123-456-7890)
2025-12-27 13:13:18,396 - dq_unified - INFO - Checking Salary for numeric format
2025-12-27 13:13:18,396 - dq_unified - INFO - Checking JoinDate for date_iso format
2025-12-27 13:13:18,397 - dq_unified - WARNING -   Row 1: '15-01-2023...' doesn't match Date (YYYY-MM-DD)
2025-12-27 13:13:18,397 - dq_unified - WARNING -   Row 2: '20-02-2023...' doesn't match Date (YYYY-MM-DD)
2025-12-27 13:13:18,400 - dq_unified - WARNING -   Row 3: '10-03-2023...' doesn't match Date (YYYY-MM-DD)
2025-12-27 13:13:18,400 - dq_unified - INFO - Checking PostalCode for postal_code format
2025-12-27 13:13:18,401 - dq_unified - INFO - Total format issues found: 18
2025-12-27 13:13:18,401 - dq_unified - INFO - Checking mandatory fields
2025-12-27 13:13:18,401 - dq_unified - INFO - Available columns: ['CustomerName', 'Email', 'Phone', 'Salary', 'Department', 'JoinDate', 'PostalCode', 'City', 'Country', 'State']
2025-12-27 13:13:20,186 - dq_unified - INFO - Checking ALL columns as mandatory: ['CustomerName', 'Email', 'Phone', 'Salary', 'Department', 'JoinDate', 'PostalCode', 'City', 'Country', 'State']
2025-12-27 13:13:20,188 - dq_unified - WARNING - Mandatory field 'CustomerName': 1 missing values (93.3% filled)
2025-12-27 13:13:20,190 - dq_unified - WARNING - Mandatory field 'Email': 1 missing values (93.3% filled)
2025-12-27 13:13:20,191 - dq_unified - INFO - Mandatory field 'Phone': 100.0% filled
2025-12-27 13:13:20,192 - dq_unified - WARNING - Mandatory field 'Salary': 2 missing values (86.7% filled)
2025-12-27 13:13:20,193 - dq_unified - WARNING - Mandatory field 'Department': 1 missing values (93.3% filled)
2025-12-27 13:13:20,195 - dq_unified - INFO - Mandatory field 'JoinDate': 100.0% filled
2025-12-27 13:13:20,196 - dq_unified - INFO - Mandatory field 'PostalCode': 100.0% filled
2025-12-27 13:13:20,197 - dq_unified - INFO - Mandatory field 'City': 100.0% filled
2025-12-27 13:13:20,197 - dq_unified - INFO - Mandatory field 'Country': 100.0% filled
2025-12-27 13:13:20,198 - dq_unified - WARNING - Mandatory field 'State': 1 missing values (93.3% filled)
2025-12-27 13:13:20,201 - dq_unified - INFO - Mandatory field check completed: 5 columns with issues, 6 total missing values
2025-12-27 13:13:20,202 - dq_unified - INFO - Calculating quality score
2025-12-27 13:13:20,202 - dq_unified - INFO - Quality Score Calculation:
2025-12-27 13:13:20,202 - dq_unified - INFO -   Total rows: 15
2025-12-27 13:13:20,203 - dq_unified - INFO -   Rows with ANY issue: 15
2025-12-27 13:13:20,204 - dq_unified - INFO -   Good rows (no issues): 0
2025-12-27 13:13:20,204 - dq_unified - INFO -   Quality Score: 0.0%
2025-12-27 13:13:20,204 - dq_unified - INFO - Generating detailed data quality report
2025-12-27 13:13:20,204 - dq_unified - INFO - Report for: CSV: sample_data.csv, Records: 15, Columns: 10
2025-12-27 13:13:20,205 - dq_unified - INFO - Overall quality score: 0.0%
2025-12-27 13:13:20,205 - dq_error_log - INFO - ErrorLogger initialized with database: dq_checks
2025-12-27 13:13:20,205 - dq_unified - INFO - Error Logger Session ID: SINGLE_20251227_131320
2025-12-27 13:13:20,238 - dq_unified - INFO - Analysis completed successfully for CSV: sample_data.csv
2025-12-27 13:13:20,238 - __main__ - INFO - Single Source Analysis completed successfully
2025-12-27 13:13:20,239 - __main__ - INFO - Displaying main menu options to user
2025-12-27 13:23:31,819 - __main__ - INFO - User selected option: 6
2025-12-27 13:23:31,820 - __main__ - INFO - User session ended. Duration: 0:10:17.976396
2025-12-27 13:23:31,820 - __main__ - INFO - 👋 Thank you for using Universal Data Quality Framework!
