2025-12-26 18:54:52,251 - root - INFO - CLI Mode Logging Initialized
2025-12-26 18:54:52,251 - root - INFO - CLI logs will be saved to: logs/dq_framework_20251226_185452.log
2025-12-26 18:54:52,252 - __main__ - INFO - 🚀 UNIVERSAL DATA QUALITY FRAMEWORK INITIALIZED
2025-12-26 18:54:52,253 - __main__ - INFO - Starting system resource check
2025-12-26 18:54:52,259 - __main__ - INFO - Total RAM: 15.7 GB
2025-12-26 18:54:52,259 - __main__ - INFO - Available RAM: 1.4 GB
2025-12-26 18:54:52,259 - __main__ - INFO - Memory used: 91.2%
2025-12-26 18:54:52,260 - __main__ - INFO - Memory status: OK
2025-12-26 18:54:52,260 - __main__ - INFO - Free disk space: 256.6 GB
2025-12-26 18:54:52,260 - __main__ - INFO - Disk used: 46.1%
2025-12-26 18:54:52,260 - __main__ - INFO - Disk space: OK
2025-12-26 18:54:52,762 - __main__ - INFO - CPU cores: 8
2025-12-26 18:54:52,762 - __main__ - INFO - CPU usage: 34.1%
2025-12-26 18:54:52,762 - __main__ - INFO - Python version: 3.12.4
2025-12-26 18:54:52,763 - __main__ - INFO - System platform: win32
2025-12-26 18:54:52,763 - __main__ - INFO - User session started at: 2025-12-26 18:54:52.763746
2025-12-26 18:54:52,763 - __main__ - INFO - Displaying main menu options to user
2025-12-26 18:54:53,975 - __main__ - INFO - User selected option: 1
2025-12-26 18:54:53,976 - __main__ - INFO - Starting Single Source Analysis module
2025-12-26 18:54:53,980 - dq_unified - INFO - Starting unified data quality analysis
2025-12-26 18:54:53,980 - dq_unified - INFO - Prompting user for data source type
2025-12-26 18:54:53,980 - dq_unified - INFO - UI Data source_type: No UI data
2025-12-26 18:54:55,377 - dq_unified - INFO - User selected source type: 1
2025-12-26 18:55:07,475 - dq_unified - INFO - Loading data from CSV
2025-12-26 18:55:07,477 - dq_unified - INFO - Loading data from CSV
2025-12-26 18:55:07,478 - dq_unified - INFO - Loading large CSV: C:\Users\003160\OneDrive - wisseninfotech.com\Documents\DQ-Checks-Shashi\Test_data\sample_data.csv
2025-12-26 18:55:07,480 - dq_unified - INFO - CSV file has 15 rows
2025-12-26 18:55:07,481 - dq_unified - INFO - Loading 15 rows from CSV...
2025-12-26 18:55:07,488 - dq_unified - INFO - Loaded 15 rows from CSV
2025-12-26 18:55:07,493 - dq_unified - INFO - Memory optimization: 0.0MB -> 0.0MB (Saved: 0.0MB)
2025-12-26 18:55:07,494 - dq_unified - INFO - Loaded 15 rows, 10 columns. Memory: 87.4MB total, 0.0MB for dataframe
2025-12-26 18:55:07,494 - dq_unified - INFO - DATA PREVIEW:
2025-12-26 18:55:07,494 - dq_unified - INFO -    Total rows: 15
2025-12-26 18:55:07,495 - dq_unified - INFO -    Total columns: 10
2025-12-26 18:55:07,495 - dq_unified - INFO -    Columns: ['CustomerName', 'Email', 'Phone', 'Salary', 'Department', 'JoinDate', 'PostalCode', 'City', 'Country', 'State']
2025-12-26 18:55:07,495 - dq_unified - INFO - Running quality checks
2025-12-26 18:55:07,496 - dq_unified - INFO - Checking for null cells (not empty strings)
2025-12-26 18:55:07,496 - dq_unified - WARNING - Column 'CustomerName': 1 null cells (6.7%)
2025-12-26 18:55:07,497 - dq_unified - WARNING - Column 'Email': 1 null cells (6.7%)
2025-12-26 18:55:07,499 - dq_unified - INFO - Column 'Phone': No null cells
2025-12-26 18:55:07,500 - dq_unified - WARNING - Column 'Salary': 2 null cells (13.3%)
2025-12-26 18:55:07,500 - dq_unified - WARNING - Column 'Department': 1 null cells (6.7%)
2025-12-26 18:55:07,501 - dq_unified - INFO - Column 'JoinDate': No null cells
2025-12-26 18:55:07,501 - dq_unified - INFO - Column 'PostalCode': No null cells
2025-12-26 18:55:07,502 - dq_unified - INFO - Column 'City': No null cells
2025-12-26 18:55:07,502 - dq_unified - INFO - Column 'Country': No null cells
2025-12-26 18:55:07,502 - dq_unified - WARNING - Column 'State': 1 null cells (6.7%)
2025-12-26 18:55:07,503 - dq_unified - INFO - Total null cells found: 6
2025-12-26 18:55:07,503 - dq_unified - INFO - Checking for duplicate rows
2025-12-26 18:55:07,503 - dq_unified - INFO - Processing 15 rows for duplicates
2025-12-26 18:55:07,512 - dq_unified - INFO - Duplicate rows found: 1
2025-12-26 18:55:07,513 - dq_unified - INFO - Automatically detecting key field duplicates
2025-12-26 18:55:07,515 - dq_unified - INFO - Detected potential key fields: ['CustomerName', 'Email', 'PostalCode']
2025-12-26 18:55:07,516 - dq_unified - WARNING - Found 1 duplicate values in field 'Email'
2025-12-26 18:55:07,517 - dq_unified - WARNING - Found 1 duplicate values in field 'PostalCode'
2025-12-26 18:55:07,517 - dq_unified - INFO - Checking data formats with intelligent, adaptive detection
2025-12-26 18:55:07,518 - dq_unified - INFO - Analyzing column 'CustomerName' with 14 non-null values
2025-12-26 18:55:07,519 - dq_unified - INFO - Analyzing column 'Email' with 14 non-null values
2025-12-26 18:55:07,519 - dq_unified - INFO -   ✓ Column 'Email' matches 'email' pattern with 92.9% confidence
2025-12-26 18:55:07,520 - dq_unified - WARNING -     Row 3: EMPTY value doesn't match Valid email format (user@domain.com)
2025-12-26 18:55:07,520 - dq_unified - WARNING -     Row 9: 'invalid-email...' doesn't match Valid email format (user@domain.com)
2025-12-26 18:55:07,520 - dq_unified - INFO -     Found 2 format issues in column 'Email'
2025-12-26 18:55:07,521 - dq_unified - INFO - Analyzing column 'Phone' with 15 non-null values
2025-12-26 18:55:07,521 - dq_unified - INFO -   ✓ Column 'Phone' matches 'numeric' pattern with 100.0% confidence
2025-12-26 18:55:07,522 - dq_unified - INFO - Analyzing column 'Salary' with 13 non-null values
2025-12-26 18:55:07,522 - dq_unified - INFO -   ✓ Column 'Salary' matches 'numeric' pattern with 100.0% confidence
2025-12-26 18:55:07,522 - dq_unified - WARNING -     Row 7: EMPTY value doesn't match Valid numeric value (integers or decimals)
2025-12-26 18:55:07,523 - dq_unified - WARNING -     Row 14: EMPTY value doesn't match Valid numeric value (integers or decimals)
2025-12-26 18:55:07,523 - dq_unified - INFO -     Found 2 format issues in column 'Salary'
2025-12-26 18:55:07,525 - dq_unified - INFO - Analyzing column 'Department' with 14 non-null values
2025-12-26 18:55:07,525 - dq_unified - INFO -   ✓ Column 'Department' matches 'code_id' pattern with 100.0% confidence
2025-12-26 18:55:07,525 - dq_unified - INFO - Analyzing column 'JoinDate' with 15 non-null values
2025-12-26 18:55:07,526 - dq_unified - INFO -   ✓ Column 'JoinDate' matches 'code_id' pattern with 100.0% confidence
2025-12-26 18:55:07,527 - dq_unified - INFO - Analyzing column 'PostalCode' with 15 non-null values
2025-12-26 18:55:07,529 - dq_unified - INFO -   ✓ Column 'PostalCode' matches 'code_id' pattern with 100.0% confidence
2025-12-26 18:55:07,530 - dq_unified - INFO - Analyzing column 'City' with 15 non-null values
2025-12-26 18:55:07,531 - dq_unified - INFO - Analyzing column 'Country' with 15 non-null values
2025-12-26 18:55:07,531 - dq_unified - INFO -   ✓ Column 'Country' matches 'code_id' pattern with 100.0% confidence
2025-12-26 18:55:07,532 - dq_unified - INFO - Analyzing column 'State' with 14 non-null values
2025-12-26 18:55:07,532 - dq_unified - INFO -   ✓ Column 'State' matches 'code_id' pattern with 100.0% confidence
2025-12-26 18:55:07,533 - dq_unified - INFO - Total format issues found: 4
2025-12-26 18:55:07,533 - dq_unified - INFO - Checking mandatory fields
2025-12-26 18:55:07,534 - dq_unified - INFO - DEBUG: UI data for mandatory fields: None
2025-12-26 18:55:07,534 - dq_unified - INFO - Available columns: ['CustomerName', 'Email', 'Phone', 'Salary', 'Department', 'JoinDate', 'PostalCode', 'City', 'Country', 'State']
2025-12-26 18:55:09,288 - dq_unified - INFO - Checking ALL columns as mandatory: ['CustomerName', 'Email', 'Phone', 'Salary', 'Department', 'JoinDate', 'PostalCode', 'City', 'Country', 'State']
2025-12-26 18:55:09,289 - dq_unified - WARNING - Mandatory field 'CustomerName': 1 missing values (93.3% filled)
2025-12-26 18:55:09,291 - dq_unified - WARNING - Mandatory field 'Email': 1 missing values (93.3% filled)
2025-12-26 18:55:09,292 - dq_unified - INFO - Mandatory field 'Phone': 100.0% filled
2025-12-26 18:55:09,293 - dq_unified - WARNING - Mandatory field 'Salary': 2 missing values (86.7% filled)
2025-12-26 18:55:09,293 - dq_unified - WARNING - Mandatory field 'Department': 1 missing values (93.3% filled)
2025-12-26 18:55:09,294 - dq_unified - INFO - Mandatory field 'JoinDate': 100.0% filled
2025-12-26 18:55:09,295 - dq_unified - INFO - Mandatory field 'PostalCode': 100.0% filled
2025-12-26 18:55:09,297 - dq_unified - INFO - Mandatory field 'City': 100.0% filled
2025-12-26 18:55:09,297 - dq_unified - INFO - Mandatory field 'Country': 100.0% filled
2025-12-26 18:55:09,298 - dq_unified - WARNING - Mandatory field 'State': 1 missing values (93.3% filled)
2025-12-26 18:55:09,299 - dq_unified - INFO - Mandatory field check completed: 5 columns with issues, 6 total missing values
2025-12-26 18:55:09,300 - dq_unified - INFO - Calculating overall quality score
2025-12-26 18:55:09,300 - dq_unified - INFO - Using known issue rows: 8 rows
2025-12-26 18:55:09,301 - dq_unified - INFO - Quality Score Calculation:
2025-12-26 18:55:09,301 - dq_unified - INFO -   Total rows: 15
2025-12-26 18:55:09,301 - dq_unified - INFO -   Rows with issues: 8
2025-12-26 18:55:09,302 - dq_unified - INFO -   Good rows: 7
2025-12-26 18:55:09,302 - dq_unified - INFO -   Quality Score: 46.67%
2025-12-26 18:55:09,302 - dq_unified - INFO - Generating detailed data quality report
2025-12-26 18:55:09,303 - dq_unified - INFO - Report for: CSV: sample_data.csv, Records: 15, Columns: 10
2025-12-26 18:55:09,303 - dq_unified - INFO - Overall quality score: 46.7%
2025-12-26 18:55:09,303 - dq_error_log - INFO - ErrorLogger initialized with database: dq_checks
2025-12-26 18:55:09,303 - dq_unified - INFO - Error Logger Session ID: SINGLE_20251226_185509
2025-12-26 18:55:09,662 - dq_audit - INFO - Audit class initialized with database: dq_checks
2025-12-26 18:55:09,662 - dq_audit - INFO - Starting database insertion for single_source...
2025-12-26 18:55:09,676 - dq_audit - INFO - Inserted single_source record with ID: 366
2025-12-26 18:55:09,677 - dq_unified - INFO - Audit logged for session: DQ_20251226_185509
2025-12-26 18:55:09,679 - dq_unified - INFO - Analysis completed successfully for CSV: sample_data.csv
2025-12-26 18:55:09,680 - __main__ - INFO - Single Source Analysis completed successfully
2025-12-26 18:55:09,680 - __main__ - INFO - Displaying main menu options to user
2025-12-26 18:55:12,655 - __main__ - INFO - User selected option: 1
2025-12-26 18:55:12,657 - __main__ - INFO - Starting Single Source Analysis module
2025-12-26 18:55:12,659 - dq_unified - INFO - Starting unified data quality analysis
2025-12-26 18:55:12,660 - dq_unified - INFO - Prompting user for data source type
2025-12-26 18:55:12,660 - dq_unified - INFO - UI Data source_type: No UI data
2025-12-26 18:55:18,354 - dq_unified - INFO - User selected source type: 1
2025-12-26 18:55:20,852 - dq_unified - INFO - Loading data from CSV
2025-12-26 18:55:20,852 - dq_unified - INFO - Loading data from CSV
2025-12-26 18:55:20,853 - dq_unified - INFO - Loading large CSV: C:\Users\003160\OneDrive - wisseninfotech.com\Documents\DQ-Checks-Shashi\Test_data\source_data_90k.csv
2025-12-26 18:55:20,895 - dq_unified - INFO - CSV file has 92,875 rows
2025-12-26 18:55:20,895 - dq_unified - INFO - Loading 92,875 rows from CSV...
2025-12-26 18:55:21,129 - dq_unified - INFO - Loaded 89,999 rows from CSV
2025-12-26 18:55:21,387 - dq_unified - INFO - Memory optimization: 45.4MB -> 17.1MB (Saved: 28.3MB)
2025-12-26 18:55:21,435 - dq_unified - INFO - Loaded 89,999 rows, 12 columns. Memory: 121.1MB total, 17.1MB for dataframe
2025-12-26 18:55:21,436 - dq_unified - INFO - DATA PREVIEW:
2025-12-26 18:55:21,437 - dq_unified - INFO -    Total rows: 89,999
2025-12-26 18:55:21,437 - dq_unified - INFO -    Total columns: 12
2025-12-26 18:55:21,438 - dq_unified - INFO -    Columns: ['id', 'customer_id', 'transaction_id', 'customer_name', 'email', 'phone', 'transaction_date', 'amount', 'quantity', 'age', 'status', 'description']
2025-12-26 18:55:21,439 - dq_unified - INFO - Running quality checks
2025-12-26 18:55:21,439 - dq_unified - INFO - Checking for null cells (not empty strings)
2025-12-26 18:55:21,440 - dq_unified - INFO - Column 'id': No null cells
2025-12-26 18:55:21,444 - dq_unified - INFO - Column 'customer_id': No null cells
2025-12-26 18:55:21,448 - dq_unified - INFO - Column 'transaction_id': No null cells
2025-12-26 18:55:21,449 - dq_unified - WARNING - Column 'customer_name': 3510 null cells (3.9%)
2025-12-26 18:55:21,487 - dq_unified - WARNING - Column 'email': 1516 null cells (1.7%)
2025-12-26 18:55:21,505 - dq_unified - WARNING - Column 'phone': 1280 null cells (1.4%)
2025-12-26 18:55:21,520 - dq_unified - INFO - Column 'transaction_date': No null cells
2025-12-26 18:55:21,521 - dq_unified - WARNING - Column 'amount': 1133 null cells (1.3%)
2025-12-26 18:55:21,532 - dq_unified - INFO - Column 'quantity': No null cells
2025-12-26 18:55:21,532 - dq_unified - INFO - Column 'age': No null cells
2025-12-26 18:55:21,533 - dq_unified - INFO - Column 'status': No null cells
2025-12-26 18:55:21,533 - dq_unified - INFO - Column 'description': No null cells
2025-12-26 18:55:21,534 - dq_unified - INFO - Total null cells found: 7,439
2025-12-26 18:55:21,534 - dq_unified - INFO - Checking for duplicate rows
2025-12-26 18:55:21,534 - dq_unified - INFO - Processing 89,999 rows for duplicates
2025-12-26 18:55:21,534 - dq_unified - INFO - Large dataset detected, using optimized duplicate check
2025-12-26 18:55:21,731 - dq_unified - INFO - Automatically detecting key field duplicates
2025-12-26 18:55:21,772 - dq_unified - INFO - Detected potential key fields: ['id', 'customer_id', 'transaction_id', 'customer_name', 'email', 'transaction_date']
2025-12-26 18:55:21,775 - dq_unified - WARNING - Found 203 duplicate values in field 'id'
2025-12-26 18:55:21,796 - dq_unified - WARNING - Found 402 duplicate values in field 'customer_id'
2025-12-26 18:55:21,815 - dq_unified - WARNING - Found 402 duplicate values in field 'transaction_id'
2025-12-26 18:55:21,819 - dq_unified - WARNING - Found 89,799 duplicate values in field 'customer_name'
2025-12-26 18:55:21,827 - dq_unified - WARNING - Found 89,318 duplicate values in field 'email'
2025-12-26 18:55:21,838 - dq_unified - WARNING - Found 89,412 duplicate values in field 'transaction_date'
2025-12-26 18:55:21,858 - dq_unified - INFO - Checking data formats with intelligent, adaptive detection
2025-12-26 18:55:21,859 - dq_unified - INFO - Analyzing column 'id' with 89999 non-null values
2025-12-26 18:55:21,859 - dq_unified - INFO -   ✓ Column 'id' matches 'numeric' pattern with 100.0% confidence
2025-12-26 18:55:21,982 - dq_unified - INFO - Analyzing column 'customer_id' with 89999 non-null values
2025-12-26 18:55:21,982 - dq_unified - INFO -   ✓ Column 'customer_id' matches 'code_id' pattern with 100.0% confidence
2025-12-26 18:55:22,095 - dq_unified - INFO - Analyzing column 'transaction_id' with 89999 non-null values
2025-12-26 18:55:22,095 - dq_unified - INFO -   ✓ Column 'transaction_id' matches 'code_id' pattern with 100.0% confidence
2025-12-26 18:55:22,208 - dq_unified - INFO - Analyzing column 'customer_name' with 86489 non-null values
2025-12-26 18:55:22,210 - dq_unified - INFO - Analyzing column 'email' with 88483 non-null values
2025-12-26 18:55:22,210 - dq_unified - INFO -   ✓ Column 'email' matches 'email' pattern with 100.0% confidence
2025-12-26 18:55:22,213 - dq_unified - WARNING -     Row 38: 'lisa.miller_outlook.com...' doesn't match Valid email format (user@domain.com)
2025-12-26 18:55:22,213 - dq_unified - WARNING -     Row 41: EMPTY value doesn't match Valid email format (user@domain.com)
2025-12-26 18:55:22,214 - dq_unified - WARNING -     Row 223: 'richard.miller.company.com...' doesn't match Valid email format (user@domain.com)
2025-12-26 18:55:22,407 - dq_unified - INFO -     Found 2242 format issues in column 'email'
2025-12-26 18:55:22,413 - dq_unified - INFO - Analyzing column 'phone' with 88719 non-null values
2025-12-26 18:55:22,413 - dq_unified - INFO -   ✓ Column 'phone' matches 'phone' pattern with 90.0% confidence
2025-12-26 18:55:22,414 - dq_unified - WARNING -     Row 19: '1-212-661-4003...' doesn't match Valid phone number (10-15 digits, optional country code)
2025-12-26 18:55:22,414 - dq_unified - WARNING -     Row 20: '1-212-914-1864...' doesn't match Valid phone number (10-15 digits, optional country code)
2025-12-26 18:55:22,414 - dq_unified - WARNING -     Row 23: '1-212-668-8253...' doesn't match Valid phone number (10-15 digits, optional country code)
2025-12-26 18:55:22,940 - dq_unified - INFO -     Found 19032 format issues in column 'phone'
2025-12-26 18:55:22,943 - dq_unified - INFO - Analyzing column 'transaction_date' with 89999 non-null values
2025-12-26 18:55:22,943 - dq_unified - INFO -   ✓ Column 'transaction_date' matches 'code_id' pattern with 100.0% confidence
2025-12-26 18:55:22,946 - dq_unified - WARNING -     Row 27: '10/18/2023...' doesn't match Alphanumeric code or ID
2025-12-26 18:55:22,946 - dq_unified - WARNING -     Row 28: '04/22/2023...' doesn't match Alphanumeric code or ID
2025-12-26 18:55:22,947 - dq_unified - WARNING -     Row 31: '05/15/2023...' doesn't match Alphanumeric code or ID
2025-12-26 18:55:23,271 - dq_unified - INFO -     Found 10847 format issues in column 'transaction_date'
2025-12-26 18:55:23,273 - dq_unified - INFO - Analyzing column 'amount' with 88866 non-null values
2025-12-26 18:55:23,274 - dq_unified - INFO -   ✓ Column 'amount' matches 'numeric' pattern with 100.0% confidence
2025-12-26 18:55:23,275 - dq_unified - WARNING -     Row 268: EMPTY value doesn't match Valid numeric value (integers or decimals)
2025-12-26 18:55:23,276 - dq_unified - WARNING -     Row 311: EMPTY value doesn't match Valid numeric value (integers or decimals)
2025-12-26 18:55:23,276 - dq_unified - WARNING -     Row 317: EMPTY value doesn't match Valid numeric value (integers or decimals)
2025-12-26 18:55:23,449 - dq_unified - INFO -     Found 1133 format issues in column 'amount'
2025-12-26 18:55:23,450 - dq_unified - INFO - Analyzing column 'quantity' with 89999 non-null values
2025-12-26 18:55:23,450 - dq_unified - INFO -   ✓ Column 'quantity' matches 'numeric' pattern with 100.0% confidence
2025-12-26 18:55:23,562 - dq_unified - INFO - Analyzing column 'age' with 89999 non-null values
2025-12-26 18:55:23,562 - dq_unified - INFO -   ✓ Column 'age' matches 'numeric' pattern with 100.0% confidence
2025-12-26 18:55:23,669 - dq_unified - INFO - Analyzing column 'status' with 89999 non-null values
2025-12-26 18:55:23,670 - dq_unified - INFO -   ✓ Column 'status' matches 'code_id' pattern with 100.0% confidence
2025-12-26 18:55:23,772 - dq_unified - INFO - Analyzing column 'description' with 89999 non-null values
2025-12-26 18:55:23,772 - dq_unified - INFO - Total format issues found: 33,254
2025-12-26 18:55:23,773 - dq_unified - INFO - Checking mandatory fields
2025-12-26 18:55:23,774 - dq_unified - INFO - DEBUG: UI data for mandatory fields: None
2025-12-26 18:55:23,775 - dq_unified - INFO - Available columns: ['id', 'customer_id', 'transaction_id', 'customer_name', 'email', 'phone', 'transaction_date', 'amount', 'quantity', 'age', 'status', 'description']
2025-12-26 18:55:26,019 - dq_unified - INFO - Checking ALL columns as mandatory: ['id', 'customer_id', 'transaction_id', 'customer_name', 'email', 'phone', 'transaction_date', 'amount', 'quantity', 'age', 'status', 'description']
2025-12-26 18:55:26,020 - dq_unified - INFO - Mandatory field 'id': 100.0% filled
2025-12-26 18:55:26,040 - dq_unified - INFO - Mandatory field 'customer_id': 100.0% filled
2025-12-26 18:55:26,061 - dq_unified - INFO - Mandatory field 'transaction_id': 100.0% filled
2025-12-26 18:55:26,061 - dq_unified - WARNING - Mandatory field 'customer_name': 3,510 missing values (96.1% filled)
2025-12-26 18:55:26,097 - dq_unified - WARNING - Mandatory field 'email': 1,516 missing values (98.3% filled)
2025-12-26 18:55:26,133 - dq_unified - WARNING - Mandatory field 'phone': 1,280 missing values (98.6% filled)
2025-12-26 18:55:26,167 - dq_unified - INFO - Mandatory field 'transaction_date': 100.0% filled
2025-12-26 18:55:26,167 - dq_unified - WARNING - Mandatory field 'amount': 1,133 missing values (98.7% filled)
2025-12-26 18:55:26,181 - dq_unified - INFO - Mandatory field 'quantity': 100.0% filled
2025-12-26 18:55:26,181 - dq_unified - INFO - Mandatory field 'age': 100.0% filled
2025-12-26 18:55:26,181 - dq_unified - INFO - Mandatory field 'status': 100.0% filled
2025-12-26 18:55:26,181 - dq_unified - INFO - Mandatory field 'description': 100.0% filled
2025-12-26 18:55:26,182 - dq_unified - INFO - Mandatory field check completed: 4 columns with issues, 7439 total missing values
2025-12-26 18:55:26,182 - dq_unified - INFO - Calculating overall quality score
2025-12-26 18:55:26,182 - dq_unified - INFO - Using known issue rows: 8 rows
2025-12-26 18:55:26,183 - dq_unified - INFO - Quality Score Calculation:
2025-12-26 18:55:26,183 - dq_unified - INFO -   Total rows: 89999
2025-12-26 18:55:26,184 - dq_unified - INFO -   Rows with issues: 8
2025-12-26 18:55:26,184 - dq_unified - INFO -   Good rows: 89991
2025-12-26 18:55:26,184 - dq_unified - INFO -   Quality Score: 99.99%
2025-12-26 18:55:26,185 - dq_unified - INFO - Generating detailed data quality report
2025-12-26 18:55:26,185 - dq_unified - INFO - Report for: CSV: source_data_90k.csv, Records: 89,999, Columns: 12
2025-12-26 18:55:26,185 - dq_unified - INFO - Overall quality score: 100.0%
2025-12-26 18:55:26,188 - dq_error_log - INFO - ErrorLogger initialized with database: dq_checks
2025-12-26 18:55:26,189 - dq_unified - INFO - Error Logger Session ID: SINGLE_20251226_185526
2025-12-26 18:55:28,979 - dq_audit - INFO - Audit class initialized with database: dq_checks
2025-12-26 18:55:28,979 - dq_audit - INFO - Starting database insertion for single_source...
2025-12-26 18:55:28,996 - dq_audit - INFO - Inserted single_source record with ID: 367
2025-12-26 18:55:28,997 - dq_unified - INFO - Audit logged for session: DQ_20251226_185528
2025-12-26 18:55:29,002 - dq_unified - INFO - Analysis completed successfully for CSV: source_data_90k.csv
2025-12-26 18:55:29,016 - __main__ - INFO - Single Source Analysis completed successfully
2025-12-26 18:55:29,017 - __main__ - INFO - Displaying main menu options to user
2025-12-26 18:58:45,651 - __main__ - INFO - User selected option: 6
2025-12-26 18:58:45,653 - __main__ - INFO - User session ended. Duration: 0:03:52.889729
2025-12-26 18:58:45,654 - __main__ - INFO - 👋 Thank you for using Universal Data Quality Framework!
