2026-01-21 11:11:44,730 - root - INFO - CLI Mode Logging Initialized
2026-01-21 11:11:44,731 - root - INFO - CLI logs will be saved to: logs/dq_framework_20260121_111144.log
2026-01-21 11:11:44,731 - __main__ - INFO - 🚀 UNIVERSAL DATA QUALITY FRAMEWORK INITIALIZED
2026-01-21 11:11:44,731 - __main__ - INFO - Starting system resource check
2026-01-21 11:11:44,738 - __main__ - INFO - Total RAM: 15.7 GB
2026-01-21 11:11:44,738 - __main__ - INFO - Available RAM: 2.7 GB
2026-01-21 11:11:44,738 - __main__ - INFO - Memory used: 82.7%
2026-01-21 11:11:44,739 - __main__ - INFO - Memory status: OK
2026-01-21 11:11:44,739 - __main__ - INFO - Free disk space: 263.0 GB
2026-01-21 11:11:44,740 - __main__ - INFO - Disk used: 44.8%
2026-01-21 11:11:44,740 - __main__ - INFO - Disk space: OK
2026-01-21 11:11:45,241 - __main__ - INFO - CPU cores: 8
2026-01-21 11:11:45,241 - __main__ - INFO - CPU usage: 19.5%
2026-01-21 11:11:45,241 - __main__ - INFO - Python version: 3.12.4
2026-01-21 11:11:45,242 - __main__ - INFO - System platform: win32
2026-01-21 11:11:45,242 - __main__ - INFO - User session started at: 2026-01-21 11:11:45.242790
2026-01-21 11:11:45,242 - __main__ - INFO - Displaying main menu options to user
2026-01-21 11:11:53,086 - __main__ - INFO - User selected option: 4
2026-01-21 11:11:53,089 - __main__ - INFO - Starting Business Rules Engine module
2026-01-21 11:11:53,091 - dq_rules - INFO - Starting business rules engine
2026-01-21 11:11:53,524 - dq_rules - INFO - Business rules tables created/verified successfully
2026-01-21 11:11:53,525 - dq_error_log - INFO - ErrorLogger initialized with database: dq_checks
2026-01-21 11:11:53,527 - dq_audit - INFO - Audit class initialized with database: dq_checks
2026-01-21 11:11:58,704 - dq_rules - INFO - Retrieved 0 business rules
2026-01-21 11:12:12,013 - dq_rules - INFO - Loading data for rules analysis
2026-01-21 11:12:12,014 - dq_unified - INFO - Prompting user for data source type
2026-01-21 11:12:12,014 - dq_unified - INFO - UI Data source_type: No UI data
2026-01-21 11:12:13,545 - dq_unified - INFO - User selected source type: 3
2026-01-21 11:12:13,548 - dq_unified - INFO - Getting database configuration - Dual mode
2026-01-21 11:12:15,368 - dq_unified - INFO - User selected Browse and Select mode
2026-01-21 11:12:15,372 - database_navigator - INFO - DatabaseNavigator initialized
2026-01-21 11:12:15,372 - database_navigator - INFO - Starting database navigation...
2026-01-21 11:12:21,223 - database_navigator - INFO - Database type: mysql
2026-01-21 11:12:21,225 - database_navigator - INFO - Getting database configuration...
2026-01-21 11:12:24,369 - database_navigator - INFO - Connecting to MYSQL...
2026-01-21 11:12:24,381 - database_navigator - INFO - Successfully connected to MYSQL!
2026-01-21 11:12:24,383 - database_navigator - INFO - get_databases() called. db_type: mysql, connection exists: True
2026-01-21 11:12:24,393 - database_navigator - INFO - Found 13 databases
2026-01-21 11:12:26,179 - database_navigator - INFO - Selected database: dq_checks
2026-01-21 11:12:26,183 - database_navigator - INFO - Found 1 schemas
2026-01-21 11:12:27,424 - database_navigator - INFO - Selected schema: dq_checks
2026-01-21 11:12:27,434 - database_navigator - INFO - Found 10 tables in schema 'dq_checks'
2026-01-21 11:12:32,148 - database_navigator - INFO - Selected table: test_employees_rules
2026-01-21 11:12:32,151 - database_navigator - INFO - Selection complete: {'type': 'mysql', 'database': 'dq_checks', 'schema': 'dq_checks', 'table': 'test_employees_rules', 'selection_mode': 'hierarchical', 'host': 'localhost', 'port': '3306', 'user': 'root', 'password': 'root'}
2026-01-21 11:12:32,152 - dq_unified - INFO - Selected via navigation: dq_checks.dq_checks.test_employees_rules
2026-01-21 11:12:32,152 - dq_unified - INFO - Loading data from DATABASE
2026-01-21 11:12:32,152 - dq_unified - INFO - Loading large database table: test_employees_rules
2026-01-21 11:12:32,152 - dq_unified - INFO - Normalized DB config with schema: dq_checks
2026-01-21 11:12:32,165 - dq_unified - INFO - MySQL table test_employees_rules has 12 rows
2026-01-21 11:12:32,166 - dq_unified - INFO - Loading 12 rows from MySQL...
2026-01-21 11:12:33,350 - dq_unified - INFO - Loaded 12 rows from MySQL
2026-01-21 11:12:33,362 - dq_unified - INFO - Memory optimization: 0.0MB -> 0.0MB (Saved: 0.0MB)
2026-01-21 11:12:33,363 - dq_unified - INFO - Loaded 12 rows, 10 columns. Memory: 109.6MB total, 0.0MB for dataframe
2026-01-21 11:12:33,363 - dq_rules - INFO - Data loaded: 12 rows, 10 columns from Database: mysql - Table: test_employees_rules
2026-01-21 11:12:33,375 - dq_rules - INFO - Retrieved 0 business rules
2026-01-21 11:16:00,138 - __main__ - INFO - Business Rules Engine completed successfully
2026-01-21 11:16:00,139 - __main__ - INFO - Displaying main menu options to user
2026-01-21 11:16:01,470 - __main__ - INFO - User selected option: 6
2026-01-21 11:16:01,471 - __main__ - INFO - User session ended. Duration: 0:04:16.228469
2026-01-21 11:16:01,471 - __main__ - INFO - 👋 Thank you for using Universal Data Quality Framework!
