2026-01-09 18:54:14,371 - root - INFO - CLI Mode Logging Initialized
2026-01-09 18:54:14,372 - root - INFO - CLI logs will be saved to: logs/dq_framework_20260109_185414.log
2026-01-09 18:54:14,372 - __main__ - INFO - 🚀 UNIVERSAL DATA QUALITY FRAMEWORK INITIALIZED
2026-01-09 18:54:14,374 - __main__ - INFO - Starting system resource check
2026-01-09 18:54:14,386 - __main__ - INFO - Total RAM: 15.7 GB
2026-01-09 18:54:14,387 - __main__ - INFO - Available RAM: 3.5 GB
2026-01-09 18:54:14,387 - __main__ - INFO - Memory used: 78.0%
2026-01-09 18:54:14,387 - __main__ - INFO - Memory status: OK
2026-01-09 18:54:14,388 - __main__ - INFO - Free disk space: 261.7 GB
2026-01-09 18:54:14,388 - __main__ - INFO - Disk used: 45.1%
2026-01-09 18:54:14,388 - __main__ - INFO - Disk space: OK
2026-01-09 18:54:14,889 - __main__ - INFO - CPU cores: 8
2026-01-09 18:54:14,890 - __main__ - INFO - CPU usage: 47.9%
2026-01-09 18:54:14,890 - __main__ - INFO - Python version: 3.12.4
2026-01-09 18:54:14,890 - __main__ - INFO - System platform: win32
2026-01-09 18:54:14,890 - __main__ - INFO - User session started at: 2026-01-09 18:54:14.890921
2026-01-09 18:54:14,890 - __main__ - INFO - Displaying main menu options to user
2026-01-09 18:54:17,976 - __main__ - INFO - User selected option: 1
2026-01-09 18:54:17,977 - __main__ - INFO - Starting Single Source Analysis module
2026-01-09 18:54:17,984 - dq_unified - INFO - Starting unified data quality analysis
2026-01-09 18:54:17,989 - dq_unified - INFO - Prompting user for data source type
2026-01-09 18:54:17,992 - dq_unified - INFO - UI Data source_type: No UI data
2026-01-09 18:54:19,814 - dq_unified - INFO - User selected source type: 3
2026-01-09 18:54:19,816 - dq_unified - INFO - Getting database configuration - Dual mode
2026-01-09 18:54:22,080 - dq_unified - INFO - User selected Browse and Select mode
2026-01-09 18:54:22,098 - database_navigator - INFO - DatabaseNavigator initialized
2026-01-09 18:54:22,099 - database_navigator - INFO - Starting database navigation...
2026-01-09 18:54:26,687 - database_navigator - INFO - Database type: postgres
2026-01-09 18:54:26,688 - database_navigator - INFO - Getting database configuration...
2026-01-09 18:54:30,001 - database_navigator - INFO - Connecting to POSTGRES...
2026-01-09 18:54:30,003 - database_navigator - INFO - Connecting to PostgreSQL...
2026-01-09 18:54:30,004 - database_navigator - INFO - Connecting to PostgreSQL: host=localhost, port=5432, database=postgres, user=postgres
2026-01-09 18:54:30,206 - database_navigator - INFO - Connection object created: <connection object at 0x0000026837B92790; dsn: 'user=postgres password=xxx dbname=postgres host=localhost port=5432', closed: 0>
2026-01-09 18:54:30,208 - database_navigator - INFO - ✅ PostgreSQL connection successful to database: postgres
2026-01-09 18:54:30,214 - database_navigator - INFO - get_databases() called. db_type: postgres, connection exists: True
2026-01-09 18:54:30,252 - database_navigator - INFO - Raw rows: [('dq_checks',), ('finewise-testdb',), ('postgres',)]
2026-01-09 18:54:30,253 - database_navigator - INFO - Found 3 databases
2026-01-09 18:54:35,684 - database_navigator - INFO - Selected database: dq_checks
2026-01-09 18:54:35,686 - database_navigator - INFO - Reconnecting to PostgreSQL database: dq_checks
2026-01-09 18:54:35,687 - database_navigator - INFO - Connecting to POSTGRES...
2026-01-09 18:54:35,691 - database_navigator - INFO - Connecting to PostgreSQL...
2026-01-09 18:54:35,692 - database_navigator - INFO - Connecting to PostgreSQL: host=localhost, port=5432, database=dq_checks, user=postgres
2026-01-09 18:54:35,963 - database_navigator - INFO - Connection object created: <connection object at 0x0000026837B928A0; dsn: 'user=postgres password=xxx dbname=dq_checks host=localhost port=5432', closed: 0>
2026-01-09 18:54:35,965 - database_navigator - INFO - ✅ PostgreSQL connection successful to database: dq_checks
2026-01-09 18:54:36,040 - database_navigator - INFO - Found 4 schemas
2026-01-09 18:54:39,789 - database_navigator - INFO - Selected schema: public
2026-01-09 18:54:39,795 - database_navigator - INFO - Ensuring connection to database: dq_checks for table list
2026-01-09 18:54:39,796 - database_navigator - INFO - Reconnecting to PostgreSQL database: dq_checks
2026-01-09 18:54:39,796 - database_navigator - INFO - Connecting to POSTGRES...
2026-01-09 18:54:39,797 - database_navigator - INFO - Connecting to PostgreSQL...
2026-01-09 18:54:39,798 - database_navigator - INFO - Connecting to PostgreSQL: host=localhost, port=5432, database=dq_checks, user=postgres
2026-01-09 18:54:39,958 - database_navigator - INFO - Connection object created: <connection object at 0x0000026837B929B0; dsn: 'user=postgres password=xxx dbname=dq_checks host=localhost port=5432', closed: 0>
2026-01-09 18:54:39,960 - database_navigator - INFO - ✅ PostgreSQL connection successful to database: dq_checks
2026-01-09 18:54:39,961 - database_navigator - INFO - Connected to database: dq_checks, schema: public
2026-01-09 18:54:40,049 - database_navigator - INFO - Found 2 tables in dq_checks.public: ['customers', 'employee']
2026-01-09 18:54:40,049 - database_navigator - INFO - Found 2 tables in schema 'public'
2026-01-09 18:54:42,048 - database_navigator - INFO - Selected table: customers
2026-01-09 18:54:42,058 - database_navigator - INFO - Selection complete: {'type': 'postgresql', 'database': 'dq_checks', 'schema': 'public', 'table': 'customers', 'selection_mode': 'hierarchical', 'host': 'localhost', 'port': '5432', 'user': 'postgres', 'password': 'postgres'}
2026-01-09 18:54:42,059 - dq_unified - INFO - Selected via navigation: dq_checks.public.customers
2026-01-09 18:54:42,060 - dq_unified - INFO - Loading data from DATABASE
2026-01-09 18:54:42,060 - dq_unified - INFO - Loading data from DATABASE
2026-01-09 18:54:42,061 - dq_unified - INFO - Loading large database table: customers
2026-01-09 18:54:42,061 - dq_unified - INFO - Normalized DB config with schema: public
2026-01-09 18:54:42,236 - dq_unified - INFO - PostgreSQL table public.customers has 15 rows
2026-01-09 18:54:42,236 - dq_unified - INFO - Loading 15 rows from PostgreSQL...
2026-01-09 18:54:44,047 - dq_unified - INFO - Loaded 15 rows from PostgreSQL
2026-01-09 18:54:44,064 - dq_unified - INFO - Memory optimization: 0.0MB -> 0.0MB (Saved: 0.0MB)
2026-01-09 18:54:44,064 - dq_unified - INFO - Standardizing data types...
2026-01-09 18:54:44,070 - dq_unified - INFO - Data type standardization complete
2026-01-09 18:54:44,072 - dq_unified - INFO - Loaded 15 rows, 10 columns. Memory: 105.6MB total, 0.0MB for dataframe
2026-01-09 18:54:44,072 - dq_unified - INFO - DATA PREVIEW:
2026-01-09 18:54:44,074 - dq_unified - INFO -    Total rows: 15
2026-01-09 18:54:44,075 - dq_unified - INFO -    Total columns: 10
2026-01-09 18:54:44,076 - dq_unified - INFO -    Columns: ['customername', 'email', 'phone', 'salary', 'department', 'joindate', 'postalcode', 'city', 'country', 'state']
2026-01-09 18:54:44,076 - dq_unified - INFO - Running quality checks
2026-01-09 18:54:44,077 - dq_unified - INFO - Checking for null/empty values
2026-01-09 18:54:44,078 - dq_unified - INFO - DataFrame shape: (15, 10)
2026-01-09 18:54:44,078 - dq_unified - INFO - Columns: ['customername', 'email', 'phone', 'salary', 'department', 'joindate', 'postalcode', 'city', 'country', 'state']
2026-01-09 18:54:44,079 - dq_unified - INFO - Data source: 
2026-01-09 18:54:44,080 - dq_unified - INFO - DataFrame dtypes: {'customername': dtype('O'), 'email': dtype('O'), 'phone': dtype('int64'), 'salary': dtype('float32'), 'department': CategoricalDtype(categories=['Finance', 'HR', 'IT', 'Marketing', 'Sales'], ordered=False, categories_dtype=object), 'joindate': dtype('int64'), 'postalcode': dtype('float64'), 'city': dtype('O'), 'country': CategoricalDtype(categories=['USA'], ordered=False, categories_dtype=object), 'state': dtype('O')}
2026-01-09 18:54:44,081 - dq_unified - INFO - First 2 rows (first 3 columns only):
2026-01-09 18:54:44,082 - dq_unified - INFO -   Row 0: {'customername': "'John Doe'", 'email': "'john@email.com'", 'phone': 'np.int64(1234567890)'}
2026-01-09 18:54:44,085 - dq_unified - INFO -   Row 1: {'customername': "'Jane Smith'", 'email': "'jane@email.com'", 'phone': 'np.int64(9876543210)'}
2026-01-09 18:54:44,100 - dq_unified - INFO -   Missing samples: ['None']
2026-01-09 18:54:44,101 - dq_unified - INFO -   Not missing samples: ["'John Doe'", "'Jane Smith'", "'Bob Johnson'"]
2026-01-09 18:54:44,101 - dq_unified - WARNING - Column 'customername': 1 missing cells (6.7%)
2026-01-09 18:54:44,105 - dq_unified - WARNING - Column 'customername': 1 missing cells (6.7%)
2026-01-09 18:54:44,118 - dq_unified - INFO -   Missing samples: ['None']
2026-01-09 18:54:44,119 - dq_unified - INFO -   Not missing samples: ["'john@email.com'", "'jane@email.com'", "'alice@email.com'"]
2026-01-09 18:54:44,119 - dq_unified - WARNING - Column 'email': 1 missing cells (6.7%)
2026-01-09 18:54:44,123 - dq_unified - WARNING - Column 'email': 1 missing cells (6.7%)
2026-01-09 18:54:44,135 - dq_unified - INFO - Column 'phone': No missing cells
2026-01-09 18:54:44,152 - dq_unified - INFO -   Missing samples: ['nan', 'nan']
2026-01-09 18:54:44,152 - dq_unified - INFO -   Not missing samples: ['50000.0', '60000.0', '55000.0']
2026-01-09 18:54:44,153 - dq_unified - WARNING - Column 'salary': 2 missing cells (13.3%)
2026-01-09 18:54:44,157 - dq_unified - WARNING - Column 'salary': 2 missing cells (13.3%)
2026-01-09 18:54:44,170 - dq_unified - INFO -   Missing samples: ['nan']
2026-01-09 18:54:44,170 - dq_unified - INFO -   Not missing samples: ["'IT'", "'HR'", "'Finance'"]
2026-01-09 18:54:44,171 - dq_unified - WARNING - Column 'department': 1 missing cells (6.7%)
2026-01-09 18:54:44,174 - dq_unified - WARNING - Column 'department': 1 missing cells (6.7%)
2026-01-09 18:54:44,189 - dq_unified - INFO - Column 'joindate': No missing cells
2026-01-09 18:54:44,201 - dq_unified - INFO -   Missing samples: ['nan']
2026-01-09 18:54:44,202 - dq_unified - INFO -   Not missing samples: ['10001.0', '10002.0', '10003.0']
2026-01-09 18:54:44,202 - dq_unified - WARNING - Column 'postalcode': 1 missing cells (6.7%)
2026-01-09 18:54:44,202 - dq_unified - WARNING - Column 'postalcode': 1 missing cells (6.7%)
2026-01-09 18:54:44,216 - dq_unified - INFO - Column 'city': No missing cells
2026-01-09 18:54:44,226 - dq_unified - INFO - Column 'country': No missing cells
2026-01-09 18:54:44,236 - dq_unified - INFO -   Missing samples: ['None']
2026-01-09 18:54:44,237 - dq_unified - INFO -   Not missing samples: ["'TS'", "'AP'", "'KL'"]
2026-01-09 18:54:44,238 - dq_unified - WARNING - Column 'state': 1 missing cells (6.7%)
2026-01-09 18:54:44,241 - dq_unified - WARNING - Column 'state': 1 missing cells (6.7%)
2026-01-09 18:54:44,243 - dq_unified - INFO - Total missing cells found: 7
2026-01-09 18:54:44,243 - dq_unified - INFO - ============================================================
2026-01-09 18:54:44,244 - dq_unified - INFO - MISSING VALUE SUMMARY
2026-01-09 18:54:44,245 - dq_unified - INFO - ============================================================
2026-01-09 18:54:44,245 - dq_unified - INFO - customername: 1 missing (6.7%)
2026-01-09 18:54:44,246 - dq_unified - INFO - email: 1 missing (6.7%)
2026-01-09 18:54:44,247 - dq_unified - INFO - salary: 2 missing (13.3%)
2026-01-09 18:54:44,248 - dq_unified - INFO - department: 1 missing (6.7%)
2026-01-09 18:54:44,248 - dq_unified - INFO - postalcode: 1 missing (6.7%)
2026-01-09 18:54:44,249 - dq_unified - INFO - state: 1 missing (6.7%)
2026-01-09 18:54:44,250 - dq_unified - INFO - ============================================================
2026-01-09 18:54:44,251 - dq_unified - INFO - Checking for duplicate rows
2026-01-09 18:54:44,251 - dq_unified - INFO - Cleaning data (removing whitespace)...
2026-01-09 18:54:44,252 - dq_unified - INFO - Columns after cleaning: ['customername', 'email', 'phone', 'salary', 'department', 'joindate', 'postalcode', 'city', 'country', 'state']
2026-01-09 18:54:44,263 - dq_unified - INFO - Sample of first column after cleaning: 'John Doe'
2026-01-09 18:54:44,263 - dq_unified - INFO - Sample of row 6 first column: 'John Doe'
2026-01-09 18:54:44,263 - dq_unified - INFO - Total rows to check: 15
2026-01-09 18:54:44,264 - dq_unified - INFO - Checking first column 'customername' for serial numbers
2026-01-09 18:54:44,265 - dq_unified - INFO - First 5 values: ['John Doe', 'Jane Smith', 'Bob Johnson', 'Alice Brown', 'Charlie Wilson']
2026-01-09 18:54:44,265 - dq_unified - INFO -   Row 1: 'John Doe' → Not numeric
2026-01-09 18:54:44,266 - dq_unified - INFO -   Row 2: 'Jane Smith' → Not numeric
2026-01-09 18:54:44,266 - dq_unified - INFO -   Row 3: 'Bob Johnson' → Not numeric
2026-01-09 18:54:44,270 - dq_unified - INFO - Not enough numeric values to be serial: []
2026-01-09 18:54:44,273 - dq_unified - INFO - Checking duplicates on ALL columns
2026-01-09 18:54:44,273 - dq_unified - INFO - First few rows for comparison:
2026-01-09 18:54:44,274 - dq_unified - INFO -   Row 0: {'customername': 'John Doe', 'email': 'john@email.com', 'phone': '1234567890'}
2026-01-09 18:54:44,275 - dq_unified - INFO -   Row 1: {'customername': 'Jane Smith', 'email': 'jane@email.com', 'phone': '9876543210'}
2026-01-09 18:54:44,275 - dq_unified - INFO -   Row 2: {'customername': 'Bob Johnson', 'email': 'None', 'phone': '5551234567'}
2026-01-09 18:54:44,277 - dq_unified - INFO - Duplicate mask found 2 rows
2026-01-09 18:54:44,278 - dq_unified - INFO - Found 2 potential duplicate rows
2026-01-09 18:54:44,280 - dq_unified - INFO - Unique duplicate groups: 1
2026-01-09 18:54:44,280 - dq_unified - INFO - Duplicate groups found:
2026-01-09 18:54:44,282 - dq_unified - INFO -   Group sample: Pandas(Index=0, customername='John Doe', email='john@email.com', phone='1234567890', salary='50000.0', department='IT', joindate='1673740800000000000', postalcode='10001.0', city='New York', country='USA', state='TS')
2026-01-09 18:54:44,282 - dq_unified - INFO - Processing 2 duplicate indices
2026-01-09 18:54:44,283 - dq_unified - INFO - FINAL RESULT: Found 2 duplicate groups
2026-01-09 18:54:44,285 - dq_unified - INFO - Checking data formats
2026-01-09 18:54:44,294 - dq_unified - INFO - Detected email as email type
2026-01-09 18:54:44,294 - dq_unified - WARNING -   Row 9: 'invalid-email...' doesn't match Valid email format (user@domain.com)
2026-01-09 18:54:44,297 - dq_unified - INFO - Detected phone as phone type
2026-01-09 18:54:44,299 - dq_unified - WARNING -   Row 14: '1112222...' doesn't match Valid phone number format
2026-01-09 18:54:44,303 - dq_unified - INFO - Detected salary as numeric type
2026-01-09 18:54:44,306 - dq_unified - INFO - Detected joindate as numeric type
2026-01-09 18:54:44,308 - dq_unified - INFO - Detected postalcode as numeric type
2026-01-09 18:54:44,316 - dq_unified - INFO - Total format issues found: 2
2026-01-09 18:54:44,316 - dq_unified - INFO - Checking mandatory fields
2026-01-09 18:54:44,317 - dq_unified - INFO - Available columns: ['customername', 'email', 'phone', 'salary', 'department', 'joindate', 'postalcode', 'city', 'country', 'state']
2026-01-09 18:54:46,584 - dq_unified - INFO - Checking ALL columns as mandatory: ['customername', 'email', 'phone', 'salary', 'department', 'joindate', 'postalcode', 'city', 'country', 'state']
2026-01-09 18:54:46,598 - dq_unified - WARNING - Mandatory field 'customername': 1 missing values (93.3% filled)
2026-01-09 18:54:46,607 - dq_unified - WARNING - Mandatory field 'email': 1 missing values (93.3% filled)
2026-01-09 18:54:46,618 - dq_unified - INFO - Mandatory field 'phone': 100.0% filled
2026-01-09 18:54:46,632 - dq_unified - WARNING - Mandatory field 'salary': 2 missing values (86.7% filled)
2026-01-09 18:54:46,645 - dq_unified - WARNING - Mandatory field 'department': 1 missing values (93.3% filled)
2026-01-09 18:54:46,656 - dq_unified - INFO - Mandatory field 'joindate': 100.0% filled
2026-01-09 18:54:46,669 - dq_unified - WARNING - Mandatory field 'postalcode': 1 missing values (93.3% filled)
2026-01-09 18:54:46,680 - dq_unified - INFO - Mandatory field 'city': 100.0% filled
2026-01-09 18:54:46,688 - dq_unified - INFO - Mandatory field 'country': 100.0% filled
2026-01-09 18:54:46,700 - dq_unified - WARNING - Mandatory field 'state': 1 missing values (93.3% filled)
2026-01-09 18:54:46,701 - dq_unified - INFO - All columns mandatory: 6 unique rows with missing values
2026-01-09 18:54:46,701 - dq_unified - INFO - Calculating quality score
2026-01-09 18:54:46,705 - dq_unified - INFO - Quality Score Calculation:
2026-01-09 18:54:46,705 - dq_unified - INFO -   Total rows: 15
2026-01-09 18:54:46,706 - dq_unified - INFO -   Bad Rows: 8
2026-01-09 18:54:46,706 - dq_unified - INFO -   Good rows (no issues): 7
2026-01-09 18:54:46,707 - dq_unified - INFO -   Quality Score: 46.67%
2026-01-09 18:54:46,707 - dq_unified - INFO - Generating detailed data quality report
2026-01-09 18:54:46,708 - dq_unified - INFO - Report for: Database: postgresql - Table: customers, Records: 15, Columns: 10
2026-01-09 18:54:46,709 - dq_unified - INFO - Overall quality score: 46.7%
2026-01-09 18:54:46,710 - dq_error_log - INFO - ErrorLogger initialized with database: dq_checks
2026-01-09 18:54:46,710 - dq_unified - INFO - Error Logger Session ID: SINGLE_20260109_185446
2026-01-09 18:54:47,170 - dq_audit - INFO - Audit class initialized with database: dq_checks
2026-01-09 18:54:47,170 - dq_audit - INFO - Starting database insertion for single_source...
2026-01-09 18:54:47,197 - dq_audit - INFO - Inserted single_source record with ID: 597
2026-01-09 18:54:47,198 - dq_unified - INFO - Audit logged for session: DQ_20260109_185447
2026-01-09 18:54:47,205 - dq_unified - INFO - Analysis completed successfully for Database: postgresql - Table: customers
2026-01-09 18:54:47,206 - __main__ - INFO - Single Source Analysis completed successfully
2026-01-09 18:54:47,206 - __main__ - INFO - Displaying main menu options to user
2026-01-09 22:16:34,823 - __main__ - INFO - User selected option: 6
2026-01-09 22:16:34,827 - __main__ - INFO - User session ended. Duration: 3:22:19.935981
2026-01-09 22:16:34,827 - __main__ - INFO - 👋 Thank you for using Universal Data Quality Framework!
