2025-12-26 18:58:50,207 - root - INFO - CLI Mode Logging Initialized
2025-12-26 18:58:50,207 - root - INFO - CLI logs will be saved to: logs/dq_framework_20251226_185850.log
2025-12-26 18:58:50,207 - __main__ - INFO - 🚀 UNIVERSAL DATA QUALITY FRAMEWORK INITIALIZED
2025-12-26 18:58:50,208 - __main__ - INFO - Starting system resource check
2025-12-26 18:58:50,212 - __main__ - INFO - Total RAM: 15.7 GB
2025-12-26 18:58:50,213 - __main__ - INFO - Available RAM: 1.9 GB
2025-12-26 18:58:50,213 - __main__ - INFO - Memory used: 87.7%
2025-12-26 18:58:50,213 - __main__ - INFO - Memory status: OK
2025-12-26 18:58:50,214 - __main__ - INFO - Free disk space: 256.5 GB
2025-12-26 18:58:50,214 - __main__ - INFO - Disk used: 46.1%
2025-12-26 18:58:50,214 - __main__ - INFO - Disk space: OK
2025-12-26 18:58:50,715 - __main__ - INFO - CPU cores: 8
2025-12-26 18:58:50,715 - __main__ - INFO - CPU usage: 35.5%
2025-12-26 18:58:50,715 - __main__ - INFO - Python version: 3.12.4
2025-12-26 18:58:50,716 - __main__ - INFO - System platform: win32
2025-12-26 18:58:50,716 - __main__ - INFO - User session started at: 2025-12-26 18:58:50.716901
2025-12-26 18:58:50,716 - __main__ - INFO - Displaying main menu options to user
2025-12-26 18:58:51,763 - __main__ - INFO - User selected option: 1
2025-12-26 18:58:51,764 - __main__ - INFO - Starting Single Source Analysis module
2025-12-26 18:58:51,767 - dq_unified - INFO - Starting unified data quality analysis
2025-12-26 18:58:51,767 - dq_unified - INFO - Prompting user for data source type
2025-12-26 18:58:51,767 - dq_unified - INFO - UI Data source_type: No UI data
2025-12-26 18:58:52,868 - dq_unified - INFO - User selected source type: 1
2025-12-26 18:58:55,210 - dq_unified - INFO - Loading data from CSV
2025-12-26 18:58:55,211 - dq_unified - INFO - Loading data from CSV
2025-12-26 18:58:55,211 - dq_unified - INFO - Loading large CSV: C:\Users\003160\OneDrive - wisseninfotech.com\Documents\DQ-Checks-Shashi\Test_data\source_data_90k.csv
2025-12-26 18:58:55,248 - dq_unified - INFO - CSV file has 92,875 rows
2025-12-26 18:58:55,249 - dq_unified - INFO - Loading 92,875 rows from CSV...
2025-12-26 18:58:55,496 - dq_unified - INFO - Loaded 89,999 rows from CSV
2025-12-26 18:58:55,809 - dq_unified - INFO - Memory optimization: 45.4MB -> 17.1MB (Saved: 28.3MB)
2025-12-26 18:58:55,865 - dq_unified - INFO - Loaded 89,999 rows, 12 columns. Memory: 110.3MB total, 17.1MB for dataframe
2025-12-26 18:58:55,866 - dq_unified - INFO - DATA PREVIEW:
2025-12-26 18:58:55,867 - dq_unified - INFO -    Total rows: 89,999
2025-12-26 18:58:55,867 - dq_unified - INFO -    Total columns: 12
2025-12-26 18:58:55,868 - dq_unified - INFO -    Columns: ['id', 'customer_id', 'transaction_id', 'customer_name', 'email', 'phone', 'transaction_date', 'amount', 'quantity', 'age', 'status', 'description']
2025-12-26 18:58:55,869 - dq_unified - INFO - Running quality checks
2025-12-26 18:58:55,869 - dq_unified - INFO - Checking for null cells (not empty strings)
2025-12-26 18:58:55,870 - dq_unified - INFO - Column 'id': No null cells
2025-12-26 18:58:55,872 - dq_unified - INFO - Column 'customer_id': No null cells
2025-12-26 18:58:55,875 - dq_unified - INFO - Column 'transaction_id': No null cells
2025-12-26 18:58:55,876 - dq_unified - WARNING - Column 'customer_name': 3510 null cells (3.9%)
2025-12-26 18:58:55,911 - dq_unified - WARNING - Column 'email': 1516 null cells (1.7%)
2025-12-26 18:58:55,928 - dq_unified - WARNING - Column 'phone': 1280 null cells (1.4%)
2025-12-26 18:58:55,944 - dq_unified - INFO - Column 'transaction_date': No null cells
2025-12-26 18:58:55,945 - dq_unified - WARNING - Column 'amount': 1133 null cells (1.3%)
2025-12-26 18:58:55,956 - dq_unified - INFO - Column 'quantity': No null cells
2025-12-26 18:58:55,957 - dq_unified - INFO - Column 'age': No null cells
2025-12-26 18:58:55,958 - dq_unified - INFO - Column 'status': No null cells
2025-12-26 18:58:55,960 - dq_unified - INFO - Column 'description': No null cells
2025-12-26 18:58:55,960 - dq_unified - INFO - Total null cells found: 7,439
2025-12-26 18:58:55,961 - dq_unified - INFO - Checking for duplicate rows
2025-12-26 18:58:55,961 - dq_unified - INFO - Processing 89,999 rows for duplicates
2025-12-26 18:58:55,961 - dq_unified - INFO - Large dataset detected, using optimized duplicate check
2025-12-26 18:58:56,166 - dq_unified - INFO - Automatically detecting key field duplicates
2025-12-26 18:58:56,198 - dq_unified - INFO - Detected potential key fields: ['id', 'customer_id', 'transaction_id', 'customer_name', 'email', 'transaction_date']
2025-12-26 18:58:56,201 - dq_unified - WARNING - Found 203 duplicate values in field 'id'
2025-12-26 18:58:56,224 - dq_unified - WARNING - Found 402 duplicate values in field 'customer_id'
2025-12-26 18:58:56,242 - dq_unified - WARNING - Found 402 duplicate values in field 'transaction_id'
2025-12-26 18:58:56,245 - dq_unified - WARNING - Found 89,799 duplicate values in field 'customer_name'
2025-12-26 18:58:56,252 - dq_unified - WARNING - Found 89,318 duplicate values in field 'email'
2025-12-26 18:58:56,262 - dq_unified - WARNING - Found 89,412 duplicate values in field 'transaction_date'
2025-12-26 18:58:56,282 - dq_unified - INFO - Checking data formats with intelligent, adaptive detection
2025-12-26 18:58:56,283 - dq_unified - INFO - Analyzing column 'id' with 89999 non-null values
2025-12-26 18:58:56,285 - dq_unified - INFO -   ✓ Column 'id' matches 'numeric' pattern with 100.0% confidence
2025-12-26 18:58:56,410 - dq_unified - INFO - Analyzing column 'customer_id' with 89999 non-null values
2025-12-26 18:58:56,411 - dq_unified - INFO -   ✓ Column 'customer_id' matches 'code_id' pattern with 100.0% confidence
2025-12-26 18:58:56,526 - dq_unified - INFO - Analyzing column 'transaction_id' with 89999 non-null values
2025-12-26 18:58:56,526 - dq_unified - INFO -   ✓ Column 'transaction_id' matches 'code_id' pattern with 100.0% confidence
2025-12-26 18:58:56,640 - dq_unified - INFO - Analyzing column 'customer_name' with 86489 non-null values
2025-12-26 18:58:56,643 - dq_unified - INFO - Analyzing column 'email' with 88483 non-null values
2025-12-26 18:58:56,643 - dq_unified - INFO -   ✓ Column 'email' matches 'email' pattern with 100.0% confidence
2025-12-26 18:58:56,647 - dq_unified - WARNING -     Row 38: 'lisa.miller_outlook.com...' doesn't match Valid email format (user@domain.com)
2025-12-26 18:58:56,648 - dq_unified - WARNING -     Row 41: EMPTY value doesn't match Valid email format (user@domain.com)
2025-12-26 18:58:56,649 - dq_unified - WARNING -     Row 223: 'richard.miller.company.com...' doesn't match Valid email format (user@domain.com)
2025-12-26 18:58:56,844 - dq_unified - INFO -     Found 2242 format issues in column 'email'
2025-12-26 18:58:56,850 - dq_unified - INFO - Analyzing column 'phone' with 88719 non-null values
2025-12-26 18:58:56,851 - dq_unified - INFO -   ✓ Column 'phone' matches 'phone' pattern with 90.0% confidence
2025-12-26 18:58:56,851 - dq_unified - WARNING -     Row 19: '1-212-661-4003...' doesn't match Valid phone number (10-15 digits, optional country code)
2025-12-26 18:58:56,851 - dq_unified - WARNING -     Row 20: '1-212-914-1864...' doesn't match Valid phone number (10-15 digits, optional country code)
2025-12-26 18:58:56,852 - dq_unified - WARNING -     Row 23: '1-212-668-8253...' doesn't match Valid phone number (10-15 digits, optional country code)
2025-12-26 18:58:57,360 - dq_unified - INFO -     Found 19032 format issues in column 'phone'
2025-12-26 18:58:57,363 - dq_unified - INFO - Analyzing column 'transaction_date' with 89999 non-null values
2025-12-26 18:58:57,363 - dq_unified - INFO -   ✓ Column 'transaction_date' matches 'code_id' pattern with 100.0% confidence
2025-12-26 18:58:57,366 - dq_unified - WARNING -     Row 27: '10/18/2023...' doesn't match Alphanumeric code or ID
2025-12-26 18:58:57,366 - dq_unified - WARNING -     Row 28: '04/22/2023...' doesn't match Alphanumeric code or ID
2025-12-26 18:58:57,366 - dq_unified - WARNING -     Row 31: '05/15/2023...' doesn't match Alphanumeric code or ID
2025-12-26 18:58:57,698 - dq_unified - INFO -     Found 10847 format issues in column 'transaction_date'
2025-12-26 18:58:57,699 - dq_unified - INFO - Analyzing column 'amount' with 88866 non-null values
2025-12-26 18:58:57,700 - dq_unified - INFO -   ✓ Column 'amount' matches 'numeric' pattern with 100.0% confidence
2025-12-26 18:58:57,702 - dq_unified - WARNING -     Row 268: EMPTY value doesn't match Valid numeric value (integers or decimals)
2025-12-26 18:58:57,703 - dq_unified - WARNING -     Row 311: EMPTY value doesn't match Valid numeric value (integers or decimals)
2025-12-26 18:58:57,703 - dq_unified - WARNING -     Row 317: EMPTY value doesn't match Valid numeric value (integers or decimals)
2025-12-26 18:58:57,882 - dq_unified - INFO -     Found 1133 format issues in column 'amount'
2025-12-26 18:58:57,884 - dq_unified - INFO - Analyzing column 'quantity' with 89999 non-null values
2025-12-26 18:58:57,884 - dq_unified - INFO -   ✓ Column 'quantity' matches 'numeric' pattern with 100.0% confidence
2025-12-26 18:58:57,990 - dq_unified - INFO - Analyzing column 'age' with 89999 non-null values
2025-12-26 18:58:57,991 - dq_unified - INFO -   ✓ Column 'age' matches 'numeric' pattern with 100.0% confidence
2025-12-26 18:58:58,099 - dq_unified - INFO - Analyzing column 'status' with 89999 non-null values
2025-12-26 18:58:58,100 - dq_unified - INFO -   ✓ Column 'status' matches 'code_id' pattern with 100.0% confidence
2025-12-26 18:58:58,212 - dq_unified - INFO - Analyzing column 'description' with 89999 non-null values
2025-12-26 18:58:58,212 - dq_unified - INFO - Total format issues found: 33,254
2025-12-26 18:58:58,214 - dq_unified - INFO - Checking mandatory fields
2025-12-26 18:58:58,215 - dq_unified - INFO - DEBUG: UI data for mandatory fields: None
2025-12-26 18:58:58,215 - dq_unified - INFO - Available columns: ['id', 'customer_id', 'transaction_id', 'customer_name', 'email', 'phone', 'transaction_date', 'amount', 'quantity', 'age', 'status', 'description']
2025-12-26 18:58:59,830 - dq_unified - INFO - Checking ALL columns as mandatory: ['id', 'customer_id', 'transaction_id', 'customer_name', 'email', 'phone', 'transaction_date', 'amount', 'quantity', 'age', 'status', 'description']
2025-12-26 18:58:59,832 - dq_unified - INFO - Mandatory field 'id': 100.0% filled
2025-12-26 18:58:59,851 - dq_unified - INFO - Mandatory field 'customer_id': 100.0% filled
2025-12-26 18:58:59,872 - dq_unified - INFO - Mandatory field 'transaction_id': 100.0% filled
2025-12-26 18:58:59,873 - dq_unified - WARNING - Mandatory field 'customer_name': 3,510 missing values (96.1% filled)
2025-12-26 18:58:59,913 - dq_unified - WARNING - Mandatory field 'email': 1,516 missing values (98.3% filled)
2025-12-26 18:58:59,952 - dq_unified - WARNING - Mandatory field 'phone': 1,280 missing values (98.6% filled)
2025-12-26 18:58:59,992 - dq_unified - INFO - Mandatory field 'transaction_date': 100.0% filled
2025-12-26 18:58:59,993 - dq_unified - WARNING - Mandatory field 'amount': 1,133 missing values (98.7% filled)
2025-12-26 18:59:00,010 - dq_unified - INFO - Mandatory field 'quantity': 100.0% filled
2025-12-26 18:59:00,011 - dq_unified - INFO - Mandatory field 'age': 100.0% filled
2025-12-26 18:59:00,011 - dq_unified - INFO - Mandatory field 'status': 100.0% filled
2025-12-26 18:59:00,013 - dq_unified - INFO - Mandatory field 'description': 100.0% filled
2025-12-26 18:59:00,014 - dq_unified - INFO - Mandatory field check completed: 4 columns with issues, 7439 total missing values
2025-12-26 18:59:00,014 - dq_unified - INFO - Calculating overall quality score
2025-12-26 18:59:00,014 - dq_unified - INFO - Estimating issue rows from counts
2025-12-26 18:59:00,016 - dq_unified - INFO - Estimated 32831 rows with issues
2025-12-26 18:59:00,016 - dq_unified - INFO - Quality Score Calculation:
2025-12-26 18:59:00,016 - dq_unified - INFO -   Total rows: 89,999
2025-12-26 18:59:00,017 - dq_unified - INFO -   Rows with issues: 32,831
2025-12-26 18:59:00,019 - dq_unified - INFO -   Good rows: 57,168
2025-12-26 18:59:00,020 - dq_unified - INFO -   Quality Score: 63.52%
2025-12-26 18:59:00,021 - dq_unified - INFO - Generating detailed data quality report
2025-12-26 18:59:00,021 - dq_unified - INFO - Report for: CSV: source_data_90k.csv, Records: 89,999, Columns: 12
2025-12-26 18:59:00,021 - dq_unified - INFO - Overall quality score: 63.5%
2025-12-26 18:59:00,022 - dq_error_log - INFO - ErrorLogger initialized with database: dq_checks
2025-12-26 18:59:00,022 - dq_unified - INFO - Error Logger Session ID: SINGLE_20251226_185900
2025-12-26 18:59:03,270 - dq_audit - INFO - Audit class initialized with database: dq_checks
2025-12-26 18:59:03,270 - dq_audit - INFO - Starting database insertion for single_source...
2025-12-26 18:59:03,284 - dq_audit - INFO - Inserted single_source record with ID: 368
2025-12-26 18:59:03,284 - dq_unified - INFO - Audit logged for session: DQ_20251226_185903
2025-12-26 18:59:03,286 - dq_unified - INFO - Analysis completed successfully for CSV: source_data_90k.csv
2025-12-26 18:59:03,298 - __main__ - INFO - Single Source Analysis completed successfully
2025-12-26 18:59:03,298 - __main__ - INFO - Displaying main menu options to user
2025-12-26 19:05:17,213 - __main__ - INFO - User selected option: 6
2025-12-26 19:05:17,214 - __main__ - INFO - User session ended. Duration: 0:06:26.497809
2025-12-26 19:05:17,215 - __main__ - INFO - 👋 Thank you for using Universal Data Quality Framework!
