2025-12-09 14:24:28,877 - __main__ - INFO - 🚀 UNIVERSAL DATA QUALITY FRAMEWORK INITIALIZED
2025-12-09 14:24:29,385 - __main__ - INFO - User session started at: 2025-12-09 14:24:29.385996
2025-12-09 14:24:29,386 - __main__ - INFO - Displaying main menu options to user
2025-12-09 14:24:31,961 - __main__ - INFO - User selected option: 1
2025-12-09 14:24:31,963 - __main__ - INFO - Starting Single Source Analysis module
2025-12-09 14:24:31,970 - dq_unified - INFO - STARTING UNIFIED DATA QUALITY ANALYSIS
2025-12-09 14:24:31,970 - dq_unified - INFO - PROMPTING USER FOR DATA SOURCE TYPE
2025-12-09 14:24:33,463 - dq_unified - INFO - User selected source type: 1
2025-12-09 14:24:33,464 - dq_unified - INFO - Getting CSV file path from user
2025-12-09 14:24:35,430 - dq_unified - INFO - File path validated: C:\Users\003160\OneDrive - wisseninfotech.com\Documents\DQ-Checks-Shashi\Test_data\Target_data_100k.csv (12.9MB)
2025-12-09 14:24:35,431 - dq_unified - INFO - LOADING DATA FROM CSV
2025-12-09 14:24:35,431 - dq_unified - INFO - LOADING DATA FROM CSV
2025-12-09 14:24:35,445 - dq_unified - INFO - Loading large CSV: C:\Users\003160\OneDrive - wisseninfotech.com\Documents\DQ-Checks-Shashi\Test_data\Target_data_100k.csv
2025-12-09 14:24:35,504 - dq_unified - INFO - CSV file has 103,718 rows
2025-12-09 14:24:35,506 - dq_unified - INFO - Loading 103,718 rows from CSV...
2025-12-09 14:24:35,865 - dq_unified - INFO - Loaded 100,500 rows from CSV
2025-12-09 14:24:36,250 - dq_unified - INFO - Memory optimization: 50.7MB -> 19.2MB (Saved: 31.5MB)
2025-12-09 14:24:36,331 - dq_unified - INFO - Loaded 100,500 rows, 12 columns. Memory: 112.5MB total, 19.2MB for dataframe
2025-12-09 14:24:36,336 - dq_unified - INFO - DATA PREVIEW:
2025-12-09 14:24:36,338 - dq_unified - INFO -    Total rows: 100,500
2025-12-09 14:24:36,339 - dq_unified - INFO -    Total columns: 12
2025-12-09 14:24:36,339 - dq_unified - INFO -    Columns: ['id', 'customer_id', 'transaction_id', 'customer_name', 'email', 'phone', 'transaction_date', 'amount', 'quantity', 'age', 'status', 'description']
2025-12-09 14:24:36,340 - dq_unified - INFO - RUNNING QUALITY CHECKS
2025-12-09 14:24:36,341 - dq_unified - INFO - CHECKING FOR EMPTY CELLS
2025-12-09 14:24:36,344 - dq_unified - INFO - Column 'id': No empty cells
2025-12-09 14:24:36,380 - dq_unified - INFO - Column 'customer_id': No empty cells
2025-12-09 14:24:36,407 - dq_unified - INFO - Column 'transaction_id': No empty cells
2025-12-09 14:24:36,409 - dq_unified - WARNING - Column 'customer_name': 3942 empty cells (3.9%)
2025-12-09 14:24:36,416 - dq_unified - WARNING - Column 'email': 1677 empty cells (1.7%)
2025-12-09 14:24:36,455 - dq_unified - WARNING - Column 'phone': 1436 empty cells (1.4%)
2025-12-09 14:24:36,490 - dq_unified - INFO - Column 'transaction_date': No empty cells
2025-12-09 14:24:36,494 - dq_unified - WARNING - Column 'amount': 1260 empty cells (1.3%)
2025-12-09 14:24:36,499 - dq_unified - INFO - Column 'quantity': No empty cells
2025-12-09 14:24:36,500 - dq_unified - INFO - Column 'age': No empty cells
2025-12-09 14:24:36,501 - dq_unified - INFO - Column 'status': No empty cells
2025-12-09 14:24:36,502 - dq_unified - INFO - Column 'description': No empty cells
2025-12-09 14:24:36,502 - dq_unified - INFO - Total empty cells found: 8,315
2025-12-09 14:24:36,504 - dq_unified - INFO - CHECKING FOR DUPLICATE ROWS
2025-12-09 14:24:36,614 - dq_unified - WARNING - Found 250 duplicate rows (0.2%)
2025-12-09 14:24:36,617 - dq_unified - INFO - Skipping automatic format checking (disabled)
2025-12-09 14:24:36,624 - dq_unified - INFO - CHECKING MANDATORY FIELDS
2025-12-09 14:24:47,461 - dq_unified - INFO - Mandatory field 'id': 100.0% filled
2025-12-09 14:24:47,497 - dq_unified - INFO - Mandatory field 'customer_id': 100.0% filled
2025-12-09 14:24:47,543 - dq_unified - INFO - Mandatory field 'transaction_id': 100.0% filled
2025-12-09 14:24:47,547 - dq_unified - WARNING - Mandatory field 'customer_name': 3,942 missing values (96.1% filled)
2025-12-09 14:24:47,555 - dq_unified - WARNING - Mandatory field 'email': 1,677 missing values (98.3% filled)
2025-12-09 14:24:47,593 - dq_unified - WARNING - Mandatory field 'phone': 1,436 missing values (98.6% filled)
2025-12-09 14:24:47,631 - dq_unified - INFO - Mandatory field 'transaction_date': 100.0% filled
2025-12-09 14:24:47,635 - dq_unified - WARNING - Mandatory field 'amount': 1,260 missing values (98.7% filled)
2025-12-09 14:24:47,639 - dq_unified - INFO - Mandatory field 'quantity': 100.0% filled
2025-12-09 14:24:47,641 - dq_unified - INFO - Mandatory field 'age': 100.0% filled
2025-12-09 14:24:47,642 - dq_unified - INFO - Mandatory field 'status': 100.0% filled
2025-12-09 14:24:47,644 - dq_unified - INFO - Mandatory field 'description': 100.0% filled
2025-12-09 14:24:47,646 - dq_unified - INFO - Mandatory field check completed: 4 issues found
2025-12-09 14:24:47,647 - dq_unified - INFO - CALCULATING OVERALL QUALITY SCORE
2025-12-09 14:24:47,647 - dq_unified - INFO - Quality score: 99.6% (Issues: nulls=8,315, duplicates=250, formats=0, mandatory=4)
2025-12-09 14:24:47,648 - dq_unified - INFO - GENERATING DETAILED DATA QUALITY REPORT
2025-12-09 14:24:47,649 - dq_unified - INFO - Report for: CSV: Target_data_100k.csv, Records: 100,500, Columns: 12
2025-12-09 14:24:47,649 - dq_unified - INFO - Overall quality score: 99.6%
2025-12-09 14:24:47,650 - dq_error_log - INFO - ErrorLogger initialized with database: dq_checks
2025-12-09 14:24:47,651 - dq_unified - INFO - Error Logger Session ID: SINGLE_20251209_142447
2025-12-09 14:24:47,651 - dq_unified - INFO - DETAILED ISSUE BREAKDOWN:
2025-12-09 14:24:47,652 - dq_unified - WARNING - Empty cells found: 8,315 total
2025-12-09 14:24:49,270 - dq_unified - INFO - FORMAT ISSUES: Automatic checking disabled
2025-12-09 14:24:49,271 - dq_unified - WARNING - Missing mandatory fields: 40 total
2025-12-09 14:24:49,888 - dq_unified - INFO - RECOMMENDATIONS:
2025-12-09 14:24:49,888 - dq_unified - INFO - Recommendations: ['Fill in empty cells in identified rows', 'Ensure mandatory fields are populated', 'Use Source-Target Comparison for detailed format validation']
2025-12-09 14:24:49,895 - dq_audit - INFO - Audit class initialized with database: dq_checks
2025-12-09 14:24:49,895 - dq_audit - INFO - Starting database insertion for single_source...
2025-12-09 14:24:49,921 - dq_audit - INFO - Inserted single_source record
2025-12-09 14:24:49,921 - dq_audit - INFO - single_source audit record successfully stored in database
2025-12-09 14:24:49,922 - dq_unified - INFO - Audit logged for session: DQ_20251209_142449
2025-12-09 14:24:49,927 - dq_unified - INFO - ERROR LOGGING SUMMARY: Session ID: SINGLE_20251209_142447
2025-12-09 14:24:49,928 - dq_unified - INFO - Total errors logged: Nulls=8315, Duplicates=0, Mandatory=40
2025-12-09 14:24:49,930 - dq_unified - INFO - Check dq_error_logs table for error details
2025-12-09 14:24:49,931 - dq_unified - INFO - Analysis completed successfully for CSV: Target_data_100k.csv
2025-12-09 14:24:49,938 - __main__ - INFO - Single Source Analysis completed successfully
2025-12-09 14:24:49,939 - __main__ - INFO - Displaying main menu options to user
2025-12-09 14:24:58,080 - __main__ - INFO - User selected option: 1
2025-12-09 14:24:58,080 - __main__ - INFO - Starting Single Source Analysis module
2025-12-09 14:24:58,080 - dq_unified - INFO - STARTING UNIFIED DATA QUALITY ANALYSIS
2025-12-09 14:24:58,080 - dq_unified - INFO - PROMPTING USER FOR DATA SOURCE TYPE
2025-12-09 14:25:00,313 - dq_unified - INFO - User selected source type: 3
2025-12-09 14:25:00,314 - dq_unified - INFO - GETTING DATABASE CONFIGURATION
2025-12-09 14:25:03,674 - dq_unified - INFO - User selected database type: 2
2025-12-09 14:25:14,894 - dq_unified - INFO - Database configuration collected: mysql, Table: employee
2025-12-09 14:25:14,895 - dq_unified - INFO - LOADING DATA FROM DATABASE
2025-12-09 14:25:14,895 - dq_unified - INFO - LOADING DATA FROM DATABASE
2025-12-09 14:25:14,902 - dq_unified - INFO - Loading large database table: employee
2025-12-09 14:25:15,059 - dq_unified - INFO - MySQL table has 89,999 rows
2025-12-09 14:25:15,062 - dq_unified - INFO - Loading 89,999 rows from MySQL...
2025-12-09 14:25:17,202 - dq_unified - INFO - Loaded 89,999 rows from MySQL
2025-12-09 14:25:17,942 - dq_unified - INFO - Memory optimization: 60.7MB -> 25.7MB (Saved: 35.0MB)
2025-12-09 14:25:18,054 - dq_unified - INFO - Loaded 89,999 rows, 12 columns. Memory: 189.9MB total, 25.7MB for dataframe
2025-12-09 14:25:18,057 - dq_unified - INFO - DATA PREVIEW:
2025-12-09 14:25:18,062 - dq_unified - INFO -    Total rows: 89,999
2025-12-09 14:25:18,062 - dq_unified - INFO -    Total columns: 12
2025-12-09 14:25:18,063 - dq_unified - INFO -    Columns: ['id', 'customer_id', 'transaction_id', 'customer_name', 'email', 'phone', 'transaction_date', 'amount', 'quantity', 'age', 'status', 'description']
2025-12-09 14:25:18,064 - dq_unified - INFO - RUNNING QUALITY CHECKS
2025-12-09 14:25:18,064 - dq_unified - INFO - CHECKING FOR EMPTY CELLS
2025-12-09 14:25:18,111 - dq_unified - INFO - Column 'id': No empty cells
2025-12-09 14:25:18,159 - dq_unified - INFO - Column 'customer_id': No empty cells
2025-12-09 14:25:18,227 - dq_unified - INFO - Column 'transaction_id': No empty cells
2025-12-09 14:25:18,232 - dq_unified - WARNING - Column 'customer_name': 3510 empty cells (3.9%)
2025-12-09 14:25:18,240 - dq_unified - WARNING - Column 'email': 1516 empty cells (1.7%)
2025-12-09 14:25:18,314 - dq_unified - WARNING - Column 'phone': 1280 empty cells (1.4%)
2025-12-09 14:25:18,378 - dq_unified - INFO - Column 'transaction_date': No empty cells
2025-12-09 14:25:18,422 - dq_unified - WARNING - Column 'amount': 1133 empty cells (1.3%)
2025-12-09 14:25:18,486 - dq_unified - INFO - Column 'quantity': No empty cells
2025-12-09 14:25:18,490 - dq_unified - INFO - Column 'age': No empty cells
2025-12-09 14:25:18,495 - dq_unified - INFO - Column 'status': No empty cells
2025-12-09 14:25:18,498 - dq_unified - INFO - Column 'description': No empty cells
2025-12-09 14:25:18,500 - dq_unified - INFO - Total empty cells found: 7,439
2025-12-09 14:25:18,502 - dq_unified - INFO - CHECKING FOR DUPLICATE ROWS
2025-12-09 14:25:18,717 - dq_unified - WARNING - Found 203 duplicate rows (0.2%)
2025-12-09 14:25:18,719 - dq_unified - INFO - Skipping automatic format checking (disabled)
2025-12-09 14:25:18,729 - dq_unified - INFO - CHECKING MANDATORY FIELDS
2025-12-09 14:25:22,550 - dq_unified - INFO - Mandatory field 'id': 100.0% filled
2025-12-09 14:25:22,598 - dq_unified - INFO - Mandatory field 'customer_id': 100.0% filled
2025-12-09 14:25:22,649 - dq_unified - INFO - Mandatory field 'transaction_id': 100.0% filled
2025-12-09 14:25:22,654 - dq_unified - WARNING - Mandatory field 'customer_name': 3,510 missing values (96.1% filled)
2025-12-09 14:25:22,663 - dq_unified - WARNING - Mandatory field 'email': 1,516 missing values (98.3% filled)
2025-12-09 14:25:22,733 - dq_unified - WARNING - Mandatory field 'phone': 1,280 missing values (98.6% filled)
2025-12-09 14:25:22,793 - dq_unified - INFO - Mandatory field 'transaction_date': 100.0% filled
2025-12-09 14:25:22,831 - dq_unified - WARNING - Mandatory field 'amount': 1,133 missing values (98.7% filled)
2025-12-09 14:25:22,874 - dq_unified - INFO - Mandatory field 'quantity': 100.0% filled
2025-12-09 14:25:22,880 - dq_unified - INFO - Mandatory field 'age': 100.0% filled
2025-12-09 14:25:22,881 - dq_unified - INFO - Mandatory field 'status': 100.0% filled
2025-12-09 14:25:22,885 - dq_unified - INFO - Mandatory field 'description': 100.0% filled
2025-12-09 14:25:22,887 - dq_unified - INFO - Mandatory field check completed: 4 issues found
2025-12-09 14:25:22,888 - dq_unified - INFO - CALCULATING OVERALL QUALITY SCORE
2025-12-09 14:25:22,888 - dq_unified - INFO - Quality score: 99.6% (Issues: nulls=7,439, duplicates=203, formats=0, mandatory=4)
2025-12-09 14:25:22,889 - dq_unified - INFO - GENERATING DETAILED DATA QUALITY REPORT
2025-12-09 14:25:22,890 - dq_unified - INFO - Report for: Database: mysql - Table: employee, Records: 89,999, Columns: 12
2025-12-09 14:25:22,891 - dq_unified - INFO - Overall quality score: 99.6%
2025-12-09 14:25:22,896 - dq_error_log - INFO - ErrorLogger initialized with database: dq_checks
2025-12-09 14:25:22,899 - dq_unified - INFO - Error Logger Session ID: SINGLE_20251209_142522
2025-12-09 14:25:22,899 - dq_unified - INFO - DETAILED ISSUE BREAKDOWN:
2025-12-09 14:25:22,900 - dq_unified - WARNING - Empty cells found: 7,439 total
2025-12-09 14:25:24,231 - dq_unified - INFO - FORMAT ISSUES: Automatic checking disabled
2025-12-09 14:25:24,231 - dq_unified - WARNING - Missing mandatory fields: 40 total
2025-12-09 14:25:24,867 - dq_unified - INFO - RECOMMENDATIONS:
2025-12-09 14:25:24,867 - dq_unified - INFO - Recommendations: ['Fill in empty cells in identified rows', 'Ensure mandatory fields are populated', 'Use Source-Target Comparison for detailed format validation']
2025-12-09 14:25:24,869 - dq_audit - INFO - Audit class initialized with database: dq_checks
2025-12-09 14:25:24,874 - dq_audit - INFO - Starting database insertion for single_source...
2025-12-09 14:25:24,908 - dq_audit - INFO - Inserted single_source record
2025-12-09 14:25:24,909 - dq_audit - INFO - single_source audit record successfully stored in database
2025-12-09 14:25:24,910 - dq_unified - INFO - Audit logged for session: DQ_20251209_142524
2025-12-09 14:25:24,914 - dq_unified - INFO - ERROR LOGGING SUMMARY: Session ID: SINGLE_20251209_142522
2025-12-09 14:25:24,915 - dq_unified - INFO - Total errors logged: Nulls=7439, Duplicates=0, Mandatory=40
2025-12-09 14:25:24,917 - dq_unified - INFO - Check dq_error_logs table for error details
2025-12-09 14:25:24,918 - dq_unified - INFO - Analysis completed successfully for Database: mysql - Table: employee
2025-12-09 14:25:24,955 - __main__ - INFO - Single Source Analysis completed successfully
2025-12-09 14:25:24,956 - __main__ - INFO - Displaying main menu options to user
2025-12-09 14:37:18,746 - __main__ - INFO - User selected option: 2
2025-12-09 14:37:18,747 - __main__ - INFO - Starting Source-Target Comparison module
2025-12-09 14:37:18,755 - dq_comparison - INFO - STARTING UNIVERSAL SOURCE-TARGET COMPARISON TOOL
2025-12-09 14:37:18,756 - dq_comparison - INFO - LOADING SOURCE AND TARGET DATA
2025-12-09 14:37:18,756 - dq_comparison - INFO - SOURCE DATA:
2025-12-09 14:37:18,756 - dq_unified - INFO - PROMPTING USER FOR DATA SOURCE TYPE
2025-12-09 14:37:24,929 - dq_unified - INFO - User selected source type: 3
2025-12-09 14:37:24,930 - dq_unified - INFO - GETTING DATABASE CONFIGURATION
2025-12-09 14:37:26,494 - dq_unified - INFO - User selected database type: 3
2025-12-09 14:37:33,474 - dq_unified - INFO - Database configuration collected: oracle, Table: customers
2025-12-09 14:37:33,476 - dq_comparison - INFO - TARGET DATA:
2025-12-09 14:37:33,479 - dq_unified - INFO - PROMPTING USER FOR DATA SOURCE TYPE
2025-12-09 14:37:35,070 - dq_unified - INFO - User selected source type: 1
2025-12-09 14:37:35,072 - dq_unified - INFO - Getting CSV file path from user
2025-12-09 14:37:59,454 - dq_unified - INFO - File path validated: C:\Users\003160\OneDrive - wisseninfotech.com\Documents\DQ-Checks-Shashi\Test_data\sample_data.csv (0.0MB)
2025-12-09 14:37:59,458 - dq_unified - INFO - LOADING DATA FROM DATABASE
2025-12-09 14:37:59,460 - dq_unified - INFO - Loading large database table: customers
2025-12-09 14:38:00,257 - dq_unified - INFO - Oracle table has 15 rows
2025-12-09 14:38:00,259 - dq_unified - INFO - Loading 15 rows from Oracle...
2025-12-09 14:38:00,276 - dq_unified - INFO - Loaded 15 rows from Oracle
2025-12-09 14:38:00,285 - dq_unified - INFO - Memory optimization: 0.0MB -> 0.0MB (Saved: 0.0MB)
2025-12-09 14:38:00,287 - dq_unified - INFO - Loaded 15 rows, 11 columns. Memory: 129.6MB total, 0.0MB for dataframe
2025-12-09 14:38:00,292 - dq_unified - INFO - LOADING DATA FROM CSV
2025-12-09 14:38:00,300 - dq_unified - INFO - Loading large CSV: C:\Users\003160\OneDrive - wisseninfotech.com\Documents\DQ-Checks-Shashi\Test_data\sample_data.csv
2025-12-09 14:38:00,304 - dq_unified - INFO - CSV file has 15 rows
2025-12-09 14:38:00,306 - dq_unified - INFO - Loading 15 rows from CSV...
2025-12-09 14:38:00,313 - dq_unified - INFO - Loaded 15 rows from CSV
2025-12-09 14:38:00,321 - dq_unified - INFO - Memory optimization: 0.0MB -> 0.0MB (Saved: 0.0MB)
2025-12-09 14:38:00,323 - dq_unified - INFO - Loaded 15 rows, 10 columns. Memory: 129.6MB total, 0.0MB for dataframe
2025-12-09 14:38:00,325 - dq_comparison - INFO - SELECTING COLUMNS FOR COMPARISON
2025-12-09 14:38:00,330 - dq_comparison - INFO - Found 10 common columns between source and target (case-insensitive)
2025-12-09 14:38:17,106 - dq_comparison - INFO - User column selection input: all
2025-12-09 14:38:17,107 - dq_comparison - INFO - User selected ALL common columns for comparison
2025-12-09 14:38:17,112 - dq_comparison - INFO - GENERATING COMPREHENSIVE COMPARISON REPORT
2025-12-09 14:38:17,113 - dq_comparison - INFO - Report details - Source: Database: oracle - Table: customers, Target: CSV: sample_data.csv, Selected columns: 10
2025-12-09 14:38:17,113 - dq_comparison - INFO - Initializing Error Logger...
2025-12-09 14:38:17,114 - dq_error_log - INFO - ErrorLogger initialized with database: dq_checks
2025-12-09 14:38:17,143 - dq_error_log - INFO - Database connection successful
2025-12-09 14:38:17,145 - dq_comparison - INFO - Session ID: CMP_20251209_143817
2025-12-09 14:38:17,156 - dq_comparison - INFO - FIRST CHECK: ROW COUNT COMPARISON
2025-12-09 14:38:17,156 - dq_comparison - INFO - Source rows: 15, Target rows: 15
2025-12-09 14:38:17,157 - dq_comparison - INFO - ✅ Row counts match perfectly
2025-12-09 14:38:17,161 - dq_comparison - INFO - SECOND CHECK: HASH-BASED COMPARISON
2025-12-09 14:38:17,165 - dq_comparison - INFO - Using 10 common columns for hash comparison
2025-12-09 14:38:17,166 - dq_comparison - INFO - Generating hashes for source data...
2025-12-09 14:38:17,179 - dq_comparison - INFO - Generating hashes for target data...
2025-12-09 14:38:17,185 - dq_comparison - INFO - Hash-based Comparison: Common rows: 9, Rows only in source: 5, Rows only in target: 5
2025-12-09 14:38:17,186 - dq_comparison - INFO - Logging 5 rows missing in target...
2025-12-09 14:38:17,187 - dq_comparison - INFO - Logging 5 rows extra in target...
2025-12-09 14:38:17,215 - dq_error_log - INFO - Batch logged 10 errors for session CMP_20251209_143817
2025-12-09 14:38:17,217 - dq_comparison - INFO - THIRD CHECK: ANALYZING VALUE MISMATCHES IN COMMON ROWS
2025-12-09 14:38:17,224 - dq_comparison - INFO - Analyzing data quality metrics...
2025-12-09 14:38:17,231 - dq_comparison - INFO - Null values - Source: 6 (4.00%), Target: 6 (4.00%)
2025-12-09 14:38:17,237 - dq_comparison - INFO - Duplicate rows - Source: 1, Target: 0
2025-12-09 14:38:17,241 - dq_comparison - INFO - Source duplicate samples: ['Row 2', 'Row 7']
2025-12-09 14:38:17,306 - dq_error_log - INFO - Retrieved 10 errors for session CMP_20251209_143817
2025-12-09 14:38:17,377 - dq_audit - INFO - Audit class initialized with database: dq_checks
2025-12-09 14:38:17,377 - dq_audit - INFO - Starting database insertion for comparison...
2025-12-09 14:38:17,403 - dq_audit - INFO - Inserted comparison record
2025-12-09 14:38:17,403 - dq_audit - INFO - comparison audit record successfully stored in database
2025-12-09 14:38:17,411 - dq_comparison - INFO - Comparison analysis completed successfully
2025-12-09 14:38:17,412 - __main__ - INFO - Source-Target Comparison completed successfully
2025-12-09 14:38:17,413 - __main__ - INFO - Displaying main menu options to user
2025-12-09 14:42:08,870 - __main__ - INFO - User selected option: 6
2025-12-09 14:42:08,871 - __main__ - INFO - User session ended. Duration: 0:17:39.485411
2025-12-09 14:42:08,871 - __main__ - INFO - 👋 Thank you for using Universal Data Quality Framework!
