2026-01-10 20:42:45,749 - root - INFO - CLI Mode Logging Initialized
2026-01-10 20:42:45,750 - root - INFO - CLI logs will be saved to: logs/dq_framework_20260110_204245.log
2026-01-10 20:42:45,750 - __main__ - INFO - 🚀 UNIVERSAL DATA QUALITY FRAMEWORK INITIALIZED
2026-01-10 20:42:45,751 - __main__ - INFO - Starting system resource check
2026-01-10 20:42:45,757 - __main__ - INFO - Total RAM: 15.7 GB
2026-01-10 20:42:45,758 - __main__ - INFO - Available RAM: 2.5 GB
2026-01-10 20:42:45,758 - __main__ - INFO - Memory used: 84.3%
2026-01-10 20:42:45,758 - __main__ - INFO - Memory status: OK
2026-01-10 20:42:45,759 - __main__ - INFO - Free disk space: 259.7 GB
2026-01-10 20:42:45,760 - __main__ - INFO - Disk used: 45.5%
2026-01-10 20:42:45,760 - __main__ - INFO - Disk space: OK
2026-01-10 20:42:46,260 - __main__ - INFO - CPU cores: 8
2026-01-10 20:42:46,260 - __main__ - INFO - CPU usage: 49.8%
2026-01-10 20:42:46,260 - __main__ - INFO - Python version: 3.12.4
2026-01-10 20:42:46,260 - __main__ - INFO - System platform: win32
2026-01-10 20:42:46,260 - __main__ - INFO - User session started at: 2026-01-10 20:42:46.260816
2026-01-10 20:42:46,260 - __main__ - INFO - Displaying main menu options to user
2026-01-10 20:42:48,169 - __main__ - INFO - User selected option: 4
2026-01-10 20:42:48,171 - __main__ - INFO - Starting Business Rules Engine module
2026-01-10 20:42:48,178 - dq_rules - INFO - STARTING METADATA-DRIVEN RULE ENGINE
2026-01-10 20:42:48,181 - dq_rules - INFO - LOADING DATA FOR RULE ENGINE
2026-01-10 20:42:48,182 - dq_rules - INFO - Prompting user for data source type
2026-01-10 20:42:51,405 - dq_rules - INFO - User selected source type: 1
2026-01-10 20:43:03,178 - dq_rules - INFO - Source type: csv, Source config: C:/Users/003160/OneDrive - wisseninfotech.com/Documents/DQ-Checks-Shashi/Test_data/sample_data.csv
2026-01-10 20:43:03,179 - dq_unified - INFO - Loading data from CSV
2026-01-10 20:43:03,180 - dq_unified - INFO - Loading large CSV: C:/Users/003160/OneDrive - wisseninfotech.com/Documents/DQ-Checks-Shashi/Test_data/sample_data.csv
2026-01-10 20:43:03,186 - dq_unified - INFO - CSV file has 15 rows
2026-01-10 20:43:03,186 - dq_unified - INFO - Loading 15 rows from CSV...
2026-01-10 20:43:03,200 - dq_unified - INFO - Loaded 15 rows from CSV
2026-01-10 20:43:03,204 - dq_unified - INFO - Memory optimization: 0.0MB -> 0.0MB (Saved: 0.0MB)
2026-01-10 20:43:03,204 - dq_unified - INFO - Standardizing data types...
2026-01-10 20:43:03,207 - dq_unified - INFO - Data type standardization complete
2026-01-10 20:43:03,208 - dq_unified - INFO - Loaded 15 rows, 10 columns. Memory: 89.3MB total, 0.0MB for dataframe
2026-01-10 20:43:03,208 - dq_rules - INFO - Loaded data: 15 rows, 10 columns
2026-01-10 20:43:03,212 - dq_error_log - INFO - ErrorLogger initialized with database: dq_checks
2026-01-10 20:43:03,214 - dq_rules - INFO - Auto-detecting column metadata
2026-01-10 20:43:03,232 - dq_rules - INFO - Auto-detection complete: 3 numeric, 0 date, 7 text columns
2026-01-10 20:43:03,233 - dq_rules - INFO - Loading rule metadata from database
2026-01-10 20:43:03,374 - dq_rules - WARNING - dq_rules_metadata table not found. Creating default rules...
2026-01-10 20:43:03,473 - dq_rules - INFO - Created 18 default rules
2026-01-10 20:43:03,475 - dq_rules - INFO - Matching rules to data columns
2026-01-10 20:43:03,476 - dq_rules - INFO - Matched 31 rules to data columns
2026-01-10 20:43:03,477 - dq_rules - INFO - Executing all matched rules
2026-01-10 20:43:03,477 - dq_rules - INFO - Executing rule: MANDATORY_CODE (mandatory)
2026-01-10 20:43:03,479 - dq_error_log - INFO - Starting batch logging for 1 errors, session: RULES_20260110_204303
2026-01-10 20:43:03,494 - dq_error_log - INFO - Batch 1: Successfully logged 1 errors
2026-01-10 20:43:03,494 - dq_error_log - INFO - Progress: 1/1 errors processed
2026-01-10 20:43:03,494 - dq_error_log - INFO - COMPLETE: Logged 1/1 errors for session RULES_20260110_204303
2026-01-10 20:43:03,517 - dq_rules - INFO - Logged 1 violations for rule MANDATORY_CODE
2026-01-10 20:43:03,526 - dq_rules - INFO - Executing rule: PATTERN_EMAIL (pattern)
2026-01-10 20:43:03,529 - dq_error_log - INFO - Starting batch logging for 3 errors, session: RULES_20260110_204303
2026-01-10 20:43:03,543 - dq_error_log - INFO - Batch 1: Successfully logged 3 errors
2026-01-10 20:43:03,544 - dq_error_log - INFO - Progress: 3/3 errors processed
2026-01-10 20:43:03,544 - dq_error_log - INFO - COMPLETE: Logged 3/3 errors for session RULES_20260110_204303
2026-01-10 20:43:03,560 - dq_rules - INFO - Logged 3 violations for rule PATTERN_EMAIL
2026-01-10 20:43:03,562 - dq_rules - INFO - Executing rule: PATTERN_EMAIL_ADDRESS (pattern)
2026-01-10 20:43:03,564 - dq_error_log - INFO - Starting batch logging for 15 errors, session: RULES_20260110_204303
2026-01-10 20:43:03,575 - dq_error_log - INFO - Batch 1: Successfully logged 15 errors
2026-01-10 20:43:03,576 - dq_error_log - INFO - Progress: 15/15 errors processed
2026-01-10 20:43:03,576 - dq_error_log - INFO - COMPLETE: Logged 15/15 errors for session RULES_20260110_204303
2026-01-10 20:43:03,591 - dq_rules - INFO - Logged 15 violations for rule PATTERN_EMAIL_ADDRESS
2026-01-10 20:43:03,592 - dq_rules - INFO - Executing rule: PATTERN_EMAIL_ADDRESS (pattern)
2026-01-10 20:43:03,594 - dq_error_log - INFO - Starting batch logging for 3 errors, session: RULES_20260110_204303
2026-01-10 20:43:03,606 - dq_error_log - INFO - Batch 1: Successfully logged 3 errors
2026-01-10 20:43:03,606 - dq_error_log - INFO - Progress: 3/3 errors processed
2026-01-10 20:43:03,606 - dq_error_log - INFO - COMPLETE: Logged 3/3 errors for session RULES_20260110_204303
2026-01-10 20:43:03,622 - dq_rules - INFO - Logged 3 violations for rule PATTERN_EMAIL_ADDRESS
2026-01-10 20:43:03,623 - dq_rules - INFO - Executing rule: PATTERN_EMAIL_ADDRESS (pattern)
2026-01-10 20:43:03,626 - dq_error_log - INFO - Starting batch logging for 15 errors, session: RULES_20260110_204303
2026-01-10 20:43:03,644 - dq_error_log - INFO - Batch 1: Successfully logged 15 errors
2026-01-10 20:43:03,645 - dq_error_log - INFO - Progress: 15/15 errors processed
2026-01-10 20:43:03,646 - dq_error_log - INFO - COMPLETE: Logged 15/15 errors for session RULES_20260110_204303
2026-01-10 20:43:03,661 - dq_rules - INFO - Logged 15 violations for rule PATTERN_EMAIL_ADDRESS
2026-01-10 20:43:03,662 - dq_rules - INFO - Executing rule: PATTERN_EMAIL_ADDRESS (pattern)
2026-01-10 20:43:03,665 - dq_error_log - INFO - Starting batch logging for 15 errors, session: RULES_20260110_204303
2026-01-10 20:43:03,678 - dq_error_log - INFO - Batch 1: Successfully logged 15 errors
2026-01-10 20:43:03,679 - dq_error_log - INFO - Progress: 15/15 errors processed
2026-01-10 20:43:03,679 - dq_error_log - INFO - COMPLETE: Logged 15/15 errors for session RULES_20260110_204303
2026-01-10 20:43:03,695 - dq_rules - INFO - Logged 15 violations for rule PATTERN_EMAIL_ADDRESS
2026-01-10 20:43:03,697 - dq_rules - INFO - Executing rule: PATTERN_EMAIL_ADDRESS (pattern)
2026-01-10 20:43:03,699 - dq_error_log - INFO - Starting batch logging for 15 errors, session: RULES_20260110_204303
2026-01-10 20:43:03,711 - dq_error_log - INFO - Batch 1: Successfully logged 15 errors
2026-01-10 20:43:03,712 - dq_error_log - INFO - Progress: 15/15 errors processed
2026-01-10 20:43:03,712 - dq_error_log - INFO - COMPLETE: Logged 15/15 errors for session RULES_20260110_204303
2026-01-10 20:43:03,727 - dq_rules - INFO - Logged 15 violations for rule PATTERN_EMAIL_ADDRESS
2026-01-10 20:43:03,729 - dq_rules - INFO - Executing rule: PATTERN_EMAIL_ADDRESS (pattern)
2026-01-10 20:43:03,730 - dq_error_log - INFO - Starting batch logging for 15 errors, session: RULES_20260110_204303
2026-01-10 20:43:03,742 - dq_error_log - INFO - Batch 1: Successfully logged 15 errors
2026-01-10 20:43:03,742 - dq_error_log - INFO - Progress: 15/15 errors processed
2026-01-10 20:43:03,743 - dq_error_log - INFO - COMPLETE: Logged 15/15 errors for session RULES_20260110_204303
2026-01-10 20:43:03,759 - dq_rules - INFO - Logged 15 violations for rule PATTERN_EMAIL_ADDRESS
2026-01-10 20:43:03,760 - dq_rules - INFO - Executing rule: PATTERN_EMAIL_ADDRESS (pattern)
2026-01-10 20:43:03,762 - dq_error_log - INFO - Starting batch logging for 15 errors, session: RULES_20260110_204303
2026-01-10 20:43:03,773 - dq_error_log - INFO - Batch 1: Successfully logged 15 errors
2026-01-10 20:43:03,773 - dq_error_log - INFO - Progress: 15/15 errors processed
2026-01-10 20:43:03,774 - dq_error_log - INFO - COMPLETE: Logged 15/15 errors for session RULES_20260110_204303
2026-01-10 20:43:03,788 - dq_rules - INFO - Logged 15 violations for rule PATTERN_EMAIL_ADDRESS
2026-01-10 20:43:03,789 - dq_rules - INFO - Executing rule: PATTERN_PHONE (pattern)
2026-01-10 20:43:03,790 - dq_error_log - INFO - Starting batch logging for 1 errors, session: RULES_20260110_204303
2026-01-10 20:43:03,800 - dq_error_log - INFO - Batch 1: Successfully logged 1 errors
2026-01-10 20:43:03,800 - dq_error_log - INFO - Progress: 1/1 errors processed
2026-01-10 20:43:03,801 - dq_error_log - INFO - COMPLETE: Logged 1/1 errors for session RULES_20260110_204303
2026-01-10 20:43:03,814 - dq_rules - INFO - Logged 1 violations for rule PATTERN_PHONE
2026-01-10 20:43:03,815 - dq_rules - INFO - Executing rule: PATTERN_PHONE_NUMBER (pattern)
2026-01-10 20:43:03,817 - dq_error_log - INFO - Starting batch logging for 15 errors, session: RULES_20260110_204303
2026-01-10 20:43:03,827 - dq_error_log - INFO - Batch 1: Successfully logged 15 errors
2026-01-10 20:43:03,827 - dq_error_log - INFO - Progress: 15/15 errors processed
2026-01-10 20:43:03,827 - dq_error_log - INFO - COMPLETE: Logged 15/15 errors for session RULES_20260110_204303
2026-01-10 20:43:03,841 - dq_rules - INFO - Logged 15 violations for rule PATTERN_PHONE_NUMBER
2026-01-10 20:43:03,842 - dq_rules - INFO - Executing rule: PATTERN_PHONE_NUMBER (pattern)
2026-01-10 20:43:03,843 - dq_error_log - INFO - Starting batch logging for 15 errors, session: RULES_20260110_204303
2026-01-10 20:43:03,855 - dq_error_log - INFO - Batch 1: Successfully logged 15 errors
2026-01-10 20:43:03,855 - dq_error_log - INFO - Progress: 15/15 errors processed
2026-01-10 20:43:03,855 - dq_error_log - INFO - COMPLETE: Logged 15/15 errors for session RULES_20260110_204303
2026-01-10 20:43:03,870 - dq_rules - INFO - Logged 15 violations for rule PATTERN_PHONE_NUMBER
2026-01-10 20:43:03,872 - dq_rules - INFO - Executing rule: PATTERN_PHONE_NUMBER (pattern)
2026-01-10 20:43:03,873 - dq_error_log - INFO - Starting batch logging for 15 errors, session: RULES_20260110_204303
2026-01-10 20:43:03,884 - dq_error_log - INFO - Batch 1: Successfully logged 15 errors
2026-01-10 20:43:03,885 - dq_error_log - INFO - Progress: 15/15 errors processed
2026-01-10 20:43:03,885 - dq_error_log - INFO - COMPLETE: Logged 15/15 errors for session RULES_20260110_204303
2026-01-10 20:43:03,900 - dq_rules - INFO - Logged 15 violations for rule PATTERN_PHONE_NUMBER
2026-01-10 20:43:03,901 - dq_rules - INFO - Executing rule: PATTERN_PHONE_NUMBER (pattern)
2026-01-10 20:43:03,911 - dq_rules - INFO - Executing rule: PATTERN_PHONE_NUMBER (pattern)
2026-01-10 20:43:03,913 - dq_error_log - INFO - Starting batch logging for 15 errors, session: RULES_20260110_204303
2026-01-10 20:43:03,924 - dq_error_log - INFO - Batch 1: Successfully logged 15 errors
2026-01-10 20:43:03,925 - dq_error_log - INFO - Progress: 15/15 errors processed
2026-01-10 20:43:03,925 - dq_error_log - INFO - COMPLETE: Logged 15/15 errors for session RULES_20260110_204303
2026-01-10 20:43:03,939 - dq_rules - INFO - Logged 15 violations for rule PATTERN_PHONE_NUMBER
2026-01-10 20:43:03,941 - dq_rules - INFO - Executing rule: PATTERN_PHONE_NUMBER (pattern)
2026-01-10 20:43:03,942 - dq_error_log - INFO - Starting batch logging for 15 errors, session: RULES_20260110_204303
2026-01-10 20:43:03,952 - dq_error_log - INFO - Batch 1: Successfully logged 15 errors
2026-01-10 20:43:03,952 - dq_error_log - INFO - Progress: 15/15 errors processed
2026-01-10 20:43:03,952 - dq_error_log - INFO - COMPLETE: Logged 15/15 errors for session RULES_20260110_204303
2026-01-10 20:43:03,967 - dq_rules - INFO - Logged 15 violations for rule PATTERN_PHONE_NUMBER
2026-01-10 20:43:03,969 - dq_rules - INFO - Executing rule: PATTERN_PHONE_NUMBER (pattern)
2026-01-10 20:43:03,971 - dq_error_log - INFO - Starting batch logging for 15 errors, session: RULES_20260110_204303
2026-01-10 20:43:03,983 - dq_error_log - INFO - Batch 1: Successfully logged 15 errors
2026-01-10 20:43:03,984 - dq_error_log - INFO - Progress: 15/15 errors processed
2026-01-10 20:43:03,984 - dq_error_log - INFO - COMPLETE: Logged 15/15 errors for session RULES_20260110_204303
2026-01-10 20:43:04,001 - dq_rules - INFO - Logged 15 violations for rule PATTERN_PHONE_NUMBER
2026-01-10 20:43:04,003 - dq_rules - INFO - Executing rule: PATTERN_MOBILE (pattern)
2026-01-10 20:43:04,005 - dq_error_log - INFO - Starting batch logging for 15 errors, session: RULES_20260110_204303
2026-01-10 20:43:04,018 - dq_error_log - INFO - Batch 1: Successfully logged 15 errors
2026-01-10 20:43:04,019 - dq_error_log - INFO - Progress: 15/15 errors processed
2026-01-10 20:43:04,019 - dq_error_log - INFO - COMPLETE: Logged 15/15 errors for session RULES_20260110_204303
2026-01-10 20:43:04,038 - dq_rules - INFO - Logged 15 violations for rule PATTERN_MOBILE
2026-01-10 20:43:04,039 - dq_rules - INFO - Executing rule: PATTERN_MOBILE (pattern)
2026-01-10 20:43:04,040 - dq_error_log - INFO - Starting batch logging for 15 errors, session: RULES_20260110_204303
2026-01-10 20:43:04,054 - dq_error_log - INFO - Batch 1: Successfully logged 15 errors
2026-01-10 20:43:04,055 - dq_error_log - INFO - Progress: 15/15 errors processed
2026-01-10 20:43:04,055 - dq_error_log - INFO - COMPLETE: Logged 15/15 errors for session RULES_20260110_204303
2026-01-10 20:43:04,073 - dq_rules - INFO - Logged 15 violations for rule PATTERN_MOBILE
2026-01-10 20:43:04,074 - dq_rules - INFO - Executing rule: PATTERN_MOBILE (pattern)
2026-01-10 20:43:04,076 - dq_error_log - INFO - Starting batch logging for 15 errors, session: RULES_20260110_204303
2026-01-10 20:43:04,088 - dq_error_log - INFO - Batch 1: Successfully logged 15 errors
2026-01-10 20:43:04,089 - dq_error_log - INFO - Progress: 15/15 errors processed
2026-01-10 20:43:04,089 - dq_error_log - INFO - COMPLETE: Logged 15/15 errors for session RULES_20260110_204303
2026-01-10 20:43:04,102 - dq_rules - INFO - Logged 15 violations for rule PATTERN_MOBILE
2026-01-10 20:43:04,103 - dq_rules - INFO - Executing rule: PATTERN_MOBILE (pattern)
2026-01-10 20:43:04,116 - dq_rules - INFO - Executing rule: PATTERN_MOBILE (pattern)
2026-01-10 20:43:04,119 - dq_error_log - INFO - Starting batch logging for 15 errors, session: RULES_20260110_204303
2026-01-10 20:43:04,132 - dq_error_log - INFO - Batch 1: Successfully logged 15 errors
2026-01-10 20:43:04,133 - dq_error_log - INFO - Progress: 15/15 errors processed
2026-01-10 20:43:04,133 - dq_error_log - INFO - COMPLETE: Logged 15/15 errors for session RULES_20260110_204303
2026-01-10 20:43:04,150 - dq_rules - INFO - Logged 15 violations for rule PATTERN_MOBILE
2026-01-10 20:43:04,151 - dq_rules - INFO - Executing rule: PATTERN_MOBILE (pattern)
2026-01-10 20:43:04,153 - dq_error_log - INFO - Starting batch logging for 15 errors, session: RULES_20260110_204303
2026-01-10 20:43:04,165 - dq_error_log - INFO - Batch 1: Successfully logged 15 errors
2026-01-10 20:43:04,165 - dq_error_log - INFO - Progress: 15/15 errors processed
2026-01-10 20:43:04,166 - dq_error_log - INFO - COMPLETE: Logged 15/15 errors for session RULES_20260110_204303
2026-01-10 20:43:04,180 - dq_rules - INFO - Logged 15 violations for rule PATTERN_MOBILE
2026-01-10 20:43:04,181 - dq_rules - INFO - Executing rule: PATTERN_MOBILE (pattern)
2026-01-10 20:43:04,183 - dq_error_log - INFO - Starting batch logging for 15 errors, session: RULES_20260110_204303
2026-01-10 20:43:04,196 - dq_error_log - INFO - Batch 1: Successfully logged 15 errors
2026-01-10 20:43:04,197 - dq_error_log - INFO - Progress: 15/15 errors processed
2026-01-10 20:43:04,197 - dq_error_log - INFO - COMPLETE: Logged 15/15 errors for session RULES_20260110_204303
2026-01-10 20:43:04,214 - dq_rules - INFO - Logged 15 violations for rule PATTERN_MOBILE
2026-01-10 20:43:04,215 - dq_rules - INFO - Executing rule: PATTERN_DATE (pattern)
2026-01-10 20:43:04,217 - dq_error_log - INFO - Starting batch logging for 15 errors, session: RULES_20260110_204303
2026-01-10 20:43:04,230 - dq_error_log - INFO - Batch 1: Successfully logged 15 errors
2026-01-10 20:43:04,231 - dq_error_log - INFO - Progress: 15/15 errors processed
2026-01-10 20:43:04,231 - dq_error_log - INFO - COMPLETE: Logged 15/15 errors for session RULES_20260110_204303
2026-01-10 20:43:04,247 - dq_rules - INFO - Logged 15 violations for rule PATTERN_DATE
2026-01-10 20:43:04,249 - dq_rules - INFO - Executing rule: PATTERN_DATE (pattern)
2026-01-10 20:43:04,250 - dq_error_log - INFO - Starting batch logging for 15 errors, session: RULES_20260110_204303
2026-01-10 20:43:04,263 - dq_error_log - INFO - Batch 1: Successfully logged 15 errors
2026-01-10 20:43:04,263 - dq_error_log - INFO - Progress: 15/15 errors processed
2026-01-10 20:43:04,264 - dq_error_log - INFO - COMPLETE: Logged 15/15 errors for session RULES_20260110_204303
2026-01-10 20:43:04,281 - dq_rules - INFO - Logged 15 violations for rule PATTERN_DATE
2026-01-10 20:43:04,282 - dq_rules - INFO - Executing rule: PATTERN_DATE (pattern)
2026-01-10 20:43:04,284 - dq_error_log - INFO - Starting batch logging for 15 errors, session: RULES_20260110_204303
2026-01-10 20:43:04,299 - dq_error_log - INFO - Batch 1: Successfully logged 15 errors
2026-01-10 20:43:04,299 - dq_error_log - INFO - Progress: 15/15 errors processed
2026-01-10 20:43:04,300 - dq_error_log - INFO - COMPLETE: Logged 15/15 errors for session RULES_20260110_204303
2026-01-10 20:43:04,315 - dq_rules - INFO - Logged 15 violations for rule PATTERN_DATE
2026-01-10 20:43:04,317 - dq_rules - INFO - Executing rule: PATTERN_DATE (pattern)
2026-01-10 20:43:04,319 - dq_error_log - INFO - Starting batch logging for 15 errors, session: RULES_20260110_204303
2026-01-10 20:43:04,333 - dq_error_log - INFO - Batch 1: Successfully logged 15 errors
2026-01-10 20:43:04,334 - dq_error_log - INFO - Progress: 15/15 errors processed
2026-01-10 20:43:04,334 - dq_error_log - INFO - COMPLETE: Logged 15/15 errors for session RULES_20260110_204303
2026-01-10 20:43:04,350 - dq_rules - INFO - Logged 15 violations for rule PATTERN_DATE
2026-01-10 20:43:04,351 - dq_rules - INFO - Executing rule: PATTERN_DATE (pattern)
2026-01-10 20:43:04,354 - dq_error_log - INFO - Starting batch logging for 15 errors, session: RULES_20260110_204303
2026-01-10 20:43:04,369 - dq_error_log - INFO - Batch 1: Successfully logged 15 errors
2026-01-10 20:43:04,370 - dq_error_log - INFO - Progress: 15/15 errors processed
2026-01-10 20:43:04,370 - dq_error_log - INFO - COMPLETE: Logged 15/15 errors for session RULES_20260110_204303
2026-01-10 20:43:04,392 - dq_rules - INFO - Logged 15 violations for rule PATTERN_DATE
2026-01-10 20:43:04,394 - dq_rules - INFO - Executing rule: PATTERN_DATE (pattern)
2026-01-10 20:43:04,396 - dq_error_log - INFO - Starting batch logging for 15 errors, session: RULES_20260110_204303
2026-01-10 20:43:04,410 - dq_error_log - INFO - Batch 1: Successfully logged 15 errors
2026-01-10 20:43:04,410 - dq_error_log - INFO - Progress: 15/15 errors processed
2026-01-10 20:43:04,411 - dq_error_log - INFO - COMPLETE: Logged 15/15 errors for session RULES_20260110_204303
2026-01-10 20:43:04,427 - dq_rules - INFO - Logged 15 violations for rule PATTERN_DATE
2026-01-10 20:43:04,429 - dq_rules - INFO - Executing rule: PATTERN_DATE (pattern)
2026-01-10 20:43:04,431 - dq_error_log - INFO - Starting batch logging for 15 errors, session: RULES_20260110_204303
2026-01-10 20:43:04,444 - dq_error_log - INFO - Batch 1: Successfully logged 15 errors
2026-01-10 20:43:04,444 - dq_error_log - INFO - Progress: 15/15 errors processed
2026-01-10 20:43:04,446 - dq_error_log - INFO - COMPLETE: Logged 15/15 errors for session RULES_20260110_204303
2026-01-10 20:43:04,463 - dq_rules - INFO - Logged 15 violations for rule PATTERN_DATE
2026-01-10 20:43:04,465 - dq_rules - INFO - Calculating rule-based quality score
2026-01-10 20:43:04,467 - dq_rules - INFO - Generating rule validation report
2026-01-10 20:43:04,523 - __main__ - INFO - Business Rules Engine completed successfully
2026-01-10 20:43:04,524 - __main__ - INFO - Displaying main menu options to user
2026-01-10 20:43:57,601 - __main__ - INFO - User selected option: 6
2026-01-10 20:43:57,602 - __main__ - INFO - User session ended. Duration: 0:01:11.341447
2026-01-10 20:43:57,602 - __main__ - INFO - 👋 Thank you for using Universal Data Quality Framework!
