2025-12-27 22:06:45,379 - root - INFO - CLI Mode Logging Initialized
2025-12-27 22:06:45,380 - root - INFO - CLI logs will be saved to: logs/dq_framework_20251227_220645.log
2025-12-27 22:06:45,380 - __main__ - INFO - 🚀 UNIVERSAL DATA QUALITY FRAMEWORK INITIALIZED
2025-12-27 22:06:45,381 - __main__ - INFO - Starting system resource check
2025-12-27 22:06:45,389 - __main__ - INFO - Total RAM: 15.7 GB
2025-12-27 22:06:45,389 - __main__ - INFO - Available RAM: 3.1 GB
2025-12-27 22:06:45,392 - __main__ - INFO - Memory used: 80.0%
2025-12-27 22:06:45,393 - __main__ - INFO - Memory status: OK
2025-12-27 22:06:45,394 - __main__ - INFO - Free disk space: 263.7 GB
2025-12-27 22:06:45,394 - __main__ - INFO - Disk used: 44.6%
2025-12-27 22:06:45,394 - __main__ - INFO - Disk space: OK
2025-12-27 22:06:45,896 - __main__ - INFO - CPU cores: 8
2025-12-27 22:06:45,897 - __main__ - INFO - CPU usage: 22.7%
2025-12-27 22:06:45,897 - __main__ - INFO - Python version: 3.12.4
2025-12-27 22:06:45,898 - __main__ - INFO - System platform: win32
2025-12-27 22:06:45,898 - __main__ - INFO - User session started at: 2025-12-27 22:06:45.898205
2025-12-27 22:06:45,898 - __main__ - INFO - Displaying main menu options to user
2025-12-27 22:06:46,978 - __main__ - INFO - User selected option: 1
2025-12-27 22:06:46,979 - __main__ - INFO - Starting Single Source Analysis module
2025-12-27 22:06:46,986 - dq_unified - INFO - Starting unified data quality analysis
2025-12-27 22:06:46,986 - dq_unified - INFO - Prompting user for data source type
2025-12-27 22:06:46,987 - dq_unified - INFO - UI Data source_type: No UI data
2025-12-27 22:06:49,434 - dq_unified - INFO - User selected source type: 3
2025-12-27 22:06:49,438 - dq_unified - INFO - Getting database configuration - Dual mode
2025-12-27 22:06:53,834 - dq_unified - INFO - Getting database config from config file
2025-12-27 22:06:55,380 - dq_unified - INFO - Using POSTGRESQL configuration from config file
2025-12-27 22:06:59,654 - dq_unified - INFO - Database configuration from config file: postgresql, Table: employee
2025-12-27 22:06:59,655 - dq_unified - INFO - Loading data from DATABASE
2025-12-27 22:06:59,655 - dq_unified - INFO - Loading data from DATABASE
2025-12-27 22:06:59,659 - dq_unified - INFO - Loading large database table: employee
2025-12-27 22:06:59,935 - dq_unified - INFO - PostgreSQL table has 89,999 rows
2025-12-27 22:06:59,936 - dq_unified - INFO - Loading 89,999 rows from PostgreSQL...
2025-12-27 22:07:00,364 - dq_unified - INFO - Loaded 89,999 rows from PostgreSQL
2025-12-27 22:07:01,126 - dq_unified - INFO - Memory optimization: 60.9MB -> 25.8MB (Saved: 35.1MB)
2025-12-27 22:07:01,221 - dq_unified - INFO - Loaded 89,999 rows, 12 columns. Memory: 171.2MB total, 25.8MB for dataframe
2025-12-27 22:07:01,222 - dq_unified - INFO - DATA PREVIEW:
2025-12-27 22:07:01,223 - dq_unified - INFO -    Total rows: 89,999
2025-12-27 22:07:01,227 - dq_unified - INFO -    Total columns: 12
2025-12-27 22:07:01,228 - dq_unified - INFO -    Columns: ['id', 'customer_id', 'transaction_id', 'customer_name', 'email', 'phone', 'transaction_date', 'amount', 'quantity', 'age', 'status', 'description']
2025-12-27 22:07:01,229 - dq_unified - INFO - Running quality checks
2025-12-27 22:07:01,229 - dq_unified - INFO - Checking for null/empty values
2025-12-27 22:07:01,230 - dq_unified - INFO - DataFrame shape: (89999, 12)
2025-12-27 22:07:01,230 - dq_unified - INFO - Columns: ['id', 'customer_id', 'transaction_id', 'customer_name', 'email', 'phone', 'transaction_date', 'amount', 'quantity', 'age', 'status', 'description']
2025-12-27 22:07:01,316 - dq_unified - INFO - Column 'id': No empty cells
2025-12-27 22:07:01,398 - dq_unified - INFO - Column 'customer_id': No empty cells
2025-12-27 22:07:01,470 - dq_unified - INFO - Column 'transaction_id': No empty cells
2025-12-27 22:07:01,476 - dq_unified - INFO -   Sample missing values in 'customer_name': ['NaN', 'NaN', 'NaN']
2025-12-27 22:07:01,476 - dq_unified - WARNING - Column 'customer_name': 3,510 empty cells (3.9%)
2025-12-27 22:07:01,561 - dq_unified - INFO -   Sample missing values in 'email': ['NaN', 'NaN', 'NaN']
2025-12-27 22:07:01,561 - dq_unified - WARNING - Column 'email': 1,516 empty cells (1.7%)
2025-12-27 22:07:01,669 - dq_unified - INFO -   Sample missing values in 'phone': ['NaN', 'NaN', 'NaN']
2025-12-27 22:07:01,671 - dq_unified - WARNING - Column 'phone': 1,280 empty cells (1.4%)
2025-12-27 22:07:01,702 - dq_unified - INFO - Column 'transaction_date': No empty cells
2025-12-27 22:07:01,777 - dq_unified - INFO -   Sample missing values in 'amount': ['NaN', 'NaN', 'NaN']
2025-12-27 22:07:01,778 - dq_unified - WARNING - Column 'amount': 1,133 empty cells (1.3%)
2025-12-27 22:07:01,807 - dq_unified - INFO - Column 'quantity': No empty cells
2025-12-27 22:07:01,809 - dq_unified - INFO - Column 'age': No empty cells
2025-12-27 22:07:01,813 - dq_unified - INFO - Column 'status': No empty cells
2025-12-27 22:07:01,815 - dq_unified - INFO - Column 'description': No empty cells
2025-12-27 22:07:01,816 - dq_unified - INFO - Total empty cells found: 7,439
2025-12-27 22:07:01,817 - dq_unified - INFO - Checking for duplicate rows
2025-12-27 22:07:01,817 - dq_unified - INFO - Cleaning data (removing whitespace)...
2025-12-27 22:07:01,857 - dq_unified - INFO - Columns after cleaning: ['id', 'customer_id', 'transaction_id', 'customer_name', 'email', 'phone', 'transaction_date', 'amount', 'quantity', 'age', 'status', 'description']
2025-12-27 22:07:03,192 - dq_unified - INFO - Sample of first column after cleaning: '78303'
2025-12-27 22:07:03,192 - dq_unified - INFO - Sample of row 6 first column: '19261'
2025-12-27 22:07:03,194 - dq_unified - INFO - Total rows to check: 89999
2025-12-27 22:07:03,195 - dq_unified - INFO - Checking first column 'id' for serial numbers
2025-12-27 22:07:03,197 - dq_unified - INFO - First 5 values: ['78303', '66465', '93228', '1748', '80005']
2025-12-27 22:07:03,198 - dq_unified - INFO -   Row 1: '78303' → 78303.0 (numeric)
2025-12-27 22:07:03,201 - dq_unified - INFO -   Row 2: '66465' → 66465.0 (numeric)
2025-12-27 22:07:03,202 - dq_unified - INFO -   Row 3: '93228' → 93228.0 (numeric)
2025-12-27 22:07:03,207 - dq_unified - INFO - First column values not sequential: [78303.0, 66465.0, 93228.0]
2025-12-27 22:07:03,220 - dq_unified - INFO - Checking duplicates on ALL columns
2025-12-27 22:07:03,222 - dq_unified - INFO - First few rows for comparison:
2025-12-27 22:07:03,228 - dq_unified - INFO -   Row 0: {'id': '78303', 'customer_id': 'CUST078303', 'transaction_id': 'TX00078303'}
2025-12-27 22:07:03,229 - dq_unified - INFO -   Row 1: {'id': '66465', 'customer_id': 'CUST066465', 'transaction_id': 'TX00066465'}
2025-12-27 22:07:03,230 - dq_unified - INFO -   Row 2: {'id': '93228', 'customer_id': 'CUST093228', 'transaction_id': 'TX00093228'}
2025-12-27 22:07:03,432 - dq_unified - INFO - Duplicate mask found 406 rows
2025-12-27 22:07:03,432 - dq_unified - INFO - Found 406 potential duplicate rows
2025-12-27 22:07:03,436 - dq_unified - INFO - Unique duplicate groups: 203
2025-12-27 22:07:03,436 - dq_unified - INFO - Duplicate groups found:
2025-12-27 22:07:03,440 - dq_unified - INFO -   Group sample: Pandas(Index=167, id='42732', customer_id='CUST042732', transaction_id='TX00042732', customer_name='William Davis', email='james.miller@gmail.com', phone='12127948623', transaction_date='20-01-2023', amount='7954.53', quantity='60', age='64', status='PENDING', description='Text with trailing spaces')
2025-12-27 22:07:03,440 - dq_unified - INFO -   Group sample: Pandas(Index=381, id='34440', customer_id='CUST034440', transaction_id='TX00034440', customer_name='William Miller', email='NaN', phone='NaN', transaction_date='05-09-2023', amount='1954.43', quantity='64', age='75', status='CANCELLED', description='Text with. periods')
2025-12-27 22:07:03,441 - dq_unified - INFO -   Group sample: Pandas(Index=637, id='58427', customer_id='CUST058427', transaction_id='TX00058427', customer_name='Richard Brown', email='jennifer.johnson@gmail.com', phone='2124608202', transaction_date='29-09-2023', amount='9156.7', quantity='69', age='45', status='PENDING', description='Text with multiple spaces')
2025-12-27 22:07:03,442 - dq_unified - INFO - Processing 406 duplicate indices
2025-12-27 22:07:03,467 - dq_unified - INFO - FINAL RESULT: Found 406 duplicate groups
2025-12-27 22:07:03,484 - dq_unified - INFO - Checking data formats
2025-12-27 22:07:03,505 - dq_unified - INFO - Detected id as numeric type
2025-12-27 22:07:03,741 - dq_unified - INFO - Detected email as email type
2025-12-27 22:07:03,744 - dq_unified - WARNING -   Row 38: 'lisa.miller_outlook.com...' doesn't match Valid email format (user@domain.com)
2025-12-27 22:07:03,745 - dq_unified - WARNING -   Row 223: 'richard.miller.company.com...' doesn't match Valid email format (user@domain.com)
2025-12-27 22:07:03,746 - dq_unified - WARNING -   Row 311: 'james.miller@invalid...' doesn't match Valid email format (user@domain.com)
2025-12-27 22:07:03,747 - dq_unified - WARNING -   Row 355: 'richard.williams@invalid...' doesn't match Valid email format (user@domain.com)
2025-12-27 22:07:03,749 - dq_unified - WARNING -   Row 416: 'susan.brown.company.com...' doesn't match Valid email format (user@domain.com)
2025-12-27 22:07:03,975 - dq_unified - INFO - Detected phone as phone type
2025-12-27 22:07:04,210 - dq_unified - INFO - Detected transaction_date as date type
2025-12-27 22:07:04,578 - dq_unified - INFO -   Date format check for transaction_date: Consistent=False, Format=['MM/DD/YYYY', 'DD-MM-YYYY or MM-DD-YYYY']
2025-12-27 22:07:04,579 - dq_unified - WARNING -   transaction_date: Inconsistent date formats: ['MM/DD/YYYY', 'DD-MM-YYYY or MM-DD-YYYY']
2025-12-27 22:07:04,938 - dq_unified - INFO - Detected amount as numeric type
2025-12-27 22:07:05,113 - dq_unified - INFO - Detected quantity as numeric type
2025-12-27 22:07:05,281 - dq_unified - INFO - Detected age as numeric type
2025-12-27 22:07:06,017 - dq_unified - INFO - Total format issues found: 727
2025-12-27 22:07:06,018 - dq_unified - INFO - Checking mandatory fields
2025-12-27 22:07:06,019 - dq_unified - INFO - Available columns: ['id', 'customer_id', 'transaction_id', 'customer_name', 'email', 'phone', 'transaction_date', 'amount', 'quantity', 'age', 'status', 'description']
2025-12-27 22:07:09,839 - dq_unified - INFO - Checking ALL columns as mandatory: ['id', 'customer_id', 'transaction_id', 'customer_name', 'email', 'phone', 'transaction_date', 'amount', 'quantity', 'age', 'status', 'description']
2025-12-27 22:07:09,877 - dq_unified - INFO - Mandatory field 'id': 100.0% filled
2025-12-27 22:07:09,924 - dq_unified - INFO - Mandatory field 'customer_id': 100.0% filled
2025-12-27 22:07:09,969 - dq_unified - INFO - Mandatory field 'transaction_id': 100.0% filled
2025-12-27 22:07:09,971 - dq_unified - INFO - Mandatory field 'customer_name': 100.0% filled
2025-12-27 22:07:09,973 - dq_unified - INFO - Mandatory field 'email': 100.0% filled
2025-12-27 22:07:10,025 - dq_unified - INFO - Mandatory field 'phone': 100.0% filled
2025-12-27 22:07:10,026 - dq_unified - INFO - Mandatory field 'transaction_date': 100.0% filled
2025-12-27 22:07:10,062 - dq_unified - INFO - Mandatory field 'amount': 100.0% filled
2025-12-27 22:07:10,063 - dq_unified - INFO - Mandatory field 'quantity': 100.0% filled
2025-12-27 22:07:10,065 - dq_unified - INFO - Mandatory field 'age': 100.0% filled
2025-12-27 22:07:10,066 - dq_unified - INFO - Mandatory field 'status': 100.0% filled
2025-12-27 22:07:10,069 - dq_unified - INFO - Mandatory field 'description': 100.0% filled
2025-12-27 22:07:10,070 - dq_unified - INFO - Mandatory field check completed: 0 columns with issues, 0 total missing values
2025-12-27 22:07:10,072 - dq_unified - INFO - Calculating quality score
2025-12-27 22:07:10,076 - dq_unified - INFO - Quality Score Calculation:
2025-12-27 22:07:10,076 - dq_unified - INFO -   Total rows: 89,999
2025-12-27 22:07:10,077 - dq_unified - INFO -   Bad Rows: 6,784
2025-12-27 22:07:10,077 - dq_unified - INFO -   Good rows (no issues): 83,215
2025-12-27 22:07:10,079 - dq_unified - INFO -   Quality Score: 92.46%
2025-12-27 22:07:10,079 - dq_unified - INFO - Generating detailed data quality report
2025-12-27 22:07:10,080 - dq_unified - INFO - Report for: Database: postgresql - Table: employee, Records: 89,999, Columns: 12
2025-12-27 22:07:10,080 - dq_unified - INFO - Overall quality score: 92.5%
2025-12-27 22:07:10,081 - dq_error_log - INFO - ErrorLogger initialized with database: dq_checks
2025-12-27 22:07:10,082 - dq_unified - INFO - Error Logger Session ID: SINGLE_20251227_220710
2025-12-27 22:07:12,240 - dq_audit - INFO - Audit class initialized with database: dq_checks
2025-12-27 22:07:12,240 - dq_audit - INFO - Starting database insertion for single_source...
2025-12-27 22:07:12,259 - dq_audit - INFO - Inserted single_source record with ID: 433
2025-12-27 22:07:12,260 - dq_unified - INFO - Audit logged for session: DQ_20251227_220712
2025-12-27 22:07:12,267 - dq_unified - INFO - Analysis completed successfully for Database: postgresql - Table: employee
2025-12-27 22:07:12,310 - __main__ - INFO - Single Source Analysis completed successfully
2025-12-27 22:07:12,311 - __main__ - INFO - Displaying main menu options to user
2025-12-27 22:08:41,803 - __main__ - INFO - User selected option: 6
2025-12-27 22:08:41,804 - __main__ - INFO - User session ended. Duration: 0:01:55.906622
2025-12-27 22:08:41,804 - __main__ - INFO - 👋 Thank you for using Universal Data Quality Framework!
