2026-01-21 15:01:03,703 - root - INFO - CLI Mode Logging Initialized
2026-01-21 15:01:03,704 - root - INFO - CLI logs will be saved to: logs/dq_framework_20260121_150103.log
2026-01-21 15:01:03,705 - __main__ - INFO - 🚀 UNIVERSAL DATA QUALITY FRAMEWORK INITIALIZED
2026-01-21 15:01:03,720 - __main__ - INFO - Starting system resource check
2026-01-21 15:01:03,730 - __main__ - INFO - Total RAM: 15.7 GB
2026-01-21 15:01:03,732 - __main__ - INFO - Available RAM: 2.9 GB
2026-01-21 15:01:03,733 - __main__ - INFO - Memory used: 81.7%
2026-01-21 15:01:03,734 - __main__ - INFO - Memory status: OK
2026-01-21 15:01:03,736 - __main__ - INFO - Free disk space: 259.9 GB
2026-01-21 15:01:03,736 - __main__ - INFO - Disk used: 45.4%
2026-01-21 15:01:03,737 - __main__ - INFO - Disk space: OK
2026-01-21 15:01:04,238 - __main__ - INFO - CPU cores: 8
2026-01-21 15:01:04,238 - __main__ - INFO - CPU usage: 69.0%
2026-01-21 15:01:04,242 - __main__ - INFO - Python version: 3.12.4
2026-01-21 15:01:04,244 - __main__ - INFO - System platform: win32
2026-01-21 15:01:04,246 - __main__ - INFO - User session started at: 2026-01-21 15:01:04.245643
2026-01-21 15:01:04,247 - __main__ - INFO - Displaying main menu options to user
2026-01-21 15:01:06,536 - __main__ - INFO - User selected option: 6
2026-01-21 15:01:06,538 - __main__ - INFO - User session ended. Duration: 0:00:02.292549
2026-01-21 15:01:06,545 - __main__ - INFO - 👋 Thank you for using Universal Data Quality Framework!
