2026-01-17 20:17:15,950 - root - INFO - CLI Mode Logging Initialized
2026-01-17 20:17:15,950 - root - INFO - CLI logs will be saved to: logs/dq_framework_20260117_201715.log
2026-01-17 20:17:15,950 - __main__ - INFO - 🚀 UNIVERSAL DATA QUALITY FRAMEWORK INITIALIZED
2026-01-17 20:17:15,951 - __main__ - INFO - Starting system resource check
2026-01-17 20:17:15,957 - __main__ - INFO - Total RAM: 15.7 GB
2026-01-17 20:17:15,957 - __main__ - INFO - Available RAM: 2.7 GB
2026-01-17 20:17:15,958 - __main__ - INFO - Memory used: 83.1%
2026-01-17 20:17:15,958 - __main__ - INFO - Memory status: OK
2026-01-17 20:17:15,958 - __main__ - INFO - Free disk space: 255.6 GB
2026-01-17 20:17:15,958 - __main__ - INFO - Disk used: 46.3%
2026-01-17 20:17:15,959 - __main__ - INFO - Disk space: OK
2026-01-17 20:17:16,460 - __main__ - INFO - CPU cores: 8
2026-01-17 20:17:16,460 - __main__ - INFO - CPU usage: 19.0%
2026-01-17 20:17:16,460 - __main__ - INFO - Python version: 3.12.4
2026-01-17 20:17:16,461 - __main__ - INFO - System platform: win32
2026-01-17 20:17:16,461 - __main__ - INFO - User session started at: 2026-01-17 20:17:16.461279
2026-01-17 20:17:16,461 - __main__ - INFO - Displaying main menu options to user
2026-01-17 20:17:17,328 - __main__ - INFO - User selected option: 2
2026-01-17 20:17:17,330 - __main__ - INFO - Starting Source-Target Comparison module
2026-01-17 20:17:17,333 - dq_comparison - INFO - STARTING UNIVERSAL SOURCE-TARGET COMPARISON TOOL
2026-01-17 20:17:17,333 - dq_comparison - INFO - LOADING SOURCE AND TARGET DATA
2026-01-17 20:17:17,333 - dq_comparison - INFO - 
==================================================
2026-01-17 20:17:17,333 - dq_comparison - INFO - 🔗 SOURCE DATA CONFIGURATION
2026-01-17 20:17:17,334 - dq_comparison - INFO - ==================================================
2026-01-17 20:17:18,456 - dq_comparison - INFO - 
🗄️ SOURCE DATABASE CONFIGURATION
2026-01-17 20:17:18,456 - dq_comparison - INFO - ----------------------------------------
2026-01-17 20:17:19,652 - dq_comparison - INFO - Selected database type code: mysql
2026-01-17 20:17:20,725 - dq_comparison - INFO - User selected Browse and Select mode for SOURCE
2026-01-17 20:17:20,731 - database_navigator - INFO - DatabaseNavigator initialized
2026-01-17 20:17:20,731 - database_navigator - INFO - Starting database navigation...
2026-01-17 20:17:20,732 - database_navigator - INFO - Database type: mysql
2026-01-17 20:17:20,732 - database_navigator - INFO - Getting database configuration...
2026-01-17 20:17:22,394 - database_navigator - INFO - Connecting to MYSQL...
2026-01-17 20:17:22,595 - database_navigator - INFO - Successfully connected to MYSQL!
2026-01-17 20:17:22,599 - database_navigator - INFO - get_databases() called. db_type: mysql, connection exists: True
2026-01-17 20:17:22,602 - database_navigator - INFO - Found 13 databases
2026-01-17 20:17:26,343 - database_navigator - INFO - Selected database: dq_checks
2026-01-17 20:17:26,347 - database_navigator - INFO - Found 1 schemas
2026-01-17 20:17:27,519 - database_navigator - INFO - Selected schema: dq_checks
2026-01-17 20:17:27,528 - database_navigator - INFO - Found 18 tables in schema 'dq_checks'
2026-01-17 20:17:32,447 - database_navigator - INFO - Selected table: comparison_small_source15
2026-01-17 20:17:32,452 - database_navigator - INFO - Selection complete: {'type': 'mysql', 'database': 'dq_checks', 'schema': 'dq_checks', 'table': 'comparison_small_source15', 'selection_mode': 'hierarchical', 'host': 'localhost', 'port': '3306', 'user': 'root', 'password': 'root'}
2026-01-17 20:17:32,453 - dq_comparison - INFO - Selected via navigation for SOURCE: dq_checks.dq_checks.comparison_small_source15
2026-01-17 20:17:32,453 - dq_unified - INFO - Loading data from DATABASE
2026-01-17 20:17:32,453 - dq_unified - INFO - Loading large database table: comparison_small_source15
2026-01-17 20:17:32,453 - dq_unified - INFO - Normalized DB config with schema: dq_checks
2026-01-17 20:17:32,462 - dq_unified - INFO - MySQL table comparison_small_source15 has 15 rows
2026-01-17 20:17:32,463 - dq_unified - INFO - Loading 15 rows from MySQL...
2026-01-17 20:17:32,939 - dq_unified - INFO - Loaded 15 rows from MySQL
2026-01-17 20:17:32,956 - dq_unified - INFO - Memory optimization: 0.0MB -> 0.0MB (Saved: 0.0MB)
2026-01-17 20:17:32,957 - dq_unified - INFO - Loaded 15 rows, 16 columns. Memory: 111.5MB total, 0.0MB for dataframe
2026-01-17 20:17:32,958 - dq_comparison - INFO - SOURCE database loaded: 15 rows, 16 columns
2026-01-17 20:17:32,958 - dq_comparison - INFO - 
==================================================
2026-01-17 20:17:32,958 - dq_comparison - INFO - 🔗 TARGET DATA CONFIGURATION
2026-01-17 20:17:32,958 - dq_comparison - INFO - ==================================================
2026-01-17 20:17:38,396 - dq_comparison - INFO - 
🗄️ TARGET DATABASE CONFIGURATION
2026-01-17 20:17:38,397 - dq_comparison - INFO - ----------------------------------------
2026-01-17 20:17:39,535 - dq_comparison - INFO - Selected database type code: postgresql
2026-01-17 20:17:40,687 - dq_comparison - INFO - User selected Browse and Select mode for TARGET
2026-01-17 20:17:40,695 - dq_comparison - INFO - Converted 'postgresql' to 'postgres' for database_navigator compatibility
2026-01-17 20:17:40,696 - database_navigator - INFO - DatabaseNavigator initialized
2026-01-17 20:17:40,696 - database_navigator - INFO - Starting database navigation...
2026-01-17 20:17:40,696 - database_navigator - INFO - Database type: postgres
2026-01-17 20:17:40,697 - database_navigator - INFO - Getting database configuration...
2026-01-17 20:17:43,063 - database_navigator - INFO - Connecting to POSTGRES...
2026-01-17 20:17:43,063 - database_navigator - INFO - Connecting to PostgreSQL...
2026-01-17 20:17:43,065 - database_navigator - INFO - Connecting to PostgreSQL: host=localhost, port=5432, database=postgres, user=postgres
2026-01-17 20:17:43,173 - database_navigator - INFO - Connection object created: <connection object at 0x000001AFBCE92AC0; dsn: 'user=postgres password=xxx dbname=postgres host=localhost port=5432', closed: 0>
2026-01-17 20:17:43,174 - database_navigator - INFO - ✅ PostgreSQL connection successful to database: postgres
2026-01-17 20:17:43,178 - database_navigator - INFO - get_databases() called. db_type: postgres, connection exists: True
2026-01-17 20:17:43,197 - database_navigator - INFO - Raw rows: [('dq_checks',), ('finewise-testdb',), ('postgres',)]
2026-01-17 20:17:43,197 - database_navigator - INFO - Found 3 databases
2026-01-17 20:17:44,826 - database_navigator - INFO - Selected database: dq_checks
2026-01-17 20:17:44,828 - database_navigator - INFO - Reconnecting to PostgreSQL database: dq_checks
2026-01-17 20:17:44,828 - database_navigator - INFO - Connecting to POSTGRES...
2026-01-17 20:17:44,830 - database_navigator - INFO - Connecting to PostgreSQL...
2026-01-17 20:17:44,830 - database_navigator - INFO - Connecting to PostgreSQL: host=localhost, port=5432, database=dq_checks, user=postgres
2026-01-17 20:17:44,936 - database_navigator - INFO - Connection object created: <connection object at 0x000001AFBCE92350; dsn: 'user=postgres password=xxx dbname=dq_checks host=localhost port=5432', closed: 0>
2026-01-17 20:17:44,937 - database_navigator - INFO - ✅ PostgreSQL connection successful to database: dq_checks
2026-01-17 20:17:44,964 - database_navigator - INFO - Found 4 schemas
2026-01-17 20:17:46,387 - database_navigator - INFO - Selected schema: public
2026-01-17 20:17:46,390 - database_navigator - INFO - Ensuring connection to database: dq_checks for table list
2026-01-17 20:17:46,390 - database_navigator - INFO - Reconnecting to PostgreSQL database: dq_checks
2026-01-17 20:17:46,390 - database_navigator - INFO - Connecting to POSTGRES...
2026-01-17 20:17:46,390 - database_navigator - INFO - Connecting to PostgreSQL...
2026-01-17 20:17:46,391 - database_navigator - INFO - Connecting to PostgreSQL: host=localhost, port=5432, database=dq_checks, user=postgres
2026-01-17 20:17:46,598 - database_navigator - INFO - Connection object created: <connection object at 0x000001AFBCE92BD0; dsn: 'user=postgres password=xxx dbname=dq_checks host=localhost port=5432', closed: 0>
2026-01-17 20:17:46,599 - database_navigator - INFO - ✅ PostgreSQL connection successful to database: dq_checks
2026-01-17 20:17:46,600 - database_navigator - INFO - Connected to database: dq_checks, schema: public
2026-01-17 20:17:46,627 - database_navigator - INFO - Found 5 tables in dq_checks.public: ['comparison_small_target13', 'customers', 'customers_bkp', 'employee', 'stg_transactions']
2026-01-17 20:17:46,628 - database_navigator - INFO - Found 5 tables in schema 'public'
2026-01-17 20:17:48,074 - database_navigator - INFO - Selected table: comparison_small_target13
2026-01-17 20:17:48,079 - database_navigator - INFO - Selection complete: {'type': 'postgresql', 'database': 'dq_checks', 'schema': 'public', 'table': 'comparison_small_target13', 'selection_mode': 'hierarchical', 'host': 'localhost', 'port': '5432', 'user': 'postgres', 'password': 'postgres'}
2026-01-17 20:17:48,081 - dq_comparison - INFO - Selected via navigation for TARGET: dq_checks.public.comparison_small_target13
2026-01-17 20:17:48,081 - dq_unified - INFO - Loading data from DATABASE
2026-01-17 20:17:48,081 - dq_unified - INFO - Loading large database table: comparison_small_target13
2026-01-17 20:17:48,081 - dq_unified - INFO - Normalized DB config with schema: public
2026-01-17 20:17:48,181 - dq_unified - INFO - PostgreSQL table public.comparison_small_target13 has 13 rows
2026-01-17 20:17:48,181 - dq_unified - INFO - Loading 13 rows from PostgreSQL...
2026-01-17 20:17:48,186 - dq_unified - INFO - Loaded 13 rows from PostgreSQL
2026-01-17 20:17:48,193 - dq_unified - INFO - Memory optimization: 0.0MB -> 0.0MB (Saved: 0.0MB)
2026-01-17 20:17:48,193 - dq_unified - INFO - Loaded 13 rows, 16 columns. Memory: 112.2MB total, 0.0MB for dataframe
2026-01-17 20:17:48,193 - dq_comparison - INFO - TARGET database loaded: 13 rows, 16 columns
2026-01-17 20:17:48,193 - dq_comparison - INFO - SELECTING COLUMNS FOR COMPARISON
2026-01-17 20:17:48,194 - dq_comparison - INFO - Source columns (original): ['transaction_id', 'account_id', 'customer_id', 'transaction_date', 'posting_date', 'transaction_type', 'currency', 'amount', 'balance_after', 'status', 'merchant_name', 'merchant_category', 'country', 'reference_code', 'created_at', 'updated_at']
2026-01-17 20:17:48,194 - dq_comparison - INFO - Target columns (original): ['transaction_id', 'account_id', 'customer_id', 'transaction_date', 'posting_date', 'transaction_type', 'currency', 'amount', 'balance_after', 'status', 'merchant_name', 'merchant_category', 'country', 'reference_code', 'created_at', 'updated_at']
2026-01-17 20:17:48,195 - dq_comparison - INFO - Common columns lowercased: ['amount', 'balance_after', 'merchant_category', 'customer_id', 'merchant_name', 'created_at', 'account_id', 'country', 'updated_at', 'transaction_type', 'transaction_date', 'transaction_id', 'currency', 'posting_date', 'reference_code', 'status']
2026-01-17 20:17:48,195 - dq_comparison - INFO - Found 16 common columns between source and target (case-insensitive)
2026-01-17 20:17:48,195 - dq_comparison - INFO - 
📋 Common columns available for comparison:
2026-01-17 20:17:48,195 - dq_comparison - INFO -   1. amount (Source) ↔ amount (Target)
2026-01-17 20:17:48,196 - dq_comparison - INFO -   2. balance_after (Source) ↔ balance_after (Target)
2026-01-17 20:17:48,196 - dq_comparison - INFO -   3. merchant_category (Source) ↔ merchant_category (Target)
2026-01-17 20:17:48,196 - dq_comparison - INFO -   4. customer_id (Source) ↔ customer_id (Target)
2026-01-17 20:17:48,196 - dq_comparison - INFO -   5. merchant_name (Source) ↔ merchant_name (Target)
2026-01-17 20:17:48,197 - dq_comparison - INFO -   6. created_at (Source) ↔ created_at (Target)
2026-01-17 20:17:48,197 - dq_comparison - INFO -   7. account_id (Source) ↔ account_id (Target)
2026-01-17 20:17:48,197 - dq_comparison - INFO -   8. country (Source) ↔ country (Target)
2026-01-17 20:17:48,198 - dq_comparison - INFO -   9. updated_at (Source) ↔ updated_at (Target)
2026-01-17 20:17:48,198 - dq_comparison - INFO -   10. transaction_type (Source) ↔ transaction_type (Target)
2026-01-17 20:17:48,198 - dq_comparison - INFO -   11. transaction_date (Source) ↔ transaction_date (Target)
2026-01-17 20:17:48,198 - dq_comparison - INFO -   12. transaction_id (Source) ↔ transaction_id (Target)
2026-01-17 20:17:48,199 - dq_comparison - INFO -   13. currency (Source) ↔ currency (Target)
2026-01-17 20:17:48,199 - dq_comparison - INFO -   14. posting_date (Source) ↔ posting_date (Target)
2026-01-17 20:17:48,199 - dq_comparison - INFO -   15. reference_code (Source) ↔ reference_code (Target)
2026-01-17 20:17:48,199 - dq_comparison - INFO -   16. status (Source) ↔ status (Target)
2026-01-17 20:17:49,895 - dq_comparison - INFO - User column selection input: all
2026-01-17 20:17:49,896 - dq_comparison - INFO - User selected ALL common columns for comparison
2026-01-17 20:17:49,898 - dq_comparison - INFO - GENERATING COMPREHENSIVE COMPARISON REPORT
2026-01-17 20:17:49,898 - dq_comparison - INFO - Report details - Source: Database: mysql - dq_checks.comparison_small_source15, Target: Database: postgresql - dq_checks.comparison_small_target13, Selected columns: 16
2026-01-17 20:17:49,898 - dq_comparison - INFO - Initializing Error Logger...
2026-01-17 20:17:49,899 - dq_error_log - INFO - ErrorLogger initialized with database: dq_checks
2026-01-17 20:17:49,909 - dq_error_log - INFO - Database connection successful
2026-01-17 20:17:49,909 - dq_comparison - INFO - Session ID: CMP_20260117_201749
2026-01-17 20:17:49,909 - dq_comparison - INFO - 
======================================================================
2026-01-17 20:17:49,909 - dq_comparison - INFO - 🔄 RUNNING SOURCE-TARGET COMPARISON WITH PERFECT NORMALIZATION
2026-01-17 20:17:49,910 - dq_comparison - INFO - ======================================================================
2026-01-17 20:17:49,910 - dq_comparison - INFO - Session ID: CMP_20260117_201749
2026-01-17 20:17:49,910 - dq_comparison - INFO - Source: Database: mysql - dq_checks.comparison_small_source15
2026-01-17 20:17:49,913 - dq_comparison - INFO - Target: Database: postgresql - dq_checks.comparison_small_target13
2026-01-17 20:17:49,913 - dq_comparison - INFO - Selected columns: 16
2026-01-17 20:17:49,913 - dq_comparison - INFO - ======================================================================
2026-01-17 20:17:49,913 - dq_comparison - INFO - 
1️⃣ FIRST: ROW COUNT CHECK
2026-01-17 20:17:49,914 - dq_comparison - WARNING - ❌ Row count mismatch: Source=15, Target=13, Difference=2
2026-01-17 20:17:49,914 - dq_comparison - WARNING -    Missing in target: 2 rows
2026-01-17 20:17:49,914 - dq_comparison - INFO - 
2️⃣ COLUMN STRUCTURE COMPARISON
2026-01-17 20:17:49,915 - dq_comparison - INFO - Comparing column structures...
2026-01-17 20:17:49,915 - dq_comparison - INFO - Column structure comparison complete. Match: True
2026-01-17 20:17:49,915 - dq_comparison - INFO - 
3️⃣ PRIMARY KEY VALIDATION
2026-01-17 20:17:49,915 - dq_comparison - INFO - Validating primary key/unique fields...
2026-01-17 20:17:49,915 - dq_comparison - INFO - Checking key fields: ['transaction_id', 'customer_id', 'reference_code']
2026-01-17 20:17:49,921 - dq_comparison - WARNING - Field 'customer_id' has duplicates in source: 15 rows
2026-01-17 20:17:49,922 - dq_comparison - WARNING - Field 'customer_id' has duplicates in target: 13 rows
2026-01-17 20:17:49,922 - dq_comparison - INFO - Primary key validation complete. Passed: False
2026-01-17 20:17:49,943 - dq_comparison - INFO -    Key fields found: ['transaction_id', 'customer_id', 'reference_code']
2026-01-17 20:17:49,943 - dq_comparison - INFO -    Unique in source: ❌
2026-01-17 20:17:49,944 - dq_comparison - INFO -    Unique in target: ❌
2026-01-17 20:17:49,945 - dq_comparison - INFO -    Validation passed: ❌
2026-01-17 20:17:49,946 - dq_comparison - WARNING -    Source duplicates in 'customer_id': 15 rows
2026-01-17 20:17:49,946 - dq_comparison - WARNING -      Sample values: ['CUST9001']
2026-01-17 20:17:49,946 - dq_comparison - WARNING -    Target duplicates in 'customer_id': 13 rows
2026-01-17 20:17:49,947 - dq_comparison - WARNING -      Sample values: ['CUST9001']
2026-01-17 20:17:49,947 - dq_comparison - INFO -    Column names match: ✅
2026-01-17 20:17:49,947 - dq_comparison - INFO -    Column order match: ✅
2026-01-17 20:17:49,947 - dq_comparison - INFO -    Data types match: ✅
2026-01-17 20:17:49,947 - dq_comparison - INFO - 
4️⃣ TABLE METADATA COMPARISON
2026-01-17 20:17:49,947 - dq_comparison - INFO - Comparing table-level metadata...
2026-01-17 20:17:49,961 - dq_comparison - INFO - Table metadata comparison complete. Match: False
2026-01-17 20:17:49,973 - dq_comparison - INFO -    Table metadata match: ❌
2026-01-17 20:17:49,974 - dq_comparison - INFO -    Source: 15 rows, 16 cols, 0.01 MB
2026-01-17 20:17:49,974 - dq_comparison - INFO -    Target: 13 rows, 16 cols, 0.0 MB
2026-01-17 20:17:49,975 - dq_comparison - WARNING -    Found 1 metadata differences:
2026-01-17 20:17:49,975 - dq_comparison - WARNING -      • Row Count: Source=15, Target=13
2026-01-17 20:17:49,975 - dq_comparison - INFO - 
5️⃣ HASH-BASED COMPARISON
2026-01-17 20:17:49,976 - dq_comparison - INFO - ℹ️  Note: All NULL values normalized to 'NULL'
2026-01-17 20:17:49,976 - dq_comparison - INFO - ℹ️  Note: Dates normalized to YYYY-MM-DD
2026-01-17 20:17:49,976 - dq_comparison - INFO - ℹ️  Note: Strings trimmed and case-normalized
2026-01-17 20:17:49,976 - dq_comparison - INFO - ℹ️  Note: Phone numbers stripped to digits only, leading zeros removed
2026-01-17 20:17:49,976 - dq_comparison - INFO - SECOND CHECK: HASH-BASED COMPARISON WITH PERFECT NORMALIZATION
2026-01-17 20:17:49,982 - dq_comparison - INFO - === DEBUG: DATA TYPE CHECK ===
2026-01-17 20:17:49,982 - dq_comparison - INFO - Column: amount
2026-01-17 20:17:49,983 - dq_comparison - INFO -   Source type: <class 'str'>, value: 536.83
2026-01-17 20:17:49,983 - dq_comparison - INFO -   Target type: <class 'numpy.float32'>, value: 5896.93017578125
2026-01-17 20:17:49,983 - dq_comparison - INFO -   Normalized: '536.83' vs '5896.93'
2026-01-17 20:17:49,983 - dq_comparison - INFO -   Match: False
2026-01-17 20:17:49,984 - dq_comparison - INFO - Column: balance_after
2026-01-17 20:17:49,984 - dq_comparison - INFO -   Source type: <class 'str'>, value: 44576.32
2026-01-17 20:17:49,984 - dq_comparison - INFO -   Target type: <class 'numpy.float32'>, value: 54897.9296875
2026-01-17 20:17:49,985 - dq_comparison - INFO -   Normalized: '44576.32' vs '54897.93'
2026-01-17 20:17:49,985 - dq_comparison - INFO -   Match: False
2026-01-17 20:17:49,985 - dq_comparison - INFO - Column: merchant_category
2026-01-17 20:17:49,985 - dq_comparison - INFO -   Source type: <class 'str'>, value: Retail
2026-01-17 20:17:49,985 - dq_comparison - INFO -   Target type: <class 'str'>, value: Electronics
2026-01-17 20:17:49,986 - dq_comparison - INFO -   Normalized: 'retail' vs 'electronics'
2026-01-17 20:17:49,986 - dq_comparison - INFO -   Match: False
2026-01-17 20:17:49,986 - dq_comparison - INFO - Source DF columns: ['transaction_id', 'account_id', 'customer_id', 'transaction_date', 'posting_date', 'transaction_type', 'currency', 'amount', 'balance_after', 'status', 'merchant_name', 'merchant_category', 'country', 'reference_code', 'created_at', 'updated_at']
2026-01-17 20:17:49,987 - dq_comparison - INFO - Target DF columns: ['transaction_id', 'account_id', 'customer_id', 'transaction_date', 'posting_date', 'transaction_type', 'currency', 'amount', 'balance_after', 'status', 'merchant_name', 'merchant_category', 'country', 'reference_code', 'created_at', 'updated_at']
2026-01-17 20:17:49,989 - dq_comparison - INFO - Selected columns for comparison: ['amount', 'balance_after', 'merchant_category', 'customer_id', 'merchant_name', 'created_at', 'account_id', 'country', 'updated_at', 'transaction_type', 'transaction_date', 'transaction_id', 'currency', 'posting_date', 'reference_code', 'status']
2026-01-17 20:17:49,990 - dq_comparison - INFO - Using 16 common columns for hash comparison
2026-01-17 20:17:49,990 - dq_comparison - INFO - Source columns: ['amount', 'balance_after', 'merchant_category', 'customer_id', 'merchant_name', 'created_at', 'account_id', 'country', 'updated_at', 'transaction_type', 'transaction_date', 'transaction_id', 'currency', 'posting_date', 'reference_code', 'status']
2026-01-17 20:17:49,990 - dq_comparison - INFO - Target columns: ['amount', 'balance_after', 'merchant_category', 'customer_id', 'merchant_name', 'created_at', 'account_id', 'country', 'updated_at', 'transaction_type', 'transaction_date', 'transaction_id', 'currency', 'posting_date', 'reference_code', 'status']
2026-01-17 20:17:49,991 - dq_comparison - INFO - Generating hashes for source data (15 rows)...
2026-01-17 20:17:49,997 - dq_comparison - INFO - === DEBUG: SOURCES SAMPLE HASHES ===
2026-01-17 20:17:49,997 - dq_comparison - INFO - Hash 1: 8a9620a29193e64d... (Source row 0)
2026-01-17 20:17:49,998 - dq_comparison - INFO - Hash 2: 166fb39357e2ead6... (Source row 1)
2026-01-17 20:17:49,998 - dq_comparison - INFO - Hash 3: 59f5bbaa7b16c89c... (Source row 2)
2026-01-17 20:17:49,998 - dq_comparison - INFO - Hash 4: cfa5b451f91e7df1... (Source row 3)
2026-01-17 20:17:49,998 - dq_comparison - INFO - Hash 5: c32592a8456f00a8... (Source row 4)
2026-01-17 20:17:49,999 - dq_comparison - INFO - Hash 6: 8456f3942483c4c4... (Source row 5)
2026-01-17 20:17:49,999 - dq_comparison - INFO - Hash 7: cf0bb9e6147b10cc... (Source row 6)
2026-01-17 20:17:49,999 - dq_comparison - INFO - Hash 8: e60e79c1b45943a4... (Source row 7)
2026-01-17 20:17:49,999 - dq_comparison - INFO - Hash 9: 0ac32d2e3947e228... (Source row 8)
2026-01-17 20:17:50,000 - dq_comparison - INFO - Hash 10: 9064862ca80c2abc... (Source row 9)
2026-01-17 20:17:50,000 - dq_comparison - INFO - Hash 11: 953ba16dc9545e8d... (Source row 10)
2026-01-17 20:17:50,000 - dq_comparison - INFO - Hash 12: d88ff2006aac7e38... (Source row 11)
2026-01-17 20:17:50,000 - dq_comparison - INFO - Hash 13: 397d7e0494853bd4... (Source row 12)
2026-01-17 20:17:50,000 - dq_comparison - INFO - Hash 14: cb0047fdd971594e... (Source row 13)
2026-01-17 20:17:50,001 - dq_comparison - INFO - Hash 15: e51e295cf9fbc657... (Source row 14)
2026-01-17 20:17:50,001 - dq_comparison - INFO - Generating hashes for target data (13 rows)...
2026-01-17 20:17:50,006 - dq_comparison - INFO - === DEBUG: TARGET SAMPLE HASHES ===
2026-01-17 20:17:50,006 - dq_comparison - INFO - Hash 1: b23c5fcf60bfcbac... (Target row 0)
2026-01-17 20:17:50,006 - dq_comparison - INFO - Hash 2: 4bdb85621eadf0be... (Target row 1)
2026-01-17 20:17:50,007 - dq_comparison - INFO - Hash 3: badf8c04aba6f5bc... (Target row 2)
2026-01-17 20:17:50,007 - dq_comparison - INFO - Hash 4: 7e21bc4c2a1485ef... (Target row 3)
2026-01-17 20:17:50,007 - dq_comparison - INFO - Hash 5: 4d5255dd3497c9d5... (Target row 4)
2026-01-17 20:17:50,008 - dq_comparison - INFO - Hash 6: cd300dd225d37b61... (Target row 5)
2026-01-17 20:17:50,008 - dq_comparison - INFO - Hash 7: 48cb7b5a86c6ea7c... (Target row 6)
2026-01-17 20:17:50,008 - dq_comparison - INFO - Hash 8: fb0200a2e244e555... (Target row 7)
2026-01-17 20:17:50,008 - dq_comparison - INFO - Hash 9: ed0fa11ce81d2a50... (Target row 8)
2026-01-17 20:17:50,008 - dq_comparison - INFO - Hash 10: fcedbb48a8f1d6dd... (Target row 9)
2026-01-17 20:17:50,009 - dq_comparison - INFO - Hash 11: 8ffd6a3fa355823b... (Target row 10)
2026-01-17 20:17:50,009 - dq_comparison - INFO - Hash 12: 2f3661530d625be4... (Target row 11)
2026-01-17 20:17:50,009 - dq_comparison - INFO - Hash 13: 510aaaaafe0f8ab2... (Target row 12)
2026-01-17 20:17:50,009 - dq_comparison - INFO - 
======================================================================
2026-01-17 20:17:50,010 - dq_comparison - INFO - 🔍 DEBUG: ANALYZING WHY HASHES DON'T MATCH
2026-01-17 20:17:50,010 - dq_comparison - INFO - ======================================================================
2026-01-17 20:17:50,010 - dq_comparison - INFO - --- Analyzing Row 0 ---
2026-01-17 20:17:50,011 - dq_comparison - INFO - Column 'amount' → 'amount':
2026-01-17 20:17:50,011 - dq_comparison - INFO -   Source: '536.83' (type: str) → '536.83'
2026-01-17 20:17:50,011 - dq_comparison - INFO -   Target: '5896.93017578125' (type: float32) → '5896.93'
2026-01-17 20:17:50,012 - dq_comparison - INFO -   Match after normalization: ❌ NO
2026-01-17 20:17:50,012 - dq_comparison - INFO - Column 'balance_after' → 'balance_after':
2026-01-17 20:17:50,012 - dq_comparison - INFO -   Source: '44576.32' (type: str) → '44576.32'
2026-01-17 20:17:50,012 - dq_comparison - INFO -   Target: '54897.9296875' (type: float32) → '54897.93'
2026-01-17 20:17:50,012 - dq_comparison - INFO -   Match after normalization: ❌ NO
2026-01-17 20:17:50,013 - dq_comparison - INFO - Column 'merchant_category' → 'merchant_category':
2026-01-17 20:17:50,013 - dq_comparison - INFO -   Source: 'Retail' (type: str) → 'retail'
2026-01-17 20:17:50,013 - dq_comparison - INFO -   Target: 'Electronics' (type: str) → 'electronics'
2026-01-17 20:17:50,013 - dq_comparison - INFO -   Match after normalization: ❌ NO
2026-01-17 20:17:50,014 - dq_comparison - INFO - Column 'customer_id' → 'customer_id':
2026-01-17 20:17:50,014 - dq_comparison - INFO -   Source: 'CUST9001' (type: str) → 'CUST9001'
2026-01-17 20:17:50,014 - dq_comparison - INFO -   Target: 'CUST9001' (type: str) → 'CUST9001'
2026-01-17 20:17:50,014 - dq_comparison - INFO -   Match after normalization: ✅ YES
2026-01-17 20:17:50,015 - dq_comparison - INFO - Column 'merchant_name' → 'merchant_name':
2026-01-17 20:17:50,015 - dq_comparison - INFO -   Source: 'Walmart' (type: str) → 'walmart'
2026-01-17 20:17:50,015 - dq_comparison - INFO -   Target: 'Amazon-CHANGED' (type: str) → 'amazon-changed'
2026-01-17 20:17:50,015 - dq_comparison - INFO -   Match after normalization: ❌ NO
2026-01-17 20:17:50,015 - dq_comparison - INFO - 
Hash components for Row 0:
2026-01-17 20:17:50,016 - dq_comparison - INFO - Source hash string start: 536.83|44576.32|retail...
2026-01-17 20:17:50,016 - dq_comparison - INFO - Target hash string start: 5896.93|54897.93|electronics...
2026-01-17 20:17:50,016 - dq_comparison - INFO - Same? ❌ NO
2026-01-17 20:17:50,016 - dq_comparison - INFO - --- Analyzing Row 1 ---
2026-01-17 20:17:50,017 - dq_comparison - INFO - Column 'amount' → 'amount':
2026-01-17 20:17:50,017 - dq_comparison - INFO -   Source: '1389.09' (type: str) → '1389.09'
2026-01-17 20:17:50,018 - dq_comparison - INFO -   Target: '2460.419921875' (type: float32) → '2460.42'
2026-01-17 20:17:50,021 - dq_comparison - INFO -   Match after normalization: ❌ NO
2026-01-17 20:17:50,022 - dq_comparison - INFO - Column 'balance_after' → 'balance_after':
2026-01-17 20:17:50,022 - dq_comparison - INFO -   Source: '46590.92' (type: str) → '46590.92'
2026-01-17 20:17:50,022 - dq_comparison - INFO -   Target: '56858.3515625' (type: float32) → '56858.35'
2026-01-17 20:17:50,023 - dq_comparison - INFO -   Match after normalization: ❌ NO
2026-01-17 20:17:50,023 - dq_comparison - INFO - Column 'merchant_category' → 'merchant_category':
2026-01-17 20:17:50,023 - dq_comparison - INFO -   Source: 'Transport' (type: str) → 'transport'
2026-01-17 20:17:50,023 - dq_comparison - INFO -   Target: 'Transport' (type: str) → 'transport'
2026-01-17 20:17:50,024 - dq_comparison - INFO -   Match after normalization: ✅ YES
2026-01-17 20:17:50,024 - dq_comparison - INFO - Column 'customer_id' → 'customer_id':
2026-01-17 20:17:50,024 - dq_comparison - INFO -   Source: 'CUST9001' (type: str) → 'CUST9001'
2026-01-17 20:17:50,025 - dq_comparison - INFO -   Target: 'CUST9001' (type: str) → 'CUST9001'
2026-01-17 20:17:50,025 - dq_comparison - INFO -   Match after normalization: ✅ YES
2026-01-17 20:17:50,025 - dq_comparison - INFO - Column 'merchant_name' → 'merchant_name':
2026-01-17 20:17:50,025 - dq_comparison - INFO -   Source: 'Walmart' (type: str) → 'walmart'
2026-01-17 20:17:50,025 - dq_comparison - INFO -   Target: 'Walmart' (type: str) → 'walmart'
2026-01-17 20:17:50,026 - dq_comparison - INFO -   Match after normalization: ✅ YES
2026-01-17 20:17:50,026 - dq_comparison - INFO - 
Hash components for Row 1:
2026-01-17 20:17:50,026 - dq_comparison - INFO - Source hash string start: 1389.09|46590.92|transport...
2026-01-17 20:17:50,027 - dq_comparison - INFO - Target hash string start: 2460.42|56858.35|transport...
2026-01-17 20:17:50,027 - dq_comparison - INFO - Same? ❌ NO
2026-01-17 20:17:50,027 - dq_comparison - INFO - --- Analyzing Row 2 ---
2026-01-17 20:17:50,028 - dq_comparison - INFO - Column 'amount' → 'amount':
2026-01-17 20:17:50,028 - dq_comparison - INFO -   Source: '2460.42' (type: str) → '2460.42'
2026-01-17 20:17:50,028 - dq_comparison - INFO -   Target: '4816.169921875' (type: float32) → '4816.17'
2026-01-17 20:17:50,028 - dq_comparison - INFO -   Match after normalization: ❌ NO
2026-01-17 20:17:50,029 - dq_comparison - INFO - Column 'balance_after' → 'balance_after':
2026-01-17 20:17:50,029 - dq_comparison - INFO -   Source: '56858.35' (type: str) → '56858.35'
2026-01-17 20:17:50,029 - dq_comparison - INFO -   Target: '52542.1796875' (type: float32) → '52542.18'
2026-01-17 20:17:50,029 - dq_comparison - INFO -   Match after normalization: ❌ NO
2026-01-17 20:17:50,029 - dq_comparison - INFO - Column 'merchant_category' → 'merchant_category':
2026-01-17 20:17:50,030 - dq_comparison - INFO -   Source: 'Transport' (type: str) → 'transport'
2026-01-17 20:17:50,030 - dq_comparison - INFO -   Target: 'Food' (type: str) → 'food'
2026-01-17 20:17:50,030 - dq_comparison - INFO -   Match after normalization: ❌ NO
2026-01-17 20:17:50,030 - dq_comparison - INFO - Column 'customer_id' → 'customer_id':
2026-01-17 20:17:50,031 - dq_comparison - INFO -   Source: 'CUST9001' (type: str) → 'CUST9001'
2026-01-17 20:17:50,031 - dq_comparison - INFO -   Target: 'CUST9001' (type: str) → 'CUST9001'
2026-01-17 20:17:50,031 - dq_comparison - INFO -   Match after normalization: ✅ YES
2026-01-17 20:17:50,031 - dq_comparison - INFO - Column 'merchant_name' → 'merchant_name':
2026-01-17 20:17:50,032 - dq_comparison - INFO -   Source: 'Walmart' (type: str) → 'walmart'
2026-01-17 20:17:50,032 - dq_comparison - INFO -   Target: 'Starbucks' (type: str) → 'starbucks'
2026-01-17 20:17:50,032 - dq_comparison - INFO -   Match after normalization: ❌ NO
2026-01-17 20:17:50,032 - dq_comparison - INFO - 
Hash components for Row 2:
2026-01-17 20:17:50,033 - dq_comparison - INFO - Source hash string start: 2460.42|56858.35|transport...
2026-01-17 20:17:50,033 - dq_comparison - INFO - Target hash string start: 4816.17|52542.18|food...
2026-01-17 20:17:50,033 - dq_comparison - INFO - Same? ❌ NO
2026-01-17 20:17:50,033 - dq_comparison - INFO - 
--- Column Data Types Analysis ---
2026-01-17 20:17:50,034 - dq_comparison - INFO - Column 1: 'amount' (object) ↔ 'amount' (float32)
2026-01-17 20:17:50,036 - dq_comparison - INFO -   Sample: Source='536.83', Target='5896.93017578125'
2026-01-17 20:17:50,037 - dq_comparison - INFO - Column 2: 'balance_after' (object) ↔ 'balance_after' (float32)
2026-01-17 20:17:50,038 - dq_comparison - INFO -   Sample: Source='44576.32', Target='54897.9296875'
2026-01-17 20:17:50,038 - dq_comparison - INFO - Column 3: 'merchant_category' (category) ↔ 'merchant_category' (category)
2026-01-17 20:17:50,038 - dq_comparison - INFO -   Sample: Source='Retail', Target='Electronics'
2026-01-17 20:17:50,038 - dq_comparison - INFO - Column 4: 'customer_id' (category) ↔ 'customer_id' (category)
2026-01-17 20:17:50,038 - dq_comparison - INFO -   Sample: Source='CUST9001', Target='CUST9001'
2026-01-17 20:17:50,039 - dq_comparison - INFO - Column 5: 'merchant_name' (category) ↔ 'merchant_name' (category)
2026-01-17 20:17:50,039 - dq_comparison - INFO -   Sample: Source='Walmart', Target='Amazon-CHANGED'
2026-01-17 20:17:50,039 - dq_comparison - INFO - PERFORMING DETAILED ROW-LEVEL COMPARISON WITH PAGINATION...
2026-01-17 20:17:50,039 - dq_comparison - INFO - Found 28 total mismatches
2026-01-17 20:17:50,039 - dq_comparison - INFO - Will process detailed comparisons for first 28 rows
2026-01-17 20:17:50,213 - dq_comparison - INFO - 
================================================================================
2026-01-17 20:17:50,214 - dq_comparison - INFO - DETAILED MISMATCH SUMMARY:
2026-01-17 20:17:50,215 - dq_comparison - INFO -   Total mismatches found: 15
2026-01-17 20:17:50,216 - dq_comparison - INFO -   Detailed comparisons logged: 15
2026-01-17 20:17:50,216 - dq_comparison - INFO -   First 10 rows displayed above
2026-01-17 20:17:50,216 - dq_comparison - INFO -   All mismatches stored in database with complete data
2026-01-17 20:17:50,217 - dq_comparison - INFO -   Use API to retrieve all 15 mismatches
2026-01-17 20:17:50,217 - dq_comparison - INFO - ================================================================================
2026-01-17 20:17:50,217 - dq_comparison - INFO - Hash-based Comparison Results (with duplicate handling):
2026-01-17 20:17:50,218 - dq_comparison - INFO -   • Unique source hashes: 15
2026-01-17 20:17:50,218 - dq_comparison - INFO -   • Unique target hashes: 13
2026-01-17 20:17:50,218 - dq_comparison - INFO -   • Common hashes: 0
2026-01-17 20:17:50,218 - dq_comparison - INFO -   • Common rows (counting duplicates): 0
2026-01-17 20:17:50,218 - dq_comparison - INFO -   • Rows only in source (counting duplicates): 15
2026-01-17 20:17:50,219 - dq_comparison - INFO -   • Rows only in target (counting duplicates): 13
2026-01-17 20:17:50,221 - dq_comparison - INFO - HASH-ONLY COMPARISON COMPLETED
2026-01-17 20:17:50,221 - dq_comparison - INFO - Returning counts for simple scoring:
2026-01-17 20:17:50,221 - dq_comparison - INFO -   Common rows: 0
2026-01-17 20:17:50,221 - dq_comparison - INFO -   Unique to source: 15
2026-01-17 20:17:50,222 - dq_comparison - INFO -   Unique to target: 13
2026-01-17 20:17:50,222 - dq_comparison - INFO -   Value mismatches: 448
2026-01-17 20:17:50,222 - dq_comparison - INFO -   Missing rows: 15
2026-01-17 20:17:50,222 - dq_comparison - INFO -   Extra rows: 13
2026-01-17 20:17:50,223 - dq_comparison - INFO - 
========================================================================================================================
COMPARISON: Mysql Database vs Postgresql Database
========================================================================================================================
Row   | Diff Count | Source (Sample)                          | Target (Sample)                         
------------------------------------------------------------------------------------------------------------------------
2     | 6          | amount: 536.83                           | amount: 5896.93                         
3     | 7          | amount: 1389.09                          | amount: 2460.42                         
4     | 8          | amount: 2460.42                          | amount: 4816.17                         
5     | 8          | amount: 1149.1                           | amount: 4562.17                         
6     | 8          | amount: 5896.93                          | amount: 1389.09                         
7     | 0          | amount: 2753.16                          | amount: 2753.16                         
8     | 7          | amount: 4562.17                          | amount: 2832.9                          
9     | 9          | amount: 3567.68                          | amount: 1817.12                         
10    | 8          | amount: 4816.17                          | amount: 3567.68                         
11    | 7          | amount: 951.96                           | amount: 1149.1                          
------------------------------------------------------------------------------------------------------------------------
Showing 1-10 of 15 mismatched rows. Use API for complete data.
========================================================================================================================
2026-01-17 20:17:50,223 - dq_comparison - INFO - Returning enhanced mismatch structure with 15 detailed mismatches
2026-01-17 20:17:50,223 - dq_comparison - INFO - New structure: 15 detailed mismatches
2026-01-17 20:17:50,223 - dq_comparison - INFO - 
6️⃣ DATA QUALITY ANALYSIS
2026-01-17 20:17:50,224 - dq_comparison - INFO - Analyzing data quality metrics...
2026-01-17 20:17:50,238 - dq_comparison - INFO - Null values - Source: 0 (0.00%), Target: 0 (0.00%)
2026-01-17 20:17:50,241 - dq_comparison - INFO - Duplicate rows (normalized) - Source: 0, Target: 0
2026-01-17 20:17:50,250 - dq_error_log - INFO - Retrieved 18 error logs for session CMP_20260117_201749
2026-01-17 20:17:50,251 - dq_comparison - INFO - 
📊 SIMPLE SCORING CALCULATION:
2026-01-17 20:17:50,252 - dq_comparison - INFO -   Source rows: 15
2026-01-17 20:17:50,252 - dq_comparison - INFO -   Common rows (matched): 0
2026-01-17 20:17:50,252 - dq_comparison - INFO -   Calculation: (0 / 15) * 100 = 0.00%
2026-01-17 20:17:50,252 - dq_comparison - INFO -   Explanation: 0 matched rows out of 15 total source rows
2026-01-17 20:17:50,253 - dq_comparison - INFO - 
=== AUDIT LOGGING SECTION ===
2026-01-17 20:17:50,257 - dq_comparison - INFO - 🔍 Audit logging is ENABLED in APP_SETTINGS
2026-01-17 20:17:50,257 - dq_audit - INFO - Audit class initialized with database: dq_checks
2026-01-17 20:17:50,257 - dq_comparison - INFO - Attempting to log audit record for session: CMP_20260117_201749
2026-01-17 20:17:50,257 - dq_audit - INFO - Starting database insertion for comparison...
2026-01-17 20:17:50,270 - dq_audit - INFO - Inserted comparison record with ID: 762
2026-01-17 20:17:50,270 - dq_comparison - INFO - ✅ Audit record logged successfully (ID: 762)
2026-01-17 20:17:50,270 - dq_comparison - INFO - 
======================================================================
2026-01-17 20:17:50,271 - dq_comparison - INFO - 📊 COMPARISON RESULTS SUMMARY
2026-01-17 20:17:50,271 - dq_comparison - INFO - ======================================================================
2026-01-17 20:17:50,271 - dq_comparison - INFO - Session ID: CMP_20260117_201749
2026-01-17 20:17:50,272 - dq_comparison - INFO - Source: Database: mysql - dq_checks.comparison_small_source15 (15 rows)
2026-01-17 20:17:50,272 - dq_comparison - INFO - Target: Database: postgresql - dq_checks.comparison_small_target13 (13 rows)
2026-01-17 20:17:50,272 - dq_comparison - INFO - Selected columns: 16
2026-01-17 20:17:50,272 - dq_comparison - INFO - ----------------------------------------------------------------------
2026-01-17 20:17:50,272 - dq_comparison - INFO - 1️⃣ Row count match: ❌ No
2026-01-17 20:17:50,273 - dq_comparison - INFO -    Missing in target: 2 rows
2026-01-17 20:17:50,273 - dq_comparison - INFO -    Extra in target: 0 rows
2026-01-17 20:17:50,273 - dq_comparison - INFO - 2️⃣ Column structure match: ✅ Yes
2026-01-17 20:17:50,273 - dq_comparison - INFO - 3️ Primary key validation: ❌ Failed
2026-01-17 20:17:50,273 - dq_comparison - INFO -    Key fields: ['transaction_id', 'customer_id', 'reference_code']
2026-01-17 20:17:50,274 - dq_comparison - INFO - 4️ Table metadata: ❌ Mismatch
2026-01-17 20:17:50,274 - dq_comparison - INFO -    • Row Count: 15 vs 13
2026-01-17 20:17:50,274 - dq_comparison - INFO - 5️⃣ Common rows (both Mysql Database and Postgresql Database): 0 (0.00% of Mysql Database)
2026-01-17 20:17:50,275 - dq_comparison - INFO - 6️⃣ Mysql Database-only rows: 15 (present ONLY in Mysql Database, NOT in Postgresql Database)
2026-01-17 20:17:50,275 - dq_comparison - INFO - 7️⃣ Postgresql Database-only rows: 13 (present ONLY in Postgresql Database, NOT in Mysql Database)
2026-01-17 20:17:50,275 - dq_comparison - INFO - 8️⃣ Column value mismatches: 0
2026-01-17 20:17:50,275 - dq_comparison - INFO - 9️ Data quality match: ✅ Yes
2026-01-17 20:17:50,276 - dq_comparison - INFO - 📈 DQ Score: 0.00%
2026-01-17 20:17:50,276 - dq_comparison - INFO - 📊 Calculation: (0 / 15) * 100 = 0.00%
2026-01-17 20:17:50,278 - dq_comparison - INFO - ======================================================================
2026-01-17 20:17:50,279 - dq_comparison - INFO - 
❌ LOW MATCH! Major differences found.
2026-01-17 20:17:50,279 - dq_comparison - INFO - 
🔍 NORMALIZATION APPLIED:
2026-01-17 20:17:50,279 - dq_comparison - INFO -    • NULL values → 'NULL' (consistent representation)
2026-01-17 20:17:50,279 - dq_comparison - INFO -    • Dates → YYYY-MM-DD format
2026-01-17 20:17:50,280 - dq_comparison - INFO -    • Strings → trimmed + lowercase
2026-01-17 20:17:50,280 - dq_comparison - INFO -    • Numeric values → standardized format
2026-01-17 20:17:50,280 - dq_comparison - INFO -    • Phone numbers → digits only, ALL leading zeros removed
2026-01-17 20:17:50,280 - dq_comparison - INFO -    • Extra whitespace removed
2026-01-17 20:17:50,281 - dq_comparison - INFO - 
🔍 DETAILED ERROR ANALYSIS:
2026-01-17 20:17:50,281 - dq_comparison - INFO - --------------------------------------------------
2026-01-17 20:17:50,281 - dq_comparison - INFO - 📊 SOURCE-ONLY ROWS: 15 rows
2026-01-17 20:17:50,281 - dq_comparison - INFO -    Present only in Mysql Database, missing from Postgresql Database
2026-01-17 20:17:50,282 - dq_comparison - INFO - 📊 TARGET-ONLY ROWS: 13 rows
2026-01-17 20:17:50,282 - dq_comparison - INFO -    Present only in Postgresql Database, extra (not in Mysql Database)
2026-01-17 20:17:50,292 - dq_error_log - INFO - Retrieved 10 errors for session CMP_20260117_201749
2026-01-17 20:17:50,294 - dq_comparison - INFO - 
📋 SAMPLE ERRORS (10 found):
2026-01-17 20:17:50,295 - dq_comparison - INFO - 
1. Row 0 - Metadata Row Count
2026-01-17 20:17:50,295 - dq_comparison - INFO -    Column: 
2026-01-17 20:17:50,295 - dq_comparison - INFO -    Metadata mismatch: Row Count
2026-01-17 20:17:50,295 - dq_comparison - INFO - 
2. Row 0 - Duplicate Primary Key
2026-01-17 20:17:50,296 - dq_comparison - INFO -    Column: customer_id
2026-01-17 20:17:50,296 - dq_comparison - INFO -    Primary key field 'customer_id' has 15 duplicates in source
2026-01-17 20:17:50,296 - dq_comparison - INFO - 
3. Row 0 - Duplicate Primary Key
2026-01-17 20:17:50,296 - dq_comparison - INFO -    Column: customer_id
2026-01-17 20:17:50,296 - dq_comparison - INFO -    Primary key field 'customer_id' has 13 duplicates in target
2026-01-17 20:17:50,297 - dq_comparison - INFO - 
💡 For complete error details, run:
2026-01-17 20:17:50,297 - dq_comparison - INFO -    USE dq_checks;
2026-01-17 20:17:50,297 - dq_comparison - INFO -    SELECT excel_row, column_name, error_type, error_description,
2026-01-17 20:17:50,297 - dq_comparison - INFO -           actual_value, expected_value
2026-01-17 20:17:50,298 - dq_comparison - INFO -    FROM dq_error_logs
2026-01-17 20:17:50,298 - dq_comparison - INFO -    WHERE session_id = 'CMP_20260117_201749'
2026-01-17 20:17:50,298 - dq_comparison - INFO -    ORDER BY excel_row, column_name;
2026-01-17 20:17:50,309 - dq_comparison - INFO - 
✅ Comparison completed! Session ID: CMP_20260117_201749
2026-01-17 20:17:50,319 - dq_error_log - INFO - Retrieved 19 error logs for session CMP_20260117_201749
2026-01-17 20:17:50,329 - dq_error_log - INFO - Retrieved summary: 19 total errors for session CMP_20260117_201749
2026-01-17 20:17:50,330 - dq_audit - INFO - Audit class initialized with database: dq_checks
2026-01-17 20:17:50,341 - dq_audit - INFO - Retrieved 1 audit logs for session CMP_20260117_201749
2026-01-17 20:17:50,342 - dq_comparison - INFO - 
🔍 Final results verification:
2026-01-17 20:17:50,342 - dq_comparison - INFO -    Session ID: CMP_20260117_201749
2026-01-17 20:17:50,343 - dq_comparison - INFO -    DQ Score (Simple %): 0.00%
2026-01-17 20:17:50,344 - dq_comparison - INFO -    Source rows: 15
2026-01-17 20:17:50,344 - dq_comparison - INFO -    Matched rows: 0
2026-01-17 20:17:50,344 - dq_comparison - INFO -    Calculation: (0 / 15) * 100
2026-01-17 20:17:50,344 - __main__ - INFO - Source-Target Comparison completed successfully
2026-01-17 20:17:50,344 - __main__ - INFO - Displaying main menu options to user
2026-01-17 20:17:52,869 - __main__ - INFO - User selected option: 6
2026-01-17 20:17:52,870 - __main__ - INFO - User session ended. Duration: 0:00:36.409194
2026-01-17 20:17:52,872 - __main__ - INFO - 👋 Thank you for using Universal Data Quality Framework!
