2026-01-15 09:15:31,368 - root - INFO - CLI Mode Logging Initialized
2026-01-15 09:15:31,368 - root - INFO - CLI logs will be saved to: logs/dq_framework_20260115_091531.log
2026-01-15 09:15:31,369 - __main__ - INFO - 🚀 UNIVERSAL DATA QUALITY FRAMEWORK INITIALIZED
2026-01-15 09:15:31,370 - __main__ - INFO - Starting system resource check
2026-01-15 09:15:31,375 - __main__ - INFO - Total RAM: 15.7 GB
2026-01-15 09:15:31,376 - __main__ - INFO - Available RAM: 4.4 GB
2026-01-15 09:15:31,376 - __main__ - INFO - Memory used: 71.9%
2026-01-15 09:15:31,376 - __main__ - INFO - Memory status: OK
2026-01-15 09:15:31,378 - __main__ - INFO - Free disk space: 261.6 GB
2026-01-15 09:15:31,379 - __main__ - INFO - Disk used: 45.1%
2026-01-15 09:15:31,379 - __main__ - INFO - Disk space: OK
2026-01-15 09:15:31,880 - __main__ - INFO - CPU cores: 8
2026-01-15 09:15:31,880 - __main__ - INFO - CPU usage: 28.6%
2026-01-15 09:15:31,880 - __main__ - INFO - Python version: 3.12.4
2026-01-15 09:15:31,881 - __main__ - INFO - System platform: win32
2026-01-15 09:15:31,881 - __main__ - INFO - User session started at: 2026-01-15 09:15:31.881839
2026-01-15 09:15:31,881 - __main__ - INFO - Displaying main menu options to user
2026-01-15 09:15:33,391 - __main__ - INFO - User selected option: 2
2026-01-15 09:15:33,395 - __main__ - INFO - Starting Source-Target Comparison module
2026-01-15 09:15:33,398 - dq_comparison - INFO - STARTING UNIVERSAL SOURCE-TARGET COMPARISON TOOL
2026-01-15 09:15:33,399 - dq_comparison - INFO - LOADING SOURCE AND TARGET DATA
2026-01-15 09:15:33,399 - dq_comparison - INFO - 
==================================================
2026-01-15 09:15:33,400 - dq_comparison - INFO - 🔗 SOURCE DATA CONFIGURATION
2026-01-15 09:15:33,400 - dq_comparison - INFO - ==================================================
2026-01-15 09:15:34,719 - dq_comparison - INFO - 
🗄️ SOURCE DATABASE CONFIGURATION
2026-01-15 09:15:34,732 - dq_comparison - INFO - ----------------------------------------
2026-01-15 09:15:41,880 - dq_comparison - INFO - Selected database type code: mysql
2026-01-15 09:15:45,990 - dq_unified - INFO - Getting database config from config file
2026-01-15 09:15:45,992 - dq_unified - INFO - Using MYSQL configuration from config file
2026-01-15 09:15:52,665 - dq_unified - INFO - Database configuration from config file: mysql, Table: customers_bkp
2026-01-15 09:15:52,667 - dq_unified - INFO - Loading data from DATABASE
2026-01-15 09:15:52,670 - dq_unified - INFO - Loading large database table: customers_bkp
2026-01-15 09:15:52,670 - dq_unified - INFO - Normalized DB config with schema: dq_checks
2026-01-15 09:15:52,884 - dq_unified - INFO - MySQL table customers_bkp has 12 rows
2026-01-15 09:15:52,884 - dq_unified - INFO - Loading 12 rows from MySQL...
2026-01-15 09:15:53,409 - dq_unified - INFO - Loaded 12 rows from MySQL
2026-01-15 09:15:53,418 - dq_unified - INFO - Memory optimization: 0.0MB -> 0.0MB (Saved: 0.0MB)
2026-01-15 09:15:53,418 - dq_unified - INFO - Standardizing data types...
2026-01-15 09:15:53,423 - dq_unified - INFO - Data type standardization complete
2026-01-15 09:15:53,425 - dq_unified - INFO - Loaded 12 rows, 10 columns. Memory: 111.6MB total, 0.0MB for dataframe
2026-01-15 09:15:53,426 - dq_comparison - INFO - SOURCE database loaded: 12 rows, 10 columns
2026-01-15 09:15:53,427 - dq_comparison - INFO - 
==================================================
2026-01-15 09:15:53,428 - dq_comparison - INFO - 🔗 TARGET DATA CONFIGURATION
2026-01-15 09:15:53,429 - dq_comparison - INFO - ==================================================
2026-01-15 09:15:54,786 - dq_comparison - INFO - 
🗄️ TARGET DATABASE CONFIGURATION
2026-01-15 09:15:54,786 - dq_comparison - INFO - ----------------------------------------
2026-01-15 09:15:55,524 - dq_comparison - INFO - Selected database type code: postgresql
2026-01-15 09:15:56,717 - dq_unified - INFO - Getting database config from config file
2026-01-15 09:15:56,719 - dq_unified - INFO - Using POSTGRESQL configuration from config file
2026-01-15 09:16:02,695 - dq_unified - INFO - Database configuration from config file: postgresql, Table: customers
2026-01-15 09:16:02,696 - dq_unified - INFO - Loading data from DATABASE
2026-01-15 09:16:02,699 - dq_unified - INFO - Loading large database table: customers
2026-01-15 09:16:02,699 - dq_unified - INFO - Normalized DB config with schema: public
2026-01-15 09:16:02,868 - dq_unified - INFO - PostgreSQL table public.customers has 15 rows
2026-01-15 09:16:02,869 - dq_unified - INFO - Loading 15 rows from PostgreSQL...
2026-01-15 09:16:02,874 - dq_unified - INFO - Loaded 15 rows from PostgreSQL
2026-01-15 09:16:02,881 - dq_unified - INFO - Memory optimization: 0.0MB -> 0.0MB (Saved: 0.0MB)
2026-01-15 09:16:02,881 - dq_unified - INFO - Standardizing data types...
2026-01-15 09:16:02,884 - dq_unified - INFO - Data type standardization complete
2026-01-15 09:16:02,885 - dq_unified - INFO - Loaded 15 rows, 10 columns. Memory: 112.1MB total, 0.0MB for dataframe
2026-01-15 09:16:02,886 - dq_comparison - INFO - TARGET database loaded: 15 rows, 10 columns
2026-01-15 09:16:02,886 - dq_comparison - INFO - SELECTING COLUMNS FOR COMPARISON
2026-01-15 09:16:02,887 - dq_comparison - INFO - Source columns (original): ['CustomerName', 'Email', 'Phone', 'Salary', 'Department', 'JoinDate', 'PostalCode', 'City', 'Country', 'State']
2026-01-15 09:16:02,887 - dq_comparison - INFO - Target columns (original): ['customername', 'email', 'phone', 'salary', 'department', 'joindate', 'postalcode', 'city', 'country', 'state']
2026-01-15 09:16:02,888 - dq_comparison - INFO - Common columns lowercased: ['customername', 'salary', 'joindate', 'phone', 'city', 'country', 'email', 'postalcode', 'department', 'state']
2026-01-15 09:16:02,888 - dq_comparison - INFO - Found 10 common columns between source and target (case-insensitive)
2026-01-15 09:16:02,888 - dq_comparison - INFO - 
📋 Common columns available for comparison:
2026-01-15 09:16:02,891 - dq_comparison - INFO -   1. CustomerName (Source) ↔ customername (Target)
2026-01-15 09:16:02,893 - dq_comparison - INFO -   2. Salary (Source) ↔ salary (Target)
2026-01-15 09:16:02,894 - dq_comparison - INFO -   3. JoinDate (Source) ↔ joindate (Target)
2026-01-15 09:16:02,894 - dq_comparison - INFO -   4. Phone (Source) ↔ phone (Target)
2026-01-15 09:16:02,895 - dq_comparison - INFO -   5. City (Source) ↔ city (Target)
2026-01-15 09:16:02,895 - dq_comparison - INFO -   6. Country (Source) ↔ country (Target)
2026-01-15 09:16:02,895 - dq_comparison - INFO -   7. Email (Source) ↔ email (Target)
2026-01-15 09:16:02,897 - dq_comparison - INFO -   8. PostalCode (Source) ↔ postalcode (Target)
2026-01-15 09:16:02,898 - dq_comparison - INFO -   9. Department (Source) ↔ department (Target)
2026-01-15 09:16:02,898 - dq_comparison - INFO -   10. State (Source) ↔ state (Target)
2026-01-15 09:16:04,145 - dq_comparison - INFO - User column selection input: all
2026-01-15 09:16:04,146 - dq_comparison - INFO - User selected ALL common columns for comparison
2026-01-15 09:16:04,147 - dq_comparison - INFO - GENERATING COMPREHENSIVE COMPARISON REPORT
2026-01-15 09:16:04,151 - dq_comparison - INFO - Report details - Source: Database: mysql - dq_checks.customers_bkp, Target: Database: postgresql - dq_checks.customers, Selected columns: 10
2026-01-15 09:16:04,151 - dq_comparison - INFO - Initializing Error Logger...
2026-01-15 09:16:04,151 - dq_error_log - INFO - ErrorLogger initialized with database: dq_checks
2026-01-15 09:16:04,172 - dq_error_log - INFO - Database connection successful
2026-01-15 09:16:04,172 - dq_comparison - INFO - Session ID: CMP_20260115_091604
2026-01-15 09:16:04,173 - dq_comparison - INFO - 
======================================================================
2026-01-15 09:16:04,173 - dq_comparison - INFO - 🔄 RUNNING SOURCE-TARGET COMPARISON WITH PERFECT NORMALIZATION
2026-01-15 09:16:04,174 - dq_comparison - INFO - ======================================================================
2026-01-15 09:16:04,174 - dq_comparison - INFO - Session ID: CMP_20260115_091604
2026-01-15 09:16:04,174 - dq_comparison - INFO - Source: Database: mysql - dq_checks.customers_bkp
2026-01-15 09:16:04,175 - dq_comparison - INFO - Target: Database: postgresql - dq_checks.customers
2026-01-15 09:16:04,175 - dq_comparison - INFO - Selected columns: 10
2026-01-15 09:16:04,175 - dq_comparison - INFO - ======================================================================
2026-01-15 09:16:04,176 - dq_comparison - INFO - 
1️⃣ FIRST: ROW COUNT CHECK
2026-01-15 09:16:04,176 - dq_comparison - WARNING - ❌ Row count mismatch: Source=12, Target=15, Difference=3
2026-01-15 09:16:04,177 - dq_comparison - WARNING -    Extra in target: 3 rows
2026-01-15 09:16:04,177 - dq_comparison - INFO - 
2️⃣ COLUMN STRUCTURE COMPARISON
2026-01-15 09:16:04,178 - dq_comparison - INFO - Comparing column structures...
2026-01-15 09:16:04,178 - dq_comparison - INFO - Column structure comparison complete. Match: False
2026-01-15 09:16:04,178 - dq_comparison - INFO - 
3️⃣ PRIMARY KEY VALIDATION
2026-01-15 09:16:04,179 - dq_comparison - INFO - Validating primary key/unique fields...
2026-01-15 09:16:04,180 - dq_comparison - INFO - Checking key fields: ['PostalCode']
2026-01-15 09:16:04,180 - dq_comparison - WARNING - No key fields found in both datasets
2026-01-15 09:16:04,198 - dq_comparison - INFO -    No key fields specified or detected
2026-01-15 09:16:04,198 - dq_comparison - INFO -    Column names match: ❌
2026-01-15 09:16:04,199 - dq_comparison - INFO -    Column order match: ❌
2026-01-15 09:16:04,201 - dq_comparison - INFO -    Data types match: ✅
2026-01-15 09:16:04,203 - dq_comparison - WARNING -    Missing in target: ['CustomerName', 'Email', 'Phone', 'Salary', 'Department', 'JoinDate', 'PostalCode', 'City', 'Country', 'State']
2026-01-15 09:16:04,204 - dq_comparison - WARNING -    Missing in source: ['customername', 'email', 'phone', 'salary', 'department', 'joindate', 'postalcode', 'city', 'country', 'state']
2026-01-15 09:16:04,205 - dq_comparison - INFO - 
4️⃣ TABLE METADATA COMPARISON
2026-01-15 09:16:04,206 - dq_comparison - INFO - Comparing table-level metadata...
2026-01-15 09:16:04,218 - dq_comparison - INFO - Table metadata comparison complete. Match: False
2026-01-15 09:16:04,233 - dq_comparison - INFO -    Table metadata match: ❌
2026-01-15 09:16:04,233 - dq_comparison - INFO -    Source: 12 rows, 10 cols, 0.0 MB
2026-01-15 09:16:04,233 - dq_comparison - INFO -    Target: 15 rows, 10 cols, 0.0 MB
2026-01-15 09:16:04,237 - dq_comparison - WARNING -    Found 1 metadata differences:
2026-01-15 09:16:04,238 - dq_comparison - WARNING -      • Row Count: Source=12, Target=15
2026-01-15 09:16:04,239 - dq_comparison - INFO - 
5️⃣ HASH-BASED COMPARISON
2026-01-15 09:16:04,240 - dq_comparison - INFO - ℹ️  Note: All NULL values normalized to 'NULL'
2026-01-15 09:16:04,241 - dq_comparison - INFO - ℹ️  Note: Dates normalized to YYYY-MM-DD
2026-01-15 09:16:04,242 - dq_comparison - INFO - ℹ️  Note: Strings trimmed and case-normalized
2026-01-15 09:16:04,242 - dq_comparison - INFO - ℹ️  Note: Phone numbers stripped to digits only, leading zeros removed
2026-01-15 09:16:04,243 - dq_comparison - INFO - SECOND CHECK: HASH-BASED COMPARISON WITH PERFECT NORMALIZATION
2026-01-15 09:16:04,253 - dq_comparison - INFO - === DEBUG: DATA TYPE CHECK ===
2026-01-15 09:16:04,253 - dq_comparison - INFO - Column: CustomerName
2026-01-15 09:16:04,253 - dq_comparison - INFO -   Source type: <class 'str'>, value: John Doe
2026-01-15 09:16:04,254 - dq_comparison - INFO -   Target type: <class 'str'>, value: John Doe
2026-01-15 09:16:04,255 - dq_comparison - INFO -   Normalized: 'john doe' vs 'john doe'
2026-01-15 09:16:04,256 - dq_comparison - INFO -   Match: True
2026-01-15 09:16:04,256 - dq_comparison - INFO - Column: Salary
2026-01-15 09:16:04,257 - dq_comparison - INFO -   Source type: <class 'numpy.float32'>, value: 50000.0
2026-01-15 09:16:04,257 - dq_comparison - INFO -   Target type: <class 'numpy.float32'>, value: 50000.0
2026-01-15 09:16:04,259 - dq_comparison - INFO -   Normalized: '50000' vs '50000'
2026-01-15 09:16:04,259 - dq_comparison - INFO -   Match: True
2026-01-15 09:16:04,260 - dq_comparison - INFO - Column: JoinDate
2026-01-15 09:16:04,264 - dq_comparison - INFO -   Source type: <class 'numpy.int64'>, value: 1673740800000000000
2026-01-15 09:16:04,265 - dq_comparison - INFO -   Target type: <class 'numpy.int64'>, value: 1673740800000000000
2026-01-15 09:16:04,266 - dq_comparison - INFO -   Normalized: '2023-01-15' vs '2023-01-15'
2026-01-15 09:16:04,266 - dq_comparison - INFO -   Match: True
2026-01-15 09:16:04,267 - dq_comparison - INFO - Source DF columns: ['CustomerName', 'Email', 'Phone', 'Salary', 'Department', 'JoinDate', 'PostalCode', 'City', 'Country', 'State']
2026-01-15 09:16:04,268 - dq_comparison - INFO - Target DF columns: ['customername', 'email', 'phone', 'salary', 'department', 'joindate', 'postalcode', 'city', 'country', 'state']
2026-01-15 09:16:04,268 - dq_comparison - INFO - Selected columns for comparison: ['CustomerName', 'Salary', 'JoinDate', 'Phone', 'City', 'Country', 'Email', 'PostalCode', 'Department', 'State']
2026-01-15 09:16:04,269 - dq_comparison - INFO - Using 10 common columns for hash comparison
2026-01-15 09:16:04,269 - dq_comparison - INFO - Source columns: ['CustomerName', 'Salary', 'JoinDate', 'Phone', 'City', 'Country', 'Email', 'PostalCode', 'Department', 'State']
2026-01-15 09:16:04,270 - dq_comparison - INFO - Target columns: ['customername', 'salary', 'joindate', 'phone', 'city', 'country', 'email', 'postalcode', 'department', 'state']
2026-01-15 09:16:04,270 - dq_comparison - INFO - Generating hashes for source data (12 rows)...
2026-01-15 09:16:04,272 - dq_comparison - INFO - DEBUG HASH ROW: CustomerName: 'John Doe' -> 'john doe' | Salary: '50000.0' -> '50000' | JoinDate: '1673740800000000000' -> '2023-01-15' | Phone: '1234567890' -> '1234567890' | City: 'New York' -> 'new york'
2026-01-15 09:16:04,272 - dq_comparison - INFO - DEBUG HASH STRING: john doe|50000|2023-01-15|1234567890|new york...
2026-01-15 09:16:04,273 - dq_comparison - INFO - DEBUG HASH RESULT: d066e3d1...
2026-01-15 09:16:04,274 - dq_comparison - INFO - DEBUG HASH ROW: CustomerName: 'Jane Smith' -> 'jane smith' | Salary: '60000.0' -> '60000' | JoinDate: '1676851200000000000' -> '2023-02-20' | Phone: '9876543210' -> '9876543210' | City: 'India' -> 'india'
2026-01-15 09:16:04,274 - dq_comparison - INFO - DEBUG HASH STRING: jane smith|60000|2023-02-20|9876543210|india...
2026-01-15 09:16:04,275 - dq_comparison - INFO - DEBUG HASH RESULT: 875454de...
2026-01-15 09:16:04,276 - dq_comparison - INFO - DEBUG HASH ROW: CustomerName: 'Bob Johnson' -> 'bob johnson' | Salary: '55000.0' -> '55000' | JoinDate: '1678406400000000000' -> '2023-03-10' | Phone: '5551234567' -> '5551234567' | City: 'Boston' -> 'boston'
2026-01-15 09:16:04,278 - dq_comparison - INFO - DEBUG HASH STRING: bob johnson|55000|2023-03-10|5551234567|boston...
2026-01-15 09:16:04,281 - dq_comparison - INFO - DEBUG HASH RESULT: ee9451b3...
2026-01-15 09:16:04,282 - dq_comparison - INFO - DEBUG HASH ROW: CustomerName: 'Alice Brown' -> 'alice brown' | Salary: '70000.0' -> '70000' | JoinDate: '1673740800000000000' -> '2023-01-15' | Phone: '4445556666' -> '4445556666' | City: 'Seattle' -> 'seattle'
2026-01-15 09:16:04,283 - dq_comparison - INFO - DEBUG HASH STRING: alice brown|70000|2023-01-15|4445556666|seattle...
2026-01-15 09:16:04,283 - dq_comparison - INFO - DEBUG HASH RESULT: e8fae063...
2026-01-15 09:16:04,284 - dq_comparison - INFO - DEBUG HASH ROW: CustomerName: 'Charlie Wilson' -> 'charlie wilson' | Salary: '48000.0' -> '48000' | JoinDate: '1680652800000000000' -> '2023-04-05' | Phone: '3334445555' -> '3334445555' | City: 'Miami' -> 'miami'
2026-01-15 09:16:04,284 - dq_comparison - INFO - DEBUG HASH STRING: charlie wilson|48000|2023-04-05|3334445555|miami...
2026-01-15 09:16:04,284 - dq_comparison - INFO - DEBUG HASH RESULT: b681d550...
2026-01-15 09:16:04,286 - dq_comparison - INFO - DEBUG HASH ROW: CustomerName: 'John Doe' -> 'john doe' | Salary: '50000.0' -> '50000' | JoinDate: '1673740800000000000' -> '2023-01-15' | Phone: '1234567890' -> '1234567890' | City: 'New York' -> 'new york'
2026-01-15 09:16:04,286 - dq_comparison - INFO - DEBUG HASH STRING: john doe|50000|2023-01-15|1234567890|new york...
2026-01-15 09:16:04,286 - dq_comparison - INFO - DEBUG HASH RESULT: d066e3d1...
2026-01-15 09:16:04,287 - dq_comparison - INFO - DEBUG HASH ROW: CustomerName: 'sai kumar' -> 'sai kumar' | Salary: 'nan' -> 'NULL' | JoinDate: '1683849600000000000' -> '2023-05-12' | Phone: '2223334444' -> '2223334444' | City: 'Atlanta' -> 'atlanta'
2026-01-15 09:16:04,288 - dq_comparison - INFO - DEBUG HASH STRING: sai kumar|NULL|2023-05-12|2223334444|atlanta...
2026-01-15 09:16:04,288 - dq_comparison - INFO - DEBUG HASH RESULT: fb2d5eda...
2026-01-15 09:16:04,289 - dq_comparison - INFO - DEBUG HASH ROW: CustomerName: 'Sarah Chen' -> 'sarah chen' | Salary: '52000.0' -> '52000' | JoinDate: '1687046400000000000' -> '2023-06-18' | Phone: '1112223333' -> '1112223333' | City: 'Denver' -> 'denver'
2026-01-15 09:16:04,289 - dq_comparison - INFO - DEBUG HASH STRING: sarah chen|52000|2023-06-18|1112223333|denver...
2026-01-15 09:16:04,290 - dq_comparison - INFO - DEBUG HASH RESULT: 447705cf...
2026-01-15 09:16:04,291 - dq_comparison - INFO - DEBUG HASH ROW: CustomerName: 'Mike Davis' -> 'mike davis' | Salary: '58000.0' -> '58000' | JoinDate: '1689984000000000000' -> '2023-07-22' | Phone: '9998887777' -> '9998887777' | City: 'Phoenix' -> 'phoenix'
2026-01-15 09:16:04,291 - dq_comparison - INFO - DEBUG HASH STRING: mike davis|58000|2023-07-22|9998887777|phoenix...
2026-01-15 09:16:04,291 - dq_comparison - INFO - DEBUG HASH RESULT: 74b3da27...
2026-01-15 09:16:04,295 - dq_comparison - INFO - DEBUG HASH ROW: CustomerName: 'Lisa Wang' -> 'lisa wang' | Salary: '62000.0' -> '62000' | JoinDate: '1693353600000000000' -> '2023-08-30' | Phone: '6667778888' -> '6667778888' | City: 'Austin' -> 'austin'
2026-01-15 09:16:04,296 - dq_comparison - INFO - DEBUG HASH STRING: lisa wang|62000|2023-08-30|6667778888|austin...
2026-01-15 09:16:04,296 - dq_comparison - INFO - DEBUG HASH RESULT: d3ff2d23...
2026-01-15 09:16:04,297 - dq_comparison - INFO - DEBUG HASH ROW: CustomerName: 'Tom Wilson' -> 'tom wilson' | Salary: '45000.0' -> '45000' | JoinDate: '1694304000000000000' -> '2023-09-10' | Phone: '7778889999' -> '7778889999' | City: 'Portland' -> 'portland'
2026-01-15 09:16:04,298 - dq_comparison - INFO - DEBUG HASH STRING: tom wilson|45000|2023-09-10|7778889999|portland...
2026-01-15 09:16:04,298 - dq_comparison - INFO - DEBUG HASH RESULT: 1a5bb8cb...
2026-01-15 09:16:04,299 - dq_comparison - INFO - DEBUG HASH ROW: CustomerName: 'None' -> 'NULL' | Salary: '53000.0' -> '53000' | JoinDate: '1697328000000000000' -> '2023-10-15' | Phone: '8889990000' -> '8889990000' | City: 'Detroit' -> 'detroit'
2026-01-15 09:16:04,299 - dq_comparison - INFO - DEBUG HASH STRING: NULL|53000|2023-10-15|8889990000|detroit...
2026-01-15 09:16:04,299 - dq_comparison - INFO - DEBUG HASH RESULT: 137c0b21...
2026-01-15 09:16:04,300 - dq_comparison - INFO - === DEBUG: SAMPLE HASHES ===
2026-01-15 09:16:04,301 - dq_comparison - INFO - Hash 1: d066e3d16ae9c06e... (sample row 0)
2026-01-15 09:16:04,301 - dq_comparison - INFO - Hash 2: 875454de36929540... (sample row 1)
2026-01-15 09:16:04,302 - dq_comparison - INFO - Hash 3: ee9451b3631f92ef... (sample row 2)
2026-01-15 09:16:04,302 - dq_comparison - INFO - Generating hashes for target data (15 rows)...
2026-01-15 09:16:04,306 - dq_comparison - INFO - 
======================================================================
2026-01-15 09:16:04,306 - dq_comparison - INFO - 🔍 DEBUG: ANALYZING WHY HASHES DON'T MATCH
2026-01-15 09:16:04,307 - dq_comparison - INFO - ======================================================================
2026-01-15 09:16:04,310 - dq_comparison - INFO - 
--- Analyzing Row 0 ---
2026-01-15 09:16:04,312 - dq_comparison - INFO - Column 'CustomerName' → 'customername':
2026-01-15 09:16:04,313 - dq_comparison - INFO -   Source: 'John Doe' (type: str) → 'john doe'
2026-01-15 09:16:04,313 - dq_comparison - INFO -   Target: 'John Doe' (type: str) → 'john doe'
2026-01-15 09:16:04,314 - dq_comparison - INFO -   Match after normalization: ✅ YES
2026-01-15 09:16:04,314 - dq_comparison - INFO - Column 'Salary' → 'salary':
2026-01-15 09:16:04,314 - dq_comparison - INFO -   Source: '50000.0' (type: float32) → '50000'
2026-01-15 09:16:04,315 - dq_comparison - INFO -   Target: '50000.0' (type: float32) → '50000'
2026-01-15 09:16:04,315 - dq_comparison - INFO -   Match after normalization: ✅ YES
2026-01-15 09:16:04,315 - dq_comparison - INFO - Column 'JoinDate' → 'joindate':
2026-01-15 09:16:04,316 - dq_comparison - INFO -   Source: '1673740800000000000' (type: int64) → '2023-01-15'
2026-01-15 09:16:04,316 - dq_comparison - INFO -   Target: '1673740800000000000' (type: int64) → '2023-01-15'
2026-01-15 09:16:04,316 - dq_comparison - INFO -   Match after normalization: ✅ YES
2026-01-15 09:16:04,317 - dq_comparison - INFO - Column 'Phone' → 'phone':
2026-01-15 09:16:04,317 - dq_comparison - INFO -   Source: '1234567890' (type: int64) → '1234567890'
2026-01-15 09:16:04,317 - dq_comparison - INFO -   Target: '1234567890' (type: int64) → '1234567890'
2026-01-15 09:16:04,318 - dq_comparison - INFO -   Match after normalization: ✅ YES
2026-01-15 09:16:04,318 - dq_comparison - INFO - Column 'City' → 'city':
2026-01-15 09:16:04,319 - dq_comparison - INFO -   Source: 'New York' (type: str) → 'new york'
2026-01-15 09:16:04,319 - dq_comparison - INFO -   Target: 'New York' (type: str) → 'new york'
2026-01-15 09:16:04,320 - dq_comparison - INFO -   Match after normalization: ✅ YES
2026-01-15 09:16:04,320 - dq_comparison - INFO - 
Hash components for Row 0:
2026-01-15 09:16:04,321 - dq_comparison - INFO - Source hash string start: john doe|50000|2023-01-15...
2026-01-15 09:16:04,321 - dq_comparison - INFO - Target hash string start: john doe|50000|2023-01-15...
2026-01-15 09:16:04,322 - dq_comparison - INFO - Same? ✅ YES
2026-01-15 09:16:04,322 - dq_comparison - INFO - 
--- Analyzing Row 1 ---
2026-01-15 09:16:04,323 - dq_comparison - INFO - Column 'CustomerName' → 'customername':
2026-01-15 09:16:04,326 - dq_comparison - INFO -   Source: 'Jane Smith' (type: str) → 'jane smith'
2026-01-15 09:16:04,327 - dq_comparison - INFO -   Target: 'Jane Smith' (type: str) → 'jane smith'
2026-01-15 09:16:04,328 - dq_comparison - INFO -   Match after normalization: ✅ YES
2026-01-15 09:16:04,328 - dq_comparison - INFO - Column 'Salary' → 'salary':
2026-01-15 09:16:04,329 - dq_comparison - INFO -   Source: '60000.0' (type: float32) → '60000'
2026-01-15 09:16:04,329 - dq_comparison - INFO -   Target: '60000.0' (type: float32) → '60000'
2026-01-15 09:16:04,330 - dq_comparison - INFO -   Match after normalization: ✅ YES
2026-01-15 09:16:04,330 - dq_comparison - INFO - Column 'JoinDate' → 'joindate':
2026-01-15 09:16:04,332 - dq_comparison - INFO -   Source: '1676851200000000000' (type: int64) → '2023-02-20'
2026-01-15 09:16:04,332 - dq_comparison - INFO -   Target: '1676851200000000000' (type: int64) → '2023-02-20'
2026-01-15 09:16:04,333 - dq_comparison - INFO -   Match after normalization: ✅ YES
2026-01-15 09:16:04,333 - dq_comparison - INFO - Column 'Phone' → 'phone':
2026-01-15 09:16:04,334 - dq_comparison - INFO -   Source: '9876543210' (type: int64) → '9876543210'
2026-01-15 09:16:04,334 - dq_comparison - INFO -   Target: '9876543210' (type: int64) → '9876543210'
2026-01-15 09:16:04,335 - dq_comparison - INFO -   Match after normalization: ✅ YES
2026-01-15 09:16:04,336 - dq_comparison - INFO - Column 'City' → 'city':
2026-01-15 09:16:04,336 - dq_comparison - INFO -   Source: 'India' (type: str) → 'india'
2026-01-15 09:16:04,337 - dq_comparison - INFO -   Target: 'Chicago' (type: str) → 'chicago'
2026-01-15 09:16:04,337 - dq_comparison - INFO -   Match after normalization: ❌ NO
2026-01-15 09:16:04,337 - dq_comparison - INFO - 
Hash components for Row 1:
2026-01-15 09:16:04,338 - dq_comparison - INFO - Source hash string start: jane smith|60000|2023-02-20...
2026-01-15 09:16:04,342 - dq_comparison - INFO - Target hash string start: jane smith|60000|2023-02-20...
2026-01-15 09:16:04,343 - dq_comparison - INFO - Same? ✅ YES
2026-01-15 09:16:04,344 - dq_comparison - INFO - 
--- Analyzing Row 2 ---
2026-01-15 09:16:04,345 - dq_comparison - INFO - Column 'CustomerName' → 'customername':
2026-01-15 09:16:04,346 - dq_comparison - INFO -   Source: 'Bob Johnson' (type: str) → 'bob johnson'
2026-01-15 09:16:04,346 - dq_comparison - INFO -   Target: 'Bob Johnson' (type: str) → 'bob johnson'
2026-01-15 09:16:04,347 - dq_comparison - INFO -   Match after normalization: ✅ YES
2026-01-15 09:16:04,348 - dq_comparison - INFO - Column 'Salary' → 'salary':
2026-01-15 09:16:04,349 - dq_comparison - INFO -   Source: '55000.0' (type: float32) → '55000'
2026-01-15 09:16:04,349 - dq_comparison - INFO -   Target: '55000.0' (type: float32) → '55000'
2026-01-15 09:16:04,350 - dq_comparison - INFO -   Match after normalization: ✅ YES
2026-01-15 09:16:04,350 - dq_comparison - INFO - Column 'JoinDate' → 'joindate':
2026-01-15 09:16:04,351 - dq_comparison - INFO -   Source: '1678406400000000000' (type: int64) → '2023-03-10'
2026-01-15 09:16:04,351 - dq_comparison - INFO -   Target: '1678406400000000000' (type: int64) → '2023-03-10'
2026-01-15 09:16:04,352 - dq_comparison - INFO -   Match after normalization: ✅ YES
2026-01-15 09:16:04,352 - dq_comparison - INFO - Column 'Phone' → 'phone':
2026-01-15 09:16:04,353 - dq_comparison - INFO -   Source: '5551234567' (type: int64) → '5551234567'
2026-01-15 09:16:04,353 - dq_comparison - INFO -   Target: '5551234567' (type: int64) → '5551234567'
2026-01-15 09:16:04,353 - dq_comparison - INFO -   Match after normalization: ✅ YES
2026-01-15 09:16:04,354 - dq_comparison - INFO - Column 'City' → 'city':
2026-01-15 09:16:04,356 - dq_comparison - INFO -   Source: 'Boston' (type: str) → 'boston'
2026-01-15 09:16:04,358 - dq_comparison - INFO -   Target: 'Boston' (type: str) → 'boston'
2026-01-15 09:16:04,359 - dq_comparison - INFO -   Match after normalization: ✅ YES
2026-01-15 09:16:04,359 - dq_comparison - INFO - 
Hash components for Row 2:
2026-01-15 09:16:04,360 - dq_comparison - INFO - Source hash string start: bob johnson|55000|2023-03-10...
2026-01-15 09:16:04,361 - dq_comparison - INFO - Target hash string start: bob johnson|55000|2023-03-10...
2026-01-15 09:16:04,361 - dq_comparison - INFO - Same? ✅ YES
2026-01-15 09:16:04,361 - dq_comparison - INFO - 
--- Column Data Types Analysis ---
2026-01-15 09:16:04,362 - dq_comparison - INFO - Column 1: 'CustomerName' (object) ↔ 'customername' (object)
2026-01-15 09:16:04,363 - dq_comparison - INFO -   Sample: Source='John Doe', Target='John Doe'
2026-01-15 09:16:04,363 - dq_comparison - INFO - Column 2: 'Salary' (float32) ↔ 'salary' (float32)
2026-01-15 09:16:04,364 - dq_comparison - INFO -   Sample: Source='50000.0', Target='50000.0'
2026-01-15 09:16:04,365 - dq_comparison - INFO - Column 3: 'JoinDate' (int64) ↔ 'joindate' (int64)
2026-01-15 09:16:04,365 - dq_comparison - INFO -   Sample: Source='1673740800000000000', Target='1673740800000000000'
2026-01-15 09:16:04,366 - dq_comparison - INFO - Column 4: 'Phone' (int64) ↔ 'phone' (int64)
2026-01-15 09:16:04,366 - dq_comparison - INFO -   Sample: Source='1234567890', Target='1234567890'
2026-01-15 09:16:04,366 - dq_comparison - INFO - Column 5: 'City' (object) ↔ 'city' (object)
2026-01-15 09:16:04,367 - dq_comparison - INFO -   Sample: Source='New York', Target='New York'
2026-01-15 09:16:04,367 - dq_comparison - INFO - PERFORMING DETAILED ROW-LEVEL COMPARISON WITH PAGINATION...
2026-01-15 09:16:04,386 - dq_comparison - WARNING - Error processing mismatch row 1: 'str' object has no attribute 'join_output'
2026-01-15 09:16:04,404 - dq_comparison - WARNING - Error processing mismatch row 6: 'str' object has no attribute 'join_output'
2026-01-15 09:16:04,420 - dq_comparison - WARNING - Error processing mismatch row 9: 'str' object has no attribute 'join_output'
2026-01-15 09:16:04,437 - dq_comparison - INFO - 
================================================================================
2026-01-15 09:16:04,437 - dq_comparison - INFO - ROW 3: City: 'India' ≠ 'Chicago'
2026-01-15 09:16:04,438 - dq_comparison - INFO - --------------------------------------------------------------------------------
2026-01-15 09:16:04,440 - dq_comparison - INFO - SOURCE DATA: CustomerName: Jane Smith; Salary: 60000.0; JoinDate: 1676851200000000000; Phone: 9876543210; City: India; Country: USA; Email: jane@email.com; PostalCode: 10002.0; Department: HR; State: AP
2026-01-15 09:16:04,441 - dq_comparison - INFO - TARGET DATA: customername: Jane Smith; salary: 60000.0; joindate: 1676851200000000000; phone: 9876543210; city: Chicago; country: USA; email: jane@email.com; postalcode: 10002.0; department: HR; state: AP
2026-01-15 09:16:04,458 - dq_comparison - INFO - 
================================================================================
2026-01-15 09:16:04,458 - dq_comparison - INFO - ROW 8: CustomerName: 'sai kumar' ≠ 'David Lee'
2026-01-15 09:16:04,459 - dq_comparison - INFO - --------------------------------------------------------------------------------
2026-01-15 09:16:04,460 - dq_comparison - INFO - SOURCE DATA: CustomerName: sai kumar; Salary: NULL; JoinDate: 1683849600000000000; Phone: 2223334444; City: Atlanta; Country: USA; Email: david@email.com; PostalCode: 10006.0; Department: Finance; State: NULL
2026-01-15 09:16:04,460 - dq_comparison - INFO - TARGET DATA: customername: David Lee; salary: NULL; joindate: 1683849600000000000; phone: 2223334444; city: Atlanta; country: USA; email: david@email.com; postalcode: 10006.0; department: Finance; state: NULL
2026-01-15 09:16:04,475 - dq_comparison - INFO - 
================================================================================
2026-01-15 09:16:04,475 - dq_comparison - INFO - ROW 11: PostalCode: '10009.0' ≠ '10008.0'
2026-01-15 09:16:04,476 - dq_comparison - INFO - --------------------------------------------------------------------------------
2026-01-15 09:16:04,477 - dq_comparison - INFO - SOURCE DATA: CustomerName: Lisa Wang; Salary: 62000.0; JoinDate: 1693353600000000000; Phone: 6667778888; City: Austin; Country: USA; Email: lisa@email.com; PostalCode: 10009.0; Department: NULL; State: GJ
2026-01-15 09:16:04,481 - dq_comparison - INFO - TARGET DATA: customername: Lisa Wang; salary: 62000.0; joindate: 1693353600000000000; phone: 6667778888; city: Austin; country: USA; email: lisa@email.com; postalcode: 10008.0; department: NULL; state: GJ
2026-01-15 09:16:04,500 - dq_comparison - INFO - 
================================================================================
2026-01-15 09:16:04,500 - dq_comparison - INFO - ROW 14: CustomerName: 'NULL' ≠ 'Robert Brown'; Salary: 'NULL' ≠ '67000.0'; JoinDate: 'NULL' ≠ '1700438400000000000'; Phone: 'NULL' ≠ '9990001111'; City: 'NULL' ≠ 'Las Vegas'; ... (+5 more differences)
2026-01-15 09:16:04,501 - dq_comparison - INFO - --------------------------------------------------------------------------------
2026-01-15 09:16:04,501 - dq_comparison - INFO - SOURCE DATA: ROW NOT FOUND (position 14)
2026-01-15 09:16:04,503 - dq_comparison - INFO - TARGET DATA: customername: Robert Brown; salary: 67000.0; joindate: 1700438400000000000; phone: 9990001111; city: Las Vegas; country: USA; email: robert@email.com; postalcode: 10011.0; department: IT; state: AS
2026-01-15 09:16:04,520 - dq_comparison - INFO - 
================================================================================
2026-01-15 09:16:04,521 - dq_comparison - INFO - ROW 15: CustomerName: 'NULL' ≠ 'Nancy Davis'; JoinDate: 'NULL' ≠ '1701734400000000000'; Phone: 'NULL' ≠ '1112222'; City: 'NULL' ≠ 'Orlando'; Country: 'NULL' ≠ 'USA'; ... (+4 more differences)
2026-01-15 09:16:04,521 - dq_comparison - INFO - --------------------------------------------------------------------------------
2026-01-15 09:16:04,521 - dq_comparison - INFO - SOURCE DATA: ROW NOT FOUND (position 15)
2026-01-15 09:16:04,522 - dq_comparison - INFO - TARGET DATA: customername: Nancy Davis; salary: NULL; joindate: 1701734400000000000; phone: 1112222; city: Orlando; country: USA; email: nancy@email.com; postalcode: 10012.0; department: HR; state: BR
2026-01-15 09:16:04,539 - dq_comparison - INFO - 
================================================================================
2026-01-15 09:16:04,539 - dq_comparison - INFO - ROW 16: CustomerName: 'NULL' ≠ 'Kevin Lee'; Salary: 'NULL' ≠ '49000.0'; JoinDate: 'NULL' ≠ '1704844800000000000'; Phone: 'NULL' ≠ '1112223333'; City: 'NULL' ≠ 'San Diego'; ... (+5 more differences)
2026-01-15 09:16:04,540 - dq_comparison - INFO - --------------------------------------------------------------------------------
2026-01-15 09:16:04,541 - dq_comparison - INFO - SOURCE DATA: ROW NOT FOUND (position 16)
2026-01-15 09:16:04,542 - dq_comparison - INFO - TARGET DATA: customername: Kevin Lee; salary: 49000.0; joindate: 1704844800000000000; phone: 1112223333; city: San Diego; country: USA; email: kevin@email.com; postalcode: 10013.0; department: Sales; state: GA
2026-01-15 09:16:04,544 - dq_comparison - INFO - 
================================================================================
2026-01-15 09:16:04,545 - dq_comparison - INFO - DETAILED MISMATCH SUMMARY:
2026-01-15 09:16:04,546 - dq_comparison - INFO -   Total mismatches found: 9
2026-01-15 09:16:04,546 - dq_comparison - INFO -   Detailed comparisons logged: 9
2026-01-15 09:16:04,547 - dq_comparison - INFO -   First 10 rows displayed above
2026-01-15 09:16:04,547 - dq_comparison - INFO -   All mismatches stored in database with complete data
2026-01-15 09:16:04,548 - dq_comparison - INFO - ================================================================================
2026-01-15 09:16:04,548 - dq_comparison - INFO - Hash-based Comparison Results (with duplicate handling):
2026-01-15 09:16:04,549 - dq_comparison - INFO -   • Unique source hashes: 11
2026-01-15 09:16:04,549 - dq_comparison - INFO -   • Unique target hashes: 14
2026-01-15 09:16:04,549 - dq_comparison - INFO -   • Common hashes: 8
2026-01-15 09:16:04,550 - dq_comparison - INFO -   • Common rows (counting duplicates): 9
2026-01-15 09:16:04,551 - dq_comparison - INFO -   • Rows only in source (counting duplicates): 3
2026-01-15 09:16:04,551 - dq_comparison - INFO -   • Rows only in target (counting duplicates): 6
2026-01-15 09:16:04,552 - dq_comparison - INFO - Found 3 source-only rows
2026-01-15 09:16:04,556 - dq_comparison - INFO - Found 6 target-only rows
2026-01-15 09:16:04,561 - dq_comparison - INFO - HASH-ONLY COMPARISON COMPLETED
2026-01-15 09:16:04,561 - dq_comparison - INFO - Returning counts for simple scoring:
2026-01-15 09:16:04,562 - dq_comparison - INFO -   Common rows: 9
2026-01-15 09:16:04,563 - dq_comparison - INFO -   Unique to source: 3
2026-01-15 09:16:04,563 - dq_comparison - INFO -   Unique to target: 6
2026-01-15 09:16:04,564 - dq_comparison - INFO -   Value mismatches: 90
2026-01-15 09:16:04,564 - dq_comparison - INFO -   Missing rows: 3
2026-01-15 09:16:04,564 - dq_comparison - INFO -   Extra rows: 6
2026-01-15 09:16:04,565 - dq_comparison - INFO - 
========================================================================================================================
Comparison of specific row data where differences were detected.
========================================================================================================================
Row   | Mismatch Summary                         | Source Data                         | Target Data                        
------------------------------------------------------------------------------------------------------------------------
3     | City: 'India' ≠ 'Chicago'                | CustomerName: J... (+2 more columns) (+7 more) | customername: J... (+2 more columns) (+7 more)
8     | CustomerName: 'sai kumar' ≠ 'David Lee'  | CustomerName: s... (+2 more columns) (+7 more) | customername: D... (+2 more columns) (+7 more)
11    | PostalCode: '10009.0' ≠ '10008.0'        | CustomerName: L... (+2 more columns) (+7 more) | customername: L... (+2 more columns) (+7 more)
3     | City: 'India' ≠ 'Chicago'                | CustomerName: J... (+2 more columns) (+7 more) | customername: J... (+2 more columns) (+7 more)
8     | CustomerName: 'sai kumar' ≠ 'David Lee'  | CustomerName: s... (+2 more columns) (+7 more) | customername: D... (+2 more columns) (+7 more)
11    | PostalCode: '10009.0' ≠ '10008.0'        | CustomerName: L... (+2 more columns) (+7 more) | customername: L... (+2 more columns) (+7 more)
14    | CustomerName: 'NULL' ≠ 'Robert Brown'; S | CustomerName: N... (+2 more columns) (+7 more) | customername: R... (+2 more columns) (+7 more)
15    | CustomerName: 'NULL' ≠ 'Nancy Davis'; Jo | CustomerName: N... (+2 more columns) (+7 more) | customername: N... (+2 more columns) (+7 more)
16    | CustomerName: 'NULL' ≠ 'Kevin Lee'; Sala | CustomerName: N... (+2 more columns) (+7 more) | customername: K... (+2 more columns) (+7 more)
------------------------------------------------------------------------------------------------------------------------
Showing all 9 mismatched rows.
========================================================================================================================
2026-01-15 09:16:04,566 - dq_comparison - INFO - Returning enhanced mismatch structure with 9 detailed mismatches
2026-01-15 09:16:04,566 - dq_comparison - INFO - New structure: 9 detailed mismatches
2026-01-15 09:16:04,566 - dq_comparison - INFO - 
6️⃣ DATA QUALITY ANALYSIS
2026-01-15 09:16:04,567 - dq_comparison - INFO - Analyzing data quality metrics...
2026-01-15 09:16:04,579 - dq_comparison - INFO - Null values - Source: 5 (4.17%), Target: 7 (4.67%)
2026-01-15 09:16:04,582 - dq_comparison - INFO - Duplicate rows (normalized) - Source: 1, Target: 1
2026-01-15 09:16:04,585 - dq_comparison - INFO - Source duplicate samples: ['Row 2', 'Row 7']
2026-01-15 09:16:04,588 - dq_comparison - INFO - Target duplicate samples: ['Row 2', 'Row 7']
2026-01-15 09:16:04,603 - dq_error_log - INFO - Retrieved 11 error logs for session CMP_20260115_091604
2026-01-15 09:16:04,604 - dq_comparison - INFO - 
📊 SIMPLE SCORING CALCULATION:
2026-01-15 09:16:04,604 - dq_comparison - INFO -   Source rows: 12
2026-01-15 09:16:04,607 - dq_comparison - INFO -   Common rows (matched): 9
2026-01-15 09:16:04,608 - dq_comparison - INFO -   Calculation: (9 / 12) * 100 = 75.00%
2026-01-15 09:16:04,608 - dq_comparison - INFO -   Explanation: 9 matched rows out of 12 total source rows
2026-01-15 09:16:04,609 - dq_comparison - INFO - 
=== AUDIT LOGGING SECTION ===
2026-01-15 09:16:04,614 - dq_comparison - INFO - 🔍 Audit logging is ENABLED in APP_SETTINGS
2026-01-15 09:16:04,615 - dq_audit - INFO - Audit class initialized with database: dq_checks
2026-01-15 09:16:04,615 - dq_comparison - INFO - Attempting to log audit record for session: CMP_20260115_091604
2026-01-15 09:16:04,616 - dq_audit - INFO - Starting database insertion for comparison...
2026-01-15 09:16:04,633 - dq_audit - INFO - Inserted comparison record with ID: 682
2026-01-15 09:16:04,633 - dq_comparison - INFO - ✅ Audit record logged successfully (ID: 682)
2026-01-15 09:16:04,634 - dq_comparison - INFO - 
======================================================================
2026-01-15 09:16:04,637 - dq_comparison - INFO - 📊 COMPARISON RESULTS SUMMARY
2026-01-15 09:16:04,637 - dq_comparison - INFO - ======================================================================
2026-01-15 09:16:04,638 - dq_comparison - INFO - Session ID: CMP_20260115_091604
2026-01-15 09:16:04,638 - dq_comparison - INFO - Source: Database: mysql - dq_checks.customers_bkp (12 rows)
2026-01-15 09:16:04,639 - dq_comparison - INFO - Target: Database: postgresql - dq_checks.customers (15 rows)
2026-01-15 09:16:04,639 - dq_comparison - INFO - Selected columns: 10
2026-01-15 09:16:04,639 - dq_comparison - INFO - ----------------------------------------------------------------------
2026-01-15 09:16:04,640 - dq_comparison - INFO - 1️⃣ Row count match: ❌ No
2026-01-15 09:16:04,640 - dq_comparison - INFO -    Missing in target: 0 rows
2026-01-15 09:16:04,641 - dq_comparison - INFO -    Extra in target: 3 rows
2026-01-15 09:16:04,641 - dq_comparison - INFO - 2️⃣ Column structure match: ❌ No
2026-01-15 09:16:04,641 - dq_comparison - INFO -    Missing in target: 10 columns
2026-01-15 09:16:04,642 - dq_comparison - INFO -      ['CustomerName', 'Email', 'Phone', 'Salary', 'Department']
2026-01-15 09:16:04,643 - dq_comparison - INFO -    Missing in source: 10 columns
2026-01-15 09:16:04,643 - dq_comparison - INFO -      ['customername', 'email', 'phone', 'salary', 'department']
2026-01-15 09:16:04,644 - dq_comparison - INFO - 3️ Primary key validation: ❌ Failed
2026-01-15 09:16:04,645 - dq_comparison - INFO - 4️ Table metadata: ❌ Mismatch
2026-01-15 09:16:04,645 - dq_comparison - INFO -    • Row Count: 12 vs 15
2026-01-15 09:16:04,646 - dq_comparison - INFO - 5️⃣ Common rows (both Mysql Database and Postgresql Database): 9 (75.00% of Mysql Database)
2026-01-15 09:16:04,646 - dq_comparison - INFO - 6️⃣ Mysql Database-only rows: 3 (present ONLY in Mysql Database, NOT in Postgresql Database)
2026-01-15 09:16:04,647 - dq_comparison - INFO - 7️⃣ Postgresql Database-only rows: 6 (present ONLY in Postgresql Database, NOT in Mysql Database)
2026-01-15 09:16:04,647 - dq_comparison - INFO - 8️⃣ Column value mismatches: 0
2026-01-15 09:16:04,651 - dq_comparison - INFO - 9️ Data quality match: ❌ No
2026-01-15 09:16:04,652 - dq_comparison - INFO - 📈 DQ Score: 75.00%
2026-01-15 09:16:04,653 - dq_comparison - INFO - 📊 Calculation: (9 / 12) * 100 = 75.00%
2026-01-15 09:16:04,653 - dq_comparison - INFO - ======================================================================
2026-01-15 09:16:04,654 - dq_comparison - INFO - 
⚠️  FAIR MATCH! Significant differences found.
2026-01-15 09:16:04,655 - dq_comparison - INFO - 
🔍 NORMALIZATION APPLIED:
2026-01-15 09:16:04,655 - dq_comparison - INFO -    • NULL values → 'NULL' (consistent representation)
2026-01-15 09:16:04,656 - dq_comparison - INFO -    • Dates → YYYY-MM-DD format
2026-01-15 09:16:04,656 - dq_comparison - INFO -    • Strings → trimmed + lowercase
2026-01-15 09:16:04,657 - dq_comparison - INFO -    • Numeric values → standardized format
2026-01-15 09:16:04,657 - dq_comparison - INFO -    • Phone numbers → digits only, ALL leading zeros removed
2026-01-15 09:16:04,658 - dq_comparison - INFO -    • Extra whitespace removed
2026-01-15 09:16:04,658 - dq_comparison - INFO - 
🔍 DETAILED ERROR ANALYSIS:
2026-01-15 09:16:04,659 - dq_comparison - INFO - --------------------------------------------------
2026-01-15 09:16:04,660 - dq_comparison - INFO - 📊 SOURCE-ONLY ROWS: 3 rows
2026-01-15 09:16:04,660 - dq_comparison - INFO -    Present only in Mysql Database, missing from Postgresql Database
2026-01-15 09:16:04,661 - dq_comparison - INFO - 📊 TARGET-ONLY ROWS: 6 rows
2026-01-15 09:16:04,662 - dq_comparison - INFO -    Present only in Postgresql Database, extra (not in Mysql Database)
2026-01-15 09:16:04,676 - dq_error_log - INFO - Retrieved 10 errors for session CMP_20260115_091604
2026-01-15 09:16:04,677 - dq_comparison - INFO - 
📋 SAMPLE ERRORS (10 found):
2026-01-15 09:16:04,678 - dq_comparison - INFO - 
1. Row 0 - Metadata Row Count
2026-01-15 09:16:04,678 - dq_comparison - INFO -    Column: 
2026-01-15 09:16:04,679 - dq_comparison - INFO -    Metadata mismatch: Row Count
2026-01-15 09:16:04,679 - dq_comparison - INFO - 
2. Row 0 - Key Field Missing
2026-01-15 09:16:04,682 - dq_comparison - INFO -    Column: PostalCode
2026-01-15 09:16:04,685 - dq_comparison - INFO -    Primary key field 'PostalCode' missing in one or both datasets
2026-01-15 09:16:04,685 - dq_comparison - INFO - 
3. Row 3 - Row Data Mismatch
2026-01-15 09:16:04,686 - dq_comparison - INFO -    Row 3: Detailed data mismatch detected
2026-01-15 09:16:04,687 - dq_comparison - INFO - 
💡 For complete error details, run:
2026-01-15 09:16:04,687 - dq_comparison - INFO -    USE dq_checks;
2026-01-15 09:16:04,688 - dq_comparison - INFO -    SELECT excel_row, column_name, error_type, error_description,
2026-01-15 09:16:04,688 - dq_comparison - INFO -           actual_value, expected_value
2026-01-15 09:16:04,688 - dq_comparison - INFO -    FROM dq_error_logs
2026-01-15 09:16:04,689 - dq_comparison - INFO -    WHERE session_id = 'CMP_20260115_091604'
2026-01-15 09:16:04,689 - dq_comparison - INFO -    ORDER BY excel_row, column_name;
2026-01-15 09:16:04,705 - dq_comparison - INFO - 
✅ Comparison completed! Session ID: CMP_20260115_091604
2026-01-15 09:16:04,722 - dq_error_log - INFO - Retrieved 12 error logs for session CMP_20260115_091604
2026-01-15 09:16:04,741 - dq_error_log - INFO - Retrieved summary: 12 total errors for session CMP_20260115_091604
2026-01-15 09:16:04,741 - dq_audit - INFO - Audit class initialized with database: dq_checks
2026-01-15 09:16:04,760 - dq_audit - INFO - Retrieved 1 audit logs for session CMP_20260115_091604
2026-01-15 09:16:04,761 - dq_comparison - INFO - 
🔍 Final results verification:
2026-01-15 09:16:04,762 - dq_comparison - INFO -    Session ID: CMP_20260115_091604
2026-01-15 09:16:04,763 - dq_comparison - INFO -    DQ Score (Simple %): 75.00%
2026-01-15 09:16:04,766 - dq_comparison - INFO -    Source rows: 12
2026-01-15 09:16:04,767 - dq_comparison - INFO -    Matched rows: 9
2026-01-15 09:16:04,767 - dq_comparison - INFO -    Calculation: (9 / 12) * 100
2026-01-15 09:16:04,768 - __main__ - INFO - Source-Target Comparison completed successfully
2026-01-15 09:16:04,769 - __main__ - INFO - Displaying main menu options to user
2026-01-15 09:28:11,292 - __main__ - INFO - User selected option: 6
2026-01-15 09:28:11,293 - __main__ - INFO - User session ended. Duration: 0:12:39.411962
2026-01-15 09:28:11,294 - __main__ - INFO - 👋 Thank you for using Universal Data Quality Framework!
