2025-12-10 14:48:51,845 - __main__ - INFO - 🚀 UNIVERSAL DATA QUALITY FRAMEWORK INITIALIZED
2025-12-10 14:48:52,356 - __main__ - INFO - User session started at: 2025-12-10 14:48:52.356714
2025-12-10 14:48:52,357 - __main__ - INFO - Displaying main menu options to user
2025-12-10 14:48:59,131 - __main__ - INFO - User selected option: 4
2025-12-10 14:48:59,132 - __main__ - INFO - Starting Business Rules Engine module
2025-12-10 14:48:59,134 - dq_rules - INFO - STARTING BUSINESS RULES VALIDATION
2025-12-10 14:48:59,138 - dq_rules - INFO - LOADING DATA FOR BUSINESS RULES
2025-12-10 14:48:59,140 - dq_unified - INFO - PROMPTING USER FOR DATA SOURCE TYPE
2025-12-10 14:49:07,008 - dq_unified - INFO - User selected source type: 1
2025-12-10 14:49:07,009 - dq_unified - INFO - Getting CSV file path from user
2025-12-10 14:49:12,789 - dq_unified - INFO - File path validated: C:\Users\003160\OneDrive - wisseninfotech.com\Documents\DQ-Checks-Shashi\Test_data\sample_data.csv (0.0MB)
2025-12-10 14:49:12,790 - dq_unified - INFO - LOADING DATA FROM CSV
2025-12-10 14:49:12,793 - dq_unified - INFO - Loading large CSV: C:\Users\003160\OneDrive - wisseninfotech.com\Documents\DQ-Checks-Shashi\Test_data\sample_data.csv
2025-12-10 14:49:12,797 - dq_unified - INFO - CSV file has 15 rows
2025-12-10 14:49:12,798 - dq_unified - INFO - Loading 15 rows from CSV...
2025-12-10 14:49:12,823 - dq_unified - INFO - Loaded 15 rows from CSV
2025-12-10 14:49:12,840 - dq_unified - INFO - Memory optimization: 0.0MB -> 0.0MB (Saved: 0.0MB)
2025-12-10 14:49:12,842 - dq_unified - INFO - Loaded 15 rows, 10 columns. Memory: 88.6MB total, 0.0MB for dataframe
2025-12-10 14:49:12,845 - dq_error_log - INFO - ErrorLogger initialized with database: dq_checks
2025-12-10 14:49:12,846 - dq_rules - INFO - DEFINING CUSTOM BUSINESS RULES
2025-12-10 14:49:12,847 - dq_rules - INFO - Available columns: ['CustomerName', 'Email', 'Phone', 'Salary', 'Department', 'JoinDate', 'PostalCode', 'City', 'Country', 'State']
2025-12-10 14:49:14,969 - dq_rules - INFO - User selected rule type: 6
2025-12-10 14:49:14,970 - dq_rules - INFO - CREATING COMPREHENSIVE RULE SET
2025-12-10 14:49:14,974 - dq_rules - INFO - THRESHOLD RULES SETUP
2025-12-10 14:49:14,975 - dq_rules - INFO - Available numeric columns: ['Phone', 'Salary']
2025-12-10 14:49:25,252 - dq_rules - INFO - Creating threshold rule for: Salary
2025-12-10 14:49:25,254 - dq_rules - INFO - Current stats - Min: 45000.00, Max: 70000.00, Median: 53000.00
2025-12-10 14:49:27,371 - dq_rules - INFO - Created: Salary should be above median value (53000.00)
2025-12-10 14:49:27,375 - dq_rules - INFO - PATTERN RULES SETUP
2025-12-10 14:49:27,375 - dq_rules - INFO - Available string columns: ['CustomerName', 'Email', 'JoinDate', 'PostalCode', 'City', 'State']
2025-12-10 14:49:38,071 - dq_rules - INFO - Created pattern rule for Email
2025-12-10 14:49:38,074 - dq_rules - INFO - RANGE RULES SETUP
2025-12-10 14:49:38,075 - dq_rules - INFO - Available numeric columns: ['Phone', 'Salary']
2025-12-10 14:49:45,395 - dq_rules - INFO - Creating range rule for: Salary
2025-12-10 14:49:45,396 - dq_rules - INFO - Current range - Min: 45000.00, Max: 70000.00
2025-12-10 14:49:47,255 - dq_rules - INFO - Created: Salary should be between 45000.00 and 70000.00
2025-12-10 14:49:47,259 - dq_rules - INFO - NULL CHECK RULES SETUP
2025-12-10 14:49:49,304 - dq_rules - INFO - Checking for columns with null values...
2025-12-10 14:49:49,306 - dq_rules - INFO - Found 1 null values in 'CustomerName'
2025-12-10 14:49:49,306 - dq_rules - INFO - Created null check rule for CustomerName
2025-12-10 14:49:49,307 - dq_rules - INFO - Found 1 null values in 'Email'
2025-12-10 14:49:49,308 - dq_rules - INFO - Created null check rule for Email
2025-12-10 14:49:49,309 - dq_rules - INFO - Found 2 null values in 'Salary'
2025-12-10 14:49:49,310 - dq_rules - INFO - Created null check rule for Salary
2025-12-10 14:49:49,310 - dq_rules - INFO - Found 1 null values in 'Department'
2025-12-10 14:49:49,310 - dq_rules - INFO - Created null check rule for Department
2025-12-10 14:49:49,311 - dq_rules - INFO - Found 1 null values in 'State'
2025-12-10 14:49:49,311 - dq_rules - INFO - Created null check rule for State
2025-12-10 14:49:49,312 - dq_rules - INFO - KPI THRESHOLD RULES SETUP
2025-12-10 14:49:52,626 - dq_rules - INFO - Current row count: 15
2025-12-10 14:50:02,889 - dq_rules - INFO - Storing KPI history for: row_count
2025-12-10 14:50:02,891 - dq_rules - INFO - Storing KPI history for: row_count
2025-12-10 14:50:02,892 - dq_rules - INFO - Connecting to database: dq_checks at localhost
2025-12-10 14:50:03,083 - dq_rules - INFO - Database connection successful!
2025-12-10 14:50:03,083 - dq_rules - INFO - Creating/checking kpi_history table...
2025-12-10 14:50:03,093 - dq_rules - INFO - Table check/creation completed
2025-12-10 14:50:03,094 - dq_rules - INFO - Inserting KPI: row_count = 15.0 for session RULES_20251210_144912
2025-12-10 14:50:03,095 - dq_rules - ERROR - ❌ MySQL error in store_kpi_history: 1054 (42S22): Unknown column 'session_id' in 'field list'
2025-12-10 14:50:03,095 - dq_rules - ERROR -    Error code: 1054, SQL State: 42S22
2025-12-10 14:50:03,096 - dq_rules - INFO - Created KPI rule: KPI: Total row count | Percentage threshold: 10.0% | Max growth: 30.0%
2025-12-10 14:50:03,096 - dq_rules - INFO - Created comprehensive rule set with 9 rules
2025-12-10 14:50:03,097 - dq_rules - INFO - Defined 9 business rules
2025-12-10 14:50:03,098 - dq_rules - INFO - EXECUTING 9 BUSINESS RULES
2025-12-10 14:50:03,102 - dq_rules - INFO - Executing rule: Salary should be above median value (53000.00)
2025-12-10 14:50:03,102 - dq_rules - INFO - Executing threshold rule: Salary should be above median value (53000.00)
2025-12-10 14:50:03,104 - dq_rules - INFO - Threshold rule 'Salary should be above median value (53000.00)': 6 violations found
2025-12-10 14:50:03,121 - dq_error_log - INFO - Batch logged 6 errors for session RULES_20251210_144912
2025-12-10 14:50:03,121 - dq_rules - WARNING - 6 violations found
2025-12-10 14:50:03,132 - dq_rules - INFO - Rule 'Salary should be above median value (53000.00)' completed with status: FAIL
2025-12-10 14:50:03,133 - dq_rules - INFO - Executing rule: Email should be in valid email format
2025-12-10 14:50:03,133 - dq_rules - INFO - Executing pattern rule: Email should be in valid email format
2025-12-10 14:50:03,134 - dq_rules - INFO - Pattern rule 'Email should be in valid email format': 3 pattern violations found
2025-12-10 14:50:03,145 - dq_error_log - INFO - Batch logged 3 errors for session RULES_20251210_144912
2025-12-10 14:50:03,147 - dq_rules - WARNING - 3 pattern violations found
2025-12-10 14:50:03,149 - dq_rules - INFO - Rule 'Email should be in valid email format' completed with status: FAIL
2025-12-10 14:50:03,150 - dq_rules - INFO - Executing rule: Salary should be between 45000.00 and 70000.00
2025-12-10 14:50:03,150 - dq_rules - INFO - Executing range rule: Salary should be between 45000.00 and 70000.00
2025-12-10 14:50:03,151 - dq_rules - INFO - Range rule 'Salary should be between 45000.00 and 70000.00': 0 range violations found
2025-12-10 14:50:03,152 - dq_rules - INFO - No range violations found
2025-12-10 14:50:03,153 - dq_rules - INFO - Rule 'Salary should be between 45000.00 and 70000.00' completed with status: PASS
2025-12-10 14:50:03,154 - dq_rules - INFO - Executing rule: CustomerName should have no null values (currently 1 nulls)
2025-12-10 14:50:03,154 - dq_rules - INFO - Executing threshold rule: CustomerName should have no null values (currently 1 nulls)
2025-12-10 14:50:03,155 - dq_rules - INFO - Threshold rule 'CustomerName should have no null values (currently 1 nulls)': 0 violations found
2025-12-10 14:50:03,155 - dq_rules - INFO - No violations found
2025-12-10 14:50:03,156 - dq_rules - INFO - Rule 'CustomerName should have no null values (currently 1 nulls)' completed with status: PASS
2025-12-10 14:50:03,158 - dq_rules - INFO - Executing rule: Email should have no null values (currently 1 nulls)
2025-12-10 14:50:03,158 - dq_rules - INFO - Executing threshold rule: Email should have no null values (currently 1 nulls)
2025-12-10 14:50:03,159 - dq_rules - INFO - Threshold rule 'Email should have no null values (currently 1 nulls)': 0 violations found
2025-12-10 14:50:03,159 - dq_rules - INFO - No violations found
2025-12-10 14:50:03,164 - dq_rules - INFO - Rule 'Email should have no null values (currently 1 nulls)' completed with status: PASS
2025-12-10 14:50:03,165 - dq_rules - INFO - Executing rule: Salary should have no null values (currently 2 nulls)
2025-12-10 14:50:03,166 - dq_rules - INFO - Executing threshold rule: Salary should have no null values (currently 2 nulls)
2025-12-10 14:50:03,166 - dq_rules - INFO - Threshold rule 'Salary should have no null values (currently 2 nulls)': 0 violations found
2025-12-10 14:50:03,167 - dq_rules - INFO - No violations found
2025-12-10 14:50:03,168 - dq_rules - INFO - Rule 'Salary should have no null values (currently 2 nulls)' completed with status: PASS
2025-12-10 14:50:03,169 - dq_rules - INFO - Executing rule: Department should have no null values (currently 1 nulls)
2025-12-10 14:50:03,169 - dq_rules - INFO - Executing threshold rule: Department should have no null values (currently 1 nulls)
2025-12-10 14:50:03,170 - dq_rules - INFO - Threshold rule 'Department should have no null values (currently 1 nulls)': 0 violations found
2025-12-10 14:50:03,171 - dq_rules - INFO - No violations found
2025-12-10 14:50:03,171 - dq_rules - INFO - Rule 'Department should have no null values (currently 1 nulls)' completed with status: PASS
2025-12-10 14:50:03,172 - dq_rules - INFO - Executing rule: State should have no null values (currently 1 nulls)
2025-12-10 14:50:03,172 - dq_rules - INFO - Executing threshold rule: State should have no null values (currently 1 nulls)
2025-12-10 14:50:03,173 - dq_rules - INFO - Threshold rule 'State should have no null values (currently 1 nulls)': 0 violations found
2025-12-10 14:50:03,174 - dq_rules - INFO - No violations found
2025-12-10 14:50:03,175 - dq_rules - INFO - Rule 'State should have no null values (currently 1 nulls)' completed with status: PASS
2025-12-10 14:50:03,175 - dq_rules - INFO - Executing rule: KPI: Total row count | Percentage threshold: 10.0% | Max growth: 30.0%
2025-12-10 14:50:03,176 - dq_rules - INFO - Executing KPI threshold rule: KPI: Total row count | Percentage threshold: 10.0% | Max growth: 30.0%
2025-12-10 14:50:03,210 - dq_rules - WARNING - Could not retrieve previous KPI value: 1054 (42S22): Unknown column 'session_id' in 'where clause'
2025-12-10 14:50:03,211 - dq_rules - INFO - KPI within acceptable limits. Current value: 15.00, Threshold: 16.50
2025-12-10 14:50:03,213 - dq_rules - INFO - Rule 'KPI: Total row count | Percentage threshold: 10.0% | Max growth: 30.0%' completed with status: PASS
2025-12-10 14:50:03,213 - dq_rules - INFO - TOTAL VIOLATIONS ACROSS ALL RULES: 9
2025-12-10 14:50:03,214 - dq_rules - INFO - GENERATING BUSINESS RULES VALIDATION REPORT
2025-12-10 14:50:03,215 - dq_rules - INFO - Report for: CSV: sample_data.csv, Records: 15, Columns: 10
2025-12-10 14:50:03,217 - dq_rules - INFO - Rules compliance score: 77.8% (Passed: 7, Failed: 2, Errors: 0)
2025-12-10 14:50:03,220 - dq_rules - INFO - RULES SUMMARY: Total Rules: 9, Passed: 7, Failed: 2, Errors: 0, Total Violations: 9
2025-12-10 14:50:03,241 - dq_error_log - INFO - Retrieved 9 errors for session RULES_20251210_144912
2025-12-10 14:50:03,267 - dq_rules - INFO - ERROR LOGGING: Session ID: RULES_20251210_144912, Total errors logged: 9
2025-12-10 14:50:03,272 - dq_audit - INFO - Audit class initialized with database: dq_checks
2025-12-10 14:50:03,273 - dq_audit - INFO - Starting database insertion for rules...
2025-12-10 14:50:03,291 - dq_audit - INFO - Inserted rules record
2025-12-10 14:50:03,292 - dq_audit - INFO - rules audit record successfully stored in database
2025-12-10 14:50:31,595 - __main__ - INFO - Business Rules Engine completed successfully
2025-12-10 14:50:31,595 - __main__ - INFO - Displaying main menu options to user
2025-12-10 14:57:20,121 - __main__ - INFO - User selected option: 6
2025-12-10 14:57:20,123 - __main__ - INFO - User session ended. Duration: 0:08:27.766308
2025-12-10 14:57:20,126 - __main__ - INFO - 👋 Thank you for using Universal Data Quality Framework!
