2025-12-02 12:49:11,110 - __main__ - INFO - 🚀 UNIVERSAL DATA QUALITY FRAMEWORK INITIALIZED
2025-12-02 12:49:11,112 - __main__ - INFO - User session started at: 2025-12-02 12:49:11.112039
2025-12-02 12:49:11,112 - __main__ - INFO - Displaying main menu options to user
2025-12-02 12:49:21,130 - __main__ - INFO - User selected option: 2
2025-12-02 12:49:21,131 - __main__ - INFO - Starting Source-Target Comparison module
2025-12-02 12:49:21,131 - dq_comparison - INFO - 🚀 STARTING UNIVERSAL SOURCE-TARGET COMPARISON TOOL
2025-12-02 12:49:21,132 - dq_comparison - INFO - 📂 LOADING SOURCE AND TARGET DATA
2025-12-02 12:49:21,134 - dq_unified - INFO - 📋 PROMPTING USER FOR DATA SOURCE TYPE
2025-12-02 12:49:24,260 - dq_unified - INFO - User selected source type: 1
2025-12-02 12:49:24,262 - dq_unified - INFO - Getting CSV file path from user
2025-12-02 12:50:02,052 - dq_unified - INFO - File path validated: C:\Users\003160\OneDrive - wisseninfotech.com\Documents\DQ-Checks-Shashi\Test_data\source_data_90k.csv
2025-12-02 12:50:02,052 - dq_unified - INFO - 📋 PROMPTING USER FOR DATA SOURCE TYPE
2025-12-02 12:50:04,430 - dq_unified - INFO - User selected source type: 1
2025-12-02 12:50:04,433 - dq_unified - INFO - Getting CSV file path from user
2025-12-02 12:50:16,918 - dq_unified - INFO - File path validated: C:\Users\003160\OneDrive - wisseninfotech.com\Documents\DQ-Checks-Shashi\Test_data\target_data_100k.csv
2025-12-02 12:50:16,919 - dq_unified - INFO - 📥 LOADING DATA FROM CSV
2025-12-02 12:50:16,920 - dq_unified - INFO - Loading CSV data from: C:\Users\003160\OneDrive - wisseninfotech.com\Documents\DQ-Checks-Shashi\Test_data\source_data_90k.csv
2025-12-02 12:50:17,251 - dq_unified - INFO - ✅ CSV loaded: 100497 rows, 12 columns
2025-12-02 12:50:17,252 - dq_unified - INFO - 📥 LOADING DATA FROM CSV
2025-12-02 12:50:17,258 - dq_unified - INFO - Loading CSV data from: C:\Users\003160\OneDrive - wisseninfotech.com\Documents\DQ-Checks-Shashi\Test_data\target_data_100k.csv
2025-12-02 12:50:17,705 - dq_unified - INFO - ✅ CSV loaded: 100500 rows, 12 columns
2025-12-02 12:50:17,707 - dq_comparison - INFO - 🎯 SELECTING COLUMNS FOR COMPARISON
2025-12-02 12:50:17,714 - dq_comparison - INFO - Found 12 common columns between source and target (case-insensitive)
2025-12-02 12:50:20,462 - dq_comparison - INFO - User column selection input: all
2025-12-02 12:50:20,467 - dq_comparison - INFO - User selected ALL common columns for comparison
2025-12-02 12:50:20,469 - dq_comparison - INFO - 📊 GENERATING COMPREHENSIVE COMPARISON REPORT
2025-12-02 12:50:20,475 - dq_comparison - INFO - Report details - Source: CSV: source_data_90k.csv, Target: CSV: target_data_100k.csv, Selected columns: 12
2025-12-02 12:50:20,476 - dq_comparison - INFO - 🏗️  STARTING STRUCTURE COMPARISON
2025-12-02 12:50:20,479 - dq_comparison - INFO - Source columns: 12, Target columns: 12, Selected: 12
2025-12-02 12:50:20,490 - dq_comparison - INFO - 🔧 Starting data type comparison for selected columns
2025-12-02 12:50:20,511 - dq_comparison - INFO - All selected columns have compatible data types
2025-12-02 12:50:20,517 - dq_comparison - INFO - 🔢 STARTING ROW COUNT COMPARISON
2025-12-02 12:50:20,523 - dq_comparison - INFO - Source rows: 100,497, Target rows: 100,500
2025-12-02 12:50:20,526 - dq_comparison - WARNING - Row count difference: 3 rows (0.00%)
2025-12-02 12:50:20,526 - dq_comparison - WARNING - Target has 3 more rows than source
2025-12-02 12:50:20,527 - dq_comparison - INFO - 📏 CHECKING LENGTH CONSISTENCY BETWEEN SOURCE AND TARGET
2025-12-02 12:50:22,241 - dq_comparison - WARNING - Length mismatch in 'customer_id'[Row 90000]: Source=0, Target=10
2025-12-02 12:50:24,159 - dq_comparison - WARNING - Length mismatch in 'customer_name'[Row 90000]: Source=0, Target=11
2025-12-02 12:50:26,050 - dq_comparison - WARNING - Length mismatch in 'status'[Row 90000]: Source=0, Target=8
2025-12-02 12:50:27,566 - dq_comparison - WARNING - Length mismatch in 'id'[Row 90000]: Source=0, Target=5
2025-12-02 12:50:44,701 - dq_comparison - WARNING - Length mismatch in 'description'[Row 90000]: Source=0, Target=19
2025-12-02 12:50:46,529 - dq_comparison - WARNING - Length mismatch in 'amount'[Row 90000]: Source=0, Target=7
2025-12-02 12:50:48,151 - dq_comparison - WARNING - Length mismatch in 'age'[Row 90000]: Source=0, Target=2
2025-12-02 12:50:50,224 - dq_comparison - WARNING - Length mismatch in 'email'[Row 90000]: Source=0, Target=23
2025-12-02 12:50:52,635 - dq_comparison - WARNING - Length mismatch in 'transaction_id'[Row 90000]: Source=0, Target=10
2025-12-02 12:51:01,391 - dq_comparison - WARNING - Length mismatch in 'transaction_date'[Row 90000]: Source=0, Target=10
2025-12-02 12:57:34,176 - dq_comparison - WARNING - Length mismatch in 'phone'[Row 90000]: Source=0, Target=11
2025-12-02 12:57:37,918 - dq_comparison - WARNING - Length mismatch in 'quantity'[Row 90000]: Source=0, Target=2
2025-12-02 12:57:37,920 - dq_comparison - INFO - Found 12 length consistency issues
2025-12-02 12:57:37,920 - dq_comparison - INFO - 🎯 STARTING DATA QUALITY COMPARISON
2025-12-02 12:57:38,112 - dq_comparison - INFO - Null values - Source: 133415 (11.06%), Target: 8315 (0.69%)
2025-12-02 12:57:38,115 - dq_comparison - WARNING - ⚠️  Target has FEWER nulls than source
2025-12-02 12:57:38,722 - dq_comparison - INFO - Duplicate rows - Source: 10700, Target: 250
2025-12-02 12:57:38,734 - dq_comparison - WARNING - ⚠️  Target has FEWER duplicates than source
2025-12-02 12:57:38,735 - dq_comparison - INFO - 🔍 STARTING IMPROVED SAMPLE DATA COMPARISON (first 5 rows)
2025-12-02 12:57:38,737 - dq_comparison - INFO - Using column 'customer_id' (source) ↔ 'customer_id' (target) for improved sample comparison
2025-12-02 12:57:38,754 - dq_comparison - INFO - Improved sample comparison completed: 5 matches, 0 differences
2025-12-02 12:57:38,761 - dq_comparison - INFO - 🔬 STARTING IMPROVED VALUE MISMATCH DETECTION
2025-12-02 12:57:42,855 - dq_comparison - WARNING - Value mismatch - customer_id[Row 90000]: 'nan' ≠ 'CUST016106'
2025-12-02 12:57:42,856 - dq_comparison - WARNING - Value mismatch - customer_id[Row 90001]: 'nan' ≠ 'CUST047177'
2025-12-02 12:57:45,579 - dq_comparison - WARNING - Value mismatch - customer_name[Row 90000]: 'nan' ≠ 'Sarah Smith'
2025-12-02 12:57:45,579 - dq_comparison - WARNING - Value mismatch - customer_name[Row 90001]: 'nan' ≠ 'Sarah Smith'
2025-12-02 12:57:47,750 - dq_comparison - WARNING - Value mismatch - status[Row 90000]: 'nan' ≠ 'INACTIVE'
2025-12-02 12:57:47,750 - dq_comparison - WARNING - Value mismatch - status[Row 90001]: 'nan' ≠ 'PENDING'
2025-12-02 12:57:49,618 - dq_comparison - WARNING - Value mismatch - id[Row 90000]: 'nan' ≠ '16106'
2025-12-02 12:57:49,619 - dq_comparison - WARNING - Value mismatch - id[Row 90001]: 'nan' ≠ '47177'
2025-12-02 12:57:51,399 - dq_comparison - WARNING - Value mismatch - description[Row 90000]: 'nan' ≠ 'Text with*asterisks'
2025-12-02 12:57:51,400 - dq_comparison - WARNING - Value mismatch - description[Row 90001]: 'nan' ≠ 'Text with, commas'
2025-12-02 12:57:53,269 - dq_comparison - WARNING - Value mismatch - amount[Row 90000]: 'nan' ≠ '6013.06'
2025-12-02 12:57:53,277 - dq_comparison - WARNING - Value mismatch - amount[Row 90001]: 'nan' ≠ '7554.93'
2025-12-02 12:57:55,225 - dq_comparison - WARNING - Value mismatch - age[Row 90000]: 'nan' ≠ '39'
2025-12-02 12:58:29,278 - dq_comparison - WARNING - Value mismatch - age[Row 90001]: 'nan' ≠ '38'
2025-12-02 12:58:31,082 - dq_comparison - WARNING - Value mismatch - email[Row 90000]: 'nan' ≠ 'david.smith@hotmail.com'
2025-12-02 12:58:31,084 - dq_comparison - WARNING - Value mismatch - email[Row 90001]: 'nan' ≠ 'john.johnson@gmail.com'
2025-12-02 12:58:33,496 - dq_comparison - WARNING - Value mismatch - transaction_id[Row 90000]: 'nan' ≠ 'TX00016106'
2025-12-02 12:58:33,498 - dq_comparison - WARNING - Value mismatch - transaction_id[Row 90001]: 'nan' ≠ 'TX00047177'
2025-12-02 12:58:33,885 - dq_comparison - WARNING - Value mismatch - transaction_date[Row 1]: '04-10-2023' ≠ '04/10/2023'
2025-12-02 12:58:33,887 - dq_comparison - WARNING - Value mismatch - transaction_date[Row 3]: '10-03-2023' ≠ '2023/03/10'
2025-12-02 12:58:56,998 - dq_comparison - WARNING - Value mismatch - phone[Row 90000]: 'nan' ≠ '1-212-574-7820'
2025-12-02 12:58:57,000 - dq_comparison - WARNING - Value mismatch - phone[Row 90001]: 'nan' ≠ '212-907-9664'
2025-12-02 12:59:01,327 - dq_comparison - WARNING - Value mismatch - quantity[Row 90000]: 'nan' ≠ '21'
2025-12-02 12:59:01,333 - dq_comparison - WARNING - Value mismatch - quantity[Row 90001]: 'nan' ≠ '15'
2025-12-02 12:59:01,782 - dq_comparison - WARNING - Found 156188 value mismatches across 12 columns
2025-12-02 12:59:01,878 - dq_comparison - INFO - 🔬 STARTING IMPROVED HASH-BASED COMPARISON
2025-12-02 12:59:01,886 - dq_comparison - INFO - Using 12 common columns for hash comparison
2025-12-02 12:59:01,898 - dq_comparison - INFO - Generating SMART row hashes for 12 common columns
2025-12-02 13:00:15,481 - dq_comparison - INFO - IMPROVED Hash comparison - Common: 58782, Unique to source: 31015, Unique to target: 41468
2025-12-02 13:00:15,496 - dq_comparison - WARNING - ❌ 31,015 rows missing in target
2025-12-02 13:00:15,497 - dq_comparison - WARNING - ❌ 41,468 rows extra in target
2025-12-02 13:00:15,546 - dq_comparison - INFO - 🏆 CALCULATING OVERALL ASSESSMENT SCORE
2025-12-02 13:00:15,557 - dq_comparison - INFO - ✅ Structure: Perfect column match
2025-12-02 13:00:15,559 - dq_comparison - WARNING - ⚠️  Row Count: Differences found
2025-12-02 13:00:15,561 - dq_comparison - INFO - ✅ Data Types: All selected columns compatible
2025-12-02 13:00:15,562 - dq_comparison - WARNING - ⚠️  Length Consistency: Length differences found
2025-12-02 13:00:15,565 - dq_comparison - WARNING - ⚠️  Data Quality: Data quality differences
2025-12-02 13:00:15,567 - dq_comparison - INFO - ✅ Sample Data: No differences found
2025-12-02 13:00:15,569 - dq_comparison - INFO - ✅ Advanced: Significant data matching found
2025-12-02 13:00:15,576 - dq_comparison - INFO - Overall match score: 4/7 (57.1%)
2025-12-02 13:00:15,577 - dq_comparison - INFO - 🔶 FAIR - Some differences need attention
2025-12-02 13:00:16,087 - dq_audit - INFO - ✅ Audit record stored: comparison check
2025-12-02 13:00:16,092 - dq_comparison - INFO - ✅ Comparison analysis completed successfully
2025-12-02 13:00:16,115 - __main__ - INFO - Source-Target Comparison completed successfully
2025-12-02 13:00:16,115 - __main__ - INFO - Displaying main menu options to user
2025-12-02 13:00:16,139 - __main__ - INFO - User selected option: 
2025-12-02 13:00:16,139 - __main__ - WARNING - Invalid user input received: 
2025-12-02 13:00:16,142 - __main__ - INFO - Displaying main menu options to user
2025-12-02 13:00:16,168 - __main__ - INFO - User selected option: 4
2025-12-02 13:00:16,168 - __main__ - INFO - Starting Business Rules Engine module
2025-12-02 13:00:16,173 - dq_rules - INFO - 🚀 STARTING BUSINESS RULES VALIDATION
2025-12-02 13:00:16,177 - dq_rules - INFO - 📈 LOADING DATA FOR BUSINESS RULES
2025-12-02 13:00:16,181 - dq_unified - INFO - 📋 PROMPTING USER FOR DATA SOURCE TYPE
