2025-12-27 14:54:28,120 - root - INFO - CLI Mode Logging Initialized
2025-12-27 14:54:28,120 - root - INFO - CLI logs will be saved to: logs/dq_framework_20251227_145428.log
2025-12-27 14:54:28,120 - __main__ - INFO - 🚀 UNIVERSAL DATA QUALITY FRAMEWORK INITIALIZED
2025-12-27 14:54:28,121 - __main__ - INFO - Starting system resource check
2025-12-27 14:54:28,129 - __main__ - INFO - Total RAM: 15.7 GB
2025-12-27 14:54:28,131 - __main__ - INFO - Available RAM: 3.4 GB
2025-12-27 14:54:28,131 - __main__ - INFO - Memory used: 78.2%
2025-12-27 14:54:28,131 - __main__ - INFO - Memory status: OK
2025-12-27 14:54:28,132 - __main__ - INFO - Free disk space: 260.7 GB
2025-12-27 14:54:28,132 - __main__ - INFO - Disk used: 45.3%
2025-12-27 14:54:28,132 - __main__ - INFO - Disk space: OK
2025-12-27 14:54:28,632 - __main__ - INFO - CPU cores: 8
2025-12-27 14:54:28,632 - __main__ - INFO - CPU usage: 12.1%
2025-12-27 14:54:28,632 - __main__ - INFO - Python version: 3.12.4
2025-12-27 14:54:28,632 - __main__ - INFO - System platform: win32
2025-12-27 14:54:28,632 - __main__ - INFO - User session started at: 2025-12-27 14:54:28.632773
2025-12-27 14:54:28,632 - __main__ - INFO - Displaying main menu options to user
2025-12-27 14:54:30,847 - __main__ - INFO - User selected option: 1
2025-12-27 14:54:30,847 - __main__ - INFO - Starting Single Source Analysis module
2025-12-27 14:54:30,851 - dq_unified - INFO - Starting unified data quality analysis
2025-12-27 14:54:30,851 - dq_unified - INFO - Prompting user for data source type
2025-12-27 14:54:30,851 - dq_unified - INFO - UI Data source_type: No UI data
2025-12-27 14:54:32,385 - dq_unified - INFO - User selected source type: 3
2025-12-27 14:54:32,385 - dq_unified - INFO - Getting database configuration - Dual mode
2025-12-27 14:54:34,359 - dq_unified - INFO - Getting database config from config file
2025-12-27 14:54:36,080 - dq_unified - INFO - Using MYSQL configuration from config file
2025-12-27 14:54:40,334 - dq_unified - INFO - Database configuration from config file: mysql, Table: employee
2025-12-27 14:54:40,334 - dq_unified - INFO - Loading data from DATABASE
2025-12-27 14:54:40,335 - dq_unified - INFO - Loading data from DATABASE
2025-12-27 14:54:40,337 - dq_unified - INFO - Loading large database table: employee
2025-12-27 14:54:40,529 - dq_unified - INFO - MySQL table has 89,999 rows
2025-12-27 14:54:40,529 - dq_unified - INFO - Loading 89,999 rows from MySQL...
2025-12-27 14:54:42,010 - dq_unified - INFO - Loaded 89,999 rows from MySQL
2025-12-27 14:54:42,586 - dq_unified - INFO - Memory optimization: 60.7MB -> 25.7MB (Saved: 35.0MB)
2025-12-27 14:54:42,677 - dq_unified - INFO - Loaded 89,999 rows, 12 columns. Memory: 189.7MB total, 25.7MB for dataframe
2025-12-27 14:54:42,678 - dq_unified - INFO - DATA PREVIEW:
2025-12-27 14:54:42,679 - dq_unified - INFO -    Total rows: 89,999
2025-12-27 14:54:42,680 - dq_unified - INFO -    Total columns: 12
2025-12-27 14:54:42,680 - dq_unified - INFO -    Columns: ['id', 'customer_id', 'transaction_id', 'customer_name', 'email', 'phone', 'transaction_date', 'amount', 'quantity', 'age', 'status', 'description']
2025-12-27 14:54:42,680 - dq_unified - INFO - Running quality checks
2025-12-27 14:54:42,681 - dq_unified - INFO - Checking for null/empty values
2025-12-27 14:54:42,705 - dq_unified - INFO - Column 'id': No empty cells
2025-12-27 14:54:42,739 - dq_unified - INFO - Column 'customer_id': No empty cells
2025-12-27 14:54:42,774 - dq_unified - INFO - Column 'transaction_id': No empty cells
2025-12-27 14:54:42,775 - dq_unified - WARNING - Column 'customer_name': 3,510 empty cells (3.9%)
2025-12-27 14:54:42,841 - dq_unified - WARNING - Column 'email': 1,517 empty cells (1.7%)
2025-12-27 14:54:42,899 - dq_unified - WARNING - Column 'phone': 1,282 empty cells (1.4%)
2025-12-27 14:54:42,959 - dq_unified - INFO - Column 'transaction_date': No empty cells
2025-12-27 14:54:42,986 - dq_unified - WARNING - Column 'amount': 1,133 empty cells (1.3%)
2025-12-27 14:54:43,033 - dq_unified - INFO - Column 'quantity': No empty cells
2025-12-27 14:54:43,034 - dq_unified - INFO - Column 'age': No empty cells
2025-12-27 14:54:43,036 - dq_unified - INFO - Column 'status': No empty cells
2025-12-27 14:54:43,037 - dq_unified - INFO - Column 'description': No empty cells
2025-12-27 14:54:43,038 - dq_unified - INFO - Total empty cells found: 7,442
2025-12-27 14:54:43,038 - dq_unified - INFO - Checking for duplicate rows
2025-12-27 14:54:43,038 - dq_unified - INFO - Cleaning data (removing whitespace)...
2025-12-27 14:54:43,070 - dq_unified - INFO - Columns after cleaning: ['id', 'customer_id', 'transaction_id', 'customer_name', 'email', 'phone', 'transaction_date', 'amount', 'quantity', 'age', 'status', 'description']
2025-12-27 14:54:44,171 - dq_unified - INFO - Sample of first column after cleaning: '78303'
2025-12-27 14:54:44,171 - dq_unified - INFO - Sample of row 6 first column: '19261'
2025-12-27 14:54:44,172 - dq_unified - INFO - Total rows to check: 89999
2025-12-27 14:54:44,174 - dq_unified - INFO - Checking first column 'id' for serial numbers
2025-12-27 14:54:44,175 - dq_unified - INFO - First 5 values: ['78303', '66465', '93228', '1748', '80005']
2025-12-27 14:54:44,175 - dq_unified - INFO -   Row 1: '78303' → 78303.0 (numeric)
2025-12-27 14:54:44,175 - dq_unified - INFO -   Row 2: '66465' → 66465.0 (numeric)
2025-12-27 14:54:44,175 - dq_unified - INFO -   Row 3: '93228' → 93228.0 (numeric)
2025-12-27 14:54:44,175 - dq_unified - INFO - First column values not sequential: [78303.0, 66465.0, 93228.0]
2025-12-27 14:54:44,176 - dq_unified - INFO - Checking duplicates on ALL columns
2025-12-27 14:54:44,176 - dq_unified - INFO - First few rows for comparison:
2025-12-27 14:54:44,177 - dq_unified - INFO -   Row 0: {'id': '78303', 'customer_id': 'CUST078303', 'transaction_id': 'TX00078303'}
2025-12-27 14:54:44,177 - dq_unified - INFO -   Row 1: {'id': '66465', 'customer_id': 'CUST066465', 'transaction_id': 'TX00066465'}
2025-12-27 14:54:44,177 - dq_unified - INFO -   Row 2: {'id': '93228', 'customer_id': 'CUST078303', 'transaction_id': 'TX00093228'}
2025-12-27 14:54:44,335 - dq_unified - INFO - Duplicate mask found 406 rows
2025-12-27 14:54:44,335 - dq_unified - INFO - Found 406 potential duplicate rows
2025-12-27 14:54:44,339 - dq_unified - INFO - Unique duplicate groups: 203
2025-12-27 14:54:44,339 - dq_unified - INFO - Duplicate groups found:
2025-12-27 14:54:44,340 - dq_unified - INFO -   Group sample: Pandas(Index=167, id='42732', customer_id='CUST042732', transaction_id='TX00042732', customer_name='William Davis', email='james.miller@gmail.com', phone='12127948623', transaction_date='20-01-2023', amount='7954.53', quantity='60', age='64', status='PENDING', description='Text with trailing spaces')
2025-12-27 14:54:44,340 - dq_unified - INFO -   Group sample: Pandas(Index=381, id='34440', customer_id='CUST034440', transaction_id='TX00034440', customer_name='William Miller', email='nan', phone='None', transaction_date='05-09-2023', amount='1954.43', quantity='64', age='75', status='CANCELLED', description='Text with. periods')
2025-12-27 14:54:44,340 - dq_unified - INFO -   Group sample: Pandas(Index=637, id='58427', customer_id='CUST058427', transaction_id='TX00058427', customer_name='Richard Brown', email='jennifer.johnson@gmail.com', phone='2124608202', transaction_date='29-09-2023', amount='9156.7', quantity='69', age='45', status='PENDING', description='Text with multiple spaces')
2025-12-27 14:54:44,340 - dq_unified - INFO - Processing 406 duplicate indices
2025-12-27 14:54:44,358 - dq_unified - INFO - FINAL RESULT: Found 203 duplicate groups
2025-12-27 14:54:44,370 - dq_unified - INFO - Checking data formats
2025-12-27 14:54:44,386 - dq_unified - INFO - Detected id as numeric type
2025-12-27 14:54:44,611 - dq_unified - INFO - Detected email as email type
2025-12-27 14:54:44,613 - dq_unified - WARNING -   Row 1: 'david.jones@company...' doesn't match Valid email format (user@domain.com)
2025-12-27 14:54:44,613 - dq_unified - WARNING -   Row 4: 'Jennifer.johnson@hotmail...' doesn't match Valid email format (user@domain.com)
2025-12-27 14:54:44,614 - dq_unified - WARNING -   Row 38: 'lisa.miller_outlook.com...' doesn't match Valid email format (user@domain.com)
2025-12-27 14:54:44,615 - dq_unified - WARNING -   Row 223: 'richard.miller.company.com...' doesn't match Valid email format (user@domain.com)
2025-12-27 14:54:44,615 - dq_unified - WARNING -   Row 311: 'james.miller@invalid...' doesn't match Valid email format (user@domain.com)
2025-12-27 14:54:44,832 - dq_unified - INFO - Detected phone as phone type
2025-12-27 14:54:45,051 - dq_unified - INFO - Detected transaction_date as date type
2025-12-27 14:54:45,333 - dq_unified - INFO -   Date format check for transaction_date: Consistent=False, Format=['invalid_date', 'MM/DD/YYYY', 'DD-MM-YYYY or MM-DD-YYYY', 'YYYY-MM-DD']
2025-12-27 14:54:45,334 - dq_unified - WARNING -   transaction_date: Inconsistent date formats: ['invalid_date', 'MM/DD/YYYY', 'DD-MM-YYYY or MM-DD-YYYY', 'YYYY-MM-DD']
2025-12-27 14:54:45,335 - dq_unified - WARNING -     Invalid date format: July 5th, 2023
2025-12-27 14:54:45,637 - dq_unified - INFO - Detected amount as numeric type
2025-12-27 14:54:45,794 - dq_unified - INFO - Detected quantity as numeric type
2025-12-27 14:54:45,957 - dq_unified - INFO - Detected age as numeric type
2025-12-27 14:54:46,444 - dq_unified - INFO - Total format issues found: 734
2025-12-27 14:54:46,445 - dq_unified - INFO - Checking mandatory fields
2025-12-27 14:54:46,446 - dq_unified - INFO - Available columns: ['id', 'customer_id', 'transaction_id', 'customer_name', 'email', 'phone', 'transaction_date', 'amount', 'quantity', 'age', 'status', 'description']
2025-12-27 14:55:00,113 - dq_unified - INFO - Checking ALL columns as mandatory: ['id', 'customer_id', 'transaction_id', 'customer_name', 'email', 'phone', 'transaction_date', 'amount', 'quantity', 'age', 'status', 'description']
2025-12-27 14:55:00,137 - dq_unified - INFO - Mandatory field 'id': 100.0% filled
2025-12-27 14:55:00,172 - dq_unified - INFO - Mandatory field 'customer_id': 100.0% filled
2025-12-27 14:55:00,204 - dq_unified - INFO - Mandatory field 'transaction_id': 100.0% filled
2025-12-27 14:55:00,204 - dq_unified - WARNING - Mandatory field 'customer_name': 3,510 missing values (96.1% filled)
2025-12-27 14:55:00,241 - dq_unified - WARNING - Mandatory field 'email': 1,517 missing values (98.3% filled)
2025-12-27 14:55:00,288 - dq_unified - WARNING - Mandatory field 'phone': 1,282 missing values (98.6% filled)
2025-12-27 14:55:00,339 - dq_unified - INFO - Mandatory field 'transaction_date': 100.0% filled
2025-12-27 14:55:00,367 - dq_unified - WARNING - Mandatory field 'amount': 1,133 missing values (98.7% filled)
2025-12-27 14:55:00,405 - dq_unified - INFO - Mandatory field 'quantity': 100.0% filled
2025-12-27 14:55:00,405 - dq_unified - INFO - Mandatory field 'age': 100.0% filled
2025-12-27 14:55:00,406 - dq_unified - INFO - Mandatory field 'status': 100.0% filled
2025-12-27 14:55:00,407 - dq_unified - INFO - Mandatory field 'description': 100.0% filled
2025-12-27 14:55:00,408 - dq_unified - INFO - Mandatory field check completed: 4 columns with issues, 7442 total missing values
2025-12-27 14:55:00,408 - dq_unified - INFO - Calculating quality score
2025-12-27 14:55:00,409 - dq_unified - INFO - Quality Score Calculation:
2025-12-27 14:55:00,409 - dq_unified - INFO -   Total rows: 89,999
2025-12-27 14:55:00,410 - dq_unified - INFO -   Rows with ANY issue: 6,788
2025-12-27 14:55:00,410 - dq_unified - INFO -   Good rows (no issues): 83,211
2025-12-27 14:55:00,410 - dq_unified - INFO -   Quality Score: 92.46%
2025-12-27 14:55:00,410 - dq_unified - INFO - Generating detailed data quality report
2025-12-27 14:55:00,411 - dq_unified - INFO - Report for: Database: mysql - Table: employee, Records: 89,999, Columns: 12
2025-12-27 14:55:00,411 - dq_unified - INFO - Overall quality score: 92.5%
2025-12-27 14:55:00,411 - dq_error_log - INFO - ErrorLogger initialized with database: dq_checks
2025-12-27 14:55:00,411 - dq_unified - INFO - Error Logger Session ID: SINGLE_20251227_145500
2025-12-27 14:55:00,452 - dq_unified - INFO - Analysis completed successfully for Database: mysql - Table: employee
2025-12-27 14:55:00,488 - __main__ - INFO - Single Source Analysis completed successfully
2025-12-27 14:55:00,488 - __main__ - INFO - Displaying main menu options to user
2025-12-27 15:46:07,197 - __main__ - INFO - User selected option: 6
2025-12-27 15:46:07,200 - __main__ - INFO - User session ended. Duration: 0:51:38.567305
2025-12-27 15:46:07,201 - __main__ - INFO - 👋 Thank you for using Universal Data Quality Framework!
