2026-01-06 10:42:12,201 - root - INFO - CLI Mode Logging Initialized
2026-01-06 10:42:12,201 - root - INFO - CLI logs will be saved to: logs/dq_framework_20260106_104212.log
2026-01-06 10:42:12,202 - __main__ - INFO - 🚀 UNIVERSAL DATA QUALITY FRAMEWORK INITIALIZED
2026-01-06 10:42:12,203 - __main__ - INFO - Starting system resource check
2026-01-06 10:42:12,209 - __main__ - INFO - Total RAM: 15.7 GB
2026-01-06 10:42:12,209 - __main__ - INFO - Available RAM: 2.7 GB
2026-01-06 10:42:12,209 - __main__ - INFO - Memory used: 82.6%
2026-01-06 10:42:12,210 - __main__ - INFO - Memory status: OK
2026-01-06 10:42:12,211 - __main__ - INFO - Free disk space: 259.6 GB
2026-01-06 10:42:12,211 - __main__ - INFO - Disk used: 45.5%
2026-01-06 10:42:12,211 - __main__ - INFO - Disk space: OK
2026-01-06 10:42:12,712 - __main__ - INFO - CPU cores: 8
2026-01-06 10:42:12,712 - __main__ - INFO - CPU usage: 19.3%
2026-01-06 10:42:12,713 - __main__ - INFO - Python version: 3.12.4
2026-01-06 10:42:12,713 - __main__ - INFO - System platform: win32
2026-01-06 10:42:12,713 - __main__ - INFO - User session started at: 2026-01-06 10:42:12.713108
2026-01-06 10:42:12,713 - __main__ - INFO - Displaying main menu options to user
2026-01-06 10:42:13,716 - __main__ - INFO - User selected option: 
2026-01-06 10:42:13,718 - __main__ - WARNING - Invalid user input received: 
2026-01-06 10:42:13,720 - __main__ - INFO - Displaying main menu options to user
2026-01-06 10:42:18,108 - __main__ - INFO - User selected option: 1
2026-01-06 10:42:18,109 - __main__ - INFO - Starting Single Source Analysis module
2026-01-06 10:42:18,113 - dq_unified - INFO - Starting unified data quality analysis
2026-01-06 10:42:18,113 - dq_unified - INFO - Prompting user for data source type
2026-01-06 10:42:18,114 - dq_unified - INFO - UI Data source_type: No UI data
2026-01-06 10:42:19,502 - dq_unified - INFO - User selected source type: 3
2026-01-06 10:42:19,504 - dq_unified - INFO - Getting database configuration - Dual mode
2026-01-06 10:42:20,561 - dq_unified - INFO - User selected Browse and Select mode
2026-01-06 10:42:20,567 - database_navigator - INFO - DatabaseNavigator initialized
2026-01-06 10:42:20,567 - database_navigator - INFO - Starting database navigation...
2026-01-06 10:42:21,791 - database_navigator - INFO - Database type: postgres
2026-01-06 10:42:21,792 - database_navigator - INFO - Getting database configuration...
2026-01-06 10:42:23,921 - database_navigator - INFO - Connecting to POSTGRES...
2026-01-06 10:42:23,922 - database_navigator - INFO - Connecting to PostgreSQL...
2026-01-06 10:42:23,922 - database_navigator - INFO - Connecting to PostgreSQL: host=localhost, port=5432, database=postgres, user=postgres
2026-01-06 10:42:24,152 - database_navigator - INFO - Connection object created: <connection object at 0x000001AB31402460; dsn: 'user=postgres password=xxx dbname=postgres host=localhost port=5432', closed: 0>
2026-01-06 10:42:24,153 - database_navigator - INFO - ✅ PostgreSQL connection successful to database: postgres
2026-01-06 10:42:24,157 - database_navigator - INFO - get_databases() called. db_type: postgres, connection exists: True
2026-01-06 10:42:24,158 - database_navigator - INFO - DEBUG: Checking connection - self.connection = <connection object at 0x000001AB31402460; dsn: 'user=postgres password=xxx dbname=postgres host=localhost port=5432', closed: 0>
2026-01-06 10:42:24,163 - database_navigator - INFO - Databases found: ['dq_checks', 'finewise-testdb', 'postgres', 'template0', 'template1']
2026-01-06 10:42:24,163 - database_navigator - INFO - Found 5 databases
2026-01-06 10:42:29,346 - database_navigator - WARNING - Database selection cancelled
2026-01-06 10:42:29,346 - dq_unified - WARNING - Database navigation cancelled
2026-01-06 10:42:29,347 - dq_unified - ERROR - No valid source configuration provided
2026-01-06 10:42:29,349 - __main__ - INFO - Single Source Analysis completed successfully
2026-01-06 10:42:29,349 - __main__ - INFO - Displaying main menu options to user
2026-01-06 10:42:30,628 - __main__ - INFO - User selected option: 6
2026-01-06 10:42:30,629 - __main__ - INFO - User session ended. Duration: 0:00:17.916327
2026-01-06 10:42:30,630 - __main__ - INFO - 👋 Thank you for using Universal Data Quality Framework!
