2025-12-27 14:13:06,977 - root - INFO - CLI Mode Logging Initialized
2025-12-27 14:13:06,977 - root - INFO - CLI logs will be saved to: logs/dq_framework_20251227_141306.log
2025-12-27 14:13:06,978 - __main__ - INFO - 🚀 UNIVERSAL DATA QUALITY FRAMEWORK INITIALIZED
2025-12-27 14:13:06,979 - __main__ - INFO - Starting system resource check
2025-12-27 14:13:06,984 - __main__ - INFO - Total RAM: 15.7 GB
2025-12-27 14:13:06,984 - __main__ - INFO - Available RAM: 3.6 GB
2025-12-27 14:13:06,985 - __main__ - INFO - Memory used: 77.2%
2025-12-27 14:13:06,985 - __main__ - INFO - Memory status: OK
2025-12-27 14:13:06,988 - __main__ - INFO - Free disk space: 263.8 GB
2025-12-27 14:13:06,989 - __main__ - INFO - Disk used: 44.6%
2025-12-27 14:13:06,989 - __main__ - INFO - Disk space: OK
2025-12-27 14:13:07,490 - __main__ - INFO - CPU cores: 8
2025-12-27 14:13:07,490 - __main__ - INFO - CPU usage: 31.5%
2025-12-27 14:13:07,490 - __main__ - INFO - Python version: 3.12.4
2025-12-27 14:13:07,491 - __main__ - INFO - System platform: win32
2025-12-27 14:13:07,491 - __main__ - INFO - User session started at: 2025-12-27 14:13:07.491386
2025-12-27 14:13:07,491 - __main__ - INFO - Displaying main menu options to user
2025-12-27 14:13:08,432 - __main__ - INFO - User selected option: 1
2025-12-27 14:13:08,434 - __main__ - INFO - Starting Single Source Analysis module
2025-12-27 14:13:08,439 - dq_unified - INFO - Starting unified data quality analysis
2025-12-27 14:13:08,442 - dq_unified - INFO - Prompting user for data source type
2025-12-27 14:13:08,442 - dq_unified - INFO - UI Data source_type: No UI data
2025-12-27 14:13:10,470 - dq_unified - INFO - User selected source type: 1
2025-12-27 14:13:16,367 - dq_unified - INFO - Loading data from CSV
2025-12-27 14:13:16,368 - dq_unified - INFO - Loading data from CSV
2025-12-27 14:13:16,369 - dq_unified - INFO - Loading large CSV: C:/Users/003160/OneDrive - wisseninfotech.com/Documents/DQ-Checks-Shashi/Test_data/sample_data.csv
2025-12-27 14:13:16,376 - dq_unified - INFO - CSV file has 15 rows
2025-12-27 14:13:16,376 - dq_unified - INFO - Loading 15 rows from CSV...
2025-12-27 14:13:16,386 - dq_unified - INFO - Loaded 15 rows from CSV
2025-12-27 14:13:16,395 - dq_unified - INFO - Memory optimization: 0.0MB -> 0.0MB (Saved: 0.0MB)
2025-12-27 14:13:16,396 - dq_unified - INFO - Loaded 15 rows, 10 columns. Memory: 87.3MB total, 0.0MB for dataframe
2025-12-27 14:13:16,396 - dq_unified - INFO - DATA PREVIEW:
2025-12-27 14:13:16,397 - dq_unified - INFO -    Total rows: 15
2025-12-27 14:13:16,398 - dq_unified - INFO -    Total columns: 10
2025-12-27 14:13:16,398 - dq_unified - INFO -    Columns: ['CustomerName', 'Email', 'Phone', 'Salary', 'Department', 'JoinDate', 'PostalCode', 'City', 'Country', 'State']
2025-12-27 14:13:16,399 - dq_unified - INFO - Running quality checks
2025-12-27 14:13:16,400 - dq_unified - INFO - Checking for null/empty values
2025-12-27 14:13:16,402 - dq_unified - WARNING - Column 'CustomerName': 1 empty cells (6.7%)
2025-12-27 14:13:16,404 - dq_unified - WARNING - Column 'Email': 1 empty cells (6.7%)
2025-12-27 14:13:16,407 - dq_unified - INFO - Column 'Phone': No empty cells
2025-12-27 14:13:16,409 - dq_unified - WARNING - Column 'Salary': 2 empty cells (13.3%)
2025-12-27 14:13:16,413 - dq_unified - WARNING - Column 'Department': 1 empty cells (6.7%)
2025-12-27 14:13:16,415 - dq_unified - INFO - Column 'JoinDate': No empty cells
2025-12-27 14:13:16,417 - dq_unified - INFO - Column 'PostalCode': No empty cells
2025-12-27 14:13:16,418 - dq_unified - INFO - Column 'City': No empty cells
2025-12-27 14:13:16,418 - dq_unified - INFO - Column 'Country': No empty cells
2025-12-27 14:13:16,420 - dq_unified - WARNING - Column 'State': 1 empty cells (6.7%)
2025-12-27 14:13:16,423 - dq_unified - INFO - Total empty cells found: 6
2025-12-27 14:13:16,425 - dq_unified - INFO - Checking for duplicate rows
2025-12-27 14:13:16,428 - dq_unified - INFO - Cleaning data (removing whitespace)...
2025-12-27 14:13:16,430 - dq_unified - INFO - Columns after cleaning: ['CustomerName', 'Email', 'Phone', 'Salary', 'Department', 'JoinDate', 'PostalCode', 'City', 'Country', 'State']
2025-12-27 14:13:16,435 - dq_unified - INFO - Sample of first column after cleaning: 'John Doe'
2025-12-27 14:13:16,436 - dq_unified - INFO - Sample of row 6 first column: 'John Doe'
2025-12-27 14:13:16,436 - dq_unified - INFO - Total rows to check: 15
2025-12-27 14:13:16,438 - dq_unified - INFO - Checking first column 'CustomerName' for serial numbers
2025-12-27 14:13:16,442 - dq_unified - INFO - First 5 values: ['John Doe', 'Jane Smith', 'Bob Johnson', 'Alice Brown', 'Charlie Wilson']
2025-12-27 14:13:16,443 - dq_unified - INFO -   Row 1: 'John Doe' → Not numeric
2025-12-27 14:13:16,444 - dq_unified - INFO -   Row 2: 'Jane Smith' → Not numeric
2025-12-27 14:13:16,444 - dq_unified - INFO -   Row 3: 'Bob Johnson' → Not numeric
2025-12-27 14:13:16,445 - dq_unified - INFO - Not enough numeric values to be serial: []
2025-12-27 14:13:16,446 - dq_unified - INFO - Checking duplicates on ALL columns
2025-12-27 14:13:16,446 - dq_unified - INFO - First few rows for comparison:
2025-12-27 14:13:16,447 - dq_unified - INFO -   Row 0: {'CustomerName': 'John Doe', 'Email': 'john@email.com', 'Phone': '1234567890'}
2025-12-27 14:13:16,448 - dq_unified - INFO -   Row 1: {'CustomerName': 'Jane Smith', 'Email': 'jane@email.com', 'Phone': '9876543210'}
2025-12-27 14:13:16,449 - dq_unified - INFO -   Row 2: {'CustomerName': 'Bob Johnson', 'Email': 'nan', 'Phone': '5551234567'}
2025-12-27 14:13:16,451 - dq_unified - INFO - Duplicate mask found 2 rows
2025-12-27 14:13:16,451 - dq_unified - INFO - Found 2 potential duplicate rows
2025-12-27 14:13:16,454 - dq_unified - INFO - Unique duplicate groups: 1
2025-12-27 14:13:16,455 - dq_unified - INFO - Duplicate groups found:
2025-12-27 14:13:16,460 - dq_unified - INFO -   Group sample: Pandas(Index=0, CustomerName='John Doe', Email='john@email.com', Phone='1234567890', Salary='50000.0', Department='IT', JoinDate='15-01-2023', PostalCode='10001', City='New York', Country='USA', State='TS')
2025-12-27 14:13:16,460 - dq_unified - INFO - Processing 2 duplicate indices
2025-12-27 14:13:16,461 - dq_unified - INFO - FINAL RESULT: Found 1 duplicate groups
2025-12-27 14:13:16,462 - dq_unified - INFO - Checking data formats
2025-12-27 14:13:16,465 - dq_unified - INFO - Detected Email as email type
2025-12-27 14:13:16,466 - dq_unified - WARNING -   Row 9: 'invalid-email...' doesn't match Valid email format (user@domain.com)
2025-12-27 14:13:16,468 - dq_unified - INFO - Detected Phone as phone type
2025-12-27 14:13:16,470 - dq_unified - WARNING -   Row 14: '1112222...' doesn't match Valid phone number format
2025-12-27 14:13:16,474 - dq_unified - INFO - Detected Salary as numeric type
2025-12-27 14:13:16,478 - dq_unified - INFO - Detected JoinDate as date type
2025-12-27 14:13:16,481 - dq_unified - INFO - Detected PostalCode as numeric type
2025-12-27 14:13:16,481 - dq_unified - WARNING -   Row 9: 'ABC123...' doesn't match Numeric value (no leading zeros, no alphabets)
2025-12-27 14:13:16,490 - dq_unified - INFO - Total format issues found: 3
2025-12-27 14:13:16,490 - dq_unified - INFO - Checking mandatory fields
2025-12-27 14:13:16,491 - dq_unified - INFO - Available columns: ['CustomerName', 'Email', 'Phone', 'Salary', 'Department', 'JoinDate', 'PostalCode', 'City', 'Country', 'State']
2025-12-27 14:13:20,023 - dq_unified - INFO - Checking ALL columns as mandatory: ['CustomerName', 'Email', 'Phone', 'Salary', 'Department', 'JoinDate', 'PostalCode', 'City', 'Country', 'State']
2025-12-27 14:13:20,026 - dq_unified - WARNING - Mandatory field 'CustomerName': 1 missing values (93.3% filled)
2025-12-27 14:13:20,031 - dq_unified - WARNING - Mandatory field 'Email': 1 missing values (93.3% filled)
2025-12-27 14:13:20,033 - dq_unified - INFO - Mandatory field 'Phone': 100.0% filled
2025-12-27 14:13:20,033 - dq_unified - WARNING - Mandatory field 'Salary': 2 missing values (86.7% filled)
2025-12-27 14:13:20,035 - dq_unified - WARNING - Mandatory field 'Department': 1 missing values (93.3% filled)
2025-12-27 14:13:20,036 - dq_unified - INFO - Mandatory field 'JoinDate': 100.0% filled
2025-12-27 14:13:20,038 - dq_unified - INFO - Mandatory field 'PostalCode': 100.0% filled
2025-12-27 14:13:20,039 - dq_unified - INFO - Mandatory field 'City': 100.0% filled
2025-12-27 14:13:20,040 - dq_unified - INFO - Mandatory field 'Country': 100.0% filled
2025-12-27 14:13:20,041 - dq_unified - WARNING - Mandatory field 'State': 1 missing values (93.3% filled)
2025-12-27 14:13:20,043 - dq_unified - INFO - Mandatory field check completed: 5 columns with issues, 6 total missing values
2025-12-27 14:13:20,046 - dq_unified - INFO - Calculating quality score
2025-12-27 14:13:20,047 - dq_unified - INFO - Quality Score Calculation:
2025-12-27 14:13:20,048 - dq_unified - INFO -   Total rows: 15
2025-12-27 14:13:20,048 - dq_unified - INFO -   Rows with ANY issue: 8
2025-12-27 14:13:20,049 - dq_unified - INFO -   Good rows (no issues): 7
2025-12-27 14:13:20,050 - dq_unified - INFO -   Quality Score: 46.67%
2025-12-27 14:13:20,050 - dq_unified - INFO - Generating detailed data quality report
2025-12-27 14:13:20,051 - dq_unified - INFO - Report for: CSV: sample_data.csv, Records: 15, Columns: 10
2025-12-27 14:13:20,051 - dq_unified - INFO - Overall quality score: 46.7%
2025-12-27 14:13:20,052 - dq_error_log - INFO - ErrorLogger initialized with database: dq_checks
2025-12-27 14:13:20,052 - dq_unified - INFO - Error Logger Session ID: SINGLE_20251227_141320
2025-12-27 14:13:20,155 - dq_unified - INFO - Analysis completed successfully for CSV: sample_data.csv
2025-12-27 14:13:20,156 - __main__ - INFO - Single Source Analysis completed successfully
2025-12-27 14:13:20,157 - __main__ - INFO - Displaying main menu options to user
2025-12-27 14:15:47,475 - __main__ - INFO - User selected option: 6
2025-12-27 14:15:47,477 - __main__ - INFO - User session ended. Duration: 0:02:39.986333
2025-12-27 14:15:47,477 - __main__ - INFO - 👋 Thank you for using Universal Data Quality Framework!
