2025-12-09 15:53:30,111 - __main__ - INFO - 🚀 UNIVERSAL DATA QUALITY FRAMEWORK INITIALIZED
2025-12-09 15:53:30,624 - __main__ - INFO - User session started at: 2025-12-09 15:53:30.624088
2025-12-09 15:53:30,624 - __main__ - INFO - Displaying main menu options to user
2025-12-09 15:53:32,099 - __main__ - INFO - User selected option: 2
2025-12-09 15:53:32,101 - __main__ - INFO - Starting Source-Target Comparison module
2025-12-09 15:53:32,110 - dq_comparison - INFO - STARTING UNIVERSAL SOURCE-TARGET COMPARISON TOOL
2025-12-09 15:53:32,110 - dq_comparison - INFO - LOADING SOURCE AND TARGET DATA
2025-12-09 15:53:32,111 - dq_comparison - INFO - SOURCE DATA:
2025-12-09 15:53:32,113 - dq_unified - INFO - PROMPTING USER FOR DATA SOURCE TYPE
2025-12-09 15:53:36,752 - dq_unified - INFO - User selected source type: 1
2025-12-09 15:53:36,785 - dq_unified - INFO - Getting CSV file path from user
2025-12-09 15:53:50,485 - dq_unified - INFO - File path validated: C:\Users\003160\OneDrive - wisseninfotech.com\Documents\DQ-Checks-Shashi\Test_data\sample_data.csv (0.0MB)
2025-12-09 15:53:50,486 - dq_comparison - INFO - TARGET DATA:
2025-12-09 15:53:50,486 - dq_unified - INFO - PROMPTING USER FOR DATA SOURCE TYPE
2025-12-09 15:53:55,098 - dq_unified - INFO - User selected source type: 3
2025-12-09 15:53:55,100 - dq_unified - INFO - GETTING DATABASE CONFIGURATION
2025-12-09 15:53:58,768 - dq_unified - INFO - User selected database type: 3
2025-12-09 15:54:05,470 - dq_unified - INFO - Database configuration collected: oracle, Table: customers
2025-12-09 15:54:05,471 - dq_unified - INFO - LOADING DATA FROM CSV
2025-12-09 15:54:05,478 - dq_unified - INFO - Loading large CSV: C:\Users\003160\OneDrive - wisseninfotech.com\Documents\DQ-Checks-Shashi\Test_data\sample_data.csv
2025-12-09 15:54:05,483 - dq_unified - INFO - CSV file has 15 rows
2025-12-09 15:54:05,484 - dq_unified - INFO - Loading 15 rows from CSV...
2025-12-09 15:54:05,505 - dq_unified - INFO - Loaded 15 rows from CSV
2025-12-09 15:54:05,514 - dq_unified - INFO - Memory optimization: 0.0MB -> 0.0MB (Saved: 0.0MB)
2025-12-09 15:54:05,516 - dq_unified - INFO - Loaded 15 rows, 10 columns. Memory: 87.2MB total, 0.0MB for dataframe
2025-12-09 15:54:05,518 - dq_unified - INFO - LOADING DATA FROM DATABASE
2025-12-09 15:54:05,521 - dq_unified - INFO - Loading large database table: customers
2025-12-09 15:54:05,953 - dq_unified - INFO - Oracle table has 15 rows
2025-12-09 15:54:05,954 - dq_unified - INFO - Loading 15 rows from Oracle...
2025-12-09 15:54:06,760 - dq_unified - INFO - Loaded 15 rows from Oracle
2025-12-09 15:54:06,771 - dq_unified - INFO - Memory optimization: 0.0MB -> 0.0MB (Saved: 0.0MB)
2025-12-09 15:54:06,772 - dq_unified - INFO - Loaded 15 rows, 11 columns. Memory: 116.3MB total, 0.0MB for dataframe
2025-12-09 15:54:06,773 - dq_comparison - INFO - SELECTING COLUMNS FOR COMPARISON
2025-12-09 15:54:06,775 - dq_comparison - INFO - Found 10 common columns between source and target (case-insensitive)
2025-12-09 15:54:08,706 - dq_comparison - INFO - User column selection input: all
2025-12-09 15:54:08,708 - dq_comparison - INFO - User selected ALL common columns for comparison
2025-12-09 15:54:08,711 - dq_comparison - INFO - GENERATING COMPREHENSIVE COMPARISON REPORT WITH IMPROVED NORMALIZATION
2025-12-09 15:54:08,712 - dq_comparison - INFO - Report details - Source: CSV: sample_data.csv, Target: Database: oracle - Table: customers, Selected columns: 10
2025-12-09 15:54:08,713 - dq_comparison - INFO - Initializing Error Logger...
2025-12-09 15:54:08,713 - dq_error_log - INFO - ErrorLogger initialized with database: dq_checks
2025-12-09 15:54:08,856 - dq_error_log - INFO - Database connection successful
2025-12-09 15:54:08,857 - dq_comparison - INFO - Session ID: CMP_20251209_155408
2025-12-09 15:54:08,872 - dq_comparison - INFO - FIRST CHECK: ROW COUNT COMPARISON
2025-12-09 15:54:08,873 - dq_comparison - INFO - Source rows: 15, Target rows: 15
2025-12-09 15:54:08,873 - dq_comparison - INFO - ✅ Row counts match perfectly
2025-12-09 15:54:08,877 - dq_comparison - INFO - SECOND CHECK: HASH-BASED COMPARISON WITH IMPROVED NORMALIZATION
2025-12-09 15:54:08,878 - dq_comparison - INFO - Using 10 common columns for hash comparison
2025-12-09 15:54:08,879 - dq_comparison - INFO - Source columns: ['City', 'Salary', 'PostalCode', 'Department', 'JoinDate', 'Phone', 'CustomerName', 'Email', 'Country', 'State']
2025-12-09 15:54:08,879 - dq_comparison - INFO - Target columns: ['CITY', 'SALARY', 'POSTALCODE', 'DEPARTMENT', 'JOINDATE', 'PHONE', 'CUSTOMERNAME', 'EMAIL', 'COUNTRY', 'STATE']
2025-12-09 15:54:08,880 - dq_comparison - INFO - Generating hashes for source data...
2025-12-09 15:54:08,892 - dq_comparison - INFO - Generating hashes for target data...
2025-12-09 15:54:08,898 - dq_comparison - INFO - Hash-based Comparison Results:
2025-12-09 15:54:08,898 - dq_comparison - INFO -   • Common rows: 13
2025-12-09 15:54:08,899 - dq_comparison - INFO -   • Rows only in source: 1
2025-12-09 15:54:08,904 - dq_comparison - INFO -   • Rows only in target: 1
2025-12-09 15:54:08,904 - dq_comparison - INFO - Performing detailed mismatch analysis...
2025-12-09 15:54:08,905 - dq_comparison - INFO - 🔍 DEBUG: Analyzing mismatch reasons...
2025-12-09 15:54:08,906 - dq_comparison - INFO - 
🔍 Mismatch Analysis - Source Row 15:
2025-12-09 15:54:08,907 - dq_comparison - INFO -   City: 'Orlando' → Normalized: 'orlando'
2025-12-09 15:54:08,908 - dq_comparison - INFO -   Salary: 'nan' → Normalized: ''
2025-12-09 15:54:08,909 - dq_comparison - INFO -   PostalCode: '10012' → Normalized: '10012'
2025-12-09 15:54:08,909 - dq_comparison - INFO -   Department: 'HR' → Normalized: 'hr'
2025-12-09 15:54:08,910 - dq_comparison - INFO -   JoinDate: '05-12-2023' → Normalized: '2023-12-05'
2025-12-09 15:54:08,910 - dq_comparison - INFO - 
🔍 Mismatch Analysis - Target Row 15:
2025-12-09 15:54:08,910 - dq_comparison - INFO -   CITY: 'Orlando' → Normalized: 'orlando'
2025-12-09 15:54:08,911 - dq_comparison - INFO -   SALARY: 'nan' → Normalized: ''
2025-12-09 15:54:08,911 - dq_comparison - INFO -   POSTALCODE: '10012' → Normalized: '10012'
2025-12-09 15:54:08,916 - dq_comparison - INFO -   DEPARTMENT: 'HR' → Normalized: 'hr'
2025-12-09 15:54:08,919 - dq_comparison - INFO -   JOINDATE: '2023-12-05 00:00:00' → Normalized: '2023-12-05'
2025-12-09 15:54:08,919 - dq_comparison - INFO - Logging 1 rows missing in target...
2025-12-09 15:54:08,920 - dq_comparison - INFO - Logging 1 rows extra in target...
2025-12-09 15:54:08,940 - dq_error_log - INFO - Batch logged 2 errors for session CMP_20251209_155408
2025-12-09 15:54:08,941 - dq_comparison - INFO - THIRD CHECK: ANALYZING VALUE MISMATCHES IN COMMON ROWS
2025-12-09 15:54:08,948 - dq_comparison - INFO - Analyzing data quality metrics with improved normalization...
2025-12-09 15:54:08,962 - dq_comparison - INFO - Null values - Source: 6 (4.00%), Target: 6 (4.00%)
2025-12-09 15:54:08,965 - dq_comparison - INFO - Duplicate rows (normalized) - Source: 1, Target: 1
2025-12-09 15:54:08,967 - dq_comparison - INFO - Source duplicate samples: ['Row 2', 'Row 7']
2025-12-09 15:54:08,969 - dq_comparison - INFO - Target duplicate samples: ['Row 2', 'Row 7']
2025-12-09 15:54:09,005 - dq_error_log - INFO - Retrieved 2 errors for session CMP_20251209_155408
2025-12-09 15:54:09,052 - dq_audit - INFO - Audit class initialized with database: dq_checks
2025-12-09 15:54:09,052 - dq_audit - INFO - Starting database insertion for comparison...
2025-12-09 15:54:09,075 - dq_audit - INFO - Inserted comparison record
2025-12-09 15:54:09,076 - dq_audit - INFO - comparison audit record successfully stored in database
2025-12-09 15:54:09,081 - dq_comparison - INFO - Comparison analysis completed successfully
2025-12-09 15:54:09,082 - __main__ - INFO - Source-Target Comparison completed successfully
2025-12-09 15:54:09,082 - __main__ - INFO - Displaying main menu options to user
2025-12-09 16:14:28,300 - __main__ - INFO - User selected option: 6
2025-12-09 16:14:28,301 - __main__ - INFO - User session ended. Duration: 0:20:57.677374
2025-12-09 16:14:28,301 - __main__ - INFO - 👋 Thank you for using Universal Data Quality Framework!
