2026-01-10 11:54:11,571 - root - INFO - CLI Mode Logging Initialized
2026-01-10 11:54:11,572 - root - INFO - CLI logs will be saved to: logs/dq_framework_20260110_115411.log
2026-01-10 11:54:11,572 - __main__ - INFO - 🚀 UNIVERSAL DATA QUALITY FRAMEWORK INITIALIZED
2026-01-10 11:54:11,573 - __main__ - INFO - Starting system resource check
2026-01-10 11:54:11,583 - __main__ - INFO - Total RAM: 15.7 GB
2026-01-10 11:54:11,583 - __main__ - INFO - Available RAM: 4.0 GB
2026-01-10 11:54:11,583 - __main__ - INFO - Memory used: 74.8%
2026-01-10 11:54:11,583 - __main__ - INFO - Memory status: OK
2026-01-10 11:54:11,585 - __main__ - INFO - Free disk space: 262.2 GB
2026-01-10 11:54:11,586 - __main__ - INFO - Disk used: 45.0%
2026-01-10 11:54:11,586 - __main__ - INFO - Disk space: OK
2026-01-10 11:54:12,087 - __main__ - INFO - CPU cores: 8
2026-01-10 11:54:12,087 - __main__ - INFO - CPU usage: 31.2%
2026-01-10 11:54:12,089 - __main__ - INFO - Python version: 3.12.4
2026-01-10 11:54:12,089 - __main__ - INFO - System platform: win32
2026-01-10 11:54:12,089 - __main__ - INFO - User session started at: 2026-01-10 11:54:12.089528
2026-01-10 11:54:12,089 - __main__ - INFO - Displaying main menu options to user
2026-01-10 11:54:22,235 - __main__ - INFO - User selected option: 3
2026-01-10 11:54:22,237 - __main__ - INFO - Starting Advanced Data Checks module
2026-01-10 11:54:22,244 - dq_advanced - INFO - Starting advanced data quality analysis
2026-01-10 11:54:22,252 - dq_advanced - INFO - LOADING DATA FOR ADVANCED CHECKS
2026-01-10 11:54:32,244 - dq_unified - INFO - Prompting user for data source type
2026-01-10 11:54:32,248 - dq_unified - INFO - UI Data source_type: No UI data
2026-01-10 11:54:42,763 - dq_unified - INFO - User selected source type: 3
2026-01-10 11:54:42,765 - dq_unified - INFO - Getting database configuration - Dual mode
2026-01-10 11:54:44,080 - dq_unified - INFO - User selected Browse and Select mode
2026-01-10 11:54:44,090 - database_navigator - INFO - DatabaseNavigator initialized
2026-01-10 11:54:44,091 - database_navigator - INFO - Starting database navigation...
2026-01-10 11:54:49,301 - database_navigator - INFO - Database type: mysql
2026-01-10 11:54:49,302 - database_navigator - INFO - Getting database configuration...
2026-01-10 11:54:51,695 - database_navigator - INFO - Connecting to MYSQL...
2026-01-10 11:54:51,969 - database_navigator - INFO - Successfully connected to MYSQL!
2026-01-10 11:54:51,978 - database_navigator - INFO - get_databases() called. db_type: mysql, connection exists: True
2026-01-10 11:54:51,987 - database_navigator - INFO - Found 13 databases
2026-01-10 11:54:57,474 - database_navigator - INFO - Selected database: dq_checks
2026-01-10 11:54:57,481 - database_navigator - INFO - Found 1 schemas
2026-01-10 11:54:58,779 - database_navigator - INFO - Selected schema: dq_checks
2026-01-10 11:54:58,790 - database_navigator - INFO - Found 6 tables in schema 'dq_checks'
2026-01-10 11:55:02,789 - database_navigator - INFO - Selected table: employee
2026-01-10 11:55:02,798 - database_navigator - INFO - Selection complete: {'type': 'mysql', 'database': 'dq_checks', 'schema': 'dq_checks', 'table': 'employee', 'selection_mode': 'hierarchical', 'host': 'localhost', 'port': '3306', 'user': 'root', 'password': 'root'}
2026-01-10 11:55:02,800 - dq_unified - INFO - Selected via navigation: dq_checks.dq_checks.employee
2026-01-10 11:55:02,803 - dq_unified - INFO - Loading data from DATABASE
2026-01-10 11:55:02,804 - dq_unified - INFO - Loading large database table: employee
2026-01-10 11:55:02,805 - dq_unified - INFO - Normalized DB config with schema: dq_checks
2026-01-10 11:55:02,955 - dq_unified - INFO - MySQL table employee has 89,999 rows
2026-01-10 11:55:02,955 - dq_unified - INFO - Loading 89,999 rows from MySQL...
2026-01-10 11:55:04,870 - dq_unified - INFO - Loaded 89,999 rows from MySQL
2026-01-10 11:55:05,429 - dq_unified - INFO - Memory optimization: 60.7MB -> 25.7MB (Saved: 35.0MB)
2026-01-10 11:55:05,430 - dq_unified - INFO - Standardizing data types...
2026-01-10 11:55:06,084 - dq_unified - INFO - Data type standardization complete
2026-01-10 11:55:06,153 - dq_unified - INFO - Loaded 89,999 rows, 12 columns. Memory: 191.0MB total, 18.9MB for dataframe
2026-01-10 11:55:06,155 - dq_advanced - INFO - Data loaded: 89,999 rows, 12 columns from Database: mysql - Table: employee
2026-01-10 11:55:06,159 - dq_error_log - INFO - ErrorLogger initialized with database: dq_checks
2026-01-10 11:55:06,180 - dq_error_log - INFO - Database connection successful
2026-01-10 11:55:17,393 - dq_advanced - INFO - Starting comprehensive validations on 89,999 rows, 12 columns
2026-01-10 11:55:17,396 - dq_advanced - INFO - Analyzing 12 columns...
2026-01-10 11:55:17,411 - dq_advanced - INFO - Analyzed column 'id': numeric with 2 patterns
2026-01-10 11:55:17,506 - dq_advanced - INFO - Analyzed column 'customer_id': text with 1 patterns
2026-01-10 11:55:17,604 - dq_advanced - INFO - Analyzed column 'transaction_id': text with 1 patterns
2026-01-10 11:55:17,661 - dq_advanced - INFO - Analyzed column 'customer_name': text with 0 patterns
2026-01-10 11:55:17,728 - dq_advanced - INFO - Analyzed column 'email': text with 1 patterns
2026-01-10 11:55:17,827 - dq_advanced - INFO - Analyzed column 'phone': text with 2 patterns
2026-01-10 11:55:17,901 - dq_advanced - INFO - Analyzed column 'transaction_date': text with 0 patterns
2026-01-10 11:55:17,923 - dq_advanced - INFO - Analyzed column 'amount': numeric with 0 patterns
2026-01-10 11:55:17,932 - dq_advanced - INFO - Analyzed column 'quantity': numeric with 1 patterns
2026-01-10 11:55:17,939 - dq_advanced - INFO - Analyzed column 'age': numeric with 2 patterns
2026-01-10 11:55:17,983 - dq_advanced - INFO - Analyzed column 'status': text with 0 patterns
2026-01-10 11:55:18,050 - dq_advanced - INFO - Analyzed column 'description': text with 0 patterns
2026-01-10 11:55:18,176 - dq_advanced - INFO -   ✓ currency: 0 errors (0.124s)
2026-01-10 11:55:18,304 - dq_advanced - INFO -   ✓ data_type: 0 errors (0.126s)
2026-01-10 11:55:18,431 - dq_advanced - INFO -   ✓ format: 8 errors (0.126s)
2026-01-10 11:55:18,502 - dq_advanced - INFO -   ✓ zero_padding: 0 errors (0.069s)
2026-01-10 11:55:18,626 - dq_advanced - INFO -   ✓ numeric: 0 errors (0.124s)
2026-01-10 11:55:18,675 - dq_advanced - INFO -   ✓ length: 0 errors (0.048s)
2026-01-10 11:55:18,721 - dq_advanced - INFO -   ✓ whitespace: 1 errors (0.046s)
2026-01-10 11:55:18,766 - dq_advanced - INFO -   ✓ data_type: 0 errors (0.045s)
2026-01-10 11:55:18,812 - dq_advanced - INFO -   ✓ length: 0 errors (0.045s)
2026-01-10 11:55:18,860 - dq_advanced - INFO -   ✓ whitespace: 0 errors (0.048s)
2026-01-10 11:55:18,903 - dq_advanced - INFO -   ✓ data_type: 0 errors (0.043s)
2026-01-10 11:55:18,937 - dq_advanced - INFO -   ✓ length: 0 errors (0.034s)
2026-01-10 11:55:18,979 - dq_advanced - INFO -   ✓ whitespace: 857 errors (0.042s)
2026-01-10 11:55:19,010 - dq_advanced - INFO -   ✓ data_type: 0 errors (0.032s)
2026-01-10 11:55:19,045 - dq_advanced - INFO -   ✓ length: 0 errors (0.035s)
2026-01-10 11:55:19,075 - dq_advanced - INFO -   ✓ whitespace: 1 errors (0.030s)
2026-01-10 11:55:19,109 - dq_advanced - INFO -   ✓ data_type: 0 errors (0.033s)
2026-01-10 11:55:19,223 - dq_advanced - INFO -   ✓ format: 728 errors (0.114s)
2026-01-10 11:55:19,267 - dq_advanced - INFO -   ✓ length: 0 errors (0.044s)
2026-01-10 11:55:19,314 - dq_advanced - INFO -   ✓ whitespace: 0 errors (0.047s)
2026-01-10 11:55:19,353 - dq_advanced - INFO -   ✓ data_type: 0 errors (0.039s)
2026-01-10 11:55:19,558 - dq_advanced - INFO -   ✓ format: 53340 errors (0.203s)
2026-01-10 11:55:19,594 - dq_advanced - INFO -   ✓ length: 0 errors (0.033s)
2026-01-10 11:55:19,628 - dq_advanced - INFO -   ✓ whitespace: 0 errors (0.034s)
2026-01-10 11:55:19,668 - dq_advanced - INFO -   ✓ data_type: 0 errors (0.039s)
2026-01-10 11:55:19,805 - dq_advanced - INFO -   ✓ numeric: 0 errors (0.138s)
2026-01-10 11:55:19,942 - dq_advanced - INFO -   ✓ currency: 0 errors (0.137s)
2026-01-10 11:55:20,085 - dq_advanced - INFO -   ✓ data_type: 0 errors (0.142s)
2026-01-10 11:55:20,184 - dq_advanced - INFO -   ✓ zero_padding: 0 errors (0.098s)
2026-01-10 11:55:20,295 - dq_advanced - INFO -   ✓ currency: 0 errors (0.109s)
2026-01-10 11:55:20,400 - dq_advanced - INFO -   ✓ data_type: 0 errors (0.104s)
2026-01-10 11:55:20,551 - dq_advanced - INFO -   ✓ format: 8373 errors (0.151s)
2026-01-10 11:55:20,623 - dq_advanced - INFO -   ✓ zero_padding: 0 errors (0.070s)
2026-01-10 11:55:20,746 - dq_advanced - INFO -   ✓ numeric: 0 errors (0.122s)
2026-01-10 11:55:20,862 - dq_advanced - INFO -   ✓ currency: 0 errors (0.116s)
2026-01-10 11:55:20,967 - dq_advanced - INFO -   ✓ data_type: 0 errors (0.104s)
2026-01-10 11:55:21,089 - dq_advanced - INFO -   ✓ format: 182 errors (0.123s)
2026-01-10 11:55:21,170 - dq_advanced - INFO -   ✓ zero_padding: 0 errors (0.080s)
2026-01-10 11:55:21,294 - dq_advanced - INFO -   ✓ numeric: 0 errors (0.124s)
2026-01-10 11:55:21,336 - dq_advanced - INFO -   ✓ length: 0 errors (0.041s)
2026-01-10 11:55:21,368 - dq_advanced - INFO -   ✓ whitespace: 0 errors (0.032s)
2026-01-10 11:55:21,399 - dq_advanced - INFO -   ✓ data_type: 0 errors (0.030s)
2026-01-10 11:55:21,439 - dq_advanced - INFO -   ✓ length: 0 errors (0.041s)
2026-01-10 11:55:21,479 - dq_advanced - INFO -   ✓ whitespace: 5767 errors (0.040s)
2026-01-10 11:55:21,511 - dq_advanced - INFO -   ✓ data_type: 0 errors (0.032s)
2026-01-10 11:55:21,523 - dq_error_log - INFO - Starting batch logging for 69257 errors, session: ADV_20260110_115517
2026-01-10 11:55:21,597 - dq_error_log - INFO - Batch 1: Successfully logged 500 errors
2026-01-10 11:55:21,670 - dq_error_log - INFO - Batch 2: Successfully logged 500 errors
2026-01-10 11:55:21,744 - dq_error_log - INFO - Batch 3: Successfully logged 500 errors
2026-01-10 11:55:21,812 - dq_error_log - INFO - Batch 4: Successfully logged 500 errors
2026-01-10 11:55:21,879 - dq_error_log - INFO - Batch 5: Successfully logged 500 errors
2026-01-10 11:55:22,006 - dq_error_log - INFO - Batch 6: Successfully logged 500 errors
2026-01-10 11:55:22,087 - dq_error_log - INFO - Batch 7: Successfully logged 500 errors
2026-01-10 11:55:22,156 - dq_error_log - INFO - Batch 8: Successfully logged 500 errors
2026-01-10 11:55:22,227 - dq_error_log - INFO - Batch 9: Successfully logged 500 errors
2026-01-10 11:55:22,289 - dq_error_log - INFO - Batch 10: Successfully logged 500 errors
2026-01-10 11:55:22,290 - dq_error_log - INFO - Progress: 5000/69257 errors processed
2026-01-10 11:55:22,353 - dq_error_log - INFO - Batch 11: Successfully logged 500 errors
2026-01-10 11:55:22,423 - dq_error_log - INFO - Batch 12: Successfully logged 500 errors
2026-01-10 11:55:22,486 - dq_error_log - INFO - Batch 13: Successfully logged 500 errors
2026-01-10 11:55:22,557 - dq_error_log - INFO - Batch 14: Successfully logged 500 errors
2026-01-10 11:55:22,625 - dq_error_log - INFO - Batch 15: Successfully logged 500 errors
2026-01-10 11:55:22,685 - dq_error_log - INFO - Batch 16: Successfully logged 500 errors
2026-01-10 11:55:22,749 - dq_error_log - INFO - Batch 17: Successfully logged 500 errors
2026-01-10 11:55:22,813 - dq_error_log - INFO - Batch 18: Successfully logged 500 errors
2026-01-10 11:55:22,883 - dq_error_log - INFO - Batch 19: Successfully logged 500 errors
2026-01-10 11:55:22,949 - dq_error_log - INFO - Batch 20: Successfully logged 500 errors
2026-01-10 11:55:22,950 - dq_error_log - INFO - Progress: 10000/69257 errors processed
2026-01-10 11:55:23,019 - dq_error_log - INFO - Batch 21: Successfully logged 500 errors
2026-01-10 11:55:23,089 - dq_error_log - INFO - Batch 22: Successfully logged 500 errors
2026-01-10 11:55:23,250 - dq_error_log - INFO - Batch 23: Successfully logged 500 errors
2026-01-10 11:55:23,318 - dq_error_log - INFO - Batch 24: Successfully logged 500 errors
2026-01-10 11:55:23,381 - dq_error_log - INFO - Batch 25: Successfully logged 500 errors
2026-01-10 11:55:23,453 - dq_error_log - INFO - Batch 26: Successfully logged 500 errors
2026-01-10 11:55:23,526 - dq_error_log - INFO - Batch 27: Successfully logged 500 errors
2026-01-10 11:55:23,597 - dq_error_log - INFO - Batch 28: Successfully logged 500 errors
2026-01-10 11:55:23,668 - dq_error_log - INFO - Batch 29: Successfully logged 500 errors
2026-01-10 11:55:23,742 - dq_error_log - INFO - Batch 30: Successfully logged 500 errors
2026-01-10 11:55:23,742 - dq_error_log - INFO - Progress: 15000/69257 errors processed
2026-01-10 11:55:23,810 - dq_error_log - INFO - Batch 31: Successfully logged 500 errors
2026-01-10 11:55:23,877 - dq_error_log - INFO - Batch 32: Successfully logged 500 errors
2026-01-10 11:55:23,946 - dq_error_log - INFO - Batch 33: Successfully logged 500 errors
2026-01-10 11:55:24,013 - dq_error_log - INFO - Batch 34: Successfully logged 500 errors
2026-01-10 11:55:24,084 - dq_error_log - INFO - Batch 35: Successfully logged 500 errors
2026-01-10 11:55:24,154 - dq_error_log - INFO - Batch 36: Successfully logged 500 errors
2026-01-10 11:55:24,234 - dq_error_log - INFO - Batch 37: Successfully logged 500 errors
2026-01-10 11:55:24,302 - dq_error_log - INFO - Batch 38: Successfully logged 500 errors
2026-01-10 11:55:24,367 - dq_error_log - INFO - Batch 39: Successfully logged 500 errors
2026-01-10 11:55:24,434 - dq_error_log - INFO - Batch 40: Successfully logged 500 errors
2026-01-10 11:55:24,435 - dq_error_log - INFO - Progress: 20000/69257 errors processed
2026-01-10 11:55:24,544 - dq_error_log - INFO - Batch 41: Successfully logged 500 errors
2026-01-10 11:55:24,603 - dq_error_log - INFO - Batch 42: Successfully logged 500 errors
2026-01-10 11:55:24,674 - dq_error_log - INFO - Batch 43: Successfully logged 500 errors
2026-01-10 11:55:24,744 - dq_error_log - INFO - Batch 44: Successfully logged 500 errors
2026-01-10 11:55:24,820 - dq_error_log - INFO - Batch 45: Successfully logged 500 errors
2026-01-10 11:55:24,891 - dq_error_log - INFO - Batch 46: Successfully logged 500 errors
2026-01-10 11:55:24,957 - dq_error_log - INFO - Batch 47: Successfully logged 500 errors
2026-01-10 11:55:25,024 - dq_error_log - INFO - Batch 48: Successfully logged 500 errors
2026-01-10 11:55:25,095 - dq_error_log - INFO - Batch 49: Successfully logged 500 errors
2026-01-10 11:55:25,164 - dq_error_log - INFO - Batch 50: Successfully logged 500 errors
2026-01-10 11:55:25,165 - dq_error_log - INFO - Progress: 25000/69257 errors processed
2026-01-10 11:55:25,238 - dq_error_log - INFO - Batch 51: Successfully logged 500 errors
2026-01-10 11:55:25,306 - dq_error_log - INFO - Batch 52: Successfully logged 500 errors
2026-01-10 11:55:25,375 - dq_error_log - INFO - Batch 53: Successfully logged 500 errors
2026-01-10 11:55:25,445 - dq_error_log - INFO - Batch 54: Successfully logged 500 errors
2026-01-10 11:55:25,512 - dq_error_log - INFO - Batch 55: Successfully logged 500 errors
2026-01-10 11:55:25,580 - dq_error_log - INFO - Batch 56: Successfully logged 500 errors
2026-01-10 11:55:25,640 - dq_error_log - INFO - Batch 57: Successfully logged 500 errors
2026-01-10 11:55:25,707 - dq_error_log - INFO - Batch 58: Successfully logged 500 errors
2026-01-10 11:55:25,817 - dq_error_log - INFO - Batch 59: Successfully logged 500 errors
2026-01-10 11:55:25,879 - dq_error_log - INFO - Batch 60: Successfully logged 500 errors
2026-01-10 11:55:25,880 - dq_error_log - INFO - Progress: 30000/69257 errors processed
2026-01-10 11:55:25,945 - dq_error_log - INFO - Batch 61: Successfully logged 500 errors
2026-01-10 11:55:26,008 - dq_error_log - INFO - Batch 62: Successfully logged 500 errors
2026-01-10 11:55:26,069 - dq_error_log - INFO - Batch 63: Successfully logged 500 errors
2026-01-10 11:55:26,139 - dq_error_log - INFO - Batch 64: Successfully logged 500 errors
2026-01-10 11:55:26,202 - dq_error_log - INFO - Batch 65: Successfully logged 500 errors
2026-01-10 11:55:26,266 - dq_error_log - INFO - Batch 66: Successfully logged 500 errors
2026-01-10 11:55:26,326 - dq_error_log - INFO - Batch 67: Successfully logged 500 errors
2026-01-10 11:55:26,390 - dq_error_log - INFO - Batch 68: Successfully logged 500 errors
2026-01-10 11:55:26,456 - dq_error_log - INFO - Batch 69: Successfully logged 500 errors
2026-01-10 11:55:26,524 - dq_error_log - INFO - Batch 70: Successfully logged 500 errors
2026-01-10 11:55:26,525 - dq_error_log - INFO - Progress: 35000/69257 errors processed
2026-01-10 11:55:26,589 - dq_error_log - INFO - Batch 71: Successfully logged 500 errors
2026-01-10 11:55:26,653 - dq_error_log - INFO - Batch 72: Successfully logged 500 errors
2026-01-10 11:55:26,719 - dq_error_log - INFO - Batch 73: Successfully logged 500 errors
2026-01-10 11:55:26,789 - dq_error_log - INFO - Batch 74: Successfully logged 500 errors
2026-01-10 11:55:26,859 - dq_error_log - INFO - Batch 75: Successfully logged 500 errors
2026-01-10 11:55:27,018 - dq_error_log - INFO - Batch 76: Successfully logged 500 errors
2026-01-10 11:55:27,088 - dq_error_log - INFO - Batch 77: Successfully logged 500 errors
2026-01-10 11:55:27,162 - dq_error_log - INFO - Batch 78: Successfully logged 500 errors
2026-01-10 11:55:27,232 - dq_error_log - INFO - Batch 79: Successfully logged 500 errors
2026-01-10 11:55:27,300 - dq_error_log - INFO - Batch 80: Successfully logged 500 errors
2026-01-10 11:55:27,301 - dq_error_log - INFO - Progress: 40000/69257 errors processed
2026-01-10 11:55:27,375 - dq_error_log - INFO - Batch 81: Successfully logged 500 errors
2026-01-10 11:55:27,439 - dq_error_log - INFO - Batch 82: Successfully logged 500 errors
2026-01-10 11:55:27,511 - dq_error_log - INFO - Batch 83: Successfully logged 500 errors
2026-01-10 11:55:27,576 - dq_error_log - INFO - Batch 84: Successfully logged 500 errors
2026-01-10 11:55:27,642 - dq_error_log - INFO - Batch 85: Successfully logged 500 errors
2026-01-10 11:55:27,698 - dq_error_log - INFO - Batch 86: Successfully logged 500 errors
2026-01-10 11:55:27,762 - dq_error_log - INFO - Batch 87: Successfully logged 500 errors
2026-01-10 11:55:27,828 - dq_error_log - INFO - Batch 88: Successfully logged 500 errors
2026-01-10 11:55:27,899 - dq_error_log - INFO - Batch 89: Successfully logged 500 errors
2026-01-10 11:55:27,967 - dq_error_log - INFO - Batch 90: Successfully logged 500 errors
2026-01-10 11:55:27,968 - dq_error_log - INFO - Progress: 45000/69257 errors processed
2026-01-10 11:55:28,039 - dq_error_log - INFO - Batch 91: Successfully logged 500 errors
2026-01-10 11:55:28,102 - dq_error_log - INFO - Batch 92: Successfully logged 500 errors
2026-01-10 11:55:28,171 - dq_error_log - INFO - Batch 93: Successfully logged 500 errors
2026-01-10 11:55:28,300 - dq_error_log - INFO - Batch 94: Successfully logged 500 errors
2026-01-10 11:55:28,367 - dq_error_log - INFO - Batch 95: Successfully logged 500 errors
2026-01-10 11:55:28,432 - dq_error_log - INFO - Batch 96: Successfully logged 500 errors
2026-01-10 11:55:28,504 - dq_error_log - INFO - Batch 97: Successfully logged 500 errors
2026-01-10 11:55:28,567 - dq_error_log - INFO - Batch 98: Successfully logged 500 errors
2026-01-10 11:55:28,630 - dq_error_log - INFO - Batch 99: Successfully logged 500 errors
2026-01-10 11:55:28,691 - dq_error_log - INFO - Batch 100: Successfully logged 500 errors
2026-01-10 11:55:28,692 - dq_error_log - INFO - Progress: 50000/69257 errors processed
2026-01-10 11:55:28,761 - dq_error_log - INFO - Batch 101: Successfully logged 500 errors
2026-01-10 11:55:28,833 - dq_error_log - INFO - Batch 102: Successfully logged 500 errors
2026-01-10 11:55:28,912 - dq_error_log - INFO - Batch 103: Successfully logged 500 errors
2026-01-10 11:55:28,984 - dq_error_log - INFO - Batch 104: Successfully logged 500 errors
2026-01-10 11:55:29,056 - dq_error_log - INFO - Batch 105: Successfully logged 500 errors
2026-01-10 11:55:29,124 - dq_error_log - INFO - Batch 106: Successfully logged 500 errors
2026-01-10 11:55:29,196 - dq_error_log - INFO - Batch 107: Successfully logged 500 errors
2026-01-10 11:55:29,260 - dq_error_log - INFO - Batch 108: Successfully logged 500 errors
2026-01-10 11:55:29,322 - dq_error_log - INFO - Batch 109: Successfully logged 500 errors
2026-01-10 11:55:29,387 - dq_error_log - INFO - Batch 110: Successfully logged 500 errors
2026-01-10 11:55:29,388 - dq_error_log - INFO - Progress: 55000/69257 errors processed
2026-01-10 11:55:29,459 - dq_error_log - INFO - Batch 111: Successfully logged 500 errors
2026-01-10 11:55:29,575 - dq_error_log - INFO - Batch 112: Successfully logged 500 errors
2026-01-10 11:55:29,644 - dq_error_log - INFO - Batch 113: Successfully logged 500 errors
2026-01-10 11:55:29,711 - dq_error_log - INFO - Batch 114: Successfully logged 500 errors
2026-01-10 11:55:29,766 - dq_error_log - INFO - Batch 115: Successfully logged 500 errors
2026-01-10 11:55:29,826 - dq_error_log - INFO - Batch 116: Successfully logged 500 errors
2026-01-10 11:55:29,889 - dq_error_log - INFO - Batch 117: Successfully logged 500 errors
2026-01-10 11:55:29,956 - dq_error_log - INFO - Batch 118: Successfully logged 500 errors
2026-01-10 11:55:30,018 - dq_error_log - INFO - Batch 119: Successfully logged 500 errors
2026-01-10 11:55:30,087 - dq_error_log - INFO - Batch 120: Successfully logged 500 errors
2026-01-10 11:55:30,088 - dq_error_log - INFO - Progress: 60000/69257 errors processed
2026-01-10 11:55:30,160 - dq_error_log - INFO - Batch 121: Successfully logged 500 errors
2026-01-10 11:55:30,231 - dq_error_log - INFO - Batch 122: Successfully logged 500 errors
2026-01-10 11:55:30,300 - dq_error_log - INFO - Batch 123: Successfully logged 500 errors
2026-01-10 11:55:30,362 - dq_error_log - INFO - Batch 124: Successfully logged 500 errors
2026-01-10 11:55:30,434 - dq_error_log - INFO - Batch 125: Successfully logged 500 errors
2026-01-10 11:55:30,508 - dq_error_log - INFO - Batch 126: Successfully logged 500 errors
2026-01-10 11:55:30,567 - dq_error_log - INFO - Batch 127: Successfully logged 500 errors
2026-01-10 11:55:30,634 - dq_error_log - INFO - Batch 128: Successfully logged 500 errors
2026-01-10 11:55:30,708 - dq_error_log - INFO - Batch 129: Successfully logged 500 errors
2026-01-10 11:55:30,868 - dq_error_log - INFO - Batch 130: Successfully logged 500 errors
2026-01-10 11:55:30,869 - dq_error_log - INFO - Progress: 65000/69257 errors processed
2026-01-10 11:55:30,950 - dq_error_log - INFO - Batch 131: Successfully logged 500 errors
2026-01-10 11:55:31,025 - dq_error_log - INFO - Batch 132: Successfully logged 500 errors
2026-01-10 11:55:31,093 - dq_error_log - INFO - Batch 133: Successfully logged 500 errors
2026-01-10 11:55:31,161 - dq_error_log - INFO - Batch 134: Successfully logged 500 errors
2026-01-10 11:55:31,227 - dq_error_log - INFO - Batch 135: Successfully logged 500 errors
2026-01-10 11:55:31,297 - dq_error_log - INFO - Batch 136: Successfully logged 500 errors
2026-01-10 11:55:31,365 - dq_error_log - INFO - Batch 137: Successfully logged 500 errors
2026-01-10 11:55:31,429 - dq_error_log - INFO - Batch 138: Successfully logged 500 errors
2026-01-10 11:55:31,480 - dq_error_log - INFO - Batch 139: Successfully logged 257 errors
2026-01-10 11:55:31,481 - dq_error_log - INFO - Progress: 69257/69257 errors processed
2026-01-10 11:55:31,482 - dq_error_log - INFO - COMPLETE: Logged 69257/69257 errors for session ADV_20260110_115517
2026-01-10 11:55:31,561 - dq_audit - INFO - Audit class initialized with database: dq_checks
2026-01-10 11:55:31,561 - dq_audit - INFO - Starting database insertion for advanced...
2026-01-10 11:55:31,584 - dq_audit - INFO - Inserted advanced record with ID: 604
2026-01-10 11:55:31,585 - dq_advanced - INFO - Audit record logged with ID: 604
2026-01-10 11:55:31,613 - __main__ - INFO - Advanced Data Checks completed successfully
2026-01-10 11:55:31,614 - __main__ - INFO - Displaying main menu options to user
2026-01-10 12:08:56,113 - __main__ - INFO - User selected option: 6
2026-01-10 12:08:56,114 - __main__ - INFO - User session ended. Duration: 0:14:44.025339
2026-01-10 12:08:56,116 - __main__ - INFO - 👋 Thank you for using Universal Data Quality Framework!
