2026-01-10 15:00:13,884 - root - INFO - CLI Mode Logging Initialized
2026-01-10 15:00:13,884 - root - INFO - CLI logs will be saved to: logs/dq_framework_20260110_150013.log
2026-01-10 15:00:13,884 - __main__ - INFO - 🚀 UNIVERSAL DATA QUALITY FRAMEWORK INITIALIZED
2026-01-10 15:00:13,885 - __main__ - INFO - Starting system resource check
2026-01-10 15:00:13,891 - __main__ - INFO - Total RAM: 15.7 GB
2026-01-10 15:00:13,891 - __main__ - INFO - Available RAM: 4.1 GB
2026-01-10 15:00:13,891 - __main__ - INFO - Memory used: 74.0%
2026-01-10 15:00:13,892 - __main__ - INFO - Memory status: OK
2026-01-10 15:00:13,892 - __main__ - INFO - Free disk space: 262.1 GB
2026-01-10 15:00:13,893 - __main__ - INFO - Disk used: 45.0%
2026-01-10 15:00:13,893 - __main__ - INFO - Disk space: OK
2026-01-10 15:00:14,394 - __main__ - INFO - CPU cores: 8
2026-01-10 15:00:14,394 - __main__ - INFO - CPU usage: 42.6%
2026-01-10 15:00:14,395 - __main__ - INFO - Python version: 3.12.4
2026-01-10 15:00:14,395 - __main__ - INFO - System platform: win32
2026-01-10 15:00:14,395 - __main__ - INFO - User session started at: 2026-01-10 15:00:14.395188
2026-01-10 15:00:14,395 - __main__ - INFO - Displaying main menu options to user
2026-01-10 15:00:19,810 - __main__ - INFO - User selected option: 4
2026-01-10 15:00:19,812 - __main__ - INFO - Starting Business Rules Engine module
2026-01-10 15:00:19,818 - dq_rules - INFO - STARTING BUSINESS RULES VALIDATION (Legacy Mode)
2026-01-10 15:00:19,823 - dq_rules - INFO - LOADING DATA FOR BUSINESS RULES
2026-01-10 15:00:19,823 - dq_rules - INFO - === DEBUG load_data_for_rules ===
2026-01-10 15:00:19,824 - dq_rules - INFO - UI data type: <class 'NoneType'>
2026-01-10 15:00:19,825 - dq_rules - INFO - ===============================
2026-01-10 15:00:19,826 - dq_rules - INFO - Prompting user for data source type for rules
2026-01-10 15:00:38,277 - dq_rules - INFO - User selected source type: 3
2026-01-10 15:00:38,279 - dq_rules - INFO - Getting database configuration for rules - with navigator support
2026-01-10 15:00:44,331 - dq_rules - INFO - User selected Browse and Select mode
2026-01-10 15:00:44,340 - database_navigator - INFO - DatabaseNavigator initialized
2026-01-10 15:00:44,341 - database_navigator - INFO - Starting database navigation...
2026-01-10 15:00:47,904 - database_navigator - INFO - Database type: postgres
2026-01-10 15:00:47,906 - database_navigator - INFO - Getting database configuration...
2026-01-10 15:00:50,494 - database_navigator - INFO - Connecting to POSTGRES...
2026-01-10 15:00:50,496 - database_navigator - INFO - Connecting to PostgreSQL...
2026-01-10 15:00:50,499 - database_navigator - INFO - Connecting to PostgreSQL: host=localhost, port=5432, database=postgres, user=postgres
2026-01-10 15:00:50,690 - database_navigator - INFO - Connection object created: <connection object at 0x0000026697292350; dsn: 'user=postgres password=xxx dbname=postgres host=localhost port=5432', closed: 0>
2026-01-10 15:00:50,692 - database_navigator - INFO - ✅ PostgreSQL connection successful to database: postgres
2026-01-10 15:00:50,698 - database_navigator - INFO - get_databases() called. db_type: postgres, connection exists: True
2026-01-10 15:00:50,733 - database_navigator - INFO - Raw rows: [('dq_checks',), ('finewise-testdb',), ('postgres',)]
2026-01-10 15:00:50,734 - database_navigator - INFO - Found 3 databases
2026-01-10 15:00:52,172 - database_navigator - INFO - Selected database: dq_checks
2026-01-10 15:00:52,174 - database_navigator - INFO - Reconnecting to PostgreSQL database: dq_checks
2026-01-10 15:00:52,174 - database_navigator - INFO - Connecting to POSTGRES...
2026-01-10 15:00:52,178 - database_navigator - INFO - Connecting to PostgreSQL...
2026-01-10 15:00:52,179 - database_navigator - INFO - Connecting to PostgreSQL: host=localhost, port=5432, database=dq_checks, user=postgres
2026-01-10 15:00:52,369 - database_navigator - INFO - Connection object created: <connection object at 0x0000026697292460; dsn: 'user=postgres password=xxx dbname=dq_checks host=localhost port=5432', closed: 0>
2026-01-10 15:00:52,371 - database_navigator - INFO - ✅ PostgreSQL connection successful to database: dq_checks
2026-01-10 15:00:52,451 - database_navigator - INFO - Found 4 schemas
2026-01-10 15:00:54,949 - database_navigator - INFO - Selected schema: public
2026-01-10 15:00:54,953 - database_navigator - INFO - Ensuring connection to database: dq_checks for table list
2026-01-10 15:00:54,954 - database_navigator - INFO - Reconnecting to PostgreSQL database: dq_checks
2026-01-10 15:00:54,955 - database_navigator - INFO - Connecting to POSTGRES...
2026-01-10 15:00:54,955 - database_navigator - INFO - Connecting to PostgreSQL...
2026-01-10 15:00:54,956 - database_navigator - INFO - Connecting to PostgreSQL: host=localhost, port=5432, database=dq_checks, user=postgres
2026-01-10 15:00:55,118 - database_navigator - INFO - Connection object created: <connection object at 0x0000026697292570; dsn: 'user=postgres password=xxx dbname=dq_checks host=localhost port=5432', closed: 0>
2026-01-10 15:00:55,119 - database_navigator - INFO - ✅ PostgreSQL connection successful to database: dq_checks
2026-01-10 15:00:55,122 - database_navigator - INFO - Connected to database: dq_checks, schema: public
2026-01-10 15:00:55,217 - database_navigator - INFO - Found 2 tables in dq_checks.public: ['customers', 'employee']
2026-01-10 15:00:55,217 - database_navigator - INFO - Found 2 tables in schema 'public'
2026-01-10 15:00:57,023 - database_navigator - INFO - Selected table: customers
2026-01-10 15:00:57,031 - database_navigator - INFO - Selection complete: {'type': 'postgresql', 'database': 'dq_checks', 'schema': 'public', 'table': 'customers', 'selection_mode': 'hierarchical', 'host': 'localhost', 'port': '5432', 'user': 'postgres', 'password': 'postgres'}
2026-01-10 15:00:57,032 - dq_rules - INFO - Selected via navigation: dq_checks.public.customers
2026-01-10 15:00:57,032 - dq_rules - INFO - Source type: database, Source config: {'type': 'postgresql', 'host': 'localhost', 'port': '5432', 'database': 'dq_checks', 'schema': 'public', 'table': 'customers', 'user': 'postgres', 'password': 'postgres', 'selection_mode': 'hierarchical'}
2026-01-10 15:00:57,033 - dq_unified - INFO - Loading data from DATABASE
2026-01-10 15:00:57,034 - dq_unified - INFO - Loading large database table: customers
2026-01-10 15:00:57,034 - dq_unified - INFO - Normalized DB config with schema: public
2026-01-10 15:00:57,229 - dq_unified - INFO - PostgreSQL table public.customers has 15 rows
2026-01-10 15:00:57,230 - dq_unified - INFO - Loading 15 rows from PostgreSQL...
2026-01-10 15:00:58,885 - dq_unified - INFO - Loaded 15 rows from PostgreSQL
2026-01-10 15:00:58,900 - dq_unified - INFO - Memory optimization: 0.0MB -> 0.0MB (Saved: 0.0MB)
2026-01-10 15:00:58,900 - dq_unified - INFO - Standardizing data types...
2026-01-10 15:00:58,905 - dq_unified - INFO - Data type standardization complete
2026-01-10 15:00:58,907 - dq_unified - INFO - Loaded 15 rows, 10 columns. Memory: 106.4MB total, 0.0MB for dataframe
2026-01-10 15:00:58,907 - dq_rules - INFO - Loaded data: 15 rows, 10 columns
2026-01-10 15:01:12,351 - dq_rules - INFO - STARTING ENHANCED BUSINESS RULES VALIDATION
2026-01-10 15:01:22,889 - dq_rules - INFO - LOADING DATA FOR BUSINESS RULES
2026-01-10 15:01:22,890 - dq_rules - INFO - === DEBUG load_data_for_rules ===
2026-01-10 15:01:22,892 - dq_rules - INFO - UI data type: <class 'NoneType'>
2026-01-10 15:01:22,893 - dq_rules - INFO - ===============================
2026-01-10 15:01:22,894 - dq_rules - INFO - Prompting user for data source type for rules
2026-01-10 15:02:39,306 - dq_rules - INFO - User selected source type: 1
2026-01-10 15:03:22,458 - dq_rules - INFO - Source type: csv, Source config: C:/Users/003160/OneDrive - wisseninfotech.com/Documents/DQ-Checks-Shashi/Test_data/sample_data.csv
2026-01-10 15:03:22,458 - dq_unified - INFO - Loading data from CSV
2026-01-10 15:03:22,459 - dq_unified - INFO - Loading large CSV: C:/Users/003160/OneDrive - wisseninfotech.com/Documents/DQ-Checks-Shashi/Test_data/sample_data.csv
2026-01-10 15:03:22,465 - dq_unified - INFO - CSV file has 15 rows
2026-01-10 15:03:22,465 - dq_unified - INFO - Loading 15 rows from CSV...
2026-01-10 15:03:22,473 - dq_unified - INFO - Loaded 15 rows from CSV
2026-01-10 15:03:22,479 - dq_unified - INFO - Memory optimization: 0.0MB -> 0.0MB (Saved: 0.0MB)
2026-01-10 15:03:22,480 - dq_unified - INFO - Standardizing data types...
2026-01-10 15:03:22,483 - dq_unified - INFO - Data type standardization complete
2026-01-10 15:03:22,484 - dq_unified - INFO - Loaded 15 rows, 10 columns. Memory: 106.8MB total, 0.0MB for dataframe
2026-01-10 15:03:22,484 - dq_rules - INFO - Loaded data: 15 rows, 10 columns
2026-01-10 15:03:22,486 - dq_rules - INFO - RUNNING METADATA-DRIVEN RULE ENGINE
2026-01-10 15:03:22,486 - dq_error_log - INFO - ErrorLogger initialized with database: dq_checks
2026-01-10 15:03:22,487 - dq_rules - INFO - RuleEngine initialized with session: RULES_20260110_150322
2026-01-10 15:03:22,488 - dq_rules - INFO - Executing rules on dataset: 15 records, 10 columns
2026-01-10 15:03:22,655 - dq_rules - INFO - Connected to database: dq_checks
2026-01-10 15:03:22,687 - dq_rules - ERROR - Error loading rules from database: 1146 (42S02): Table 'dq_checks.dq_rules' doesn't exist
2026-01-10 15:03:22,688 - dq_rules - INFO - Database connection closed
2026-01-10 15:03:22,688 - dq_rules - INFO - Detected 0 applicable rules for dataset with 10 columns
2026-01-10 15:03:22,689 - dq_rules - WARNING - No applicable rules found for this dataset
2026-01-10 15:03:22,713 - dq_error_log - INFO - ErrorLogger initialized with database: dq_checks
2026-01-10 15:03:22,720 - dq_audit - INFO - Audit class initialized with database: dq_checks
2026-01-10 15:03:22,720 - dq_audit - INFO - Starting database insertion for rules_engine...
2026-01-10 15:03:22,767 - dq_audit - INFO - Inserted rules_engine record with ID: 610
2026-01-10 15:03:22,767 - dq_rules - INFO - STARTING BUSINESS RULES VALIDATION (Legacy Mode)
2026-01-10 15:03:22,776 - dq_rules - INFO - LOADING DATA FOR BUSINESS RULES
2026-01-10 15:03:22,777 - dq_rules - INFO - === DEBUG load_data_for_rules ===
2026-01-10 15:03:22,778 - dq_rules - INFO - UI data type: <class 'NoneType'>
2026-01-10 15:03:22,778 - dq_rules - INFO - ===============================
2026-01-10 15:03:22,779 - dq_rules - INFO - Prompting user for data source type for rules
2026-01-10 15:05:25,360 - __main__ - INFO - Business Rules Engine completed successfully
2026-01-10 15:05:25,360 - __main__ - INFO - Displaying main menu options to user
2026-01-10 15:05:26,734 - __main__ - INFO - User selected option: 6
2026-01-10 15:05:26,736 - __main__ - INFO - User session ended. Duration: 0:05:12.341161
2026-01-10 15:05:26,738 - __main__ - INFO - 👋 Thank you for using Universal Data Quality Framework!
