2025-12-27 21:49:01,969 - root - INFO - CLI Mode Logging Initialized
2025-12-27 21:49:01,969 - root - INFO - CLI logs will be saved to: logs/dq_framework_20251227_214901.log
2025-12-27 21:49:01,969 - __main__ - INFO - 🚀 UNIVERSAL DATA QUALITY FRAMEWORK INITIALIZED
2025-12-27 21:49:01,971 - __main__ - INFO - Starting system resource check
2025-12-27 21:49:01,976 - __main__ - INFO - Total RAM: 15.7 GB
2025-12-27 21:49:01,976 - __main__ - INFO - Available RAM: 3.1 GB
2025-12-27 21:49:01,976 - __main__ - INFO - Memory used: 80.1%
2025-12-27 21:49:01,976 - __main__ - INFO - Memory status: OK
2025-12-27 21:49:01,977 - __main__ - INFO - Free disk space: 263.5 GB
2025-12-27 21:49:01,978 - __main__ - INFO - Disk used: 44.7%
2025-12-27 21:49:01,978 - __main__ - INFO - Disk space: OK
2025-12-27 21:49:02,479 - __main__ - INFO - CPU cores: 8
2025-12-27 21:49:02,479 - __main__ - INFO - CPU usage: 18.8%
2025-12-27 21:49:02,479 - __main__ - INFO - Python version: 3.12.4
2025-12-27 21:49:02,479 - __main__ - INFO - System platform: win32
2025-12-27 21:49:02,480 - __main__ - INFO - User session started at: 2025-12-27 21:49:02.480752
2025-12-27 21:49:02,480 - __main__ - INFO - Displaying main menu options to user
2025-12-27 21:49:03,690 - __main__ - INFO - User selected option: 1
2025-12-27 21:49:03,691 - __main__ - INFO - Starting Single Source Analysis module
2025-12-27 21:49:03,695 - dq_unified - INFO - Starting unified data quality analysis
2025-12-27 21:49:03,695 - dq_unified - INFO - Prompting user for data source type
2025-12-27 21:49:03,696 - dq_unified - INFO - UI Data source_type: No UI data
2025-12-27 21:49:05,179 - dq_unified - INFO - User selected source type: 3
2025-12-27 21:49:05,180 - dq_unified - INFO - Getting database configuration - Dual mode
2025-12-27 21:49:06,442 - dq_unified - INFO - Getting database config from config file
2025-12-27 21:49:07,536 - dq_unified - INFO - Using POSTGRESQL configuration from config file
2025-12-27 21:49:12,684 - dq_unified - INFO - Database configuration from config file: postgresql, Table: customers
2025-12-27 21:49:12,685 - dq_unified - INFO - Loading data from DATABASE
2025-12-27 21:49:12,685 - dq_unified - INFO - Loading data from DATABASE
2025-12-27 21:49:12,687 - dq_unified - INFO - Loading large database table: customers
2025-12-27 21:49:12,909 - dq_unified - INFO - PostgreSQL table has 15 rows
2025-12-27 21:49:12,909 - dq_unified - INFO - Loading 15 rows from PostgreSQL...
2025-12-27 21:49:14,140 - dq_unified - INFO - Loaded 15 rows from PostgreSQL
2025-12-27 21:49:14,152 - dq_unified - INFO - Memory optimization: 0.0MB -> 0.0MB (Saved: 0.0MB)
2025-12-27 21:49:14,153 - dq_unified - INFO - Loaded 15 rows, 10 columns. Memory: 104.9MB total, 0.0MB for dataframe
2025-12-27 21:49:14,153 - dq_unified - INFO - DATA PREVIEW:
2025-12-27 21:49:14,153 - dq_unified - INFO -    Total rows: 15
2025-12-27 21:49:14,154 - dq_unified - INFO -    Total columns: 10
2025-12-27 21:49:14,155 - dq_unified - INFO -    Columns: ['customername', 'email', 'phone', 'salary', 'department', 'joindate', 'postalcode', 'city', 'country', 'state']
2025-12-27 21:49:14,155 - dq_unified - INFO - Running quality checks
2025-12-27 21:49:14,155 - dq_unified - INFO - Checking for null/empty values
2025-12-27 21:49:14,156 - dq_unified - INFO - DataFrame shape: (15, 10)
2025-12-27 21:49:14,156 - dq_unified - INFO - Columns: ['customername', 'email', 'phone', 'salary', 'department', 'joindate', 'postalcode', 'city', 'country', 'state']
2025-12-27 21:49:14,157 - dq_unified - WARNING - Column 'customername': 1 empty cells (6.7%)
2025-12-27 21:49:14,160 - dq_unified - WARNING - Column 'email': 1 empty cells (6.7%)
2025-12-27 21:49:14,163 - dq_unified - INFO - Column 'phone': No empty cells
2025-12-27 21:49:14,163 - dq_unified - WARNING - Column 'salary': 2 empty cells (13.3%)
2025-12-27 21:49:14,164 - dq_unified - WARNING - Column 'department': 1 empty cells (6.7%)
2025-12-27 21:49:14,165 - dq_unified - INFO - Column 'joindate': No empty cells
2025-12-27 21:49:14,166 - dq_unified - INFO - Column 'postalcode': No empty cells
2025-12-27 21:49:14,167 - dq_unified - INFO - Column 'city': No empty cells
2025-12-27 21:49:14,167 - dq_unified - INFO - Column 'country': No empty cells
2025-12-27 21:49:14,168 - dq_unified - WARNING - Column 'state': 1 empty cells (6.7%)
2025-12-27 21:49:14,169 - dq_unified - INFO - Total empty cells found: 6
2025-12-27 21:49:14,169 - dq_unified - INFO - Checking for duplicate rows
2025-12-27 21:49:14,170 - dq_unified - INFO - Cleaning data (removing whitespace)...
2025-12-27 21:49:14,171 - dq_unified - INFO - Columns after cleaning: ['customername', 'email', 'phone', 'salary', 'department', 'joindate', 'postalcode', 'city', 'country', 'state']
2025-12-27 21:49:14,178 - dq_unified - INFO - Sample of first column after cleaning: 'John Doe'
2025-12-27 21:49:14,178 - dq_unified - INFO - Sample of row 6 first column: 'John Doe'
2025-12-27 21:49:14,179 - dq_unified - INFO - Total rows to check: 15
2025-12-27 21:49:14,179 - dq_unified - INFO - Checking first column 'customername' for serial numbers
2025-12-27 21:49:14,180 - dq_unified - INFO - First 5 values: ['John Doe', 'Jane Smith', 'Bob Johnson', 'Alice Brown', 'Charlie Wilson']
2025-12-27 21:49:14,180 - dq_unified - INFO -   Row 1: 'John Doe' → Not numeric
2025-12-27 21:49:14,181 - dq_unified - INFO -   Row 2: 'Jane Smith' → Not numeric
2025-12-27 21:49:14,181 - dq_unified - INFO -   Row 3: 'Bob Johnson' → Not numeric
2025-12-27 21:49:14,181 - dq_unified - INFO - Not enough numeric values to be serial: []
2025-12-27 21:49:14,182 - dq_unified - INFO - Checking duplicates on ALL columns
2025-12-27 21:49:14,182 - dq_unified - INFO - First few rows for comparison:
2025-12-27 21:49:14,183 - dq_unified - INFO -   Row 0: {'customername': 'John Doe', 'email': 'john@email.com', 'phone': '1234567890'}
2025-12-27 21:49:14,184 - dq_unified - INFO -   Row 1: {'customername': 'Jane Smith', 'email': 'jane@email.com', 'phone': '9876543210'}
2025-12-27 21:49:14,184 - dq_unified - INFO -   Row 2: {'customername': 'Bob Johnson', 'email': 'None', 'phone': '5551234567'}
2025-12-27 21:49:14,185 - dq_unified - INFO - Duplicate mask found 2 rows
2025-12-27 21:49:14,186 - dq_unified - INFO - Found 2 potential duplicate rows
2025-12-27 21:49:14,187 - dq_unified - INFO - Unique duplicate groups: 1
2025-12-27 21:49:14,187 - dq_unified - INFO - Duplicate groups found:
2025-12-27 21:49:14,188 - dq_unified - INFO -   Group sample: Pandas(Index=0, customername='John Doe', email='john@email.com', phone='1234567890', salary='50000.0', department='IT', joindate='2023-01-15', postalcode='10001', city='New York', country='USA', state='TS')
2025-12-27 21:49:14,189 - dq_unified - INFO - Processing 2 duplicate indices
2025-12-27 21:49:14,189 - dq_unified - INFO - FINAL RESULT: Found 2 duplicate groups
2025-12-27 21:49:14,189 - dq_unified - INFO - Checking data formats
2025-12-27 21:49:14,194 - dq_unified - INFO - Detected email as email type
2025-12-27 21:49:14,195 - dq_unified - WARNING -   Row 9: 'invalid-email...' doesn't match Valid email format (user@domain.com)
2025-12-27 21:49:14,196 - dq_unified - INFO - Detected phone as phone type
2025-12-27 21:49:14,197 - dq_unified - INFO - Detected salary as numeric type
2025-12-27 21:49:14,199 - dq_unified - INFO - Detected joindate as date type
2025-12-27 21:49:14,200 - dq_unified - INFO -   Date format check for joindate: Consistent=True, Format=YYYY-MM-DD HH:MM:SS
2025-12-27 21:49:14,201 - dq_unified - INFO - Detected postalcode as numeric type
2025-12-27 21:49:14,201 - dq_unified - WARNING -   Row 9: 'ABC123...' doesn't match Numeric value (no leading zeros, no alphabets)
2025-12-27 21:49:14,205 - dq_unified - INFO - Total format issues found: 3
2025-12-27 21:49:14,205 - dq_unified - INFO - Checking mandatory fields
2025-12-27 21:49:14,205 - dq_unified - INFO - Available columns: ['customername', 'email', 'phone', 'salary', 'department', 'joindate', 'postalcode', 'city', 'country', 'state']
2025-12-27 21:49:17,923 - dq_unified - INFO - Checking ALL columns as mandatory: ['customername', 'email', 'phone', 'salary', 'department', 'joindate', 'postalcode', 'city', 'country', 'state']
2025-12-27 21:49:17,924 - dq_unified - WARNING - Mandatory field 'customername': 1 missing values (93.3% filled)
2025-12-27 21:49:17,926 - dq_unified - WARNING - Mandatory field 'email': 1 missing values (93.3% filled)
2025-12-27 21:49:17,927 - dq_unified - INFO - Mandatory field 'phone': 100.0% filled
2025-12-27 21:49:17,928 - dq_unified - WARNING - Mandatory field 'salary': 2 missing values (86.7% filled)
2025-12-27 21:49:17,929 - dq_unified - WARNING - Mandatory field 'department': 1 missing values (93.3% filled)
2025-12-27 21:49:17,930 - dq_unified - INFO - Mandatory field 'joindate': 100.0% filled
2025-12-27 21:49:17,931 - dq_unified - INFO - Mandatory field 'postalcode': 100.0% filled
2025-12-27 21:49:17,932 - dq_unified - INFO - Mandatory field 'city': 100.0% filled
2025-12-27 21:49:17,932 - dq_unified - INFO - Mandatory field 'country': 100.0% filled
2025-12-27 21:49:17,933 - dq_unified - WARNING - Mandatory field 'state': 1 missing values (93.3% filled)
2025-12-27 21:49:17,934 - dq_unified - INFO - Mandatory field check completed: 5 columns with issues, 6 total missing values
2025-12-27 21:49:17,934 - dq_unified - INFO - Calculating quality score
2025-12-27 21:49:17,934 - dq_unified - INFO - Quality Score Calculation:
2025-12-27 21:49:17,935 - dq_unified - INFO -   Total rows: 15
2025-12-27 21:49:17,935 - dq_unified - INFO -   Rows with ANY issue: 8
2025-12-27 21:49:17,936 - dq_unified - INFO -   Good rows (no issues): 7
2025-12-27 21:49:17,936 - dq_unified - INFO -   Quality Score: 46.67%
2025-12-27 21:49:17,936 - dq_unified - INFO - Generating detailed data quality report
2025-12-27 21:49:17,940 - dq_unified - INFO - Report for: Database: postgresql - Table: customers, Records: 15, Columns: 10
2025-12-27 21:49:17,941 - dq_unified - INFO - Overall quality score: 46.7%
2025-12-27 21:49:17,942 - dq_error_log - INFO - ErrorLogger initialized with database: dq_checks
2025-12-27 21:49:17,942 - dq_unified - INFO - Error Logger Session ID: SINGLE_20251227_214917
2025-12-27 21:49:18,266 - dq_audit - INFO - Audit class initialized with database: dq_checks
2025-12-27 21:49:18,266 - dq_audit - INFO - Starting database insertion for single_source...
2025-12-27 21:49:18,297 - dq_audit - INFO - Inserted single_source record with ID: 430
2025-12-27 21:49:18,298 - dq_unified - INFO - Audit logged for session: DQ_20251227_214918
2025-12-27 21:49:18,301 - dq_unified - INFO - Analysis completed successfully for Database: postgresql - Table: customers
2025-12-27 21:49:18,301 - __main__ - INFO - Single Source Analysis completed successfully
2025-12-27 21:49:18,301 - __main__ - INFO - Displaying main menu options to user
2025-12-27 21:49:31,450 - __main__ - INFO - User selected option: 1
2025-12-27 21:49:31,451 - __main__ - INFO - Starting Single Source Analysis module
2025-12-27 21:49:31,454 - dq_unified - INFO - Starting unified data quality analysis
2025-12-27 21:49:31,455 - dq_unified - INFO - Prompting user for data source type
2025-12-27 21:49:31,455 - dq_unified - INFO - UI Data source_type: No UI data
2025-12-27 21:49:33,025 - dq_unified - INFO - User selected source type: 3
2025-12-27 21:49:33,026 - dq_unified - INFO - Getting database configuration - Dual mode
2025-12-27 21:49:34,653 - dq_unified - INFO - Getting database config from config file
2025-12-27 21:49:36,260 - dq_unified - INFO - Using POSTGRESQL configuration from config file
2025-12-27 21:49:41,694 - dq_unified - INFO - Database configuration from config file: postgresql, Table: employee
2025-12-27 21:49:41,695 - dq_unified - INFO - Loading data from DATABASE
2025-12-27 21:49:41,695 - dq_unified - INFO - Loading data from DATABASE
2025-12-27 21:49:41,696 - dq_unified - INFO - Loading large database table: employee
2025-12-27 21:49:41,809 - dq_unified - INFO - PostgreSQL table has 89,999 rows
2025-12-27 21:49:41,809 - dq_unified - INFO - Loading 89,999 rows from PostgreSQL...
2025-12-27 21:49:42,082 - dq_unified - INFO - Loaded 89,999 rows from PostgreSQL
2025-12-27 21:49:42,622 - dq_unified - INFO - Memory optimization: 60.9MB -> 25.8MB (Saved: 35.1MB)
2025-12-27 21:49:42,696 - dq_unified - INFO - Loaded 89,999 rows, 12 columns. Memory: 192.3MB total, 25.8MB for dataframe
2025-12-27 21:49:42,696 - dq_unified - INFO - DATA PREVIEW:
2025-12-27 21:49:42,697 - dq_unified - INFO -    Total rows: 89,999
2025-12-27 21:49:42,697 - dq_unified - INFO -    Total columns: 12
2025-12-27 21:49:42,699 - dq_unified - INFO -    Columns: ['id', 'customer_id', 'transaction_id', 'customer_name', 'email', 'phone', 'transaction_date', 'amount', 'quantity', 'age', 'status', 'description']
2025-12-27 21:49:42,699 - dq_unified - INFO - Running quality checks
2025-12-27 21:49:42,700 - dq_unified - INFO - Checking for null/empty values
2025-12-27 21:49:42,700 - dq_unified - INFO - DataFrame shape: (89999, 12)
2025-12-27 21:49:42,700 - dq_unified - INFO - Columns: ['id', 'customer_id', 'transaction_id', 'customer_name', 'email', 'phone', 'transaction_date', 'amount', 'quantity', 'age', 'status', 'description']
2025-12-27 21:49:42,724 - dq_unified - INFO - Column 'id': No empty cells
2025-12-27 21:49:42,756 - dq_unified - INFO - Column 'customer_id': No empty cells
2025-12-27 21:49:42,787 - dq_unified - INFO - Column 'transaction_id': No empty cells
2025-12-27 21:49:42,788 - dq_unified - INFO - Column 'customer_name': No empty cells
2025-12-27 21:49:42,788 - dq_unified - INFO - Column 'email': No empty cells
2025-12-27 21:49:42,821 - dq_unified - INFO - Column 'phone': No empty cells
2025-12-27 21:49:42,822 - dq_unified - INFO - Column 'transaction_date': No empty cells
2025-12-27 21:49:42,844 - dq_unified - INFO - Column 'amount': No empty cells
2025-12-27 21:49:42,844 - dq_unified - INFO - Column 'quantity': No empty cells
2025-12-27 21:49:42,846 - dq_unified - INFO - Column 'age': No empty cells
2025-12-27 21:49:42,847 - dq_unified - INFO - Column 'status': No empty cells
2025-12-27 21:49:42,847 - dq_unified - INFO - Column 'description': No empty cells
2025-12-27 21:49:42,847 - dq_unified - INFO - Total empty cells found: 0
2025-12-27 21:49:42,847 - dq_unified - INFO - Checking for duplicate rows
2025-12-27 21:49:42,848 - dq_unified - INFO - Cleaning data (removing whitespace)...
2025-12-27 21:49:42,879 - dq_unified - INFO - Columns after cleaning: ['id', 'customer_id', 'transaction_id', 'customer_name', 'email', 'phone', 'transaction_date', 'amount', 'quantity', 'age', 'status', 'description']
2025-12-27 21:49:43,915 - dq_unified - INFO - Sample of first column after cleaning: '78303'
2025-12-27 21:49:43,915 - dq_unified - INFO - Sample of row 6 first column: '19261'
2025-12-27 21:49:43,916 - dq_unified - INFO - Total rows to check: 89999
2025-12-27 21:49:43,917 - dq_unified - INFO - Checking first column 'id' for serial numbers
2025-12-27 21:49:43,918 - dq_unified - INFO - First 5 values: ['78303', '66465', '93228', '1748', '80005']
2025-12-27 21:49:43,919 - dq_unified - INFO -   Row 1: '78303' → 78303.0 (numeric)
2025-12-27 21:49:43,919 - dq_unified - INFO -   Row 2: '66465' → 66465.0 (numeric)
2025-12-27 21:49:43,919 - dq_unified - INFO -   Row 3: '93228' → 93228.0 (numeric)
2025-12-27 21:49:43,919 - dq_unified - INFO - First column values not sequential: [78303.0, 66465.0, 93228.0]
2025-12-27 21:49:43,920 - dq_unified - INFO - Checking duplicates on ALL columns
2025-12-27 21:49:43,920 - dq_unified - INFO - First few rows for comparison:
2025-12-27 21:49:43,921 - dq_unified - INFO -   Row 0: {'id': '78303', 'customer_id': 'CUST078303', 'transaction_id': 'TX00078303'}
2025-12-27 21:49:43,921 - dq_unified - INFO -   Row 1: {'id': '66465', 'customer_id': 'CUST066465', 'transaction_id': 'TX00066465'}
2025-12-27 21:49:43,921 - dq_unified - INFO -   Row 2: {'id': '93228', 'customer_id': 'CUST093228', 'transaction_id': 'TX00093228'}
2025-12-27 21:49:44,082 - dq_unified - INFO - Duplicate mask found 406 rows
2025-12-27 21:49:44,082 - dq_unified - INFO - Found 406 potential duplicate rows
2025-12-27 21:49:44,085 - dq_unified - INFO - Unique duplicate groups: 203
2025-12-27 21:49:44,085 - dq_unified - INFO - Duplicate groups found:
2025-12-27 21:49:44,087 - dq_unified - INFO -   Group sample: Pandas(Index=167, id='42732', customer_id='CUST042732', transaction_id='TX00042732', customer_name='William Davis', email='james.miller@gmail.com', phone='12127948623', transaction_date='20-01-2023', amount='7954.53', quantity='60', age='64', status='PENDING', description='Text with trailing spaces')
2025-12-27 21:49:44,087 - dq_unified - INFO -   Group sample: Pandas(Index=381, id='34440', customer_id='CUST034440', transaction_id='TX00034440', customer_name='William Miller', email='NaN', phone='NaN', transaction_date='05-09-2023', amount='1954.43', quantity='64', age='75', status='CANCELLED', description='Text with. periods')
2025-12-27 21:49:44,087 - dq_unified - INFO -   Group sample: Pandas(Index=637, id='58427', customer_id='CUST058427', transaction_id='TX00058427', customer_name='Richard Brown', email='jennifer.johnson@gmail.com', phone='2124608202', transaction_date='29-09-2023', amount='9156.7', quantity='69', age='45', status='PENDING', description='Text with multiple spaces')
2025-12-27 21:49:44,088 - dq_unified - INFO - Processing 406 duplicate indices
2025-12-27 21:49:44,104 - dq_unified - INFO - FINAL RESULT: Found 406 duplicate groups
2025-12-27 21:49:44,118 - dq_unified - INFO - Checking data formats
2025-12-27 21:49:44,130 - dq_unified - INFO - Detected id as numeric type
2025-12-27 21:49:44,346 - dq_unified - INFO - Detected email as email type
2025-12-27 21:49:44,348 - dq_unified - WARNING -   Row 38: 'lisa.miller_outlook.com...' doesn't match Valid email format (user@domain.com)
2025-12-27 21:49:44,349 - dq_unified - WARNING -   Row 223: 'richard.miller.company.com...' doesn't match Valid email format (user@domain.com)
2025-12-27 21:49:44,350 - dq_unified - WARNING -   Row 311: 'james.miller@invalid...' doesn't match Valid email format (user@domain.com)
2025-12-27 21:49:44,350 - dq_unified - WARNING -   Row 355: 'richard.williams@invalid...' doesn't match Valid email format (user@domain.com)
2025-12-27 21:49:44,350 - dq_unified - WARNING -   Row 416: 'susan.brown.company.com...' doesn't match Valid email format (user@domain.com)
2025-12-27 21:49:44,538 - dq_unified - INFO - Detected phone as phone type
2025-12-27 21:49:44,755 - dq_unified - INFO - Detected transaction_date as date type
2025-12-27 21:49:45,057 - dq_unified - INFO -   Date format check for transaction_date: Consistent=False, Format=['MM/DD/YYYY', 'DD-MM-YYYY or MM-DD-YYYY']
2025-12-27 21:49:45,057 - dq_unified - WARNING -   transaction_date: Inconsistent date formats: ['MM/DD/YYYY', 'DD-MM-YYYY or MM-DD-YYYY']
2025-12-27 21:49:45,401 - dq_unified - INFO - Detected amount as numeric type
2025-12-27 21:49:45,551 - dq_unified - INFO - Detected quantity as numeric type
2025-12-27 21:49:45,699 - dq_unified - INFO - Detected age as numeric type
2025-12-27 21:49:46,331 - dq_unified - INFO - Total format issues found: 727
2025-12-27 21:49:46,332 - dq_unified - INFO - Checking mandatory fields
2025-12-27 21:49:46,333 - dq_unified - INFO - Available columns: ['id', 'customer_id', 'transaction_id', 'customer_name', 'email', 'phone', 'transaction_date', 'amount', 'quantity', 'age', 'status', 'description']
2025-12-27 21:49:51,483 - dq_unified - INFO - Checking ALL columns as mandatory: ['id', 'customer_id', 'transaction_id', 'customer_name', 'email', 'phone', 'transaction_date', 'amount', 'quantity', 'age', 'status', 'description']
2025-12-27 21:49:51,507 - dq_unified - INFO - Mandatory field 'id': 100.0% filled
2025-12-27 21:49:51,551 - dq_unified - INFO - Mandatory field 'customer_id': 100.0% filled
2025-12-27 21:49:51,587 - dq_unified - INFO - Mandatory field 'transaction_id': 100.0% filled
2025-12-27 21:49:51,588 - dq_unified - INFO - Mandatory field 'customer_name': 100.0% filled
2025-12-27 21:49:51,589 - dq_unified - INFO - Mandatory field 'email': 100.0% filled
2025-12-27 21:49:51,623 - dq_unified - INFO - Mandatory field 'phone': 100.0% filled
2025-12-27 21:49:51,624 - dq_unified - INFO - Mandatory field 'transaction_date': 100.0% filled
2025-12-27 21:49:51,648 - dq_unified - INFO - Mandatory field 'amount': 100.0% filled
2025-12-27 21:49:51,648 - dq_unified - INFO - Mandatory field 'quantity': 100.0% filled
2025-12-27 21:49:51,651 - dq_unified - INFO - Mandatory field 'age': 100.0% filled
2025-12-27 21:49:51,652 - dq_unified - INFO - Mandatory field 'status': 100.0% filled
2025-12-27 21:49:51,652 - dq_unified - INFO - Mandatory field 'description': 100.0% filled
2025-12-27 21:49:51,652 - dq_unified - INFO - Mandatory field check completed: 0 columns with issues, 0 total missing values
2025-12-27 21:49:51,653 - dq_unified - INFO - Calculating quality score
2025-12-27 21:49:51,653 - dq_unified - INFO - Quality Score Calculation:
2025-12-27 21:49:51,653 - dq_unified - INFO -   Total rows: 89,999
2025-12-27 21:49:51,654 - dq_unified - INFO -   Rows with ANY issue: 1,125
2025-12-27 21:49:51,654 - dq_unified - INFO -   Good rows (no issues): 88,874
2025-12-27 21:49:51,654 - dq_unified - INFO -   Quality Score: 98.75%
2025-12-27 21:49:51,655 - dq_unified - INFO - Generating detailed data quality report
2025-12-27 21:49:51,655 - dq_unified - INFO - Report for: Database: postgresql - Table: employee, Records: 89,999, Columns: 12
2025-12-27 21:49:51,655 - dq_unified - INFO - Overall quality score: 98.8%
2025-12-27 21:49:51,656 - dq_error_log - INFO - ErrorLogger initialized with database: dq_checks
2025-12-27 21:49:51,656 - dq_unified - INFO - Error Logger Session ID: SINGLE_20251227_214951
2025-12-27 21:49:52,105 - dq_audit - INFO - Audit class initialized with database: dq_checks
2025-12-27 21:49:52,105 - dq_audit - INFO - Starting database insertion for single_source...
2025-12-27 21:49:52,118 - dq_audit - INFO - Inserted single_source record with ID: 431
2025-12-27 21:49:52,118 - dq_unified - INFO - Audit logged for session: DQ_20251227_214952
2025-12-27 21:49:52,122 - dq_unified - INFO - Analysis completed successfully for Database: postgresql - Table: employee
2025-12-27 21:49:52,147 - __main__ - INFO - Single Source Analysis completed successfully
2025-12-27 21:49:52,147 - __main__ - INFO - Displaying main menu options to user
2025-12-27 21:50:43,840 - __main__ - INFO - User selected option: 6
2025-12-27 21:50:43,841 - __main__ - INFO - User session ended. Duration: 0:01:41.360942
2025-12-27 21:50:43,842 - __main__ - INFO - 👋 Thank you for using Universal Data Quality Framework!
