2025-12-08 12:18:41,700 - __main__ - INFO - UNIVERSAL DATA QUALITY FRAMEWORK INITIALIZED
2025-12-08 12:18:41,700 - __main__ - INFO - UNIVERSAL DATA QUALITY FRAMEWORK
2025-12-08 12:18:41,701 - __main__ - INFO - Supports: CSV, Excel, Databases (PostgreSQL, MySQL, SQLite, Oracle, SQL Server)
2025-12-08 12:18:41,701 - __main__ - INFO - Optimized for large datasets (up to 1M+ rows)
2025-12-08 12:18:41,702 - __main__ - INFO - Smart memory management and progress tracking
2025-12-08 12:18:41,702 - __main__ - INFO - SYSTEM RESOURCE CHECK:
2025-12-08 12:18:41,709 - __main__ - INFO - Total RAM: 15.7 GB
2025-12-08 12:18:41,709 - __main__ - INFO - Available RAM: 2.5 GB
2025-12-08 12:18:41,710 - __main__ - INFO - Memory used: 84.1%
2025-12-08 12:18:41,710 - __main__ - INFO - Memory status: OK
2025-12-08 12:18:41,711 - __main__ - INFO - Free disk space: 262.2 GB
2025-12-08 12:18:41,711 - __main__ - INFO - Disk used: 44.9%
2025-12-08 12:18:41,711 - __main__ - INFO - Disk space: OK
2025-12-08 12:18:42,212 - __main__ - INFO - CPU cores: 8
2025-12-08 12:18:42,212 - __main__ - INFO - CPU usage: 36.9%
2025-12-08 12:18:42,212 - __main__ - INFO - Python version: 3.12.4
2025-12-08 12:18:42,212 - __main__ - INFO - System platform: win32
2025-12-08 12:18:42,212 - __main__ - INFO - User session started at: 2025-12-08 12:18:42.212809
2025-12-08 12:18:42,213 - __main__ - INFO - Displaying main menu options to user
2025-12-08 12:19:57,096 - __main__ - INFO - User selected option: 6
2025-12-08 12:19:57,096 - __main__ - INFO - User session ended. Duration: 0:01:14.883613
2025-12-08 12:19:57,096 - __main__ - INFO - Thank you for using Universal Data Quality Framework!
