2025-12-26 16:11:16,957 - root - INFO - CLI Mode Logging Initialized
2025-12-26 16:11:16,957 - root - INFO - CLI logs will be saved to: logs/dq_framework_20251226_161116.log
2025-12-26 16:11:16,957 - __main__ - INFO - 🚀 UNIVERSAL DATA QUALITY FRAMEWORK INITIALIZED
2025-12-26 16:11:16,959 - __main__ - INFO - Starting system resource check
2025-12-26 16:11:16,965 - __main__ - INFO - Total RAM: 15.7 GB
2025-12-26 16:11:16,965 - __main__ - INFO - Available RAM: 2.7 GB
2025-12-26 16:11:16,966 - __main__ - INFO - Memory used: 83.2%
2025-12-26 16:11:16,966 - __main__ - INFO - Memory status: OK
2025-12-26 16:11:16,967 - __main__ - INFO - Free disk space: 263.5 GB
2025-12-26 16:11:16,967 - __main__ - INFO - Disk used: 44.7%
2025-12-26 16:11:16,967 - __main__ - INFO - Disk space: OK
2025-12-26 16:11:17,469 - __main__ - INFO - CPU cores: 8
2025-12-26 16:11:17,469 - __main__ - INFO - CPU usage: 25.8%
2025-12-26 16:11:17,469 - __main__ - INFO - Python version: 3.12.4
2025-12-26 16:11:17,470 - __main__ - INFO - System platform: win32
2025-12-26 16:11:17,470 - __main__ - INFO - User session started at: 2025-12-26 16:11:17.470793
2025-12-26 16:11:17,470 - __main__ - INFO - Displaying main menu options to user
2025-12-26 16:11:18,400 - __main__ - INFO - User selected option: 1
2025-12-26 16:11:18,401 - __main__ - INFO - Starting Single Source Analysis module
2025-12-26 16:11:18,407 - dq_unified - INFO - Starting unified data quality analysis
2025-12-26 16:11:18,409 - dq_unified - INFO - Prompting user for data source type
2025-12-26 16:11:18,410 - dq_unified - INFO - UI Data source_type: No UI data
2025-12-26 16:11:19,484 - dq_unified - INFO - User selected source type: 1
2025-12-26 16:11:21,789 - dq_unified - INFO - Loading data from CSV
2025-12-26 16:11:21,792 - dq_unified - INFO - Loading data from CSV
2025-12-26 16:11:21,793 - dq_unified - INFO - Loading large CSV: C:\Users\003160\OneDrive - wisseninfotech.com\Documents\DQ-Checks-Shashi\Test_data\sample_data.csv
2025-12-26 16:11:21,796 - dq_unified - INFO - CSV file has 15 rows
2025-12-26 16:11:21,796 - dq_unified - INFO - Loading 15 rows from CSV...
2025-12-26 16:11:21,807 - dq_unified - INFO - Loaded 15 rows from CSV
2025-12-26 16:11:21,816 - dq_unified - INFO - Memory optimization: 0.0MB -> 0.0MB (Saved: 0.0MB)
2025-12-26 16:11:21,817 - dq_unified - INFO - Loaded 15 rows, 10 columns. Memory: 87.0MB total, 0.0MB for dataframe
2025-12-26 16:11:21,818 - dq_unified - INFO - DATA PREVIEW:
2025-12-26 16:11:21,820 - dq_unified - INFO -    Total rows: 15
2025-12-26 16:11:21,821 - dq_unified - INFO -    Total columns: 10
2025-12-26 16:11:21,821 - dq_unified - INFO -    Columns: ['CustomerName', 'Email', 'Phone', 'Salary', 'Department', 'JoinDate', 'PostalCode', 'City', 'Country', 'State']
2025-12-26 16:11:21,822 - dq_unified - INFO - Running quality checks
2025-12-26 16:11:21,823 - dq_unified - INFO - Checking for null cells (not empty strings)
2025-12-26 16:11:21,825 - dq_unified - WARNING - Column 'CustomerName': 1 null cells (6.7%)
2025-12-26 16:11:21,827 - dq_unified - WARNING - Column 'Email': 1 null cells (6.7%)
2025-12-26 16:11:21,828 - dq_unified - INFO - Column 'Phone': No null cells
2025-12-26 16:11:21,829 - dq_unified - WARNING - Column 'Salary': 2 null cells (13.3%)
2025-12-26 16:11:21,830 - dq_unified - WARNING - Column 'Department': 1 null cells (6.7%)
2025-12-26 16:11:21,833 - dq_unified - INFO - Column 'JoinDate': No null cells
2025-12-26 16:11:21,835 - dq_unified - INFO - Column 'PostalCode': No null cells
2025-12-26 16:11:21,837 - dq_unified - INFO - Column 'City': No null cells
2025-12-26 16:11:21,837 - dq_unified - INFO - Column 'Country': No null cells
2025-12-26 16:11:21,838 - dq_unified - WARNING - Column 'State': 1 null cells (6.7%)
2025-12-26 16:11:21,840 - dq_unified - INFO - Total null cells found: 6
2025-12-26 16:11:21,840 - dq_unified - INFO - Checking for duplicate rows
2025-12-26 16:11:21,841 - dq_unified - INFO - DEBUG: Data shape: (15, 10)
2025-12-26 16:11:21,842 - dq_unified - INFO - DEBUG: Checking duplicates on 15 rows
2025-12-26 16:11:21,842 - dq_unified - INFO - DEBUG: Checking CustomerName values with repr to see whitespace:
2025-12-26 16:11:21,844 - dq_unified - INFO - DEBUG: Row 0 CustomerName: '   John Doe'
2025-12-26 16:11:21,845 - dq_unified - INFO - DEBUG: Row 5 CustomerName: 'John Doe        '
2025-12-26 16:11:21,849 - dq_unified - INFO - DEBUG: Simple duplicate count: 0
2025-12-26 16:11:21,859 - dq_unified - INFO - Business duplicate count after proper trimming: 0
2025-12-26 16:11:21,860 - dq_unified - INFO - DEBUG: After trimming, Row 0 vs Row 5 comparison:
2025-12-26 16:11:21,861 - dq_unified - INFO -   CustomerName: Row0='John Doe', Row5='John Doe', Same? True
2025-12-26 16:11:21,863 - dq_unified - INFO -   Email: Row0='john@email.com', Row5='john@email.com', Same? True
2025-12-26 16:11:21,864 - dq_unified - INFO -   Department: Row0='IT             ', Row5='IT', Same? False
2025-12-26 16:11:21,867 - dq_unified - INFO - DEBUG: Checking ALL columns between Row 0 and Row 5:
2025-12-26 16:11:21,868 - dq_unified - INFO -   ✅ CustomerName: Same
2025-12-26 16:11:21,869 - dq_unified - INFO -   ✅ Email: Same
2025-12-26 16:11:21,870 - dq_unified - INFO -   ✅ Phone: Same
2025-12-26 16:11:21,871 - dq_unified - INFO -   ✅ Salary: Same
2025-12-26 16:11:21,872 - dq_unified - INFO -   ❌ Department: Row0=''IT             '', Row5=''IT''
2025-12-26 16:11:21,872 - dq_unified - INFO -   ✅ JoinDate: Same
2025-12-26 16:11:21,874 - dq_unified - INFO -   ✅ PostalCode: Same
2025-12-26 16:11:21,875 - dq_unified - INFO -   ✅ City: Same
2025-12-26 16:11:21,876 - dq_unified - INFO -   ✅ Country: Same
2025-12-26 16:11:21,880 - dq_unified - INFO -   ✅ State: Same
2025-12-26 16:11:21,884 - dq_unified - INFO - No strict duplicate rows found
2025-12-26 16:11:21,884 - dq_unified - INFO - Automatically detecting key field duplicates
2025-12-26 16:11:21,887 - dq_unified - INFO - Detected potential key fields: ['CustomerName', 'Email', 'PostalCode']
2025-12-26 16:11:21,887 - dq_unified - WARNING - Found 1 duplicate values in field 'Email'
2025-12-26 16:11:21,889 - dq_unified - WARNING - Found 1 duplicate values in field 'PostalCode'
2025-12-26 16:11:21,891 - dq_unified - INFO - Checking data formats with intelligent, adaptive detection
2025-12-26 16:11:21,893 - dq_unified - INFO - Analyzing column 'CustomerName' with 14 non-null values
2025-12-26 16:11:21,896 - dq_unified - INFO - Analyzing column 'Email' with 14 non-null values
2025-12-26 16:11:21,897 - dq_unified - INFO -   ✓ Column 'Email' matches 'email' pattern with 92.9% confidence
2025-12-26 16:11:21,898 - dq_unified - WARNING -     Row 3: EMPTY value doesn't match Valid email format (user@domain.com)
2025-12-26 16:11:21,899 - dq_unified - WARNING -     Row 9: 'invalid-email...' doesn't match Valid email format (user@domain.com)
2025-12-26 16:11:21,899 - dq_unified - INFO -     Found 2 format issues in column 'Email'
2025-12-26 16:11:21,900 - dq_unified - INFO - Analyzing column 'Phone' with 15 non-null values
2025-12-26 16:11:21,901 - dq_unified - INFO -   ✓ Column 'Phone' matches 'numeric' pattern with 100.0% confidence
2025-12-26 16:11:21,903 - dq_unified - INFO - Analyzing column 'Salary' with 13 non-null values
2025-12-26 16:11:21,903 - dq_unified - INFO -   ✓ Column 'Salary' matches 'numeric' pattern with 100.0% confidence
2025-12-26 16:11:21,905 - dq_unified - WARNING -     Row 7: EMPTY value doesn't match Valid numeric value (integers or decimals)
2025-12-26 16:11:21,905 - dq_unified - WARNING -     Row 14: EMPTY value doesn't match Valid numeric value (integers or decimals)
2025-12-26 16:11:21,906 - dq_unified - INFO -     Found 2 format issues in column 'Salary'
2025-12-26 16:11:21,908 - dq_unified - INFO - Analyzing column 'Department' with 14 non-null values
2025-12-26 16:11:21,909 - dq_unified - INFO -   ✓ Column 'Department' matches 'code_id' pattern with 100.0% confidence
2025-12-26 16:11:21,914 - dq_unified - INFO - Analyzing column 'JoinDate' with 15 non-null values
2025-12-26 16:11:21,915 - dq_unified - INFO -   ✓ Column 'JoinDate' matches 'code_id' pattern with 100.0% confidence
2025-12-26 16:11:21,917 - dq_unified - INFO - Analyzing column 'PostalCode' with 15 non-null values
2025-12-26 16:11:21,917 - dq_unified - INFO -   ✓ Column 'PostalCode' matches 'code_id' pattern with 100.0% confidence
2025-12-26 16:11:21,919 - dq_unified - INFO - Analyzing column 'City' with 15 non-null values
2025-12-26 16:11:21,921 - dq_unified - INFO - Analyzing column 'Country' with 15 non-null values
2025-12-26 16:11:21,921 - dq_unified - INFO -   ✓ Column 'Country' matches 'code_id' pattern with 100.0% confidence
2025-12-26 16:11:21,925 - dq_unified - INFO - Analyzing column 'State' with 14 non-null values
2025-12-26 16:11:21,929 - dq_unified - INFO -   ✓ Column 'State' matches 'code_id' pattern with 100.0% confidence
2025-12-26 16:11:21,930 - dq_unified - INFO - Total format issues found: 4
2025-12-26 16:11:21,931 - dq_unified - INFO - Checking mandatory fields
2025-12-26 16:11:21,931 - dq_unified - INFO - DEBUG: UI data for mandatory fields: None
2025-12-26 16:11:21,932 - dq_unified - INFO - Available columns: ['CustomerName', 'Email', 'Phone', 'Salary', 'Department', 'JoinDate', 'PostalCode', 'City', 'Country', 'State']
2025-12-26 16:11:23,533 - dq_unified - INFO - Checking ALL columns as mandatory: ['CustomerName', 'Email', 'Phone', 'Salary', 'Department', 'JoinDate', 'PostalCode', 'City', 'Country', 'State']
2025-12-26 16:11:23,536 - dq_unified - WARNING - Mandatory field 'CustomerName': 1 missing values (93.3% filled)
2025-12-26 16:11:23,540 - dq_unified - WARNING - Mandatory field 'Email': 1 missing values (93.3% filled)
2025-12-26 16:11:23,542 - dq_unified - INFO - Mandatory field 'Phone': 100.0% filled
2025-12-26 16:11:23,543 - dq_unified - WARNING - Mandatory field 'Salary': 2 missing values (86.7% filled)
2025-12-26 16:11:23,545 - dq_unified - WARNING - Mandatory field 'Department': 1 missing values (93.3% filled)
2025-12-26 16:11:23,549 - dq_unified - INFO - Mandatory field 'JoinDate': 100.0% filled
2025-12-26 16:11:23,551 - dq_unified - INFO - Mandatory field 'PostalCode': 100.0% filled
2025-12-26 16:11:23,553 - dq_unified - INFO - Mandatory field 'City': 100.0% filled
2025-12-26 16:11:23,554 - dq_unified - INFO - Mandatory field 'Country': 100.0% filled
2025-12-26 16:11:23,556 - dq_unified - WARNING - Mandatory field 'State': 1 missing values (93.3% filled)
2025-12-26 16:11:23,559 - dq_unified - INFO - Mandatory field check completed: 5 columns with issues, 6 total missing values
2025-12-26 16:11:23,559 - dq_unified - INFO - Calculating overall quality score - ROW-BASED SIMPLE PERCENTAGE
2025-12-26 16:11:23,560 - dq_unified - INFO - ROW-BASED SCORE CALCULATION:
2025-12-26 16:11:23,561 - dq_unified - INFO -   Total Rows: 15
2025-12-26 16:11:23,566 - dq_unified - INFO -   Total Affected Rows (with any issue): 6
2025-12-26 16:11:23,567 - dq_unified - INFO -   Passed Rows: 9
2025-12-26 16:11:23,568 - dq_unified - INFO -   Issues breakdown:
2025-12-26 16:11:23,569 - dq_unified - INFO -     - Rows with nulls: 6
2025-12-26 16:11:23,570 - dq_unified - INFO -     - Duplicate rows: 2
2025-12-26 16:11:23,571 - dq_unified - INFO -     - Rows with format issues: 4
2025-12-26 16:11:23,571 - dq_unified - INFO -     - Rows missing mandatory: 6
2025-12-26 16:11:23,572 - dq_unified - INFO -   Calculation: (9 / 15) × 100
2025-12-26 16:11:23,573 - dq_unified - INFO -   DQ Score: 60.00%
2025-12-26 16:11:23,574 - dq_unified - INFO - Generating detailed data quality report
2025-12-26 16:11:23,575 - dq_unified - INFO - Report for: CSV: sample_data.csv, Records: 15, Columns: 10
2025-12-26 16:11:23,577 - dq_unified - INFO - Overall quality score: 60.0%
2025-12-26 16:11:23,583 - dq_error_log - INFO - ErrorLogger initialized with database: dq_checks
2025-12-26 16:11:23,584 - dq_unified - INFO - Error Logger Session ID: SINGLE_20251226_161123
2025-12-26 16:11:24,288 - dq_audit - INFO - Audit class initialized with database: dq_checks
2025-12-26 16:11:24,289 - dq_audit - INFO - Starting database insertion for single_source...
2025-12-26 16:11:24,315 - dq_audit - INFO - Inserted single_source record with ID: 345
2025-12-26 16:11:24,317 - dq_unified - INFO - Audit logged for session: DQ_20251226_161124
2025-12-26 16:11:24,331 - dq_unified - INFO - Analysis completed successfully for CSV: sample_data.csv
2025-12-26 16:11:24,333 - __main__ - INFO - Single Source Analysis completed successfully
2025-12-26 16:11:24,333 - __main__ - INFO - Displaying main menu options to user
2025-12-26 16:12:01,377 - __main__ - INFO - User selected option: 1
2025-12-26 16:12:01,379 - __main__ - INFO - Starting Single Source Analysis module
2025-12-26 16:12:01,384 - dq_unified - INFO - Starting unified data quality analysis
2025-12-26 16:12:01,384 - dq_unified - INFO - Prompting user for data source type
2025-12-26 16:12:01,385 - dq_unified - INFO - UI Data source_type: No UI data
2025-12-26 16:12:04,544 - dq_unified - INFO - User selected source type: 1
2025-12-26 16:12:09,789 - dq_unified - INFO - Loading data from CSV
2025-12-26 16:12:09,791 - dq_unified - INFO - Loading data from CSV
2025-12-26 16:12:09,792 - dq_unified - INFO - Loading large CSV: C:\Users\003160\OneDrive - wisseninfotech.com\Documents\DQ-Checks-Shashi\Test_data\source_data_90k.csv
2025-12-26 16:12:09,877 - dq_unified - INFO - CSV file has 92,875 rows
2025-12-26 16:12:09,878 - dq_unified - INFO - Loading 92,875 rows from CSV...
2025-12-26 16:12:10,223 - dq_unified - INFO - Loaded 89,999 rows from CSV
2025-12-26 16:12:10,554 - dq_unified - INFO - Memory optimization: 45.4MB -> 17.1MB (Saved: 28.3MB)
2025-12-26 16:12:10,607 - dq_unified - INFO - Loaded 89,999 rows, 12 columns. Memory: 119.1MB total, 17.1MB for dataframe
2025-12-26 16:12:10,607 - dq_unified - INFO - DATA PREVIEW:
2025-12-26 16:12:10,608 - dq_unified - INFO -    Total rows: 89,999
2025-12-26 16:12:10,609 - dq_unified - INFO -    Total columns: 12
2025-12-26 16:12:10,612 - dq_unified - INFO -    Columns: ['id', 'customer_id', 'transaction_id', 'customer_name', 'email', 'phone', 'transaction_date', 'amount', 'quantity', 'age', 'status', 'description']
2025-12-26 16:12:10,612 - dq_unified - INFO - Running quality checks
2025-12-26 16:12:10,613 - dq_unified - INFO - Checking for null cells (not empty strings)
2025-12-26 16:12:10,614 - dq_unified - INFO - Column 'id': No null cells
2025-12-26 16:12:10,618 - dq_unified - INFO - Column 'customer_id': No null cells
2025-12-26 16:12:10,621 - dq_unified - INFO - Column 'transaction_id': No null cells
2025-12-26 16:12:10,622 - dq_unified - WARNING - Column 'customer_name': 3510 null cells (3.9%)
2025-12-26 16:12:10,667 - dq_unified - WARNING - Column 'email': 1516 null cells (1.7%)
2025-12-26 16:12:10,688 - dq_unified - WARNING - Column 'phone': 1280 null cells (1.4%)
2025-12-26 16:12:10,710 - dq_unified - INFO - Column 'transaction_date': No null cells
2025-12-26 16:12:10,711 - dq_unified - WARNING - Column 'amount': 1133 null cells (1.3%)
2025-12-26 16:12:10,731 - dq_unified - INFO - Column 'quantity': No null cells
2025-12-26 16:12:10,732 - dq_unified - INFO - Column 'age': No null cells
2025-12-26 16:12:10,733 - dq_unified - INFO - Column 'status': No null cells
2025-12-26 16:12:10,735 - dq_unified - INFO - Column 'description': No null cells
2025-12-26 16:12:10,735 - dq_unified - INFO - Total null cells found: 7,439
2025-12-26 16:12:10,736 - dq_unified - INFO - Checking for duplicate rows
2025-12-26 16:12:10,742 - dq_unified - INFO - DEBUG: Data shape: (89999, 12)
2025-12-26 16:12:10,747 - dq_unified - INFO - DEBUG: Checking duplicates on 89999 rows
2025-12-26 16:12:10,748 - dq_unified - INFO - DEBUG: Checking CustomerName values with repr to see whitespace:
2025-12-26 16:12:10,749 - dq_unified - INFO - DEBUG: Row 0 CustomerName: 'N/A'
2025-12-26 16:12:10,750 - dq_unified - INFO - DEBUG: Row 5 CustomerName: 'N/A'
2025-12-26 16:12:10,821 - dq_unified - INFO - DEBUG: Simple duplicate count: 203
2025-12-26 16:12:10,900 - dq_unified - INFO - DEBUG: Duplicate rows found:
2025-12-26 16:12:10,903 - dq_unified - INFO - DEBUG: Row 167: {'id': 42732, 'customer_id': 'CUST042732', 'transaction_id': 'TX00042732', 'customer_name': 'William Davis', 'email': 'james.miller@gmail.com', 'phone': '12127948623', 'transaction_date': '20-01-2023', 'amount': 7954.52978515625, 'quantity': 60, 'age': 64, 'status': 'PENDING', 'description': 'Text with trailing spaces  '}
2025-12-26 16:12:10,904 - dq_unified - INFO - DEBUG: Row 381: {'id': 34440, 'customer_id': 'CUST034440', 'transaction_id': 'TX00034440', 'customer_name': 'William Miller', 'email': nan, 'phone': nan, 'transaction_date': '05-09-2023', 'amount': 1954.4300537109375, 'quantity': 64, 'age': 75, 'status': 'CANCELLED', 'description': 'Text with. periods'}
2025-12-26 16:12:10,906 - dq_unified - INFO - DEBUG: Row 637: {'id': 58427, 'customer_id': 'CUST058427', 'transaction_id': 'TX00058427', 'customer_name': 'Richard Brown', 'email': 'jennifer.johnson@gmail.com', 'phone': '2124608202', 'transaction_date': '29-09-2023', 'amount': 9156.7001953125, 'quantity': 69, 'age': 45, 'status': 'PENDING', 'description': 'Text with  multiple   spaces'}
2025-12-26 16:12:10,907 - dq_unified - INFO - DEBUG: Row 1029: {'id': 13049, 'customer_id': 'CUST013049', 'transaction_id': 'TX00013049', 'customer_name': 'Sarah Brown', 'email': 'sarah.johnson@hotmail.com', 'phone': '1-212-371-7785', 'transaction_date': '14-06-2023', 'amount': 6943.009765625, 'quantity': 99, 'age': 61, 'status': 'INACTIVE', 'description': 'Normal text without issues'}
2025-12-26 16:12:10,909 - dq_unified - INFO - DEBUG: Row 1465: {'id': 72561, 'customer_id': 'CUST072561', 'transaction_id': 'TX00072561', 'customer_name': 'Sarah Johnson', 'email': 'michael.miller.company.com', 'phone': '(212) 978-7509', 'transaction_date': '03/30/2023', 'amount': 3377.4599609375, 'quantity': 64, 'age': 53, 'status': 'CANCELLED', 'description': 'Text with~tildes'}
2025-12-26 16:12:11,890 - dq_unified - INFO - Business duplicate count after proper trimming: 203
2025-12-26 16:12:11,890 - dq_unified - INFO - DEBUG: After trimming, Row 0 vs Row 5 comparison:
2025-12-26 16:12:11,892 - dq_unified - INFO - DEBUG: Checking ALL columns between Row 0 and Row 5:
2025-12-26 16:12:11,896 - dq_unified - INFO -   ❌ id: Row0='np.uint32(78303)', Row5='np.uint32(19261)'
2025-12-26 16:12:11,897 - dq_unified - INFO -   ❌ customer_id: Row0=''CUST078303'', Row5=''CUST019261''
2025-12-26 16:12:11,898 - dq_unified - INFO -   ❌ transaction_id: Row0=''TX00078303'', Row5=''TX00019261''
2025-12-26 16:12:11,899 - dq_unified - INFO -   ❌ customer_name: Row0=''Michael Davis'', Row5=''William Miller''
2025-12-26 16:12:11,900 - dq_unified - INFO -   ❌ email: Row0=''david.jones@company.com'', Row5=''jane.williams@gmail.com''
2025-12-26 16:12:11,901 - dq_unified - INFO -   ❌ phone: Row0=''212-127-8383'', Row5=''212-752-8338''
2025-12-26 16:12:11,902 - dq_unified - INFO -   ❌ transaction_date: Row0=''04-10-2023'', Row5=''10-02-2023''
2025-12-26 16:12:11,903 - dq_unified - INFO -   ❌ amount: Row0='np.float32(8653.56)', Row5='np.float32(1410.81)'
2025-12-26 16:12:11,904 - dq_unified - INFO -   ❌ quantity: Row0='np.int8(41)', Row5='np.int8(18)'
2025-12-26 16:12:11,906 - dq_unified - INFO -   ❌ age: Row0='np.int16(50)', Row5='np.int16(20)'
2025-12-26 16:12:11,908 - dq_unified - INFO -   ❌ status: Row0=''PENDING'', Row5=''COMPLETED''
2025-12-26 16:12:11,912 - dq_unified - INFO -   ❌ description: Row0=''Text with& ampersands'', Row5=''Text with<angle brackets>''
2025-12-26 16:12:11,912 - dq_unified - WARNING - Found 203 strict duplicate rows (0.2%)
2025-12-26 16:12:11,913 - dq_unified - INFO - All 203 duplicates are strict duplicates
2025-12-26 16:12:11,917 - dq_unified - INFO - Automatically detecting key field duplicates
2025-12-26 16:12:11,955 - dq_unified - INFO - Detected potential key fields: ['id', 'customer_id', 'transaction_id', 'customer_name', 'email', 'transaction_date']
2025-12-26 16:12:11,960 - dq_unified - WARNING - Found 203 duplicate values in field 'id'
2025-12-26 16:12:11,985 - dq_unified - WARNING - Found 402 duplicate values in field 'customer_id'
2025-12-26 16:12:12,013 - dq_unified - WARNING - Found 402 duplicate values in field 'transaction_id'
2025-12-26 16:12:12,016 - dq_unified - WARNING - Found 89,799 duplicate values in field 'customer_name'
2025-12-26 16:12:12,027 - dq_unified - WARNING - Found 89,318 duplicate values in field 'email'
2025-12-26 16:12:12,046 - dq_unified - WARNING - Found 89,412 duplicate values in field 'transaction_date'
2025-12-26 16:12:12,065 - dq_unified - INFO - Checking data formats with intelligent, adaptive detection
2025-12-26 16:12:12,067 - dq_unified - INFO - Analyzing column 'id' with 89999 non-null values
2025-12-26 16:12:12,068 - dq_unified - INFO -   ✓ Column 'id' matches 'numeric' pattern with 100.0% confidence
2025-12-26 16:12:12,219 - dq_unified - INFO - Analyzing column 'customer_id' with 89999 non-null values
2025-12-26 16:12:12,220 - dq_unified - INFO -   ✓ Column 'customer_id' matches 'code_id' pattern with 100.0% confidence
2025-12-26 16:12:12,367 - dq_unified - INFO - Analyzing column 'transaction_id' with 89999 non-null values
2025-12-26 16:12:12,368 - dq_unified - INFO -   ✓ Column 'transaction_id' matches 'code_id' pattern with 100.0% confidence
2025-12-26 16:12:12,511 - dq_unified - INFO - Analyzing column 'customer_name' with 86489 non-null values
2025-12-26 16:12:12,514 - dq_unified - INFO - Analyzing column 'email' with 88483 non-null values
2025-12-26 16:12:12,516 - dq_unified - INFO -   ✓ Column 'email' matches 'email' pattern with 100.0% confidence
2025-12-26 16:12:12,520 - dq_unified - WARNING -     Row 38: 'lisa.miller_outlook.com...' doesn't match Valid email format (user@domain.com)
2025-12-26 16:12:12,521 - dq_unified - WARNING -     Row 41: EMPTY value doesn't match Valid email format (user@domain.com)
2025-12-26 16:12:12,522 - dq_unified - WARNING -     Row 223: 'richard.miller.company.com...' doesn't match Valid email format (user@domain.com)
2025-12-26 16:12:12,752 - dq_unified - INFO -     Found 2242 format issues in column 'email'
2025-12-26 16:12:12,762 - dq_unified - INFO - Analyzing column 'phone' with 88719 non-null values
2025-12-26 16:12:12,763 - dq_unified - INFO -   ✓ Column 'phone' matches 'phone' pattern with 90.0% confidence
2025-12-26 16:12:12,764 - dq_unified - WARNING -     Row 19: '1-212-661-4003...' doesn't match Valid phone number (10-15 digits, optional country code)
2025-12-26 16:12:12,764 - dq_unified - WARNING -     Row 20: '1-212-914-1864...' doesn't match Valid phone number (10-15 digits, optional country code)
2025-12-26 16:12:12,765 - dq_unified - WARNING -     Row 23: '1-212-668-8253...' doesn't match Valid phone number (10-15 digits, optional country code)
2025-12-26 16:12:13,325 - dq_unified - INFO -     Found 19032 format issues in column 'phone'
2025-12-26 16:12:13,329 - dq_unified - INFO - Analyzing column 'transaction_date' with 89999 non-null values
2025-12-26 16:12:13,330 - dq_unified - INFO -   ✓ Column 'transaction_date' matches 'code_id' pattern with 100.0% confidence
2025-12-26 16:12:13,333 - dq_unified - WARNING -     Row 27: '10/18/2023...' doesn't match Alphanumeric code or ID
2025-12-26 16:12:13,334 - dq_unified - WARNING -     Row 28: '04/22/2023...' doesn't match Alphanumeric code or ID
2025-12-26 16:12:13,335 - dq_unified - WARNING -     Row 31: '05/15/2023...' doesn't match Alphanumeric code or ID
2025-12-26 16:12:13,678 - dq_unified - INFO -     Found 10847 format issues in column 'transaction_date'
2025-12-26 16:12:13,680 - dq_unified - INFO - Analyzing column 'amount' with 88866 non-null values
2025-12-26 16:12:13,680 - dq_unified - INFO -   ✓ Column 'amount' matches 'numeric' pattern with 100.0% confidence
2025-12-26 16:12:13,683 - dq_unified - WARNING -     Row 268: EMPTY value doesn't match Valid numeric value (integers or decimals)
2025-12-26 16:12:13,684 - dq_unified - WARNING -     Row 311: EMPTY value doesn't match Valid numeric value (integers or decimals)
2025-12-26 16:12:13,685 - dq_unified - WARNING -     Row 317: EMPTY value doesn't match Valid numeric value (integers or decimals)
2025-12-26 16:12:13,908 - dq_unified - INFO -     Found 1133 format issues in column 'amount'
2025-12-26 16:12:13,910 - dq_unified - INFO - Analyzing column 'quantity' with 89999 non-null values
2025-12-26 16:12:13,911 - dq_unified - INFO -   ✓ Column 'quantity' matches 'numeric' pattern with 100.0% confidence
2025-12-26 16:12:14,042 - dq_unified - INFO - Analyzing column 'age' with 89999 non-null values
2025-12-26 16:12:14,043 - dq_unified - INFO -   ✓ Column 'age' matches 'numeric' pattern with 100.0% confidence
2025-12-26 16:12:14,163 - dq_unified - INFO - Analyzing column 'status' with 89999 non-null values
2025-12-26 16:12:14,164 - dq_unified - INFO -   ✓ Column 'status' matches 'code_id' pattern with 100.0% confidence
2025-12-26 16:12:14,277 - dq_unified - INFO - Analyzing column 'description' with 89999 non-null values
2025-12-26 16:12:14,277 - dq_unified - INFO - Total format issues found: 33,254
2025-12-26 16:12:14,278 - dq_unified - INFO - Checking mandatory fields
2025-12-26 16:12:14,280 - dq_unified - INFO - DEBUG: UI data for mandatory fields: None
2025-12-26 16:12:14,282 - dq_unified - INFO - Available columns: ['id', 'customer_id', 'transaction_id', 'customer_name', 'email', 'phone', 'transaction_date', 'amount', 'quantity', 'age', 'status', 'description']
2025-12-26 16:12:16,194 - dq_unified - INFO - Checking ALL columns as mandatory: ['id', 'customer_id', 'transaction_id', 'customer_name', 'email', 'phone', 'transaction_date', 'amount', 'quantity', 'age', 'status', 'description']
2025-12-26 16:12:16,197 - dq_unified - INFO - Mandatory field 'id': 100.0% filled
2025-12-26 16:12:16,224 - dq_unified - INFO - Mandatory field 'customer_id': 100.0% filled
2025-12-26 16:12:16,259 - dq_unified - INFO - Mandatory field 'transaction_id': 100.0% filled
2025-12-26 16:12:16,261 - dq_unified - WARNING - Mandatory field 'customer_name': 3,510 missing values (96.1% filled)
2025-12-26 16:12:16,312 - dq_unified - WARNING - Mandatory field 'email': 1,516 missing values (98.3% filled)
2025-12-26 16:12:16,354 - dq_unified - WARNING - Mandatory field 'phone': 1,280 missing values (98.6% filled)
2025-12-26 16:12:16,408 - dq_unified - INFO - Mandatory field 'transaction_date': 100.0% filled
2025-12-26 16:12:16,409 - dq_unified - WARNING - Mandatory field 'amount': 1,133 missing values (98.7% filled)
2025-12-26 16:12:16,425 - dq_unified - INFO - Mandatory field 'quantity': 100.0% filled
2025-12-26 16:12:16,426 - dq_unified - INFO - Mandatory field 'age': 100.0% filled
2025-12-26 16:12:16,427 - dq_unified - INFO - Mandatory field 'status': 100.0% filled
2025-12-26 16:12:16,430 - dq_unified - INFO - Mandatory field 'description': 100.0% filled
2025-12-26 16:12:16,430 - dq_unified - INFO - Mandatory field check completed: 4 columns with issues, 7439 total missing values
2025-12-26 16:12:16,431 - dq_unified - INFO - Calculating overall quality score - ROW-BASED SIMPLE PERCENTAGE
2025-12-26 16:12:16,432 - dq_unified - INFO - ROW-BASED SCORE CALCULATION:
2025-12-26 16:12:16,432 - dq_unified - INFO -   Total Rows: 89,999
2025-12-26 16:12:16,433 - dq_unified - INFO -   Total Affected Rows (with any issue): 269,536
2025-12-26 16:12:16,433 - dq_unified - INFO -   Passed Rows: -179,537
2025-12-26 16:12:16,434 - dq_unified - INFO -   Issues breakdown:
2025-12-26 16:12:16,434 - dq_unified - INFO -     - Rows with nulls: 7,439
2025-12-26 16:12:16,438 - dq_unified - INFO -     - Duplicate rows: 269,536
2025-12-26 16:12:16,441 - dq_unified - INFO -     - Rows with format issues: 33,254
2025-12-26 16:12:16,442 - dq_unified - INFO -     - Rows missing mandatory: 7,439
2025-12-26 16:12:16,443 - dq_unified - INFO -   Calculation: (-179,537 / 89,999) × 100
2025-12-26 16:12:16,443 - dq_unified - INFO -   DQ Score: 0.00%
2025-12-26 16:12:16,444 - dq_unified - INFO - Generating detailed data quality report
2025-12-26 16:12:16,445 - dq_unified - INFO - Report for: CSV: source_data_90k.csv, Records: 89,999, Columns: 12
2025-12-26 16:12:16,446 - dq_unified - INFO - Overall quality score: 0.0%
2025-12-26 16:12:16,447 - dq_error_log - INFO - ErrorLogger initialized with database: dq_checks
2025-12-26 16:12:16,448 - dq_unified - INFO - Error Logger Session ID: SINGLE_20251226_161216
2025-12-26 16:12:20,724 - dq_audit - INFO - Audit class initialized with database: dq_checks
2025-12-26 16:12:20,724 - dq_audit - INFO - Starting database insertion for single_source...
2025-12-26 16:12:20,747 - dq_audit - INFO - Inserted single_source record with ID: 346
2025-12-26 16:12:20,748 - dq_unified - INFO - Audit logged for session: DQ_20251226_161220
2025-12-26 16:12:20,757 - dq_unified - INFO - Analysis completed successfully for CSV: source_data_90k.csv
2025-12-26 16:12:20,774 - __main__ - INFO - Single Source Analysis completed successfully
2025-12-26 16:12:20,775 - __main__ - INFO - Displaying main menu options to user
2025-12-26 16:20:18,669 - __main__ - INFO - User selected option: 6
2025-12-26 16:20:18,670 - __main__ - INFO - User session ended. Duration: 0:09:01.199562
2025-12-26 16:20:18,670 - __main__ - INFO - 👋 Thank you for using Universal Data Quality Framework!
