2025-11-28 14:27:58,268 - __main__ - INFO - ðŸš€ UNIVERSAL DATA QUALITY FRAMEWORK INITIALIZED
2025-11-28 14:27:58,269 - __main__ - INFO - User session started at: 2025-11-28 14:27:58.269517
2025-11-28 14:27:58,270 - __main__ - INFO - Displaying main menu options to user
2025-11-28 14:28:00,563 - __main__ - INFO - User selected option: 4
2025-11-28 14:28:00,563 - __main__ - INFO - Starting Business Rules Engine module
2025-11-28 14:28:00,564 - dq_rules - INFO - ðŸš€ STARTING BUSINESS RULES VALIDATION
2025-11-28 14:28:00,564 - dq_rules - INFO - ðŸ“ˆ LOADING DATA FOR BUSINESS RULES
2025-11-28 14:28:00,566 - dq_unified - INFO - ðŸ“‹ PROMPTING USER FOR DATA SOURCE TYPE
2025-11-28 14:28:02,775 - dq_unified - INFO - User selected source type: 3
2025-11-28 14:28:02,776 - dq_unified - INFO - ðŸ—„ï¸ GETTING DATABASE CONFIGURATION
2025-11-28 14:28:04,898 - dq_unified - INFO - User selected database type: 1
2025-11-28 14:28:08,568 - dq_unified - INFO - Database configuration collected: postgresql, Table: customers
2025-11-28 14:28:08,569 - dq_unified - INFO - ðŸ“¥ LOADING DATA FROM DATABASE
2025-11-28 14:28:08,570 - dq_unified - INFO - Connecting to postgresql database
2025-11-28 14:28:09,989 - dq_unified - INFO - âœ… Database loaded: 15 rows, 11 columns from customers
2025-11-28 14:28:09,990 - dq_rules - INFO - ðŸŽ¯ DEFINING CUSTOM BUSINESS RULES
2025-11-28 14:28:11,537 - dq_rules - INFO - User selected rule type: 6
2025-11-28 14:28:11,538 - dq_rules - INFO - ðŸš€ CREATING COMPREHENSIVE RULE SET
2025-11-28 14:31:58,276 - dq_rules - INFO - Created comprehensive rule set with 9 rules
2025-11-28 14:31:58,281 - dq_rules - INFO - Defined 9 business rules
2025-11-28 14:31:58,282 - dq_rules - INFO - ðŸ” EXECUTING 9 BUSINESS RULES
2025-11-28 14:31:58,283 - dq_rules - INFO - Executing rule: salary >= 48000
2025-11-28 14:31:58,284 - dq_rules - INFO - Executing threshold rule: salary >= 48000
2025-11-28 14:31:58,285 - dq_rules - INFO - Threshold rule 'salary >= 48000': 12 violations found
2025-11-28 14:31:58,293 - dq_rules - INFO - Rule 'salary >= 48000' completed with status: FAIL
2025-11-28 14:31:58,293 - dq_rules - INFO - Executing rule: joindate should be in valid date format (YYYY-MM-DD)
2025-11-28 14:31:58,294 - dq_rules - INFO - Executing pattern rule: joindate should be in valid date format (YYYY-MM-DD)
2025-11-28 14:31:58,296 - dq_rules - INFO - Pattern rule 'joindate should be in valid date format (YYYY-MM-DD)': 0 pattern violations found
2025-11-28 14:31:58,297 - dq_rules - INFO - Rule 'joindate should be in valid date format (YYYY-MM-DD)' completed with status: PASS
2025-11-28 14:31:58,297 - dq_rules - INFO - Executing rule: salary should be between 10000 and 60000
2025-11-28 14:31:58,297 - dq_rules - INFO - Executing range rule: salary should be between 10000 and 60000
2025-11-28 14:31:58,298 - dq_rules - INFO - Range rule 'salary should be between 10000 and 60000': 3 range violations found
2025-11-28 14:31:58,298 - dq_rules - INFO - Rule 'salary should be between 10000 and 60000' completed with status: FAIL
2025-11-28 14:31:58,299 - dq_rules - INFO - Executing rule: customername should have no null values (currently 1 nulls)
2025-11-28 14:31:58,300 - dq_rules - INFO - Executing threshold rule: customername should have no null values (currently 1 nulls)
2025-11-28 14:31:58,300 - dq_rules - INFO - Threshold rule 'customername should have no null values (currently 1 nulls)': 0 violations found
2025-11-28 14:31:58,301 - dq_rules - INFO - Rule 'customername should have no null values (currently 1 nulls)' completed with status: PASS
2025-11-28 14:31:58,301 - dq_rules - INFO - Executing rule: email should have no null values (currently 1 nulls)
2025-11-28 14:31:58,302 - dq_rules - INFO - Executing threshold rule: email should have no null values (currently 1 nulls)
2025-11-28 14:31:58,302 - dq_rules - INFO - Threshold rule 'email should have no null values (currently 1 nulls)': 0 violations found
2025-11-28 14:31:58,305 - dq_rules - INFO - Rule 'email should have no null values (currently 1 nulls)' completed with status: PASS
2025-11-28 14:31:58,306 - dq_rules - INFO - Executing rule: salary should have no null values (currently 2 nulls)
2025-11-28 14:31:58,306 - dq_rules - INFO - Executing threshold rule: salary should have no null values (currently 2 nulls)
2025-11-28 14:31:58,307 - dq_rules - INFO - Threshold rule 'salary should have no null values (currently 2 nulls)': 0 violations found
2025-11-28 14:31:58,307 - dq_rules - INFO - Rule 'salary should have no null values (currently 2 nulls)' completed with status: PASS
2025-11-28 14:31:58,307 - dq_rules - INFO - Executing rule: department should have no null values (currently 1 nulls)
2025-11-28 14:31:58,307 - dq_rules - INFO - Executing threshold rule: department should have no null values (currently 1 nulls)
2025-11-28 14:31:58,308 - dq_rules - INFO - Threshold rule 'department should have no null values (currently 1 nulls)': 0 violations found
2025-11-28 14:31:58,308 - dq_rules - INFO - Rule 'department should have no null values (currently 1 nulls)' completed with status: PASS
2025-11-28 14:31:58,308 - dq_rules - INFO - Executing rule: state should have no null values (currently 1 nulls)
2025-11-28 14:31:58,309 - dq_rules - INFO - Executing threshold rule: state should have no null values (currently 1 nulls)
2025-11-28 14:31:58,309 - dq_rules - INFO - Threshold rule 'state should have no null values (currently 1 nulls)': 0 violations found
2025-11-28 14:31:58,309 - dq_rules - INFO - Rule 'state should have no null values (currently 1 nulls)' completed with status: PASS
2025-11-28 14:31:58,309 - dq_rules - INFO - Executing rule: KPI: Average of salary | Percentage threshold: 10.0% | Max growth: 30.0%
2025-11-28 14:31:58,310 - dq_rules - INFO - Executing KPI threshold rule: KPI: Average of salary | Percentage threshold: 10.0% | Max growth: 30.0%
2025-11-28 14:31:58,760 - dq_rules - INFO - Rule 'KPI: Average of salary | Percentage threshold: 10.0% | Max growth: 30.0%' completed with status: PASS
2025-11-28 14:31:58,760 - dq_rules - INFO - ðŸ“Š GENERATING BUSINESS RULES VALIDATION REPORT
2025-11-28 14:31:58,762 - dq_rules - INFO - Report for: Database: postgresql - Table: customers, Records: 15, Columns: 11
2025-11-28 14:31:58,762 - dq_rules - INFO - Rules compliance score: 77.8% (Passed: 7, Failed: 2, Errors: 0)
2025-11-28 14:31:58,765 - dq_rules - INFO - Rule 'salary >= 48000': 12 violations
2025-11-28 14:31:58,766 - dq_rules - INFO - Rule 'salary should be between 10000 and 60000': 3 violations
2025-11-28 14:31:58,792 - dq_audit - INFO - âœ… Audit record stored: rules check
2025-11-28 14:32:02,530 - dq_rules - INFO - âœ… Business rules validation completed successfully
2025-11-28 14:32:02,534 - __main__ - INFO - Business Rules Engine completed successfully
2025-11-28 14:32:02,534 - __main__ - INFO - Displaying main menu options to user
2025-11-28 14:32:04,531 - __main__ - INFO - User selected option: 5
2025-11-28 14:32:04,532 - __main__ - INFO - User session ended. Duration: 0:04:06.263093
2025-11-28 14:32:04,532 - __main__ - INFO - ðŸ‘‹ Thank you for using Universal Data Quality Framework!
