2025-12-31 15:36:14,744 - root - INFO - CLI Mode Logging Initialized
2025-12-31 15:36:14,745 - root - INFO - CLI logs will be saved to: logs/dq_framework_20251231_153614.log
2025-12-31 15:36:14,745 - __main__ - INFO - 🚀 UNIVERSAL DATA QUALITY FRAMEWORK INITIALIZED
2025-12-31 15:36:14,746 - __main__ - INFO - Starting system resource check
2025-12-31 15:36:14,754 - __main__ - INFO - Total RAM: 15.7 GB
2025-12-31 15:36:14,754 - __main__ - INFO - Available RAM: 3.3 GB
2025-12-31 15:36:14,755 - __main__ - INFO - Memory used: 78.9%
2025-12-31 15:36:14,755 - __main__ - INFO - Memory status: OK
2025-12-31 15:36:14,757 - __main__ - INFO - Free disk space: 260.5 GB
2025-12-31 15:36:14,757 - __main__ - INFO - Disk used: 45.3%
2025-12-31 15:36:14,757 - __main__ - INFO - Disk space: OK
2025-12-31 15:36:15,292 - __main__ - INFO - CPU cores: 8
2025-12-31 15:36:15,293 - __main__ - INFO - CPU usage: 91.6%
2025-12-31 15:36:15,294 - __main__ - WARNING - High CPU usage
2025-12-31 15:36:15,294 - __main__ - INFO - Python version: 3.12.4
2025-12-31 15:36:15,294 - __main__ - INFO - System platform: win32
2025-12-31 15:36:15,297 - __main__ - INFO - User session started at: 2025-12-31 15:36:15.297181
2025-12-31 15:36:15,298 - __main__ - INFO - Displaying main menu options to user
2025-12-31 15:36:24,891 - __main__ - INFO - User selected option: 1
2025-12-31 15:36:24,892 - __main__ - INFO - Starting Single Source Analysis module
2025-12-31 15:36:24,900 - dq_unified - INFO - Starting unified data quality analysis
2025-12-31 15:36:24,901 - dq_unified - INFO - Prompting user for data source type
2025-12-31 15:36:24,902 - dq_unified - INFO - UI Data source_type: No UI data
2025-12-31 15:36:26,277 - dq_unified - INFO - User selected source type: 3
2025-12-31 15:36:26,279 - dq_unified - INFO - Getting database configuration - Dual mode
2025-12-31 15:36:32,793 - dq_unified - INFO - User selected Browse and Select mode
2025-12-31 15:36:32,805 - database_navigator - INFO - DatabaseNavigator initialized
2025-12-31 15:36:32,806 - database_navigator - INFO - Starting database navigation...
2025-12-31 15:36:34,425 - database_navigator - INFO - Database type: postgres
2025-12-31 15:36:34,426 - database_navigator - INFO - Getting database configuration...
2025-12-31 15:36:38,058 - database_navigator - INFO - Connecting to POSTGRES...
2025-12-31 15:36:38,268 - database_navigator - INFO - Successfully connected to POSTGRES!
2025-12-31 15:36:38,308 - database_navigator - INFO - Found 3 databases
2025-12-31 15:36:41,716 - database_navigator - INFO - Selected database: dq_checks
2025-12-31 15:36:41,717 - database_navigator - INFO - Connecting to POSTGRES...
2025-12-31 15:36:41,885 - database_navigator - INFO - Successfully connected to POSTGRES!
2025-12-31 15:36:41,948 - database_navigator - INFO - Found 1 schemas
2025-12-31 15:36:43,313 - database_navigator - INFO - Selected schema: public
2025-12-31 15:36:43,397 - database_navigator - INFO - Found 2 tables in schema 'public'
2025-12-31 15:36:44,508 - database_navigator - INFO - Selected table: customers
2025-12-31 15:36:44,522 - database_navigator - INFO - Selection complete: {'type': 'postgresql', 'database': 'dq_checks', 'schema': 'public', 'table': 'customers', 'selection_mode': 'hierarchical', 'host': 'localhost', 'port': '5432', 'user': 'postgres', 'password': 'postgres'}
2025-12-31 15:36:44,523 - dq_unified - INFO - Selected via navigation: dq_checks.public.customers
2025-12-31 15:36:44,523 - dq_unified - INFO - Loading data from DATABASE
2025-12-31 15:36:44,524 - dq_unified - INFO - Loading data from DATABASE
2025-12-31 15:36:44,524 - dq_unified - INFO - Loading large database table: customers
2025-12-31 15:36:44,525 - dq_unified - INFO - Normalized DB config with schema: public
2025-12-31 15:36:44,823 - dq_unified - INFO - PostgreSQL table public.customers has 15 rows
2025-12-31 15:36:44,823 - dq_unified - INFO - Loading 15 rows from PostgreSQL...
2025-12-31 15:36:46,702 - dq_unified - INFO - Loaded 15 rows from PostgreSQL
2025-12-31 15:36:46,716 - dq_unified - INFO - Memory optimization: 0.0MB -> 0.0MB (Saved: 0.0MB)
2025-12-31 15:36:46,717 - dq_unified - INFO - Standardizing data types...
2025-12-31 15:36:46,722 - dq_unified - INFO - Data type standardization complete
2025-12-31 15:36:46,724 - dq_unified - INFO - Loaded 15 rows, 10 columns. Memory: 105.9MB total, 0.0MB for dataframe
2025-12-31 15:36:46,724 - dq_unified - INFO - DATA PREVIEW:
2025-12-31 15:36:46,725 - dq_unified - INFO -    Total rows: 15
2025-12-31 15:36:46,725 - dq_unified - INFO -    Total columns: 10
2025-12-31 15:36:46,726 - dq_unified - INFO -    Columns: ['customername', 'email', 'phone', 'salary', 'department', 'joindate', 'postalcode', 'city', 'country', 'state']
2025-12-31 15:36:46,726 - dq_unified - INFO - Running quality checks
2025-12-31 15:36:46,726 - dq_unified - INFO - Checking for null/empty values
2025-12-31 15:36:46,728 - dq_unified - INFO - DataFrame shape: (15, 10)
2025-12-31 15:36:46,729 - dq_unified - INFO - Columns: ['customername', 'email', 'phone', 'salary', 'department', 'joindate', 'postalcode', 'city', 'country', 'state']
2025-12-31 15:36:46,729 - dq_unified - INFO - Data source: 
2025-12-31 15:36:46,730 - dq_unified - INFO - DataFrame dtypes: {'customername': dtype('O'), 'email': dtype('O'), 'phone': dtype('int64'), 'salary': dtype('float32'), 'department': CategoricalDtype(categories=['Finance', 'HR', 'IT', 'Marketing', 'Sales'], ordered=False, categories_dtype=object), 'joindate': dtype('int64'), 'postalcode': dtype('float64'), 'city': dtype('O'), 'country': CategoricalDtype(categories=['USA'], ordered=False, categories_dtype=object), 'state': dtype('O')}
2025-12-31 15:36:46,730 - dq_unified - INFO - First 2 rows (first 3 columns only):
2025-12-31 15:36:46,732 - dq_unified - INFO -   Row 0: {'customername': "'John Doe'", 'email': "'john@email.com'", 'phone': 'np.int64(1234567890)'}
2025-12-31 15:36:46,734 - dq_unified - INFO -   Row 1: {'customername': "'Jane Smith'", 'email': "'jane@email.com'", 'phone': 'np.int64(9876543210)'}
2025-12-31 15:36:46,744 - dq_unified - INFO -   Missing samples: ['None']
2025-12-31 15:36:46,744 - dq_unified - INFO -   Not missing samples: ["'John Doe'", "'Jane Smith'", "'Bob Johnson'"]
2025-12-31 15:36:46,745 - dq_unified - WARNING - Column 'customername': 1 missing cells (6.7%)
2025-12-31 15:36:46,745 - dq_unified - WARNING - Column 'customername': 1 missing cells (6.7%)
2025-12-31 15:36:46,755 - dq_unified - INFO -   Missing samples: ['None']
2025-12-31 15:36:46,755 - dq_unified - INFO -   Not missing samples: ["'john@email.com'", "'jane@email.com'", "'alice@email.com'"]
2025-12-31 15:36:46,756 - dq_unified - WARNING - Column 'email': 1 missing cells (6.7%)
2025-12-31 15:36:46,757 - dq_unified - WARNING - Column 'email': 1 missing cells (6.7%)
2025-12-31 15:36:46,767 - dq_unified - INFO - Column 'phone': No missing cells
2025-12-31 15:36:46,776 - dq_unified - INFO -   Missing samples: ['nan', 'nan']
2025-12-31 15:36:46,777 - dq_unified - INFO -   Not missing samples: ['50000.0', '60000.0', '55000.0']
2025-12-31 15:36:46,777 - dq_unified - WARNING - Column 'salary': 2 missing cells (13.3%)
2025-12-31 15:36:46,777 - dq_unified - WARNING - Column 'salary': 2 missing cells (13.3%)
2025-12-31 15:36:46,789 - dq_unified - INFO -   Missing samples: ['nan']
2025-12-31 15:36:46,789 - dq_unified - INFO -   Not missing samples: ["'IT'", "'HR'", "'Finance'"]
2025-12-31 15:36:46,790 - dq_unified - WARNING - Column 'department': 1 missing cells (6.7%)
2025-12-31 15:36:46,791 - dq_unified - WARNING - Column 'department': 1 missing cells (6.7%)
2025-12-31 15:36:46,800 - dq_unified - INFO - Column 'joindate': No missing cells
2025-12-31 15:36:46,808 - dq_unified - INFO -   Missing samples: ['nan']
2025-12-31 15:36:46,808 - dq_unified - INFO -   Not missing samples: ['10001.0', '10002.0', '10003.0']
2025-12-31 15:36:46,811 - dq_unified - WARNING - Column 'postalcode': 1 missing cells (6.7%)
2025-12-31 15:36:46,812 - dq_unified - WARNING - Column 'postalcode': 1 missing cells (6.7%)
2025-12-31 15:36:46,822 - dq_unified - INFO - Column 'city': No missing cells
2025-12-31 15:36:46,833 - dq_unified - INFO - Column 'country': No missing cells
2025-12-31 15:36:46,843 - dq_unified - INFO -   Missing samples: ['None']
2025-12-31 15:36:46,845 - dq_unified - INFO -   Not missing samples: ["'TS'", "'AP'", "'KL'"]
2025-12-31 15:36:46,845 - dq_unified - WARNING - Column 'state': 1 missing cells (6.7%)
2025-12-31 15:36:46,846 - dq_unified - WARNING - Column 'state': 1 missing cells (6.7%)
2025-12-31 15:36:46,848 - dq_unified - INFO - Total missing cells found: 7
2025-12-31 15:36:46,848 - dq_unified - INFO - ============================================================
2025-12-31 15:36:46,849 - dq_unified - INFO - MISSING VALUE SUMMARY
2025-12-31 15:36:46,850 - dq_unified - INFO - ============================================================
2025-12-31 15:36:46,850 - dq_unified - INFO - customername: 1 missing (6.7%)
2025-12-31 15:36:46,850 - dq_unified - INFO - email: 1 missing (6.7%)
2025-12-31 15:36:46,851 - dq_unified - INFO - salary: 2 missing (13.3%)
2025-12-31 15:36:46,851 - dq_unified - INFO - department: 1 missing (6.7%)
2025-12-31 15:36:46,852 - dq_unified - INFO - postalcode: 1 missing (6.7%)
2025-12-31 15:36:46,853 - dq_unified - INFO - state: 1 missing (6.7%)
2025-12-31 15:36:46,854 - dq_unified - INFO - ============================================================
2025-12-31 15:36:46,854 - dq_unified - INFO - Checking for duplicate rows
2025-12-31 15:36:46,855 - dq_unified - INFO - Cleaning data (removing whitespace)...
2025-12-31 15:36:46,857 - dq_unified - INFO - Columns after cleaning: ['customername', 'email', 'phone', 'salary', 'department', 'joindate', 'postalcode', 'city', 'country', 'state']
2025-12-31 15:36:46,866 - dq_unified - INFO - Sample of first column after cleaning: 'John Doe'
2025-12-31 15:36:46,866 - dq_unified - INFO - Sample of row 6 first column: 'John Doe'
2025-12-31 15:36:46,867 - dq_unified - INFO - Total rows to check: 15
2025-12-31 15:36:46,868 - dq_unified - INFO - Checking first column 'customername' for serial numbers
2025-12-31 15:36:46,868 - dq_unified - INFO - First 5 values: ['John Doe', 'Jane Smith', 'Bob Johnson', 'Alice Brown', 'Charlie Wilson']
2025-12-31 15:36:46,869 - dq_unified - INFO -   Row 1: 'John Doe' → Not numeric
2025-12-31 15:36:46,870 - dq_unified - INFO -   Row 2: 'Jane Smith' → Not numeric
2025-12-31 15:36:46,870 - dq_unified - INFO -   Row 3: 'Bob Johnson' → Not numeric
2025-12-31 15:36:46,871 - dq_unified - INFO - Not enough numeric values to be serial: []
2025-12-31 15:36:46,873 - dq_unified - INFO - Checking duplicates on ALL columns
2025-12-31 15:36:46,877 - dq_unified - INFO - First few rows for comparison:
2025-12-31 15:36:46,878 - dq_unified - INFO -   Row 0: {'customername': 'John Doe', 'email': 'john@email.com', 'phone': '1234567890'}
2025-12-31 15:36:46,879 - dq_unified - INFO -   Row 1: {'customername': 'Jane Smith', 'email': 'jane@email.com', 'phone': '9876543210'}
2025-12-31 15:36:46,879 - dq_unified - INFO -   Row 2: {'customername': 'Bob Johnson', 'email': 'None', 'phone': '5551234567'}
2025-12-31 15:36:46,882 - dq_unified - INFO - Duplicate mask found 2 rows
2025-12-31 15:36:46,883 - dq_unified - INFO - Found 2 potential duplicate rows
2025-12-31 15:36:46,884 - dq_unified - INFO - Unique duplicate groups: 1
2025-12-31 15:36:46,885 - dq_unified - INFO - Duplicate groups found:
2025-12-31 15:36:46,886 - dq_unified - INFO -   Group sample: Pandas(Index=0, customername='John Doe', email='john@email.com', phone='1234567890', salary='50000.0', department='IT', joindate='1673740800000000000', postalcode='10001.0', city='New York', country='USA', state='TS')
2025-12-31 15:36:46,887 - dq_unified - INFO - Processing 2 duplicate indices
2025-12-31 15:36:46,891 - dq_unified - INFO - FINAL RESULT: Found 2 duplicate groups
2025-12-31 15:36:46,894 - dq_unified - INFO - Checking data formats
2025-12-31 15:36:46,898 - dq_unified - INFO - Detected email as email type
2025-12-31 15:36:46,898 - dq_unified - WARNING -   Row 9: 'invalid-email...' doesn't match Valid email format (user@domain.com)
2025-12-31 15:36:46,900 - dq_unified - INFO - Detected phone as phone type
2025-12-31 15:36:46,901 - dq_unified - WARNING -   Row 14: '1112222...' doesn't match Valid phone number format
2025-12-31 15:36:46,902 - dq_unified - INFO - Detected salary as numeric type
2025-12-31 15:36:46,906 - dq_unified - INFO - Detected joindate as numeric type
2025-12-31 15:36:46,907 - dq_unified - INFO - Detected postalcode as numeric type
2025-12-31 15:36:46,912 - dq_unified - INFO - Total format issues found: 2
2025-12-31 15:36:46,912 - dq_unified - INFO - Checking mandatory fields
2025-12-31 15:36:46,913 - dq_unified - INFO - Available columns: ['customername', 'email', 'phone', 'salary', 'department', 'joindate', 'postalcode', 'city', 'country', 'state']
2025-12-31 15:36:48,864 - dq_unified - INFO - Checking ALL columns as mandatory: ['customername', 'email', 'phone', 'salary', 'department', 'joindate', 'postalcode', 'city', 'country', 'state']
2025-12-31 15:36:48,872 - dq_unified - WARNING - Mandatory field 'customername': 1 missing values (93.3% filled)
2025-12-31 15:36:48,879 - dq_unified - WARNING - Mandatory field 'email': 1 missing values (93.3% filled)
2025-12-31 15:36:48,890 - dq_unified - INFO - Mandatory field 'phone': 100.0% filled
2025-12-31 15:36:48,898 - dq_unified - WARNING - Mandatory field 'salary': 2 missing values (86.7% filled)
2025-12-31 15:36:48,905 - dq_unified - WARNING - Mandatory field 'department': 1 missing values (93.3% filled)
2025-12-31 15:36:48,915 - dq_unified - INFO - Mandatory field 'joindate': 100.0% filled
2025-12-31 15:36:48,922 - dq_unified - WARNING - Mandatory field 'postalcode': 1 missing values (93.3% filled)
2025-12-31 15:36:48,930 - dq_unified - INFO - Mandatory field 'city': 100.0% filled
2025-12-31 15:36:48,937 - dq_unified - INFO - Mandatory field 'country': 100.0% filled
2025-12-31 15:36:48,945 - dq_unified - WARNING - Mandatory field 'state': 1 missing values (93.3% filled)
2025-12-31 15:36:48,947 - dq_unified - INFO - All columns mandatory: 6 unique rows with missing values
2025-12-31 15:36:48,947 - dq_unified - INFO - Calculating quality score
2025-12-31 15:36:48,950 - dq_unified - INFO - Quality Score Calculation:
2025-12-31 15:36:48,950 - dq_unified - INFO -   Total rows: 15
2025-12-31 15:36:48,951 - dq_unified - INFO -   Bad Rows: 8
2025-12-31 15:36:48,952 - dq_unified - INFO -   Good rows (no issues): 7
2025-12-31 15:36:48,952 - dq_unified - INFO -   Quality Score: 46.67%
2025-12-31 15:36:48,953 - dq_unified - INFO - Generating detailed data quality report
2025-12-31 15:36:48,953 - dq_unified - INFO - Report for: Database: postgresql - Table: customers, Records: 15, Columns: 10
2025-12-31 15:36:48,954 - dq_unified - INFO - Overall quality score: 46.7%
2025-12-31 15:36:48,955 - dq_error_log - INFO - ErrorLogger initialized with database: dq_checks
2025-12-31 15:36:48,956 - dq_unified - INFO - Error Logger Session ID: SINGLE_20251231_153648
2025-12-31 15:36:49,494 - dq_audit - INFO - Audit class initialized with database: dq_checks
2025-12-31 15:36:49,496 - dq_audit - INFO - Starting database insertion for single_source...
2025-12-31 15:36:49,519 - dq_audit - INFO - Inserted single_source record with ID: 500
2025-12-31 15:36:49,519 - dq_unified - INFO - Audit logged for session: DQ_20251231_153649
2025-12-31 15:36:49,527 - dq_unified - INFO - Analysis completed successfully for Database: postgresql - Table: customers
2025-12-31 15:36:49,527 - __main__ - INFO - Single Source Analysis completed successfully
2025-12-31 15:36:49,528 - __main__ - INFO - Displaying main menu options to user
2025-12-31 15:36:55,855 - __main__ - INFO - User selected option: 6
2025-12-31 15:36:55,856 - __main__ - INFO - User session ended. Duration: 0:00:40.558991
2025-12-31 15:36:55,857 - __main__ - INFO - 👋 Thank you for using Universal Data Quality Framework!
